[WARN] Hardware modules not available - simulation mode
=== RAFT Baseline - Robot 4 [SIM] ===
NO TRUST. Heartbeat timeout only.

  Logging to: logs/raft_4_20260226_213443.jsonl
Initializing hardware...
  Hardware: SIMULATED
[INFO] Position socket listening on port 13104
[INFO] Peer socket listening on port 13204
[INFO] Fault socket listening on port 13304
Ready!

Running RAFT baseline... Press Ctrl+C to stop

[R4] state=follower leader=None term=0 cov=0.0%/0.0%
[R4] state=follower leader=3 term=1 cov=0.5%/0.5%
[R4] state=follower leader=3 term=1 cov=2.6%/13.0%
[R4] state=follower leader=3 term=1 cov=5.2%/26.0%
[R4] state=follower leader=3 term=1 cov=6.8%/32.8%
[R4] state=follower leader=3 term=1 cov=8.3%/40.1%
[R4] state=follower leader=3 term=1 cov=9.4%/44.8%
[R4] state=follower leader=3 term=1 cov=12.5%/45.3%
[R4] state=follower leader=3 term=1 cov=13.5%/46.4%
[R4] state=follower leader=3 term=1 cov=15.1%/47.9%
[R4] state=follower leader=3 term=1 cov=18.2%/51.0%
[R4] state=follower leader=3 term=1 cov=20.8%/53.6%
[R4] state=follower leader=3 term=1 cov=22.9%/55.7%
[R4] state=follower leader=3 term=1 cov=24.5%/57.3%
[R4] state=follower leader=3 term=1 cov=24.5%/57.3%
[R4] state=follower leader=3 term=1 cov=24.5%/57.3%
[R4] state=follower leader=3 term=1 cov=24.5%/57.3%
[R4] state=follower leader=3 term=1 cov=24.5%/57.3%
[R4] state=follower leader=3 term=1 cov=24.5%/57.3%
[R4] state=follower leader=3 term=1 cov=25.0%/57.8%
[R4] state=follower leader=3 term=1 cov=26.0%/58.9%
[R4] state=follower leader=3 term=1 cov=26.0%/58.9%
[R4] state=follower leader=3 term=1 cov=26.0%/58.9%
[R4] state=follower leader=3 term=1 cov=26.0%/58.9%
[R4] state=follower leader=3 term=1 cov=26.0%/58.9%
[R4] state=follower leader=3 term=1 cov=26.0%/58.9%
[R4] state=follower leader=3 term=1 cov=26.0%/58.9%
[R4] state=follower leader=3 term=1 cov=26.0%/58.9%
[R4] state=follower leader=3 term=1 cov=26.0%/58.9%
[R4] state=follower leader=3 term=1 cov=26.0%/58.9%
[R4] state=follower leader=3 term=1 cov=26.6%/59.4%
[R4] state=follower leader=3 term=1 cov=29.2%/62.0%
[R4] state=follower leader=3 term=1 cov=31.2%/64.1%
[R4] state=follower leader=3 term=1 cov=33.3%/66.1%
[R4] state=follower leader=3 term=1 cov=34.4%/67.2%
[R4] state=follower leader=3 term=1 cov=35.9%/68.2%
[R4] state=follower leader=3 term=1 cov=37.5%/68.8%
[R4] state=follower leader=3 term=1 cov=38.5%/69.3%
[R4] state=follower leader=3 term=1 cov=39.6%/69.8%
[R4] state=follower leader=3 term=1 cov=39.6%/69.8%
[R4] state=follower leader=3 term=1 cov=39.6%/69.8%
[R4] state=follower leader=3 term=1 cov=39.6%/69.8%
[R4] state=follower leader=3 term=1 cov=39.6%/69.8%
[R4] state=follower leader=3 term=1 cov=40.6%/69.8%
[R4] state=follower leader=3 term=1 cov=40.6%/69.8%
[R4] state=follower leader=3 term=1 cov=40.6%/70.8%
[R4] state=follower leader=3 term=1 cov=40.6%/72.9%
[R4] state=follower leader=3 term=1 cov=40.6%/74.0%
[R4] state=follower leader=3 term=1 cov=40.6%/76.0%
[R4] state=follower leader=3 term=1 cov=40.6%/77.6%
[R4] state=follower leader=3 term=1 cov=40.6%/79.2%
[R4] state=follower leader=3 term=1 cov=40.6%/81.2%
[R4] state=follower leader=3 term=1 cov=40.6%/83.9%
[R4] state=follower leader=3 term=1 cov=40.6%/85.4%
[R4] state=follower leader=3 term=1 cov=40.6%/88.5%
[R4] state=follower leader=3 term=1 cov=41.1%/90.1%
[R4] state=follower leader=3 term=1 cov=41.1%/90.6%
[R4] state=follower leader=3 term=1 cov=41.7%/92.2%
[R4] state=follower leader=3 term=1 cov=41.7%/92.7%
[R4] state=follower leader=3 term=1 cov=41.7%/92.7%
[R4] state=follower leader=3 term=1 cov=41.7%/92.7%
[R4] state=follower leader=3 term=1 cov=41.7%/92.7%
[R4] state=follower leader=3 term=1 cov=41.7%/92.7%
