[WARN] Hardware modules not available - running in simulation mode
=== REIP Node - Robot 4 [SIM (unique ports)] ===
Trust Model: Three-tier confidence-weighted
  Personal: 1.0, ToF: 1.0, Peer: 0.3
  Suspicion threshold: 1.5, Recovery: 0.1

  Logging to: logs/robot_4_20260226_162630.jsonl
Initializing hardware...
  Hardware: SIMULATED
[INFO] Position socket listening on port 14104
[INFO] Peer socket listening on port 14204
[INFO] Fault socket listening on port 14304
Ready!

=== Detection Bounds: T1=2 cmds, T3=8 cmds | Impeachment: T1=8 cmds, T3=32 cmds ===
Running... Press Ctrl+C to stop

[ELECTION] New leader: 4
[R4] pos=(0,0) state=leader leader=4 trust=1.00 susp=0.00 cov=0.0%/0.0%
[ELECTION] New leader: 1
[R4] pos=(1741,271) state=follower leader=1 trust=1.00 susp=0.00 cov=0.5%/0.5%
[R4] pos=(1432,188) state=follower leader=1 trust=1.00 susp=0.00 cov=2.6%/14.1%
[R4] pos=(1242,75) state=follower leader=1 trust=1.00 susp=0.00 cov=4.7%/26.0%
[R4] pos=(1310,404) state=follower leader=1 trust=1.00 susp=0.00 cov=6.8%/37.5%
[R4] pos=(1311,716) state=follower leader=1 trust=1.00 susp=0.00 cov=9.4%/47.4%
[R4] pos=(1214,933) state=follower leader=1 trust=1.00 susp=0.00 cov=12.0%/57.3%
[R4] pos=(1420,1186) state=follower leader=1 trust=1.00 susp=0.00 cov=14.6%/66.1%
[R4] pos=(1684,1186) state=follower leader=1 trust=1.00 susp=0.00 cov=16.7%/74.0%
[R4] pos=(1568,1425) state=follower leader=1 trust=1.00 susp=0.00 cov=19.3%/84.9%
[R4] pos=(1921,1313) state=follower leader=1 trust=1.00 susp=0.00 cov=21.9%/96.4%
[R4] pos=(1315,1312) state=follower leader=1 trust=1.00 susp=0.00 cov=23.4%/99.5%
[R4] pos=(1313,1420) state=follower leader=1 trust=1.00 susp=0.00 cov=24.0%/100.0%
[R4] pos=(1313,1420) state=follower leader=1 trust=1.00 susp=0.00 cov=24.0%/100.0%
[R4] pos=(1313,1420) state=follower leader=1 trust=1.00 susp=0.00 cov=24.0%/100.0%
[R4] pos=(1313,1420) state=follower leader=1 trust=1.00 susp=0.00 cov=24.0%/100.0%
[R4] pos=(1313,1420) state=follower leader=1 trust=1.00 susp=0.00 cov=24.0%/100.0%
[TRUST] Bad command #1 (peer_reported): suspicion +0.30 = 0.30
[TRUST] Bad command #2 (peer_reported): suspicion +0.30 = 0.60
[TRUST] Bad command #3 (peer_reported): suspicion +0.30 = 0.90
[TRUST] Bad command #4 (peer_reported): suspicion +0.30 = 1.20
[TRUST] Bad command #5 (peer_reported): suspicion +0.30 = 1.50
[DETECT] First trust decay after 5 bad commands (0.83s) [Theoretical bound: T1=2, T3=8]
[TRUST] Trust decayed: trust=0.80, remaining suspicion=0.00
[TRUST] Bad command #6 (peer_reported): suspicion +0.30 = 0.30
[TRUST] Bad command #7 (peer_reported): suspicion +0.30 = 0.60
[TRUST] Bad command #8 (peer_reported): suspicion +0.30 = 0.90
[TRUST] Bad command #9 (peer_reported): suspicion +0.30 = 1.20
[TRUST] Bad command #10 (peer_reported): suspicion +0.30 = 1.50
[TRUST] Trust decayed: trust=0.60, remaining suspicion=0.00
[R4] pos=(954,1264) state=follower leader=1 trust=0.60 susp=0.00 cov=26.0%/100.0%
[TRUST] Bad command #11 (peer_reported): suspicion +0.30 = 0.30
[TRUST] Bad command #12 (peer_reported): suspicion +0.30 = 0.60
[TRUST] Bad command #13 (peer_reported): suspicion +0.30 = 0.90
[TRUST] Bad command #14 (peer_reported): suspicion +0.30 = 1.20
[TRUST] Bad command #15 (peer_reported): suspicion +0.30 = 1.50
[TRUST] Trust decayed: trust=0.40, remaining suspicion=0.00
[TRUST] Bad command #16 (peer_reported): suspicion +0.30 = 0.30
[TRUST] Bad command #17 (peer_reported): suspicion +0.30 = 0.60
[TRUST] Bad command #18 (peer_reported): suspicion +0.30 = 0.80
[TRUST] Bad command #19 (peer_reported): suspicion +0.30 = 1.10
[ELECTION] Leader 1 impeached (failures=1)
[ELECTION] New leader: 2
[R4] pos=(728,716) state=follower leader=2 trust=1.00 susp=0.00 cov=29.7%/100.0%
[R4] pos=(1127,549) state=follower leader=2 trust=1.00 susp=0.00 cov=31.2%/100.0%
[R4] pos=(1050,565) state=follower leader=2 trust=1.00 susp=0.00 cov=31.2%/100.0%
[R4] pos=(1050,565) state=follower leader=2 trust=1.00 susp=0.00 cov=31.2%/100.0%
[R4] pos=(1050,565) state=follower leader=2 trust=1.00 susp=0.00 cov=31.2%/100.0%
[R4] pos=(1050,565) state=follower leader=2 trust=1.00 susp=0.00 cov=31.2%/100.0%
[R4] pos=(1050,565) state=follower leader=2 trust=1.00 susp=0.00 cov=31.2%/100.0%
[R4] pos=(1050,565) state=follower leader=2 trust=1.00 susp=0.00 cov=31.2%/100.0%
[R4] pos=(1050,565) state=follower leader=2 trust=1.00 susp=0.00 cov=31.2%/100.0%
[R4] pos=(1050,565) state=follower leader=2 trust=1.00 susp=0.00 cov=31.2%/100.0%
[R4] pos=(1050,565) state=follower leader=2 trust=1.00 susp=0.00 cov=31.2%/100.0%
[R4] pos=(1050,565) state=follower leader=2 trust=1.00 susp=0.00 cov=31.2%/100.0%
[R4] pos=(1050,565) state=follower leader=2 trust=1.00 susp=0.00 cov=31.2%/100.0%
