[WARN] Hardware modules not available - running in simulation mode
=== REIP Node - Robot 2 [SIM (unique ports)] ===
Trust Model: Three-tier confidence-weighted
  Personal: 1.0, ToF: 1.0, Peer: 0.3
  Suspicion threshold: 1.5, Recovery: 0.1

  Logging to: logs/robot_2_20260226_162630.jsonl
Initializing hardware...
  Hardware: SIMULATED
[INFO] Position socket listening on port 14102
[INFO] Peer socket listening on port 14202
[INFO] Fault socket listening on port 14302
Ready!

=== Detection Bounds: T1=2 cmds, T3=8 cmds | Impeachment: T1=8 cmds, T3=32 cmds ===
Running... Press Ctrl+C to stop

[ELECTION] New leader: 2
[R2] pos=(0,0) state=leader leader=2 trust=1.00 susp=0.00 cov=0.0%/0.0%
[ELECTION] New leader: 1
[R2] pos=(435,677) state=follower leader=1 trust=1.00 susp=0.00 cov=0.5%/0.5%
[R2] pos=(188,813) state=follower leader=1 trust=1.00 susp=0.00 cov=3.1%/14.1%
[R2] pos=(139,1122) state=follower leader=1 trust=1.00 susp=0.00 cov=6.2%/26.0%
[R2] pos=(309,1410) state=follower leader=1 trust=1.00 susp=0.00 cov=8.3%/37.5%
[R2] pos=(384,1314) state=follower leader=1 trust=1.00 susp=0.00 cov=10.4%/47.4%
[R2] pos=(432,1425) state=follower leader=1 trust=1.00 susp=0.00 cov=12.0%/57.3%
[R2] pos=(1121,763) state=follower leader=1 trust=1.00 susp=0.00 cov=15.1%/66.1%
[R2] pos=(1432,407) state=follower leader=1 trust=1.00 susp=0.00 cov=18.2%/74.0%
[R2] pos=(1572,602) state=follower leader=1 trust=1.00 susp=0.00 cov=19.8%/84.9%
[R2] pos=(1925,316) state=follower leader=1 trust=1.00 susp=0.00 cov=22.9%/96.4%
[R2] pos=(1486,881) state=follower leader=1 trust=1.00 susp=0.00 cov=26.0%/99.5%
[R2] pos=(1299,1425) state=follower leader=1 trust=1.00 susp=0.00 cov=28.1%/100.0%
[R2] pos=(1299,1425) state=follower leader=1 trust=1.00 susp=0.00 cov=28.1%/100.0%
[R2] pos=(1299,1425) state=follower leader=1 trust=1.00 susp=0.00 cov=28.1%/100.0%
[R2] pos=(1299,1425) state=follower leader=1 trust=1.00 susp=0.00 cov=28.1%/100.0%
[R2] pos=(1299,1425) state=follower leader=1 trust=1.00 susp=0.00 cov=28.1%/100.0%
[TRUST] Bad command #1 (peer_reported): suspicion +0.30 = 0.30
[TRUST] Bad command #2 (peer_reported): suspicion +0.30 = 0.60
[TRUST] Bad command #3 (peer_reported): suspicion +0.30 = 0.90
[TRUST] Bad command #4 (peer_reported): suspicion +0.30 = 1.20
[TRUST] Bad command #5 (peer_reported): suspicion +0.30 = 1.50
[DETECT] First trust decay after 5 bad commands (0.83s) [Theoretical bound: T1=2, T3=8]
[TRUST] Trust decayed: trust=0.80, remaining suspicion=0.00
[TRUST] Bad command #6 (personal_visited): suspicion +1.00 = 1.00
[TRUST] Bad command #7 (peer_reported): suspicion +0.30 = 1.30
[TRUST] Bad command #8 (personal_visited): suspicion +1.00 = 2.30
[TRUST] Trust decayed: trust=0.60, remaining suspicion=0.80
[TRUST] Bad command #9 (peer_reported): suspicion +0.30 = 1.10
[TRUST] Bad command #10 (personal_visited): suspicion +1.00 = 2.10
[TRUST] Trust decayed: trust=0.40, remaining suspicion=0.60
[ELECTION] Leader 1 impeached (failures=1)
[ELECTION] New leader: 2
[R2] pos=(1320,874) state=leader leader=2 trust=1.00 susp=0.00 cov=30.7%/100.0%
[R2] pos=(655,445) state=leader leader=2 trust=1.00 susp=0.00 cov=32.8%/100.0%
[R2] pos=(75,75) state=leader leader=2 trust=1.00 susp=0.00 cov=35.9%/100.0%
[R2] pos=(75,75) state=leader leader=2 trust=1.00 susp=0.00 cov=35.9%/100.0%
[R2] pos=(75,75) state=leader leader=2 trust=1.00 susp=0.00 cov=35.9%/100.0%
[R2] pos=(75,75) state=leader leader=2 trust=1.00 susp=0.00 cov=35.9%/100.0%
[R2] pos=(75,75) state=leader leader=2 trust=1.00 susp=0.00 cov=35.9%/100.0%
[R2] pos=(75,75) state=leader leader=2 trust=1.00 susp=0.00 cov=35.9%/100.0%
[R2] pos=(75,75) state=leader leader=2 trust=1.00 susp=0.00 cov=35.9%/100.0%
[R2] pos=(75,75) state=leader leader=2 trust=1.00 susp=0.00 cov=35.9%/100.0%
[R2] pos=(75,75) state=leader leader=2 trust=1.00 susp=0.00 cov=35.9%/100.0%
[R2] pos=(75,75) state=leader leader=2 trust=1.00 susp=0.00 cov=35.9%/100.0%
[R2] pos=(75,75) state=leader leader=2 trust=1.00 susp=0.00 cov=35.9%/100.0%
[R2] pos=(75,75) state=leader leader=2 trust=1.00 susp=0.00 cov=35.9%/100.0%
