[WARN] Hardware modules not available - running in simulation mode
=== REIP Node - Robot 2 [SIM (unique ports)] ===
Trust Model: Three-tier confidence-weighted
  Personal: 1.0, ToF: 1.0, Peer: 0.3
  Suspicion threshold: 1.5, Recovery: 0.1

  Logging to: logs/robot_2_20260226_163653.jsonl
Initializing hardware...
  Hardware: SIMULATED
[INFO] Position socket listening on port 10102
[INFO] Peer socket listening on port 10202
[INFO] Fault socket listening on port 10302
Ready!

=== DECENTRALIZED MODE - No leader coordination ===
=== Detection Bounds: T1=2 cmds, T3=8 cmds | Impeachment: T1=8 cmds, T3=32 cmds ===
Running... Press Ctrl+C to stop

[R2] pos=(0,0) state=exploring leader=None trust=1.00 susp=0.00 cov=0.0%/0.0%
[R2] pos=(707,583) state=exploring leader=None trust=1.00 susp=0.00 cov=0.5%/2.6%
[R2] pos=(199,451) state=exploring leader=None trust=1.00 susp=0.00 cov=3.1%/16.1%
[R2] pos=(176,687) state=exploring leader=None trust=1.00 susp=0.00 cov=5.7%/29.7%
[R2] pos=(785,688) state=exploring leader=None trust=1.00 susp=0.00 cov=10.4%/41.1%
[R2] pos=(1025,588) state=exploring leader=None trust=1.00 susp=0.00 cov=14.1%/50.5%
[R2] pos=(1204,926) state=exploring leader=None trust=1.00 susp=0.00 cov=17.2%/60.9%
[R2] pos=(1586,848) state=exploring leader=None trust=1.00 susp=0.00 cov=21.9%/72.4%
[R2] pos=(1920,627) state=exploring leader=None trust=1.00 susp=0.00 cov=24.5%/81.8%
[R2] pos=(1805,1139) state=exploring leader=None trust=1.00 susp=0.00 cov=27.1%/94.8%
[R2] pos=(1925,1315) state=exploring leader=None trust=1.00 susp=0.00 cov=31.2%/99.0%
[R2] pos=(1925,1119) state=exploring leader=None trust=1.00 susp=0.00 cov=32.3%/100.0%
[R2] pos=(1925,1097) state=exploring leader=None trust=1.00 susp=0.00 cov=32.3%/100.0%
[R2] pos=(1925,1006) state=exploring leader=None trust=1.00 susp=0.00 cov=32.3%/100.0%
[R2] pos=(1925,994) state=exploring leader=None trust=1.00 susp=0.00 cov=32.3%/100.0%
[R2] pos=(1925,999) state=exploring leader=None trust=1.00 susp=0.00 cov=32.3%/100.0%
[R2] pos=(1925,1099) state=exploring leader=None trust=1.00 susp=0.00 cov=32.3%/100.0%
[R2] pos=(1925,1129) state=exploring leader=None trust=1.00 susp=0.00 cov=32.3%/100.0%
[R2] pos=(1925,1126) state=exploring leader=None trust=1.00 susp=0.00 cov=32.3%/100.0%
[R2] pos=(1925,1021) state=exploring leader=None trust=1.00 susp=0.00 cov=32.3%/100.0%
[R2] pos=(1925,1006) state=exploring leader=None trust=1.00 susp=0.00 cov=32.3%/100.0%
[R2] pos=(1925,1108) state=exploring leader=None trust=1.00 susp=0.00 cov=32.3%/100.0%
[R2] pos=(1925,1092) state=exploring leader=None trust=1.00 susp=0.00 cov=32.3%/100.0%
[R2] pos=(1925,1092) state=exploring leader=None trust=1.00 susp=0.00 cov=32.3%/100.0%
[R2] pos=(1925,995) state=exploring leader=None trust=1.00 susp=0.00 cov=32.3%/100.0%
[R2] pos=(1925,1015) state=exploring leader=None trust=1.00 susp=0.00 cov=32.3%/100.0%
[R2] pos=(1925,1097) state=exploring leader=None trust=1.00 susp=0.00 cov=32.3%/100.0%
[R2] pos=(1925,1109) state=exploring leader=None trust=1.00 susp=0.00 cov=32.3%/100.0%
[R2] pos=(1925,1124) state=exploring leader=None trust=1.00 susp=0.00 cov=32.3%/100.0%
[R2] pos=(1925,1019) state=exploring leader=None trust=1.00 susp=0.00 cov=32.3%/100.0%
[R2] pos=(1925,1026) state=exploring leader=None trust=1.00 susp=0.00 cov=32.3%/100.0%
[R2] pos=(1925,1098) state=exploring leader=None trust=1.00 susp=0.00 cov=32.3%/100.0%
[R2] pos=(1925,1091) state=exploring leader=None trust=1.00 susp=0.00 cov=32.3%/100.0%
[R2] pos=(1925,1132) state=exploring leader=None trust=1.00 susp=0.00 cov=32.3%/100.0%
[R2] pos=(1925,1012) state=exploring leader=None trust=1.00 susp=0.00 cov=32.3%/100.0%
[R2] pos=(1925,997) state=exploring leader=None trust=1.00 susp=0.00 cov=32.3%/100.0%
[R2] pos=(1925,1010) state=exploring leader=None trust=1.00 susp=0.00 cov=32.3%/100.0%
[R2] pos=(1925,1122) state=exploring leader=None trust=1.00 susp=0.00 cov=32.3%/100.0%
[R2] pos=(1925,988) state=exploring leader=None trust=1.00 susp=0.00 cov=32.3%/100.0%
[R2] pos=(1925,1118) state=exploring leader=None trust=1.00 susp=0.00 cov=32.3%/100.0%
[R2] pos=(1925,1130) state=exploring leader=None trust=1.00 susp=0.00 cov=32.3%/100.0%
[R2] pos=(1925,1132) state=exploring leader=None trust=1.00 susp=0.00 cov=32.3%/100.0%
[R2] pos=(1925,1034) state=exploring leader=None trust=1.00 susp=0.00 cov=32.3%/100.0%
[R2] pos=(1925,1005) state=exploring leader=None trust=1.00 susp=0.00 cov=32.3%/100.0%
[R2] pos=(1925,993) state=exploring leader=None trust=1.00 susp=0.00 cov=32.3%/100.0%
[R2] pos=(1925,1120) state=exploring leader=None trust=1.00 susp=0.00 cov=32.3%/100.0%
[R2] pos=(1925,1129) state=exploring leader=None trust=1.00 susp=0.00 cov=32.3%/100.0%
[R2] pos=(1925,1034) state=exploring leader=None trust=1.00 susp=0.00 cov=32.3%/100.0%
[R2] pos=(1925,1027) state=exploring leader=None trust=1.00 susp=0.00 cov=32.3%/100.0%
[R2] pos=(1925,994) state=exploring leader=None trust=1.00 susp=0.00 cov=32.3%/100.0%
[R2] pos=(1925,1092) state=exploring leader=None trust=1.00 susp=0.00 cov=32.3%/100.0%
[R2] pos=(1925,1116) state=exploring leader=None trust=1.00 susp=0.00 cov=32.3%/100.0%
[R2] pos=(1925,1032) state=exploring leader=None trust=1.00 susp=0.00 cov=32.3%/100.0%
[R2] pos=(1925,1034) state=exploring leader=None trust=1.00 susp=0.00 cov=32.3%/100.0%
[R2] pos=(1925,1013) state=exploring leader=None trust=1.00 susp=0.00 cov=32.3%/100.0%
[R2] pos=(1925,1131) state=exploring leader=None trust=1.00 susp=0.00 cov=32.3%/100.0%
[R2] pos=(1925,1101) state=exploring leader=None trust=1.00 susp=0.00 cov=32.3%/100.0%
[R2] pos=(1925,1107) state=exploring leader=None trust=1.00 susp=0.00 cov=32.3%/100.0%
[R2] pos=(1925,1000) state=exploring leader=None trust=1.00 susp=0.00 cov=32.3%/100.0%
[R2] pos=(1925,994) state=exploring leader=None trust=1.00 susp=0.00 cov=32.3%/100.0%
[R2] pos=(1925,1096) state=exploring leader=None trust=1.00 susp=0.00 cov=32.3%/100.0%
