[WARN] Hardware modules not available - running in simulation mode
=== REIP Node - Robot 3 [SIM (unique ports)] ===
Trust Model: Three-tier confidence-weighted
  Personal: 1.0, ToF: 1.0, Peer: 0.3
  Suspicion threshold: 1.5, Recovery: 0.1

  Logging to: logs/robot_3_20260226_163653.jsonl
Initializing hardware...
  Hardware: SIMULATED
[INFO] Position socket listening on port 10103
[INFO] Peer socket listening on port 10203
[INFO] Fault socket listening on port 10303
Ready!

=== DECENTRALIZED MODE - No leader coordination ===
=== Detection Bounds: T1=2 cmds, T3=8 cmds | Impeachment: T1=8 cmds, T3=32 cmds ===
Running... Press Ctrl+C to stop

[R3] pos=(0,0) state=exploring leader=None trust=1.00 susp=0.00 cov=0.0%/0.0%
[R3] pos=(378,991) state=exploring leader=None trust=1.00 susp=0.00 cov=0.5%/2.6%
[R3] pos=(75,826) state=exploring leader=None trust=1.00 susp=0.00 cov=2.6%/16.1%
[R3] pos=(112,861) state=exploring leader=None trust=1.00 susp=0.00 cov=3.1%/29.7%
[R3] pos=(677,938) state=exploring leader=None trust=1.00 susp=0.00 cov=4.7%/41.1%
[R3] pos=(487,1357) state=exploring leader=None trust=1.00 susp=0.00 cov=8.9%/50.5%
[R3] pos=(283,1425) state=exploring leader=None trust=1.00 susp=0.00 cov=12.5%/60.9%
[R3] pos=(921,1313) state=exploring leader=None trust=1.00 susp=0.00 cov=14.1%/72.4%
[R3] pos=(1314,1425) state=exploring leader=None trust=1.00 susp=0.00 cov=17.7%/82.3%
[R3] pos=(1562,1105) state=exploring leader=None trust=1.00 susp=0.00 cov=20.8%/94.8%
[R3] pos=(1924,1315) state=exploring leader=None trust=1.00 susp=0.00 cov=25.5%/99.0%
[R3] pos=(1925,1121) state=exploring leader=None trust=1.00 susp=0.00 cov=26.6%/100.0%
[R3] pos=(1925,1151) state=exploring leader=None trust=1.00 susp=0.00 cov=26.6%/100.0%
[R3] pos=(1925,1146) state=exploring leader=None trust=1.00 susp=0.00 cov=26.6%/100.0%
[R3] pos=(1925,1256) state=exploring leader=None trust=1.00 susp=0.00 cov=26.6%/100.0%
[R3] pos=(1925,1251) state=exploring leader=None trust=1.00 susp=0.00 cov=26.6%/100.0%
[R3] pos=(1925,1246) state=exploring leader=None trust=1.00 susp=0.00 cov=26.6%/100.0%
[R3] pos=(1925,1121) state=exploring leader=None trust=1.00 susp=0.00 cov=26.6%/100.0%
[R3] pos=(1925,1124) state=exploring leader=None trust=1.00 susp=0.00 cov=26.6%/100.0%
[R3] pos=(1925,1229) state=exploring leader=None trust=1.00 susp=0.00 cov=26.6%/100.0%
[R3] pos=(1925,1244) state=exploring leader=None trust=1.00 susp=0.00 cov=26.6%/100.0%
[R3] pos=(1925,1247) state=exploring leader=None trust=1.00 susp=0.00 cov=26.6%/100.0%
[R3] pos=(1925,1158) state=exploring leader=None trust=1.00 susp=0.00 cov=26.6%/100.0%
[R3] pos=(1925,1158) state=exploring leader=None trust=1.00 susp=0.00 cov=26.6%/100.0%
[R3] pos=(1925,1255) state=exploring leader=None trust=1.00 susp=0.00 cov=26.6%/100.0%
[R3] pos=(1925,1235) state=exploring leader=None trust=1.00 susp=0.00 cov=26.6%/100.0%
[R3] pos=(1925,1271) state=exploring leader=None trust=1.00 susp=0.00 cov=26.6%/100.0%
[R3] pos=(1925,1141) state=exploring leader=None trust=1.00 susp=0.00 cov=26.6%/100.0%
[R3] pos=(1925,1126) state=exploring leader=None trust=1.00 susp=0.00 cov=26.6%/100.0%
[R3] pos=(1925,1127) state=exploring leader=None trust=1.00 susp=0.00 cov=26.6%/100.0%
[R3] pos=(1925,1224) state=exploring leader=None trust=1.00 susp=0.00 cov=26.6%/100.0%
[R3] pos=(1925,1254) state=exploring leader=None trust=1.00 susp=0.00 cov=26.6%/100.0%
[R3] pos=(1925,1159) state=exploring leader=None trust=1.00 susp=0.00 cov=26.6%/100.0%
[R3] pos=(1925,1118) state=exploring leader=None trust=1.00 susp=0.00 cov=26.6%/100.0%
[R3] pos=(1925,1141) state=exploring leader=None trust=1.00 susp=0.00 cov=26.6%/100.0%
[R3] pos=(1925,1253) state=exploring leader=None trust=1.00 susp=0.00 cov=26.6%/100.0%
[R3] pos=(1925,1240) state=exploring leader=None trust=1.00 susp=0.00 cov=26.6%/100.0%
[R3] pos=(1925,1128) state=exploring leader=None trust=1.00 susp=0.00 cov=26.6%/100.0%
[R3] pos=(1925,1262) state=exploring leader=None trust=1.00 susp=0.00 cov=26.6%/100.0%
[R3] pos=(1925,1230) state=exploring leader=None trust=1.00 susp=0.00 cov=26.6%/100.0%
[R3] pos=(1925,1120) state=exploring leader=None trust=1.00 susp=0.00 cov=26.6%/100.0%
[R3] pos=(1925,1118) state=exploring leader=None trust=1.00 susp=0.00 cov=26.6%/100.0%
[R3] pos=(1925,1216) state=exploring leader=None trust=1.00 susp=0.00 cov=26.6%/100.0%
[R3] pos=(1925,1245) state=exploring leader=None trust=1.00 susp=0.00 cov=26.6%/100.0%
[R3] pos=(1925,1257) state=exploring leader=None trust=1.00 susp=0.00 cov=26.6%/100.0%
[R3] pos=(1925,1130) state=exploring leader=None trust=1.00 susp=0.00 cov=26.6%/100.0%
[R3] pos=(1925,1121) state=exploring leader=None trust=1.00 susp=0.00 cov=26.6%/100.0%
[R3] pos=(1925,1117) state=exploring leader=None trust=1.00 susp=0.00 cov=26.6%/100.0%
[R3] pos=(1925,1223) state=exploring leader=None trust=1.00 susp=0.00 cov=26.6%/100.0%
[R3] pos=(1925,1256) state=exploring leader=None trust=1.00 susp=0.00 cov=26.6%/100.0%
[R3] pos=(1925,1158) state=exploring leader=None trust=1.00 susp=0.00 cov=26.6%/100.0%
[R3] pos=(1925,1134) state=exploring leader=None trust=1.00 susp=0.00 cov=26.6%/100.0%
[R3] pos=(1925,1115) state=exploring leader=None trust=1.00 susp=0.00 cov=26.6%/100.0%
[R3] pos=(1925,1216) state=exploring leader=None trust=1.00 susp=0.00 cov=26.6%/100.0%
[R3] pos=(1925,1237) state=exploring leader=None trust=1.00 susp=0.00 cov=26.6%/100.0%
[R3] pos=(1925,1218) state=exploring leader=None trust=1.00 susp=0.00 cov=26.6%/100.0%
[R3] pos=(1925,1149) state=exploring leader=None trust=1.00 susp=0.00 cov=26.6%/100.0%
[R3] pos=(1925,1143) state=exploring leader=None trust=1.00 susp=0.00 cov=26.6%/100.0%
[R3] pos=(1925,1250) state=exploring leader=None trust=1.00 susp=0.00 cov=26.6%/100.0%
[R3] pos=(1925,1256) state=exploring leader=None trust=1.00 susp=0.00 cov=26.6%/100.0%
[R3] pos=(1925,1255) state=exploring leader=None trust=1.00 susp=0.00 cov=26.6%/100.0%
