[WARN] Hardware modules not available - simulation mode
=== RAFT Baseline - Robot 5 [SIM] ===
NO TRUST. Heartbeat timeout only.

  Logging to: logs/raft_5_20260226_001952.jsonl
Initializing hardware...
  Hardware: SIMULATED
[INFO] Position socket listening on port 6105
[INFO] Peer socket listening on port 6205
[INFO] Fault socket listening on port 6305
Ready!

Running RAFT baseline... Press Ctrl+C to stop

[R5] state=follower leader=None term=0 cov=0.0%/0.0%
[RAFT] Starting election, term 1
[RAFT] Became leader, term 1
[R5] state=leader leader=5 term=1 cov=0.5%/0.5%
[R5] state=leader leader=5 term=1 cov=1.6%/7.3%
[R5] state=leader leader=5 term=1 cov=2.6%/10.9%
[R5] state=leader leader=5 term=1 cov=3.6%/16.1%
[R5] state=leader leader=5 term=1 cov=4.2%/20.8%
[R5] state=leader leader=5 term=1 cov=5.2%/24.0%
[R5] state=leader leader=5 term=1 cov=6.2%/29.2%
[R5] state=leader leader=5 term=1 cov=7.3%/34.4%
[R5] state=leader leader=5 term=1 cov=8.3%/37.5%
[R5] state=leader leader=5 term=1 cov=9.9%/42.2%
[R5] state=leader leader=5 term=1 cov=10.9%/46.4%
[R5] state=leader leader=5 term=1 cov=12.0%/50.0%
[R5] state=leader leader=5 term=1 cov=13.0%/54.7%
[R5] state=leader leader=5 term=1 cov=14.1%/59.4%
[R5] state=leader leader=5 term=1 cov=15.6%/64.1%
[R5] state=leader leader=5 term=1 cov=16.7%/69.3%
[R5] state=leader leader=5 term=1 cov=17.7%/73.4%
[R5] state=leader leader=5 term=1 cov=18.8%/76.0%
[R5] state=leader leader=5 term=1 cov=20.3%/79.7%
[R5] state=leader leader=5 term=1 cov=21.4%/83.3%
[R5] state=leader leader=5 term=1 cov=22.4%/85.4%
[R5] state=leader leader=5 term=1 cov=22.9%/86.5%
[R5] state=leader leader=5 term=1 cov=24.0%/88.0%
[R5] state=leader leader=5 term=1 cov=25.5%/90.6%
[R5] state=leader leader=5 term=1 cov=26.6%/94.8%
[R5] state=leader leader=5 term=1 cov=27.6%/97.9%
[R5] state=leader leader=5 term=1 cov=28.6%/99.5%
[R5] state=leader leader=5 term=1 cov=29.7%/99.5%
[R5] state=leader leader=5 term=1 cov=31.2%/100.0%
[R5] state=leader leader=5 term=1 cov=31.2%/100.0%
[R5] state=leader leader=5 term=1 cov=31.2%/100.0%
[R5] state=leader leader=5 term=1 cov=31.2%/100.0%
[R5] state=leader leader=5 term=1 cov=31.2%/100.0%
[R5] state=leader leader=5 term=1 cov=31.2%/100.0%
[R5] state=leader leader=5 term=1 cov=31.2%/100.0%
[R5] state=leader leader=5 term=1 cov=31.2%/100.0%
[R5] state=leader leader=5 term=1 cov=31.2%/100.0%
[R5] state=leader leader=5 term=1 cov=31.2%/100.0%
[R5] state=leader leader=5 term=1 cov=31.2%/100.0%
[R5] state=leader leader=5 term=1 cov=31.2%/100.0%
[R5] state=leader leader=5 term=1 cov=31.2%/100.0%
[R5] state=leader leader=5 term=1 cov=31.2%/100.0%
[R5] state=leader leader=5 term=1 cov=31.2%/100.0%
[R5] state=leader leader=5 term=1 cov=31.2%/100.0%
[R5] state=leader leader=5 term=1 cov=31.2%/100.0%
[R5] state=leader leader=5 term=1 cov=31.2%/100.0%
[R5] state=leader leader=5 term=1 cov=31.2%/100.0%
[R5] state=leader leader=5 term=1 cov=31.2%/100.0%
[R5] state=leader leader=5 term=1 cov=31.2%/100.0%
[R5] state=leader leader=5 term=1 cov=31.2%/100.0%
[R5] state=leader leader=5 term=1 cov=31.2%/100.0%
[R5] state=leader leader=5 term=1 cov=31.2%/100.0%
[R5] state=leader leader=5 term=1 cov=31.2%/100.0%
[R5] state=leader leader=5 term=1 cov=31.2%/100.0%
[R5] state=leader leader=5 term=1 cov=31.2%/100.0%
[R5] state=leader leader=5 term=1 cov=31.2%/100.0%
[R5] state=leader leader=5 term=1 cov=31.2%/100.0%
[R5] state=leader leader=5 term=1 cov=31.2%/100.0%
[R5] state=leader leader=5 term=1 cov=31.2%/100.0%
[R5] state=leader leader=5 term=1 cov=31.2%/100.0%
[R5] state=leader leader=5 term=1 cov=31.2%/100.0%
