[WARN] Hardware modules not available - running in simulation mode
=== REIP Node - Robot 3 [SIM (unique ports)] ===
Trust Model: Three-tier confidence-weighted
  Personal: 1.0, ToF: 1.0, Peer: 0.3
  Suspicion threshold: 1.5, Recovery: 0.1

  Logging to: logs/robot_3_20260226_182524.jsonl
Initializing hardware...
  Hardware: SIMULATED
[INFO] Position socket listening on port 8103
[INFO] Peer socket listening on port 8203
[INFO] Fault socket listening on port 8303
Ready!

=== DECENTRALIZED MODE - No leader coordination ===
=== Detection Bounds: T1=2 cmds, T3=8 cmds | Impeachment: T1=8 cmds, T3=32 cmds ===
Running... Press Ctrl+C to stop

[R3] pos=(0,0) state=exploring leader=None trust=1.00 susp=0.00 cov=0.0%/0.0%
[R3] pos=(606,1076) state=exploring leader=None trust=1.00 susp=0.00 cov=0.5%/0.5%
[R3] pos=(144,861) state=exploring leader=None trust=1.00 susp=0.00 cov=3.6%/16.7%
[R3] pos=(75,1352) state=exploring leader=None trust=1.00 susp=0.00 cov=5.2%/26.6%
[R3] pos=(686,1421) state=exploring leader=None trust=1.00 susp=0.00 cov=9.9%/40.1%
[R3] pos=(1111,1244) state=exploring leader=None trust=1.00 susp=0.00 cov=14.6%/53.1%
[R3] pos=(1439,1116) state=exploring leader=None trust=1.00 susp=0.00 cov=18.8%/65.1%
[R3] pos=(1051,937) state=exploring leader=None trust=1.00 susp=0.00 cov=22.4%/81.8%
[R3] pos=(1617,685) state=exploring leader=None trust=1.00 susp=0.00 cov=25.5%/89.6%
[R3] pos=(1925,907) state=exploring leader=None trust=1.00 susp=0.00 cov=29.7%/96.4%
[R3] pos=(1634,1425) state=exploring leader=None trust=1.00 susp=0.00 cov=33.3%/100.0%
[R3] pos=(1719,1425) state=exploring leader=None trust=1.00 susp=0.00 cov=33.3%/100.0%
[R3] pos=(1739,1425) state=exploring leader=None trust=1.00 susp=0.00 cov=33.3%/100.0%
[R3] pos=(1731,1425) state=exploring leader=None trust=1.00 susp=0.00 cov=33.3%/100.0%
[R3] pos=(1632,1425) state=exploring leader=None trust=1.00 susp=0.00 cov=33.3%/100.0%
[R3] pos=(1635,1425) state=exploring leader=None trust=1.00 susp=0.00 cov=33.3%/100.0%
[R3] pos=(1640,1425) state=exploring leader=None trust=1.00 susp=0.00 cov=33.3%/100.0%
[R3] pos=(1733,1425) state=exploring leader=None trust=1.00 susp=0.00 cov=33.3%/100.0%
[R3] pos=(1634,1425) state=exploring leader=None trust=1.00 susp=0.00 cov=33.3%/100.0%
[R3] pos=(1627,1425) state=exploring leader=None trust=1.00 susp=0.00 cov=33.3%/100.0%
[R3] pos=(1769,1425) state=exploring leader=None trust=1.00 susp=0.00 cov=33.3%/100.0%
[R3] pos=(1769,1425) state=exploring leader=None trust=1.00 susp=0.00 cov=33.3%/100.0%
[R3] pos=(1762,1425) state=exploring leader=None trust=1.00 susp=0.00 cov=33.3%/100.0%
[R3] pos=(1740,1425) state=exploring leader=None trust=1.00 susp=0.00 cov=33.3%/100.0%
[R3] pos=(1732,1425) state=exploring leader=None trust=1.00 susp=0.00 cov=33.3%/100.0%
[R3] pos=(1638,1425) state=exploring leader=None trust=1.00 susp=0.00 cov=33.3%/100.0%
[R3] pos=(1640,1425) state=exploring leader=None trust=1.00 susp=0.00 cov=33.3%/100.0%
[R3] pos=(1649,1425) state=exploring leader=None trust=1.00 susp=0.00 cov=33.3%/100.0%
[R3] pos=(1722,1425) state=exploring leader=None trust=1.00 susp=0.00 cov=33.3%/100.0%
[R3] pos=(1748,1425) state=exploring leader=None trust=1.00 susp=0.00 cov=33.3%/100.0%
[R3] pos=(1773,1425) state=exploring leader=None trust=1.00 susp=0.00 cov=33.3%/100.0%
[R3] pos=(1647,1425) state=exploring leader=None trust=1.00 susp=0.00 cov=33.3%/100.0%
[R3] pos=(1629,1425) state=exploring leader=None trust=1.00 susp=0.00 cov=33.3%/100.0%
[R3] pos=(1719,1425) state=exploring leader=None trust=1.00 susp=0.00 cov=33.3%/100.0%
[R3] pos=(1739,1425) state=exploring leader=None trust=1.00 susp=0.00 cov=33.3%/100.0%
[R3] pos=(1741,1425) state=exploring leader=None trust=1.00 susp=0.00 cov=33.3%/100.0%
[R3] pos=(1635,1425) state=exploring leader=None trust=1.00 susp=0.00 cov=33.3%/100.0%
[R3] pos=(1624,1425) state=exploring leader=None trust=1.00 susp=0.00 cov=33.3%/100.0%
[R3] pos=(1624,1425) state=exploring leader=None trust=1.00 susp=0.00 cov=33.3%/100.0%
[R3] pos=(1617,1425) state=exploring leader=None trust=1.00 susp=0.00 cov=33.3%/100.0%
[R3] pos=(1647,1425) state=exploring leader=None trust=1.00 susp=0.00 cov=33.3%/100.0%
[R3] pos=(1734,1425) state=exploring leader=None trust=1.00 susp=0.00 cov=33.3%/100.0%
[R3] pos=(1726,1425) state=exploring leader=None trust=1.00 susp=0.00 cov=33.3%/100.0%
[R3] pos=(1749,1425) state=exploring leader=None trust=1.00 susp=0.00 cov=33.3%/100.0%
[R3] pos=(1636,1425) state=exploring leader=None trust=1.00 susp=0.00 cov=33.3%/100.0%
[R3] pos=(1625,1425) state=exploring leader=None trust=1.00 susp=0.00 cov=33.3%/100.0%
[R3] pos=(1642,1425) state=exploring leader=None trust=1.00 susp=0.00 cov=33.3%/100.0%
[R3] pos=(1744,1425) state=exploring leader=None trust=1.00 susp=0.00 cov=33.3%/100.0%
[R3] pos=(1732,1425) state=exploring leader=None trust=1.00 susp=0.00 cov=33.3%/100.0%
[R3] pos=(1733,1425) state=exploring leader=None trust=1.00 susp=0.00 cov=33.3%/100.0%
[R3] pos=(1635,1425) state=exploring leader=None trust=1.00 susp=0.00 cov=33.3%/100.0%
[R3] pos=(1644,1425) state=exploring leader=None trust=1.00 susp=0.00 cov=33.3%/100.0%
[R3] pos=(1717,1425) state=exploring leader=None trust=1.00 susp=0.00 cov=33.3%/100.0%
[R3] pos=(1658,1425) state=exploring leader=None trust=1.00 susp=0.00 cov=33.3%/100.0%
[R3] pos=(1642,1425) state=exploring leader=None trust=1.00 susp=0.00 cov=33.3%/100.0%
[R3] pos=(1755,1425) state=exploring leader=None trust=1.00 susp=0.00 cov=33.3%/100.0%
[R3] pos=(1737,1425) state=exploring leader=None trust=1.00 susp=0.00 cov=33.3%/100.0%
[R3] pos=(1750,1425) state=exploring leader=None trust=1.00 susp=0.00 cov=33.3%/100.0%
[R3] pos=(1635,1425) state=exploring leader=None trust=1.00 susp=0.00 cov=33.3%/100.0%
[R3] pos=(1639,1425) state=exploring leader=None trust=1.00 susp=0.00 cov=33.3%/100.0%
[R3] pos=(1643,1425) state=exploring leader=None trust=1.00 susp=0.00 cov=33.3%/100.0%
