[WARN] Hardware modules not available - simulation mode
=== RAFT Baseline - Robot 3 [SIM] ===
NO TRUST. Heartbeat timeout only.

  Logging to: logs/raft_3_20260226_163654.jsonl
Initializing hardware...
  Hardware: SIMULATED
[INFO] Position socket listening on port 9103
[INFO] Peer socket listening on port 9203
[INFO] Fault socket listening on port 9303
Ready!

Running RAFT baseline... Press Ctrl+C to stop

[R3] state=follower leader=None term=0 cov=0.0%/0.0%
[R3] state=follower leader=2 term=1 cov=0.5%/2.6%
[R3] state=follower leader=2 term=1 cov=2.6%/13.0%
[R3] state=follower leader=2 term=1 cov=4.7%/23.4%
[R3] state=follower leader=2 term=1 cov=7.3%/37.5%
[R3] state=follower leader=2 term=1 cov=10.4%/49.5%
[R3] state=follower leader=2 term=1 cov=12.0%/60.4%
[R3] state=follower leader=2 term=1 cov=14.6%/70.8%
[R3] state=follower leader=2 term=1 cov=17.2%/80.2%
[R3] state=follower leader=2 term=1 cov=18.2%/85.9%
[R3] state=follower leader=2 term=1 cov=20.8%/95.3%
[R3] state=follower leader=2 term=1 cov=23.4%/100.0%
[R3] state=follower leader=2 term=1 cov=25.5%/100.0%
[R3] state=follower leader=2 term=1 cov=25.5%/100.0%
[R3] state=follower leader=2 term=1 cov=25.5%/100.0%
[R3] state=follower leader=2 term=1 cov=25.5%/100.0%
[R3] state=follower leader=2 term=1 cov=25.5%/100.0%
[R3] state=follower leader=2 term=1 cov=25.5%/100.0%
[R3] state=follower leader=2 term=1 cov=25.5%/100.0%
[R3] state=follower leader=2 term=1 cov=25.5%/100.0%
[R3] state=follower leader=2 term=1 cov=25.5%/100.0%
[R3] state=follower leader=2 term=1 cov=25.5%/100.0%
[R3] state=follower leader=2 term=1 cov=25.5%/100.0%
[R3] state=follower leader=2 term=1 cov=25.5%/100.0%
[R3] state=follower leader=2 term=1 cov=25.5%/100.0%
[R3] state=follower leader=2 term=1 cov=25.5%/100.0%
[R3] state=follower leader=2 term=1 cov=25.5%/100.0%
[R3] state=follower leader=2 term=1 cov=25.5%/100.0%
[R3] state=follower leader=2 term=1 cov=25.5%/100.0%
[R3] state=follower leader=2 term=1 cov=25.5%/100.0%
[R3] state=follower leader=2 term=1 cov=25.5%/100.0%
[R3] state=follower leader=2 term=1 cov=25.5%/100.0%
[R3] state=follower leader=2 term=1 cov=25.5%/100.0%
[R3] state=follower leader=2 term=1 cov=25.5%/100.0%
[R3] state=follower leader=2 term=1 cov=25.5%/100.0%
[R3] state=follower leader=2 term=1 cov=25.5%/100.0%
[R3] state=follower leader=2 term=1 cov=25.5%/100.0%
[R3] state=follower leader=2 term=1 cov=25.5%/100.0%
[R3] state=follower leader=2 term=1 cov=25.5%/100.0%
[R3] state=follower leader=2 term=1 cov=25.5%/100.0%
[R3] state=follower leader=2 term=1 cov=25.5%/100.0%
[R3] state=follower leader=2 term=1 cov=25.5%/100.0%
[R3] state=follower leader=2 term=1 cov=25.5%/100.0%
[R3] state=follower leader=2 term=1 cov=25.5%/100.0%
[R3] state=follower leader=2 term=1 cov=25.5%/100.0%
[R3] state=follower leader=2 term=1 cov=25.5%/100.0%
[R3] state=follower leader=2 term=1 cov=25.5%/100.0%
[R3] state=follower leader=2 term=1 cov=25.5%/100.0%
[R3] state=follower leader=2 term=1 cov=25.5%/100.0%
[R3] state=follower leader=2 term=1 cov=25.5%/100.0%
[R3] state=follower leader=2 term=1 cov=25.5%/100.0%
[R3] state=follower leader=2 term=1 cov=25.5%/100.0%
[R3] state=follower leader=2 term=1 cov=25.5%/100.0%
[R3] state=follower leader=2 term=1 cov=25.5%/100.0%
[R3] state=follower leader=2 term=1 cov=25.5%/100.0%
[R3] state=follower leader=2 term=1 cov=25.5%/100.0%
[R3] state=follower leader=2 term=1 cov=25.5%/100.0%
[R3] state=follower leader=2 term=1 cov=25.5%/100.0%
[R3] state=follower leader=2 term=1 cov=25.5%/100.0%
[R3] state=follower leader=2 term=1 cov=25.5%/100.0%
[R3] state=follower leader=2 term=1 cov=25.5%/100.0%
