[WARN] Hardware modules not available - running in simulation mode
=== REIP Node - Robot 4 [SIM (unique ports)] ===
Trust Model: Three-tier confidence-weighted
  Personal: 1.0, ToF: 1.0, Peer: 0.3
  Suspicion threshold: 1.5, Recovery: 0.1

  Logging to: logs/robot_4_20260226_001741.jsonl
Initializing hardware...
  Hardware: SIMULATED
[INFO] Position socket listening on port 14104
[INFO] Peer socket listening on port 14204
[INFO] Fault socket listening on port 14304
Ready!

=== Detection Bounds: T1=2 cmds, T3=8 cmds | Impeachment: T1=8 cmds, T3=32 cmds ===
Running... Press Ctrl+C to stop

[ELECTION] New leader: 4
[R4] pos=(0,0) state=leader leader=4 trust=1.00 susp=0.00 cov=0.0%/0.0%
[ELECTION] New leader: 1
[R4] pos=(422,1031) state=follower leader=1 trust=1.00 susp=0.00 cov=0.5%/2.6%
[R4] pos=(344,953) state=follower leader=1 trust=1.00 susp=0.00 cov=1.6%/7.8%
[R4] pos=(389,827) state=follower leader=1 trust=1.00 susp=0.00 cov=2.6%/13.0%
[R4] pos=(364,692) state=follower leader=1 trust=1.00 susp=0.00 cov=3.6%/17.2%
[R4] pos=(362,564) state=follower leader=1 trust=1.00 susp=0.00 cov=5.2%/22.9%
[R4] pos=(273,497) state=follower leader=1 trust=1.00 susp=0.00 cov=5.7%/27.6%
[R4] pos=(165,552) state=follower leader=1 trust=1.00 susp=0.00 cov=6.8%/32.3%
[R4] pos=(75,416) state=follower leader=1 trust=1.00 susp=0.00 cov=7.8%/38.0%
[R4] pos=(175,292) state=follower leader=1 trust=1.00 susp=0.00 cov=8.9%/42.2%
[R4] pos=(75,163) state=follower leader=1 trust=1.00 susp=0.00 cov=9.9%/47.4%
[R4] pos=(223,75) state=follower leader=1 trust=1.00 susp=0.00 cov=10.9%/52.6%
[R4] pos=(313,175) state=follower leader=1 trust=1.00 susp=0.00 cov=12.0%/56.8%
[R4] pos=(438,75) state=follower leader=1 trust=1.00 susp=0.00 cov=13.0%/60.9%
[R4] pos=(584,175) state=follower leader=1 trust=1.00 susp=0.00 cov=14.1%/65.1%
[R4] pos=(688,75) state=follower leader=1 trust=1.00 susp=0.00 cov=15.1%/69.8%
[R4] pos=(811,175) state=follower leader=1 trust=1.00 susp=0.00 cov=16.1%/74.5%
[R4] pos=(812,250) state=follower leader=1 trust=1.00 susp=0.00 cov=16.1%/75.5%
[R4] pos=(801,347) state=follower leader=1 trust=1.00 susp=0.00 cov=16.7%/77.6%
[R4] pos=(766,413) state=follower leader=1 trust=1.00 susp=0.00 cov=17.2%/79.2%
[R4] pos=(746,428) state=follower leader=1 trust=1.00 susp=0.00 cov=17.7%/79.2%
[R4] pos=(626,585) state=follower leader=1 trust=1.00 susp=0.00 cov=18.2%/81.2%
[R4] pos=(658,749) state=follower leader=1 trust=1.00 susp=0.00 cov=19.8%/83.9%
[R4] pos=(800,923) state=follower leader=1 trust=1.00 susp=0.00 cov=21.4%/86.5%
[R4] pos=(914,991) state=follower leader=1 trust=1.00 susp=0.00 cov=22.4%/88.5%
[R4] pos=(1030,928) state=follower leader=1 trust=1.00 susp=0.00 cov=22.9%/89.1%
[R4] pos=(1126,816) state=follower leader=1 trust=1.00 susp=0.00 cov=24.0%/90.1%
[R4] pos=(1308,690) state=follower leader=1 trust=1.00 susp=0.00 cov=25.0%/91.7%
[R4] pos=(1298,500) state=follower leader=1 trust=1.00 susp=0.00 cov=25.5%/94.3%
[R4] pos=(1312,326) state=follower leader=1 trust=1.00 susp=0.00 cov=26.6%/96.4%
[R4] pos=(1462,321) state=follower leader=1 trust=1.00 susp=0.00 cov=27.1%/97.4%
[R4] pos=(1662,313) state=follower leader=1 trust=1.00 susp=0.00 cov=28.1%/98.4%
[R4] pos=(1784,458) state=follower leader=1 trust=1.00 susp=0.00 cov=29.2%/100.0%
[R4] pos=(1923,666) state=follower leader=1 trust=1.00 susp=0.00 cov=30.7%/100.0%
[R4] pos=(1925,686) state=follower leader=1 trust=1.00 susp=0.00 cov=30.7%/100.0%
[R4] pos=(1925,686) state=follower leader=1 trust=1.00 susp=0.00 cov=30.7%/100.0%
[R4] pos=(1925,686) state=follower leader=1 trust=1.00 susp=0.00 cov=30.7%/100.0%
[R4] pos=(1925,686) state=follower leader=1 trust=1.00 susp=0.00 cov=30.7%/100.0%
[R4] pos=(1925,686) state=follower leader=1 trust=1.00 susp=0.00 cov=30.7%/100.0%
[R4] pos=(1925,686) state=follower leader=1 trust=1.00 susp=0.00 cov=30.7%/100.0%
[R4] pos=(1925,686) state=follower leader=1 trust=1.00 susp=0.00 cov=30.7%/100.0%
[R4] pos=(1925,686) state=follower leader=1 trust=1.00 susp=0.00 cov=30.7%/100.0%
[R4] pos=(1925,686) state=follower leader=1 trust=1.00 susp=0.00 cov=30.7%/100.0%
[R4] pos=(1925,686) state=follower leader=1 trust=1.00 susp=0.00 cov=30.7%/100.0%
[R4] pos=(1925,686) state=follower leader=1 trust=1.00 susp=0.00 cov=30.7%/100.0%
[R4] pos=(1925,686) state=follower leader=1 trust=1.00 susp=0.00 cov=30.7%/100.0%
[R4] pos=(1925,686) state=follower leader=1 trust=1.00 susp=0.00 cov=30.7%/100.0%
[R4] pos=(1925,686) state=follower leader=1 trust=1.00 susp=0.00 cov=30.7%/100.0%
[R4] pos=(1925,686) state=follower leader=1 trust=1.00 susp=0.00 cov=30.7%/100.0%
[R4] pos=(1925,686) state=follower leader=1 trust=1.00 susp=0.00 cov=30.7%/100.0%
[R4] pos=(1925,686) state=follower leader=1 trust=1.00 susp=0.00 cov=30.7%/100.0%
[R4] pos=(1925,686) state=follower leader=1 trust=1.00 susp=0.00 cov=30.7%/100.0%
[R4] pos=(1925,686) state=follower leader=1 trust=1.00 susp=0.00 cov=30.7%/100.0%
[R4] pos=(1925,686) state=follower leader=1 trust=1.00 susp=0.00 cov=30.7%/100.0%
[R4] pos=(1925,686) state=follower leader=1 trust=1.00 susp=0.00 cov=30.7%/100.0%
[R4] pos=(1925,686) state=follower leader=1 trust=1.00 susp=0.00 cov=30.7%/100.0%
[R4] pos=(1925,686) state=follower leader=1 trust=1.00 susp=0.00 cov=30.7%/100.0%
[R4] pos=(1925,686) state=follower leader=1 trust=1.00 susp=0.00 cov=30.7%/100.0%
[R4] pos=(1925,686) state=follower leader=1 trust=1.00 susp=0.00 cov=30.7%/100.0%
[R4] pos=(1925,686) state=follower leader=1 trust=1.00 susp=0.00 cov=30.7%/100.0%
[R4] pos=(1925,686) state=follower leader=1 trust=1.00 susp=0.00 cov=30.7%/100.0%
