[WARN] Hardware modules not available - simulation mode
=== RAFT Baseline - Robot 2 [SIM] ===
NO TRUST. Heartbeat timeout only.

  Logging to: logs/raft_2_20260226_185526.jsonl
Initializing hardware...
  Hardware: SIMULATED
[INFO] Position socket listening on port 9102
[INFO] Peer socket listening on port 9202
[INFO] Fault socket listening on port 9302
Ready!

Running RAFT baseline... Press Ctrl+C to stop

[R2] state=follower leader=None term=0 cov=0.0%/0.0%
[R2] state=follower leader=4 term=1 cov=0.5%/0.5%
[R2] state=follower leader=4 term=1 cov=2.6%/14.1%
[R2] state=follower leader=4 term=1 cov=5.7%/25.5%
[R2] state=follower leader=4 term=1 cov=7.8%/35.9%
[R2] state=follower leader=4 term=1 cov=10.4%/47.4%
[R2] state=follower leader=4 term=1 cov=13.0%/58.3%
[R2] state=follower leader=4 term=1 cov=15.6%/68.8%
[R2] state=follower leader=4 term=1 cov=17.2%/77.1%
[R2] state=follower leader=4 term=1 cov=19.3%/87.5%
[R2] state=follower leader=4 term=1 cov=21.4%/95.3%
[R2] state=follower leader=4 term=1 cov=22.9%/99.0%
[R2] state=follower leader=4 term=1 cov=22.9%/100.0%
[R2] state=follower leader=4 term=1 cov=22.9%/100.0%
[R2] state=follower leader=4 term=1 cov=22.9%/100.0%
[R2] state=follower leader=4 term=1 cov=22.9%/100.0%
[R2] state=follower leader=4 term=1 cov=22.9%/100.0%
[R2] state=follower leader=4 term=1 cov=22.9%/100.0%
[R2] state=follower leader=4 term=1 cov=22.9%/100.0%
[R2] state=follower leader=4 term=1 cov=22.9%/100.0%
[R2] state=follower leader=4 term=1 cov=22.9%/100.0%
[R2] state=follower leader=4 term=1 cov=22.9%/100.0%
[R2] state=follower leader=4 term=1 cov=22.9%/100.0%
[R2] state=follower leader=4 term=1 cov=22.9%/100.0%
[R2] state=follower leader=4 term=1 cov=22.9%/100.0%
[R2] state=follower leader=4 term=1 cov=22.9%/100.0%
[R2] state=follower leader=4 term=1 cov=22.9%/100.0%
[R2] state=follower leader=4 term=1 cov=22.9%/100.0%
[R2] state=follower leader=4 term=1 cov=22.9%/100.0%
[R2] state=follower leader=4 term=1 cov=22.9%/100.0%
[R2] state=follower leader=4 term=1 cov=22.9%/100.0%
[R2] state=follower leader=4 term=1 cov=22.9%/100.0%
[R2] state=follower leader=4 term=1 cov=22.9%/100.0%
[R2] state=follower leader=4 term=1 cov=22.9%/100.0%
[R2] state=follower leader=4 term=1 cov=22.9%/100.0%
[R2] state=follower leader=4 term=1 cov=22.9%/100.0%
[R2] state=follower leader=4 term=1 cov=22.9%/100.0%
[R2] state=follower leader=4 term=1 cov=22.9%/100.0%
[R2] state=follower leader=4 term=1 cov=22.9%/100.0%
[R2] state=follower leader=4 term=1 cov=22.9%/100.0%
[R2] state=follower leader=4 term=1 cov=22.9%/100.0%
[R2] state=follower leader=4 term=1 cov=22.9%/100.0%
[R2] state=follower leader=4 term=1 cov=22.9%/100.0%
[R2] state=follower leader=4 term=1 cov=22.9%/100.0%
[R2] state=follower leader=4 term=1 cov=22.9%/100.0%
[R2] state=follower leader=4 term=1 cov=22.9%/100.0%
[R2] state=follower leader=4 term=1 cov=22.9%/100.0%
[R2] state=follower leader=4 term=1 cov=22.9%/100.0%
[R2] state=follower leader=4 term=1 cov=22.9%/100.0%
[R2] state=follower leader=4 term=1 cov=22.9%/100.0%
[R2] state=follower leader=4 term=1 cov=22.9%/100.0%
[R2] state=follower leader=4 term=1 cov=22.9%/100.0%
[R2] state=follower leader=4 term=1 cov=22.9%/100.0%
[R2] state=follower leader=4 term=1 cov=22.9%/100.0%
[R2] state=follower leader=4 term=1 cov=22.9%/100.0%
[R2] state=follower leader=4 term=1 cov=22.9%/100.0%
[R2] state=follower leader=4 term=1 cov=22.9%/100.0%
[R2] state=follower leader=4 term=1 cov=22.9%/100.0%
[R2] state=follower leader=4 term=1 cov=22.9%/100.0%
[R2] state=follower leader=4 term=1 cov=22.9%/100.0%
[R2] state=follower leader=4 term=1 cov=22.9%/100.0%
[R2] state=follower leader=4 term=1 cov=22.9%/100.0%
