[WARN] Hardware modules not available - running in simulation mode
=== REIP Node - Robot 3 [SIM (unique ports)] ===
Trust Model: Three-tier confidence-weighted
  Personal: 1.0, ToF: 1.0, Peer: 0.3
  Suspicion threshold: 1.5, Recovery: 0.1

  Logging to: logs/robot_3_20260226_185822.jsonl
Initializing hardware...
  Hardware: SIMULATED
[INFO] Position socket listening on port 6103
[INFO] Peer socket listening on port 6203
[INFO] Fault socket listening on port 6303
Ready!

=== Detection Bounds: T1=2 cmds, T3=8 cmds | Impeachment: T1=8 cmds, T3=32 cmds ===
Running... Press Ctrl+C to stop

[ELECTION] New leader: 3
[R3] pos=(0,0) state=leader leader=3 trust=1.00 susp=0.00 cov=0.0%/0.0%
[ELECTION] New leader: 1
[R3] pos=(1205,203) state=follower leader=1 trust=1.00 susp=0.00 cov=0.5%/0.5%
[R3] pos=(938,283) state=follower leader=1 trust=1.00 susp=0.00 cov=2.6%/13.0%
[R3] pos=(858,312) state=follower leader=1 trust=1.00 susp=0.00 cov=3.6%/22.4%
[R3] pos=(551,184) state=follower leader=1 trust=1.00 susp=0.00 cov=6.8%/35.4%
[R3] pos=(239,75) state=follower leader=1 trust=1.00 susp=0.00 cov=8.9%/48.4%
[R3] pos=(180,430) state=follower leader=1 trust=1.00 susp=0.00 cov=12.0%/60.4%
[R3] pos=(182,897) state=follower leader=1 trust=1.00 susp=0.00 cov=15.1%/72.4%
[R3] pos=(186,1308) state=follower leader=1 trust=1.00 susp=0.00 cov=18.8%/79.7%
[R3] pos=(377,1292) state=follower leader=1 trust=1.00 susp=0.00 cov=20.8%/87.5%
[R3] pos=(531,1425) state=follower leader=1 trust=1.00 susp=0.00 cov=22.9%/93.8%
[R3] pos=(241,1425) state=follower leader=1 trust=1.00 susp=0.00 cov=24.5%/96.4%
[R3] pos=(241,1425) state=follower leader=1 trust=1.00 susp=0.00 cov=24.5%/96.4%
[R3] pos=(241,1425) state=follower leader=1 trust=1.00 susp=0.00 cov=24.5%/96.4%
[R3] pos=(241,1425) state=follower leader=1 trust=1.00 susp=0.00 cov=24.5%/96.4%
[R3] pos=(241,1425) state=follower leader=1 trust=1.00 susp=0.00 cov=24.5%/96.4%
[R3] pos=(241,1425) state=follower leader=1 trust=1.00 susp=0.00 cov=24.5%/96.4%
[R3] pos=(241,1425) state=follower leader=1 trust=1.00 susp=0.00 cov=24.5%/96.4%
[R3] pos=(241,1425) state=follower leader=1 trust=1.00 susp=0.00 cov=24.5%/96.4%
[R3] pos=(188,1204) state=follower leader=1 trust=1.00 susp=0.00 cov=24.5%/96.9%
[R3] pos=(88,715) state=follower leader=1 trust=1.00 susp=0.00 cov=25.5%/97.4%
[R3] pos=(75,75) state=follower leader=1 trust=1.00 susp=0.00 cov=28.1%/100.0%
[R3] pos=(75,75) state=follower leader=1 trust=1.00 susp=0.00 cov=28.1%/100.0%
[R3] pos=(75,75) state=follower leader=1 trust=1.00 susp=0.00 cov=28.1%/100.0%
[R3] pos=(75,75) state=follower leader=1 trust=1.00 susp=0.00 cov=28.1%/100.0%
[R3] pos=(75,75) state=follower leader=1 trust=1.00 susp=0.00 cov=28.1%/100.0%
[R3] pos=(75,75) state=follower leader=1 trust=1.00 susp=0.00 cov=28.1%/100.0%
[R3] pos=(75,75) state=follower leader=1 trust=1.00 susp=0.00 cov=28.1%/100.0%
[R3] pos=(75,75) state=follower leader=1 trust=1.00 susp=0.00 cov=28.1%/100.0%
[R3] pos=(75,75) state=follower leader=1 trust=1.00 susp=0.00 cov=28.1%/100.0%
[R3] pos=(75,75) state=follower leader=1 trust=1.00 susp=0.00 cov=28.1%/100.0%
[R3] pos=(75,75) state=follower leader=1 trust=1.00 susp=0.00 cov=28.1%/100.0%
[R3] pos=(75,75) state=follower leader=1 trust=1.00 susp=0.00 cov=28.1%/100.0%
[R3] pos=(75,75) state=follower leader=1 trust=1.00 susp=0.00 cov=28.1%/100.0%
[R3] pos=(75,75) state=follower leader=1 trust=1.00 susp=0.00 cov=28.1%/100.0%
[R3] pos=(75,75) state=follower leader=1 trust=1.00 susp=0.00 cov=28.1%/100.0%
[R3] pos=(75,75) state=follower leader=1 trust=1.00 susp=0.00 cov=28.1%/100.0%
[R3] pos=(75,75) state=follower leader=1 trust=1.00 susp=0.00 cov=28.1%/100.0%
[R3] pos=(75,75) state=follower leader=1 trust=1.00 susp=0.00 cov=28.1%/100.0%
[R3] pos=(75,75) state=follower leader=1 trust=1.00 susp=0.00 cov=28.1%/100.0%
[R3] pos=(75,75) state=follower leader=1 trust=1.00 susp=0.00 cov=28.1%/100.0%
[R3] pos=(75,75) state=follower leader=1 trust=1.00 susp=0.00 cov=28.1%/100.0%
[R3] pos=(75,75) state=follower leader=1 trust=1.00 susp=0.00 cov=28.1%/100.0%
[R3] pos=(75,75) state=follower leader=1 trust=1.00 susp=0.00 cov=28.1%/100.0%
[R3] pos=(75,75) state=follower leader=1 trust=1.00 susp=0.00 cov=28.1%/100.0%
[R3] pos=(75,75) state=follower leader=1 trust=1.00 susp=0.00 cov=28.1%/100.0%
[R3] pos=(75,75) state=follower leader=1 trust=1.00 susp=0.00 cov=28.1%/100.0%
[R3] pos=(75,75) state=follower leader=1 trust=1.00 susp=0.00 cov=28.1%/100.0%
[R3] pos=(75,75) state=follower leader=1 trust=1.00 susp=0.00 cov=28.1%/100.0%
[R3] pos=(75,75) state=follower leader=1 trust=1.00 susp=0.00 cov=28.1%/100.0%
[R3] pos=(75,75) state=follower leader=1 trust=1.00 susp=0.00 cov=28.1%/100.0%
[R3] pos=(75,75) state=follower leader=1 trust=1.00 susp=0.00 cov=28.1%/100.0%
[R3] pos=(75,75) state=follower leader=1 trust=1.00 susp=0.00 cov=28.1%/100.0%
[R3] pos=(75,75) state=follower leader=1 trust=1.00 susp=0.00 cov=28.1%/100.0%
[R3] pos=(75,75) state=follower leader=1 trust=1.00 susp=0.00 cov=28.1%/100.0%
[R3] pos=(75,75) state=follower leader=1 trust=1.00 susp=0.00 cov=28.1%/100.0%
[R3] pos=(75,75) state=follower leader=1 trust=1.00 susp=0.00 cov=28.1%/100.0%
[R3] pos=(75,75) state=follower leader=1 trust=1.00 susp=0.00 cov=28.1%/100.0%
[R3] pos=(75,75) state=follower leader=1 trust=1.00 susp=0.00 cov=28.1%/100.0%
[R3] pos=(75,75) state=follower leader=1 trust=1.00 susp=0.00 cov=28.1%/100.0%
[R3] pos=(75,75) state=follower leader=1 trust=1.00 susp=0.00 cov=28.1%/100.0%
[R3] pos=(75,75) state=follower leader=1 trust=1.00 susp=0.00 cov=28.1%/100.0%
[R3] pos=(75,75) state=follower leader=1 trust=1.00 susp=0.00 cov=28.1%/100.0%
[R3] pos=(75,75) state=follower leader=1 trust=1.00 susp=0.00 cov=28.1%/100.0%
[R3] pos=(75,75) state=follower leader=1 trust=1.00 susp=0.00 cov=28.1%/100.0%
[R3] pos=(75,75) state=follower leader=1 trust=1.00 susp=0.00 cov=28.1%/100.0%
[R3] pos=(75,75) state=follower leader=1 trust=1.00 susp=0.00 cov=28.1%/100.0%
[R3] pos=(75,75) state=follower leader=1 trust=1.00 susp=0.00 cov=28.1%/100.0%
[R3] pos=(75,75) state=follower leader=1 trust=1.00 susp=0.00 cov=28.1%/100.0%
[R3] pos=(75,75) state=follower leader=1 trust=1.00 susp=0.00 cov=28.1%/100.0%
[R3] pos=(75,75) state=follower leader=1 trust=1.00 susp=0.00 cov=28.1%/100.0%
[R3] pos=(75,75) state=follower leader=1 trust=1.00 susp=0.00 cov=28.1%/100.0%
[R3] pos=(75,75) state=follower leader=1 trust=1.00 susp=0.00 cov=28.1%/100.0%
[R3] pos=(75,75) state=follower leader=1 trust=1.00 susp=0.00 cov=28.1%/100.0%
[R3] pos=(75,75) state=follower leader=1 trust=1.00 susp=0.00 cov=28.1%/100.0%
[R3] pos=(75,75) state=follower leader=1 trust=1.00 susp=0.00 cov=28.1%/100.0%
[R3] pos=(75,75) state=follower leader=1 trust=1.00 susp=0.00 cov=28.1%/100.0%
[R3] pos=(75,75) state=follower leader=1 trust=1.00 susp=0.00 cov=28.1%/100.0%
[R3] pos=(75,75) state=follower leader=1 trust=1.00 susp=0.00 cov=28.1%/100.0%
[R3] pos=(75,75) state=follower leader=1 trust=1.00 susp=0.00 cov=28.1%/100.0%
[R3] pos=(75,75) state=follower leader=1 trust=1.00 susp=0.00 cov=28.1%/100.0%
[R3] pos=(75,75) state=follower leader=1 trust=1.00 susp=0.00 cov=28.1%/100.0%
[R3] pos=(75,75) state=follower leader=1 trust=1.00 susp=0.00 cov=28.1%/100.0%
[R3] pos=(75,75) state=follower leader=1 trust=1.00 susp=0.00 cov=28.1%/100.0%
[R3] pos=(75,75) state=follower leader=1 trust=1.00 susp=0.00 cov=28.1%/100.0%
[R3] pos=(75,75) state=follower leader=1 trust=1.00 susp=0.00 cov=28.1%/100.0%
[R3] pos=(75,75) state=follower leader=1 trust=1.00 susp=0.00 cov=28.1%/100.0%
[R3] pos=(75,75) state=follower leader=1 trust=1.00 susp=0.00 cov=28.1%/100.0%
[R3] pos=(75,75) state=follower leader=1 trust=1.00 susp=0.00 cov=28.1%/100.0%
[R3] pos=(75,75) state=follower leader=1 trust=1.00 susp=0.00 cov=28.1%/100.0%
[R3] pos=(75,75) state=follower leader=1 trust=1.00 susp=0.00 cov=28.1%/100.0%
