[WARN] Hardware modules not available - running in simulation mode
=== REIP Node - Robot 2 [SIM (unique ports)] ===
Trust Model: Three-tier confidence-weighted
  Personal: 1.0, ToF: 1.0, Peer: 0.3
  Suspicion threshold: 1.5, Recovery: 0.1

  Logging to: logs/robot_2_20260226_083824.jsonl
Initializing hardware...
  Hardware: SIMULATED
[INFO] Position socket listening on port 7102
[INFO] Peer socket listening on port 7202
[INFO] Fault socket listening on port 7302
Ready!

=== Detection Bounds: T1=2 cmds, T3=8 cmds | Impeachment: T1=8 cmds, T3=32 cmds ===
Running... Press Ctrl+C to stop

[ELECTION] New leader: 2
[R2] pos=(0,0) state=leader leader=2 trust=1.00 susp=0.00 cov=0.0%/0.0%
[ELECTION] New leader: 1
[R2] pos=(707,583) state=follower leader=1 trust=1.00 susp=0.00 cov=0.5%/0.5%
[R2] pos=(718,430) state=follower leader=1 trust=1.00 susp=0.00 cov=2.1%/10.4%
[R2] pos=(886,322) state=follower leader=1 trust=1.00 susp=0.00 cov=4.7%/20.3%
[R2] pos=(837,337) state=follower leader=1 trust=1.00 susp=0.00 cov=4.7%/30.7%
[R2] pos=(863,363) state=follower leader=1 trust=1.00 susp=0.00 cov=4.7%/39.1%
[R2] pos=(772,272) state=follower leader=1 trust=1.00 susp=0.00 cov=4.7%/46.9%
[R2] pos=(776,230) state=follower leader=1 trust=1.00 susp=0.00 cov=5.2%/55.2%
[R2] pos=(438,296) state=follower leader=1 trust=1.00 susp=0.00 cov=8.3%/63.0%
[R2] pos=(207,190) state=follower leader=1 trust=1.00 susp=0.00 cov=10.9%/69.8%
[R2] pos=(75,98) state=follower leader=1 trust=1.00 susp=0.00 cov=13.5%/80.7%
[MPC] Moderate mismatch: best alignment 131ｰ, error=0.27
[R2] pos=(179,435) state=follower leader=1 trust=1.00 susp=0.00 cov=15.1%/89.6%
[MPC] Moderate mismatch: best alignment 116ｰ, error=0.17
[R2] pos=(135,1100) state=follower leader=1 trust=1.00 susp=0.00 cov=18.2%/95.8%
[R2] pos=(648,1327) state=follower leader=1 trust=1.00 susp=0.00 cov=21.9%/99.5%
[R2] pos=(1688,1416) state=follower leader=1 trust=1.00 susp=0.00 cov=26.0%/99.5%
[R2] pos=(1925,1425) state=follower leader=1 trust=1.00 susp=0.00 cov=27.1%/100.0%
[R2] pos=(1925,1425) state=follower leader=1 trust=1.00 susp=0.00 cov=27.1%/100.0%
[TRUST] Bad command #1 (peer_reported): suspicion +0.30 = 0.30
[TRUST] Bad command #2 (peer_reported): suspicion +0.30 = 0.60
[TRUST] Bad command #3 (personal_visited): suspicion +1.00 = 1.60
[DETECT] First trust decay after 3 bad commands (0.42s) [Theoretical bound: T1=2, T3=8]
[TRUST] Trust decayed: trust=0.80, remaining suspicion=0.10
[TRUST] Bad command #4 (personal_visited): suspicion +1.00 = 1.10
[TRUST] Bad command #5 (peer_reported): suspicion +0.30 = 1.40
[TRUST] Bad command #6 (peer_reported): suspicion +0.30 = 1.70
[TRUST] Trust decayed: trust=0.60, remaining suspicion=0.20
[TRUST] Bad command #7 (peer_reported): suspicion +0.30 = 0.50
[TRUST] Bad command #8 (personal_visited): suspicion +1.00 = 1.50
[TRUST] Trust decayed: trust=0.40, remaining suspicion=0.00
[TRUST] Bad command #9 (peer_reported): suspicion +0.30 = 0.30
[TRUST] Bad command #10 (peer_reported): suspicion +0.30 = 0.60
[ELECTION] Leader 1 impeached (failures=1)
[ELECTION] New leader: 2
[R2] pos=(1477,1256) state=leader leader=2 trust=1.00 susp=0.00 cov=29.7%/100.0%
[R2] pos=(765,720) state=leader leader=2 trust=1.00 susp=0.00 cov=34.4%/100.0%
[R2] pos=(75,75) state=leader leader=2 trust=1.00 susp=0.00 cov=35.4%/100.0%
[R2] pos=(75,75) state=leader leader=2 trust=1.00 susp=0.00 cov=35.4%/100.0%
[R2] pos=(75,75) state=leader leader=2 trust=1.00 susp=0.00 cov=35.4%/100.0%
[R2] pos=(75,75) state=leader leader=2 trust=1.00 susp=0.00 cov=35.4%/100.0%
[R2] pos=(75,75) state=leader leader=2 trust=1.00 susp=0.00 cov=35.4%/100.0%
[R2] pos=(75,75) state=leader leader=2 trust=1.00 susp=0.00 cov=35.4%/100.0%
[R2] pos=(75,75) state=leader leader=2 trust=1.00 susp=0.00 cov=35.4%/100.0%
[R2] pos=(75,75) state=leader leader=2 trust=1.00 susp=0.00 cov=35.4%/100.0%
[R2] pos=(75,75) state=leader leader=2 trust=1.00 susp=0.00 cov=35.4%/100.0%
[R2] pos=(75,75) state=leader leader=2 trust=1.00 susp=0.00 cov=35.4%/100.0%
[R2] pos=(75,75) state=leader leader=2 trust=1.00 susp=0.00 cov=35.4%/100.0%
[R2] pos=(75,75) state=leader leader=2 trust=1.00 susp=0.00 cov=35.4%/100.0%
[R2] pos=(75,75) state=leader leader=2 trust=1.00 susp=0.00 cov=35.4%/100.0%
[R2] pos=(75,75) state=leader leader=2 trust=1.00 susp=0.00 cov=35.4%/100.0%
[R2] pos=(75,75) state=leader leader=2 trust=1.00 susp=0.00 cov=35.4%/100.0%
[R2] pos=(75,75) state=leader leader=2 trust=1.00 susp=0.00 cov=35.4%/100.0%
[R2] pos=(75,75) state=leader leader=2 trust=1.00 susp=0.00 cov=35.4%/100.0%
[R2] pos=(75,75) state=leader leader=2 trust=1.00 susp=0.00 cov=35.4%/100.0%
[R2] pos=(75,75) state=leader leader=2 trust=1.00 susp=0.00 cov=35.4%/100.0%
[R2] pos=(75,75) state=leader leader=2 trust=1.00 susp=0.00 cov=35.4%/100.0%
[R2] pos=(75,75) state=leader leader=2 trust=1.00 susp=0.00 cov=35.4%/100.0%
[R2] pos=(75,75) state=leader leader=2 trust=1.00 susp=0.00 cov=35.4%/100.0%
[R2] pos=(75,75) state=leader leader=2 trust=1.00 susp=0.00 cov=35.4%/100.0%
[R2] pos=(75,75) state=leader leader=2 trust=1.00 susp=0.00 cov=35.4%/100.0%
[R2] pos=(75,75) state=leader leader=2 trust=1.00 susp=0.00 cov=35.4%/100.0%
[R2] pos=(75,75) state=leader leader=2 trust=1.00 susp=0.00 cov=35.4%/100.0%
[R2] pos=(75,75) state=leader leader=2 trust=1.00 susp=0.00 cov=35.4%/100.0%
[R2] pos=(75,75) state=leader leader=2 trust=1.00 susp=0.00 cov=35.4%/100.0%
[R2] pos=(75,75) state=leader leader=2 trust=1.00 susp=0.00 cov=35.4%/100.0%
[R2] pos=(75,75) state=leader leader=2 trust=1.00 susp=0.00 cov=35.4%/100.0%
[R2] pos=(75,75) state=leader leader=2 trust=1.00 susp=0.00 cov=35.4%/100.0%
[R2] pos=(75,75) state=leader leader=2 trust=1.00 susp=0.00 cov=35.4%/100.0%
[R2] pos=(75,75) state=leader leader=2 trust=1.00 susp=0.00 cov=35.4%/100.0%
[R2] pos=(75,75) state=leader leader=2 trust=1.00 susp=0.00 cov=35.4%/100.0%
[R2] pos=(75,75) state=leader leader=2 trust=1.00 susp=0.00 cov=35.4%/100.0%
[R2] pos=(75,75) state=leader leader=2 trust=1.00 susp=0.00 cov=35.4%/100.0%
[R2] pos=(75,75) state=leader leader=2 trust=1.00 susp=0.00 cov=35.4%/100.0%
[R2] pos=(75,75) state=leader leader=2 trust=1.00 susp=0.00 cov=35.4%/100.0%
[R2] pos=(75,75) state=leader leader=2 trust=1.00 susp=0.00 cov=35.4%/100.0%
[R2] pos=(75,75) state=leader leader=2 trust=1.00 susp=0.00 cov=35.4%/100.0%
[R2] pos=(75,75) state=leader leader=2 trust=1.00 susp=0.00 cov=35.4%/100.0%
[R2] pos=(75,75) state=leader leader=2 trust=1.00 susp=0.00 cov=35.4%/100.0%
