[WARN] Hardware modules not available - running in simulation mode
=== REIP Node - Robot 3 [SIM (unique ports)] ===
Trust Model: Three-tier confidence-weighted
  Personal: 1.0, ToF: 1.0, Peer: 0.3
  Suspicion threshold: 1.5, Recovery: 0.1

  Logging to: logs/robot_3_20260226_173820.jsonl
Initializing hardware...
  Hardware: SIMULATED
[INFO] Position socket listening on port 7103
[INFO] Peer socket listening on port 7203
[INFO] Fault socket listening on port 7303
Ready!

=== Detection Bounds: T1=2 cmds, T3=8 cmds | Impeachment: T1=8 cmds, T3=32 cmds ===
Running... Press Ctrl+C to stop

[ELECTION] New leader: 3
[R3] pos=(0,0) state=leader leader=3 trust=1.00 susp=0.00 cov=0.0%/0.0%
[ELECTION] New leader: 1
[R3] pos=(908,443) state=follower leader=1 trust=1.00 susp=0.00 cov=0.5%/0.5%
[R3] pos=(765,607) state=follower leader=1 trust=1.00 susp=0.00 cov=2.6%/11.5%
[R3] pos=(455,686) state=follower leader=1 trust=1.00 susp=0.00 cov=4.7%/19.3%
[R3] pos=(195,686) state=follower leader=1 trust=1.00 susp=0.00 cov=7.3%/31.2%
[R3] pos=(75,937) state=follower leader=1 trust=1.00 susp=0.00 cov=9.9%/43.8%
[R3] pos=(233,858) state=follower leader=1 trust=1.00 susp=0.00 cov=10.9%/52.6%
[R3] pos=(443,1393) state=follower leader=1 trust=1.00 susp=0.00 cov=14.6%/65.6%
[R3] pos=(420,1425) state=follower leader=1 trust=1.00 susp=0.00 cov=15.6%/75.5%
[R3] pos=(203,1425) state=follower leader=1 trust=1.00 susp=0.00 cov=16.1%/87.0%
[R3] pos=(487,1414) state=follower leader=1 trust=1.00 susp=0.00 cov=17.7%/98.4%
[R3] pos=(1177,637) state=follower leader=1 trust=1.00 susp=0.00 cov=22.4%/100.0%
[R3] pos=(1637,75) state=follower leader=1 trust=1.00 susp=0.00 cov=25.5%/100.0%
[R3] pos=(1660,75) state=follower leader=1 trust=1.00 susp=0.00 cov=26.0%/100.0%
[R3] pos=(1742,75) state=follower leader=1 trust=1.00 susp=0.00 cov=26.0%/100.0%
[R3] pos=(1754,75) state=follower leader=1 trust=1.00 susp=0.00 cov=26.0%/100.0%
[R3] pos=(1728,75) state=follower leader=1 trust=1.00 susp=0.00 cov=26.0%/100.0%
[R3] pos=(1620,75) state=follower leader=1 trust=1.00 susp=0.00 cov=26.6%/100.0%
[R3] pos=(1651,75) state=follower leader=1 trust=1.00 susp=0.00 cov=26.6%/100.0%
[R3] pos=(1750,75) state=follower leader=1 trust=1.00 susp=0.00 cov=26.6%/100.0%
[R3] pos=(1752,75) state=follower leader=1 trust=1.00 susp=0.00 cov=26.6%/100.0%
[R3] pos=(1743,75) state=follower leader=1 trust=1.00 susp=0.00 cov=26.6%/100.0%
[R3] pos=(1627,75) state=follower leader=1 trust=1.00 susp=0.00 cov=26.6%/100.0%
[R3] pos=(1634,75) state=follower leader=1 trust=1.00 susp=0.00 cov=26.6%/100.0%
[R3] pos=(1651,75) state=follower leader=1 trust=1.00 susp=0.00 cov=26.6%/100.0%
[R3] pos=(1742,75) state=follower leader=1 trust=1.00 susp=0.00 cov=26.6%/100.0%
[R3] pos=(1746,75) state=follower leader=1 trust=1.00 susp=0.00 cov=26.6%/100.0%
[R3] pos=(1657,75) state=follower leader=1 trust=1.00 susp=0.00 cov=26.6%/100.0%
[R3] pos=(1657,75) state=follower leader=1 trust=1.00 susp=0.00 cov=26.6%/100.0%
[R3] pos=(1635,75) state=follower leader=1 trust=1.00 susp=0.00 cov=26.6%/100.0%
[R3] pos=(1719,75) state=follower leader=1 trust=1.00 susp=0.00 cov=26.6%/100.0%
[R3] pos=(1717,75) state=follower leader=1 trust=1.00 susp=0.00 cov=26.6%/100.0%
[R3] pos=(1648,75) state=follower leader=1 trust=1.00 susp=0.00 cov=26.6%/100.0%
[R3] pos=(1655,75) state=follower leader=1 trust=1.00 susp=0.00 cov=26.6%/100.0%
[R3] pos=(1630,75) state=follower leader=1 trust=1.00 susp=0.00 cov=26.6%/100.0%
[R3] pos=(1718,75) state=follower leader=1 trust=1.00 susp=0.00 cov=26.6%/100.0%
[R3] pos=(1730,75) state=follower leader=1 trust=1.00 susp=0.00 cov=26.6%/100.0%
[R3] pos=(1647,75) state=follower leader=1 trust=1.00 susp=0.00 cov=26.6%/100.0%
[R3] pos=(1635,75) state=follower leader=1 trust=1.00 susp=0.00 cov=26.6%/100.0%
[R3] pos=(1648,75) state=follower leader=1 trust=1.00 susp=0.00 cov=26.6%/100.0%
[R3] pos=(1742,75) state=follower leader=1 trust=1.00 susp=0.00 cov=26.6%/100.0%
[R3] pos=(1733,75) state=follower leader=1 trust=1.00 susp=0.00 cov=26.6%/100.0%
[R3] pos=(1738,75) state=follower leader=1 trust=1.00 susp=0.00 cov=26.6%/100.0%
[R3] pos=(1632,75) state=follower leader=1 trust=1.00 susp=0.00 cov=26.6%/100.0%
[R3] pos=(1625,75) state=follower leader=1 trust=1.00 susp=0.00 cov=26.6%/100.0%
[R3] pos=(1754,75) state=follower leader=1 trust=1.00 susp=0.00 cov=26.6%/100.0%
[R3] pos=(1759,75) state=follower leader=1 trust=1.00 susp=0.00 cov=26.6%/100.0%
[R3] pos=(1746,75) state=follower leader=1 trust=1.00 susp=0.00 cov=26.6%/100.0%
[R3] pos=(1659,75) state=follower leader=1 trust=1.00 susp=0.00 cov=26.6%/100.0%
[R3] pos=(1636,75) state=follower leader=1 trust=1.00 susp=0.00 cov=26.6%/100.0%
[R3] pos=(1644,75) state=follower leader=1 trust=1.00 susp=0.00 cov=26.6%/100.0%
[R3] pos=(1728,75) state=follower leader=1 trust=1.00 susp=0.00 cov=26.6%/100.0%
[R3] pos=(1755,75) state=follower leader=1 trust=1.00 susp=0.00 cov=26.6%/100.0%
[R3] pos=(1632,75) state=follower leader=1 trust=1.00 susp=0.00 cov=26.6%/100.0%
[R3] pos=(1619,75) state=follower leader=1 trust=1.00 susp=0.00 cov=26.6%/100.0%
[R3] pos=(1618,75) state=follower leader=1 trust=1.00 susp=0.00 cov=26.6%/100.0%
[R3] pos=(1749,75) state=follower leader=1 trust=1.00 susp=0.00 cov=26.6%/100.0%
[R3] pos=(1757,75) state=follower leader=1 trust=1.00 susp=0.00 cov=26.6%/100.0%
[R3] pos=(1758,75) state=follower leader=1 trust=1.00 susp=0.00 cov=26.6%/100.0%
[R3] pos=(1659,75) state=follower leader=1 trust=1.00 susp=0.00 cov=26.6%/100.0%
[R3] pos=(1659,75) state=follower leader=1 trust=1.00 susp=0.00 cov=26.6%/100.0%
