[WARN] Hardware modules not available - simulation mode
=== RAFT Baseline - Robot 4 [SIM] ===
NO TRUST. Heartbeat timeout only.

  Logging to: logs/raft_4_20260226_182231.jsonl
Initializing hardware...
  Hardware: SIMULATED
[INFO] Position socket listening on port 9104
[INFO] Peer socket listening on port 9204
[INFO] Fault socket listening on port 9304
Ready!

Running RAFT baseline... Press Ctrl+C to stop

[R4] state=follower leader=None term=0 cov=0.0%/0.0%
[R4] state=follower leader=2 term=1 cov=0.5%/2.1%
[R4] state=follower leader=2 term=1 cov=2.6%/13.5%
[R4] state=follower leader=2 term=1 cov=5.7%/25.5%
[R4] state=follower leader=2 term=1 cov=8.3%/37.0%
[R4] state=follower leader=2 term=1 cov=9.4%/44.8%
[R4] state=follower leader=2 term=1 cov=10.9%/53.6%
[R4] state=follower leader=2 term=1 cov=10.9%/53.6%
[R4] state=follower leader=2 term=1 cov=12.5%/59.4%
[R4] state=follower leader=2 term=1 cov=12.5%/59.4%
[R4] state=follower leader=2 term=1 cov=13.5%/64.6%
[R4] state=follower leader=2 term=1 cov=15.6%/72.4%
[R4] state=follower leader=2 term=1 cov=16.7%/78.6%
[R4] state=follower leader=2 term=1 cov=16.7%/78.6%
[R4] state=follower leader=2 term=1 cov=17.7%/82.8%
[R4] state=follower leader=2 term=1 cov=18.2%/84.9%
[R4] state=follower leader=2 term=1 cov=18.2%/84.9%
[R4] state=follower leader=2 term=1 cov=19.3%/88.5%
[R4] state=follower leader=2 term=1 cov=19.8%/91.7%
[R4] state=follower leader=2 term=1 cov=20.3%/95.3%
[R4] state=follower leader=2 term=1 cov=20.3%/95.3%
[R4] state=follower leader=2 term=1 cov=20.8%/95.8%
[R4] state=follower leader=2 term=1 cov=20.8%/95.8%
[R4] state=follower leader=2 term=1 cov=21.4%/95.8%
[R4] state=follower leader=2 term=1 cov=22.4%/97.4%
[R4] state=follower leader=2 term=1 cov=22.4%/97.4%
[R4] state=follower leader=2 term=1 cov=22.4%/97.4%
[R4] state=follower leader=2 term=1 cov=22.4%/97.4%
[R4] state=follower leader=2 term=1 cov=22.4%/97.4%
[R4] state=follower leader=2 term=1 cov=22.4%/97.4%
[R4] state=follower leader=2 term=1 cov=22.4%/97.4%
[R4] state=follower leader=2 term=1 cov=22.4%/97.4%
[R4] state=follower leader=2 term=1 cov=22.4%/97.4%
[R4] state=follower leader=2 term=1 cov=22.4%/97.4%
[R4] state=follower leader=2 term=1 cov=22.4%/97.4%
[R4] state=follower leader=2 term=1 cov=22.4%/97.4%
[R4] state=follower leader=2 term=1 cov=22.4%/97.4%
[R4] state=follower leader=2 term=1 cov=22.4%/97.4%
[R4] state=follower leader=2 term=1 cov=22.4%/97.4%
[R4] state=follower leader=2 term=1 cov=22.4%/97.4%
[R4] state=follower leader=2 term=1 cov=22.4%/97.4%
[R4] state=follower leader=2 term=1 cov=22.4%/97.4%
[R4] state=follower leader=2 term=1 cov=22.9%/98.4%
[R4] state=follower leader=2 term=1 cov=25.0%/99.5%
[R4] state=follower leader=2 term=1 cov=25.0%/100.0%
[R4] state=follower leader=2 term=1 cov=25.0%/100.0%
[R4] state=follower leader=2 term=1 cov=25.0%/100.0%
[R4] state=follower leader=2 term=1 cov=25.0%/100.0%
[R4] state=follower leader=2 term=1 cov=25.0%/100.0%
[R4] state=follower leader=2 term=1 cov=25.0%/100.0%
[R4] state=follower leader=2 term=1 cov=25.0%/100.0%
[R4] state=follower leader=2 term=1 cov=25.0%/100.0%
[R4] state=follower leader=2 term=1 cov=25.0%/100.0%
[R4] state=follower leader=2 term=1 cov=25.0%/100.0%
[R4] state=follower leader=2 term=1 cov=25.0%/100.0%
[R4] state=follower leader=2 term=1 cov=25.0%/100.0%
[R4] state=follower leader=2 term=1 cov=25.0%/100.0%
[R4] state=follower leader=2 term=1 cov=25.0%/100.0%
[R4] state=follower leader=2 term=1 cov=25.0%/100.0%
[R4] state=follower leader=2 term=1 cov=25.0%/100.0%
[R4] state=follower leader=2 term=1 cov=25.0%/100.0%
