[WARN] Hardware modules not available - simulation mode
=== RAFT Baseline - Robot 3 [SIM] ===
NO TRUST. Heartbeat timeout only.

  Logging to: logs/raft_3_20260226_182231.jsonl
Initializing hardware...
  Hardware: SIMULATED
[INFO] Position socket listening on port 9103
[INFO] Peer socket listening on port 9203
[INFO] Fault socket listening on port 9303
Ready!

Running RAFT baseline... Press Ctrl+C to stop

[R3] state=follower leader=None term=0 cov=0.0%/0.0%
[R3] state=follower leader=2 term=1 cov=0.5%/2.1%
[R3] state=follower leader=2 term=1 cov=3.1%/13.5%
[R3] state=follower leader=2 term=1 cov=5.2%/25.0%
[R3] state=follower leader=2 term=1 cov=7.3%/37.0%
[R3] state=follower leader=2 term=1 cov=9.9%/44.8%
[R3] state=follower leader=2 term=1 cov=12.0%/53.6%
[R3] state=follower leader=2 term=1 cov=12.0%/53.6%
[R3] state=follower leader=2 term=1 cov=13.0%/59.4%
[R3] state=follower leader=2 term=1 cov=13.0%/59.4%
[R3] state=follower leader=2 term=1 cov=14.1%/64.6%
[R3] state=follower leader=2 term=1 cov=15.6%/72.4%
[R3] state=follower leader=2 term=1 cov=16.7%/78.6%
[R3] state=follower leader=2 term=1 cov=16.7%/78.6%
[R3] state=follower leader=2 term=1 cov=17.7%/82.8%
[R3] state=follower leader=2 term=1 cov=18.2%/84.9%
[R3] state=follower leader=2 term=1 cov=18.2%/84.9%
[R3] state=follower leader=2 term=1 cov=19.3%/88.5%
[R3] state=follower leader=2 term=1 cov=19.8%/91.7%
[R3] state=follower leader=2 term=1 cov=20.8%/95.3%
[R3] state=follower leader=2 term=1 cov=21.4%/95.3%
[R3] state=follower leader=2 term=1 cov=21.9%/95.8%
[R3] state=follower leader=2 term=1 cov=21.9%/95.8%
[R3] state=follower leader=2 term=1 cov=22.4%/95.8%
[R3] state=follower leader=2 term=1 cov=24.0%/97.4%
[R3] state=follower leader=2 term=1 cov=24.0%/97.4%
[R3] state=follower leader=2 term=1 cov=24.0%/97.4%
[R3] state=follower leader=2 term=1 cov=24.0%/97.4%
[R3] state=follower leader=2 term=1 cov=24.0%/97.4%
[R3] state=follower leader=2 term=1 cov=24.0%/97.4%
[R3] state=follower leader=2 term=1 cov=24.0%/97.4%
[R3] state=follower leader=2 term=1 cov=24.0%/97.4%
[R3] state=follower leader=2 term=1 cov=24.0%/97.4%
[R3] state=follower leader=2 term=1 cov=24.0%/97.4%
[R3] state=follower leader=2 term=1 cov=24.0%/97.4%
[R3] state=follower leader=2 term=1 cov=24.0%/97.4%
[R3] state=follower leader=2 term=1 cov=24.0%/97.4%
[R3] state=follower leader=2 term=1 cov=24.0%/97.4%
[R3] state=follower leader=2 term=1 cov=24.0%/97.4%
[R3] state=follower leader=2 term=1 cov=24.0%/97.4%
[R3] state=follower leader=2 term=1 cov=24.0%/97.4%
[R3] state=follower leader=2 term=1 cov=24.0%/97.4%
[R3] state=follower leader=2 term=1 cov=24.5%/98.4%
[R3] state=follower leader=2 term=1 cov=26.6%/99.5%
[R3] state=follower leader=2 term=1 cov=26.6%/100.0%
[R3] state=follower leader=2 term=1 cov=26.6%/100.0%
[R3] state=follower leader=2 term=1 cov=26.6%/100.0%
[R3] state=follower leader=2 term=1 cov=26.6%/100.0%
[R3] state=follower leader=2 term=1 cov=26.6%/100.0%
[R3] state=follower leader=2 term=1 cov=26.6%/100.0%
[R3] state=follower leader=2 term=1 cov=26.6%/100.0%
[R3] state=follower leader=2 term=1 cov=26.6%/100.0%
[R3] state=follower leader=2 term=1 cov=26.6%/100.0%
[R3] state=follower leader=2 term=1 cov=26.6%/100.0%
[R3] state=follower leader=2 term=1 cov=26.6%/100.0%
[R3] state=follower leader=2 term=1 cov=26.6%/100.0%
[R3] state=follower leader=2 term=1 cov=26.6%/100.0%
[R3] state=follower leader=2 term=1 cov=26.6%/100.0%
[R3] state=follower leader=2 term=1 cov=26.6%/100.0%
[R3] state=follower leader=2 term=1 cov=26.6%/100.0%
[R3] state=follower leader=2 term=1 cov=26.6%/100.0%
