[WARN] Hardware modules not available - simulation mode
=== RAFT Baseline - Robot 5 [SIM] ===
NO TRUST. Heartbeat timeout only.

  Logging to: logs/raft_5_20260226_182231.jsonl
Initializing hardware...
  Hardware: SIMULATED
[INFO] Position socket listening on port 9105
[INFO] Peer socket listening on port 9205
[INFO] Fault socket listening on port 9305
Ready!

Running RAFT baseline... Press Ctrl+C to stop

[R5] state=follower leader=None term=0 cov=0.0%/0.0%
[R5] state=follower leader=2 term=1 cov=0.5%/2.1%
[R5] state=follower leader=2 term=1 cov=3.1%/13.5%
[R5] state=follower leader=2 term=1 cov=5.7%/26.0%
[R5] state=follower leader=2 term=1 cov=8.9%/37.0%
[R5] state=follower leader=2 term=1 cov=10.9%/44.8%
[R5] state=follower leader=2 term=1 cov=13.0%/53.6%
[R5] state=follower leader=2 term=1 cov=13.0%/53.6%
[R5] state=follower leader=2 term=1 cov=14.1%/59.4%
[R5] state=follower leader=2 term=1 cov=14.1%/59.4%
[R5] state=follower leader=2 term=1 cov=15.1%/64.6%
[R5] state=follower leader=2 term=1 cov=16.7%/72.4%
[R5] state=follower leader=2 term=1 cov=18.2%/78.6%
[R5] state=follower leader=2 term=1 cov=18.2%/78.6%
[R5] state=follower leader=2 term=1 cov=19.3%/82.8%
[R5] state=follower leader=2 term=1 cov=19.8%/84.9%
[R5] state=follower leader=2 term=1 cov=19.8%/84.9%
[R5] state=follower leader=2 term=1 cov=20.8%/88.5%
[R5] state=follower leader=2 term=1 cov=21.9%/91.7%
[R5] state=follower leader=2 term=1 cov=22.4%/95.3%
[R5] state=follower leader=2 term=1 cov=22.4%/95.3%
[R5] state=follower leader=2 term=1 cov=22.9%/95.8%
[R5] state=follower leader=2 term=1 cov=22.9%/95.8%
[R5] state=follower leader=2 term=1 cov=23.4%/95.8%
[R5] state=follower leader=2 term=1 cov=24.0%/97.4%
[R5] state=follower leader=2 term=1 cov=24.0%/97.4%
[R5] state=follower leader=2 term=1 cov=24.0%/97.4%
[R5] state=follower leader=2 term=1 cov=24.0%/97.4%
[R5] state=follower leader=2 term=1 cov=24.0%/97.4%
[R5] state=follower leader=2 term=1 cov=24.0%/97.4%
[R5] state=follower leader=2 term=1 cov=24.0%/97.4%
[R5] state=follower leader=2 term=1 cov=24.0%/97.4%
[R5] state=follower leader=2 term=1 cov=24.0%/97.4%
[R5] state=follower leader=2 term=1 cov=24.0%/97.4%
[R5] state=follower leader=2 term=1 cov=24.0%/97.4%
[R5] state=follower leader=2 term=1 cov=24.0%/97.4%
[R5] state=follower leader=2 term=1 cov=24.0%/97.4%
[R5] state=follower leader=2 term=1 cov=24.0%/97.4%
[R5] state=follower leader=2 term=1 cov=24.0%/97.4%
[R5] state=follower leader=2 term=1 cov=24.0%/97.4%
[R5] state=follower leader=2 term=1 cov=24.0%/97.4%
[R5] state=follower leader=2 term=1 cov=24.0%/97.4%
[R5] state=follower leader=2 term=1 cov=24.5%/98.4%
[R5] state=follower leader=2 term=1 cov=25.0%/99.5%
[R5] state=follower leader=2 term=1 cov=25.0%/100.0%
[R5] state=follower leader=2 term=1 cov=25.0%/100.0%
[R5] state=follower leader=2 term=1 cov=25.0%/100.0%
[R5] state=follower leader=2 term=1 cov=25.0%/100.0%
[R5] state=follower leader=2 term=1 cov=25.0%/100.0%
[R5] state=follower leader=2 term=1 cov=25.0%/100.0%
[R5] state=follower leader=2 term=1 cov=25.0%/100.0%
[R5] state=follower leader=2 term=1 cov=25.0%/100.0%
[R5] state=follower leader=2 term=1 cov=25.0%/100.0%
[R5] state=follower leader=2 term=1 cov=25.0%/100.0%
[R5] state=follower leader=2 term=1 cov=25.0%/100.0%
[R5] state=follower leader=2 term=1 cov=25.0%/100.0%
[R5] state=follower leader=2 term=1 cov=25.0%/100.0%
[R5] state=follower leader=2 term=1 cov=25.0%/100.0%
[R5] state=follower leader=2 term=1 cov=25.0%/100.0%
[R5] state=follower leader=2 term=1 cov=25.0%/100.0%
[R5] state=follower leader=2 term=1 cov=25.0%/100.0%
