[WARN] Hardware modules not available - simulation mode
=== RAFT Baseline - Robot 1 [SIM] ===
NO TRUST. Heartbeat timeout only.

  Logging to: logs/raft_1_20260226_212734.jsonl
Initializing hardware...
  Hardware: SIMULATED
[INFO] Position socket listening on port 22101
[INFO] Peer socket listening on port 22201
[INFO] Fault socket listening on port 22301
Ready!

Running RAFT baseline... Press Ctrl+C to stop

[R1] state=follower leader=None term=0 cov=0.0%/0.0%
[R1] state=follower leader=3 term=1 cov=0.5%/0.5%
[R1] state=follower leader=3 term=1 cov=2.1%/13.0%
[R1] state=follower leader=3 term=1 cov=3.6%/23.4%
[R1] state=follower leader=3 term=1 cov=5.2%/32.8%
[R1] state=follower leader=3 term=1 cov=6.8%/40.6%
[R1] state=follower leader=3 term=1 cov=7.8%/49.5%
[FAULT] BAD_LEADER mode - will send bad assignments (Raft CANNOT detect this)
[R1] state=follower leader=3 term=1 cov=7.8%/52.6%
[R1] state=follower leader=3 term=1 cov=7.8%/54.7%
[R1] state=follower leader=3 term=1 cov=7.8%/54.7%
[R1] state=follower leader=3 term=1 cov=7.8%/54.7%
[R1] state=follower leader=3 term=1 cov=7.8%/54.7%
[R1] state=follower leader=3 term=1 cov=7.8%/54.7%
[R1] state=follower leader=3 term=1 cov=7.8%/54.7%
[R1] state=follower leader=3 term=1 cov=7.8%/54.7%
[R1] state=follower leader=3 term=1 cov=7.8%/54.7%
[R1] state=follower leader=3 term=1 cov=7.8%/54.7%
[R1] state=follower leader=3 term=1 cov=7.8%/54.7%
[R1] state=follower leader=3 term=1 cov=7.8%/54.7%
[R1] state=follower leader=3 term=1 cov=7.8%/54.7%
[R1] state=follower leader=3 term=1 cov=7.8%/54.7%
[R1] state=follower leader=3 term=1 cov=7.8%/54.7%
[R1] state=follower leader=3 term=1 cov=7.8%/54.7%
[R1] state=follower leader=3 term=1 cov=7.8%/54.7%
[R1] state=follower leader=3 term=1 cov=7.8%/54.7%
[R1] state=follower leader=3 term=1 cov=7.8%/54.7%
[R1] state=follower leader=3 term=1 cov=7.8%/54.7%
[R1] state=follower leader=3 term=1 cov=7.8%/54.7%
[R1] state=follower leader=3 term=1 cov=7.8%/54.7%
[R1] state=follower leader=3 term=1 cov=7.8%/54.7%
[R1] state=follower leader=3 term=1 cov=7.8%/54.7%
[R1] state=follower leader=3 term=1 cov=7.8%/54.7%
[R1] state=follower leader=3 term=1 cov=7.8%/54.7%
[R1] state=follower leader=3 term=1 cov=7.8%/54.7%
[R1] state=follower leader=3 term=1 cov=7.8%/54.7%
[R1] state=follower leader=3 term=1 cov=7.8%/54.7%
[R1] state=follower leader=3 term=1 cov=7.8%/54.7%
[R1] state=follower leader=3 term=1 cov=7.8%/54.7%
[R1] state=follower leader=3 term=1 cov=7.8%/54.7%
[R1] state=follower leader=3 term=1 cov=7.8%/54.7%
[R1] state=follower leader=3 term=1 cov=7.8%/54.7%
[R1] state=follower leader=3 term=1 cov=7.8%/54.7%
[R1] state=follower leader=3 term=1 cov=7.8%/54.7%
[R1] state=follower leader=3 term=1 cov=7.8%/54.7%
[R1] state=follower leader=3 term=1 cov=7.8%/54.7%
[R1] state=follower leader=3 term=1 cov=7.8%/54.7%
[R1] state=follower leader=3 term=1 cov=7.8%/54.7%
[R1] state=follower leader=3 term=1 cov=7.8%/54.7%
[R1] state=follower leader=3 term=1 cov=7.8%/54.7%
[R1] state=follower leader=3 term=1 cov=7.8%/54.7%
[R1] state=follower leader=3 term=1 cov=7.8%/54.7%
[R1] state=follower leader=3 term=1 cov=7.8%/54.7%
[R1] state=follower leader=3 term=1 cov=7.8%/54.7%
[R1] state=follower leader=3 term=1 cov=7.8%/54.7%
[R1] state=follower leader=3 term=1 cov=7.8%/54.7%
[R1] state=follower leader=3 term=1 cov=7.8%/54.7%
[R1] state=follower leader=3 term=1 cov=7.8%/54.7%
[R1] state=follower leader=3 term=1 cov=7.8%/54.7%
[R1] state=follower leader=3 term=1 cov=7.8%/54.7%
[R1] state=follower leader=3 term=1 cov=7.8%/54.7%
[R1] state=follower leader=3 term=1 cov=7.8%/54.7%
[R1] state=follower leader=3 term=1 cov=7.8%/54.7%
[R1] state=follower leader=3 term=1 cov=7.8%/54.7%
[R1] state=follower leader=3 term=1 cov=7.8%/54.7%
[R1] state=follower leader=3 term=1 cov=7.8%/54.7%
[R1] state=follower leader=3 term=1 cov=7.8%/54.7%
[R1] state=follower leader=3 term=1 cov=7.8%/54.7%
