[WARN] Hardware modules not available - running in simulation mode
=== REIP Node - Robot 1 [SIM (unique ports)] ===
Trust Model: Three-tier confidence-weighted
  Personal: 1.0, ToF: 1.0, Peer: 0.3
  Suspicion threshold: 1.5, Recovery: 0.1

  Logging to: logs/robot_1_20260226_211844.jsonl
Initializing hardware...
  Hardware: SIMULATED
[INFO] Position socket listening on port 25101
[INFO] Peer socket listening on port 25201
[INFO] Fault socket listening on port 25301
Ready!

=== Detection Bounds: T1=2 cmds, T3=8 cmds | Impeachment: T1=8 cmds, T3=32 cmds ===
Running... Press Ctrl+C to stop

[ELECTION] New leader: 1
[R1] pos=(0,0) state=leader leader=1 trust=1.00 susp=0.00 cov=0.0%/0.0%
[ELECTION] New leader: 3
[ELECTION] Leader 3 impeached (failures=1)
[ELECTION] New leader: 1
[R1] pos=(232,1116) state=leader leader=1 trust=1.00 susp=0.00 cov=0.5%/2.6%
[R1] pos=(437,1296) state=leader leader=1 trust=1.00 susp=0.00 cov=3.1%/14.6%
[R1] pos=(387,1425) state=leader leader=1 trust=1.00 susp=0.00 cov=4.7%/24.5%
[R1] pos=(112,1390) state=leader leader=1 trust=1.00 susp=0.00 cov=6.2%/34.4%
[R1] pos=(641,1393) state=leader leader=1 trust=1.00 susp=0.00 cov=7.8%/44.3%
[R1] pos=(1177,1314) state=leader leader=1 trust=1.00 susp=0.00 cov=11.5%/50.5%
[R1] pos=(1421,939) state=leader leader=1 trust=1.00 susp=0.00 cov=14.6%/56.2%
[R1] pos=(1716,1014) state=leader leader=1 trust=1.00 susp=0.00 cov=17.7%/64.1%
[R1] pos=(1925,700) state=leader leader=1 trust=1.00 susp=0.00 cov=20.3%/70.8%
[R1] pos=(1833,424) state=leader leader=1 trust=1.00 susp=0.00 cov=23.4%/77.1%
[R1] pos=(1606,305) state=leader leader=1 trust=1.00 susp=0.00 cov=25.0%/79.7%
[R1] pos=(1606,305) state=leader leader=1 trust=1.00 susp=0.00 cov=25.0%/79.7%
[R1] pos=(1606,305) state=leader leader=1 trust=1.00 susp=0.00 cov=25.0%/79.7%
[R1] pos=(1606,305) state=leader leader=1 trust=1.00 susp=0.00 cov=25.0%/79.7%
[R1] pos=(1606,305) state=leader leader=1 trust=1.00 susp=0.00 cov=25.0%/79.7%
[R1] pos=(1606,305) state=leader leader=1 trust=1.00 susp=0.00 cov=25.0%/79.7%
[R1] pos=(1819,188) state=leader leader=1 trust=1.00 susp=0.00 cov=26.6%/83.3%
[R1] pos=(1925,75) state=leader leader=1 trust=1.00 susp=0.00 cov=27.6%/86.5%
[R1] pos=(1925,75) state=leader leader=1 trust=1.00 susp=0.00 cov=27.6%/86.5%
[R1] pos=(1925,75) state=leader leader=1 trust=1.00 susp=0.00 cov=27.6%/86.5%
[R1] pos=(1428,75) state=leader leader=1 trust=1.00 susp=0.00 cov=29.7%/91.1%
[R1] pos=(1115,173) state=leader leader=1 trust=1.00 susp=0.00 cov=32.8%/96.4%
[R1] pos=(1115,207) state=leader leader=1 trust=1.00 susp=0.00 cov=33.3%/97.4%
[R1] pos=(1115,76) state=leader leader=1 trust=1.00 susp=0.00 cov=33.3%/97.4%
[R1] pos=(1115,76) state=leader leader=1 trust=1.00 susp=0.00 cov=33.3%/97.4%
[R1] pos=(1115,75) state=leader leader=1 trust=1.00 susp=0.00 cov=33.3%/97.4%
[R1] pos=(1115,75) state=leader leader=1 trust=1.00 susp=0.00 cov=33.3%/97.4%
[R1] pos=(1115,75) state=leader leader=1 trust=1.00 susp=0.00 cov=33.3%/97.4%
[R1] pos=(1115,75) state=leader leader=1 trust=1.00 susp=0.00 cov=33.3%/97.4%
[R1] pos=(1115,75) state=leader leader=1 trust=1.00 susp=0.00 cov=33.3%/97.4%
[R1] pos=(1115,75) state=leader leader=1 trust=1.00 susp=0.00 cov=33.3%/97.4%
[R1] pos=(1115,75) state=leader leader=1 trust=1.00 susp=0.00 cov=33.3%/97.4%
[R1] pos=(1115,194) state=leader leader=1 trust=1.00 susp=0.00 cov=33.3%/97.4%
[R1] pos=(1115,202) state=leader leader=1 trust=1.00 susp=0.00 cov=33.3%/97.4%
[R1] pos=(1115,259) state=leader leader=1 trust=1.00 susp=0.00 cov=33.3%/97.4%
[R1] pos=(1115,258) state=leader leader=1 trust=1.00 susp=0.00 cov=33.3%/97.4%
[R1] pos=(1115,221) state=leader leader=1 trust=1.00 susp=0.00 cov=33.3%/97.4%
[R1] pos=(1115,221) state=leader leader=1 trust=1.00 susp=0.00 cov=33.3%/97.4%
[R1] pos=(1115,201) state=leader leader=1 trust=1.00 susp=0.00 cov=33.3%/97.4%
[R1] pos=(1115,278) state=leader leader=1 trust=1.00 susp=0.00 cov=33.3%/97.4%
[R1] pos=(1115,282) state=leader leader=1 trust=1.00 susp=0.00 cov=33.3%/97.4%
[R1] pos=(1115,312) state=leader leader=1 trust=1.00 susp=0.00 cov=33.3%/97.4%
[R1] pos=(1115,190) state=leader leader=1 trust=1.00 susp=0.00 cov=33.3%/97.4%
[R1] pos=(1114,313) state=leader leader=1 trust=1.00 susp=0.00 cov=33.3%/97.4%
[R1] pos=(1114,313) state=leader leader=1 trust=1.00 susp=0.00 cov=33.3%/97.4%
[R1] pos=(1114,291) state=leader leader=1 trust=1.00 susp=0.00 cov=33.3%/97.4%
[R1] pos=(1114,224) state=leader leader=1 trust=1.00 susp=0.00 cov=33.3%/97.4%
[R1] pos=(1114,188) state=leader leader=1 trust=1.00 susp=0.00 cov=33.3%/97.4%
[R1] pos=(1114,193) state=leader leader=1 trust=1.00 susp=0.00 cov=33.3%/97.4%
[R1] pos=(1114,200) state=leader leader=1 trust=1.00 susp=0.00 cov=33.3%/97.4%
[R1] pos=(1114,253) state=leader leader=1 trust=1.00 susp=0.00 cov=33.3%/97.4%
[R1] pos=(1114,255) state=leader leader=1 trust=1.00 susp=0.00 cov=33.3%/97.4%
[R1] pos=(1114,216) state=leader leader=1 trust=1.00 susp=0.00 cov=33.3%/97.4%
[R1] pos=(1114,216) state=leader leader=1 trust=1.00 susp=0.00 cov=33.3%/97.4%
[R1] pos=(1114,200) state=leader leader=1 trust=1.00 susp=0.00 cov=33.3%/97.4%
[R1] pos=(1114,200) state=leader leader=1 trust=1.00 susp=0.00 cov=33.3%/97.4%
[R1] pos=(1114,200) state=leader leader=1 trust=1.00 susp=0.00 cov=33.3%/97.4%
[R1] pos=(1114,200) state=leader leader=1 trust=1.00 susp=0.00 cov=33.3%/97.4%
[R1] pos=(1114,200) state=leader leader=1 trust=1.00 susp=0.00 cov=33.3%/97.4%
[R1] pos=(1114,200) state=leader leader=1 trust=1.00 susp=0.00 cov=33.3%/97.4%
[R1] pos=(1114,200) state=leader leader=1 trust=1.00 susp=0.00 cov=33.3%/97.4%
[R1] pos=(1114,200) state=leader leader=1 trust=1.00 susp=0.00 cov=33.3%/97.4%
[R1] pos=(1114,200) state=leader leader=1 trust=1.00 susp=0.00 cov=33.3%/97.4%
[R1] pos=(1114,200) state=leader leader=1 trust=1.00 susp=0.00 cov=33.3%/97.4%
[R1] pos=(1114,200) state=leader leader=1 trust=1.00 susp=0.00 cov=33.3%/97.4%
