[WARN] Hardware modules not available - simulation mode
=== RAFT Baseline - Robot 4 [SIM] ===
NO TRUST. Heartbeat timeout only.

  Logging to: logs/raft_4_20260226_185630.jsonl
Initializing hardware...
  Hardware: SIMULATED
[INFO] Position socket listening on port 10104
[INFO] Peer socket listening on port 10204
[INFO] Fault socket listening on port 10304
Ready!

Running RAFT baseline... Press Ctrl+C to stop

[R4] state=follower leader=None term=0 cov=0.0%/0.0%
[RAFT] Starting election, term 1
[RAFT] Became leader, term 1
[R4] state=leader leader=4 term=1 cov=0.5%/0.5%
[R4] state=leader leader=4 term=1 cov=3.6%/14.6%
[R4] state=leader leader=4 term=1 cov=5.7%/24.5%
[R4] state=leader leader=4 term=1 cov=7.8%/37.0%
[R4] state=leader leader=4 term=1 cov=10.9%/48.4%
[R4] state=leader leader=4 term=1 cov=13.0%/57.3%
[R4] state=leader leader=4 term=1 cov=15.1%/65.1%
[R4] state=leader leader=4 term=1 cov=17.2%/74.5%
[R4] state=leader leader=4 term=1 cov=20.8%/82.8%
[R4] state=leader leader=4 term=1 cov=24.0%/88.0%
[R4] state=leader leader=4 term=1 cov=27.6%/92.2%
[R4] state=leader leader=4 term=1 cov=31.2%/94.3%
[R4] state=leader leader=4 term=1 cov=35.4%/97.9%
[R4] state=leader leader=4 term=1 cov=37.5%/100.0%
[R4] state=leader leader=4 term=1 cov=37.5%/100.0%
[R4] state=leader leader=4 term=1 cov=37.5%/100.0%
[R4] state=leader leader=4 term=1 cov=37.5%/100.0%
[R4] state=leader leader=4 term=1 cov=37.5%/100.0%
[R4] state=leader leader=4 term=1 cov=37.5%/100.0%
[R4] state=leader leader=4 term=1 cov=37.5%/100.0%
[R4] state=leader leader=4 term=1 cov=37.5%/100.0%
[R4] state=leader leader=4 term=1 cov=37.5%/100.0%
[R4] state=leader leader=4 term=1 cov=37.5%/100.0%
[R4] state=leader leader=4 term=1 cov=37.5%/100.0%
[R4] state=leader leader=4 term=1 cov=37.5%/100.0%
[R4] state=leader leader=4 term=1 cov=37.5%/100.0%
[R4] state=leader leader=4 term=1 cov=37.5%/100.0%
[R4] state=leader leader=4 term=1 cov=37.5%/100.0%
[R4] state=leader leader=4 term=1 cov=37.5%/100.0%
[R4] state=leader leader=4 term=1 cov=37.5%/100.0%
[R4] state=leader leader=4 term=1 cov=37.5%/100.0%
[R4] state=leader leader=4 term=1 cov=37.5%/100.0%
[R4] state=leader leader=4 term=1 cov=37.5%/100.0%
[R4] state=leader leader=4 term=1 cov=37.5%/100.0%
[R4] state=leader leader=4 term=1 cov=37.5%/100.0%
[R4] state=leader leader=4 term=1 cov=37.5%/100.0%
[R4] state=leader leader=4 term=1 cov=37.5%/100.0%
[R4] state=leader leader=4 term=1 cov=37.5%/100.0%
[R4] state=leader leader=4 term=1 cov=37.5%/100.0%
[R4] state=leader leader=4 term=1 cov=37.5%/100.0%
[R4] state=leader leader=4 term=1 cov=37.5%/100.0%
[R4] state=leader leader=4 term=1 cov=37.5%/100.0%
[R4] state=leader leader=4 term=1 cov=37.5%/100.0%
[R4] state=leader leader=4 term=1 cov=37.5%/100.0%
[R4] state=leader leader=4 term=1 cov=37.5%/100.0%
[R4] state=leader leader=4 term=1 cov=37.5%/100.0%
[R4] state=leader leader=4 term=1 cov=37.5%/100.0%
[R4] state=leader leader=4 term=1 cov=37.5%/100.0%
[R4] state=leader leader=4 term=1 cov=37.5%/100.0%
[R4] state=leader leader=4 term=1 cov=37.5%/100.0%
[R4] state=leader leader=4 term=1 cov=37.5%/100.0%
[R4] state=leader leader=4 term=1 cov=37.5%/100.0%
[R4] state=leader leader=4 term=1 cov=37.5%/100.0%
[R4] state=leader leader=4 term=1 cov=37.5%/100.0%
[R4] state=leader leader=4 term=1 cov=37.5%/100.0%
[R4] state=leader leader=4 term=1 cov=37.5%/100.0%
[R4] state=leader leader=4 term=1 cov=37.5%/100.0%
[R4] state=leader leader=4 term=1 cov=37.5%/100.0%
[R4] state=leader leader=4 term=1 cov=37.5%/100.0%
[R4] state=leader leader=4 term=1 cov=37.5%/100.0%
[R4] state=leader leader=4 term=1 cov=37.5%/100.0%
