[WARN] Hardware modules not available - simulation mode
=== RAFT Baseline - Robot 5 [SIM] ===
NO TRUST. Heartbeat timeout only.

  Logging to: logs/raft_5_20260226_191733.jsonl
Initializing hardware...
  Hardware: SIMULATED
[INFO] Position socket listening on port 7105
[INFO] Peer socket listening on port 7205
[INFO] Fault socket listening on port 7305
Ready!

Running RAFT baseline... Press Ctrl+C to stop

[R5] state=follower leader=None term=0 cov=0.0%/0.0%
[R5] state=follower leader=3 term=1 cov=0.5%/0.5%
[R5] state=follower leader=3 term=1 cov=2.6%/14.6%
[R5] state=follower leader=3 term=1 cov=6.2%/28.1%
[R5] state=follower leader=3 term=1 cov=8.3%/39.1%
[R5] state=follower leader=3 term=1 cov=11.5%/52.6%
[R5] state=follower leader=3 term=1 cov=13.5%/64.1%
[R5] state=follower leader=3 term=1 cov=15.1%/75.5%
[R5] state=follower leader=3 term=1 cov=17.2%/85.4%
[R5] state=follower leader=3 term=1 cov=18.8%/92.2%
[R5] state=follower leader=3 term=1 cov=21.9%/99.0%
[R5] state=follower leader=3 term=1 cov=21.9%/100.0%
[R5] state=follower leader=3 term=1 cov=21.9%/100.0%
[R5] state=follower leader=3 term=1 cov=21.9%/100.0%
[R5] state=follower leader=3 term=1 cov=21.9%/100.0%
[R5] state=follower leader=3 term=1 cov=21.9%/100.0%
[R5] state=follower leader=3 term=1 cov=21.9%/100.0%
[R5] state=follower leader=3 term=1 cov=21.9%/100.0%
[R5] state=follower leader=3 term=1 cov=21.9%/100.0%
[R5] state=follower leader=3 term=1 cov=21.9%/100.0%
[R5] state=follower leader=3 term=1 cov=21.9%/100.0%
[R5] state=follower leader=3 term=1 cov=21.9%/100.0%
[R5] state=follower leader=3 term=1 cov=21.9%/100.0%
[R5] state=follower leader=3 term=1 cov=21.9%/100.0%
[R5] state=follower leader=3 term=1 cov=21.9%/100.0%
[R5] state=follower leader=3 term=1 cov=21.9%/100.0%
[R5] state=follower leader=3 term=1 cov=21.9%/100.0%
[R5] state=follower leader=3 term=1 cov=21.9%/100.0%
[R5] state=follower leader=3 term=1 cov=21.9%/100.0%
[R5] state=follower leader=3 term=1 cov=21.9%/100.0%
[R5] state=follower leader=3 term=1 cov=21.9%/100.0%
[R5] state=follower leader=3 term=1 cov=21.9%/100.0%
[R5] state=follower leader=3 term=1 cov=21.9%/100.0%
[R5] state=follower leader=3 term=1 cov=21.9%/100.0%
[R5] state=follower leader=3 term=1 cov=21.9%/100.0%
[R5] state=follower leader=3 term=1 cov=21.9%/100.0%
[R5] state=follower leader=3 term=1 cov=21.9%/100.0%
[R5] state=follower leader=3 term=1 cov=21.9%/100.0%
[R5] state=follower leader=3 term=1 cov=21.9%/100.0%
[R5] state=follower leader=3 term=1 cov=21.9%/100.0%
[R5] state=follower leader=3 term=1 cov=21.9%/100.0%
[R5] state=follower leader=3 term=1 cov=21.9%/100.0%
[R5] state=follower leader=3 term=1 cov=21.9%/100.0%
[R5] state=follower leader=3 term=1 cov=21.9%/100.0%
[R5] state=follower leader=3 term=1 cov=21.9%/100.0%
[R5] state=follower leader=3 term=1 cov=21.9%/100.0%
[R5] state=follower leader=3 term=1 cov=21.9%/100.0%
[R5] state=follower leader=3 term=1 cov=21.9%/100.0%
[R5] state=follower leader=3 term=1 cov=21.9%/100.0%
[R5] state=follower leader=3 term=1 cov=21.9%/100.0%
[R5] state=follower leader=3 term=1 cov=21.9%/100.0%
[R5] state=follower leader=3 term=1 cov=21.9%/100.0%
[R5] state=follower leader=3 term=1 cov=21.9%/100.0%
[R5] state=follower leader=3 term=1 cov=21.9%/100.0%
[R5] state=follower leader=3 term=1 cov=21.9%/100.0%
[R5] state=follower leader=3 term=1 cov=21.9%/100.0%
[R5] state=follower leader=3 term=1 cov=21.9%/100.0%
[R5] state=follower leader=3 term=1 cov=21.9%/100.0%
[R5] state=follower leader=3 term=1 cov=21.9%/100.0%
[R5] state=follower leader=3 term=1 cov=21.9%/100.0%
[R5] state=follower leader=3 term=1 cov=21.9%/100.0%
