[WARN] Hardware modules not available - simulation mode
=== RAFT Baseline - Robot 5 [SIM] ===
NO TRUST. Heartbeat timeout only.

  Logging to: logs/raft_5_20260226_211415.jsonl
Initializing hardware...
  Hardware: SIMULATED
[INFO] Position socket listening on port 19105
[INFO] Peer socket listening on port 19205
[INFO] Fault socket listening on port 19305
Ready!

Running RAFT baseline... Press Ctrl+C to stop

[R5] state=follower leader=None term=0 cov=0.0%/0.0%
[R5] state=follower leader=4 term=1 cov=0.5%/0.5%
[R5] state=follower leader=4 term=1 cov=2.1%/10.9%
[R5] state=follower leader=4 term=1 cov=4.2%/20.8%
[R5] state=follower leader=4 term=1 cov=6.2%/27.1%
[R5] state=follower leader=4 term=1 cov=8.9%/33.9%
[R5] state=follower leader=4 term=1 cov=11.5%/39.6%
[R5] state=follower leader=4 term=1 cov=13.0%/44.3%
[R5] state=follower leader=4 term=1 cov=15.6%/49.5%
[R5] state=follower leader=4 term=1 cov=17.7%/52.1%
[R5] state=follower leader=4 term=1 cov=19.8%/54.2%
[R5] state=follower leader=4 term=1 cov=21.9%/57.3%
[R5] state=follower leader=4 term=1 cov=24.5%/60.4%
[R5] state=follower leader=4 term=1 cov=25.5%/61.5%
[R5] state=follower leader=4 term=1 cov=27.1%/63.0%
[R5] state=follower leader=4 term=1 cov=27.1%/63.0%
[R5] state=follower leader=4 term=1 cov=27.1%/63.0%
[R5] state=follower leader=4 term=1 cov=27.1%/63.0%
[R5] state=follower leader=4 term=1 cov=27.6%/63.5%
[R5] state=follower leader=4 term=1 cov=27.6%/63.5%
[R5] state=follower leader=4 term=1 cov=27.6%/63.5%
[R5] state=follower leader=4 term=1 cov=27.6%/63.5%
[R5] state=follower leader=4 term=1 cov=27.6%/63.5%
[R5] state=follower leader=4 term=1 cov=27.6%/63.5%
[R5] state=follower leader=4 term=1 cov=27.6%/63.5%
[R5] state=follower leader=4 term=1 cov=27.6%/63.5%
[R5] state=follower leader=4 term=1 cov=27.6%/63.5%
[R5] state=follower leader=4 term=1 cov=27.6%/63.5%
[R5] state=follower leader=4 term=1 cov=27.6%/63.5%
[R5] state=follower leader=4 term=1 cov=28.1%/64.1%
[R5] state=follower leader=4 term=1 cov=28.1%/64.1%
[R5] state=follower leader=4 term=1 cov=28.6%/65.6%
[R5] state=follower leader=4 term=1 cov=29.7%/66.7%
[R5] state=follower leader=4 term=1 cov=29.7%/66.7%
[R5] state=follower leader=4 term=1 cov=29.7%/67.2%
[R5] state=follower leader=4 term=1 cov=29.7%/67.2%
[R5] state=follower leader=4 term=1 cov=29.7%/68.2%
[R5] state=follower leader=4 term=1 cov=29.7%/68.8%
[R5] state=follower leader=4 term=1 cov=29.7%/68.8%
[R5] state=follower leader=4 term=1 cov=29.7%/69.3%
[R5] state=follower leader=4 term=1 cov=29.7%/69.3%
[R5] state=follower leader=4 term=1 cov=29.7%/70.3%
[R5] state=follower leader=4 term=1 cov=29.7%/70.3%
[R5] state=follower leader=4 term=1 cov=29.7%/70.3%
[R5] state=follower leader=4 term=1 cov=29.7%/70.3%
[R5] state=follower leader=4 term=1 cov=29.7%/70.3%
[R5] state=follower leader=4 term=1 cov=29.7%/70.8%
[R5] state=follower leader=4 term=1 cov=29.7%/70.8%
[R5] state=follower leader=4 term=1 cov=29.7%/70.8%
[R5] state=follower leader=4 term=1 cov=29.7%/70.8%
[R5] state=follower leader=4 term=1 cov=29.7%/70.8%
[R5] state=follower leader=4 term=1 cov=29.7%/70.8%
[R5] state=follower leader=4 term=1 cov=29.7%/70.8%
[R5] state=follower leader=4 term=1 cov=29.7%/70.8%
[R5] state=follower leader=4 term=1 cov=29.7%/70.8%
[R5] state=follower leader=4 term=1 cov=29.7%/70.8%
[R5] state=follower leader=4 term=1 cov=29.7%/71.4%
[R5] state=follower leader=4 term=1 cov=29.7%/71.4%
[R5] state=follower leader=4 term=1 cov=29.7%/71.4%
[R5] state=follower leader=4 term=1 cov=29.7%/71.9%
[R5] state=follower leader=4 term=1 cov=29.7%/71.9%
