[WARN] Hardware modules not available - simulation mode
=== RAFT Baseline - Robot 4 [SIM] ===
NO TRUST. Heartbeat timeout only.

  Logging to: logs/raft_4_20260226_173847.jsonl
Initializing hardware...
  Hardware: SIMULATED
[INFO] Position socket listening on port 5104
[INFO] Peer socket listening on port 5204
[INFO] Fault socket listening on port 5304
Ready!

Running RAFT baseline... Press Ctrl+C to stop

[R4] state=follower leader=None term=0 cov=0.0%/0.0%
[R4] state=follower leader=3 term=1 cov=0.5%/0.5%
[R4] state=follower leader=3 term=1 cov=2.1%/14.1%
[R4] state=follower leader=3 term=1 cov=5.2%/25.5%
[R4] state=follower leader=3 term=1 cov=7.8%/35.9%
[R4] state=follower leader=3 term=1 cov=10.4%/46.4%
[R4] state=follower leader=3 term=1 cov=13.5%/54.7%
[R4] state=follower leader=3 term=1 cov=15.6%/62.5%
[R4] state=follower leader=3 term=1 cov=18.2%/70.8%
[R4] state=follower leader=3 term=1 cov=20.8%/80.7%
[R4] state=follower leader=3 term=1 cov=22.9%/89.6%
[R4] state=follower leader=3 term=1 cov=25.0%/96.4%
[R4] state=follower leader=3 term=1 cov=26.6%/100.0%
[R4] state=follower leader=3 term=1 cov=26.6%/100.0%
[R4] state=follower leader=3 term=1 cov=26.6%/100.0%
[R4] state=follower leader=3 term=1 cov=26.6%/100.0%
[R4] state=follower leader=3 term=1 cov=26.6%/100.0%
[R4] state=follower leader=3 term=1 cov=26.6%/100.0%
[R4] state=follower leader=3 term=1 cov=26.6%/100.0%
[R4] state=follower leader=3 term=1 cov=26.6%/100.0%
[R4] state=follower leader=3 term=1 cov=26.6%/100.0%
[R4] state=follower leader=3 term=1 cov=26.6%/100.0%
[R4] state=follower leader=3 term=1 cov=26.6%/100.0%
[R4] state=follower leader=3 term=1 cov=26.6%/100.0%
[R4] state=follower leader=3 term=1 cov=26.6%/100.0%
[R4] state=follower leader=3 term=1 cov=26.6%/100.0%
[R4] state=follower leader=3 term=1 cov=26.6%/100.0%
[R4] state=follower leader=3 term=1 cov=26.6%/100.0%
[R4] state=follower leader=3 term=1 cov=26.6%/100.0%
[R4] state=follower leader=3 term=1 cov=26.6%/100.0%
[R4] state=follower leader=3 term=1 cov=26.6%/100.0%
[R4] state=follower leader=3 term=1 cov=26.6%/100.0%
[R4] state=follower leader=3 term=1 cov=26.6%/100.0%
[R4] state=follower leader=3 term=1 cov=26.6%/100.0%
[R4] state=follower leader=3 term=1 cov=26.6%/100.0%
[R4] state=follower leader=3 term=1 cov=26.6%/100.0%
[R4] state=follower leader=3 term=1 cov=26.6%/100.0%
[R4] state=follower leader=3 term=1 cov=26.6%/100.0%
[R4] state=follower leader=3 term=1 cov=26.6%/100.0%
[R4] state=follower leader=3 term=1 cov=26.6%/100.0%
[R4] state=follower leader=3 term=1 cov=26.6%/100.0%
[R4] state=follower leader=3 term=1 cov=26.6%/100.0%
[R4] state=follower leader=3 term=1 cov=26.6%/100.0%
[R4] state=follower leader=3 term=1 cov=26.6%/100.0%
[R4] state=follower leader=3 term=1 cov=26.6%/100.0%
[R4] state=follower leader=3 term=1 cov=26.6%/100.0%
[R4] state=follower leader=3 term=1 cov=26.6%/100.0%
[R4] state=follower leader=3 term=1 cov=26.6%/100.0%
[R4] state=follower leader=3 term=1 cov=26.6%/100.0%
[R4] state=follower leader=3 term=1 cov=26.6%/100.0%
[R4] state=follower leader=3 term=1 cov=26.6%/100.0%
[R4] state=follower leader=3 term=1 cov=26.6%/100.0%
[R4] state=follower leader=3 term=1 cov=26.6%/100.0%
[R4] state=follower leader=3 term=1 cov=26.6%/100.0%
[R4] state=follower leader=3 term=1 cov=26.6%/100.0%
[R4] state=follower leader=3 term=1 cov=26.6%/100.0%
[R4] state=follower leader=3 term=1 cov=26.6%/100.0%
[R4] state=follower leader=3 term=1 cov=26.6%/100.0%
[R4] state=follower leader=3 term=1 cov=26.6%/100.0%
[R4] state=follower leader=3 term=1 cov=26.6%/100.0%
[R4] state=follower leader=3 term=1 cov=26.6%/100.0%
[R4] state=follower leader=3 term=1 cov=26.6%/100.0%
[R4] state=follower leader=3 term=1 cov=26.6%/100.0%
[R4] state=follower leader=3 term=1 cov=26.6%/100.0%
[R4] state=follower leader=3 term=1 cov=26.6%/100.0%
[R4] state=follower leader=3 term=1 cov=26.6%/100.0%
