[WARN] Hardware modules not available - simulation mode
=== RAFT Baseline - Robot 1 [SIM] ===
NO TRUST. Heartbeat timeout only.

  Logging to: logs/raft_1_20260226_173847.jsonl
Initializing hardware...
  Hardware: SIMULATED
[INFO] Position socket listening on port 5101
[INFO] Peer socket listening on port 5201
[INFO] Fault socket listening on port 5301
Ready!

Running RAFT baseline... Press Ctrl+C to stop

[R1] state=follower leader=None term=0 cov=0.0%/0.0%
[R1] state=follower leader=3 term=1 cov=0.5%/0.5%
[R1] state=follower leader=3 term=1 cov=2.6%/14.1%
[R1] state=follower leader=3 term=1 cov=4.7%/25.5%
[R1] state=follower leader=3 term=1 cov=6.2%/35.9%
[R1] state=follower leader=3 term=1 cov=8.3%/45.8%
[R1] state=follower leader=3 term=1 cov=9.4%/54.7%
[R1] state=follower leader=3 term=1 cov=10.9%/63.0%
[R1] state=follower leader=3 term=1 cov=12.5%/71.4%
[R1] state=follower leader=3 term=1 cov=14.1%/81.2%
[R1] state=follower leader=3 term=1 cov=15.6%/89.6%
[R1] state=follower leader=3 term=1 cov=17.7%/96.4%
[R1] state=follower leader=3 term=1 cov=19.8%/100.0%
[R1] state=follower leader=3 term=1 cov=19.8%/100.0%
[R1] state=follower leader=3 term=1 cov=19.8%/100.0%
[R1] state=follower leader=3 term=1 cov=19.8%/100.0%
[R1] state=follower leader=3 term=1 cov=19.8%/100.0%
[FAULT] BAD_LEADER mode - will send bad assignments (Raft CANNOT detect this)
[R1] state=follower leader=3 term=1 cov=19.8%/100.0%
[R1] state=follower leader=3 term=1 cov=19.8%/100.0%
[R1] state=follower leader=3 term=1 cov=19.8%/100.0%
[R1] state=follower leader=3 term=1 cov=19.8%/100.0%
[R1] state=follower leader=3 term=1 cov=19.8%/100.0%
[R1] state=follower leader=3 term=1 cov=19.8%/100.0%
[R1] state=follower leader=3 term=1 cov=19.8%/100.0%
[R1] state=follower leader=3 term=1 cov=19.8%/100.0%
[R1] state=follower leader=3 term=1 cov=19.8%/100.0%
[R1] state=follower leader=3 term=1 cov=19.8%/100.0%
[R1] state=follower leader=3 term=1 cov=19.8%/100.0%
[R1] state=follower leader=3 term=1 cov=19.8%/100.0%
[R1] state=follower leader=3 term=1 cov=19.8%/100.0%
[R1] state=follower leader=3 term=1 cov=19.8%/100.0%
[R1] state=follower leader=3 term=1 cov=19.8%/100.0%
[R1] state=follower leader=3 term=1 cov=19.8%/100.0%
[R1] state=follower leader=3 term=1 cov=19.8%/100.0%
[R1] state=follower leader=3 term=1 cov=19.8%/100.0%
[R1] state=follower leader=3 term=1 cov=19.8%/100.0%
[R1] state=follower leader=3 term=1 cov=19.8%/100.0%
[R1] state=follower leader=3 term=1 cov=19.8%/100.0%
[R1] state=follower leader=3 term=1 cov=19.8%/100.0%
[R1] state=follower leader=3 term=1 cov=19.8%/100.0%
[R1] state=follower leader=3 term=1 cov=19.8%/100.0%
[R1] state=follower leader=3 term=1 cov=19.8%/100.0%
[R1] state=follower leader=3 term=1 cov=19.8%/100.0%
[R1] state=follower leader=3 term=1 cov=19.8%/100.0%
[R1] state=follower leader=3 term=1 cov=19.8%/100.0%
[R1] state=follower leader=3 term=1 cov=19.8%/100.0%
[R1] state=follower leader=3 term=1 cov=19.8%/100.0%
[R1] state=follower leader=3 term=1 cov=19.8%/100.0%
[R1] state=follower leader=3 term=1 cov=19.8%/100.0%
[R1] state=follower leader=3 term=1 cov=19.8%/100.0%
[R1] state=follower leader=3 term=1 cov=19.8%/100.0%
[R1] state=follower leader=3 term=1 cov=19.8%/100.0%
[R1] state=follower leader=3 term=1 cov=19.8%/100.0%
[R1] state=follower leader=3 term=1 cov=19.8%/100.0%
[R1] state=follower leader=3 term=1 cov=19.8%/100.0%
[R1] state=follower leader=3 term=1 cov=19.8%/100.0%
[R1] state=follower leader=3 term=1 cov=19.8%/100.0%
[R1] state=follower leader=3 term=1 cov=19.8%/100.0%
[R1] state=follower leader=3 term=1 cov=19.8%/100.0%
[R1] state=follower leader=3 term=1 cov=19.8%/100.0%
[R1] state=follower leader=3 term=1 cov=19.8%/100.0%
[R1] state=follower leader=3 term=1 cov=19.8%/100.0%
[R1] state=follower leader=3 term=1 cov=19.8%/100.0%
[R1] state=follower leader=3 term=1 cov=19.8%/100.0%
[R1] state=follower leader=3 term=1 cov=19.8%/100.0%
[R1] state=follower leader=3 term=1 cov=19.8%/100.0%
