[WARN] Hardware modules not available - running in simulation mode
=== REIP Node - Robot 3 [SIM (unique ports)] ===
Trust Model: Three-tier confidence-weighted
  Personal: 1.0, ToF: 1.0, Peer: 0.3
  Suspicion threshold: 1.5, Recovery: 0.1

  Logging to: logs/robot_3_20260226_002653.jsonl
Initializing hardware...
  Hardware: SIMULATED
[INFO] Position socket listening on port 13103
[INFO] Peer socket listening on port 13203
[INFO] Fault socket listening on port 13303
Ready!

=== DECENTRALIZED MODE - No leader coordination ===
=== Detection Bounds: T1=2 cmds, T3=8 cmds | Impeachment: T1=8 cmds, T3=32 cmds ===
Running... Press Ctrl+C to stop

[R3] pos=(0,0) state=exploring leader=None trust=1.00 susp=0.00 cov=0.0%/0.0%
[R3] pos=(378,991) state=exploring leader=None trust=1.00 susp=0.00 cov=0.5%/0.5%
[R3] pos=(165,940) state=exploring leader=None trust=1.00 susp=0.00 cov=1.6%/7.3%
[R3] pos=(75,790) state=exploring leader=None trust=1.00 susp=0.00 cov=2.6%/12.0%
[R3] pos=(111,622) state=exploring leader=None trust=1.00 susp=0.00 cov=3.6%/17.2%
[R3] pos=(203,419) state=exploring leader=None trust=1.00 susp=0.00 cov=4.7%/21.9%
[R3] pos=(427,436) state=exploring leader=None trust=1.00 susp=0.00 cov=5.7%/26.6%
[R3] pos=(677,437) state=exploring leader=None trust=1.00 susp=0.00 cov=6.8%/30.7%
[R3] pos=(807,584) state=exploring leader=None trust=1.00 susp=0.00 cov=7.8%/33.9%
[R3] pos=(664,683) state=exploring leader=None trust=1.00 susp=0.00 cov=8.9%/37.0%
[R3] pos=(414,687) state=exploring leader=None trust=1.00 susp=0.00 cov=9.9%/40.1%
[R3] pos=(209,712) state=exploring leader=None trust=1.00 susp=0.00 cov=10.9%/43.2%
[R3] pos=(191,960) state=exploring leader=None trust=1.00 susp=0.00 cov=11.5%/45.3%
[R3] pos=(189,1210) state=exploring leader=None trust=1.00 susp=0.00 cov=12.5%/46.4%
[R3] pos=(116,1374) state=exploring leader=None trust=1.00 susp=0.00 cov=13.5%/49.5%
[R3] pos=(299,1337) state=exploring leader=None trust=1.00 susp=0.00 cov=15.1%/53.1%
[R3] pos=(455,1398) state=exploring leader=None trust=1.00 susp=0.00 cov=16.1%/55.7%
[R3] pos=(631,1320) state=exploring leader=None trust=1.00 susp=0.00 cov=17.7%/60.9%
[R3] pos=(786,1401) state=exploring leader=None trust=1.00 susp=0.00 cov=18.8%/65.1%
[R3] pos=(919,1365) state=exploring leader=None trust=1.00 susp=0.00 cov=19.8%/69.3%
[R3] pos=(1093,1354) state=exploring leader=None trust=1.00 susp=0.00 cov=21.4%/73.4%
[R3] pos=(1258,1425) state=exploring leader=None trust=1.00 susp=0.00 cov=22.9%/78.1%
[R3] pos=(1408,1343) state=exploring leader=None trust=1.00 susp=0.00 cov=24.0%/82.3%
[R3] pos=(1555,1351) state=exploring leader=None trust=1.00 susp=0.00 cov=25.5%/85.4%
[R3] pos=(1649,1270) state=exploring leader=None trust=1.00 susp=0.00 cov=26.0%/88.0%
[R3] pos=(1687,1026) state=exploring leader=None trust=1.00 susp=0.00 cov=27.1%/90.6%
[R3] pos=(1737,821) state=exploring leader=None trust=1.00 susp=0.00 cov=28.1%/92.7%
[R3] pos=(1810,988) state=exploring leader=None trust=1.00 susp=0.00 cov=29.2%/93.8%
[R3] pos=(1812,1238) state=exploring leader=None trust=1.00 susp=0.00 cov=30.2%/95.3%
[R3] pos=(1763,1423) state=exploring leader=None trust=1.00 susp=0.00 cov=31.2%/97.9%
[R3] pos=(1913,1425) state=exploring leader=None trust=1.00 susp=0.00 cov=32.3%/100.0%
[R3] pos=(1925,1425) state=exploring leader=None trust=1.00 susp=0.00 cov=32.3%/100.0%
[R3] pos=(1925,1425) state=exploring leader=None trust=1.00 susp=0.00 cov=32.3%/100.0%
[R3] pos=(1925,1425) state=exploring leader=None trust=1.00 susp=0.00 cov=32.3%/100.0%
[R3] pos=(1925,1425) state=exploring leader=None trust=1.00 susp=0.00 cov=32.3%/100.0%
[R3] pos=(1925,1425) state=exploring leader=None trust=1.00 susp=0.00 cov=32.3%/100.0%
[R3] pos=(1925,1425) state=exploring leader=None trust=1.00 susp=0.00 cov=32.3%/100.0%
[R3] pos=(1925,1425) state=exploring leader=None trust=1.00 susp=0.00 cov=32.3%/100.0%
[R3] pos=(1925,1425) state=exploring leader=None trust=1.00 susp=0.00 cov=32.3%/100.0%
[R3] pos=(1925,1425) state=exploring leader=None trust=1.00 susp=0.00 cov=32.3%/100.0%
[R3] pos=(1925,1425) state=exploring leader=None trust=1.00 susp=0.00 cov=32.3%/100.0%
[R3] pos=(1925,1425) state=exploring leader=None trust=1.00 susp=0.00 cov=32.3%/100.0%
[R3] pos=(1925,1425) state=exploring leader=None trust=1.00 susp=0.00 cov=32.3%/100.0%
[R3] pos=(1925,1425) state=exploring leader=None trust=1.00 susp=0.00 cov=32.3%/100.0%
[R3] pos=(1925,1425) state=exploring leader=None trust=1.00 susp=0.00 cov=32.3%/100.0%
[R3] pos=(1925,1425) state=exploring leader=None trust=1.00 susp=0.00 cov=32.3%/100.0%
[R3] pos=(1925,1425) state=exploring leader=None trust=1.00 susp=0.00 cov=32.3%/100.0%
[R3] pos=(1925,1425) state=exploring leader=None trust=1.00 susp=0.00 cov=32.3%/100.0%
[R3] pos=(1925,1425) state=exploring leader=None trust=1.00 susp=0.00 cov=32.3%/100.0%
[R3] pos=(1925,1425) state=exploring leader=None trust=1.00 susp=0.00 cov=32.3%/100.0%
[R3] pos=(1925,1425) state=exploring leader=None trust=1.00 susp=0.00 cov=32.3%/100.0%
[R3] pos=(1925,1425) state=exploring leader=None trust=1.00 susp=0.00 cov=32.3%/100.0%
[R3] pos=(1925,1425) state=exploring leader=None trust=1.00 susp=0.00 cov=32.3%/100.0%
[R3] pos=(1925,1425) state=exploring leader=None trust=1.00 susp=0.00 cov=32.3%/100.0%
[R3] pos=(1925,1425) state=exploring leader=None trust=1.00 susp=0.00 cov=32.3%/100.0%
[R3] pos=(1925,1425) state=exploring leader=None trust=1.00 susp=0.00 cov=32.3%/100.0%
[R3] pos=(1925,1425) state=exploring leader=None trust=1.00 susp=0.00 cov=32.3%/100.0%
[R3] pos=(1925,1425) state=exploring leader=None trust=1.00 susp=0.00 cov=32.3%/100.0%
[R3] pos=(1925,1425) state=exploring leader=None trust=1.00 susp=0.00 cov=32.3%/100.0%
[R3] pos=(1925,1425) state=exploring leader=None trust=1.00 susp=0.00 cov=32.3%/100.0%
[R3] pos=(1925,1425) state=exploring leader=None trust=1.00 susp=0.00 cov=32.3%/100.0%
