[WARN] Hardware modules not available - running in simulation mode
=== REIP Node - Robot 3 [SIM (unique ports)] ===
Trust Model: Three-tier confidence-weighted
  Personal: 1.0, ToF: 1.0, Peer: 0.3
  Suspicion threshold: 1.5, Recovery: 0.1

  Logging to: logs/robot_3_20260226_171304.jsonl
Initializing hardware...
  Hardware: SIMULATED
[INFO] Position socket listening on port 11103
[INFO] Peer socket listening on port 11203
[INFO] Fault socket listening on port 11303
Ready!

=== DECENTRALIZED MODE - No leader coordination ===
=== Detection Bounds: T1=2 cmds, T3=8 cmds | Impeachment: T1=8 cmds, T3=32 cmds ===
Running... Press Ctrl+C to stop

[R3] pos=(0,0) state=exploring leader=None trust=1.00 susp=0.00 cov=0.0%/0.0%
[R3] pos=(1790,937) state=exploring leader=None trust=1.00 susp=0.00 cov=0.5%/0.5%
[R3] pos=(1572,812) state=exploring leader=None trust=1.00 susp=0.00 cov=2.6%/15.1%
[R3] pos=(1083,918) state=exploring leader=None trust=1.00 susp=0.00 cov=5.2%/25.5%
[R3] pos=(666,898) state=exploring leader=None trust=1.00 susp=0.00 cov=7.3%/39.1%
[R3] pos=(215,1133) state=exploring leader=None trust=1.00 susp=0.00 cov=11.5%/50.0%
[R3] pos=(428,1145) state=exploring leader=None trust=1.00 susp=0.00 cov=14.6%/59.4%
[R3] pos=(687,1108) state=exploring leader=None trust=1.00 susp=0.00 cov=18.8%/71.4%
[R3] pos=(938,1421) state=exploring leader=None trust=1.00 susp=0.00 cov=22.4%/79.2%
[R3] pos=(1385,1388) state=exploring leader=None trust=1.00 susp=0.00 cov=26.0%/90.1%
[R3] pos=(1676,1425) state=exploring leader=None trust=1.00 susp=0.00 cov=29.2%/98.4%
[R3] pos=(1925,1124) state=exploring leader=None trust=1.00 susp=0.00 cov=31.8%/100.0%
[R3] pos=(1925,1125) state=exploring leader=None trust=1.00 susp=0.00 cov=31.8%/100.0%
[R3] pos=(1925,1125) state=exploring leader=None trust=1.00 susp=0.00 cov=31.8%/100.0%
[R3] pos=(1925,1125) state=exploring leader=None trust=1.00 susp=0.00 cov=31.8%/100.0%
[R3] pos=(1925,1125) state=exploring leader=None trust=1.00 susp=0.00 cov=31.8%/100.0%
[R3] pos=(1925,1125) state=exploring leader=None trust=1.00 susp=0.00 cov=31.8%/100.0%
[R3] pos=(1925,1125) state=exploring leader=None trust=1.00 susp=0.00 cov=31.8%/100.0%
[R3] pos=(1925,1125) state=exploring leader=None trust=1.00 susp=0.00 cov=31.8%/100.0%
[R3] pos=(1925,1125) state=exploring leader=None trust=1.00 susp=0.00 cov=31.8%/100.0%
[R3] pos=(1925,1125) state=exploring leader=None trust=1.00 susp=0.00 cov=31.8%/100.0%
[R3] pos=(1925,1125) state=exploring leader=None trust=1.00 susp=0.00 cov=31.8%/100.0%
[R3] pos=(1925,1125) state=exploring leader=None trust=1.00 susp=0.00 cov=31.8%/100.0%
[R3] pos=(1925,1125) state=exploring leader=None trust=1.00 susp=0.00 cov=31.8%/100.0%
[R3] pos=(1925,1248) state=exploring leader=None trust=1.00 susp=0.00 cov=31.8%/100.0%
[R3] pos=(1925,1154) state=exploring leader=None trust=1.00 susp=0.00 cov=31.8%/100.0%
[R3] pos=(1925,1124) state=exploring leader=None trust=1.00 susp=0.00 cov=31.8%/100.0%
[R3] pos=(1925,1239) state=exploring leader=None trust=1.00 susp=0.00 cov=31.8%/100.0%
[R3] pos=(1925,1237) state=exploring leader=None trust=1.00 susp=0.00 cov=31.8%/100.0%
[R3] pos=(1925,1243) state=exploring leader=None trust=1.00 susp=0.00 cov=31.8%/100.0%
[R3] pos=(1925,1243) state=exploring leader=None trust=1.00 susp=0.00 cov=31.8%/100.0%
[R3] pos=(1925,1243) state=exploring leader=None trust=1.00 susp=0.00 cov=31.8%/100.0%
[R3] pos=(1925,1243) state=exploring leader=None trust=1.00 susp=0.00 cov=31.8%/100.0%
[R3] pos=(1925,1243) state=exploring leader=None trust=1.00 susp=0.00 cov=31.8%/100.0%
[R3] pos=(1925,1243) state=exploring leader=None trust=1.00 susp=0.00 cov=31.8%/100.0%
[R3] pos=(1925,1243) state=exploring leader=None trust=1.00 susp=0.00 cov=31.8%/100.0%
[R3] pos=(1925,1243) state=exploring leader=None trust=1.00 susp=0.00 cov=31.8%/100.0%
[R3] pos=(1925,1243) state=exploring leader=None trust=1.00 susp=0.00 cov=31.8%/100.0%
[R3] pos=(1925,1243) state=exploring leader=None trust=1.00 susp=0.00 cov=31.8%/100.0%
[R3] pos=(1925,1243) state=exploring leader=None trust=1.00 susp=0.00 cov=31.8%/100.0%
[R3] pos=(1925,1243) state=exploring leader=None trust=1.00 susp=0.00 cov=31.8%/100.0%
[R3] pos=(1925,1243) state=exploring leader=None trust=1.00 susp=0.00 cov=31.8%/100.0%
[R3] pos=(1925,1243) state=exploring leader=None trust=1.00 susp=0.00 cov=31.8%/100.0%
[R3] pos=(1925,1243) state=exploring leader=None trust=1.00 susp=0.00 cov=31.8%/100.0%
[R3] pos=(1925,1243) state=exploring leader=None trust=1.00 susp=0.00 cov=31.8%/100.0%
[R3] pos=(1925,1243) state=exploring leader=None trust=1.00 susp=0.00 cov=31.8%/100.0%
[R3] pos=(1925,1243) state=exploring leader=None trust=1.00 susp=0.00 cov=31.8%/100.0%
[R3] pos=(1925,1243) state=exploring leader=None trust=1.00 susp=0.00 cov=31.8%/100.0%
[R3] pos=(1925,1243) state=exploring leader=None trust=1.00 susp=0.00 cov=31.8%/100.0%
[R3] pos=(1925,1243) state=exploring leader=None trust=1.00 susp=0.00 cov=31.8%/100.0%
[R3] pos=(1925,1243) state=exploring leader=None trust=1.00 susp=0.00 cov=31.8%/100.0%
[R3] pos=(1925,1243) state=exploring leader=None trust=1.00 susp=0.00 cov=31.8%/100.0%
[R3] pos=(1925,1243) state=exploring leader=None trust=1.00 susp=0.00 cov=31.8%/100.0%
[R3] pos=(1925,1243) state=exploring leader=None trust=1.00 susp=0.00 cov=31.8%/100.0%
[R3] pos=(1925,1243) state=exploring leader=None trust=1.00 susp=0.00 cov=31.8%/100.0%
[R3] pos=(1925,1243) state=exploring leader=None trust=1.00 susp=0.00 cov=31.8%/100.0%
[R3] pos=(1925,1243) state=exploring leader=None trust=1.00 susp=0.00 cov=31.8%/100.0%
[R3] pos=(1925,1243) state=exploring leader=None trust=1.00 susp=0.00 cov=31.8%/100.0%
[R3] pos=(1925,1243) state=exploring leader=None trust=1.00 susp=0.00 cov=31.8%/100.0%
[R3] pos=(1925,1243) state=exploring leader=None trust=1.00 susp=0.00 cov=31.8%/100.0%
[R3] pos=(1925,1243) state=exploring leader=None trust=1.00 susp=0.00 cov=31.8%/100.0%
[R3] pos=(1925,1243) state=exploring leader=None trust=1.00 susp=0.00 cov=31.8%/100.0%
[R3] pos=(1925,1243) state=exploring leader=None trust=1.00 susp=0.00 cov=31.8%/100.0%
[R3] pos=(1925,1243) state=exploring leader=None trust=1.00 susp=0.00 cov=31.8%/100.0%
[R3] pos=(1925,1243) state=exploring leader=None trust=1.00 susp=0.00 cov=31.8%/100.0%
[R3] pos=(1925,1243) state=exploring leader=None trust=1.00 susp=0.00 cov=31.8%/100.0%
[R3] pos=(1925,1243) state=exploring leader=None trust=1.00 susp=0.00 cov=31.8%/100.0%
