[WARN] Hardware modules not available - running in simulation mode
=== REIP Node - Robot 3 [SIM (unique ports)] ===
Trust Model: Three-tier confidence-weighted
  Personal: 1.0, ToF: 1.0, Peer: 0.3
  Suspicion threshold: 1.5, Recovery: 0.1

  Logging to: logs/robot_3_20260226_174302.jsonl
Initializing hardware...
  Hardware: SIMULATED
[INFO] Position socket listening on port 22103
[INFO] Peer socket listening on port 22203
[INFO] Fault socket listening on port 22303
Ready!

=== DECENTRALIZED MODE - No leader coordination ===
=== Detection Bounds: T1=2 cmds, T3=8 cmds | Impeachment: T1=8 cmds, T3=32 cmds ===
Running... Press Ctrl+C to stop

[R3] pos=(0,0) state=exploring leader=None trust=1.00 susp=0.00 cov=0.0%/0.0%
[R3] pos=(1205,203) state=exploring leader=None trust=1.00 susp=0.00 cov=0.5%/0.5%
[R3] pos=(513,187) state=exploring leader=None trust=1.00 susp=0.00 cov=3.1%/16.7%
[R3] pos=(173,166) state=exploring leader=None trust=1.00 susp=0.00 cov=6.2%/29.7%
[R3] pos=(773,313) state=exploring leader=None trust=1.00 susp=0.00 cov=9.4%/38.5%
[R3] pos=(1127,75) state=exploring leader=None trust=1.00 susp=0.00 cov=12.0%/46.9%
[R3] pos=(1561,175) state=exploring leader=None trust=1.00 susp=0.00 cov=15.1%/57.3%
[R3] pos=(1925,376) state=exploring leader=None trust=1.00 susp=0.00 cov=19.3%/69.3%
[R3] pos=(1696,901) state=exploring leader=None trust=1.00 susp=0.00 cov=22.4%/79.2%
[R3] pos=(1317,1211) state=exploring leader=None trust=1.00 susp=0.00 cov=27.1%/89.1%
[R3] pos=(1765,1392) state=exploring leader=None trust=1.00 susp=0.00 cov=30.7%/93.2%
[R3] pos=(1925,686) state=exploring leader=None trust=1.00 susp=0.00 cov=34.4%/99.0%
[R3] pos=(1192,1091) state=exploring leader=None trust=1.00 susp=0.00 cov=36.5%/99.5%
[R3] pos=(552,1425) state=exploring leader=None trust=1.00 susp=0.00 cov=39.6%/100.0%
[R3] pos=(552,1425) state=exploring leader=None trust=1.00 susp=0.00 cov=39.6%/100.0%
[R3] pos=(552,1425) state=exploring leader=None trust=1.00 susp=0.00 cov=39.6%/100.0%
[R3] pos=(552,1425) state=exploring leader=None trust=1.00 susp=0.00 cov=39.6%/100.0%
[R3] pos=(552,1425) state=exploring leader=None trust=1.00 susp=0.00 cov=39.6%/100.0%
[R3] pos=(552,1425) state=exploring leader=None trust=1.00 susp=0.00 cov=39.6%/100.0%
[R3] pos=(552,1425) state=exploring leader=None trust=1.00 susp=0.00 cov=39.6%/100.0%
[R3] pos=(552,1425) state=exploring leader=None trust=1.00 susp=0.00 cov=39.6%/100.0%
[R3] pos=(552,1425) state=exploring leader=None trust=1.00 susp=0.00 cov=39.6%/100.0%
[R3] pos=(552,1425) state=exploring leader=None trust=1.00 susp=0.00 cov=39.6%/100.0%
[R3] pos=(552,1425) state=exploring leader=None trust=1.00 susp=0.00 cov=39.6%/100.0%
[R3] pos=(552,1425) state=exploring leader=None trust=1.00 susp=0.00 cov=39.6%/100.0%
[R3] pos=(552,1425) state=exploring leader=None trust=1.00 susp=0.00 cov=39.6%/100.0%
[R3] pos=(552,1425) state=exploring leader=None trust=1.00 susp=0.00 cov=39.6%/100.0%
[R3] pos=(552,1425) state=exploring leader=None trust=1.00 susp=0.00 cov=39.6%/100.0%
[R3] pos=(552,1425) state=exploring leader=None trust=1.00 susp=0.00 cov=39.6%/100.0%
[R3] pos=(552,1425) state=exploring leader=None trust=1.00 susp=0.00 cov=39.6%/100.0%
[R3] pos=(552,1425) state=exploring leader=None trust=1.00 susp=0.00 cov=39.6%/100.0%
[R3] pos=(552,1425) state=exploring leader=None trust=1.00 susp=0.00 cov=39.6%/100.0%
[R3] pos=(552,1425) state=exploring leader=None trust=1.00 susp=0.00 cov=39.6%/100.0%
[R3] pos=(552,1425) state=exploring leader=None trust=1.00 susp=0.00 cov=39.6%/100.0%
[R3] pos=(552,1425) state=exploring leader=None trust=1.00 susp=0.00 cov=39.6%/100.0%
[R3] pos=(552,1425) state=exploring leader=None trust=1.00 susp=0.00 cov=39.6%/100.0%
[R3] pos=(552,1425) state=exploring leader=None trust=1.00 susp=0.00 cov=39.6%/100.0%
[R3] pos=(552,1425) state=exploring leader=None trust=1.00 susp=0.00 cov=39.6%/100.0%
[R3] pos=(552,1425) state=exploring leader=None trust=1.00 susp=0.00 cov=39.6%/100.0%
[R3] pos=(552,1425) state=exploring leader=None trust=1.00 susp=0.00 cov=39.6%/100.0%
[R3] pos=(552,1425) state=exploring leader=None trust=1.00 susp=0.00 cov=39.6%/100.0%
[R3] pos=(552,1425) state=exploring leader=None trust=1.00 susp=0.00 cov=39.6%/100.0%
[R3] pos=(552,1425) state=exploring leader=None trust=1.00 susp=0.00 cov=39.6%/100.0%
[R3] pos=(552,1425) state=exploring leader=None trust=1.00 susp=0.00 cov=39.6%/100.0%
[R3] pos=(552,1425) state=exploring leader=None trust=1.00 susp=0.00 cov=39.6%/100.0%
[R3] pos=(552,1425) state=exploring leader=None trust=1.00 susp=0.00 cov=39.6%/100.0%
[R3] pos=(552,1425) state=exploring leader=None trust=1.00 susp=0.00 cov=39.6%/100.0%
[R3] pos=(552,1425) state=exploring leader=None trust=1.00 susp=0.00 cov=39.6%/100.0%
[R3] pos=(552,1425) state=exploring leader=None trust=1.00 susp=0.00 cov=39.6%/100.0%
[R3] pos=(552,1425) state=exploring leader=None trust=1.00 susp=0.00 cov=39.6%/100.0%
[R3] pos=(552,1425) state=exploring leader=None trust=1.00 susp=0.00 cov=39.6%/100.0%
[R3] pos=(552,1425) state=exploring leader=None trust=1.00 susp=0.00 cov=39.6%/100.0%
[R3] pos=(552,1425) state=exploring leader=None trust=1.00 susp=0.00 cov=39.6%/100.0%
[R3] pos=(552,1425) state=exploring leader=None trust=1.00 susp=0.00 cov=39.6%/100.0%
[R3] pos=(552,1425) state=exploring leader=None trust=1.00 susp=0.00 cov=39.6%/100.0%
[R3] pos=(552,1425) state=exploring leader=None trust=1.00 susp=0.00 cov=39.6%/100.0%
[R3] pos=(552,1425) state=exploring leader=None trust=1.00 susp=0.00 cov=39.6%/100.0%
[R3] pos=(552,1425) state=exploring leader=None trust=1.00 susp=0.00 cov=39.6%/100.0%
[R3] pos=(552,1425) state=exploring leader=None trust=1.00 susp=0.00 cov=39.6%/100.0%
[R3] pos=(552,1425) state=exploring leader=None trust=1.00 susp=0.00 cov=39.6%/100.0%
[R3] pos=(552,1425) state=exploring leader=None trust=1.00 susp=0.00 cov=39.6%/100.0%
