[WARN] Hardware modules not available - running in simulation mode
=== REIP Node - Robot 1 [SIM (unique ports)] ===
Trust Model: Three-tier confidence-weighted
  Personal: 1.0, ToF: 1.0, Peer: 0.3
  Suspicion threshold: 1.5, Recovery: 0.1

  Logging to: logs/robot_1_20260226_182443.jsonl
Initializing hardware...
  Hardware: SIMULATED
[INFO] Position socket listening on port 5101
[INFO] Peer socket listening on port 5201
[INFO] Fault socket listening on port 5301
Ready!

=== DECENTRALIZED MODE - No leader coordination ===
=== Detection Bounds: T1=2 cmds, T3=8 cmds | Impeachment: T1=8 cmds, T3=32 cmds ===
Running... Press Ctrl+C to stop

[R1] pos=(0,0) state=exploring leader=None trust=1.00 susp=0.00 cov=0.0%/0.0%
[R1] pos=(1444,937) state=exploring leader=None trust=1.00 susp=0.00 cov=0.5%/0.5%
[R1] pos=(763,937) state=exploring leader=None trust=1.00 susp=0.00 cov=3.6%/15.6%
[R1] pos=(329,939) state=exploring leader=None trust=1.00 susp=0.00 cov=6.8%/28.1%
[R1] pos=(328,902) state=exploring leader=None trust=1.00 susp=0.00 cov=9.9%/37.0%
[R1] pos=(75,1425) state=exploring leader=None trust=1.00 susp=0.00 cov=13.0%/46.9%
[R1] pos=(315,1309) state=exploring leader=None trust=1.00 susp=0.00 cov=15.6%/57.3%
[R1] pos=(582,1047) state=exploring leader=None trust=1.00 susp=0.00 cov=20.3%/69.3%
[R1] pos=(680,1425) state=exploring leader=None trust=1.00 susp=0.00 cov=22.4%/76.6%
[R1] pos=(991,1144) state=exploring leader=None trust=1.00 susp=0.00 cov=26.6%/89.1%
[R1] pos=(1775,1425) state=exploring leader=None trust=1.00 susp=0.00 cov=30.7%/92.7%
[R1] pos=(1925,1031) state=exploring leader=None trust=1.00 susp=0.00 cov=33.3%/96.4%
[R1] pos=(1925,519) state=exploring leader=None trust=1.00 susp=0.00 cov=35.4%/100.0%
[R1] pos=(1925,501) state=exploring leader=None trust=1.00 susp=0.00 cov=35.9%/100.0%
[R1] pos=(1925,597) state=exploring leader=None trust=1.00 susp=0.00 cov=35.9%/100.0%
[R1] pos=(1925,619) state=exploring leader=None trust=1.00 susp=0.00 cov=35.9%/100.0%
[R1] pos=(1925,504) state=exploring leader=None trust=1.00 susp=0.00 cov=35.9%/100.0%
[FAULT] Motor fault injected: spin
[R1] pos=(1925,504) state=exploring leader=None trust=1.00 susp=0.00 cov=35.9%/100.0%
[R1] pos=(1925,525) state=exploring leader=None trust=1.00 susp=0.00 cov=35.9%/100.0%
[R1] pos=(1925,624) state=exploring leader=None trust=1.00 susp=0.00 cov=35.9%/100.0%
[R1] pos=(1925,627) state=exploring leader=None trust=1.00 susp=0.00 cov=35.9%/100.0%
[R1] pos=(1925,623) state=exploring leader=None trust=1.00 susp=0.00 cov=35.9%/100.0%
[R1] pos=(1925,511) state=exploring leader=None trust=1.00 susp=0.00 cov=35.9%/100.0%
[R1] pos=(1925,498) state=exploring leader=None trust=1.00 susp=0.00 cov=35.9%/100.0%
[R1] pos=(1925,494) state=exploring leader=None trust=1.00 susp=0.00 cov=35.9%/100.0%
[R1] pos=(1925,619) state=exploring leader=None trust=1.00 susp=0.00 cov=35.9%/100.0%
[R1] pos=(1925,606) state=exploring leader=None trust=1.00 susp=0.00 cov=35.9%/100.0%
[R1] pos=(1925,504) state=exploring leader=None trust=1.00 susp=0.00 cov=35.9%/100.0%
[R1] pos=(1925,516) state=exploring leader=None trust=1.00 susp=0.00 cov=35.9%/100.0%
[R1] pos=(1925,507) state=exploring leader=None trust=1.00 susp=0.00 cov=35.9%/100.0%
[R1] pos=(1925,631) state=exploring leader=None trust=1.00 susp=0.00 cov=35.9%/100.0%
[R1] pos=(1925,622) state=exploring leader=None trust=1.00 susp=0.00 cov=35.9%/100.0%
[R1] pos=(1925,616) state=exploring leader=None trust=1.00 susp=0.00 cov=35.9%/100.0%
[R1] pos=(1925,526) state=exploring leader=None trust=1.00 susp=0.00 cov=35.9%/100.0%
[R1] pos=(1925,520) state=exploring leader=None trust=1.00 susp=0.00 cov=35.9%/100.0%
[R1] pos=(1925,511) state=exploring leader=None trust=1.00 susp=0.00 cov=35.9%/100.0%
[R1] pos=(1925,511) state=exploring leader=None trust=1.00 susp=0.00 cov=35.9%/100.0%
[R1] pos=(1925,511) state=exploring leader=None trust=1.00 susp=0.00 cov=35.9%/100.0%
[R1] pos=(1925,511) state=exploring leader=None trust=1.00 susp=0.00 cov=35.9%/100.0%
[R1] pos=(1925,511) state=exploring leader=None trust=1.00 susp=0.00 cov=35.9%/100.0%
[R1] pos=(1925,511) state=exploring leader=None trust=1.00 susp=0.00 cov=35.9%/100.0%
[R1] pos=(1925,511) state=exploring leader=None trust=1.00 susp=0.00 cov=35.9%/100.0%
[R1] pos=(1925,511) state=exploring leader=None trust=1.00 susp=0.00 cov=35.9%/100.0%
[R1] pos=(1925,511) state=exploring leader=None trust=1.00 susp=0.00 cov=35.9%/100.0%
[R1] pos=(1925,511) state=exploring leader=None trust=1.00 susp=0.00 cov=35.9%/100.0%
[R1] pos=(1925,511) state=exploring leader=None trust=1.00 susp=0.00 cov=35.9%/100.0%
[R1] pos=(1925,511) state=exploring leader=None trust=1.00 susp=0.00 cov=35.9%/100.0%
[R1] pos=(1925,511) state=exploring leader=None trust=1.00 susp=0.00 cov=35.9%/100.0%
[R1] pos=(1925,511) state=exploring leader=None trust=1.00 susp=0.00 cov=35.9%/100.0%
[R1] pos=(1925,511) state=exploring leader=None trust=1.00 susp=0.00 cov=35.9%/100.0%
[R1] pos=(1925,511) state=exploring leader=None trust=1.00 susp=0.00 cov=35.9%/100.0%
[R1] pos=(1925,511) state=exploring leader=None trust=1.00 susp=0.00 cov=35.9%/100.0%
[R1] pos=(1925,479) state=exploring leader=None trust=1.00 susp=0.00 cov=35.9%/100.0%
[R1] pos=(1925,491) state=exploring leader=None trust=1.00 susp=0.00 cov=35.9%/100.0%
[R1] pos=(1925,636) state=exploring leader=None trust=1.00 susp=0.00 cov=35.9%/100.0%
[R1] pos=(1925,512) state=exploring leader=None trust=1.00 susp=0.00 cov=35.9%/100.0%
[R1] pos=(1925,635) state=exploring leader=None trust=1.00 susp=0.00 cov=35.9%/100.0%
[R1] pos=(1925,521) state=exploring leader=None trust=1.00 susp=0.00 cov=35.9%/100.0%
[R1] pos=(1925,521) state=exploring leader=None trust=1.00 susp=0.00 cov=35.9%/100.0%
[R1] pos=(1925,511) state=exploring leader=None trust=1.00 susp=0.00 cov=35.9%/100.0%
[R1] pos=(1925,620) state=exploring leader=None trust=1.00 susp=0.00 cov=35.9%/100.0%
