[WARN] Hardware modules not available - running in simulation mode
=== REIP Node - Robot 5 [SIM (unique ports)] ===
Trust Model: Three-tier confidence-weighted
  Personal: 1.0, ToF: 1.0, Peer: 0.3
  Suspicion threshold: 1.5, Recovery: 0.1

  Logging to: logs/robot_5_20260226_205731.jsonl
Initializing hardware...
  Hardware: SIMULATED
[INFO] Position socket listening on port 6105
[INFO] Peer socket listening on port 6205
[INFO] Fault socket listening on port 6305
Ready!

=== DECENTRALIZED MODE - No leader coordination ===
=== Detection Bounds: T1=2 cmds, T3=8 cmds | Impeachment: T1=8 cmds, T3=32 cmds ===
Running... Press Ctrl+C to stop

[R5] pos=(0,0) state=exploring leader=None trust=1.00 susp=0.00 cov=0.0%/0.0%
[R5] pos=(673,525) state=exploring leader=None trust=1.00 susp=0.00 cov=0.5%/0.5%
[R5] pos=(568,82) state=exploring leader=None trust=1.00 susp=0.00 cov=3.6%/13.0%
[R5] pos=(759,75) state=exploring leader=None trust=1.00 susp=0.00 cov=6.2%/19.3%
[R5] pos=(911,569) state=exploring leader=None trust=1.00 susp=0.00 cov=8.9%/27.1%
[R5] pos=(241,965) state=exploring leader=None trust=1.00 susp=0.00 cov=13.0%/34.4%
[R5] pos=(555,1332) state=exploring leader=None trust=1.00 susp=0.00 cov=16.7%/39.6%
[R5] pos=(896,970) state=exploring leader=None trust=1.00 susp=0.00 cov=20.3%/45.8%
[R5] pos=(923,724) state=exploring leader=None trust=1.00 susp=0.00 cov=21.4%/51.0%
[R5] pos=(923,688) state=exploring leader=None trust=1.00 susp=0.00 cov=21.4%/53.1%
[R5] pos=(923,688) state=exploring leader=None trust=1.00 susp=0.00 cov=21.4%/53.6%
[R5] pos=(923,696) state=exploring leader=None trust=1.00 susp=0.00 cov=21.4%/57.8%
[R5] pos=(923,621) state=exploring leader=None trust=1.00 susp=0.00 cov=21.4%/58.3%
[R5] pos=(923,621) state=exploring leader=None trust=1.00 susp=0.00 cov=21.4%/58.3%
[R5] pos=(923,621) state=exploring leader=None trust=1.00 susp=0.00 cov=21.4%/58.3%
[R5] pos=(923,442) state=exploring leader=None trust=1.00 susp=0.00 cov=21.9%/60.4%
[R5] pos=(923,321) state=exploring leader=None trust=1.00 susp=0.00 cov=22.4%/66.1%
[R5] pos=(923,175) state=exploring leader=None trust=1.00 susp=0.00 cov=23.4%/69.8%
[R5] pos=(923,795) state=exploring leader=None trust=1.00 susp=0.00 cov=23.4%/76.0%
[R5] pos=(1224,1307) state=exploring leader=None trust=1.00 susp=0.00 cov=26.0%/79.2%
[R5] pos=(1688,1069) state=exploring leader=None trust=1.00 susp=0.00 cov=29.7%/84.4%
[R5] pos=(1913,1425) state=exploring leader=None trust=1.00 susp=0.00 cov=32.8%/91.7%
[R5] pos=(1925,723) state=exploring leader=None trust=1.00 susp=0.00 cov=35.9%/99.0%
[R5] pos=(1925,400) state=exploring leader=None trust=1.00 susp=0.00 cov=37.0%/100.0%
[R5] pos=(1925,395) state=exploring leader=None trust=1.00 susp=0.00 cov=37.0%/100.0%
[R5] pos=(1925,408) state=exploring leader=None trust=1.00 susp=0.00 cov=37.0%/100.0%
[R5] pos=(1925,508) state=exploring leader=None trust=1.00 susp=0.00 cov=37.0%/100.0%
[R5] pos=(1925,484) state=exploring leader=None trust=1.00 susp=0.00 cov=37.0%/100.0%
[R5] pos=(1925,485) state=exploring leader=None trust=1.00 susp=0.00 cov=37.0%/100.0%
[R5] pos=(1925,401) state=exploring leader=None trust=1.00 susp=0.00 cov=37.0%/100.0%
[R5] pos=(1925,381) state=exploring leader=None trust=1.00 susp=0.00 cov=37.0%/100.0%
[R5] pos=(1925,381) state=exploring leader=None trust=1.00 susp=0.00 cov=37.0%/100.0%
[R5] pos=(1925,495) state=exploring leader=None trust=1.00 susp=0.00 cov=37.0%/100.0%
[R5] pos=(1925,494) state=exploring leader=None trust=1.00 susp=0.00 cov=37.0%/100.0%
[R5] pos=(1925,501) state=exploring leader=None trust=1.00 susp=0.00 cov=37.0%/100.0%
[R5] pos=(1925,404) state=exploring leader=None trust=1.00 susp=0.00 cov=37.0%/100.0%
[R5] pos=(1925,394) state=exploring leader=None trust=1.00 susp=0.00 cov=37.0%/100.0%
[R5] pos=(1925,378) state=exploring leader=None trust=1.00 susp=0.00 cov=37.0%/100.0%
[R5] pos=(1925,507) state=exploring leader=None trust=1.00 susp=0.00 cov=37.0%/100.0%
[R5] pos=(1925,506) state=exploring leader=None trust=1.00 susp=0.00 cov=37.0%/100.0%
[R5] pos=(1925,404) state=exploring leader=None trust=1.00 susp=0.00 cov=37.0%/100.0%
[R5] pos=(1925,403) state=exploring leader=None trust=1.00 susp=0.00 cov=37.0%/100.0%
[R5] pos=(1925,382) state=exploring leader=None trust=1.00 susp=0.00 cov=37.0%/100.0%
[R5] pos=(1925,485) state=exploring leader=None trust=1.00 susp=0.00 cov=37.5%/100.0%
[R5] pos=(1925,486) state=exploring leader=None trust=1.00 susp=0.00 cov=37.5%/100.0%
[R5] pos=(1925,500) state=exploring leader=None trust=1.00 susp=0.00 cov=37.5%/100.0%
[R5] pos=(1925,384) state=exploring leader=None trust=1.00 susp=0.00 cov=37.5%/100.0%
[R5] pos=(1925,389) state=exploring leader=None trust=1.00 susp=0.00 cov=37.5%/100.0%
[R5] pos=(1925,384) state=exploring leader=None trust=1.00 susp=0.00 cov=37.5%/100.0%
[R5] pos=(1925,497) state=exploring leader=None trust=1.00 susp=0.00 cov=37.5%/100.0%
[R5] pos=(1925,474) state=exploring leader=None trust=1.00 susp=0.00 cov=37.5%/100.0%
[R5] pos=(1925,487) state=exploring leader=None trust=1.00 susp=0.00 cov=37.5%/100.0%
[R5] pos=(1925,369) state=exploring leader=None trust=1.00 susp=0.00 cov=37.5%/100.0%
[R5] pos=(1925,392) state=exploring leader=None trust=1.00 susp=0.00 cov=37.5%/100.0%
[R5] pos=(1925,378) state=exploring leader=None trust=1.00 susp=0.00 cov=37.5%/100.0%
[R5] pos=(1925,504) state=exploring leader=None trust=1.00 susp=0.00 cov=37.5%/100.0%
[R5] pos=(1925,491) state=exploring leader=None trust=1.00 susp=0.00 cov=37.5%/100.0%
[R5] pos=(1925,399) state=exploring leader=None trust=1.00 susp=0.00 cov=37.5%/100.0%
[R5] pos=(1925,407) state=exploring leader=None trust=1.00 susp=0.00 cov=37.5%/100.0%
[R5] pos=(1925,410) state=exploring leader=None trust=1.00 susp=0.00 cov=37.5%/100.0%
[R5] pos=(1925,483) state=exploring leader=None trust=1.00 susp=0.00 cov=37.5%/100.0%
