[WARN] Hardware modules not available - running in simulation mode
=== REIP Node - Robot 2 [SIM (unique ports)] ===
Trust Model: Three-tier confidence-weighted
  Personal: 1.0, ToF: 1.0, Peer: 0.3
  Suspicion threshold: 1.5, Recovery: 0.1

  Logging to: logs/robot_2_20260226_181028.jsonl
Initializing hardware...
  Hardware: SIMULATED
[INFO] Position socket listening on port 10102
[INFO] Peer socket listening on port 10202
[INFO] Fault socket listening on port 10302
Ready!

=== DECENTRALIZED MODE - No leader coordination ===
=== Detection Bounds: T1=2 cmds, T3=8 cmds | Impeachment: T1=8 cmds, T3=32 cmds ===
Running... Press Ctrl+C to stop

[R2] pos=(0,0) state=exploring leader=None trust=1.00 susp=0.00 cov=0.0%/0.0%
[R2] pos=(435,677) state=exploring leader=None trust=1.00 susp=0.00 cov=0.5%/0.5%
[R2] pos=(75,398) state=exploring leader=None trust=1.00 susp=0.00 cov=3.1%/13.5%
[R2] pos=(502,75) state=exploring leader=None trust=1.00 susp=0.00 cov=7.3%/24.5%
[R2] pos=(512,514) state=exploring leader=None trust=1.00 susp=0.00 cov=10.9%/36.5%
[R2] pos=(740,360) state=exploring leader=None trust=1.00 susp=0.00 cov=15.1%/48.4%
[R2] pos=(1031,827) state=exploring leader=None trust=1.00 susp=0.00 cov=18.2%/58.9%
[R2] pos=(1310,676) state=exploring leader=None trust=1.00 susp=0.00 cov=21.4%/72.4%
[R2] pos=(1424,1045) state=exploring leader=None trust=1.00 susp=0.00 cov=25.0%/83.3%
[R2] pos=(1728,1425) state=exploring leader=None trust=1.00 susp=0.00 cov=28.1%/90.6%
[R2] pos=(1925,1425) state=exploring leader=None trust=1.00 susp=0.00 cov=31.8%/97.9%
[R2] pos=(1925,492) state=exploring leader=None trust=1.00 susp=0.00 cov=34.9%/100.0%
[R2] pos=(1925,615) state=exploring leader=None trust=1.00 susp=0.00 cov=34.9%/100.0%
[R2] pos=(1925,622) state=exploring leader=None trust=1.00 susp=0.00 cov=34.9%/100.0%
[R2] pos=(1925,611) state=exploring leader=None trust=1.00 susp=0.00 cov=34.9%/100.0%
[R2] pos=(1925,626) state=exploring leader=None trust=1.00 susp=0.00 cov=34.9%/100.0%
[R2] pos=(1925,514) state=exploring leader=None trust=1.00 susp=0.00 cov=34.9%/100.0%
[R2] pos=(1925,510) state=exploring leader=None trust=1.00 susp=0.00 cov=34.9%/100.0%
[R2] pos=(1925,616) state=exploring leader=None trust=1.00 susp=0.00 cov=34.9%/100.0%
[R2] pos=(1925,631) state=exploring leader=None trust=1.00 susp=0.00 cov=34.9%/100.0%
[R2] pos=(1925,614) state=exploring leader=None trust=1.00 susp=0.00 cov=34.9%/100.0%
[R2] pos=(1925,504) state=exploring leader=None trust=1.00 susp=0.00 cov=34.9%/100.0%
[R2] pos=(1925,526) state=exploring leader=None trust=1.00 susp=0.00 cov=34.9%/100.0%
[R2] pos=(1925,516) state=exploring leader=None trust=1.00 susp=0.00 cov=34.9%/100.0%
[R2] pos=(1925,607) state=exploring leader=None trust=1.00 susp=0.00 cov=34.9%/100.0%
[R2] pos=(1925,613) state=exploring leader=None trust=1.00 susp=0.00 cov=34.9%/100.0%
[R2] pos=(1925,582) state=exploring leader=None trust=1.00 susp=0.00 cov=34.9%/100.0%
[R2] pos=(1925,509) state=exploring leader=None trust=1.00 susp=0.00 cov=34.9%/100.0%
[R2] pos=(1925,592) state=exploring leader=None trust=1.00 susp=0.00 cov=34.9%/100.0%
[R2] pos=(1925,520) state=exploring leader=None trust=1.00 susp=0.00 cov=34.9%/100.0%
[R2] pos=(1925,526) state=exploring leader=None trust=1.00 susp=0.00 cov=34.9%/100.0%
[R2] pos=(1925,604) state=exploring leader=None trust=1.00 susp=0.00 cov=34.9%/100.0%
[R2] pos=(1925,506) state=exploring leader=None trust=1.00 susp=0.00 cov=34.9%/100.0%
[R2] pos=(1925,607) state=exploring leader=None trust=1.00 susp=0.00 cov=34.9%/100.0%
[R2] pos=(1925,506) state=exploring leader=None trust=1.00 susp=0.00 cov=34.9%/100.0%
[R2] pos=(1925,505) state=exploring leader=None trust=1.00 susp=0.00 cov=34.9%/100.0%
[R2] pos=(1925,587) state=exploring leader=None trust=1.00 susp=0.00 cov=34.9%/100.0%
[R2] pos=(1925,517) state=exploring leader=None trust=1.00 susp=0.00 cov=34.9%/100.0%
[R2] pos=(1925,620) state=exploring leader=None trust=1.00 susp=0.00 cov=34.9%/100.0%
[R2] pos=(1925,629) state=exploring leader=None trust=1.00 susp=0.00 cov=34.9%/100.0%
[R2] pos=(1925,612) state=exploring leader=None trust=1.00 susp=0.00 cov=34.9%/100.0%
[R2] pos=(1925,515) state=exploring leader=None trust=1.00 susp=0.00 cov=34.9%/100.0%
[R2] pos=(1925,515) state=exploring leader=None trust=1.00 susp=0.00 cov=34.9%/100.0%
[R2] pos=(1925,628) state=exploring leader=None trust=1.00 susp=0.00 cov=34.9%/100.0%
[R2] pos=(1925,510) state=exploring leader=None trust=1.00 susp=0.00 cov=34.9%/100.0%
[R2] pos=(1925,506) state=exploring leader=None trust=1.00 susp=0.00 cov=34.9%/100.0%
[R2] pos=(1925,617) state=exploring leader=None trust=1.00 susp=0.00 cov=34.9%/100.0%
[R2] pos=(1925,617) state=exploring leader=None trust=1.00 susp=0.00 cov=34.9%/100.0%
[R2] pos=(1925,621) state=exploring leader=None trust=1.00 susp=0.00 cov=34.9%/100.0%
[R2] pos=(1925,513) state=exploring leader=None trust=1.00 susp=0.00 cov=34.9%/100.0%
[R2] pos=(1925,509) state=exploring leader=None trust=1.00 susp=0.00 cov=34.9%/100.0%
[R2] pos=(1925,516) state=exploring leader=None trust=1.00 susp=0.00 cov=34.9%/100.0%
[R2] pos=(1925,624) state=exploring leader=None trust=1.00 susp=0.00 cov=34.9%/100.0%
[R2] pos=(1925,604) state=exploring leader=None trust=1.00 susp=0.00 cov=34.9%/100.0%
[R2] pos=(1925,614) state=exploring leader=None trust=1.00 susp=0.00 cov=34.9%/100.0%
[R2] pos=(1925,508) state=exploring leader=None trust=1.00 susp=0.00 cov=34.9%/100.0%
[R2] pos=(1925,605) state=exploring leader=None trust=1.00 susp=0.00 cov=34.9%/100.0%
[R2] pos=(1925,513) state=exploring leader=None trust=1.00 susp=0.00 cov=34.9%/100.0%
[R2] pos=(1925,616) state=exploring leader=None trust=1.00 susp=0.00 cov=34.9%/100.0%
[R2] pos=(1925,612) state=exploring leader=None trust=1.00 susp=0.00 cov=34.9%/100.0%
[R2] pos=(1925,599) state=exploring leader=None trust=1.00 susp=0.00 cov=34.9%/100.0%
