[WARN] Hardware modules not available - running in simulation mode
=== REIP Node - Robot 2 [SIM (unique ports)] ===
Trust Model: Three-tier confidence-weighted
  Personal: 1.0, ToF: 1.0, Peer: 0.3
  Suspicion threshold: 1.5, Recovery: 0.1

  Logging to: logs/robot_2_20260226_185742.jsonl
Initializing hardware...
  Hardware: SIMULATED
[INFO] Position socket listening on port 5102
[INFO] Peer socket listening on port 5202
[INFO] Fault socket listening on port 5302
Ready!

=== DECENTRALIZED MODE - No leader coordination ===
=== Detection Bounds: T1=2 cmds, T3=8 cmds | Impeachment: T1=8 cmds, T3=32 cmds ===
Running... Press Ctrl+C to stop

[R2] pos=(0,0) state=exploring leader=None trust=1.00 susp=0.00 cov=0.0%/0.0%
[R2] pos=(435,677) state=exploring leader=None trust=1.00 susp=0.00 cov=0.5%/2.6%
[R2] pos=(174,810) state=exploring leader=None trust=1.00 susp=0.00 cov=3.1%/15.6%
[R2] pos=(559,1205) state=exploring leader=None trust=1.00 susp=0.00 cov=6.2%/26.6%
[R2] pos=(891,932) state=exploring leader=None trust=1.00 susp=0.00 cov=9.4%/39.6%
[R2] pos=(819,685) state=exploring leader=None trust=1.00 susp=0.00 cov=11.5%/47.4%
[R2] pos=(554,434) state=exploring leader=None trust=1.00 susp=0.00 cov=14.1%/59.9%
[R2] pos=(1012,441) state=exploring leader=None trust=1.00 susp=0.00 cov=17.2%/71.9%
[R2] pos=(1437,1090) state=exploring leader=None trust=1.00 susp=0.00 cov=21.4%/82.8%
[R2] pos=(1331,1425) state=exploring leader=None trust=1.00 susp=0.00 cov=25.0%/92.2%
[R2] pos=(1925,1062) state=exploring leader=None trust=1.00 susp=0.00 cov=27.6%/97.4%
[R2] pos=(1828,683) state=exploring leader=None trust=1.00 susp=0.00 cov=29.7%/100.0%
[R2] pos=(1828,683) state=exploring leader=None trust=1.00 susp=0.00 cov=29.7%/100.0%
[R2] pos=(1828,683) state=exploring leader=None trust=1.00 susp=0.00 cov=29.7%/100.0%
[R2] pos=(1828,683) state=exploring leader=None trust=1.00 susp=0.00 cov=29.7%/100.0%
[R2] pos=(1828,683) state=exploring leader=None trust=1.00 susp=0.00 cov=29.7%/100.0%
[R2] pos=(1828,683) state=exploring leader=None trust=1.00 susp=0.00 cov=29.7%/100.0%
[R2] pos=(1828,683) state=exploring leader=None trust=1.00 susp=0.00 cov=29.7%/100.0%
[R2] pos=(1828,683) state=exploring leader=None trust=1.00 susp=0.00 cov=29.7%/100.0%
[R2] pos=(1828,683) state=exploring leader=None trust=1.00 susp=0.00 cov=29.7%/100.0%
[R2] pos=(1828,683) state=exploring leader=None trust=1.00 susp=0.00 cov=29.7%/100.0%
[R2] pos=(1828,683) state=exploring leader=None trust=1.00 susp=0.00 cov=29.7%/100.0%
[R2] pos=(1828,683) state=exploring leader=None trust=1.00 susp=0.00 cov=29.7%/100.0%
[R2] pos=(1828,683) state=exploring leader=None trust=1.00 susp=0.00 cov=29.7%/100.0%
[R2] pos=(1828,683) state=exploring leader=None trust=1.00 susp=0.00 cov=29.7%/100.0%
[R2] pos=(1828,683) state=exploring leader=None trust=1.00 susp=0.00 cov=29.7%/100.0%
[R2] pos=(1828,683) state=exploring leader=None trust=1.00 susp=0.00 cov=29.7%/100.0%
[R2] pos=(1828,683) state=exploring leader=None trust=1.00 susp=0.00 cov=29.7%/100.0%
[R2] pos=(1828,683) state=exploring leader=None trust=1.00 susp=0.00 cov=29.7%/100.0%
[R2] pos=(1828,683) state=exploring leader=None trust=1.00 susp=0.00 cov=29.7%/100.0%
[R2] pos=(1828,683) state=exploring leader=None trust=1.00 susp=0.00 cov=29.7%/100.0%
[R2] pos=(1828,683) state=exploring leader=None trust=1.00 susp=0.00 cov=29.7%/100.0%
[R2] pos=(1828,683) state=exploring leader=None trust=1.00 susp=0.00 cov=29.7%/100.0%
[R2] pos=(1828,683) state=exploring leader=None trust=1.00 susp=0.00 cov=29.7%/100.0%
[R2] pos=(1828,683) state=exploring leader=None trust=1.00 susp=0.00 cov=29.7%/100.0%
[R2] pos=(1828,683) state=exploring leader=None trust=1.00 susp=0.00 cov=29.7%/100.0%
[R2] pos=(1828,683) state=exploring leader=None trust=1.00 susp=0.00 cov=29.7%/100.0%
[R2] pos=(1828,683) state=exploring leader=None trust=1.00 susp=0.00 cov=29.7%/100.0%
[R2] pos=(1828,683) state=exploring leader=None trust=1.00 susp=0.00 cov=29.7%/100.0%
[R2] pos=(1828,683) state=exploring leader=None trust=1.00 susp=0.00 cov=29.7%/100.0%
[R2] pos=(1828,683) state=exploring leader=None trust=1.00 susp=0.00 cov=29.7%/100.0%
[R2] pos=(1828,683) state=exploring leader=None trust=1.00 susp=0.00 cov=29.7%/100.0%
[R2] pos=(1828,683) state=exploring leader=None trust=1.00 susp=0.00 cov=29.7%/100.0%
[R2] pos=(1828,683) state=exploring leader=None trust=1.00 susp=0.00 cov=29.7%/100.0%
[R2] pos=(1828,683) state=exploring leader=None trust=1.00 susp=0.00 cov=29.7%/100.0%
[R2] pos=(1828,683) state=exploring leader=None trust=1.00 susp=0.00 cov=29.7%/100.0%
[R2] pos=(1828,683) state=exploring leader=None trust=1.00 susp=0.00 cov=29.7%/100.0%
[R2] pos=(1828,683) state=exploring leader=None trust=1.00 susp=0.00 cov=29.7%/100.0%
[R2] pos=(1828,683) state=exploring leader=None trust=1.00 susp=0.00 cov=29.7%/100.0%
[R2] pos=(1828,683) state=exploring leader=None trust=1.00 susp=0.00 cov=29.7%/100.0%
[R2] pos=(1828,683) state=exploring leader=None trust=1.00 susp=0.00 cov=29.7%/100.0%
[R2] pos=(1828,683) state=exploring leader=None trust=1.00 susp=0.00 cov=29.7%/100.0%
[R2] pos=(1828,683) state=exploring leader=None trust=1.00 susp=0.00 cov=29.7%/100.0%
[R2] pos=(1828,683) state=exploring leader=None trust=1.00 susp=0.00 cov=29.7%/100.0%
[R2] pos=(1828,683) state=exploring leader=None trust=1.00 susp=0.00 cov=29.7%/100.0%
[R2] pos=(1828,683) state=exploring leader=None trust=1.00 susp=0.00 cov=29.7%/100.0%
[R2] pos=(1828,683) state=exploring leader=None trust=1.00 susp=0.00 cov=29.7%/100.0%
[R2] pos=(1828,683) state=exploring leader=None trust=1.00 susp=0.00 cov=29.7%/100.0%
[R2] pos=(1828,683) state=exploring leader=None trust=1.00 susp=0.00 cov=29.7%/100.0%
[R2] pos=(1828,683) state=exploring leader=None trust=1.00 susp=0.00 cov=29.7%/100.0%
[R2] pos=(1828,683) state=exploring leader=None trust=1.00 susp=0.00 cov=29.7%/100.0%
