[WARN] Hardware modules not available - running in simulation mode
=== REIP Node - Robot 3 [SIM (unique ports)] ===
Trust Model: Three-tier confidence-weighted
  Personal: 1.0, ToF: 1.0, Peer: 0.3
  Suspicion threshold: 1.5, Recovery: 0.1

  Logging to: logs/robot_3_20260226_000651.jsonl
Initializing hardware...
  Hardware: SIMULATED
[INFO] Position socket listening on port 10103
[INFO] Peer socket listening on port 10203
[INFO] Fault socket listening on port 10303
Ready!

=== DECENTRALIZED MODE - No leader coordination ===
=== Detection Bounds: T1=2 cmds, T3=8 cmds | Impeachment: T1=8 cmds, T3=32 cmds ===
Running... Press Ctrl+C to stop

[R3] pos=(0,0) state=exploring leader=None trust=1.00 susp=0.00 cov=0.0%/0.0%
[R3] pos=(1765,343) state=exploring leader=None trust=1.00 susp=0.00 cov=0.5%/2.1%
[R3] pos=(1765,343) state=exploring leader=None trust=1.00 susp=0.00 cov=0.5%/2.1%
[R3] pos=(1765,343) state=exploring leader=None trust=1.00 susp=0.00 cov=0.5%/2.1%
[R3] pos=(1765,343) state=exploring leader=None trust=1.00 susp=0.00 cov=0.5%/2.1%
[R3] pos=(1765,343) state=exploring leader=None trust=1.00 susp=0.00 cov=0.5%/2.1%
[R3] pos=(1765,343) state=exploring leader=None trust=1.00 susp=0.00 cov=0.5%/2.1%
[R3] pos=(1765,343) state=exploring leader=None trust=1.00 susp=0.00 cov=0.5%/2.1%
[R3] pos=(1765,343) state=exploring leader=None trust=1.00 susp=0.00 cov=0.5%/2.1%
[R3] pos=(1765,343) state=exploring leader=None trust=1.00 susp=0.00 cov=0.5%/2.1%
[R3] pos=(1765,343) state=exploring leader=None trust=1.00 susp=0.00 cov=0.5%/2.1%
[R3] pos=(1765,343) state=exploring leader=None trust=1.00 susp=0.00 cov=0.5%/2.1%
[R3] pos=(1765,343) state=exploring leader=None trust=1.00 susp=0.00 cov=0.5%/2.1%
[R3] pos=(1765,343) state=exploring leader=None trust=1.00 susp=0.00 cov=0.5%/2.1%
[R3] pos=(1765,343) state=exploring leader=None trust=1.00 susp=0.00 cov=0.5%/2.1%
[R3] pos=(1765,343) state=exploring leader=None trust=1.00 susp=0.00 cov=0.5%/2.1%
[R3] pos=(1765,343) state=exploring leader=None trust=1.00 susp=0.00 cov=0.5%/2.1%
[R3] pos=(1544,315) state=exploring leader=None trust=1.00 susp=0.00 cov=1.6%/6.2%
[R3] pos=(1294,313) state=exploring leader=None trust=1.00 susp=0.00 cov=2.6%/10.4%
[R3] pos=(1069,313) state=exploring leader=None trust=1.00 susp=0.00 cov=3.6%/14.1%
[R3] pos=(819,313) state=exploring leader=None trust=1.00 susp=0.00 cov=4.7%/19.3%
[R3] pos=(569,313) state=exploring leader=None trust=1.00 susp=0.00 cov=5.7%/24.5%
[R3] pos=(443,191) state=exploring leader=None trust=1.00 susp=0.00 cov=6.8%/28.6%
[R3] pos=(648,180) state=exploring leader=None trust=1.00 susp=0.00 cov=7.8%/32.3%
[R3] pos=(873,187) state=exploring leader=None trust=1.00 susp=0.00 cov=8.3%/33.9%
[R3] pos=(1098,186) state=exploring leader=None trust=1.00 susp=0.00 cov=9.4%/37.5%
[R3] pos=(1348,187) state=exploring leader=None trust=1.00 susp=0.00 cov=10.4%/40.6%
[R3] pos=(1551,163) state=exploring leader=None trust=1.00 susp=0.00 cov=11.5%/43.8%
[R3] pos=(1800,187) state=exploring leader=None trust=1.00 susp=0.00 cov=12.5%/46.9%
[R3] pos=(1925,311) state=exploring leader=None trust=1.00 susp=0.00 cov=13.5%/49.5%
[R3] pos=(1803,434) state=exploring leader=None trust=1.00 susp=0.00 cov=14.6%/50.5%
[R3] pos=(1592,455) state=exploring leader=None trust=1.00 susp=0.00 cov=15.6%/53.1%
[R3] pos=(1420,528) state=exploring leader=None trust=1.00 susp=0.00 cov=16.1%/56.8%
[R3] pos=(1315,655) state=exploring leader=None trust=1.00 susp=0.00 cov=17.2%/61.5%
[R3] pos=(1182,778) state=exploring leader=None trust=1.00 susp=0.00 cov=18.2%/66.1%
[R3] pos=(1179,984) state=exploring leader=None trust=1.00 susp=0.00 cov=18.8%/68.8%
[R3] pos=(1236,1095) state=exploring leader=None trust=1.00 susp=0.00 cov=19.3%/72.9%
[R3] pos=(1279,1283) state=exploring leader=None trust=1.00 susp=0.00 cov=20.3%/77.1%
[R3] pos=(1058,1311) state=exploring leader=None trust=1.00 susp=0.00 cov=21.4%/80.7%
[R3] pos=(808,1312) state=exploring leader=None trust=1.00 susp=0.00 cov=22.4%/83.3%
[R3] pos=(859,1416) state=exploring leader=None trust=1.00 susp=0.00 cov=23.4%/84.9%
[R3] pos=(1081,1425) state=exploring leader=None trust=1.00 susp=0.00 cov=24.5%/85.9%
[R3] pos=(1328,1425) state=exploring leader=None trust=1.00 susp=0.00 cov=25.5%/87.0%
[R3] pos=(1444,1316) state=exploring leader=None trust=1.00 susp=0.00 cov=26.6%/88.0%
[R3] pos=(1539,1346) state=exploring leader=None trust=1.00 susp=0.00 cov=27.6%/89.6%
[R3] pos=(1712,1334) state=exploring leader=None trust=1.00 susp=0.00 cov=29.2%/92.2%
[R3] pos=(1761,1323) state=exploring leader=None trust=1.00 susp=0.00 cov=29.7%/93.2%
[R3] pos=(1807,1181) state=exploring leader=None trust=1.00 susp=0.00 cov=30.2%/94.3%
[R3] pos=(1861,1074) state=exploring leader=None trust=1.00 susp=0.00 cov=30.7%/95.8%
[R3] pos=(1922,977) state=exploring leader=None trust=1.00 susp=0.00 cov=31.8%/97.4%
[R3] pos=(1925,1178) state=exploring leader=None trust=1.00 susp=0.00 cov=32.3%/98.4%
[R3] pos=(1925,1376) state=exploring leader=None trust=1.00 susp=0.00 cov=33.3%/99.5%
[R3] pos=(1815,1425) state=exploring leader=None trust=1.00 susp=0.00 cov=33.9%/100.0%
[R3] pos=(1815,1425) state=exploring leader=None trust=1.00 susp=0.00 cov=33.9%/100.0%
[R3] pos=(1815,1425) state=exploring leader=None trust=1.00 susp=0.00 cov=33.9%/100.0%
[R3] pos=(1815,1425) state=exploring leader=None trust=1.00 susp=0.00 cov=33.9%/100.0%
[R3] pos=(1815,1425) state=exploring leader=None trust=1.00 susp=0.00 cov=33.9%/100.0%
[R3] pos=(1815,1425) state=exploring leader=None trust=1.00 susp=0.00 cov=33.9%/100.0%
[R3] pos=(1815,1425) state=exploring leader=None trust=1.00 susp=0.00 cov=33.9%/100.0%
[R3] pos=(1815,1425) state=exploring leader=None trust=1.00 susp=0.00 cov=33.9%/100.0%
[R3] pos=(1815,1425) state=exploring leader=None trust=1.00 susp=0.00 cov=33.9%/100.0%
[R3] pos=(1815,1425) state=exploring leader=None trust=1.00 susp=0.00 cov=33.9%/100.0%
