[WARN] Hardware modules not available - running in simulation mode
=== REIP Node - Robot 4 [SIM (unique ports)] ===
Trust Model: Three-tier confidence-weighted
  Personal: 1.0, ToF: 1.0, Peer: 0.3
  Suspicion threshold: 1.5, Recovery: 0.1

  Logging to: logs/robot_4_20260226_082325.jsonl
Initializing hardware...
  Hardware: SIMULATED
[INFO] Position socket listening on port 7104
[INFO] Peer socket listening on port 7204
[INFO] Fault socket listening on port 7304
Ready!

=== Detection Bounds: T1=2 cmds, T3=8 cmds | Impeachment: T1=8 cmds, T3=32 cmds ===
Running... Press Ctrl+C to stop

[ELECTION] New leader: 4
[R4] pos=(0,0) state=leader leader=4 trust=1.00 susp=0.00 cov=0.0%/0.0%
[ELECTION] New leader: 1
[R4] pos=(304,738) state=follower leader=1 trust=1.00 susp=0.00 cov=0.5%/0.5%
[R4] pos=(322,1013) state=follower leader=1 trust=1.00 susp=0.00 cov=3.1%/11.5%
[R4] pos=(80,1061) state=follower leader=1 trust=1.00 susp=0.00 cov=4.7%/20.3%
[R4] pos=(75,548) state=follower leader=1 trust=1.00 susp=0.00 cov=6.8%/27.6%
[R4] pos=(187,547) state=follower leader=1 trust=1.00 susp=0.00 cov=8.3%/38.0%
[R4] pos=(437,672) state=follower leader=1 trust=1.00 susp=0.00 cov=10.4%/47.9%
[R4] pos=(566,578) state=follower leader=1 trust=1.00 susp=0.00 cov=12.5%/58.3%
[R4] pos=(343,315) state=follower leader=1 trust=1.00 susp=0.00 cov=14.6%/72.4%
[R4] pos=(148,198) state=follower leader=1 trust=1.00 susp=0.00 cov=16.1%/82.3%
[MPC] Moderate mismatch: best alignment 132ｰ, error=0.28
[R4] pos=(75,373) state=follower leader=1 trust=1.00 susp=0.00 cov=18.2%/87.0%
[R4] pos=(549,185) state=follower leader=1 trust=1.00 susp=0.00 cov=20.8%/95.8%
[R4] pos=(1073,833) state=follower leader=1 trust=1.00 susp=0.00 cov=24.5%/100.0%
[R4] pos=(1205,996) state=follower leader=1 trust=1.00 susp=0.00 cov=25.0%/100.0%
[R4] pos=(1362,1190) state=follower leader=1 trust=1.00 susp=0.00 cov=26.0%/100.0%
[R4] pos=(1362,1190) state=follower leader=1 trust=1.00 susp=0.00 cov=26.0%/100.0%
[R4] pos=(1519,1384) state=follower leader=1 trust=1.00 susp=0.00 cov=27.1%/100.0%
[R4] pos=(1480,1425) state=follower leader=1 trust=1.00 susp=0.00 cov=27.6%/100.0%
[R4] pos=(1480,1425) state=follower leader=1 trust=1.00 susp=0.00 cov=27.6%/100.0%
[R4] pos=(1480,1425) state=follower leader=1 trust=1.00 susp=0.00 cov=27.6%/100.0%
[R4] pos=(1480,1425) state=follower leader=1 trust=1.00 susp=0.00 cov=27.6%/100.0%
[R4] pos=(1480,1425) state=follower leader=1 trust=1.00 susp=0.00 cov=27.6%/100.0%
[R4] pos=(1480,1425) state=follower leader=1 trust=1.00 susp=0.00 cov=27.6%/100.0%
[R4] pos=(1480,1425) state=follower leader=1 trust=1.00 susp=0.00 cov=27.6%/100.0%
[R4] pos=(1480,1425) state=follower leader=1 trust=1.00 susp=0.00 cov=27.6%/100.0%
[R4] pos=(1480,1425) state=follower leader=1 trust=1.00 susp=0.00 cov=27.6%/100.0%
[R4] pos=(1480,1425) state=follower leader=1 trust=1.00 susp=0.00 cov=27.6%/100.0%
[R4] pos=(1480,1425) state=follower leader=1 trust=1.00 susp=0.00 cov=27.6%/100.0%
[R4] pos=(1480,1425) state=follower leader=1 trust=1.00 susp=0.00 cov=27.6%/100.0%
[R4] pos=(1480,1425) state=follower leader=1 trust=1.00 susp=0.00 cov=27.6%/100.0%
[R4] pos=(1480,1425) state=follower leader=1 trust=1.00 susp=0.00 cov=27.6%/100.0%
[R4] pos=(1480,1425) state=follower leader=1 trust=1.00 susp=0.00 cov=27.6%/100.0%
[R4] pos=(1480,1425) state=follower leader=1 trust=1.00 susp=0.00 cov=27.6%/100.0%
[R4] pos=(1480,1425) state=follower leader=1 trust=1.00 susp=0.00 cov=27.6%/100.0%
[R4] pos=(1480,1425) state=follower leader=1 trust=1.00 susp=0.00 cov=27.6%/100.0%
[R4] pos=(1484,1425) state=follower leader=1 trust=1.00 susp=0.00 cov=27.6%/100.0%
[R4] pos=(1610,1425) state=follower leader=1 trust=1.00 susp=0.00 cov=27.6%/100.0%
[R4] pos=(1489,1425) state=follower leader=1 trust=1.00 susp=0.00 cov=27.6%/100.0%
[R4] pos=(1613,1425) state=follower leader=1 trust=1.00 susp=0.00 cov=27.6%/100.0%
[R4] pos=(1614,1425) state=follower leader=1 trust=1.00 susp=0.00 cov=27.6%/100.0%
[R4] pos=(1614,1425) state=follower leader=1 trust=1.00 susp=0.00 cov=27.6%/100.0%
[R4] pos=(1614,1425) state=follower leader=1 trust=1.00 susp=0.00 cov=27.6%/100.0%
[R4] pos=(1614,1425) state=follower leader=1 trust=1.00 susp=0.00 cov=27.6%/100.0%
[R4] pos=(1614,1425) state=follower leader=1 trust=1.00 susp=0.00 cov=27.6%/100.0%
[R4] pos=(1614,1425) state=follower leader=1 trust=1.00 susp=0.00 cov=27.6%/100.0%
[R4] pos=(1614,1425) state=follower leader=1 trust=1.00 susp=0.00 cov=27.6%/100.0%
[R4] pos=(1614,1425) state=follower leader=1 trust=1.00 susp=0.00 cov=27.6%/100.0%
[R4] pos=(1614,1425) state=follower leader=1 trust=1.00 susp=0.00 cov=27.6%/100.0%
[R4] pos=(1614,1425) state=follower leader=1 trust=1.00 susp=0.00 cov=27.6%/100.0%
[R4] pos=(1614,1425) state=follower leader=1 trust=1.00 susp=0.00 cov=27.6%/100.0%
[R4] pos=(1614,1425) state=follower leader=1 trust=1.00 susp=0.00 cov=27.6%/100.0%
[R4] pos=(1614,1425) state=follower leader=1 trust=1.00 susp=0.00 cov=27.6%/100.0%
[R4] pos=(1614,1425) state=follower leader=1 trust=1.00 susp=0.00 cov=27.6%/100.0%
[R4] pos=(1614,1425) state=follower leader=1 trust=1.00 susp=0.00 cov=27.6%/100.0%
[R4] pos=(1614,1425) state=follower leader=1 trust=1.00 susp=0.00 cov=27.6%/100.0%
[R4] pos=(1614,1425) state=follower leader=1 trust=1.00 susp=0.00 cov=27.6%/100.0%
[R4] pos=(1614,1425) state=follower leader=1 trust=1.00 susp=0.00 cov=27.6%/100.0%
[R4] pos=(1614,1425) state=follower leader=1 trust=1.00 susp=0.00 cov=27.6%/100.0%
[R4] pos=(1614,1425) state=follower leader=1 trust=1.00 susp=0.00 cov=27.6%/100.0%
[R4] pos=(1614,1425) state=follower leader=1 trust=1.00 susp=0.00 cov=27.6%/100.0%
[R4] pos=(1614,1425) state=follower leader=1 trust=1.00 susp=0.00 cov=27.6%/100.0%
[R4] pos=(1614,1425) state=follower leader=1 trust=1.00 susp=0.00 cov=27.6%/100.0%
