[WARN] Hardware modules not available - running in simulation mode
=== REIP Node - Robot 4 [SIM (unique ports)] ===
Trust Model: Three-tier confidence-weighted
  Personal: 1.0, ToF: 1.0, Peer: 0.3
  Suspicion threshold: 1.5, Recovery: 0.1

  Logging to: logs/robot_4_20260226_203637.jsonl
Initializing hardware...
  Hardware: SIMULATED
[INFO] Position socket listening on port 16104
[INFO] Peer socket listening on port 16204
[INFO] Fault socket listening on port 16304
Ready!

=== Detection Bounds: T1=2 cmds, T3=8 cmds | Impeachment: T1=8 cmds, T3=32 cmds ===
Running... Press Ctrl+C to stop

[ELECTION] New leader: 4
[R4] pos=(0,0) state=leader leader=4 trust=1.00 susp=0.00 cov=0.0%/0.0%
[ELECTION] New leader: 1
[R4] pos=(388,535) state=follower leader=1 trust=1.00 susp=0.00 cov=0.5%/0.5%
[R4] pos=(232,255) state=follower leader=1 trust=1.00 susp=0.00 cov=3.1%/11.5%
[R4] pos=(256,157) state=follower leader=1 trust=1.00 susp=0.00 cov=5.2%/20.8%
[R4] pos=(531,75) state=follower leader=1 trust=1.00 susp=0.00 cov=7.8%/32.8%
[R4] pos=(783,431) state=follower leader=1 trust=1.00 susp=0.00 cov=10.4%/39.6%
[R4] pos=(906,494) state=follower leader=1 trust=1.00 susp=0.00 cov=11.5%/43.2%
[R4] pos=(906,506) state=follower leader=1 trust=1.00 susp=0.00 cov=11.5%/44.3%
[R4] pos=(906,468) state=follower leader=1 trust=1.00 susp=0.00 cov=11.5%/48.4%
[R4] pos=(906,463) state=follower leader=1 trust=1.00 susp=0.00 cov=11.5%/49.5%
[R4] pos=(906,446) state=follower leader=1 trust=1.00 susp=0.00 cov=11.5%/52.1%
[R4] pos=(906,537) state=follower leader=1 trust=1.00 susp=0.00 cov=11.5%/55.2%
[R4] pos=(906,553) state=follower leader=1 trust=1.00 susp=0.00 cov=11.5%/60.4%
[R4] pos=(906,489) state=follower leader=1 trust=1.00 susp=0.00 cov=11.5%/66.1%
[R4] pos=(906,493) state=follower leader=1 trust=1.00 susp=0.00 cov=11.5%/70.8%
[R4] pos=(906,532) state=follower leader=1 trust=1.00 susp=0.00 cov=11.5%/77.6%
[R4] pos=(906,438) state=follower leader=1 trust=1.00 susp=0.00 cov=11.5%/81.2%
[R4] pos=(907,574) state=follower leader=1 trust=1.00 susp=0.00 cov=11.5%/85.4%
[R4] pos=(906,863) state=follower leader=1 trust=1.00 susp=0.00 cov=13.0%/87.0%
[R4] pos=(906,811) state=follower leader=1 trust=1.00 susp=0.00 cov=13.0%/91.1%
[R4] pos=(905,920) state=follower leader=1 trust=1.00 susp=0.00 cov=13.0%/92.7%
[R4] pos=(905,920) state=follower leader=1 trust=1.00 susp=0.00 cov=13.0%/92.7%
[R4] pos=(905,920) state=follower leader=1 trust=1.00 susp=0.00 cov=13.0%/92.7%
[R4] pos=(905,920) state=follower leader=1 trust=1.00 susp=0.00 cov=13.0%/92.7%
[R4] pos=(905,920) state=follower leader=1 trust=1.00 susp=0.00 cov=13.0%/92.7%
[R4] pos=(905,920) state=follower leader=1 trust=1.00 susp=0.00 cov=13.0%/92.7%
[R4] pos=(905,920) state=follower leader=1 trust=1.00 susp=0.00 cov=13.0%/92.7%
[R4] pos=(905,920) state=follower leader=1 trust=1.00 susp=0.00 cov=13.0%/92.7%
[R4] pos=(905,920) state=follower leader=1 trust=1.00 susp=0.00 cov=13.0%/92.7%
[R4] pos=(905,920) state=follower leader=1 trust=1.00 susp=0.00 cov=13.0%/92.7%
[R4] pos=(905,920) state=follower leader=1 trust=1.00 susp=0.00 cov=13.0%/92.7%
[R4] pos=(905,920) state=follower leader=1 trust=1.00 susp=0.00 cov=13.0%/92.7%
[R4] pos=(905,920) state=follower leader=1 trust=1.00 susp=0.00 cov=13.0%/92.7%
[R4] pos=(905,920) state=follower leader=1 trust=1.00 susp=0.00 cov=13.0%/92.7%
[R4] pos=(905,920) state=follower leader=1 trust=1.00 susp=0.00 cov=13.0%/92.7%
[R4] pos=(905,920) state=follower leader=1 trust=1.00 susp=0.00 cov=13.0%/92.7%
[R4] pos=(905,920) state=follower leader=1 trust=1.00 susp=0.00 cov=13.0%/92.7%
[R4] pos=(905,813) state=follower leader=1 trust=1.00 susp=0.00 cov=13.0%/93.2%
[R4] pos=(905,789) state=follower leader=1 trust=1.00 susp=0.00 cov=13.0%/94.8%
[R4] pos=(905,799) state=follower leader=1 trust=1.00 susp=0.00 cov=13.0%/95.3%
[R4] pos=(905,810) state=follower leader=1 trust=1.00 susp=0.00 cov=13.0%/97.4%
[R4] pos=(905,822) state=follower leader=1 trust=1.00 susp=0.00 cov=13.0%/97.4%
[R4] pos=(905,813) state=follower leader=1 trust=1.00 susp=0.00 cov=13.0%/99.0%
[R4] pos=(905,815) state=follower leader=1 trust=1.00 susp=0.00 cov=13.0%/99.5%
[R4] pos=(904,913) state=follower leader=1 trust=1.00 susp=0.00 cov=13.0%/100.0%
[R4] pos=(904,810) state=follower leader=1 trust=1.00 susp=0.00 cov=13.0%/100.0%
[R4] pos=(904,855) state=follower leader=1 trust=1.00 susp=0.00 cov=13.0%/100.0%
[R4] pos=(903,811) state=follower leader=1 trust=1.00 susp=0.00 cov=13.0%/100.0%
[R4] pos=(903,796) state=follower leader=1 trust=1.00 susp=0.00 cov=13.0%/100.0%
[R4] pos=(902,813) state=follower leader=1 trust=1.00 susp=0.00 cov=13.0%/100.0%
[R4] pos=(903,833) state=follower leader=1 trust=1.00 susp=0.00 cov=13.0%/100.0%
[R4] pos=(904,921) state=follower leader=1 trust=1.00 susp=0.00 cov=13.0%/100.0%
[R4] pos=(904,795) state=follower leader=1 trust=1.00 susp=0.00 cov=13.0%/100.0%
[R4] pos=(903,813) state=follower leader=1 trust=1.00 susp=0.00 cov=13.0%/100.0%
[R4] pos=(903,807) state=follower leader=1 trust=1.00 susp=0.00 cov=13.0%/100.0%
[R4] pos=(903,705) state=follower leader=1 trust=1.00 susp=0.00 cov=13.0%/100.0%
[R4] pos=(903,806) state=follower leader=1 trust=1.00 susp=0.00 cov=13.0%/100.0%
[R4] pos=(903,812) state=follower leader=1 trust=1.00 susp=0.00 cov=13.0%/100.0%
[R4] pos=(903,806) state=follower leader=1 trust=1.00 susp=0.00 cov=13.0%/100.0%
[R4] pos=(902,770) state=follower leader=1 trust=1.00 susp=0.00 cov=13.0%/100.0%
[R4] pos=(901,815) state=follower leader=1 trust=1.00 susp=0.00 cov=13.0%/100.0%
