[WARN] Hardware modules not available - simulation mode
=== RAFT Baseline - Robot 2 [SIM] ===
NO TRUST. Heartbeat timeout only.

  Logging to: logs/raft_2_20260226_002731.jsonl
Initializing hardware...
  Hardware: SIMULATED
[INFO] Position socket listening on port 6102
[INFO] Peer socket listening on port 6202
[INFO] Fault socket listening on port 6302
Ready!

Running RAFT baseline... Press Ctrl+C to stop

[R2] state=follower leader=None term=0 cov=0.0%/0.0%
[R2] state=follower leader=4 term=1 cov=0.5%/0.5%
[R2] state=follower leader=4 term=1 cov=2.1%/6.8%
[R2] state=follower leader=4 term=1 cov=3.1%/12.0%
[R2] state=follower leader=4 term=1 cov=3.6%/15.6%
[R2] state=follower leader=4 term=1 cov=4.7%/21.4%
[R2] state=follower leader=4 term=1 cov=5.7%/25.0%
[R2] state=follower leader=4 term=1 cov=6.2%/27.6%
[R2] state=follower leader=4 term=1 cov=7.3%/32.3%
[R2] state=follower leader=4 term=1 cov=8.3%/37.5%
[R2] state=follower leader=4 term=1 cov=8.9%/40.1%
[R2] state=follower leader=4 term=1 cov=9.9%/43.8%
[R2] state=follower leader=4 term=1 cov=10.4%/47.9%
[R2] state=follower leader=4 term=1 cov=11.5%/52.6%
[R2] state=follower leader=4 term=1 cov=12.5%/57.3%
[R2] state=follower leader=4 term=1 cov=13.5%/60.4%
[R2] state=follower leader=4 term=1 cov=14.1%/63.0%
[R2] state=follower leader=4 term=1 cov=15.1%/68.2%
[R2] state=follower leader=4 term=1 cov=15.6%/70.8%
[R2] state=follower leader=4 term=1 cov=16.7%/75.0%
[R2] state=follower leader=4 term=1 cov=17.7%/78.6%
[R2] state=follower leader=4 term=1 cov=18.2%/80.7%
[R2] state=follower leader=4 term=1 cov=19.3%/83.9%
[R2] state=follower leader=4 term=1 cov=19.8%/87.5%
[R2] state=follower leader=4 term=1 cov=20.8%/90.6%
[R2] state=follower leader=4 term=1 cov=21.9%/93.8%
[R2] state=follower leader=4 term=1 cov=22.4%/95.3%
[R2] state=follower leader=4 term=1 cov=22.9%/95.8%
[R2] state=follower leader=4 term=1 cov=24.0%/96.9%
[R2] state=follower leader=4 term=1 cov=24.5%/97.4%
[R2] state=follower leader=4 term=1 cov=25.0%/99.0%
[R2] state=follower leader=4 term=1 cov=26.0%/99.5%
[R2] state=follower leader=4 term=1 cov=26.0%/100.0%
[R2] state=follower leader=4 term=1 cov=26.0%/100.0%
[R2] state=follower leader=4 term=1 cov=26.0%/100.0%
[R2] state=follower leader=4 term=1 cov=26.0%/100.0%
[R2] state=follower leader=4 term=1 cov=26.0%/100.0%
[R2] state=follower leader=4 term=1 cov=26.0%/100.0%
[R2] state=follower leader=4 term=1 cov=26.0%/100.0%
[R2] state=follower leader=4 term=1 cov=26.0%/100.0%
[R2] state=follower leader=4 term=1 cov=26.0%/100.0%
[R2] state=follower leader=4 term=1 cov=26.0%/100.0%
[R2] state=follower leader=4 term=1 cov=26.0%/100.0%
[R2] state=follower leader=4 term=1 cov=26.0%/100.0%
[R2] state=follower leader=4 term=1 cov=26.0%/100.0%
[R2] state=follower leader=4 term=1 cov=26.0%/100.0%
[R2] state=follower leader=4 term=1 cov=26.0%/100.0%
[R2] state=follower leader=4 term=1 cov=26.0%/100.0%
[R2] state=follower leader=4 term=1 cov=26.0%/100.0%
[R2] state=follower leader=4 term=1 cov=26.0%/100.0%
[R2] state=follower leader=4 term=1 cov=26.0%/100.0%
[R2] state=follower leader=4 term=1 cov=26.0%/100.0%
[R2] state=follower leader=4 term=1 cov=26.0%/100.0%
[R2] state=follower leader=4 term=1 cov=26.0%/100.0%
[R2] state=follower leader=4 term=1 cov=26.0%/100.0%
[R2] state=follower leader=4 term=1 cov=26.0%/100.0%
[R2] state=follower leader=4 term=1 cov=26.0%/100.0%
[R2] state=follower leader=4 term=1 cov=26.0%/100.0%
[R2] state=follower leader=4 term=1 cov=26.0%/100.0%
[R2] state=follower leader=4 term=1 cov=26.0%/100.0%
[R2] state=follower leader=4 term=1 cov=26.0%/100.0%
