[WARN] Hardware modules not available - running in simulation mode
=== REIP Node - Robot 1 [SIM (unique ports)] ===
Trust Model: Three-tier confidence-weighted
  Personal: 1.0, ToF: 1.0, Peer: 0.3
  Suspicion threshold: 1.5, Recovery: 0.1

  Logging to: logs/robot_1_20260226_171556.jsonl
Initializing hardware...
  Hardware: SIMULATED
[INFO] Position socket listening on port 7101
[INFO] Peer socket listening on port 7201
[INFO] Fault socket listening on port 7301
Ready!

=== DECENTRALIZED MODE - No leader coordination ===
=== Detection Bounds: T1=2 cmds, T3=8 cmds | Impeachment: T1=8 cmds, T3=32 cmds ===
Running... Press Ctrl+C to stop

[R1] pos=(0,0) state=exploring leader=None trust=1.00 susp=0.00 cov=0.0%/0.0%
[R1] pos=(1124,254) state=exploring leader=None trust=1.00 susp=0.00 cov=0.5%/0.5%
[R1] pos=(656,315) state=exploring leader=None trust=1.00 susp=0.00 cov=2.1%/16.7%
[R1] pos=(520,212) state=exploring leader=None trust=1.00 susp=0.00 cov=3.6%/28.6%
[R1] pos=(686,436) state=exploring leader=None trust=1.00 susp=0.00 cov=5.2%/37.0%
[R1] pos=(686,922) state=exploring leader=None trust=1.00 susp=0.00 cov=8.9%/42.7%
[R1] pos=(1145,906) state=exploring leader=None trust=1.00 susp=0.00 cov=13.0%/50.5%
[R1] pos=(1400,433) state=exploring leader=None trust=1.00 susp=0.00 cov=16.7%/61.5%
[R1] pos=(1562,475) state=exploring leader=None trust=1.00 susp=0.00 cov=19.8%/69.8%
[R1] pos=(1803,75) state=exploring leader=None trust=1.00 susp=0.00 cov=22.9%/83.9%
[R1] pos=(981,75) state=exploring leader=None trust=1.00 susp=0.00 cov=26.6%/93.8%
[R1] pos=(1204,265) state=exploring leader=None trust=1.00 susp=0.00 cov=28.6%/99.5%
[R1] pos=(1925,75) state=exploring leader=None trust=1.00 susp=0.00 cov=31.2%/100.0%
[R1] pos=(1925,75) state=exploring leader=None trust=1.00 susp=0.00 cov=31.2%/100.0%
[R1] pos=(1925,75) state=exploring leader=None trust=1.00 susp=0.00 cov=31.2%/100.0%
[R1] pos=(1925,75) state=exploring leader=None trust=1.00 susp=0.00 cov=31.2%/100.0%
[R1] pos=(1925,75) state=exploring leader=None trust=1.00 susp=0.00 cov=31.2%/100.0%
[FAULT] BAD_LEADER mode activated - will send bad assignments
[R1] pos=(1925,75) state=exploring leader=None trust=1.00 susp=0.00 cov=31.2%/100.0%
[R1] pos=(1925,75) state=exploring leader=None trust=1.00 susp=0.00 cov=31.2%/100.0%
[R1] pos=(1925,75) state=exploring leader=None trust=1.00 susp=0.00 cov=31.2%/100.0%
[R1] pos=(1925,75) state=exploring leader=None trust=1.00 susp=0.00 cov=31.2%/100.0%
[R1] pos=(1925,75) state=exploring leader=None trust=1.00 susp=0.00 cov=31.2%/100.0%
[R1] pos=(1925,75) state=exploring leader=None trust=1.00 susp=0.00 cov=31.2%/100.0%
[R1] pos=(1925,75) state=exploring leader=None trust=1.00 susp=0.00 cov=31.2%/100.0%
[R1] pos=(1925,75) state=exploring leader=None trust=1.00 susp=0.00 cov=31.2%/100.0%
[R1] pos=(1925,75) state=exploring leader=None trust=1.00 susp=0.00 cov=31.2%/100.0%
[R1] pos=(1925,75) state=exploring leader=None trust=1.00 susp=0.00 cov=31.2%/100.0%
[R1] pos=(1925,75) state=exploring leader=None trust=1.00 susp=0.00 cov=31.2%/100.0%
[R1] pos=(1925,75) state=exploring leader=None trust=1.00 susp=0.00 cov=31.2%/100.0%
[R1] pos=(1925,75) state=exploring leader=None trust=1.00 susp=0.00 cov=31.2%/100.0%
[R1] pos=(1925,75) state=exploring leader=None trust=1.00 susp=0.00 cov=31.2%/100.0%
[R1] pos=(1925,75) state=exploring leader=None trust=1.00 susp=0.00 cov=31.2%/100.0%
[R1] pos=(1925,75) state=exploring leader=None trust=1.00 susp=0.00 cov=31.2%/100.0%
[R1] pos=(1925,75) state=exploring leader=None trust=1.00 susp=0.00 cov=31.2%/100.0%
[R1] pos=(1925,75) state=exploring leader=None trust=1.00 susp=0.00 cov=31.2%/100.0%
[R1] pos=(1925,75) state=exploring leader=None trust=1.00 susp=0.00 cov=31.2%/100.0%
[R1] pos=(1925,75) state=exploring leader=None trust=1.00 susp=0.00 cov=31.2%/100.0%
[R1] pos=(1925,75) state=exploring leader=None trust=1.00 susp=0.00 cov=31.2%/100.0%
[R1] pos=(1925,75) state=exploring leader=None trust=1.00 susp=0.00 cov=31.2%/100.0%
[R1] pos=(1925,75) state=exploring leader=None trust=1.00 susp=0.00 cov=31.2%/100.0%
[R1] pos=(1925,75) state=exploring leader=None trust=1.00 susp=0.00 cov=31.2%/100.0%
[R1] pos=(1925,75) state=exploring leader=None trust=1.00 susp=0.00 cov=31.2%/100.0%
[R1] pos=(1925,75) state=exploring leader=None trust=1.00 susp=0.00 cov=31.2%/100.0%
[R1] pos=(1925,75) state=exploring leader=None trust=1.00 susp=0.00 cov=31.2%/100.0%
[R1] pos=(1925,75) state=exploring leader=None trust=1.00 susp=0.00 cov=31.2%/100.0%
[R1] pos=(1925,75) state=exploring leader=None trust=1.00 susp=0.00 cov=31.2%/100.0%
[R1] pos=(1925,75) state=exploring leader=None trust=1.00 susp=0.00 cov=31.2%/100.0%
[R1] pos=(1925,75) state=exploring leader=None trust=1.00 susp=0.00 cov=31.2%/100.0%
[R1] pos=(1925,75) state=exploring leader=None trust=1.00 susp=0.00 cov=31.2%/100.0%
[R1] pos=(1925,75) state=exploring leader=None trust=1.00 susp=0.00 cov=31.2%/100.0%
[R1] pos=(1925,75) state=exploring leader=None trust=1.00 susp=0.00 cov=31.2%/100.0%
[R1] pos=(1925,75) state=exploring leader=None trust=1.00 susp=0.00 cov=31.2%/100.0%
[R1] pos=(1925,75) state=exploring leader=None trust=1.00 susp=0.00 cov=31.2%/100.0%
[R1] pos=(1925,75) state=exploring leader=None trust=1.00 susp=0.00 cov=31.2%/100.0%
[R1] pos=(1925,75) state=exploring leader=None trust=1.00 susp=0.00 cov=31.2%/100.0%
[R1] pos=(1925,75) state=exploring leader=None trust=1.00 susp=0.00 cov=31.2%/100.0%
[R1] pos=(1925,75) state=exploring leader=None trust=1.00 susp=0.00 cov=31.2%/100.0%
[R1] pos=(1925,75) state=exploring leader=None trust=1.00 susp=0.00 cov=31.2%/100.0%
[R1] pos=(1925,75) state=exploring leader=None trust=1.00 susp=0.00 cov=31.2%/100.0%
[R1] pos=(1925,75) state=exploring leader=None trust=1.00 susp=0.00 cov=31.2%/100.0%
[R1] pos=(1925,75) state=exploring leader=None trust=1.00 susp=0.00 cov=31.2%/100.0%
[R1] pos=(1925,75) state=exploring leader=None trust=1.00 susp=0.00 cov=31.2%/100.0%
[R1] pos=(1925,75) state=exploring leader=None trust=1.00 susp=0.00 cov=31.2%/100.0%
[R1] pos=(1925,75) state=exploring leader=None trust=1.00 susp=0.00 cov=31.2%/100.0%
[R1] pos=(1925,75) state=exploring leader=None trust=1.00 susp=0.00 cov=31.2%/100.0%
[R1] pos=(1925,75) state=exploring leader=None trust=1.00 susp=0.00 cov=31.2%/100.0%
[R1] pos=(1925,75) state=exploring leader=None trust=1.00 susp=0.00 cov=31.2%/100.0%
[R1] pos=(1925,75) state=exploring leader=None trust=1.00 susp=0.00 cov=31.2%/100.0%
[R1] pos=(1925,75) state=exploring leader=None trust=1.00 susp=0.00 cov=31.2%/100.0%
[R1] pos=(1925,75) state=exploring leader=None trust=1.00 susp=0.00 cov=31.2%/100.0%
[R1] pos=(1925,75) state=exploring leader=None trust=1.00 susp=0.00 cov=31.2%/100.0%
[R1] pos=(1925,75) state=exploring leader=None trust=1.00 susp=0.00 cov=31.2%/100.0%
[R1] pos=(1925,75) state=exploring leader=None trust=1.00 susp=0.00 cov=31.2%/100.0%
[R1] pos=(1925,75) state=exploring leader=None trust=1.00 susp=0.00 cov=31.2%/100.0%
[R1] pos=(1925,75) state=exploring leader=None trust=1.00 susp=0.00 cov=31.2%/100.0%
[R1] pos=(1925,75) state=exploring leader=None trust=1.00 susp=0.00 cov=31.2%/100.0%
[R1] pos=(1925,75) state=exploring leader=None trust=1.00 susp=0.00 cov=31.2%/100.0%
[R1] pos=(1925,75) state=exploring leader=None trust=1.00 susp=0.00 cov=31.2%/100.0%
[R1] pos=(1925,75) state=exploring leader=None trust=1.00 susp=0.00 cov=31.2%/100.0%
[R1] pos=(1925,75) state=exploring leader=None trust=1.00 susp=0.00 cov=31.2%/100.0%
[R1] pos=(1925,75) state=exploring leader=None trust=1.00 susp=0.00 cov=31.2%/100.0%
[R1] pos=(1925,75) state=exploring leader=None trust=1.00 susp=0.00 cov=31.2%/100.0%
[R1] pos=(1925,75) state=exploring leader=None trust=1.00 susp=0.00 cov=31.2%/100.0%
[R1] pos=(1925,75) state=exploring leader=None trust=1.00 susp=0.00 cov=31.2%/100.0%
[R1] pos=(1925,75) state=exploring leader=None trust=1.00 susp=0.00 cov=31.2%/100.0%
[R1] pos=(1925,75) state=exploring leader=None trust=1.00 susp=0.00 cov=31.2%/100.0%
[R1] pos=(1925,75) state=exploring leader=None trust=1.00 susp=0.00 cov=31.2%/100.0%
[R1] pos=(1925,75) state=exploring leader=None trust=1.00 susp=0.00 cov=31.2%/100.0%
[R1] pos=(1925,75) state=exploring leader=None trust=1.00 susp=0.00 cov=31.2%/100.0%
[R1] pos=(1925,75) state=exploring leader=None trust=1.00 susp=0.00 cov=31.2%/100.0%
[R1] pos=(1925,75) state=exploring leader=None trust=1.00 susp=0.00 cov=31.2%/100.0%
[R1] pos=(1925,75) state=exploring leader=None trust=1.00 susp=0.00 cov=31.2%/100.0%
[R1] pos=(1925,75) state=exploring leader=None trust=1.00 susp=0.00 cov=31.2%/100.0%
[R1] pos=(1925,75) state=exploring leader=None trust=1.00 susp=0.00 cov=31.2%/100.0%
[R1] pos=(1925,75) state=exploring leader=None trust=1.00 susp=0.00 cov=31.2%/100.0%
[R1] pos=(1925,75) state=exploring leader=None trust=1.00 susp=0.00 cov=31.2%/100.0%
[R1] pos=(1925,75) state=exploring leader=None trust=1.00 susp=0.00 cov=31.2%/100.0%
[R1] pos=(1925,75) state=exploring leader=None trust=1.00 susp=0.00 cov=31.2%/100.0%
[R1] pos=(1925,75) state=exploring leader=None trust=1.00 susp=0.00 cov=31.2%/100.0%
[R1] pos=(1925,75) state=exploring leader=None trust=1.00 susp=0.00 cov=31.2%/100.0%
