[WARN] Hardware modules not available - simulation mode
=== RAFT Baseline - Robot 2 [SIM] ===
NO TRUST. Heartbeat timeout only.

  Logging to: logs/raft_2_20260226_174505.jsonl
Initializing hardware...
  Hardware: SIMULATED
[INFO] Position socket listening on port 5102
[INFO] Peer socket listening on port 5202
[INFO] Fault socket listening on port 5302
Ready!

Running RAFT baseline... Press Ctrl+C to stop

[R2] state=follower leader=None term=0 cov=0.0%/0.0%
[R2] state=follower leader=3 term=1 cov=0.5%/0.5%
[R2] state=follower leader=3 term=1 cov=2.6%/15.1%
[R2] state=follower leader=3 term=1 cov=4.7%/25.5%
[R2] state=follower leader=3 term=1 cov=7.3%/35.4%
[R2] state=follower leader=3 term=1 cov=10.9%/47.9%
[R2] state=follower leader=3 term=1 cov=12.0%/57.8%
[R2] state=follower leader=3 term=1 cov=14.1%/68.2%
[R2] state=follower leader=3 term=1 cov=16.7%/76.6%
[R2] state=follower leader=3 term=1 cov=18.8%/84.9%
[R2] state=follower leader=3 term=1 cov=20.3%/92.7%
[R2] state=follower leader=3 term=1 cov=23.4%/98.4%
[R2] state=follower leader=3 term=1 cov=26.0%/100.0%
[R2] state=follower leader=3 term=1 cov=26.0%/100.0%
[R2] state=follower leader=3 term=1 cov=26.0%/100.0%
[R2] state=follower leader=3 term=1 cov=26.0%/100.0%
[R2] state=follower leader=3 term=1 cov=26.0%/100.0%
[R2] state=follower leader=3 term=1 cov=26.0%/100.0%
[R2] state=follower leader=3 term=1 cov=26.0%/100.0%
[R2] state=follower leader=3 term=1 cov=26.0%/100.0%
[R2] state=follower leader=3 term=1 cov=26.0%/100.0%
[R2] state=follower leader=3 term=1 cov=26.0%/100.0%
[R2] state=follower leader=3 term=1 cov=26.0%/100.0%
[R2] state=follower leader=3 term=1 cov=26.0%/100.0%
[R2] state=follower leader=3 term=1 cov=26.0%/100.0%
[R2] state=follower leader=3 term=1 cov=26.0%/100.0%
[R2] state=follower leader=3 term=1 cov=26.0%/100.0%
[R2] state=follower leader=3 term=1 cov=26.0%/100.0%
[R2] state=follower leader=3 term=1 cov=26.0%/100.0%
[R2] state=follower leader=3 term=1 cov=26.0%/100.0%
[R2] state=follower leader=3 term=1 cov=26.0%/100.0%
[R2] state=follower leader=3 term=1 cov=26.0%/100.0%
[R2] state=follower leader=3 term=1 cov=26.0%/100.0%
[R2] state=follower leader=3 term=1 cov=26.0%/100.0%
[R2] state=follower leader=3 term=1 cov=26.0%/100.0%
[R2] state=follower leader=3 term=1 cov=26.0%/100.0%
[R2] state=follower leader=3 term=1 cov=26.0%/100.0%
[R2] state=follower leader=3 term=1 cov=26.0%/100.0%
[R2] state=follower leader=3 term=1 cov=26.0%/100.0%
[R2] state=follower leader=3 term=1 cov=26.0%/100.0%
[R2] state=follower leader=3 term=1 cov=26.0%/100.0%
[R2] state=follower leader=3 term=1 cov=26.0%/100.0%
[R2] state=follower leader=3 term=1 cov=26.0%/100.0%
[R2] state=follower leader=3 term=1 cov=26.0%/100.0%
[R2] state=follower leader=3 term=1 cov=26.0%/100.0%
[R2] state=follower leader=3 term=1 cov=26.0%/100.0%
[R2] state=follower leader=3 term=1 cov=26.0%/100.0%
[R2] state=follower leader=3 term=1 cov=26.0%/100.0%
[R2] state=follower leader=3 term=1 cov=26.0%/100.0%
[R2] state=follower leader=3 term=1 cov=26.0%/100.0%
[R2] state=follower leader=3 term=1 cov=26.0%/100.0%
[R2] state=follower leader=3 term=1 cov=26.0%/100.0%
[R2] state=follower leader=3 term=1 cov=26.0%/100.0%
[R2] state=follower leader=3 term=1 cov=26.0%/100.0%
[R2] state=follower leader=3 term=1 cov=26.0%/100.0%
[R2] state=follower leader=3 term=1 cov=26.0%/100.0%
[R2] state=follower leader=3 term=1 cov=26.0%/100.0%
[R2] state=follower leader=3 term=1 cov=26.0%/100.0%
[R2] state=follower leader=3 term=1 cov=26.0%/100.0%
[R2] state=follower leader=3 term=1 cov=26.0%/100.0%
[R2] state=follower leader=3 term=1 cov=26.0%/100.0%
