[WARN] Hardware modules not available - running in simulation mode
=== REIP Node - Robot 2 [SIM (unique ports)] ===
Trust Model: Three-tier confidence-weighted
  Personal: 1.0, ToF: 1.0, Peer: 0.3
  Suspicion threshold: 1.5, Recovery: 0.1

  Logging to: logs/robot_2_20260226_174103.jsonl
Initializing hardware...
  Hardware: SIMULATED
[INFO] Position socket listening on port 15102
[INFO] Peer socket listening on port 15202
[INFO] Fault socket listening on port 15302
Ready!

=== Detection Bounds: T1=2 cmds, T3=8 cmds | Impeachment: T1=8 cmds, T3=32 cmds ===
Running... Press Ctrl+C to stop

[ELECTION] New leader: 2
[R2] pos=(0,0) state=leader leader=2 trust=1.00 susp=0.00 cov=0.0%/0.0%
[ELECTION] New leader: 1
[R2] pos=(1045,264) state=follower leader=1 trust=1.00 susp=0.00 cov=0.5%/0.5%
[R2] pos=(704,109) state=follower leader=1 trust=1.00 susp=0.00 cov=4.2%/13.0%
[R2] pos=(441,87) state=follower leader=1 trust=1.00 susp=0.00 cov=6.2%/25.0%
[R2] pos=(82,75) state=follower leader=1 trust=1.00 susp=0.00 cov=8.9%/36.5%
[R2] pos=(397,440) state=follower leader=1 trust=1.00 susp=0.00 cov=12.5%/50.5%
[R2] pos=(75,804) state=follower leader=1 trust=1.00 susp=0.00 cov=14.6%/66.7%
[R2] pos=(229,1074) state=follower leader=1 trust=1.00 susp=0.00 cov=17.7%/76.6%
[R2] pos=(75,1187) state=follower leader=1 trust=1.00 susp=0.00 cov=18.8%/86.5%
[R2] pos=(484,838) state=follower leader=1 trust=1.00 susp=0.00 cov=22.4%/93.8%
[R2] pos=(1066,87) state=follower leader=1 trust=1.00 susp=0.00 cov=25.5%/98.4%
[R2] pos=(1925,205) state=follower leader=1 trust=1.00 susp=0.00 cov=30.2%/100.0%
[R2] pos=(1925,226) state=follower leader=1 trust=1.00 susp=0.00 cov=30.7%/100.0%
[R2] pos=(1925,242) state=follower leader=1 trust=1.00 susp=0.00 cov=30.7%/100.0%
[R2] pos=(1925,122) state=follower leader=1 trust=1.00 susp=0.00 cov=30.7%/100.0%
[R2] pos=(1925,153) state=follower leader=1 trust=1.00 susp=0.00 cov=31.2%/100.0%
[R2] pos=(1925,234) state=follower leader=1 trust=1.00 susp=0.00 cov=31.2%/100.0%
[R2] pos=(1925,226) state=follower leader=1 trust=1.00 susp=0.00 cov=31.2%/100.0%
[R2] pos=(1925,250) state=follower leader=1 trust=1.00 susp=0.00 cov=31.2%/100.0%
[R2] pos=(1925,154) state=follower leader=1 trust=1.00 susp=0.00 cov=31.2%/100.0%
[R2] pos=(1925,159) state=follower leader=1 trust=1.00 susp=0.00 cov=31.2%/100.0%
[R2] pos=(1925,146) state=follower leader=1 trust=1.00 susp=0.00 cov=31.2%/100.0%
[R2] pos=(1925,256) state=follower leader=1 trust=1.00 susp=0.00 cov=31.2%/100.0%
[R2] pos=(1925,247) state=follower leader=1 trust=1.00 susp=0.00 cov=31.2%/100.0%
[R2] pos=(1925,138) state=follower leader=1 trust=1.00 susp=0.00 cov=31.2%/100.0%
[R2] pos=(1925,142) state=follower leader=1 trust=1.00 susp=0.00 cov=31.2%/100.0%
[R2] pos=(1925,124) state=follower leader=1 trust=1.00 susp=0.00 cov=31.2%/100.0%
[R2] pos=(1925,245) state=follower leader=1 trust=1.00 susp=0.00 cov=31.2%/100.0%
[R2] pos=(1925,244) state=follower leader=1 trust=1.00 susp=0.00 cov=31.2%/100.0%
[R2] pos=(1925,258) state=follower leader=1 trust=1.00 susp=0.00 cov=31.2%/100.0%
[R2] pos=(1925,138) state=follower leader=1 trust=1.00 susp=0.00 cov=31.2%/100.0%
[R2] pos=(1925,131) state=follower leader=1 trust=1.00 susp=0.00 cov=31.2%/100.0%
[R2] pos=(1925,239) state=follower leader=1 trust=1.00 susp=0.00 cov=31.2%/100.0%
[R2] pos=(1925,258) state=follower leader=1 trust=1.00 susp=0.00 cov=31.2%/100.0%
[R2] pos=(1925,247) state=follower leader=1 trust=1.00 susp=0.00 cov=31.2%/100.0%
[R2] pos=(1925,150) state=follower leader=1 trust=1.00 susp=0.00 cov=31.2%/100.0%
[R2] pos=(1925,131) state=follower leader=1 trust=1.00 susp=0.00 cov=31.2%/100.0%
[R2] pos=(1925,118) state=follower leader=1 trust=1.00 susp=0.00 cov=31.2%/100.0%
[R2] pos=(1925,231) state=follower leader=1 trust=1.00 susp=0.00 cov=31.2%/100.0%
[R2] pos=(1925,222) state=follower leader=1 trust=1.00 susp=0.00 cov=31.2%/100.0%
[R2] pos=(1925,127) state=follower leader=1 trust=1.00 susp=0.00 cov=31.2%/100.0%
[R2] pos=(1925,125) state=follower leader=1 trust=1.00 susp=0.00 cov=31.2%/100.0%
[R2] pos=(1925,124) state=follower leader=1 trust=1.00 susp=0.00 cov=31.2%/100.0%
[R2] pos=(1925,239) state=follower leader=1 trust=1.00 susp=0.00 cov=31.2%/100.0%
[R2] pos=(1925,236) state=follower leader=1 trust=1.00 susp=0.00 cov=31.2%/100.0%
[R2] pos=(1925,120) state=follower leader=1 trust=1.00 susp=0.00 cov=31.2%/100.0%
[R2] pos=(1925,132) state=follower leader=1 trust=1.00 susp=0.00 cov=31.2%/100.0%
[R2] pos=(1925,246) state=follower leader=1 trust=1.00 susp=0.00 cov=31.2%/100.0%
[R2] pos=(1925,132) state=follower leader=1 trust=1.00 susp=0.00 cov=31.2%/100.0%
[R2] pos=(1925,154) state=follower leader=1 trust=1.00 susp=0.00 cov=31.2%/100.0%
[R2] pos=(1925,160) state=follower leader=1 trust=1.00 susp=0.00 cov=31.2%/100.0%
[R2] pos=(1925,251) state=follower leader=1 trust=1.00 susp=0.00 cov=31.2%/100.0%
[R2] pos=(1925,239) state=follower leader=1 trust=1.00 susp=0.00 cov=31.2%/100.0%
[R2] pos=(1925,133) state=follower leader=1 trust=1.00 susp=0.00 cov=31.2%/100.0%
[R2] pos=(1925,232) state=follower leader=1 trust=1.00 susp=0.00 cov=31.2%/100.0%
[R2] pos=(1925,232) state=follower leader=1 trust=1.00 susp=0.00 cov=31.2%/100.0%
[R2] pos=(1925,237) state=follower leader=1 trust=1.00 susp=0.00 cov=31.2%/100.0%
[R2] pos=(1925,142) state=follower leader=1 trust=1.00 susp=0.00 cov=31.2%/100.0%
[R2] pos=(1925,239) state=follower leader=1 trust=1.00 susp=0.00 cov=31.2%/100.0%
[R2] pos=(1925,132) state=follower leader=1 trust=1.00 susp=0.00 cov=31.2%/100.0%
[R2] pos=(1925,129) state=follower leader=1 trust=1.00 susp=0.00 cov=31.2%/100.0%
