[WARN] Hardware modules not available - running in simulation mode
=== REIP Node - Robot 5 [SIM (unique ports)] ===
Trust Model: Three-tier confidence-weighted
  Personal: 1.0, ToF: 1.0, Peer: 0.3
  Suspicion threshold: 1.5, Recovery: 0.1

  Logging to: logs/robot_5_20260226_163247.jsonl
Initializing hardware...
  Hardware: SIMULATED
[INFO] Position socket listening on port 9105
[INFO] Peer socket listening on port 9205
[INFO] Fault socket listening on port 9305
Ready!

=== DECENTRALIZED MODE - No leader coordination ===
=== Detection Bounds: T1=2 cmds, T3=8 cmds | Impeachment: T1=8 cmds, T3=32 cmds ===
Running... Press Ctrl+C to stop

[R5] pos=(0,0) state=exploring leader=None trust=1.00 susp=0.00 cov=0.0%/0.0%
[R5] pos=(1394,544) state=exploring leader=None trust=1.00 susp=0.00 cov=0.5%/0.5%
[R5] pos=(964,173) state=exploring leader=None trust=1.00 susp=0.00 cov=4.2%/17.2%
[R5] pos=(1399,191) state=exploring leader=None trust=1.00 susp=0.00 cov=8.3%/27.6%
[R5] pos=(1436,322) state=exploring leader=None trust=1.00 susp=0.00 cov=10.9%/34.4%
[R5] pos=(1827,323) state=exploring leader=None trust=1.00 susp=0.00 cov=15.6%/46.4%
[R5] pos=(1274,709) state=exploring leader=None trust=1.00 susp=0.00 cov=19.3%/56.8%
[R5] pos=(922,1112) state=exploring leader=None trust=1.00 susp=0.00 cov=23.4%/66.7%
[R5] pos=(1185,1175) state=exploring leader=None trust=1.00 susp=0.00 cov=26.0%/75.5%
[R5] pos=(1436,934) state=exploring leader=None trust=1.00 susp=0.00 cov=29.2%/82.8%
[R5] pos=(1902,711) state=exploring leader=None trust=1.00 susp=0.00 cov=34.4%/97.4%
[R5] pos=(1925,75) state=exploring leader=None trust=1.00 susp=0.00 cov=37.5%/100.0%
[R5] pos=(1925,75) state=exploring leader=None trust=1.00 susp=0.00 cov=37.5%/100.0%
[R5] pos=(1925,75) state=exploring leader=None trust=1.00 susp=0.00 cov=37.5%/100.0%
[R5] pos=(1925,75) state=exploring leader=None trust=1.00 susp=0.00 cov=37.5%/100.0%
[R5] pos=(1925,75) state=exploring leader=None trust=1.00 susp=0.00 cov=37.5%/100.0%
[R5] pos=(1925,75) state=exploring leader=None trust=1.00 susp=0.00 cov=37.5%/100.0%
[R5] pos=(1925,75) state=exploring leader=None trust=1.00 susp=0.00 cov=37.5%/100.0%
[R5] pos=(1925,75) state=exploring leader=None trust=1.00 susp=0.00 cov=37.5%/100.0%
[R5] pos=(1925,75) state=exploring leader=None trust=1.00 susp=0.00 cov=37.5%/100.0%
[R5] pos=(1925,75) state=exploring leader=None trust=1.00 susp=0.00 cov=37.5%/100.0%
[R5] pos=(1925,75) state=exploring leader=None trust=1.00 susp=0.00 cov=37.5%/100.0%
[R5] pos=(1925,75) state=exploring leader=None trust=1.00 susp=0.00 cov=37.5%/100.0%
[R5] pos=(1925,75) state=exploring leader=None trust=1.00 susp=0.00 cov=37.5%/100.0%
[R5] pos=(1925,75) state=exploring leader=None trust=1.00 susp=0.00 cov=37.5%/100.0%
[R5] pos=(1925,75) state=exploring leader=None trust=1.00 susp=0.00 cov=37.5%/100.0%
[R5] pos=(1925,75) state=exploring leader=None trust=1.00 susp=0.00 cov=37.5%/100.0%
[R5] pos=(1925,75) state=exploring leader=None trust=1.00 susp=0.00 cov=37.5%/100.0%
[R5] pos=(1925,75) state=exploring leader=None trust=1.00 susp=0.00 cov=37.5%/100.0%
[R5] pos=(1925,75) state=exploring leader=None trust=1.00 susp=0.00 cov=37.5%/100.0%
[R5] pos=(1925,75) state=exploring leader=None trust=1.00 susp=0.00 cov=37.5%/100.0%
[R5] pos=(1925,75) state=exploring leader=None trust=1.00 susp=0.00 cov=37.5%/100.0%
[R5] pos=(1925,75) state=exploring leader=None trust=1.00 susp=0.00 cov=37.5%/100.0%
[R5] pos=(1925,75) state=exploring leader=None trust=1.00 susp=0.00 cov=37.5%/100.0%
[R5] pos=(1925,75) state=exploring leader=None trust=1.00 susp=0.00 cov=37.5%/100.0%
[R5] pos=(1925,75) state=exploring leader=None trust=1.00 susp=0.00 cov=37.5%/100.0%
[R5] pos=(1925,75) state=exploring leader=None trust=1.00 susp=0.00 cov=37.5%/100.0%
[R5] pos=(1925,75) state=exploring leader=None trust=1.00 susp=0.00 cov=37.5%/100.0%
[R5] pos=(1925,75) state=exploring leader=None trust=1.00 susp=0.00 cov=37.5%/100.0%
[R5] pos=(1925,75) state=exploring leader=None trust=1.00 susp=0.00 cov=37.5%/100.0%
[R5] pos=(1925,75) state=exploring leader=None trust=1.00 susp=0.00 cov=37.5%/100.0%
[R5] pos=(1925,75) state=exploring leader=None trust=1.00 susp=0.00 cov=37.5%/100.0%
[R5] pos=(1925,75) state=exploring leader=None trust=1.00 susp=0.00 cov=37.5%/100.0%
[R5] pos=(1925,75) state=exploring leader=None trust=1.00 susp=0.00 cov=37.5%/100.0%
[R5] pos=(1925,75) state=exploring leader=None trust=1.00 susp=0.00 cov=37.5%/100.0%
[R5] pos=(1925,75) state=exploring leader=None trust=1.00 susp=0.00 cov=37.5%/100.0%
[R5] pos=(1925,75) state=exploring leader=None trust=1.00 susp=0.00 cov=37.5%/100.0%
[R5] pos=(1925,75) state=exploring leader=None trust=1.00 susp=0.00 cov=37.5%/100.0%
[R5] pos=(1925,75) state=exploring leader=None trust=1.00 susp=0.00 cov=37.5%/100.0%
[R5] pos=(1925,75) state=exploring leader=None trust=1.00 susp=0.00 cov=37.5%/100.0%
[R5] pos=(1925,75) state=exploring leader=None trust=1.00 susp=0.00 cov=37.5%/100.0%
[R5] pos=(1925,75) state=exploring leader=None trust=1.00 susp=0.00 cov=37.5%/100.0%
[R5] pos=(1925,75) state=exploring leader=None trust=1.00 susp=0.00 cov=37.5%/100.0%
[R5] pos=(1925,75) state=exploring leader=None trust=1.00 susp=0.00 cov=37.5%/100.0%
[R5] pos=(1925,75) state=exploring leader=None trust=1.00 susp=0.00 cov=37.5%/100.0%
[R5] pos=(1925,75) state=exploring leader=None trust=1.00 susp=0.00 cov=37.5%/100.0%
[R5] pos=(1925,75) state=exploring leader=None trust=1.00 susp=0.00 cov=37.5%/100.0%
[R5] pos=(1925,75) state=exploring leader=None trust=1.00 susp=0.00 cov=37.5%/100.0%
[R5] pos=(1925,75) state=exploring leader=None trust=1.00 susp=0.00 cov=37.5%/100.0%
[R5] pos=(1925,75) state=exploring leader=None trust=1.00 susp=0.00 cov=37.5%/100.0%
[R5] pos=(1925,75) state=exploring leader=None trust=1.00 susp=0.00 cov=37.5%/100.0%
