[WARN] Hardware modules not available - simulation mode
=== RAFT Baseline - Robot 5 [SIM] ===
NO TRUST. Heartbeat timeout only.

  Logging to: logs/raft_5_20260226_221410.jsonl
Initializing hardware...
  Hardware: SIMULATED
[INFO] Position socket listening on port 5105
[INFO] Peer socket listening on port 5205
[INFO] Fault socket listening on port 5305
Ready!

Running RAFT baseline... Press Ctrl+C to stop

[R5] state=follower leader=None term=0 cov=0.0%/0.0%
[R5] state=follower leader=2 term=1 cov=0.5%/0.5%
[R5] state=follower leader=2 term=1 cov=1.6%/8.9%
[R5] state=follower leader=2 term=1 cov=3.6%/18.8%
[R5] state=follower leader=2 term=1 cov=5.2%/29.7%
[R5] state=follower leader=2 term=1 cov=6.8%/34.4%
[R5] state=follower leader=2 term=1 cov=6.8%/34.9%
[R5] state=follower leader=2 term=1 cov=6.8%/34.9%
[R5] state=follower leader=2 term=1 cov=6.8%/34.9%
[R5] state=follower leader=2 term=1 cov=6.8%/35.9%
[R5] state=follower leader=2 term=1 cov=7.3%/39.1%
[R5] state=follower leader=2 term=1 cov=7.3%/41.7%
[R5] state=follower leader=2 term=1 cov=7.8%/42.7%
[R5] state=follower leader=2 term=1 cov=10.4%/43.8%
[R5] state=follower leader=2 term=1 cov=12.5%/45.8%
[R5] state=follower leader=2 term=1 cov=15.1%/49.5%
[R5] state=follower leader=2 term=1 cov=17.7%/52.6%
[R5] state=follower leader=2 term=1 cov=19.3%/55.7%
[R5] state=follower leader=2 term=1 cov=21.9%/59.9%
[R5] state=follower leader=2 term=1 cov=23.4%/62.5%
[R5] state=follower leader=2 term=1 cov=26.0%/67.7%
[R5] state=follower leader=2 term=1 cov=28.6%/72.4%
[R5] state=follower leader=2 term=1 cov=31.2%/77.6%
[R5] state=follower leader=2 term=1 cov=33.9%/81.2%
[R5] state=follower leader=2 term=1 cov=34.9%/83.3%
[R5] state=follower leader=2 term=1 cov=35.9%/85.4%
[R5] state=follower leader=2 term=1 cov=38.5%/88.0%
[R5] state=follower leader=2 term=1 cov=39.6%/89.6%
[R5] state=follower leader=2 term=1 cov=39.6%/89.6%
[R5] state=follower leader=2 term=1 cov=39.6%/89.6%
[R5] state=follower leader=2 term=1 cov=39.6%/89.6%
[R5] state=follower leader=2 term=1 cov=39.6%/89.6%
[R5] state=follower leader=2 term=1 cov=39.6%/89.6%
[R5] state=follower leader=2 term=1 cov=39.6%/89.6%
[R5] state=follower leader=2 term=1 cov=40.1%/90.1%
[R5] state=follower leader=2 term=1 cov=40.1%/90.1%
[R5] state=follower leader=2 term=1 cov=40.1%/90.1%
[R5] state=follower leader=2 term=1 cov=40.6%/91.1%
[R5] state=follower leader=2 term=1 cov=40.6%/91.1%
[R5] state=follower leader=2 term=1 cov=41.1%/93.2%
[R5] state=follower leader=2 term=1 cov=41.1%/93.2%
[R5] state=follower leader=2 term=1 cov=41.1%/93.2%
[R5] state=follower leader=2 term=1 cov=41.1%/93.8%
[R5] state=follower leader=2 term=1 cov=41.1%/93.8%
[R5] state=follower leader=2 term=1 cov=41.1%/93.8%
[R5] state=follower leader=2 term=1 cov=41.1%/93.8%
[R5] state=follower leader=2 term=1 cov=41.1%/93.8%
[R5] state=follower leader=2 term=1 cov=41.1%/93.8%
[R5] state=follower leader=2 term=1 cov=41.1%/93.8%
[R5] state=follower leader=2 term=1 cov=41.1%/93.8%
[R5] state=follower leader=2 term=1 cov=41.1%/93.8%
[R5] state=follower leader=2 term=1 cov=41.1%/93.8%
[R5] state=follower leader=2 term=1 cov=41.1%/93.8%
[R5] state=follower leader=2 term=1 cov=41.1%/93.8%
[R5] state=follower leader=2 term=1 cov=41.1%/93.8%
[R5] state=follower leader=2 term=1 cov=41.1%/93.8%
[R5] state=follower leader=2 term=1 cov=41.1%/93.8%
[R5] state=follower leader=2 term=1 cov=41.1%/93.8%
[R5] state=follower leader=2 term=1 cov=43.2%/97.4%
[R5] state=follower leader=2 term=1 cov=44.8%/100.0%
[R5] state=follower leader=2 term=1 cov=44.8%/100.0%
