[WARN] Hardware modules not available - simulation mode
=== RAFT Baseline - Robot 2 [SIM] ===
NO TRUST. Heartbeat timeout only.

  Logging to: logs/raft_2_20260226_221410.jsonl
Initializing hardware...
  Hardware: SIMULATED
[INFO] Position socket listening on port 5102
[INFO] Peer socket listening on port 5202
[INFO] Fault socket listening on port 5302
Ready!

Running RAFT baseline... Press Ctrl+C to stop

[R2] state=follower leader=None term=0 cov=0.0%/0.0%
[RAFT] Starting election, term 1
[RAFT] Became leader, term 1
[R2] state=leader leader=2 term=1 cov=0.5%/0.5%
[R2] state=leader leader=2 term=1 cov=1.6%/8.9%
[R2] state=leader leader=2 term=1 cov=3.1%/18.2%
[R2] state=leader leader=2 term=1 cov=6.2%/30.2%
[R2] state=leader leader=2 term=1 cov=7.8%/34.9%
[R2] state=leader leader=2 term=1 cov=7.8%/34.9%
[R2] state=leader leader=2 term=1 cov=7.8%/34.9%
[R2] state=leader leader=2 term=1 cov=7.8%/34.9%
[R2] state=leader leader=2 term=1 cov=8.3%/35.4%
[R2] state=leader leader=2 term=1 cov=12.0%/39.1%
[R2] state=leader leader=2 term=1 cov=13.5%/41.7%
[R2] state=leader leader=2 term=1 cov=14.6%/42.7%
[R2] state=leader leader=2 term=1 cov=15.1%/43.8%
[R2] state=leader leader=2 term=1 cov=15.1%/45.3%
[R2] state=leader leader=2 term=1 cov=15.1%/49.5%
[R2] state=leader leader=2 term=1 cov=15.1%/52.6%
[R2] state=leader leader=2 term=1 cov=15.1%/55.7%
[R2] state=leader leader=2 term=1 cov=15.1%/59.4%
[R2] state=leader leader=2 term=1 cov=15.1%/62.5%
[R2] state=leader leader=2 term=1 cov=15.1%/67.7%
[R2] state=leader leader=2 term=1 cov=15.6%/72.4%
[R2] state=leader leader=2 term=1 cov=15.6%/76.6%
[R2] state=leader leader=2 term=1 cov=15.6%/81.2%
[R2] state=leader leader=2 term=1 cov=15.6%/83.3%
[R2] state=leader leader=2 term=1 cov=15.6%/85.4%
[R2] state=leader leader=2 term=1 cov=17.7%/88.0%
[R2] state=leader leader=2 term=1 cov=18.2%/89.6%
[R2] state=leader leader=2 term=1 cov=18.2%/89.6%
[R2] state=leader leader=2 term=1 cov=18.2%/89.6%
[R2] state=leader leader=2 term=1 cov=18.2%/89.6%
[R2] state=leader leader=2 term=1 cov=18.2%/89.6%
[R2] state=leader leader=2 term=1 cov=18.2%/89.6%
[R2] state=leader leader=2 term=1 cov=18.2%/89.6%
[R2] state=leader leader=2 term=1 cov=18.8%/90.1%
[R2] state=leader leader=2 term=1 cov=18.8%/90.1%
[R2] state=leader leader=2 term=1 cov=18.8%/90.1%
[R2] state=leader leader=2 term=1 cov=19.3%/91.1%
[R2] state=leader leader=2 term=1 cov=19.3%/91.1%
[R2] state=leader leader=2 term=1 cov=20.8%/93.2%
[R2] state=leader leader=2 term=1 cov=20.8%/93.2%
[R2] state=leader leader=2 term=1 cov=20.8%/93.2%
[R2] state=leader leader=2 term=1 cov=21.4%/93.8%
[R2] state=leader leader=2 term=1 cov=21.4%/93.8%
[R2] state=leader leader=2 term=1 cov=21.4%/93.8%
[R2] state=leader leader=2 term=1 cov=21.4%/93.8%
[R2] state=leader leader=2 term=1 cov=21.4%/93.8%
[R2] state=leader leader=2 term=1 cov=21.4%/93.8%
[R2] state=leader leader=2 term=1 cov=21.4%/93.8%
[R2] state=leader leader=2 term=1 cov=21.4%/93.8%
[R2] state=leader leader=2 term=1 cov=21.4%/93.8%
[R2] state=leader leader=2 term=1 cov=21.4%/93.8%
[R2] state=leader leader=2 term=1 cov=21.4%/93.8%
[R2] state=leader leader=2 term=1 cov=21.4%/93.8%
[R2] state=leader leader=2 term=1 cov=21.4%/93.8%
[R2] state=leader leader=2 term=1 cov=21.4%/93.8%
[R2] state=leader leader=2 term=1 cov=21.4%/93.8%
[R2] state=leader leader=2 term=1 cov=21.4%/93.8%
[R2] state=leader leader=2 term=1 cov=22.9%/96.9%
[R2] state=leader leader=2 term=1 cov=25.0%/100.0%
[R2] state=leader leader=2 term=1 cov=26.0%/100.0%
