[WARN] Hardware modules not available - running in simulation mode
=== REIP Node - Robot 3 [SIM (unique ports)] ===
Trust Model: Three-tier confidence-weighted
  Personal: 1.0, ToF: 1.0, Peer: 0.3
  Suspicion threshold: 1.5, Recovery: 0.1

  Logging to: logs/robot_3_20260226_173614.jsonl
Initializing hardware...
  Hardware: SIMULATED
[INFO] Position socket listening on port 26103
[INFO] Peer socket listening on port 26203
[INFO] Fault socket listening on port 26303
Ready!

=== Detection Bounds: T1=2 cmds, T3=8 cmds | Impeachment: T1=8 cmds, T3=32 cmds ===
Running... Press Ctrl+C to stop

[ELECTION] New leader: 3
[R3] pos=(0,0) state=leader leader=3 trust=1.00 susp=0.00 cov=0.0%/0.0%
[ELECTION] New leader: 1
[R3] pos=(908,443) state=follower leader=1 trust=1.00 susp=0.00 cov=0.5%/2.6%
[R3] pos=(686,326) state=follower leader=1 trust=1.00 susp=0.00 cov=2.6%/13.0%
[R3] pos=(575,190) state=follower leader=1 trust=1.00 susp=0.00 cov=5.2%/25.0%
[R3] pos=(255,136) state=follower leader=1 trust=1.00 susp=0.00 cov=8.3%/37.0%
[R3] pos=(187,659) state=follower leader=1 trust=1.00 susp=0.00 cov=11.5%/45.8%
[R3] pos=(265,974) state=follower leader=1 trust=1.00 susp=0.00 cov=14.1%/56.8%
[R3] pos=(75,1187) state=follower leader=1 trust=1.00 susp=0.00 cov=16.7%/66.7%
[R3] pos=(290,1425) state=follower leader=1 trust=1.00 susp=0.00 cov=19.3%/76.6%
[R3] pos=(657,1113) state=follower leader=1 trust=1.00 susp=0.00 cov=21.9%/85.4%
[R3] pos=(812,812) state=follower leader=1 trust=1.00 susp=0.00 cov=23.4%/93.8%
[R3] pos=(852,806) state=follower leader=1 trust=1.00 susp=0.00 cov=24.0%/98.4%
[R3] pos=(971,1162) state=follower leader=1 trust=1.00 susp=0.00 cov=25.5%/100.0%
[R3] pos=(971,1162) state=follower leader=1 trust=1.00 susp=0.00 cov=25.5%/100.0%
[R3] pos=(971,1162) state=follower leader=1 trust=1.00 susp=0.00 cov=25.5%/100.0%
[R3] pos=(971,1162) state=follower leader=1 trust=1.00 susp=0.00 cov=25.5%/100.0%
[R3] pos=(971,1162) state=follower leader=1 trust=1.00 susp=0.00 cov=25.5%/100.0%
[R3] pos=(971,1162) state=follower leader=1 trust=1.00 susp=0.00 cov=25.5%/100.0%
[TRUST] Bad command #1 (peer_reported): suspicion +0.30 = 0.30
[TRUST] Bad command #2 (personal_visited): suspicion +1.00 = 1.30
[TRUST] Bad command #3 (personal_visited): suspicion +1.00 = 2.30
[DETECT] First trust decay after 3 bad commands (0.41s) [Theoretical bound: T1=2, T3=8]
[TRUST] Trust decayed: trust=0.80, remaining suspicion=0.80
[TRUST] Bad command #4 (personal_visited): suspicion +1.00 = 1.80
[TRUST] Trust decayed: trust=0.60, remaining suspicion=0.30
[R3] pos=(1123,1320) state=follower leader=1 trust=0.60 susp=0.30 cov=27.1%/100.0%
[TRUST] Bad command #5 (peer_reported): suspicion +0.30 = 0.60
[TRUST] Bad command #6 (peer_reported): suspicion +0.30 = 0.90
[TRUST] Bad command #7 (peer_reported): suspicion +0.30 = 1.20
[TRUST] Bad command #8 (peer_reported): suspicion +0.30 = 1.50
[TRUST] Trust decayed: trust=0.40, remaining suspicion=0.00
[TRUST] Bad command #9 (peer_reported): suspicion +0.30 = 0.30
[TRUST] Bad command #10 (personal_visited): suspicion +1.00 = 1.30
[TRUST] Bad command #11 (peer_reported): suspicion +0.30 = 1.60
[TRUST] Trust decayed: trust=0.20, remaining suspicion=0.10
[TRUST] Bad command #12 (personal_visited): suspicion +1.00 = 1.10
[TRUST] Bad command #13 (peer_reported): suspicion +0.30 = 1.40
[TRUST] Bad command #14 (personal_visited): suspicion +1.00 = 2.40
[TRUST] Trust decayed: trust=0.10, remaining suspicion=0.90
[DETECT] IMPEACHMENT after 14 bad commands, 2.72s from first bad command [Bound: T1=8 cmds, T3=32 cmds]
[IMPEACH] Trust too low (0.10), excluding leader 1 from candidates
[ELECTION] Leader 1 impeached (failures=1)
[ELECTION] New leader: 3
[R3] pos=(1180,1296) state=leader leader=3 trust=1.00 susp=0.00 cov=29.2%/100.0%
[R3] pos=(950,758) state=leader leader=3 trust=1.00 susp=0.00 cov=30.2%/100.0%
[R3] pos=(832,482) state=leader leader=3 trust=1.00 susp=0.00 cov=30.7%/100.0%
[R3] pos=(835,491) state=leader leader=3 trust=1.00 susp=0.00 cov=30.7%/100.0%
[R3] pos=(787,377) state=leader leader=3 trust=1.00 susp=0.00 cov=31.2%/100.0%
[R3] pos=(799,405) state=leader leader=3 trust=1.00 susp=0.00 cov=31.2%/100.0%
[R3] pos=(807,425) state=leader leader=3 trust=1.00 susp=0.00 cov=31.2%/100.0%
[R3] pos=(807,425) state=leader leader=3 trust=1.00 susp=0.00 cov=31.2%/100.0%
[R3] pos=(807,425) state=leader leader=3 trust=1.00 susp=0.00 cov=31.2%/100.0%
[R3] pos=(807,425) state=leader leader=3 trust=1.00 susp=0.00 cov=31.2%/100.0%
[R3] pos=(807,425) state=leader leader=3 trust=1.00 susp=0.00 cov=31.2%/100.0%
[R3] pos=(807,425) state=leader leader=3 trust=1.00 susp=0.00 cov=31.2%/100.0%
[R3] pos=(807,425) state=leader leader=3 trust=1.00 susp=0.00 cov=31.2%/100.0%
[R3] pos=(807,425) state=leader leader=3 trust=1.00 susp=0.00 cov=31.2%/100.0%
[R3] pos=(807,425) state=leader leader=3 trust=1.00 susp=0.00 cov=31.2%/100.0%
[R3] pos=(807,425) state=leader leader=3 trust=1.00 susp=0.00 cov=31.2%/100.0%
[R3] pos=(807,425) state=leader leader=3 trust=1.00 susp=0.00 cov=31.2%/100.0%
[R3] pos=(807,425) state=leader leader=3 trust=1.00 susp=0.00 cov=31.2%/100.0%
[R3] pos=(807,425) state=leader leader=3 trust=1.00 susp=0.00 cov=31.2%/100.0%
[R3] pos=(807,425) state=leader leader=3 trust=1.00 susp=0.00 cov=31.2%/100.0%
[R3] pos=(807,425) state=leader leader=3 trust=1.00 susp=0.00 cov=31.2%/100.0%
[R3] pos=(807,425) state=leader leader=3 trust=1.00 susp=0.00 cov=31.2%/100.0%
[R3] pos=(807,425) state=leader leader=3 trust=1.00 susp=0.00 cov=31.2%/100.0%
[R3] pos=(807,425) state=leader leader=3 trust=1.00 susp=0.00 cov=31.2%/100.0%
[R3] pos=(807,425) state=leader leader=3 trust=1.00 susp=0.00 cov=31.2%/100.0%
[R3] pos=(807,425) state=leader leader=3 trust=1.00 susp=0.00 cov=31.2%/100.0%
[R3] pos=(807,425) state=leader leader=3 trust=1.00 susp=0.00 cov=31.2%/100.0%
[R3] pos=(807,425) state=leader leader=3 trust=1.00 susp=0.00 cov=31.2%/100.0%
[R3] pos=(807,425) state=leader leader=3 trust=1.00 susp=0.00 cov=31.2%/100.0%
[R3] pos=(807,425) state=leader leader=3 trust=1.00 susp=0.00 cov=31.2%/100.0%
[R3] pos=(807,425) state=leader leader=3 trust=1.00 susp=0.00 cov=31.2%/100.0%
[R3] pos=(807,425) state=leader leader=3 trust=1.00 susp=0.00 cov=31.2%/100.0%
[R3] pos=(807,425) state=leader leader=3 trust=1.00 susp=0.00 cov=31.2%/100.0%
[R3] pos=(807,425) state=leader leader=3 trust=1.00 susp=0.00 cov=31.2%/100.0%
[R3] pos=(807,425) state=leader leader=3 trust=1.00 susp=0.00 cov=31.2%/100.0%
[R3] pos=(807,425) state=leader leader=3 trust=1.00 susp=0.00 cov=31.2%/100.0%
[R3] pos=(807,425) state=leader leader=3 trust=1.00 susp=0.00 cov=31.2%/100.0%
[R3] pos=(807,425) state=leader leader=3 trust=1.00 susp=0.00 cov=31.2%/100.0%
[R3] pos=(807,425) state=leader leader=3 trust=1.00 susp=0.00 cov=31.2%/100.0%
[R3] pos=(807,425) state=leader leader=3 trust=1.00 susp=0.00 cov=31.2%/100.0%
[R3] pos=(807,425) state=leader leader=3 trust=1.00 susp=0.00 cov=31.2%/100.0%
[R3] pos=(807,425) state=leader leader=3 trust=1.00 susp=0.00 cov=31.2%/100.0%
[R3] pos=(807,425) state=leader leader=3 trust=1.00 susp=0.00 cov=31.2%/100.0%
[R3] pos=(807,425) state=leader leader=3 trust=1.00 susp=0.00 cov=31.2%/100.0%
[R3] pos=(807,425) state=leader leader=3 trust=1.00 susp=0.00 cov=31.2%/100.0%
[R3] pos=(807,425) state=leader leader=3 trust=1.00 susp=0.00 cov=31.2%/100.0%
