[WARN] Hardware modules not available - simulation mode
=== RAFT Baseline - Robot 2 [SIM] ===
NO TRUST. Heartbeat timeout only.

  Logging to: logs/raft_2_20260226_161842.jsonl
Initializing hardware...
  Hardware: SIMULATED
[INFO] Position socket listening on port 15102
[INFO] Peer socket listening on port 15202
[INFO] Fault socket listening on port 15302
Ready!

Running RAFT baseline... Press Ctrl+C to stop

[R2] state=follower leader=None term=0 cov=0.0%/0.0%
[R2] state=follower leader=3 term=1 cov=0.5%/2.6%
[R2] state=follower leader=3 term=1 cov=2.6%/12.5%
[R2] state=follower leader=3 term=1 cov=5.2%/25.0%
[R2] state=follower leader=3 term=1 cov=6.2%/33.3%
[R2] state=follower leader=3 term=1 cov=8.3%/45.3%
[R2] state=follower leader=3 term=1 cov=9.4%/55.2%
[R2] state=follower leader=3 term=1 cov=10.4%/65.1%
[R2] state=follower leader=3 term=1 cov=12.0%/75.0%
[R2] state=follower leader=3 term=1 cov=13.0%/82.3%
[R2] state=follower leader=3 term=1 cov=14.1%/89.6%
[R2] state=follower leader=3 term=1 cov=16.7%/94.3%
[R2] state=follower leader=3 term=1 cov=19.8%/99.5%
[R2] state=follower leader=3 term=1 cov=22.9%/100.0%
[R2] state=follower leader=3 term=1 cov=26.6%/100.0%
[R2] state=follower leader=3 term=1 cov=26.6%/100.0%
[R2] state=follower leader=3 term=1 cov=26.6%/100.0%
[R2] state=follower leader=3 term=1 cov=26.6%/100.0%
[R2] state=follower leader=3 term=1 cov=26.6%/100.0%
[R2] state=follower leader=3 term=1 cov=26.6%/100.0%
[R2] state=follower leader=3 term=1 cov=26.6%/100.0%
