[WARN] Hardware modules not available - running in simulation mode
=== REIP Node - Robot 3 [SIM (unique ports)] ===
Trust Model: Three-tier confidence-weighted
  Personal: 1.0, ToF: 1.0, Peer: 0.3
  Suspicion threshold: 1.5, Recovery: 0.1

  Logging to: logs/robot_3_20260226_194710.jsonl
Initializing hardware...
  Hardware: SIMULATED
[INFO] Position socket listening on port 6103
[INFO] Peer socket listening on port 6203
[INFO] Fault socket listening on port 6303
Ready!

=== DECENTRALIZED MODE - No leader coordination ===
=== Detection Bounds: T1=2 cmds, T3=8 cmds | Impeachment: T1=8 cmds, T3=32 cmds ===
Running... Press Ctrl+C to stop

[R3] pos=(0,0) state=exploring leader=None trust=1.00 susp=0.00 cov=0.0%/0.0%
[R3] pos=(590,153) state=exploring leader=None trust=1.00 susp=0.00 cov=0.5%/0.5%
[R3] pos=(182,75) state=exploring leader=None trust=1.00 susp=0.00 cov=3.6%/16.7%
[R3] pos=(415,809) state=exploring leader=None trust=1.00 susp=0.00 cov=7.3%/24.5%
[R3] pos=(822,561) state=exploring leader=None trust=1.00 susp=0.00 cov=11.5%/32.8%
[R3] pos=(923,1121) state=exploring leader=None trust=1.00 susp=0.00 cov=14.1%/40.1%
[R3] pos=(923,1039) state=exploring leader=None trust=1.00 susp=0.00 cov=14.1%/44.8%
[R3] pos=(923,1186) state=exploring leader=None trust=1.00 susp=0.00 cov=14.6%/50.0%
[R3] pos=(1183,1030) state=exploring leader=None trust=1.00 susp=0.00 cov=17.7%/55.2%
[R3] pos=(1079,389) state=exploring leader=None trust=1.00 susp=0.00 cov=20.8%/65.1%
[R3] pos=(1390,113) state=exploring leader=None trust=1.00 susp=0.00 cov=25.0%/75.5%
[R3] pos=(1812,284) state=exploring leader=None trust=1.00 susp=0.00 cov=29.2%/82.8%
[R3] pos=(1925,470) state=exploring leader=None trust=1.00 susp=0.00 cov=31.2%/91.1%
[R3] pos=(1925,595) state=exploring leader=None trust=1.00 susp=0.00 cov=32.8%/100.0%
[R3] pos=(1925,1424) state=exploring leader=None trust=1.00 susp=0.00 cov=36.5%/100.0%
[R3] pos=(1925,1424) state=exploring leader=None trust=1.00 susp=0.00 cov=36.5%/100.0%
[R3] pos=(1925,1424) state=exploring leader=None trust=1.00 susp=0.00 cov=36.5%/100.0%
[R3] pos=(1925,1424) state=exploring leader=None trust=1.00 susp=0.00 cov=36.5%/100.0%
[R3] pos=(1925,1424) state=exploring leader=None trust=1.00 susp=0.00 cov=36.5%/100.0%
[R3] pos=(1925,1424) state=exploring leader=None trust=1.00 susp=0.00 cov=36.5%/100.0%
[R3] pos=(1925,1424) state=exploring leader=None trust=1.00 susp=0.00 cov=36.5%/100.0%
[R3] pos=(1925,1424) state=exploring leader=None trust=1.00 susp=0.00 cov=36.5%/100.0%
[R3] pos=(1925,1424) state=exploring leader=None trust=1.00 susp=0.00 cov=36.5%/100.0%
[R3] pos=(1925,1424) state=exploring leader=None trust=1.00 susp=0.00 cov=36.5%/100.0%
[R3] pos=(1925,1424) state=exploring leader=None trust=1.00 susp=0.00 cov=36.5%/100.0%
[R3] pos=(1925,1424) state=exploring leader=None trust=1.00 susp=0.00 cov=36.5%/100.0%
[R3] pos=(1925,1424) state=exploring leader=None trust=1.00 susp=0.00 cov=36.5%/100.0%
[R3] pos=(1925,1424) state=exploring leader=None trust=1.00 susp=0.00 cov=36.5%/100.0%
[R3] pos=(1925,1424) state=exploring leader=None trust=1.00 susp=0.00 cov=36.5%/100.0%
[R3] pos=(1925,1424) state=exploring leader=None trust=1.00 susp=0.00 cov=36.5%/100.0%
[R3] pos=(1925,1424) state=exploring leader=None trust=1.00 susp=0.00 cov=36.5%/100.0%
[R3] pos=(1925,1424) state=exploring leader=None trust=1.00 susp=0.00 cov=36.5%/100.0%
[R3] pos=(1925,1424) state=exploring leader=None trust=1.00 susp=0.00 cov=36.5%/100.0%
[R3] pos=(1925,1424) state=exploring leader=None trust=1.00 susp=0.00 cov=36.5%/100.0%
[R3] pos=(1925,1424) state=exploring leader=None trust=1.00 susp=0.00 cov=36.5%/100.0%
[R3] pos=(1925,1424) state=exploring leader=None trust=1.00 susp=0.00 cov=36.5%/100.0%
[R3] pos=(1925,1424) state=exploring leader=None trust=1.00 susp=0.00 cov=36.5%/100.0%
[R3] pos=(1925,1424) state=exploring leader=None trust=1.00 susp=0.00 cov=36.5%/100.0%
[R3] pos=(1925,1424) state=exploring leader=None trust=1.00 susp=0.00 cov=36.5%/100.0%
[R3] pos=(1925,1424) state=exploring leader=None trust=1.00 susp=0.00 cov=36.5%/100.0%
[R3] pos=(1925,1424) state=exploring leader=None trust=1.00 susp=0.00 cov=36.5%/100.0%
[R3] pos=(1925,1424) state=exploring leader=None trust=1.00 susp=0.00 cov=36.5%/100.0%
[R3] pos=(1925,1424) state=exploring leader=None trust=1.00 susp=0.00 cov=36.5%/100.0%
[R3] pos=(1925,1424) state=exploring leader=None trust=1.00 susp=0.00 cov=36.5%/100.0%
[R3] pos=(1925,1424) state=exploring leader=None trust=1.00 susp=0.00 cov=36.5%/100.0%
[R3] pos=(1925,1424) state=exploring leader=None trust=1.00 susp=0.00 cov=36.5%/100.0%
[R3] pos=(1925,1424) state=exploring leader=None trust=1.00 susp=0.00 cov=36.5%/100.0%
[R3] pos=(1925,1424) state=exploring leader=None trust=1.00 susp=0.00 cov=36.5%/100.0%
[R3] pos=(1925,1424) state=exploring leader=None trust=1.00 susp=0.00 cov=36.5%/100.0%
[R3] pos=(1925,1424) state=exploring leader=None trust=1.00 susp=0.00 cov=36.5%/100.0%
[R3] pos=(1925,1424) state=exploring leader=None trust=1.00 susp=0.00 cov=36.5%/100.0%
[R3] pos=(1925,1424) state=exploring leader=None trust=1.00 susp=0.00 cov=36.5%/100.0%
[R3] pos=(1925,1424) state=exploring leader=None trust=1.00 susp=0.00 cov=36.5%/100.0%
[R3] pos=(1925,1424) state=exploring leader=None trust=1.00 susp=0.00 cov=36.5%/100.0%
[R3] pos=(1925,1424) state=exploring leader=None trust=1.00 susp=0.00 cov=36.5%/100.0%
[R3] pos=(1925,1424) state=exploring leader=None trust=1.00 susp=0.00 cov=36.5%/100.0%
[R3] pos=(1925,1424) state=exploring leader=None trust=1.00 susp=0.00 cov=36.5%/100.0%
[R3] pos=(1925,1424) state=exploring leader=None trust=1.00 susp=0.00 cov=36.5%/100.0%
[R3] pos=(1925,1424) state=exploring leader=None trust=1.00 susp=0.00 cov=36.5%/100.0%
[R3] pos=(1925,1424) state=exploring leader=None trust=1.00 susp=0.00 cov=36.5%/100.0%
[R3] pos=(1925,1424) state=exploring leader=None trust=1.00 susp=0.00 cov=36.5%/100.0%
[R3] pos=(1925,1424) state=exploring leader=None trust=1.00 susp=0.00 cov=36.5%/100.0%
[R3] pos=(1925,1424) state=exploring leader=None trust=1.00 susp=0.00 cov=36.5%/100.0%
[R3] pos=(1925,1424) state=exploring leader=None trust=1.00 susp=0.00 cov=36.5%/100.0%
[R3] pos=(1925,1424) state=exploring leader=None trust=1.00 susp=0.00 cov=36.5%/100.0%
[R3] pos=(1925,1424) state=exploring leader=None trust=1.00 susp=0.00 cov=36.5%/100.0%
[R3] pos=(1925,1424) state=exploring leader=None trust=1.00 susp=0.00 cov=36.5%/100.0%
[R3] pos=(1925,1424) state=exploring leader=None trust=1.00 susp=0.00 cov=36.5%/100.0%
[R3] pos=(1925,1424) state=exploring leader=None trust=1.00 susp=0.00 cov=36.5%/100.0%
[R3] pos=(1925,1424) state=exploring leader=None trust=1.00 susp=0.00 cov=36.5%/100.0%
[R3] pos=(1925,1424) state=exploring leader=None trust=1.00 susp=0.00 cov=36.5%/100.0%
[R3] pos=(1925,1424) state=exploring leader=None trust=1.00 susp=0.00 cov=36.5%/100.0%
[R3] pos=(1925,1424) state=exploring leader=None trust=1.00 susp=0.00 cov=36.5%/100.0%
[R3] pos=(1925,1424) state=exploring leader=None trust=1.00 susp=0.00 cov=36.5%/100.0%
[R3] pos=(1925,1424) state=exploring leader=None trust=1.00 susp=0.00 cov=36.5%/100.0%
[R3] pos=(1925,1424) state=exploring leader=None trust=1.00 susp=0.00 cov=36.5%/100.0%
[R3] pos=(1925,1424) state=exploring leader=None trust=1.00 susp=0.00 cov=36.5%/100.0%
[R3] pos=(1925,1424) state=exploring leader=None trust=1.00 susp=0.00 cov=36.5%/100.0%
[R3] pos=(1925,1424) state=exploring leader=None trust=1.00 susp=0.00 cov=36.5%/100.0%
[R3] pos=(1925,1424) state=exploring leader=None trust=1.00 susp=0.00 cov=36.5%/100.0%
[R3] pos=(1925,1424) state=exploring leader=None trust=1.00 susp=0.00 cov=36.5%/100.0%
[R3] pos=(1925,1424) state=exploring leader=None trust=1.00 susp=0.00 cov=36.5%/100.0%
[R3] pos=(1925,1424) state=exploring leader=None trust=1.00 susp=0.00 cov=36.5%/100.0%
[R3] pos=(1925,1424) state=exploring leader=None trust=1.00 susp=0.00 cov=36.5%/100.0%
[R3] pos=(1925,1424) state=exploring leader=None trust=1.00 susp=0.00 cov=36.5%/100.0%
[R3] pos=(1925,1424) state=exploring leader=None trust=1.00 susp=0.00 cov=36.5%/100.0%
[R3] pos=(1925,1424) state=exploring leader=None trust=1.00 susp=0.00 cov=36.5%/100.0%
[R3] pos=(1925,1424) state=exploring leader=None trust=1.00 susp=0.00 cov=36.5%/100.0%
[R3] pos=(1925,1424) state=exploring leader=None trust=1.00 susp=0.00 cov=36.5%/100.0%
[R3] pos=(1925,1424) state=exploring leader=None trust=1.00 susp=0.00 cov=36.5%/100.0%
[R3] pos=(1925,1424) state=exploring leader=None trust=1.00 susp=0.00 cov=36.5%/100.0%
[R3] pos=(1925,1424) state=exploring leader=None trust=1.00 susp=0.00 cov=36.5%/100.0%
[R3] pos=(1925,1424) state=exploring leader=None trust=1.00 susp=0.00 cov=36.5%/100.0%
[R3] pos=(1925,1424) state=exploring leader=None trust=1.00 susp=0.00 cov=36.5%/100.0%
[R3] pos=(1925,1424) state=exploring leader=None trust=1.00 susp=0.00 cov=36.5%/100.0%
[R3] pos=(1925,1424) state=exploring leader=None trust=1.00 susp=0.00 cov=36.5%/100.0%
