[WARN] Hardware modules not available - simulation mode
=== RAFT Baseline - Robot 5 [SIM] ===
NO TRUST. Heartbeat timeout only.

  Logging to: logs/raft_5_20260226_185010.jsonl
Initializing hardware...
  Hardware: SIMULATED
[INFO] Position socket listening on port 6105
[INFO] Peer socket listening on port 6205
[INFO] Fault socket listening on port 6305
Ready!

Running RAFT baseline... Press Ctrl+C to stop

[R5] state=follower leader=None term=0 cov=0.0%/0.0%
[R5] state=follower leader=1 term=1 cov=0.5%/0.5%
[R5] state=follower leader=1 term=1 cov=3.1%/14.6%
[R5] state=follower leader=1 term=1 cov=5.7%/27.1%
[R5] state=follower leader=1 term=1 cov=8.3%/38.0%
[R5] state=follower leader=1 term=1 cov=10.4%/49.5%
[R5] state=follower leader=1 term=1 cov=12.5%/60.9%
[R5] state=follower leader=1 term=1 cov=14.6%/70.8%
[R5] state=follower leader=1 term=1 cov=17.7%/80.2%
[R5] state=follower leader=1 term=1 cov=20.8%/86.5%
[R5] state=follower leader=1 term=1 cov=23.4%/94.8%
[R5] state=follower leader=1 term=1 cov=26.0%/99.5%
[R5] state=follower leader=1 term=1 cov=26.0%/100.0%
[R5] state=follower leader=1 term=1 cov=26.0%/100.0%
[R5] state=follower leader=1 term=1 cov=26.0%/100.0%
[R5] state=follower leader=1 term=1 cov=26.0%/100.0%
[R5] state=follower leader=1 term=1 cov=26.0%/100.0%
[R5] state=follower leader=1 term=1 cov=28.1%/100.0%
[R5] state=follower leader=1 term=1 cov=28.1%/100.0%
[R5] state=follower leader=1 term=1 cov=28.6%/100.0%
[R5] state=follower leader=1 term=1 cov=28.6%/100.0%
[R5] state=follower leader=1 term=1 cov=28.6%/100.0%
[R5] state=follower leader=1 term=1 cov=28.6%/100.0%
[R5] state=follower leader=1 term=1 cov=28.6%/100.0%
[R5] state=follower leader=1 term=1 cov=28.6%/100.0%
[R5] state=follower leader=1 term=1 cov=28.6%/100.0%
[R5] state=follower leader=1 term=1 cov=28.6%/100.0%
[R5] state=follower leader=1 term=1 cov=28.6%/100.0%
[R5] state=follower leader=1 term=1 cov=28.6%/100.0%
[R5] state=follower leader=1 term=1 cov=28.6%/100.0%
[R5] state=follower leader=1 term=1 cov=28.6%/100.0%
[R5] state=follower leader=1 term=1 cov=28.6%/100.0%
[R5] state=follower leader=1 term=1 cov=28.6%/100.0%
[R5] state=follower leader=1 term=1 cov=28.6%/100.0%
[R5] state=follower leader=1 term=1 cov=28.6%/100.0%
[R5] state=follower leader=1 term=1 cov=28.6%/100.0%
[R5] state=follower leader=1 term=1 cov=28.6%/100.0%
[R5] state=follower leader=1 term=1 cov=28.6%/100.0%
[R5] state=follower leader=1 term=1 cov=28.6%/100.0%
[R5] state=follower leader=1 term=1 cov=28.6%/100.0%
[R5] state=follower leader=1 term=1 cov=28.6%/100.0%
[R5] state=follower leader=1 term=1 cov=28.6%/100.0%
[R5] state=follower leader=1 term=1 cov=28.6%/100.0%
[R5] state=follower leader=1 term=1 cov=28.6%/100.0%
[R5] state=follower leader=1 term=1 cov=28.6%/100.0%
[R5] state=follower leader=1 term=1 cov=28.6%/100.0%
[R5] state=follower leader=1 term=1 cov=28.6%/100.0%
[R5] state=follower leader=1 term=1 cov=28.6%/100.0%
[R5] state=follower leader=1 term=1 cov=28.6%/100.0%
[R5] state=follower leader=1 term=1 cov=28.6%/100.0%
[R5] state=follower leader=1 term=1 cov=28.6%/100.0%
[R5] state=follower leader=1 term=1 cov=28.6%/100.0%
[R5] state=follower leader=1 term=1 cov=28.6%/100.0%
[R5] state=follower leader=1 term=1 cov=28.6%/100.0%
[R5] state=follower leader=1 term=1 cov=28.6%/100.0%
[R5] state=follower leader=1 term=1 cov=28.6%/100.0%
[R5] state=follower leader=1 term=1 cov=28.6%/100.0%
[R5] state=follower leader=1 term=1 cov=28.6%/100.0%
[R5] state=follower leader=1 term=1 cov=28.6%/100.0%
[R5] state=follower leader=1 term=1 cov=28.6%/100.0%
[R5] state=follower leader=1 term=1 cov=28.6%/100.0%
