[WARN] Hardware modules not available - simulation mode
=== RAFT Baseline - Robot 2 [SIM] ===
NO TRUST. Heartbeat timeout only.

  Logging to: logs/raft_2_20260226_162137.jsonl
Initializing hardware...
  Hardware: SIMULATED
[INFO] Position socket listening on port 23102
[INFO] Peer socket listening on port 23202
[INFO] Fault socket listening on port 23302
Ready!

Running RAFT baseline... Press Ctrl+C to stop

[R2] state=follower leader=None term=0 cov=0.0%/0.0%
[R2] state=follower leader=3 term=1 cov=0.5%/0.5%
[R2] state=follower leader=3 term=1 cov=2.6%/13.0%
[R2] state=follower leader=3 term=1 cov=5.2%/22.4%
[R2] state=follower leader=3 term=1 cov=7.8%/36.5%
[R2] state=follower leader=3 term=1 cov=9.4%/45.8%
[R2] state=follower leader=3 term=1 cov=10.9%/53.1%
[R2] state=follower leader=3 term=1 cov=13.5%/61.5%
[R2] state=follower leader=3 term=1 cov=15.1%/71.4%
[R2] state=follower leader=3 term=1 cov=17.2%/81.2%
[R2] state=follower leader=3 term=1 cov=20.3%/92.7%
[R2] state=follower leader=3 term=1 cov=24.0%/99.5%
[R2] state=follower leader=3 term=1 cov=24.0%/100.0%
[R2] state=follower leader=3 term=1 cov=24.0%/100.0%
[R2] state=follower leader=3 term=1 cov=24.0%/100.0%
[R2] state=follower leader=3 term=1 cov=24.0%/100.0%
[R2] state=follower leader=3 term=1 cov=24.0%/100.0%
[R2] state=follower leader=3 term=1 cov=24.0%/100.0%
[R2] state=follower leader=3 term=1 cov=24.0%/100.0%
[R2] state=follower leader=3 term=1 cov=24.0%/100.0%
[R2] state=follower leader=3 term=1 cov=24.0%/100.0%
[R2] state=follower leader=3 term=1 cov=24.0%/100.0%
[R2] state=follower leader=3 term=1 cov=24.0%/100.0%
[R2] state=follower leader=3 term=1 cov=24.0%/100.0%
[R2] state=follower leader=3 term=1 cov=24.0%/100.0%
[R2] state=follower leader=3 term=1 cov=24.0%/100.0%
[R2] state=follower leader=3 term=1 cov=24.0%/100.0%
[R2] state=follower leader=3 term=1 cov=24.0%/100.0%
[R2] state=follower leader=3 term=1 cov=24.0%/100.0%
[R2] state=follower leader=3 term=1 cov=24.0%/100.0%
[R2] state=follower leader=3 term=1 cov=24.0%/100.0%
[R2] state=follower leader=3 term=1 cov=24.0%/100.0%
[R2] state=follower leader=3 term=1 cov=24.0%/100.0%
[R2] state=follower leader=3 term=1 cov=24.0%/100.0%
[R2] state=follower leader=3 term=1 cov=24.0%/100.0%
[R2] state=follower leader=3 term=1 cov=24.0%/100.0%
[R2] state=follower leader=3 term=1 cov=24.0%/100.0%
[R2] state=follower leader=3 term=1 cov=24.0%/100.0%
[R2] state=follower leader=3 term=1 cov=24.0%/100.0%
[R2] state=follower leader=3 term=1 cov=24.0%/100.0%
[R2] state=follower leader=3 term=1 cov=24.0%/100.0%
[R2] state=follower leader=3 term=1 cov=24.0%/100.0%
[R2] state=follower leader=3 term=1 cov=24.0%/100.0%
[R2] state=follower leader=3 term=1 cov=24.0%/100.0%
[R2] state=follower leader=3 term=1 cov=24.0%/100.0%
[R2] state=follower leader=3 term=1 cov=24.0%/100.0%
[R2] state=follower leader=3 term=1 cov=24.0%/100.0%
[R2] state=follower leader=3 term=1 cov=24.0%/100.0%
[R2] state=follower leader=3 term=1 cov=24.0%/100.0%
[R2] state=follower leader=3 term=1 cov=24.0%/100.0%
[R2] state=follower leader=3 term=1 cov=24.0%/100.0%
[R2] state=follower leader=3 term=1 cov=24.0%/100.0%
[R2] state=follower leader=3 term=1 cov=24.0%/100.0%
[R2] state=follower leader=3 term=1 cov=24.0%/100.0%
[R2] state=follower leader=3 term=1 cov=24.0%/100.0%
[R2] state=follower leader=3 term=1 cov=24.0%/100.0%
[R2] state=follower leader=3 term=1 cov=24.0%/100.0%
[R2] state=follower leader=3 term=1 cov=24.0%/100.0%
[R2] state=follower leader=3 term=1 cov=24.0%/100.0%
[R2] state=follower leader=3 term=1 cov=24.0%/100.0%
[R2] state=follower leader=3 term=1 cov=24.0%/100.0%
[R2] state=follower leader=3 term=1 cov=24.0%/100.0%
[R2] state=follower leader=3 term=1 cov=24.0%/100.0%
[R2] state=follower leader=3 term=1 cov=24.0%/100.0%
[R2] state=follower leader=3 term=1 cov=24.0%/100.0%
[R2] state=follower leader=3 term=1 cov=24.0%/100.0%
[R2] state=follower leader=3 term=1 cov=24.0%/100.0%
[R2] state=follower leader=3 term=1 cov=24.0%/100.0%
[R2] state=follower leader=3 term=1 cov=24.0%/100.0%
[R2] state=follower leader=3 term=1 cov=24.0%/100.0%
