[WARN] Hardware modules not available - simulation mode
=== RAFT Baseline - Robot 5 [SIM] ===
NO TRUST. Heartbeat timeout only.

  Logging to: logs/raft_5_20260226_162519.jsonl
Initializing hardware...
  Hardware: SIMULATED
[INFO] Position socket listening on port 25105
[INFO] Peer socket listening on port 25205
[INFO] Fault socket listening on port 25305
Ready!

Running RAFT baseline... Press Ctrl+C to stop

[R5] state=follower leader=None term=0 cov=0.0%/0.0%
[R5] state=follower leader=1 term=1 cov=0.5%/0.5%
[R5] state=follower leader=1 term=1 cov=2.1%/9.4%
[R5] state=follower leader=1 term=1 cov=4.7%/21.4%
[R5] state=follower leader=1 term=1 cov=5.7%/30.7%
[R5] state=follower leader=1 term=1 cov=7.3%/39.1%
[R5] state=follower leader=1 term=1 cov=8.3%/42.2%
[R5] state=follower leader=1 term=1 cov=10.4%/52.6%
[R5] state=follower leader=1 term=1 cov=13.5%/60.9%
[R5] state=follower leader=1 term=1 cov=15.6%/70.3%
[R5] state=follower leader=1 term=1 cov=17.7%/79.7%
[R5] state=follower leader=1 term=1 cov=19.3%/85.9%
[R5] state=follower leader=1 term=1 cov=21.4%/92.7%
[R5] state=follower leader=1 term=1 cov=24.5%/99.5%
[R5] state=follower leader=1 term=1 cov=24.5%/99.5%
[R5] state=follower leader=1 term=1 cov=24.5%/99.5%
[R5] state=follower leader=1 term=1 cov=24.5%/99.5%
[R5] state=follower leader=1 term=1 cov=24.5%/99.5%
[R5] state=follower leader=1 term=1 cov=24.5%/99.5%
[R5] state=follower leader=1 term=1 cov=24.5%/99.5%
[R5] state=follower leader=1 term=1 cov=24.5%/99.5%
[R5] state=follower leader=1 term=1 cov=24.5%/99.5%
[R5] state=follower leader=1 term=1 cov=24.5%/99.5%
[R5] state=follower leader=1 term=1 cov=24.5%/99.5%
[R5] state=follower leader=1 term=1 cov=24.5%/99.5%
[R5] state=follower leader=1 term=1 cov=24.5%/99.5%
[R5] state=follower leader=1 term=1 cov=24.5%/99.5%
[R5] state=follower leader=1 term=1 cov=24.5%/99.5%
[R5] state=follower leader=1 term=1 cov=24.5%/99.5%
[R5] state=follower leader=1 term=1 cov=24.5%/99.5%
[R5] state=follower leader=1 term=1 cov=24.5%/99.5%
[R5] state=follower leader=1 term=1 cov=24.5%/99.5%
[R5] state=follower leader=1 term=1 cov=24.5%/99.5%
[R5] state=follower leader=1 term=1 cov=24.5%/99.5%
[R5] state=follower leader=1 term=1 cov=24.5%/99.5%
[R5] state=follower leader=1 term=1 cov=24.5%/99.5%
[R5] state=follower leader=1 term=1 cov=24.5%/99.5%
[R5] state=follower leader=1 term=1 cov=24.5%/99.5%
[R5] state=follower leader=1 term=1 cov=24.5%/99.5%
[R5] state=follower leader=1 term=1 cov=24.5%/99.5%
[R5] state=follower leader=1 term=1 cov=24.5%/99.5%
[R5] state=follower leader=1 term=1 cov=24.5%/99.5%
[R5] state=follower leader=1 term=1 cov=24.5%/99.5%
[R5] state=follower leader=1 term=1 cov=24.5%/99.5%
[R5] state=follower leader=1 term=1 cov=24.5%/99.5%
[R5] state=follower leader=1 term=1 cov=24.5%/99.5%
[R5] state=follower leader=1 term=1 cov=24.5%/99.5%
[R5] state=follower leader=1 term=1 cov=24.5%/99.5%
[R5] state=follower leader=1 term=1 cov=24.5%/99.5%
[R5] state=follower leader=1 term=1 cov=24.5%/99.5%
[R5] state=follower leader=1 term=1 cov=24.5%/99.5%
[R5] state=follower leader=1 term=1 cov=24.5%/99.5%
[R5] state=follower leader=1 term=1 cov=24.5%/99.5%
[R5] state=follower leader=1 term=1 cov=24.5%/99.5%
[R5] state=follower leader=1 term=1 cov=24.5%/99.5%
[R5] state=follower leader=1 term=1 cov=24.5%/99.5%
[R5] state=follower leader=1 term=1 cov=24.5%/99.5%
[R5] state=follower leader=1 term=1 cov=24.5%/99.5%
[R5] state=follower leader=1 term=1 cov=24.5%/99.5%
[R5] state=follower leader=1 term=1 cov=24.5%/99.5%
[R5] state=follower leader=1 term=1 cov=24.5%/99.5%
[R5] state=follower leader=1 term=1 cov=24.5%/99.5%
[R5] state=follower leader=1 term=1 cov=24.5%/99.5%
