[WARN] Hardware modules not available - simulation mode
=== RAFT Baseline - Robot 5 [SIM] ===
NO TRUST. Heartbeat timeout only.

  Logging to: logs/raft_5_20260226_172616.jsonl
Initializing hardware...
  Hardware: SIMULATED
[INFO] Position socket listening on port 13105
[INFO] Peer socket listening on port 13205
[INFO] Fault socket listening on port 13305
Ready!

Running RAFT baseline... Press Ctrl+C to stop

[R5] state=follower leader=None term=0 cov=0.0%/0.0%
[RAFT] Starting election, term 1
[RAFT] Became leader, term 1
[R5] state=leader leader=5 term=1 cov=0.5%/0.5%
[R5] state=leader leader=5 term=1 cov=2.6%/9.4%
[R5] state=leader leader=5 term=1 cov=5.7%/22.9%
[R5] state=leader leader=5 term=1 cov=8.9%/34.4%
[R5] state=leader leader=5 term=1 cov=12.5%/46.9%
[R5] state=leader leader=5 term=1 cov=15.1%/56.8%
[R5] state=leader leader=5 term=1 cov=17.7%/65.6%
[R5] state=leader leader=5 term=1 cov=21.4%/77.6%
[R5] state=leader leader=5 term=1 cov=24.5%/87.5%
[R5] state=leader leader=5 term=1 cov=28.6%/96.4%
[R5] state=leader leader=5 term=1 cov=31.8%/100.0%
[R5] state=leader leader=5 term=1 cov=31.8%/100.0%
[R5] state=leader leader=5 term=1 cov=31.8%/100.0%
[R5] state=leader leader=5 term=1 cov=31.8%/100.0%
[R5] state=leader leader=5 term=1 cov=31.8%/100.0%
[R5] state=leader leader=5 term=1 cov=31.8%/100.0%
[R5] state=leader leader=5 term=1 cov=31.8%/100.0%
[R5] state=leader leader=5 term=1 cov=31.8%/100.0%
[R5] state=leader leader=5 term=1 cov=31.8%/100.0%
[R5] state=leader leader=5 term=1 cov=31.8%/100.0%
[R5] state=leader leader=5 term=1 cov=31.8%/100.0%
[R5] state=leader leader=5 term=1 cov=31.8%/100.0%
[R5] state=leader leader=5 term=1 cov=31.8%/100.0%
[R5] state=leader leader=5 term=1 cov=31.8%/100.0%
[R5] state=leader leader=5 term=1 cov=31.8%/100.0%
[R5] state=leader leader=5 term=1 cov=31.8%/100.0%
[R5] state=leader leader=5 term=1 cov=31.8%/100.0%
[R5] state=leader leader=5 term=1 cov=31.8%/100.0%
[R5] state=leader leader=5 term=1 cov=31.8%/100.0%
[R5] state=leader leader=5 term=1 cov=31.8%/100.0%
[R5] state=leader leader=5 term=1 cov=31.8%/100.0%
[R5] state=leader leader=5 term=1 cov=31.8%/100.0%
[R5] state=leader leader=5 term=1 cov=31.8%/100.0%
[R5] state=leader leader=5 term=1 cov=31.8%/100.0%
[R5] state=leader leader=5 term=1 cov=31.8%/100.0%
[R5] state=leader leader=5 term=1 cov=31.8%/100.0%
[R5] state=leader leader=5 term=1 cov=31.8%/100.0%
[R5] state=leader leader=5 term=1 cov=31.8%/100.0%
[R5] state=leader leader=5 term=1 cov=31.8%/100.0%
[R5] state=leader leader=5 term=1 cov=31.8%/100.0%
[R5] state=leader leader=5 term=1 cov=31.8%/100.0%
[R5] state=leader leader=5 term=1 cov=31.8%/100.0%
[R5] state=leader leader=5 term=1 cov=31.8%/100.0%
[R5] state=leader leader=5 term=1 cov=31.8%/100.0%
[R5] state=leader leader=5 term=1 cov=31.8%/100.0%
[R5] state=leader leader=5 term=1 cov=31.8%/100.0%
[R5] state=leader leader=5 term=1 cov=31.8%/100.0%
[R5] state=leader leader=5 term=1 cov=31.8%/100.0%
[R5] state=leader leader=5 term=1 cov=31.8%/100.0%
[R5] state=leader leader=5 term=1 cov=31.8%/100.0%
[R5] state=leader leader=5 term=1 cov=31.8%/100.0%
[R5] state=leader leader=5 term=1 cov=31.8%/100.0%
[R5] state=leader leader=5 term=1 cov=31.8%/100.0%
[R5] state=leader leader=5 term=1 cov=31.8%/100.0%
[R5] state=leader leader=5 term=1 cov=31.8%/100.0%
[R5] state=leader leader=5 term=1 cov=31.8%/100.0%
[R5] state=leader leader=5 term=1 cov=31.8%/100.0%
[R5] state=leader leader=5 term=1 cov=31.8%/100.0%
[R5] state=leader leader=5 term=1 cov=31.8%/100.0%
[R5] state=leader leader=5 term=1 cov=31.8%/100.0%
[R5] state=leader leader=5 term=1 cov=31.8%/100.0%
[R5] state=leader leader=5 term=1 cov=31.8%/100.0%
[R5] state=leader leader=5 term=1 cov=31.8%/100.0%
[R5] state=leader leader=5 term=1 cov=31.8%/100.0%
