[WARN] Hardware modules not available - simulation mode
=== RAFT Baseline - Robot 2 [SIM] ===
NO TRUST. Heartbeat timeout only.

  Logging to: logs/raft_2_20260226_183537.jsonl
Initializing hardware...
  Hardware: SIMULATED
[INFO] Position socket listening on port 6102
[INFO] Peer socket listening on port 6202
[INFO] Fault socket listening on port 6302
Ready!

Running RAFT baseline... Press Ctrl+C to stop

[R2] state=follower leader=None term=0 cov=0.0%/0.0%
[R2] state=follower leader=1 term=1 cov=0.5%/2.1%
[R2] state=follower leader=1 term=1 cov=0.5%/2.1%
[R2] state=follower leader=1 term=1 cov=0.5%/2.1%
[R2] state=follower leader=1 term=1 cov=0.5%/2.1%
[R2] state=follower leader=1 term=1 cov=0.5%/2.1%
[R2] state=follower leader=1 term=1 cov=0.5%/2.1%
[R2] state=follower leader=1 term=1 cov=0.5%/2.1%
[R2] state=follower leader=1 term=1 cov=0.5%/2.1%
[R2] state=follower leader=1 term=1 cov=0.5%/2.1%
[R2] state=follower leader=1 term=1 cov=0.5%/2.1%
[R2] state=follower leader=1 term=1 cov=0.5%/2.1%
[R2] state=follower leader=1 term=1 cov=0.5%/2.1%
[R2] state=follower leader=1 term=1 cov=0.5%/2.1%
[R2] state=follower leader=1 term=1 cov=0.5%/2.1%
[R2] state=follower leader=1 term=1 cov=0.5%/2.1%
[R2] state=follower leader=1 term=1 cov=0.5%/2.1%
[R2] state=follower leader=1 term=1 cov=0.5%/2.1%
[R2] state=follower leader=1 term=1 cov=0.5%/2.1%
[R2] state=follower leader=1 term=1 cov=0.5%/2.1%
[R2] state=follower leader=1 term=1 cov=0.5%/2.1%
[R2] state=follower leader=1 term=1 cov=0.5%/2.1%
[R2] state=follower leader=1 term=1 cov=0.5%/2.1%
[R2] state=follower leader=1 term=1 cov=0.5%/2.1%
[R2] state=follower leader=1 term=1 cov=0.5%/2.1%
[R2] state=follower leader=1 term=1 cov=0.5%/2.1%
[R2] state=follower leader=1 term=1 cov=0.5%/2.1%
[R2] state=follower leader=1 term=1 cov=0.5%/2.1%
[R2] state=follower leader=1 term=1 cov=0.5%/2.1%
[R2] state=follower leader=1 term=1 cov=0.5%/2.1%
[R2] state=follower leader=1 term=1 cov=0.5%/2.1%
[R2] state=follower leader=1 term=1 cov=0.5%/2.1%
[R2] state=follower leader=1 term=1 cov=0.5%/2.1%
[R2] state=follower leader=1 term=1 cov=0.5%/2.1%
[R2] state=follower leader=1 term=1 cov=1.0%/4.7%
[R2] state=follower leader=1 term=1 cov=1.0%/4.7%
[R2] state=follower leader=1 term=1 cov=1.0%/4.7%
[R2] state=follower leader=1 term=1 cov=1.6%/7.8%
[R2] state=follower leader=1 term=1 cov=3.1%/17.2%
[R2] state=follower leader=1 term=1 cov=6.2%/30.2%
[R2] state=follower leader=1 term=1 cov=8.9%/41.7%
[R2] state=follower leader=1 term=1 cov=10.9%/50.0%
[R2] state=follower leader=1 term=1 cov=14.6%/59.4%
[R2] state=follower leader=1 term=1 cov=17.2%/67.7%
[R2] state=follower leader=1 term=1 cov=20.3%/74.0%
[R2] state=follower leader=1 term=1 cov=22.9%/82.8%
[R2] state=follower leader=1 term=1 cov=25.5%/91.1%
[R2] state=follower leader=1 term=1 cov=28.1%/97.9%
[R2] state=follower leader=1 term=1 cov=29.7%/99.5%
[R2] state=follower leader=1 term=1 cov=32.3%/100.0%
[R2] state=follower leader=1 term=1 cov=36.5%/100.0%
[R2] state=follower leader=1 term=1 cov=37.5%/100.0%
[R2] state=follower leader=1 term=1 cov=37.5%/100.0%
[R2] state=follower leader=1 term=1 cov=37.5%/100.0%
[R2] state=follower leader=1 term=1 cov=37.5%/100.0%
[R2] state=follower leader=1 term=1 cov=37.5%/100.0%
[R2] state=follower leader=1 term=1 cov=37.5%/100.0%
[R2] state=follower leader=1 term=1 cov=37.5%/100.0%
[R2] state=follower leader=1 term=1 cov=37.5%/100.0%
[R2] state=follower leader=1 term=1 cov=37.5%/100.0%
[R2] state=follower leader=1 term=1 cov=37.5%/100.0%
[R2] state=follower leader=1 term=1 cov=37.5%/100.0%
