[WARN] Hardware modules not available - simulation mode
=== RAFT Baseline - Robot 1 [SIM] ===
NO TRUST. Heartbeat timeout only.

  Logging to: logs/raft_1_20260226_000652.jsonl
Initializing hardware...
  Hardware: SIMULATED
[INFO] Position socket listening on port 18101
[INFO] Peer socket listening on port 18201
[INFO] Fault socket listening on port 18301
Ready!

Running RAFT baseline... Press Ctrl+C to stop

[R1] state=follower leader=None term=0 cov=0.0%/0.0%
[R1] state=follower leader=2 term=1 cov=0.5%/2.6%
[R1] state=follower leader=2 term=1 cov=1.6%/8.3%
[R1] state=follower leader=2 term=1 cov=2.1%/12.5%
[R1] state=follower leader=2 term=1 cov=2.6%/16.1%
[R1] state=follower leader=2 term=1 cov=3.6%/19.8%
[R1] state=follower leader=2 term=1 cov=4.7%/25.0%
[R1] state=follower leader=2 term=1 cov=5.2%/27.6%
[R1] state=follower leader=2 term=1 cov=6.2%/31.2%
[R1] state=follower leader=2 term=1 cov=6.2%/32.8%
[R1] state=follower leader=2 term=1 cov=6.8%/34.4%
[R1] state=follower leader=2 term=1 cov=6.8%/34.9%
[R1] state=follower leader=2 term=1 cov=6.8%/34.9%
[R1] state=follower leader=2 term=1 cov=6.8%/34.9%
[R1] state=follower leader=2 term=1 cov=7.3%/35.9%
[R1] state=follower leader=2 term=1 cov=7.3%/35.9%
[R1] state=follower leader=2 term=1 cov=7.3%/35.9%
[R1] state=follower leader=2 term=1 cov=7.3%/35.9%
[R1] state=follower leader=2 term=1 cov=7.3%/35.9%
[FAULT] BAD_LEADER mode - will send bad assignments (Raft CANNOT detect this)
[R1] state=follower leader=2 term=1 cov=7.3%/35.9%
[R1] state=follower leader=2 term=1 cov=8.3%/39.6%
[R1] state=follower leader=2 term=1 cov=9.4%/44.8%
[R1] state=follower leader=2 term=1 cov=10.4%/49.5%
[R1] state=follower leader=2 term=1 cov=11.5%/54.7%
[R1] state=follower leader=2 term=1 cov=12.0%/57.8%
[R1] state=follower leader=2 term=1 cov=13.0%/62.5%
[R1] state=follower leader=2 term=1 cov=13.5%/64.6%
[R1] state=follower leader=2 term=1 cov=14.1%/65.6%
[R1] state=follower leader=2 term=1 cov=14.1%/66.7%
[R1] state=follower leader=2 term=1 cov=14.1%/68.2%
[R1] state=follower leader=2 term=1 cov=14.1%/70.8%
[R1] state=follower leader=2 term=1 cov=14.6%/73.4%
[R1] state=follower leader=2 term=1 cov=15.1%/74.5%
[R1] state=follower leader=2 term=1 cov=15.6%/76.0%
[R1] state=follower leader=2 term=1 cov=15.6%/76.6%
[R1] state=follower leader=2 term=1 cov=15.6%/76.6%
[R1] state=follower leader=2 term=1 cov=15.6%/76.6%
[R1] state=follower leader=2 term=1 cov=15.6%/76.6%
[R1] state=follower leader=2 term=1 cov=15.6%/76.6%
[R1] state=follower leader=2 term=1 cov=15.6%/76.6%
[R1] state=follower leader=2 term=1 cov=15.6%/76.6%
[R1] state=follower leader=2 term=1 cov=16.1%/77.6%
[R1] state=follower leader=2 term=1 cov=16.1%/78.6%
[R1] state=follower leader=2 term=1 cov=17.2%/80.7%
[R1] state=follower leader=2 term=1 cov=18.2%/83.9%
[R1] state=follower leader=2 term=1 cov=18.8%/88.0%
[R1] state=follower leader=2 term=1 cov=19.8%/89.6%
[R1] state=follower leader=2 term=1 cov=20.8%/91.7%
[R1] state=follower leader=2 term=1 cov=21.4%/93.8%
[R1] state=follower leader=2 term=1 cov=22.4%/95.8%
[R1] state=follower leader=2 term=1 cov=23.4%/98.4%
[R1] state=follower leader=2 term=1 cov=24.0%/100.0%
[R1] state=follower leader=2 term=1 cov=24.0%/100.0%
[R1] state=follower leader=2 term=1 cov=24.0%/100.0%
[R1] state=follower leader=2 term=1 cov=24.0%/100.0%
[R1] state=follower leader=2 term=1 cov=24.0%/100.0%
[R1] state=follower leader=2 term=1 cov=24.0%/100.0%
[R1] state=follower leader=2 term=1 cov=24.0%/100.0%
[R1] state=follower leader=2 term=1 cov=24.0%/100.0%
[R1] state=follower leader=2 term=1 cov=24.0%/100.0%
[R1] state=follower leader=2 term=1 cov=24.0%/100.0%
[R1] state=follower leader=2 term=1 cov=24.0%/100.0%
[R1] state=follower leader=2 term=1 cov=24.0%/100.0%
[R1] state=follower leader=2 term=1 cov=24.0%/100.0%
[R1] state=follower leader=2 term=1 cov=24.0%/100.0%
