[WARN] Hardware modules not available - simulation mode
=== RAFT Baseline - Robot 3 [SIM] ===
NO TRUST. Heartbeat timeout only.

  Logging to: logs/raft_3_20260226_204104.jsonl
Initializing hardware...
  Hardware: SIMULATED
[INFO] Position socket listening on port 6103
[INFO] Peer socket listening on port 6203
[INFO] Fault socket listening on port 6303
Ready!

Running RAFT baseline... Press Ctrl+C to stop

[R3] state=follower leader=None term=0 cov=0.0%/0.0%
[R3] state=follower leader=4 term=1 cov=0.5%/0.5%
[R3] state=follower leader=4 term=1 cov=2.6%/14.6%
[R3] state=follower leader=4 term=1 cov=4.7%/25.5%
[R3] state=follower leader=4 term=1 cov=6.8%/36.5%
[R3] state=follower leader=4 term=1 cov=9.9%/46.4%
[R3] state=follower leader=4 term=1 cov=12.0%/51.0%
[R3] state=follower leader=4 term=1 cov=13.5%/54.2%
[R3] state=follower leader=4 term=1 cov=15.1%/58.9%
[R3] state=follower leader=4 term=1 cov=16.1%/63.0%
[R3] state=follower leader=4 term=1 cov=17.7%/67.2%
[R3] state=follower leader=4 term=1 cov=19.8%/71.4%
[R3] state=follower leader=4 term=1 cov=21.9%/74.5%
[R3] state=follower leader=4 term=1 cov=24.5%/79.2%
[R3] state=follower leader=4 term=1 cov=26.6%/82.3%
[R3] state=follower leader=4 term=1 cov=29.7%/87.0%
[R3] state=follower leader=4 term=1 cov=31.2%/90.6%
[R3] state=follower leader=4 term=1 cov=33.3%/94.8%
[R3] state=follower leader=4 term=1 cov=33.3%/95.3%
[R3] state=follower leader=4 term=1 cov=33.9%/95.3%
[R3] state=follower leader=4 term=1 cov=33.9%/95.3%
[R3] state=follower leader=4 term=1 cov=33.9%/95.3%
[R3] state=follower leader=4 term=1 cov=33.9%/95.8%
[R3] state=follower leader=4 term=1 cov=33.9%/96.4%
[R3] state=follower leader=4 term=1 cov=33.9%/96.4%
[R3] state=follower leader=4 term=1 cov=33.9%/96.9%
[R3] state=follower leader=4 term=1 cov=33.9%/96.9%
[R3] state=follower leader=4 term=1 cov=33.9%/96.9%
[R3] state=follower leader=4 term=1 cov=33.9%/96.9%
[R3] state=follower leader=4 term=1 cov=33.9%/97.4%
[R3] state=follower leader=4 term=1 cov=33.9%/97.9%
[R3] state=follower leader=4 term=1 cov=33.9%/97.9%
[R3] state=follower leader=4 term=1 cov=33.9%/97.9%
[R3] state=follower leader=4 term=1 cov=33.9%/97.9%
[R3] state=follower leader=4 term=1 cov=33.9%/97.9%
[R3] state=follower leader=4 term=1 cov=33.9%/97.9%
[R3] state=follower leader=4 term=1 cov=33.9%/98.4%
[R3] state=follower leader=4 term=1 cov=33.9%/98.4%
[R3] state=follower leader=4 term=1 cov=33.9%/98.4%
[R3] state=follower leader=4 term=1 cov=33.9%/98.4%
[R3] state=follower leader=4 term=1 cov=33.9%/98.4%
[R3] state=follower leader=4 term=1 cov=33.9%/98.4%
[R3] state=follower leader=4 term=1 cov=33.9%/98.4%
[R3] state=follower leader=4 term=1 cov=33.9%/98.4%
[R3] state=follower leader=4 term=1 cov=33.9%/98.4%
[R3] state=follower leader=4 term=1 cov=33.9%/98.4%
[R3] state=follower leader=4 term=1 cov=33.9%/98.4%
[R3] state=follower leader=4 term=1 cov=33.9%/98.4%
[R3] state=follower leader=4 term=1 cov=33.9%/98.4%
[R3] state=follower leader=4 term=1 cov=33.9%/98.4%
[R3] state=follower leader=4 term=1 cov=33.9%/98.4%
[R3] state=follower leader=4 term=1 cov=33.9%/98.4%
[R3] state=follower leader=4 term=1 cov=33.9%/98.4%
[R3] state=follower leader=4 term=1 cov=33.9%/98.4%
[R3] state=follower leader=4 term=1 cov=33.9%/98.4%
[R3] state=follower leader=4 term=1 cov=33.9%/98.4%
[R3] state=follower leader=4 term=1 cov=33.9%/98.4%
[R3] state=follower leader=4 term=1 cov=33.9%/98.4%
[R3] state=follower leader=4 term=1 cov=33.9%/98.4%
[R3] state=follower leader=4 term=1 cov=33.9%/98.4%
[R3] state=follower leader=4 term=1 cov=33.9%/99.0%
