[WARN] Hardware modules not available - running in simulation mode
=== REIP Node - Robot 2 [SIM (unique ports)] ===
Trust Model: Three-tier confidence-weighted
  Personal: 1.0, ToF: 1.0, Peer: 0.3
  Suspicion threshold: 1.5, Recovery: 0.1

  Logging to: logs/robot_2_20260226_161314.jsonl
Initializing hardware...
  Hardware: SIMULATED
[INFO] Position socket listening on port 5102
[INFO] Peer socket listening on port 5202
[INFO] Fault socket listening on port 5302
Ready!

=== DECENTRALIZED MODE - No leader coordination ===
=== Detection Bounds: T1=2 cmds, T3=8 cmds | Impeachment: T1=8 cmds, T3=32 cmds ===
Running... Press Ctrl+C to stop

[R2] pos=(0,0) state=exploring leader=None trust=1.00 susp=0.00 cov=0.0%/0.0%
[R2] pos=(1236,355) state=exploring leader=None trust=1.00 susp=0.00 cov=0.5%/0.5%
[R2] pos=(688,108) state=exploring leader=None trust=1.00 susp=0.00 cov=3.6%/18.8%
[R2] pos=(314,555) state=exploring leader=None trust=1.00 susp=0.00 cov=8.3%/29.2%
[R2] pos=(170,944) state=exploring leader=None trust=1.00 susp=0.00 cov=11.5%/37.5%
[R2] pos=(389,1094) state=exploring leader=None trust=1.00 susp=0.00 cov=14.6%/49.0%
[R2] pos=(681,1065) state=exploring leader=None trust=1.00 susp=0.00 cov=17.2%/59.9%
[R2] pos=(1054,933) state=exploring leader=None trust=1.00 susp=0.00 cov=19.8%/68.2%
[R2] pos=(1264,1357) state=exploring leader=None trust=1.00 susp=0.00 cov=22.9%/75.5%
[R2] pos=(1563,1191) state=exploring leader=None trust=1.00 susp=0.00 cov=26.0%/83.9%
[R2] pos=(1753,1254) state=exploring leader=None trust=1.00 susp=0.00 cov=29.2%/92.2%
[R2] pos=(1925,997) state=exploring leader=None trust=1.00 susp=0.00 cov=31.2%/100.0%
[R2] pos=(1925,896) state=exploring leader=None trust=1.00 susp=0.00 cov=31.2%/100.0%
[R2] pos=(1925,901) state=exploring leader=None trust=1.00 susp=0.00 cov=31.2%/100.0%
[R2] pos=(1925,994) state=exploring leader=None trust=1.00 susp=0.00 cov=31.2%/100.0%
[R2] pos=(1925,980) state=exploring leader=None trust=1.00 susp=0.00 cov=31.8%/100.0%
[R2] pos=(1925,990) state=exploring leader=None trust=1.00 susp=0.00 cov=31.8%/100.0%
[R2] pos=(1925,888) state=exploring leader=None trust=1.00 susp=0.00 cov=31.8%/100.0%
[R2] pos=(1925,890) state=exploring leader=None trust=1.00 susp=0.00 cov=31.8%/100.0%
[R2] pos=(1925,891) state=exploring leader=None trust=1.00 susp=0.00 cov=31.8%/100.0%
[R2] pos=(1925,990) state=exploring leader=None trust=1.00 susp=0.00 cov=31.8%/100.0%
[R2] pos=(1925,1005) state=exploring leader=None trust=1.00 susp=0.00 cov=31.8%/100.0%
[R2] pos=(1925,893) state=exploring leader=None trust=1.00 susp=0.00 cov=31.8%/100.0%
[R2] pos=(1925,877) state=exploring leader=None trust=1.00 susp=0.00 cov=31.8%/100.0%
[R2] pos=(1925,886) state=exploring leader=None trust=1.00 susp=0.00 cov=31.8%/100.0%
[R2] pos=(1925,969) state=exploring leader=None trust=1.00 susp=0.00 cov=31.8%/100.0%
[R2] pos=(1925,982) state=exploring leader=None trust=1.00 susp=0.00 cov=31.8%/100.0%
[R2] pos=(1925,886) state=exploring leader=None trust=1.00 susp=0.00 cov=31.8%/100.0%
[R2] pos=(1925,888) state=exploring leader=None trust=1.00 susp=0.00 cov=31.8%/100.0%
[R2] pos=(1925,896) state=exploring leader=None trust=1.00 susp=0.00 cov=31.8%/100.0%
[R2] pos=(1925,997) state=exploring leader=None trust=1.00 susp=0.00 cov=31.8%/100.0%
[R2] pos=(1925,999) state=exploring leader=None trust=1.00 susp=0.00 cov=31.8%/100.0%
[R2] pos=(1925,970) state=exploring leader=None trust=1.00 susp=0.00 cov=31.8%/100.0%
[R2] pos=(1925,877) state=exploring leader=None trust=1.00 susp=0.00 cov=31.8%/100.0%
[R2] pos=(1925,884) state=exploring leader=None trust=1.00 susp=0.00 cov=31.8%/100.0%
[R2] pos=(1925,969) state=exploring leader=None trust=1.00 susp=0.00 cov=31.8%/100.0%
[R2] pos=(1925,953) state=exploring leader=None trust=1.00 susp=0.00 cov=31.8%/100.0%
[R2] pos=(1925,953) state=exploring leader=None trust=1.00 susp=0.00 cov=31.8%/100.0%
[R2] pos=(1925,953) state=exploring leader=None trust=1.00 susp=0.00 cov=31.8%/100.0%
[R2] pos=(1925,953) state=exploring leader=None trust=1.00 susp=0.00 cov=31.8%/100.0%
[R2] pos=(1925,953) state=exploring leader=None trust=1.00 susp=0.00 cov=31.8%/100.0%
[R2] pos=(1925,953) state=exploring leader=None trust=1.00 susp=0.00 cov=31.8%/100.0%
[R2] pos=(1925,953) state=exploring leader=None trust=1.00 susp=0.00 cov=31.8%/100.0%
[R2] pos=(1925,953) state=exploring leader=None trust=1.00 susp=0.00 cov=31.8%/100.0%
[R2] pos=(1925,953) state=exploring leader=None trust=1.00 susp=0.00 cov=31.8%/100.0%
[R2] pos=(1925,953) state=exploring leader=None trust=1.00 susp=0.00 cov=31.8%/100.0%
[R2] pos=(1925,953) state=exploring leader=None trust=1.00 susp=0.00 cov=31.8%/100.0%
[R2] pos=(1925,953) state=exploring leader=None trust=1.00 susp=0.00 cov=31.8%/100.0%
[R2] pos=(1925,953) state=exploring leader=None trust=1.00 susp=0.00 cov=31.8%/100.0%
[R2] pos=(1925,953) state=exploring leader=None trust=1.00 susp=0.00 cov=31.8%/100.0%
[R2] pos=(1925,953) state=exploring leader=None trust=1.00 susp=0.00 cov=31.8%/100.0%
[R2] pos=(1925,953) state=exploring leader=None trust=1.00 susp=0.00 cov=31.8%/100.0%
[R2] pos=(1925,953) state=exploring leader=None trust=1.00 susp=0.00 cov=31.8%/100.0%
[R2] pos=(1925,953) state=exploring leader=None trust=1.00 susp=0.00 cov=31.8%/100.0%
[R2] pos=(1925,953) state=exploring leader=None trust=1.00 susp=0.00 cov=31.8%/100.0%
[R2] pos=(1925,953) state=exploring leader=None trust=1.00 susp=0.00 cov=31.8%/100.0%
[R2] pos=(1925,953) state=exploring leader=None trust=1.00 susp=0.00 cov=31.8%/100.0%
[R2] pos=(1925,953) state=exploring leader=None trust=1.00 susp=0.00 cov=31.8%/100.0%
[R2] pos=(1925,953) state=exploring leader=None trust=1.00 susp=0.00 cov=31.8%/100.0%
[R2] pos=(1925,953) state=exploring leader=None trust=1.00 susp=0.00 cov=31.8%/100.0%
[R2] pos=(1925,953) state=exploring leader=None trust=1.00 susp=0.00 cov=31.8%/100.0%
[R2] pos=(1925,953) state=exploring leader=None trust=1.00 susp=0.00 cov=31.8%/100.0%
[R2] pos=(1925,953) state=exploring leader=None trust=1.00 susp=0.00 cov=31.8%/100.0%
[R2] pos=(1925,953) state=exploring leader=None trust=1.00 susp=0.00 cov=31.8%/100.0%
[R2] pos=(1925,953) state=exploring leader=None trust=1.00 susp=0.00 cov=31.8%/100.0%
[R2] pos=(1925,953) state=exploring leader=None trust=1.00 susp=0.00 cov=31.8%/100.0%
[R2] pos=(1925,953) state=exploring leader=None trust=1.00 susp=0.00 cov=31.8%/100.0%
[R2] pos=(1925,953) state=exploring leader=None trust=1.00 susp=0.00 cov=31.8%/100.0%
[R2] pos=(1925,953) state=exploring leader=None trust=1.00 susp=0.00 cov=31.8%/100.0%
[R2] pos=(1925,953) state=exploring leader=None trust=1.00 susp=0.00 cov=31.8%/100.0%
[R2] pos=(1925,953) state=exploring leader=None trust=1.00 susp=0.00 cov=31.8%/100.0%
[R2] pos=(1925,953) state=exploring leader=None trust=1.00 susp=0.00 cov=31.8%/100.0%
[R2] pos=(1925,953) state=exploring leader=None trust=1.00 susp=0.00 cov=31.8%/100.0%
[R2] pos=(1925,953) state=exploring leader=None trust=1.00 susp=0.00 cov=31.8%/100.0%
[R2] pos=(1925,953) state=exploring leader=None trust=1.00 susp=0.00 cov=31.8%/100.0%
[R2] pos=(1925,953) state=exploring leader=None trust=1.00 susp=0.00 cov=31.8%/100.0%
[R2] pos=(1925,953) state=exploring leader=None trust=1.00 susp=0.00 cov=31.8%/100.0%
[R2] pos=(1925,953) state=exploring leader=None trust=1.00 susp=0.00 cov=31.8%/100.0%
[R2] pos=(1925,953) state=exploring leader=None trust=1.00 susp=0.00 cov=31.8%/100.0%
[R2] pos=(1925,953) state=exploring leader=None trust=1.00 susp=0.00 cov=31.8%/100.0%
[R2] pos=(1925,953) state=exploring leader=None trust=1.00 susp=0.00 cov=31.8%/100.0%
