[WARN] Hardware modules not available - running in simulation mode
=== REIP Node - Robot 3 [SIM (unique ports)] ===
Trust Model: Three-tier confidence-weighted
  Personal: 1.0, ToF: 1.0, Peer: 0.3
  Suspicion threshold: 1.5, Recovery: 0.1

  Logging to: logs/robot_3_20260226_080423.jsonl
Initializing hardware...
  Hardware: SIMULATED
[INFO] Position socket listening on port 5103
[INFO] Peer socket listening on port 5203
[INFO] Fault socket listening on port 5303
Ready!

=== Detection Bounds: T1=2 cmds, T3=8 cmds | Impeachment: T1=8 cmds, T3=32 cmds ===
Running... Press Ctrl+C to stop

[ELECTION] New leader: 3
[R3] pos=(0,0) state=leader leader=3 trust=1.00 susp=0.00 cov=0.0%/0.0%
[ELECTION] New leader: 1
[R3] pos=(606,1076) state=follower leader=1 trust=1.00 susp=0.00 cov=0.5%/0.5%
[R3] pos=(562,820) state=follower leader=1 trust=1.00 susp=0.00 cov=2.6%/13.5%
[R3] pos=(686,464) state=follower leader=1 trust=1.00 susp=0.00 cov=5.7%/25.0%
[R3] pos=(683,171) state=follower leader=1 trust=1.00 susp=0.00 cov=8.3%/34.4%
[R3] pos=(857,340) state=follower leader=1 trust=1.00 susp=0.00 cov=12.5%/44.8%
[R3] pos=(936,691) state=follower leader=1 trust=1.00 susp=0.00 cov=14.6%/52.6%
[R3] pos=(743,822) state=follower leader=1 trust=1.00 susp=0.00 cov=17.2%/62.0%
[R3] pos=(1065,75) state=follower leader=1 trust=1.00 susp=0.00 cov=19.8%/72.9%
[R3] pos=(1641,106) state=follower leader=1 trust=1.00 susp=0.00 cov=24.0%/81.8%
[R3] pos=(1844,158) state=follower leader=1 trust=1.00 susp=0.00 cov=26.0%/90.1%
[R3] pos=(1812,1178) state=follower leader=1 trust=1.00 susp=0.00 cov=30.2%/93.8%
[R3] pos=(1804,1425) state=follower leader=1 trust=1.00 susp=0.00 cov=32.8%/100.0%
[R3] pos=(1812,1420) state=follower leader=1 trust=1.00 susp=0.00 cov=32.8%/100.0%
[R3] pos=(1812,1420) state=follower leader=1 trust=1.00 susp=0.00 cov=32.8%/100.0%
[R3] pos=(1812,1420) state=follower leader=1 trust=1.00 susp=0.00 cov=32.8%/100.0%
[TRUST] Bad command #1 (peer_reported): suspicion +0.30 = 0.30
[R3] pos=(1812,1420) state=follower leader=1 trust=1.00 susp=0.30 cov=32.8%/100.0%
[TRUST] Bad command #2 (peer_reported): suspicion +0.30 = 0.60
[TRUST] Bad command #3 (peer_reported): suspicion +0.30 = 0.90
[TRUST] Bad command #4 (peer_reported): suspicion +0.30 = 1.20
[TRUST] Bad command #5 (peer_reported): suspicion +0.30 = 1.50
[DETECT] First trust decay after 5 bad commands (0.83s) [Theoretical bound: T1=2, T3=8]
[TRUST] Trust decayed: trust=0.80, remaining suspicion=0.00
[TRUST] Bad command #6 (peer_reported): suspicion +0.30 = 0.30
[TRUST] Bad command #7 (peer_reported): suspicion +0.30 = 0.60
[TRUST] Bad command #8 (peer_reported): suspicion +0.30 = 0.90
[TRUST] Bad command #9 (personal_visited): suspicion +1.00 = 1.90
[TRUST] Trust decayed: trust=0.60, remaining suspicion=0.40
[TRUST] Bad command #10 (personal_visited): suspicion +1.00 = 1.40
[R3] pos=(1070,1120) state=follower leader=1 trust=0.60 susp=1.40 cov=36.5%/100.0%
[TRUST] Bad command #11 (personal_visited): suspicion +1.00 = 2.40
[TRUST] Trust decayed: trust=0.40, remaining suspicion=0.90
[TRUST] Bad command #12 (peer_reported): suspicion +0.30 = 1.20
[TRUST] Bad command #13 (peer_reported): suspicion +0.30 = 1.50
[TRUST] Trust decayed: trust=0.20, remaining suspicion=0.00
[TRUST] Bad command #14 (peer_reported): suspicion +0.30 = 0.30
[TRUST] Bad command #15 (peer_reported): suspicion +0.30 = 0.60
[TRUST] Bad command #16 (personal_visited): suspicion +1.00 = 1.60
[TRUST] Trust decayed: trust=0.10, remaining suspicion=0.10
[TRUST] Bad command #17 (peer_reported): suspicion +0.30 = 0.40
[TRUST] Bad command #18 (personal_visited): suspicion +1.00 = 1.40
[TRUST] Bad command #19 (peer_reported): suspicion +0.30 = 1.70
[TRUST] Trust decayed: trust=0.10, remaining suspicion=0.20
[TRUST] Bad command #20 (peer_reported): suspicion +0.30 = 0.50
[DETECT] IMPEACHMENT after 20 bad commands, 4.07s from first bad command [Bound: T1=8 cmds, T3=32 cmds]
[IMPEACH] Trust too low (0.10), excluding leader 1 from candidates
[ELECTION] Leader 1 impeached (failures=1)
[ELECTION] New leader: 2
[R3] pos=(1799,1186) state=follower leader=2 trust=1.00 susp=0.00 cov=38.0%/100.0%
[R3] pos=(953,793) state=follower leader=2 trust=1.00 susp=0.00 cov=41.1%/100.0%
[R3] pos=(198,442) state=follower leader=2 trust=1.00 susp=0.00 cov=42.7%/100.0%
[R3] pos=(198,442) state=follower leader=2 trust=1.00 susp=0.00 cov=42.7%/100.0%
[R3] pos=(198,442) state=follower leader=2 trust=1.00 susp=0.00 cov=42.7%/100.0%
[R3] pos=(198,442) state=follower leader=2 trust=1.00 susp=0.00 cov=42.7%/100.0%
[R3] pos=(198,442) state=follower leader=2 trust=1.00 susp=0.00 cov=42.7%/100.0%
[R3] pos=(198,442) state=follower leader=2 trust=1.00 susp=0.00 cov=42.7%/100.0%
[R3] pos=(198,442) state=follower leader=2 trust=1.00 susp=0.00 cov=42.7%/100.0%
[R3] pos=(198,442) state=follower leader=2 trust=1.00 susp=0.00 cov=42.7%/100.0%
[R3] pos=(198,442) state=follower leader=2 trust=1.00 susp=0.00 cov=42.7%/100.0%
[R3] pos=(198,442) state=follower leader=2 trust=1.00 susp=0.00 cov=42.7%/100.0%
[R3] pos=(198,442) state=follower leader=2 trust=1.00 susp=0.00 cov=42.7%/100.0%
[R3] pos=(198,442) state=follower leader=2 trust=1.00 susp=0.00 cov=42.7%/100.0%
[R3] pos=(198,442) state=follower leader=2 trust=1.00 susp=0.00 cov=42.7%/100.0%
[R3] pos=(198,442) state=follower leader=2 trust=1.00 susp=0.00 cov=42.7%/100.0%
[R3] pos=(198,442) state=follower leader=2 trust=1.00 susp=0.00 cov=42.7%/100.0%
[R3] pos=(198,442) state=follower leader=2 trust=1.00 susp=0.00 cov=42.7%/100.0%
[R3] pos=(198,442) state=follower leader=2 trust=1.00 susp=0.00 cov=42.7%/100.0%
[R3] pos=(198,442) state=follower leader=2 trust=1.00 susp=0.00 cov=42.7%/100.0%
[R3] pos=(198,442) state=follower leader=2 trust=1.00 susp=0.00 cov=42.7%/100.0%
[R3] pos=(198,442) state=follower leader=2 trust=1.00 susp=0.00 cov=42.7%/100.0%
[R3] pos=(198,442) state=follower leader=2 trust=1.00 susp=0.00 cov=42.7%/100.0%
[R3] pos=(198,442) state=follower leader=2 trust=1.00 susp=0.00 cov=42.7%/100.0%
[R3] pos=(198,442) state=follower leader=2 trust=1.00 susp=0.00 cov=42.7%/100.0%
[R3] pos=(198,442) state=follower leader=2 trust=1.00 susp=0.00 cov=42.7%/100.0%
[R3] pos=(198,442) state=follower leader=2 trust=1.00 susp=0.00 cov=42.7%/100.0%
[R3] pos=(198,442) state=follower leader=2 trust=1.00 susp=0.00 cov=42.7%/100.0%
[R3] pos=(198,442) state=follower leader=2 trust=1.00 susp=0.00 cov=42.7%/100.0%
[R3] pos=(198,442) state=follower leader=2 trust=1.00 susp=0.00 cov=42.7%/100.0%
[R3] pos=(198,442) state=follower leader=2 trust=1.00 susp=0.00 cov=42.7%/100.0%
[R3] pos=(198,442) state=follower leader=2 trust=1.00 susp=0.00 cov=42.7%/100.0%
[R3] pos=(198,442) state=follower leader=2 trust=1.00 susp=0.00 cov=42.7%/100.0%
[R3] pos=(198,442) state=follower leader=2 trust=1.00 susp=0.00 cov=42.7%/100.0%
[R3] pos=(198,442) state=follower leader=2 trust=1.00 susp=0.00 cov=42.7%/100.0%
[R3] pos=(198,442) state=follower leader=2 trust=1.00 susp=0.00 cov=42.7%/100.0%
[R3] pos=(198,442) state=follower leader=2 trust=1.00 susp=0.00 cov=42.7%/100.0%
[R3] pos=(198,442) state=follower leader=2 trust=1.00 susp=0.00 cov=42.7%/100.0%
[R3] pos=(198,442) state=follower leader=2 trust=1.00 susp=0.00 cov=42.7%/100.0%
[R3] pos=(198,442) state=follower leader=2 trust=1.00 susp=0.00 cov=42.7%/100.0%
[R3] pos=(198,442) state=follower leader=2 trust=1.00 susp=0.00 cov=42.7%/100.0%
[R3] pos=(198,442) state=follower leader=2 trust=1.00 susp=0.00 cov=42.7%/100.0%
[R3] pos=(198,442) state=follower leader=2 trust=1.00 susp=0.00 cov=42.7%/100.0%
[R3] pos=(198,442) state=follower leader=2 trust=1.00 susp=0.00 cov=42.7%/100.0%
[R3] pos=(198,442) state=follower leader=2 trust=1.00 susp=0.00 cov=42.7%/100.0%
[R3] pos=(198,442) state=follower leader=2 trust=1.00 susp=0.00 cov=42.7%/100.0%
[R3] pos=(198,442) state=follower leader=2 trust=1.00 susp=0.00 cov=42.7%/100.0%
[R3] pos=(198,442) state=follower leader=2 trust=1.00 susp=0.00 cov=42.7%/100.0%
[R3] pos=(198,442) state=follower leader=2 trust=1.00 susp=0.00 cov=42.7%/100.0%
[R3] pos=(198,442) state=follower leader=2 trust=1.00 susp=0.00 cov=42.7%/100.0%
[R3] pos=(198,442) state=follower leader=2 trust=1.00 susp=0.00 cov=42.7%/100.0%
[R3] pos=(198,442) state=follower leader=2 trust=1.00 susp=0.00 cov=42.7%/100.0%
[R3] pos=(198,442) state=follower leader=2 trust=1.00 susp=0.00 cov=42.7%/100.0%
[R3] pos=(198,442) state=follower leader=2 trust=1.00 susp=0.00 cov=42.7%/100.0%
[R3] pos=(198,442) state=follower leader=2 trust=1.00 susp=0.00 cov=42.7%/100.0%
[R3] pos=(198,442) state=follower leader=2 trust=1.00 susp=0.00 cov=42.7%/100.0%
[R3] pos=(198,442) state=follower leader=2 trust=1.00 susp=0.00 cov=42.7%/100.0%
[R3] pos=(198,442) state=follower leader=2 trust=1.00 susp=0.00 cov=42.7%/100.0%
[R3] pos=(198,442) state=follower leader=2 trust=1.00 susp=0.00 cov=42.7%/100.0%
