[WARN] Hardware modules not available - simulation mode
=== RAFT Baseline - Robot 2 [SIM] ===
NO TRUST. Heartbeat timeout only.

  Logging to: logs/raft_2_20260226_084136.jsonl
Initializing hardware...
  Hardware: SIMULATED
[INFO] Position socket listening on port 5102
[INFO] Peer socket listening on port 5202
[INFO] Fault socket listening on port 5302
Ready!

Running RAFT baseline... Press Ctrl+C to stop

[R2] state=follower leader=None term=0 cov=0.0%/0.0%
[R2] state=follower leader=4 term=1 cov=0.5%/0.5%
[R2] state=follower leader=4 term=1 cov=2.6%/13.0%
[R2] state=follower leader=4 term=1 cov=5.2%/26.0%
[R2] state=follower leader=4 term=1 cov=7.8%/36.5%
[R2] state=follower leader=4 term=1 cov=9.9%/43.8%
[R2] state=follower leader=4 term=1 cov=12.5%/52.1%
[R2] state=follower leader=4 term=1 cov=14.1%/61.5%
[R2] state=follower leader=4 term=1 cov=16.7%/70.8%
[R2] state=follower leader=4 term=1 cov=19.3%/82.8%
[R2] state=follower leader=4 term=1 cov=21.9%/93.8%
[R2] state=follower leader=4 term=1 cov=23.4%/97.4%
[R2] state=follower leader=4 term=1 cov=25.0%/100.0%
[R2] state=follower leader=4 term=1 cov=25.0%/100.0%
[R2] state=follower leader=4 term=1 cov=25.0%/100.0%
[R2] state=follower leader=4 term=1 cov=25.0%/100.0%
[R2] state=follower leader=4 term=1 cov=25.0%/100.0%
[R2] state=follower leader=4 term=1 cov=25.0%/100.0%
[R2] state=follower leader=4 term=1 cov=25.0%/100.0%
[R2] state=follower leader=4 term=1 cov=25.0%/100.0%
[R2] state=follower leader=4 term=1 cov=25.0%/100.0%
[R2] state=follower leader=4 term=1 cov=25.0%/100.0%
[R2] state=follower leader=4 term=1 cov=25.0%/100.0%
[R2] state=follower leader=4 term=1 cov=25.0%/100.0%
[R2] state=follower leader=4 term=1 cov=25.0%/100.0%
[R2] state=follower leader=4 term=1 cov=25.0%/100.0%
[R2] state=follower leader=4 term=1 cov=25.0%/100.0%
[R2] state=follower leader=4 term=1 cov=25.0%/100.0%
[R2] state=follower leader=4 term=1 cov=25.0%/100.0%
[R2] state=follower leader=4 term=1 cov=25.0%/100.0%
[R2] state=follower leader=4 term=1 cov=25.0%/100.0%
[R2] state=follower leader=4 term=1 cov=25.0%/100.0%
[R2] state=follower leader=4 term=1 cov=25.0%/100.0%
[R2] state=follower leader=4 term=1 cov=25.0%/100.0%
[R2] state=follower leader=4 term=1 cov=25.0%/100.0%
[R2] state=follower leader=4 term=1 cov=25.0%/100.0%
[R2] state=follower leader=4 term=1 cov=25.0%/100.0%
[R2] state=follower leader=4 term=1 cov=25.0%/100.0%
[R2] state=follower leader=4 term=1 cov=25.0%/100.0%
[R2] state=follower leader=4 term=1 cov=25.0%/100.0%
[R2] state=follower leader=4 term=1 cov=25.0%/100.0%
[R2] state=follower leader=4 term=1 cov=25.0%/100.0%
[R2] state=follower leader=4 term=1 cov=25.0%/100.0%
[R2] state=follower leader=4 term=1 cov=25.0%/100.0%
[R2] state=follower leader=4 term=1 cov=25.0%/100.0%
[R2] state=follower leader=4 term=1 cov=25.0%/100.0%
[R2] state=follower leader=4 term=1 cov=25.0%/100.0%
[R2] state=follower leader=4 term=1 cov=25.0%/100.0%
[R2] state=follower leader=4 term=1 cov=25.0%/100.0%
[R2] state=follower leader=4 term=1 cov=25.0%/100.0%
[R2] state=follower leader=4 term=1 cov=25.0%/100.0%
[R2] state=follower leader=4 term=1 cov=25.0%/100.0%
[R2] state=follower leader=4 term=1 cov=25.0%/100.0%
[R2] state=follower leader=4 term=1 cov=25.0%/100.0%
[R2] state=follower leader=4 term=1 cov=25.0%/100.0%
[R2] state=follower leader=4 term=1 cov=25.0%/100.0%
[R2] state=follower leader=4 term=1 cov=25.0%/100.0%
[R2] state=follower leader=4 term=1 cov=25.0%/100.0%
[R2] state=follower leader=4 term=1 cov=25.0%/100.0%
[R2] state=follower leader=4 term=1 cov=25.0%/100.0%
[R2] state=follower leader=4 term=1 cov=25.0%/100.0%
