[WARN] Hardware modules not available - simulation mode
=== RAFT Baseline - Robot 2 [SIM] ===
NO TRUST. Heartbeat timeout only.

  Logging to: logs/raft_2_20260226_203841.jsonl
Initializing hardware...
  Hardware: SIMULATED
[INFO] Position socket listening on port 19102
[INFO] Peer socket listening on port 19202
[INFO] Fault socket listening on port 19302
Ready!

Running RAFT baseline... Press Ctrl+C to stop

[R2] state=follower leader=None term=0 cov=0.0%/0.0%
[R2] state=follower leader=3 term=1 cov=0.5%/0.5%
[R2] state=follower leader=3 term=1 cov=2.6%/12.5%
[R2] state=follower leader=3 term=1 cov=3.6%/18.8%
[R2] state=follower leader=3 term=1 cov=5.2%/29.7%
[R2] state=follower leader=3 term=1 cov=5.7%/41.1%
[R2] state=follower leader=3 term=1 cov=7.3%/48.4%
[R2] state=follower leader=3 term=1 cov=8.9%/52.6%
[R2] state=follower leader=3 term=1 cov=9.4%/55.2%
[R2] state=follower leader=3 term=1 cov=9.4%/58.3%
[R2] state=follower leader=3 term=1 cov=9.4%/60.9%
[R2] state=follower leader=3 term=1 cov=9.9%/64.1%
[R2] state=follower leader=3 term=1 cov=9.9%/67.7%
[R2] state=follower leader=3 term=1 cov=9.9%/72.4%
[R2] state=follower leader=3 term=1 cov=9.9%/78.1%
[R2] state=follower leader=3 term=1 cov=9.9%/82.3%
[R2] state=follower leader=3 term=1 cov=11.5%/85.9%
[R2] state=follower leader=3 term=1 cov=11.5%/89.6%
[R2] state=follower leader=3 term=1 cov=11.5%/90.1%
[R2] state=follower leader=3 term=1 cov=11.5%/90.1%
[R2] state=follower leader=3 term=1 cov=11.5%/90.1%
[R2] state=follower leader=3 term=1 cov=12.0%/90.1%
[R2] state=follower leader=3 term=1 cov=12.0%/90.1%
[R2] state=follower leader=3 term=1 cov=12.0%/90.1%
[R2] state=follower leader=3 term=1 cov=12.0%/90.1%
[R2] state=follower leader=3 term=1 cov=12.0%/90.1%
[R2] state=follower leader=3 term=1 cov=12.0%/90.1%
[R2] state=follower leader=3 term=1 cov=12.0%/90.1%
[R2] state=follower leader=3 term=1 cov=12.0%/90.1%
[R2] state=follower leader=3 term=1 cov=12.0%/90.1%
[R2] state=follower leader=3 term=1 cov=12.0%/90.1%
[R2] state=follower leader=3 term=1 cov=12.0%/90.1%
[R2] state=follower leader=3 term=1 cov=12.0%/90.1%
[R2] state=follower leader=3 term=1 cov=12.0%/90.1%
[R2] state=follower leader=3 term=1 cov=12.0%/90.1%
[R2] state=follower leader=3 term=1 cov=12.0%/90.1%
[R2] state=follower leader=3 term=1 cov=12.0%/90.1%
[R2] state=follower leader=3 term=1 cov=12.0%/90.1%
[R2] state=follower leader=3 term=1 cov=12.0%/90.1%
[R2] state=follower leader=3 term=1 cov=12.0%/90.1%
[R2] state=follower leader=3 term=1 cov=12.0%/90.1%
[R2] state=follower leader=3 term=1 cov=12.0%/90.1%
[R2] state=follower leader=3 term=1 cov=12.0%/90.1%
[R2] state=follower leader=3 term=1 cov=12.0%/90.1%
[R2] state=follower leader=3 term=1 cov=12.0%/90.1%
[R2] state=follower leader=3 term=1 cov=12.0%/90.1%
[R2] state=follower leader=3 term=1 cov=12.0%/90.1%
[R2] state=follower leader=3 term=1 cov=12.0%/90.1%
[R2] state=follower leader=3 term=1 cov=12.0%/90.1%
[R2] state=follower leader=3 term=1 cov=12.0%/90.1%
[R2] state=follower leader=3 term=1 cov=12.0%/90.1%
[R2] state=follower leader=3 term=1 cov=12.0%/90.1%
[R2] state=follower leader=3 term=1 cov=12.0%/90.1%
[R2] state=follower leader=3 term=1 cov=12.0%/90.1%
[R2] state=follower leader=3 term=1 cov=12.0%/90.1%
[R2] state=follower leader=3 term=1 cov=12.0%/90.1%
[R2] state=follower leader=3 term=1 cov=12.0%/90.1%
[R2] state=follower leader=3 term=1 cov=12.0%/90.1%
[R2] state=follower leader=3 term=1 cov=12.0%/90.1%
[R2] state=follower leader=3 term=1 cov=12.0%/90.1%
[R2] state=follower leader=3 term=1 cov=12.0%/90.1%
