[WARN] Hardware modules not available - simulation mode
=== RAFT Baseline - Robot 4 [SIM] ===
NO TRUST. Heartbeat timeout only.

  Logging to: logs/raft_4_20260226_163017.jsonl
Initializing hardware...
  Hardware: SIMULATED
[INFO] Position socket listening on port 21104
[INFO] Peer socket listening on port 21204
[INFO] Fault socket listening on port 21304
Ready!

Running RAFT baseline... Press Ctrl+C to stop

[R4] state=follower leader=None term=0 cov=0.0%/0.0%
[R4] state=follower leader=1 term=1 cov=0.5%/2.6%
[R4] state=follower leader=1 term=1 cov=0.5%/2.6%
[R4] state=follower leader=1 term=1 cov=0.5%/2.6%
[R4] state=follower leader=1 term=1 cov=0.5%/2.6%
[R4] state=follower leader=1 term=1 cov=0.5%/2.6%
[R4] state=follower leader=1 term=1 cov=0.5%/2.6%
[R4] state=follower leader=1 term=1 cov=0.5%/2.6%
[R4] state=follower leader=1 term=1 cov=0.5%/2.6%
[R4] state=follower leader=1 term=1 cov=0.5%/2.6%
[R4] state=follower leader=1 term=1 cov=1.0%/5.2%
[R4] state=follower leader=1 term=1 cov=1.0%/5.2%
[R4] state=follower leader=1 term=1 cov=1.0%/5.2%
[R4] state=follower leader=1 term=1 cov=1.0%/5.2%
[R4] state=follower leader=1 term=1 cov=1.0%/5.2%
[R4] state=follower leader=1 term=1 cov=1.0%/5.2%
[R4] state=follower leader=1 term=1 cov=1.6%/9.4%
[R4] state=follower leader=1 term=1 cov=3.1%/14.1%
[R4] state=follower leader=1 term=1 cov=4.2%/19.8%
[R4] state=follower leader=1 term=1 cov=4.7%/21.9%
[R4] state=follower leader=1 term=1 cov=5.7%/25.5%
[R4] state=follower leader=1 term=1 cov=6.8%/31.2%
[R4] state=follower leader=1 term=1 cov=7.8%/35.9%
[R4] state=follower leader=1 term=1 cov=9.4%/43.2%
[R4] state=follower leader=1 term=1 cov=10.9%/50.0%
[R4] state=follower leader=1 term=1 cov=11.5%/55.2%
[R4] state=follower leader=1 term=1 cov=13.0%/63.5%
[R4] state=follower leader=1 term=1 cov=14.6%/68.2%
[R4] state=follower leader=1 term=1 cov=16.1%/74.0%
[R4] state=follower leader=1 term=1 cov=18.2%/81.2%
[R4] state=follower leader=1 term=1 cov=19.3%/87.5%
[R4] state=follower leader=1 term=1 cov=21.4%/91.7%
[R4] state=follower leader=1 term=1 cov=22.9%/97.4%
[R4] state=follower leader=1 term=1 cov=24.0%/98.4%
[R4] state=follower leader=1 term=1 cov=24.0%/99.5%
[R4] state=follower leader=1 term=1 cov=24.0%/99.5%
[R4] state=follower leader=1 term=1 cov=24.5%/100.0%
[R4] state=follower leader=1 term=1 cov=24.5%/100.0%
[R4] state=follower leader=1 term=1 cov=24.5%/100.0%
[R4] state=follower leader=1 term=1 cov=24.5%/100.0%
[R4] state=follower leader=1 term=1 cov=24.5%/100.0%
[R4] state=follower leader=1 term=1 cov=24.5%/100.0%
[R4] state=follower leader=1 term=1 cov=24.5%/100.0%
[R4] state=follower leader=1 term=1 cov=24.5%/100.0%
[R4] state=follower leader=1 term=1 cov=24.5%/100.0%
[R4] state=follower leader=1 term=1 cov=24.5%/100.0%
[R4] state=follower leader=1 term=1 cov=24.5%/100.0%
[R4] state=follower leader=1 term=1 cov=24.5%/100.0%
[R4] state=follower leader=1 term=1 cov=24.5%/100.0%
[R4] state=follower leader=1 term=1 cov=24.5%/100.0%
[R4] state=follower leader=1 term=1 cov=24.5%/100.0%
[R4] state=follower leader=1 term=1 cov=24.5%/100.0%
[R4] state=follower leader=1 term=1 cov=24.5%/100.0%
[R4] state=follower leader=1 term=1 cov=24.5%/100.0%
[R4] state=follower leader=1 term=1 cov=24.5%/100.0%
[R4] state=follower leader=1 term=1 cov=24.5%/100.0%
[R4] state=follower leader=1 term=1 cov=24.5%/100.0%
[R4] state=follower leader=1 term=1 cov=24.5%/100.0%
[R4] state=follower leader=1 term=1 cov=24.5%/100.0%
[R4] state=follower leader=1 term=1 cov=24.5%/100.0%
[R4] state=follower leader=1 term=1 cov=24.5%/100.0%
