[WARN] Hardware modules not available - running in simulation mode
=== REIP Node - Robot 3 [SIM (unique ports)] ===
Trust Model: Three-tier confidence-weighted
  Personal: 1.0, ToF: 1.0, Peer: 0.3
  Suspicion threshold: 1.5, Recovery: 0.1

  Logging to: logs/robot_3_20260226_174019.jsonl
Initializing hardware...
  Hardware: SIMULATED
[INFO] Position socket listening on port 8103
[INFO] Peer socket listening on port 8203
[INFO] Fault socket listening on port 8303
Ready!

=== DECENTRALIZED MODE - No leader coordination ===
=== Detection Bounds: T1=2 cmds, T3=8 cmds | Impeachment: T1=8 cmds, T3=32 cmds ===
Running... Press Ctrl+C to stop

[R3] pos=(0,0) state=exploring leader=None trust=1.00 susp=0.00 cov=0.0%/0.0%
[R3] pos=(1790,937) state=exploring leader=None trust=1.00 susp=0.00 cov=0.5%/0.5%
[R3] pos=(1136,937) state=exploring leader=None trust=1.00 susp=0.00 cov=3.1%/17.2%
[R3] pos=(536,812) state=exploring leader=None trust=1.00 susp=0.00 cov=6.2%/30.7%
[R3] pos=(173,1092) state=exploring leader=None trust=1.00 susp=0.00 cov=9.4%/42.2%
[R3] pos=(510,1387) state=exploring leader=None trust=1.00 susp=0.00 cov=14.1%/54.7%
[R3] pos=(814,1065) state=exploring leader=None trust=1.00 susp=0.00 cov=18.2%/63.5%
[R3] pos=(1185,1168) state=exploring leader=None trust=1.00 susp=0.00 cov=21.9%/73.4%
[R3] pos=(1668,1185) state=exploring leader=None trust=1.00 susp=0.00 cov=25.5%/82.3%
[R3] pos=(1804,684) state=exploring leader=None trust=1.00 susp=0.00 cov=29.7%/93.2%
[R3] pos=(1925,216) state=exploring leader=None trust=1.00 susp=0.00 cov=33.3%/100.0%
[R3] pos=(1925,116) state=exploring leader=None trust=1.00 susp=0.00 cov=33.9%/100.0%
[R3] pos=(1925,146) state=exploring leader=None trust=1.00 susp=0.00 cov=33.9%/100.0%
[R3] pos=(1925,135) state=exploring leader=None trust=1.00 susp=0.00 cov=34.4%/100.0%
[R3] pos=(1925,256) state=exploring leader=None trust=1.00 susp=0.00 cov=34.4%/100.0%
[R3] pos=(1925,245) state=exploring leader=None trust=1.00 susp=0.00 cov=34.4%/100.0%
[R3] pos=(1925,232) state=exploring leader=None trust=1.00 susp=0.00 cov=34.4%/100.0%
[R3] pos=(1925,119) state=exploring leader=None trust=1.00 susp=0.00 cov=34.4%/100.0%
[R3] pos=(1925,145) state=exploring leader=None trust=1.00 susp=0.00 cov=34.4%/100.0%
[R3] pos=(1925,252) state=exploring leader=None trust=1.00 susp=0.00 cov=34.4%/100.0%
[R3] pos=(1925,231) state=exploring leader=None trust=1.00 susp=0.00 cov=34.4%/100.0%
[R3] pos=(1925,224) state=exploring leader=None trust=1.00 susp=0.00 cov=34.4%/100.0%
[R3] pos=(1925,128) state=exploring leader=None trust=1.00 susp=0.00 cov=34.4%/100.0%
[R3] pos=(1925,142) state=exploring leader=None trust=1.00 susp=0.00 cov=34.4%/100.0%
[R3] pos=(1925,118) state=exploring leader=None trust=1.00 susp=0.00 cov=34.4%/100.0%
[R3] pos=(1925,217) state=exploring leader=None trust=1.00 susp=0.00 cov=34.4%/100.0%
[R3] pos=(1925,110) state=exploring leader=None trust=1.00 susp=0.00 cov=34.4%/100.0%
[R3] pos=(1925,113) state=exploring leader=None trust=1.00 susp=0.00 cov=34.4%/100.0%
[R3] pos=(1925,225) state=exploring leader=None trust=1.00 susp=0.00 cov=34.4%/100.0%
[R3] pos=(1925,235) state=exploring leader=None trust=1.00 susp=0.00 cov=34.4%/100.0%
[R3] pos=(1925,235) state=exploring leader=None trust=1.00 susp=0.00 cov=34.4%/100.0%
[R3] pos=(1925,241) state=exploring leader=None trust=1.00 susp=0.00 cov=34.4%/100.0%
[R3] pos=(1925,239) state=exploring leader=None trust=1.00 susp=0.00 cov=34.4%/100.0%
[R3] pos=(1925,136) state=exploring leader=None trust=1.00 susp=0.00 cov=34.4%/100.0%
[R3] pos=(1925,118) state=exploring leader=None trust=1.00 susp=0.00 cov=34.4%/100.0%
[R3] pos=(1925,235) state=exploring leader=None trust=1.00 susp=0.00 cov=34.4%/100.0%
[R3] pos=(1925,230) state=exploring leader=None trust=1.00 susp=0.00 cov=34.4%/100.0%
[R3] pos=(1925,246) state=exploring leader=None trust=1.00 susp=0.00 cov=34.4%/100.0%
[R3] pos=(1925,158) state=exploring leader=None trust=1.00 susp=0.00 cov=34.4%/100.0%
[R3] pos=(1925,136) state=exploring leader=None trust=1.00 susp=0.00 cov=34.4%/100.0%
[R3] pos=(1925,118) state=exploring leader=None trust=1.00 susp=0.00 cov=34.4%/100.0%
[R3] pos=(1925,222) state=exploring leader=None trust=1.00 susp=0.00 cov=34.4%/100.0%
[R3] pos=(1925,247) state=exploring leader=None trust=1.00 susp=0.00 cov=34.4%/100.0%
[R3] pos=(1925,234) state=exploring leader=None trust=1.00 susp=0.00 cov=34.4%/100.0%
[R3] pos=(1925,154) state=exploring leader=None trust=1.00 susp=0.00 cov=34.4%/100.0%
[R3] pos=(1925,141) state=exploring leader=None trust=1.00 susp=0.00 cov=34.4%/100.0%
[R3] pos=(1925,248) state=exploring leader=None trust=1.00 susp=0.00 cov=34.4%/100.0%
[R3] pos=(1925,229) state=exploring leader=None trust=1.00 susp=0.00 cov=34.4%/100.0%
[R3] pos=(1925,234) state=exploring leader=None trust=1.00 susp=0.00 cov=34.4%/100.0%
[R3] pos=(1925,153) state=exploring leader=None trust=1.00 susp=0.00 cov=34.4%/100.0%
[R3] pos=(1925,148) state=exploring leader=None trust=1.00 susp=0.00 cov=34.4%/100.0%
[R3] pos=(1925,258) state=exploring leader=None trust=1.00 susp=0.00 cov=34.4%/100.0%
[R3] pos=(1925,243) state=exploring leader=None trust=1.00 susp=0.00 cov=34.4%/100.0%
[R3] pos=(1925,257) state=exploring leader=None trust=1.00 susp=0.00 cov=34.4%/100.0%
[R3] pos=(1925,131) state=exploring leader=None trust=1.00 susp=0.00 cov=34.4%/100.0%
[R3] pos=(1925,156) state=exploring leader=None trust=1.00 susp=0.00 cov=34.4%/100.0%
[R3] pos=(1925,134) state=exploring leader=None trust=1.00 susp=0.00 cov=34.4%/100.0%
[R3] pos=(1925,116) state=exploring leader=None trust=1.00 susp=0.00 cov=34.4%/100.0%
[R3] pos=(1925,126) state=exploring leader=None trust=1.00 susp=0.00 cov=34.4%/100.0%
[R3] pos=(1925,217) state=exploring leader=None trust=1.00 susp=0.00 cov=34.4%/100.0%
[R3] pos=(1925,218) state=exploring leader=None trust=1.00 susp=0.00 cov=34.4%/100.0%
