[WARN] Hardware modules not available - running in simulation mode
=== REIP Node - Robot 1 [SIM (unique ports)] ===
Trust Model: Three-tier confidence-weighted
  Personal: 1.0, ToF: 1.0, Peer: 0.3
  Suspicion threshold: 1.5, Recovery: 0.1

  Logging to: logs/robot_1_20260226_203638.jsonl
Initializing hardware...
  Hardware: SIMULATED
[INFO] Position socket listening on port 19101
[INFO] Peer socket listening on port 19201
[INFO] Fault socket listening on port 19301
Ready!

=== Detection Bounds: T1=2 cmds, T3=8 cmds | Impeachment: T1=8 cmds, T3=32 cmds ===
Running... Press Ctrl+C to stop

[ELECTION] New leader: 1
[R1] pos=(0,0) state=leader leader=1 trust=1.00 susp=0.00 cov=0.0%/0.0%
[R1] pos=(313,1090) state=leader leader=1 trust=1.00 susp=0.00 cov=0.5%/0.5%
[R1] pos=(196,1030) state=leader leader=1 trust=1.00 susp=0.00 cov=2.1%/14.1%
[R1] pos=(185,1412) state=leader leader=1 trust=1.00 susp=0.00 cov=4.7%/24.0%
[R1] pos=(579,1041) state=leader leader=1 trust=1.00 susp=0.00 cov=7.3%/31.8%
[R1] pos=(795,564) state=leader leader=1 trust=1.00 susp=0.00 cov=10.9%/41.1%
[R1] pos=(918,435) state=leader leader=1 trust=1.00 susp=0.00 cov=13.0%/49.0%
[R1] pos=(918,473) state=leader leader=1 trust=1.00 susp=0.00 cov=13.0%/53.6%
[R1] pos=(918,523) state=leader leader=1 trust=1.00 susp=0.00 cov=13.0%/56.2%
[R1] pos=(918,531) state=leader leader=1 trust=1.00 susp=0.00 cov=13.0%/58.9%
[R1] pos=(918,531) state=leader leader=1 trust=1.00 susp=0.00 cov=13.0%/60.9%
[R1] pos=(918,476) state=leader leader=1 trust=1.00 susp=0.00 cov=13.0%/63.0%
[R1] pos=(918,477) state=leader leader=1 trust=1.00 susp=0.00 cov=13.0%/63.5%
[R1] pos=(918,524) state=leader leader=1 trust=1.00 susp=0.00 cov=13.0%/67.2%
[R1] pos=(918,528) state=leader leader=1 trust=1.00 susp=0.00 cov=13.0%/69.8%
[R1] pos=(918,523) state=leader leader=1 trust=1.00 susp=0.00 cov=13.0%/71.4%
[R1] pos=(918,439) state=leader leader=1 trust=1.00 susp=0.00 cov=13.0%/71.4%
[R1] pos=(918,439) state=leader leader=1 trust=1.00 susp=0.00 cov=13.0%/71.4%
[R1] pos=(918,439) state=leader leader=1 trust=1.00 susp=0.00 cov=13.0%/71.4%
[R1] pos=(918,439) state=leader leader=1 trust=1.00 susp=0.00 cov=13.0%/71.4%
[R1] pos=(918,439) state=leader leader=1 trust=1.00 susp=0.00 cov=13.0%/71.4%
[R1] pos=(918,439) state=leader leader=1 trust=1.00 susp=0.00 cov=13.0%/71.4%
[R1] pos=(918,439) state=leader leader=1 trust=1.00 susp=0.00 cov=13.0%/71.4%
[R1] pos=(918,439) state=leader leader=1 trust=1.00 susp=0.00 cov=13.0%/71.4%
[R1] pos=(918,439) state=leader leader=1 trust=1.00 susp=0.00 cov=13.0%/71.4%
[R1] pos=(918,439) state=leader leader=1 trust=1.00 susp=0.00 cov=13.0%/71.4%
[R1] pos=(918,439) state=leader leader=1 trust=1.00 susp=0.00 cov=13.0%/71.4%
[R1] pos=(918,439) state=leader leader=1 trust=1.00 susp=0.00 cov=13.0%/71.4%
[R1] pos=(918,439) state=leader leader=1 trust=1.00 susp=0.00 cov=13.0%/71.4%
[R1] pos=(918,439) state=leader leader=1 trust=1.00 susp=0.00 cov=13.0%/71.4%
[R1] pos=(918,439) state=leader leader=1 trust=1.00 susp=0.00 cov=13.0%/71.4%
[R1] pos=(918,439) state=leader leader=1 trust=1.00 susp=0.00 cov=13.0%/71.4%
[R1] pos=(918,439) state=leader leader=1 trust=1.00 susp=0.00 cov=13.0%/71.4%
[R1] pos=(918,439) state=leader leader=1 trust=1.00 susp=0.00 cov=13.0%/71.4%
[R1] pos=(918,439) state=leader leader=1 trust=1.00 susp=0.00 cov=13.0%/71.4%
[R1] pos=(918,439) state=leader leader=1 trust=1.00 susp=0.00 cov=13.0%/71.4%
[R1] pos=(918,439) state=leader leader=1 trust=1.00 susp=0.00 cov=13.0%/71.4%
[R1] pos=(918,439) state=leader leader=1 trust=1.00 susp=0.00 cov=13.0%/71.4%
[R1] pos=(918,439) state=leader leader=1 trust=1.00 susp=0.00 cov=13.0%/71.4%
[R1] pos=(918,439) state=leader leader=1 trust=1.00 susp=0.00 cov=13.0%/71.4%
[R1] pos=(918,313) state=leader leader=1 trust=1.00 susp=0.00 cov=13.5%/72.4%
[R1] pos=(918,320) state=leader leader=1 trust=1.00 susp=0.00 cov=13.5%/73.4%
[R1] pos=(918,378) state=leader leader=1 trust=1.00 susp=0.00 cov=13.5%/76.0%
[R1] pos=(918,388) state=leader leader=1 trust=1.00 susp=0.00 cov=13.5%/78.6%
[R1] pos=(918,341) state=leader leader=1 trust=1.00 susp=0.00 cov=13.5%/79.7%
[R1] pos=(918,320) state=leader leader=1 trust=1.00 susp=0.00 cov=13.5%/81.8%
[R1] pos=(918,320) state=leader leader=1 trust=1.00 susp=0.00 cov=13.5%/82.3%
[R1] pos=(918,389) state=leader leader=1 trust=1.00 susp=0.00 cov=13.5%/83.9%
[R1] pos=(917,273) state=leader leader=1 trust=1.00 susp=0.00 cov=14.1%/86.5%
[R1] pos=(917,205) state=leader leader=1 trust=1.00 susp=0.00 cov=14.1%/89.1%
[R1] pos=(917,260) state=leader leader=1 trust=1.00 susp=0.00 cov=14.1%/91.7%
[R1] pos=(917,382) state=leader leader=1 trust=1.00 susp=0.00 cov=14.1%/95.3%
[R1] pos=(917,432) state=leader leader=1 trust=1.00 susp=0.00 cov=14.1%/98.4%
[R1] pos=(917,358) state=leader leader=1 trust=1.00 susp=0.00 cov=14.1%/99.5%
[R1] pos=(917,330) state=leader leader=1 trust=1.00 susp=0.00 cov=14.1%/99.5%
[R1] pos=(917,318) state=leader leader=1 trust=1.00 susp=0.00 cov=14.1%/100.0%
[R1] pos=(916,248) state=leader leader=1 trust=1.00 susp=0.00 cov=14.1%/100.0%
[R1] pos=(916,291) state=leader leader=1 trust=1.00 susp=0.00 cov=14.1%/100.0%
[R1] pos=(916,305) state=leader leader=1 trust=1.00 susp=0.00 cov=14.1%/100.0%
[R1] pos=(916,375) state=leader leader=1 trust=1.00 susp=0.00 cov=14.1%/100.0%
[R1] pos=(916,334) state=leader leader=1 trust=1.00 susp=0.00 cov=14.1%/100.0%
