[WARN] Hardware modules not available - simulation mode
=== RAFT Baseline - Robot 5 [SIM] ===
NO TRUST. Heartbeat timeout only.

  Logging to: logs/raft_5_20260226_182231.jsonl
Initializing hardware...
  Hardware: SIMULATED
[INFO] Position socket listening on port 12105
[INFO] Peer socket listening on port 12205
[INFO] Fault socket listening on port 12305
Ready!

Running RAFT baseline... Press Ctrl+C to stop

[R5] state=follower leader=None term=0 cov=0.0%/0.0%
[R5] state=follower leader=2 term=1 cov=0.5%/1.0%
[R5] state=follower leader=2 term=1 cov=2.1%/9.9%
[R5] state=follower leader=2 term=1 cov=5.2%/24.5%
[R5] state=follower leader=2 term=1 cov=7.8%/36.5%
[R5] state=follower leader=2 term=1 cov=10.4%/47.4%
[R5] state=follower leader=2 term=1 cov=12.0%/58.9%
[R5] state=follower leader=2 term=1 cov=15.1%/67.2%
[R5] state=follower leader=2 term=1 cov=18.2%/74.5%
[R5] state=follower leader=2 term=1 cov=21.4%/79.2%
[R5] state=follower leader=2 term=1 cov=25.0%/83.9%
[R5] state=follower leader=2 term=1 cov=27.6%/94.3%
[R5] state=follower leader=2 term=1 cov=30.7%/100.0%
[R5] state=follower leader=2 term=1 cov=30.7%/100.0%
[R5] state=follower leader=2 term=1 cov=30.7%/100.0%
[R5] state=follower leader=2 term=1 cov=30.7%/100.0%
[R5] state=follower leader=2 term=1 cov=30.7%/100.0%
[R5] state=follower leader=2 term=1 cov=30.7%/100.0%
[R5] state=follower leader=2 term=1 cov=30.7%/100.0%
[R5] state=follower leader=2 term=1 cov=30.7%/100.0%
[R5] state=follower leader=2 term=1 cov=30.7%/100.0%
[R5] state=follower leader=2 term=1 cov=30.7%/100.0%
[R5] state=follower leader=2 term=1 cov=30.7%/100.0%
[R5] state=follower leader=2 term=1 cov=30.7%/100.0%
[R5] state=follower leader=2 term=1 cov=30.7%/100.0%
[R5] state=follower leader=2 term=1 cov=30.7%/100.0%
[R5] state=follower leader=2 term=1 cov=30.7%/100.0%
[R5] state=follower leader=2 term=1 cov=30.7%/100.0%
[R5] state=follower leader=2 term=1 cov=30.7%/100.0%
[R5] state=follower leader=2 term=1 cov=30.7%/100.0%
[R5] state=follower leader=2 term=1 cov=30.7%/100.0%
[R5] state=follower leader=2 term=1 cov=30.7%/100.0%
[R5] state=follower leader=2 term=1 cov=30.7%/100.0%
[R5] state=follower leader=2 term=1 cov=30.7%/100.0%
[R5] state=follower leader=2 term=1 cov=30.7%/100.0%
[R5] state=follower leader=2 term=1 cov=30.7%/100.0%
[R5] state=follower leader=2 term=1 cov=30.7%/100.0%
[R5] state=follower leader=2 term=1 cov=30.7%/100.0%
[R5] state=follower leader=2 term=1 cov=30.7%/100.0%
[R5] state=follower leader=2 term=1 cov=30.7%/100.0%
[R5] state=follower leader=2 term=1 cov=30.7%/100.0%
[R5] state=follower leader=2 term=1 cov=30.7%/100.0%
[R5] state=follower leader=2 term=1 cov=30.7%/100.0%
[R5] state=follower leader=2 term=1 cov=30.7%/100.0%
[R5] state=follower leader=2 term=1 cov=30.7%/100.0%
[R5] state=follower leader=2 term=1 cov=30.7%/100.0%
[R5] state=follower leader=2 term=1 cov=30.7%/100.0%
[R5] state=follower leader=2 term=1 cov=30.7%/100.0%
[R5] state=follower leader=2 term=1 cov=30.7%/100.0%
[R5] state=follower leader=2 term=1 cov=30.7%/100.0%
[R5] state=follower leader=2 term=1 cov=30.7%/100.0%
[R5] state=follower leader=2 term=1 cov=30.7%/100.0%
[R5] state=follower leader=2 term=1 cov=30.7%/100.0%
[R5] state=follower leader=2 term=1 cov=30.7%/100.0%
[R5] state=follower leader=2 term=1 cov=30.7%/100.0%
[R5] state=follower leader=2 term=1 cov=30.7%/100.0%
[R5] state=follower leader=2 term=1 cov=30.7%/100.0%
[R5] state=follower leader=2 term=1 cov=30.7%/100.0%
[R5] state=follower leader=2 term=1 cov=30.7%/100.0%
[R5] state=follower leader=2 term=1 cov=30.7%/100.0%
[R5] state=follower leader=2 term=1 cov=30.7%/100.0%
