[WARN] Hardware modules not available - simulation mode
=== RAFT Baseline - Robot 4 [SIM] ===
NO TRUST. Heartbeat timeout only.

  Logging to: logs/raft_4_20260226_002832.jsonl
Initializing hardware...
  Hardware: SIMULATED
[INFO] Position socket listening on port 18104
[INFO] Peer socket listening on port 18204
[INFO] Fault socket listening on port 18304
Ready!

Running RAFT baseline... Press Ctrl+C to stop

[R4] state=follower leader=None term=0 cov=0.0%/0.0%
[R4] state=follower leader=1 term=1 cov=0.5%/0.5%
[R4] state=follower leader=1 term=1 cov=2.1%/7.8%
[R4] state=follower leader=1 term=1 cov=3.1%/13.0%
[R4] state=follower leader=1 term=1 cov=3.6%/15.6%
[R4] state=follower leader=1 term=1 cov=4.7%/20.8%
[R4] state=follower leader=1 term=1 cov=5.7%/25.5%
[R4] state=follower leader=1 term=1 cov=6.2%/28.6%
[R4] state=follower leader=1 term=1 cov=7.3%/33.9%
[R4] state=follower leader=1 term=1 cov=8.3%/39.1%
[R4] state=follower leader=1 term=1 cov=8.3%/41.1%
[R4] state=follower leader=1 term=1 cov=9.4%/45.8%
[R4] state=follower leader=1 term=1 cov=10.4%/49.5%
[R4] state=follower leader=1 term=1 cov=10.9%/54.2%
[R4] state=follower leader=1 term=1 cov=12.0%/58.9%
[R4] state=follower leader=1 term=1 cov=12.5%/63.0%
[R4] state=follower leader=1 term=1 cov=14.6%/66.7%
[R4] state=follower leader=1 term=1 cov=15.6%/70.8%
[R4] state=follower leader=1 term=1 cov=16.1%/75.0%
[R4] state=follower leader=1 term=1 cov=17.2%/76.6%
[R4] state=follower leader=1 term=1 cov=18.2%/79.2%
[R4] state=follower leader=1 term=1 cov=19.8%/80.7%
[R4] state=follower leader=1 term=1 cov=20.3%/81.2%
[R4] state=follower leader=1 term=1 cov=21.4%/84.4%
[R4] state=follower leader=1 term=1 cov=21.9%/87.0%
[R4] state=follower leader=1 term=1 cov=22.9%/89.1%
[R4] state=follower leader=1 term=1 cov=24.0%/90.6%
[R4] state=follower leader=1 term=1 cov=24.5%/92.7%
[R4] state=follower leader=1 term=1 cov=25.5%/96.4%
[R4] state=follower leader=1 term=1 cov=26.6%/98.4%
[R4] state=follower leader=1 term=1 cov=27.6%/99.5%
[R4] state=follower leader=1 term=1 cov=27.6%/100.0%
[R4] state=follower leader=1 term=1 cov=27.6%/100.0%
[R4] state=follower leader=1 term=1 cov=27.6%/100.0%
[R4] state=follower leader=1 term=1 cov=27.6%/100.0%
[R4] state=follower leader=1 term=1 cov=27.6%/100.0%
[R4] state=follower leader=1 term=1 cov=27.6%/100.0%
[R4] state=follower leader=1 term=1 cov=27.6%/100.0%
[R4] state=follower leader=1 term=1 cov=27.6%/100.0%
[R4] state=follower leader=1 term=1 cov=27.6%/100.0%
[R4] state=follower leader=1 term=1 cov=27.6%/100.0%
[R4] state=follower leader=1 term=1 cov=27.6%/100.0%
[R4] state=follower leader=1 term=1 cov=27.6%/100.0%
[R4] state=follower leader=1 term=1 cov=27.6%/100.0%
[R4] state=follower leader=1 term=1 cov=27.6%/100.0%
[R4] state=follower leader=1 term=1 cov=27.6%/100.0%
[R4] state=follower leader=1 term=1 cov=27.6%/100.0%
[R4] state=follower leader=1 term=1 cov=27.6%/100.0%
[R4] state=follower leader=1 term=1 cov=27.6%/100.0%
[R4] state=follower leader=1 term=1 cov=27.6%/100.0%
[R4] state=follower leader=1 term=1 cov=27.6%/100.0%
[R4] state=follower leader=1 term=1 cov=27.6%/100.0%
[R4] state=follower leader=1 term=1 cov=27.6%/100.0%
[R4] state=follower leader=1 term=1 cov=27.6%/100.0%
[R4] state=follower leader=1 term=1 cov=27.6%/100.0%
[R4] state=follower leader=1 term=1 cov=27.6%/100.0%
[R4] state=follower leader=1 term=1 cov=27.6%/100.0%
[R4] state=follower leader=1 term=1 cov=27.6%/100.0%
[R4] state=follower leader=1 term=1 cov=27.6%/100.0%
[R4] state=follower leader=1 term=1 cov=27.6%/100.0%
[R4] state=follower leader=1 term=1 cov=27.6%/100.0%
