[WARN] Hardware modules not available - simulation mode
=== RAFT Baseline - Robot 3 [SIM] ===
NO TRUST. Heartbeat timeout only.

  Logging to: logs/raft_3_20260226_212611.jsonl
Initializing hardware...
  Hardware: SIMULATED
[INFO] Position socket listening on port 8103
[INFO] Peer socket listening on port 8203
[INFO] Fault socket listening on port 8303
Ready!

Running RAFT baseline... Press Ctrl+C to stop

[R3] state=follower leader=None term=0 cov=0.0%/0.0%
[R3] state=follower leader=2 term=1 cov=0.5%/0.5%
[R3] state=follower leader=2 term=1 cov=2.6%/13.0%
[R3] state=follower leader=2 term=1 cov=4.2%/21.9%
[R3] state=follower leader=2 term=1 cov=5.7%/31.2%
[R3] state=follower leader=2 term=1 cov=7.3%/37.5%
[R3] state=follower leader=2 term=1 cov=7.8%/41.1%
[R3] state=follower leader=2 term=1 cov=7.8%/45.8%
[R3] state=follower leader=2 term=1 cov=10.4%/50.0%
[R3] state=follower leader=2 term=1 cov=13.0%/55.2%
[R3] state=follower leader=2 term=1 cov=15.6%/62.5%
[R3] state=follower leader=2 term=1 cov=18.2%/69.8%
[R3] state=follower leader=2 term=1 cov=20.3%/76.0%
[R3] state=follower leader=2 term=1 cov=20.8%/82.8%
[R3] state=follower leader=2 term=1 cov=24.5%/90.6%
[R3] state=follower leader=2 term=1 cov=27.6%/96.9%
[R3] state=follower leader=2 term=1 cov=29.7%/100.0%
[R3] state=follower leader=2 term=1 cov=31.2%/100.0%
[R3] state=follower leader=2 term=1 cov=31.2%/100.0%
[R3] state=follower leader=2 term=1 cov=31.2%/100.0%
[R3] state=follower leader=2 term=1 cov=31.2%/100.0%
[R3] state=follower leader=2 term=1 cov=31.2%/100.0%
[R3] state=follower leader=2 term=1 cov=31.8%/100.0%
[R3] state=follower leader=2 term=1 cov=31.8%/100.0%
[R3] state=follower leader=2 term=1 cov=31.8%/100.0%
[R3] state=follower leader=2 term=1 cov=31.8%/100.0%
[R3] state=follower leader=2 term=1 cov=31.8%/100.0%
[R3] state=follower leader=2 term=1 cov=31.8%/100.0%
[R3] state=follower leader=2 term=1 cov=31.8%/100.0%
[R3] state=follower leader=2 term=1 cov=31.8%/100.0%
[R3] state=follower leader=2 term=1 cov=31.8%/100.0%
[R3] state=follower leader=2 term=1 cov=31.8%/100.0%
[R3] state=follower leader=2 term=1 cov=31.8%/100.0%
[R3] state=follower leader=2 term=1 cov=31.8%/100.0%
[R3] state=follower leader=2 term=1 cov=31.8%/100.0%
[R3] state=follower leader=2 term=1 cov=31.8%/100.0%
[R3] state=follower leader=2 term=1 cov=31.8%/100.0%
[R3] state=follower leader=2 term=1 cov=31.8%/100.0%
[R3] state=follower leader=2 term=1 cov=31.8%/100.0%
[R3] state=follower leader=2 term=1 cov=31.8%/100.0%
[R3] state=follower leader=2 term=1 cov=31.8%/100.0%
[R3] state=follower leader=2 term=1 cov=31.8%/100.0%
[R3] state=follower leader=2 term=1 cov=31.8%/100.0%
[R3] state=follower leader=2 term=1 cov=31.8%/100.0%
[R3] state=follower leader=2 term=1 cov=31.8%/100.0%
[R3] state=follower leader=2 term=1 cov=31.8%/100.0%
[R3] state=follower leader=2 term=1 cov=31.8%/100.0%
[R3] state=follower leader=2 term=1 cov=31.8%/100.0%
[R3] state=follower leader=2 term=1 cov=31.8%/100.0%
[R3] state=follower leader=2 term=1 cov=31.8%/100.0%
[R3] state=follower leader=2 term=1 cov=31.8%/100.0%
[R3] state=follower leader=2 term=1 cov=31.8%/100.0%
[R3] state=follower leader=2 term=1 cov=31.8%/100.0%
[R3] state=follower leader=2 term=1 cov=31.8%/100.0%
[R3] state=follower leader=2 term=1 cov=31.8%/100.0%
[R3] state=follower leader=2 term=1 cov=31.8%/100.0%
[R3] state=follower leader=2 term=1 cov=31.8%/100.0%
[R3] state=follower leader=2 term=1 cov=31.8%/100.0%
[R3] state=follower leader=2 term=1 cov=31.8%/100.0%
[R3] state=follower leader=2 term=1 cov=31.8%/100.0%
[R3] state=follower leader=2 term=1 cov=31.8%/100.0%
