[WARN] Hardware modules not available - running in simulation mode
=== REIP Node - Robot 1 [SIM (unique ports)] ===
Trust Model: Three-tier confidence-weighted
  Personal: 1.0, ToF: 1.0, Peer: 0.3
  Suspicion threshold: 1.5, Recovery: 0.1

  Logging to: logs/robot_1_20260226_080807.jsonl
Initializing hardware...
  Hardware: SIMULATED
[INFO] Position socket listening on port 6101
[INFO] Peer socket listening on port 6201
[INFO] Fault socket listening on port 6301
Ready!

=== Detection Bounds: T1=2 cmds, T3=8 cmds | Impeachment: T1=8 cmds, T3=32 cmds ===
Running... Press Ctrl+C to stop

[ELECTION] New leader: 1
[R1] pos=(0,0) state=leader leader=1 trust=1.00 susp=0.00 cov=0.0%/0.0%
[R1] pos=(1222,544) state=leader leader=1 trust=1.00 susp=0.00 cov=0.5%/0.5%
[R1] pos=(1163,112) state=leader leader=1 trust=1.00 susp=0.00 cov=3.1%/13.5%
[R1] pos=(929,75) state=leader leader=1 trust=1.00 susp=0.00 cov=5.7%/24.0%
[R1] pos=(568,247) state=leader leader=1 trust=1.00 susp=0.00 cov=8.3%/37.0%
[R1] pos=(563,242) state=leader leader=1 trust=1.00 susp=0.00 cov=8.3%/44.3%
[R1] pos=(562,490) state=leader leader=1 trust=1.00 susp=0.00 cov=9.9%/54.2%
[R1] pos=(438,898) state=leader leader=1 trust=1.00 susp=0.00 cov=13.0%/66.7%
[R1] pos=(512,1088) state=leader leader=1 trust=1.00 susp=0.00 cov=15.6%/75.0%
[R1] pos=(315,1415) state=leader leader=1 trust=1.00 susp=0.00 cov=18.8%/86.5%
[R1] pos=(75,1195) state=leader leader=1 trust=1.00 susp=0.00 cov=21.4%/92.7%
[R1] pos=(282,1126) state=leader leader=1 trust=1.00 susp=0.00 cov=24.0%/97.4%
[R1] pos=(1304,1318) state=leader leader=1 trust=1.00 susp=0.00 cov=27.6%/100.0%
[R1] pos=(1925,1425) state=leader leader=1 trust=1.00 susp=0.00 cov=30.7%/100.0%
[R1] pos=(1925,1425) state=leader leader=1 trust=1.00 susp=0.00 cov=30.7%/100.0%
[R1] pos=(1925,1425) state=leader leader=1 trust=1.00 susp=0.00 cov=30.7%/100.0%
[R1] pos=(1925,1425) state=leader leader=1 trust=1.00 susp=0.00 cov=30.7%/100.0%
[FAULT] BAD_LEADER mode activated - will send bad assignments
[BAD_LEADER] Sending 5 robots to EXPLORED cells: [(1687.5, 687.5), (812.5, 312.5), (187.5, 562.5)]...
[BAD_LEADER] Sending 5 robots to EXPLORED cells: [(1937.5, 187.5), (1062.5, 1312.5), (1187.5, 1187.5)]...
[BAD_LEADER] Sending 5 robots to EXPLORED cells: [(937.5, 812.5), (437.5, 312.5), (1937.5, 1312.5)]...
[BAD_LEADER] Sending 5 robots to EXPLORED cells: [(1812.5, 687.5), (812.5, 437.5), (562.5, 562.5)]...
[BAD_LEADER] Sending 5 robots to EXPLORED cells: [(687.5, 937.5), (437.5, 937.5), (62.5, 437.5)]...
[BAD_LEADER] Sending 5 robots to EXPLORED cells: [(1062.5, 937.5), (937.5, 937.5), (812.5, 1437.5)]...
[BAD_LEADER] Sending 5 robots to EXPLORED cells: [(1687.5, 62.5), (437.5, 562.5), (1937.5, 812.5)]...
[BAD_LEADER] Sending 5 robots to EXPLORED cells: [(1187.5, 1312.5), (437.5, 1187.5), (562.5, 937.5)]...
[BAD_LEADER] Sending 5 robots to EXPLORED cells: [(312.5, 562.5), (1687.5, 187.5), (1437.5, 812.5)]...
[BAD_LEADER] Sending 5 robots to EXPLORED cells: [(1562.5, 1312.5), (187.5, 562.5), (312.5, 1187.5)]...
[R1] pos=(1533,1006) state=leader leader=1 trust=1.00 susp=0.00 cov=34.4%/100.0%
[BAD_LEADER] Sending 5 robots to EXPLORED cells: [(1562.5, 62.5), (937.5, 187.5), (1687.5, 437.5)]...
[BAD_LEADER] Sending 5 robots to EXPLORED cells: [(1187.5, 687.5), (187.5, 187.5), (1187.5, 62.5)]...
[BAD_LEADER] Sending 5 robots to EXPLORED cells: [(1687.5, 437.5), (437.5, 1062.5), (812.5, 62.5)]...
[BAD_LEADER] Sending 5 robots to EXPLORED cells: [(1062.5, 312.5), (62.5, 812.5), (187.5, 687.5)]...
[BAD_LEADER] Sending 5 robots to EXPLORED cells: [(562.5, 687.5), (812.5, 687.5), (437.5, 1312.5)]...
[BAD_LEADER] Sending 5 robots to EXPLORED cells: [(937.5, 187.5), (937.5, 1437.5), (1437.5, 562.5)]...
[BAD_LEADER] Sending 5 robots to EXPLORED cells: [(1937.5, 1437.5), (937.5, 312.5), (562.5, 1437.5)]...
[BAD_LEADER] Sending 5 robots to EXPLORED cells: [(1562.5, 812.5), (1437.5, 687.5), (1437.5, 1312.5)]...
[BAD_LEADER] Sending 5 robots to EXPLORED cells: [(562.5, 562.5), (1562.5, 1437.5), (937.5, 1437.5)]...
[BAD_LEADER] Sending 5 robots to EXPLORED cells: [(937.5, 1187.5), (187.5, 812.5), (812.5, 562.5)]...
[R1] pos=(1409,756) state=leader leader=1 trust=1.00 susp=0.00 cov=37.5%/100.0%
[BAD_LEADER] Sending 5 robots to EXPLORED cells: [(1312.5, 1187.5), (1937.5, 687.5), (1312.5, 312.5)]...
[BAD_LEADER] Sending 5 robots to EXPLORED cells: [(187.5, 687.5), (1812.5, 437.5), (1062.5, 312.5)]...
[BAD_LEADER] Sending 5 robots to EXPLORED cells: [(687.5, 1187.5), (62.5, 1437.5), (1437.5, 437.5)]...
[BAD_LEADER] Sending 5 robots to EXPLORED cells: [(687.5, 562.5), (937.5, 562.5), (1562.5, 562.5)]...
[BAD_LEADER] Sending 5 robots to EXPLORED cells: [(1562.5, 812.5), (437.5, 437.5), (312.5, 1312.5)]...
[BAD_LEADER] Sending 5 robots to EXPLORED cells: [(312.5, 187.5), (1312.5, 937.5), (1312.5, 687.5)]...
[BAD_LEADER] Sending 5 robots to EXPLORED cells: [(812.5, 187.5), (687.5, 1187.5), (187.5, 187.5)]...
[BAD_LEADER] Sending 5 robots to EXPLORED cells: [(312.5, 62.5), (687.5, 562.5), (312.5, 312.5)]...
[BAD_LEADER] Sending 5 robots to EXPLORED cells: [(1187.5, 1312.5), (1562.5, 187.5), (1562.5, 687.5)]...
[R1] pos=(996,703) state=leader leader=1 trust=1.00 susp=0.00 cov=41.1%/100.0%
[BAD_LEADER] Sending 5 robots to EXPLORED cells: [(1062.5, 1187.5), (1062.5, 1437.5), (1062.5, 937.5)]...
[BAD_LEADER] Sending 5 robots to EXPLORED cells: [(62.5, 812.5), (1062.5, 1187.5), (312.5, 1062.5)]...
[BAD_LEADER] Sending 5 robots to EXPLORED cells: [(1312.5, 1312.5), (1187.5, 312.5), (1437.5, 437.5)]...
[BAD_LEADER] Sending 5 robots to EXPLORED cells: [(1062.5, 687.5), (812.5, 1062.5), (1687.5, 1312.5)]...
[BAD_LEADER] Sending 5 robots to EXPLORED cells: [(1562.5, 1187.5), (1812.5, 187.5), (1062.5, 1312.5)]...
[BAD_LEADER] Sending 5 robots to EXPLORED cells: [(1437.5, 937.5), (62.5, 437.5), (1687.5, 1062.5)]...
[BAD_LEADER] Sending 5 robots to EXPLORED cells: [(1687.5, 937.5), (812.5, 812.5), (687.5, 812.5)]...
[BAD_LEADER] Sending 5 robots to EXPLORED cells: [(62.5, 1187.5), (562.5, 1437.5), (1812.5, 312.5)]...
[BAD_LEADER] Sending 5 robots to EXPLORED cells: [(1437.5, 187.5), (937.5, 62.5), (1937.5, 312.5)]...
[BAD_LEADER] Sending 5 robots to EXPLORED cells: [(1937.5, 937.5), (62.5, 687.5), (312.5, 562.5)]...
[ELECTION] New leader: 2
[R1] pos=(1191,927) state=follower leader=2 trust=1.00 susp=0.00 cov=41.7%/100.0%
[R1] pos=(1455,135) state=follower leader=2 trust=1.00 susp=0.00 cov=43.8%/100.0%
[R1] pos=(1415,255) state=follower leader=2 trust=1.00 susp=0.00 cov=43.8%/100.0%
[R1] pos=(1418,247) state=follower leader=2 trust=1.00 susp=0.00 cov=43.8%/100.0%
[R1] pos=(1421,237) state=follower leader=2 trust=1.00 susp=0.00 cov=43.8%/100.0%
[R1] pos=(1454,139) state=follower leader=2 trust=1.00 susp=0.00 cov=43.8%/100.0%
[R1] pos=(1450,149) state=follower leader=2 trust=1.00 susp=0.00 cov=43.8%/100.0%
[R1] pos=(1455,134) state=follower leader=2 trust=1.00 susp=0.00 cov=43.8%/100.0%
[R1] pos=(1424,229) state=follower leader=2 trust=1.00 susp=0.00 cov=43.8%/100.0%
[R1] pos=(1418,245) state=follower leader=2 trust=1.00 susp=0.00 cov=43.8%/100.0%
[R1] pos=(1452,145) state=follower leader=2 trust=1.00 susp=0.00 cov=43.8%/100.0%
[R1] pos=(1442,174) state=follower leader=2 trust=1.00 susp=0.00 cov=43.8%/100.0%
[R1] pos=(1442,174) state=follower leader=2 trust=1.00 susp=0.00 cov=43.8%/100.0%
[R1] pos=(1442,174) state=follower leader=2 trust=1.00 susp=0.00 cov=43.8%/100.0%
[R1] pos=(1442,174) state=follower leader=2 trust=1.00 susp=0.00 cov=43.8%/100.0%
[R1] pos=(1442,174) state=follower leader=2 trust=1.00 susp=0.00 cov=43.8%/100.0%
[R1] pos=(1442,174) state=follower leader=2 trust=1.00 susp=0.00 cov=43.8%/100.0%
[R1] pos=(1442,174) state=follower leader=2 trust=1.00 susp=0.00 cov=43.8%/100.0%
[R1] pos=(1442,174) state=follower leader=2 trust=1.00 susp=0.00 cov=43.8%/100.0%
[R1] pos=(1442,174) state=follower leader=2 trust=1.00 susp=0.00 cov=43.8%/100.0%
[R1] pos=(1442,174) state=follower leader=2 trust=1.00 susp=0.00 cov=43.8%/100.0%
[R1] pos=(1442,174) state=follower leader=2 trust=1.00 susp=0.00 cov=43.8%/100.0%
[R1] pos=(1442,174) state=follower leader=2 trust=1.00 susp=0.00 cov=43.8%/100.0%
[R1] pos=(1442,174) state=follower leader=2 trust=1.00 susp=0.00 cov=43.8%/100.0%
[R1] pos=(1442,174) state=follower leader=2 trust=1.00 susp=0.00 cov=43.8%/100.0%
[R1] pos=(1442,174) state=follower leader=2 trust=1.00 susp=0.00 cov=43.8%/100.0%
[R1] pos=(1442,174) state=follower leader=2 trust=1.00 susp=0.00 cov=43.8%/100.0%
[R1] pos=(1442,174) state=follower leader=2 trust=1.00 susp=0.00 cov=43.8%/100.0%
[R1] pos=(1442,174) state=follower leader=2 trust=1.00 susp=0.00 cov=43.8%/100.0%
[R1] pos=(1442,174) state=follower leader=2 trust=1.00 susp=0.00 cov=43.8%/100.0%
[R1] pos=(1442,174) state=follower leader=2 trust=1.00 susp=0.00 cov=43.8%/100.0%
[R1] pos=(1442,174) state=follower leader=2 trust=1.00 susp=0.00 cov=43.8%/100.0%
[R1] pos=(1442,174) state=follower leader=2 trust=1.00 susp=0.00 cov=43.8%/100.0%
[R1] pos=(1442,174) state=follower leader=2 trust=1.00 susp=0.00 cov=43.8%/100.0%
[R1] pos=(1442,174) state=follower leader=2 trust=1.00 susp=0.00 cov=43.8%/100.0%
[R1] pos=(1442,174) state=follower leader=2 trust=1.00 susp=0.00 cov=43.8%/100.0%
[R1] pos=(1442,174) state=follower leader=2 trust=1.00 susp=0.00 cov=43.8%/100.0%
[R1] pos=(1442,174) state=follower leader=2 trust=1.00 susp=0.00 cov=43.8%/100.0%
[R1] pos=(1442,174) state=follower leader=2 trust=1.00 susp=0.00 cov=43.8%/100.0%
[R1] pos=(1442,174) state=follower leader=2 trust=1.00 susp=0.00 cov=43.8%/100.0%
[R1] pos=(1442,174) state=follower leader=2 trust=1.00 susp=0.00 cov=43.8%/100.0%
