[WARN] Hardware modules not available - running in simulation mode
=== REIP Node - Robot 2 [SIM (unique ports)] ===
Trust Model: Three-tier confidence-weighted
  Personal: 1.0, ToF: 1.0, Peer: 0.3
  Suspicion threshold: 1.5, Recovery: 0.1

  Logging to: logs/robot_2_20260227_180423.jsonl
Initializing hardware...
  Hardware: SIMULATED
[INFO] Position socket listening on port 9102
[INFO] Peer socket listening on port 9202
[INFO] Fault socket listening on port 9302
Ready!

=== Detection Bounds: T1=2 cmds, T3=8 cmds | Impeachment: T1=8 cmds, T3=32 cmds ===
Running... Press Ctrl+C to stop

[ELECTION] New leader: 2
[R2] pos=(0,0) state=leader leader=2 trust=1.00 susp=0.00 cov=0.0%/0.0%
[ELECTION] New leader: 1
[R2] pos=(603,319) state=follower leader=1 trust=1.00 susp=0.00 cov=0.5%/0.5%
[R2] pos=(580,185) state=follower leader=1 trust=1.00 susp=0.00 cov=2.1%/9.4%
[R2] pos=(916,165) state=follower leader=1 trust=1.00 susp=0.00 cov=5.2%/18.2%
[R2] pos=(916,197) state=follower leader=1 trust=1.00 susp=0.00 cov=5.2%/23.4%
[R2] pos=(916,199) state=follower leader=1 trust=1.00 susp=0.00 cov=5.2%/31.2%
[R2] pos=(916,176) state=follower leader=1 trust=1.00 susp=0.00 cov=5.2%/38.5%
[TRUST] Bad command #1 (peer_reported): suspicion +0.30 = 0.30 omega=0.441
[TRUST] Bad command #2 (peer_reported): suspicion +0.30 = 0.50 omega=0.999
[TRUST] Bad command #3 (peer_reported): suspicion +0.30 = 0.70 omega=1.584
[TRUST] Bad command #4 (peer_reported): suspicion +0.30 = 0.90 omega=2.196
[TRUST] Bad command #5 (cmd_instability(omega=2.42)): suspicion +0.02 = 0.92 omega=2.417
[TRUST] Bad command #6 (peer_reported, cmd_instability(omega=2.47)): suspicion +0.34 = 1.27 omega=2.467
[R2] pos=(787,365) state=follower leader=1 trust=1.00 susp=1.27 cov=6.8%/41.7%
[TRUST] Bad command #7 (cmd_instability(omega=2.52)): suspicion +0.06 = 1.33 omega=2.518
[TRUST] Bad command #8 (peer_reported, cmd_instability(omega=2.56)): suspicion +0.38 = 1.71 omega=2.565
[DETECT] First trust decay after 8 bad commands (2.08s) [Theoretical bound: T1=2, T3=8]
[CLASSIFY] Fault type: byzantine_oscillation (omega=2.565, threshold=0.785)
[TRUST] Trust decayed: trust=0.80, remaining suspicion=0.21, omega=2.565, class=byzantine_oscillation
[TRUST] Bad command #9 (cmd_instability(omega=2.61)): suspicion +0.10 = 0.30 omega=2.609
[TRUST] Bad command #10 (peer_reported, cmd_instability(omega=2.65)): suspicion +0.41 = 0.72 omega=2.650
[TRUST] Bad command #11 (cmd_instability(omega=2.69)): suspicion +0.13 = 0.84 omega=2.690
[TRUST] Bad command #12 (peer_reported, cmd_instability(omega=2.73)): suspicion +0.44 = 1.28 omega=2.725
[TRUST] Bad command #13 (cmd_instability(omega=2.76)): suspicion +0.15 = 1.44 omega=2.759
[TRUST] Bad command #14 (peer_reported, cmd_instability(omega=2.79)): suspicion +0.47 = 1.90 omega=2.790
[TRUST] Trust decayed: trust=0.60, remaining suspicion=0.40, omega=2.790, class=byzantine_oscillation
[TRUST] Bad command #15 (cmd_instability(omega=2.82)): suspicion +0.18 = 0.58 omega=2.819
[TRUST] Bad command #16 (peer_reported, cmd_instability(omega=2.85)): suspicion +0.49 = 1.07 omega=2.845
[R2] pos=(727,463) state=follower leader=1 trust=0.60 susp=1.07 cov=7.3%/43.2%
[TRUST] Bad command #17 (cmd_instability(omega=2.87)): suspicion +0.20 = 1.26 omega=2.870
[TRUST] Bad command #18 (peer_reported, cmd_instability(omega=2.89)): suspicion +0.50 = 1.77 omega=2.892
[TRUST] Trust decayed: trust=0.40, remaining suspicion=0.27, omega=2.892, class=byzantine_oscillation
[TRUST] Bad command #19 (cmd_instability(omega=2.91)): suspicion +0.21 = 0.48 omega=2.913
[TRUST] Bad command #20 (peer_reported, cmd_instability(omega=2.93)): suspicion +0.52 = 1.00 omega=2.928
[ELECTION] Leader 1 impeached (failures=1)
[ELECTION] New leader: 2
[R2] pos=(920,552) state=leader leader=2 trust=1.00 susp=0.00 cov=8.3%/43.2%
[ELECTION] Leader 2 impeached (failures=1)
[ELECTION] New leader: 3
[R2] pos=(920,553) state=follower leader=3 trust=1.00 susp=0.00 cov=8.3%/43.2%
[R2] pos=(919,568) state=follower leader=3 trust=1.00 susp=0.00 cov=8.3%/43.2%
[R2] pos=(920,545) state=follower leader=3 trust=1.00 susp=0.00 cov=8.3%/43.2%
[ELECTION] Leader 3 impeached (failures=1)
[ELECTION] New leader: 2
[R2] pos=(920,567) state=leader leader=2 trust=1.00 susp=0.00 cov=8.3%/43.2%
[R2] pos=(920,569) state=leader leader=2 trust=1.00 susp=0.00 cov=8.3%/45.3%
