[WARN] Hardware modules not available - running in simulation mode
=== REIP Node - Robot 3 [SIM (unique ports)] ===
Trust Model: Three-tier confidence-weighted
  Personal: 1.0, ToF: 1.0, Peer: 0.3
  Suspicion threshold: 1.5, Recovery: 0.1

  Logging to: logs/robot_3_20260227_180423.jsonl
Initializing hardware...
  Hardware: SIMULATED
[INFO] Position socket listening on port 9103
[INFO] Peer socket listening on port 9203
[INFO] Fault socket listening on port 9303
Ready!

=== Detection Bounds: T1=2 cmds, T3=8 cmds | Impeachment: T1=8 cmds, T3=32 cmds ===
Running... Press Ctrl+C to stop

[ELECTION] New leader: 3
[R3] pos=(0,0) state=leader leader=3 trust=1.00 susp=0.00 cov=0.0%/0.0%
[ELECTION] New leader: 1
[R3] pos=(460,415) state=follower leader=1 trust=1.00 susp=0.00 cov=0.5%/0.5%
[R3] pos=(273,306) state=follower leader=1 trust=1.00 susp=0.00 cov=2.6%/9.4%
[R3] pos=(446,75) state=follower leader=1 trust=1.00 susp=0.00 cov=3.6%/18.8%
[R3] pos=(297,560) state=follower leader=1 trust=1.00 susp=0.00 cov=5.7%/23.4%
[R3] pos=(231,809) state=follower leader=1 trust=1.00 susp=0.00 cov=7.8%/31.2%
[R3] pos=(314,1068) state=follower leader=1 trust=1.00 susp=0.00 cov=9.4%/38.5%
[TRUST] Bad command #1 (peer_reported): suspicion +0.30 = 0.30 omega=0.848
[TRUST] Bad command #2 (peer_reported): suspicion +0.30 = 0.50 omega=0.943
[TRUST] Bad command #3 (peer_reported): suspicion +0.30 = 0.70 omega=1.362
[TRUST] Bad command #4 (peer_reported): suspicion +0.30 = 0.90 omega=1.838
[TRUST] Bad command #5 (peer_reported): suspicion +0.30 = 1.10 omega=1.968
[R3] pos=(522,959) state=follower leader=1 trust=1.00 susp=1.10 cov=12.0%/41.7%
[TRUST] Bad command #6 (peer_reported): suspicion +0.30 = 1.30 omega=2.089
[TRUST] Bad command #7 (peer_reported): suspicion +0.30 = 1.50 omega=2.206
[TRUST] Bad command #8 (peer_reported): suspicion +0.30 = 1.70 omega=2.317
[DETECT] First trust decay after 8 bad commands (2.91s) [Theoretical bound: T1=2, T3=8]
[CLASSIFY] Fault type: byzantine_oscillation (omega=2.317, threshold=0.785)
[TRUST] Trust decayed: trust=0.80, remaining suspicion=0.20, omega=2.317, class=byzantine_oscillation
[TRUST] Bad command #9 (cmd_instability(omega=2.37)): suspicion +0.01 = 0.21 omega=2.370
[TRUST] Bad command #10 (peer_reported, cmd_instability(omega=2.42)): suspicion +0.32 = 0.53 omega=2.421
[TRUST] Bad command #11 (cmd_instability(omega=2.47)): suspicion +0.04 = 0.57 omega=2.469
[TRUST] Bad command #12 (peer_reported, cmd_instability(omega=2.52)): suspicion +0.36 = 0.93 omega=2.515
[R3] pos=(669,772) state=follower leader=1 trust=0.80 susp=0.93 cov=13.5%/43.2%
[TRUST] Bad command #13 (cmd_instability(omega=2.56)): suspicion +0.08 = 1.01 omega=2.559
[TRUST] Bad command #14 (peer_reported, cmd_instability(omega=2.60)): suspicion +0.39 = 1.40 omega=2.600
[TRUST] Bad command #15 (cmd_instability(omega=2.64)): suspicion +0.11 = 1.51 omega=2.639
[TRUST] Trust decayed: trust=0.60, remaining suspicion=0.01, omega=2.639, class=byzantine_oscillation
[TRUST] Bad command #16 (peer_reported, cmd_instability(omega=2.68)): suspicion +0.42 = 0.43 omega=2.676
[TRUST] Bad command #17 (cmd_instability(omega=2.71)): suspicion +0.14 = 0.57 omega=2.710
[TRUST] Bad command #18 (peer_reported, cmd_instability(omega=2.74)): suspicion +0.45 = 1.02 omega=2.742
[TRUST] Bad command #19 (cmd_instability(omega=2.77)): suspicion +0.16 = 1.18 omega=2.772
[TRUST] Bad command #20 (peer_reported, cmd_instability(omega=2.80)): suspicion +0.47 = 1.65 omega=2.799
[TRUST] Trust decayed: trust=0.40, remaining suspicion=0.15, omega=2.799, class=byzantine_oscillation
[TRUST] Bad command #21 (cmd_instability(omega=2.83)): suspicion +0.18 = 0.32 omega=2.825
[R3] pos=(792,730) state=follower leader=1 trust=0.40 susp=0.32 cov=15.1%/43.2%
[TRUST] Bad command #22 (peer_reported, cmd_instability(omega=2.86)): suspicion +0.49 = 0.82 omega=2.858
[TRUST] Bad command #23 (cmd_instability(omega=2.89)): suspicion +0.21 = 1.02 omega=2.895
[TRUST] Bad command #24 (peer_reported, cmd_instability(omega=2.93)): suspicion +0.52 = 1.54 omega=2.932
[TRUST] Trust decayed: trust=0.20, remaining suspicion=0.04, omega=2.932, class=byzantine_oscillation
[TRUST] Bad command #25 (cmd_instability(omega=2.97)): suspicion +0.23 = 0.28 omega=2.970
[TRUST] Bad command #26 (peer_reported, cmd_instability(omega=3.00)): suspicion +0.55 = 0.82 omega=3.004
[DETECT] IMPEACHMENT after 26 bad commands, 6.77s from first bad command [Bound: T1=8 cmds, T3=32 cmds]
[IMPEACH] Trust too low (0.20), excluding leader 1 from candidates
[ELECTION] Leader 1 impeached (failures=1)
[ELECTION] New leader: 3
[R3] pos=(923,702) state=leader leader=3 trust=1.00 susp=0.00 cov=15.6%/43.2%
[ELECTION] Leader 3 impeached (failures=1)
[ELECTION] New leader: 2
[R3] pos=(923,700) state=follower leader=2 trust=1.00 susp=0.00 cov=15.6%/43.2%
[R3] pos=(923,678) state=follower leader=2 trust=1.00 susp=0.00 cov=15.6%/43.2%
[R3] pos=(923,705) state=follower leader=2 trust=1.00 susp=0.00 cov=15.6%/43.2%
[R3] pos=(924,706) state=follower leader=2 trust=1.00 susp=0.00 cov=15.6%/45.3%
