[WARN] Hardware modules not available - running in simulation mode
=== REIP Node - Robot 2 [SIM (unique ports)] ===
Trust Model: Three-tier confidence-weighted
  Personal: 1.0, ToF: 1.0, Peer: 0.3
  Suspicion threshold: 1.5, Recovery: 0.1

  Logging to: logs/robot_2_20260226_084541.jsonl
Initializing hardware...
  Hardware: SIMULATED
[INFO] Position socket listening on port 6102
[INFO] Peer socket listening on port 6202
[INFO] Fault socket listening on port 6302
Ready!

=== DECENTRALIZED MODE - No leader coordination ===
=== Detection Bounds: T1=2 cmds, T3=8 cmds | Impeachment: T1=8 cmds, T3=32 cmds ===
Running... Press Ctrl+C to stop

[R2] pos=(0,0) state=exploring leader=None trust=1.00 susp=0.00 cov=0.0%/0.0%
[R2] pos=(1304,978) state=exploring leader=None trust=1.00 susp=0.00 cov=0.5%/2.1%
[R2] pos=(764,938) state=exploring leader=None trust=1.00 susp=0.00 cov=3.1%/14.6%
[R2] pos=(153,809) state=exploring leader=None trust=1.00 susp=0.00 cov=5.7%/29.7%
[R2] pos=(75,503) state=exploring leader=None trust=1.00 susp=0.00 cov=7.8%/35.9%
[R2] pos=(646,688) state=exploring leader=None trust=1.00 susp=0.00 cov=11.5%/43.2%
[R2] pos=(952,822) state=exploring leader=None trust=1.00 susp=0.00 cov=15.6%/52.1%
[R2] pos=(1305,442) state=exploring leader=None trust=1.00 susp=0.00 cov=19.3%/63.0%
[R2] pos=(1285,861) state=exploring leader=None trust=1.00 susp=0.00 cov=22.4%/68.8%
[R2] pos=(1448,1367) state=exploring leader=None trust=1.00 susp=0.00 cov=25.0%/81.8%
[R2] pos=(1705,1049) state=exploring leader=None trust=1.00 susp=0.00 cov=29.7%/90.6%
[R2] pos=(1779,811) state=exploring leader=None trust=1.00 susp=0.00 cov=32.3%/93.8%
[R2] pos=(1925,929) state=exploring leader=None trust=1.00 susp=0.00 cov=34.4%/97.4%
[R2] pos=(1925,1263) state=exploring leader=None trust=1.00 susp=0.00 cov=35.9%/100.0%
[R2] pos=(1925,1374) state=exploring leader=None trust=1.00 susp=0.00 cov=36.5%/100.0%
[R2] pos=(1925,1379) state=exploring leader=None trust=1.00 susp=0.00 cov=36.5%/100.0%
[R2] pos=(1925,1276) state=exploring leader=None trust=1.00 susp=0.00 cov=36.5%/100.0%
[R2] pos=(1925,1249) state=exploring leader=None trust=1.00 susp=0.00 cov=36.5%/100.0%
[R2] pos=(1925,1259) state=exploring leader=None trust=1.00 susp=0.00 cov=36.5%/100.0%
[R2] pos=(1925,1364) state=exploring leader=None trust=1.00 susp=0.00 cov=36.5%/100.0%
[R2] pos=(1925,1351) state=exploring leader=None trust=1.00 susp=0.00 cov=36.5%/100.0%
[R2] pos=(1925,1348) state=exploring leader=None trust=1.00 susp=0.00 cov=36.5%/100.0%
[R2] pos=(1925,1249) state=exploring leader=None trust=1.00 susp=0.00 cov=36.5%/100.0%
[R2] pos=(1925,1274) state=exploring leader=None trust=1.00 susp=0.00 cov=36.5%/100.0%
[R2] pos=(1925,1376) state=exploring leader=None trust=1.00 susp=0.00 cov=36.5%/100.0%
[R2] pos=(1925,1383) state=exploring leader=None trust=1.00 susp=0.00 cov=36.5%/100.0%
[R2] pos=(1925,1360) state=exploring leader=None trust=1.00 susp=0.00 cov=36.5%/100.0%
[R2] pos=(1925,1268) state=exploring leader=None trust=1.00 susp=0.00 cov=36.5%/100.0%
[R2] pos=(1925,1263) state=exploring leader=None trust=1.00 susp=0.00 cov=36.5%/100.0%
[R2] pos=(1925,1368) state=exploring leader=None trust=1.00 susp=0.00 cov=36.5%/100.0%
[R2] pos=(1925,1359) state=exploring leader=None trust=1.00 susp=0.00 cov=36.5%/100.0%
[R2] pos=(1925,1349) state=exploring leader=None trust=1.00 susp=0.00 cov=36.5%/100.0%
[R2] pos=(1925,1266) state=exploring leader=None trust=1.00 susp=0.00 cov=36.5%/100.0%
[R2] pos=(1925,1261) state=exploring leader=None trust=1.00 susp=0.00 cov=36.5%/100.0%
[R2] pos=(1925,1348) state=exploring leader=None trust=1.00 susp=0.00 cov=36.5%/100.0%
[R2] pos=(1925,1352) state=exploring leader=None trust=1.00 susp=0.00 cov=36.5%/100.0%
[R2] pos=(1925,1341) state=exploring leader=None trust=1.00 susp=0.00 cov=36.5%/100.0%
[R2] pos=(1925,1272) state=exploring leader=None trust=1.00 susp=0.00 cov=36.5%/100.0%
[R2] pos=(1925,1263) state=exploring leader=None trust=1.00 susp=0.00 cov=36.5%/100.0%
[R2] pos=(1925,1375) state=exploring leader=None trust=1.00 susp=0.00 cov=36.5%/100.0%
[R2] pos=(1925,1359) state=exploring leader=None trust=1.00 susp=0.00 cov=36.5%/100.0%
[R2] pos=(1925,1359) state=exploring leader=None trust=1.00 susp=0.00 cov=36.5%/100.0%
[R2] pos=(1925,1270) state=exploring leader=None trust=1.00 susp=0.00 cov=36.5%/100.0%
[R2] pos=(1925,1261) state=exploring leader=None trust=1.00 susp=0.00 cov=36.5%/100.0%
[R2] pos=(1925,1279) state=exploring leader=None trust=1.00 susp=0.00 cov=36.5%/100.0%
[R2] pos=(1925,1376) state=exploring leader=None trust=1.00 susp=0.00 cov=36.5%/100.0%
[R2] pos=(1925,1372) state=exploring leader=None trust=1.00 susp=0.00 cov=36.5%/100.0%
[R2] pos=(1925,1259) state=exploring leader=None trust=1.00 susp=0.00 cov=36.5%/100.0%
[R2] pos=(1925,1262) state=exploring leader=None trust=1.00 susp=0.00 cov=36.5%/100.0%
[R2] pos=(1925,1264) state=exploring leader=None trust=1.00 susp=0.00 cov=36.5%/100.0%
[R2] pos=(1925,1370) state=exploring leader=None trust=1.00 susp=0.00 cov=36.5%/100.0%
[R2] pos=(1925,1366) state=exploring leader=None trust=1.00 susp=0.00 cov=36.5%/100.0%
[R2] pos=(1925,1265) state=exploring leader=None trust=1.00 susp=0.00 cov=36.5%/100.0%
[R2] pos=(1925,1270) state=exploring leader=None trust=1.00 susp=0.00 cov=36.5%/100.0%
[R2] pos=(1925,1260) state=exploring leader=None trust=1.00 susp=0.00 cov=36.5%/100.0%
[R2] pos=(1925,1367) state=exploring leader=None trust=1.00 susp=0.00 cov=36.5%/100.0%
[R2] pos=(1925,1366) state=exploring leader=None trust=1.00 susp=0.00 cov=36.5%/100.0%
[R2] pos=(1925,1272) state=exploring leader=None trust=1.00 susp=0.00 cov=36.5%/100.0%
[R2] pos=(1925,1278) state=exploring leader=None trust=1.00 susp=0.00 cov=36.5%/100.0%
[R2] pos=(1925,1245) state=exploring leader=None trust=1.00 susp=0.00 cov=36.5%/100.0%
[R2] pos=(1925,1372) state=exploring leader=None trust=1.00 susp=0.00 cov=36.5%/100.0%
[R2] pos=(1925,1272) state=exploring leader=None trust=1.00 susp=0.00 cov=36.5%/100.0%
