[WARN] Hardware modules not available - running in simulation mode
=== REIP Node - Robot 3 [SIM (unique ports)] ===
Trust Model: Three-tier confidence-weighted
  Personal: 1.0, ToF: 1.0, Peer: 0.3
  Suspicion threshold: 1.5, Recovery: 0.1

  Logging to: logs/robot_3_20260226_163016.jsonl
Initializing hardware...
  Hardware: SIMULATED
[INFO] Position socket listening on port 16103
[INFO] Peer socket listening on port 16203
[INFO] Fault socket listening on port 16303
Ready!

=== DECENTRALIZED MODE - No leader coordination ===
=== Detection Bounds: T1=2 cmds, T3=8 cmds | Impeachment: T1=8 cmds, T3=32 cmds ===
Running... Press Ctrl+C to stop

[R3] pos=(0,0) state=exploring leader=None trust=1.00 susp=0.00 cov=0.0%/0.0%
[R3] pos=(606,1076) state=exploring leader=None trust=1.00 susp=0.00 cov=0.5%/2.6%
[R3] pos=(606,1076) state=exploring leader=None trust=1.00 susp=0.00 cov=0.5%/2.6%
[R3] pos=(606,1076) state=exploring leader=None trust=1.00 susp=0.00 cov=0.5%/2.6%
[R3] pos=(606,1076) state=exploring leader=None trust=1.00 susp=0.00 cov=0.5%/2.6%
[R3] pos=(606,1076) state=exploring leader=None trust=1.00 susp=0.00 cov=0.5%/2.6%
[R3] pos=(606,1076) state=exploring leader=None trust=1.00 susp=0.00 cov=0.5%/2.6%
[R3] pos=(606,1076) state=exploring leader=None trust=1.00 susp=0.00 cov=0.5%/2.6%
[R3] pos=(606,1076) state=exploring leader=None trust=1.00 susp=0.00 cov=0.5%/2.6%
[R3] pos=(606,1076) state=exploring leader=None trust=1.00 susp=0.00 cov=0.5%/2.6%
[R3] pos=(606,1076) state=exploring leader=None trust=1.00 susp=0.00 cov=0.5%/2.6%
[R3] pos=(606,1076) state=exploring leader=None trust=1.00 susp=0.00 cov=0.5%/2.6%
[R3] pos=(606,1076) state=exploring leader=None trust=1.00 susp=0.00 cov=0.5%/2.6%
[R3] pos=(606,1076) state=exploring leader=None trust=1.00 susp=0.00 cov=0.5%/2.6%
[R3] pos=(606,1076) state=exploring leader=None trust=1.00 susp=0.00 cov=0.5%/2.6%
[R3] pos=(606,1076) state=exploring leader=None trust=1.00 susp=0.00 cov=0.5%/2.6%
[R3] pos=(606,1076) state=exploring leader=None trust=1.00 susp=0.00 cov=0.5%/2.6%
[R3] pos=(606,1076) state=exploring leader=None trust=1.00 susp=0.00 cov=0.5%/2.6%
[R3] pos=(606,1076) state=exploring leader=None trust=1.00 susp=0.00 cov=0.5%/2.6%
[R3] pos=(606,1076) state=exploring leader=None trust=1.00 susp=0.00 cov=0.5%/2.6%
[R3] pos=(606,1076) state=exploring leader=None trust=1.00 susp=0.00 cov=0.5%/2.6%
[R3] pos=(606,1076) state=exploring leader=None trust=1.00 susp=0.00 cov=0.5%/2.6%
[R3] pos=(606,1076) state=exploring leader=None trust=1.00 susp=0.00 cov=0.5%/2.6%
[R3] pos=(606,1076) state=exploring leader=None trust=1.00 susp=0.00 cov=0.5%/2.6%
[R3] pos=(606,1076) state=exploring leader=None trust=1.00 susp=0.00 cov=0.5%/2.6%
[R3] pos=(606,1076) state=exploring leader=None trust=1.00 susp=0.00 cov=0.5%/2.6%
[R3] pos=(606,1076) state=exploring leader=None trust=1.00 susp=0.00 cov=0.5%/2.6%
[R3] pos=(606,1076) state=exploring leader=None trust=1.00 susp=0.00 cov=0.5%/2.6%
[R3] pos=(606,1076) state=exploring leader=None trust=1.00 susp=0.00 cov=0.5%/2.6%
[R3] pos=(606,1076) state=exploring leader=None trust=1.00 susp=0.00 cov=0.5%/2.6%
[R3] pos=(606,1076) state=exploring leader=None trust=1.00 susp=0.00 cov=0.5%/2.6%
[R3] pos=(606,1076) state=exploring leader=None trust=1.00 susp=0.00 cov=0.5%/2.6%
[R3] pos=(606,1076) state=exploring leader=None trust=1.00 susp=0.00 cov=0.5%/2.6%
[R3] pos=(606,1076) state=exploring leader=None trust=1.00 susp=0.00 cov=0.5%/2.6%
[R3] pos=(606,1076) state=exploring leader=None trust=1.00 susp=0.00 cov=0.5%/2.6%
[R3] pos=(606,1076) state=exploring leader=None trust=1.00 susp=0.00 cov=0.5%/2.6%
[R3] pos=(606,1076) state=exploring leader=None trust=1.00 susp=0.00 cov=0.5%/2.6%
[R3] pos=(606,1076) state=exploring leader=None trust=1.00 susp=0.00 cov=0.5%/2.6%
[R3] pos=(606,1076) state=exploring leader=None trust=1.00 susp=0.00 cov=0.5%/2.6%
[R3] pos=(75,938) state=exploring leader=None trust=1.00 susp=0.00 cov=3.1%/12.5%
[R3] pos=(100,397) state=exploring leader=None trust=1.00 susp=0.00 cov=5.7%/22.9%
[R3] pos=(312,484) state=exploring leader=None trust=1.00 susp=0.00 cov=9.4%/35.4%
[R3] pos=(554,579) state=exploring leader=None trust=1.00 susp=0.00 cov=12.5%/47.4%
[R3] pos=(813,437) state=exploring leader=None trust=1.00 susp=0.00 cov=15.1%/54.7%
[R3] pos=(938,771) state=exploring leader=None trust=1.00 susp=0.00 cov=17.2%/60.4%
[R3] pos=(811,682) state=exploring leader=None trust=1.00 susp=0.00 cov=18.2%/63.5%
[R3] pos=(937,937) state=exploring leader=None trust=1.00 susp=0.00 cov=19.3%/67.7%
[R3] pos=(1062,563) state=exploring leader=None trust=1.00 susp=0.00 cov=21.4%/74.0%
[R3] pos=(1185,773) state=exploring leader=None trust=1.00 susp=0.00 cov=23.4%/78.6%
[R3] pos=(1185,773) state=exploring leader=None trust=1.00 susp=0.00 cov=23.4%/78.6%
[R3] pos=(1185,773) state=exploring leader=None trust=1.00 susp=0.00 cov=23.4%/78.6%
[R3] pos=(1185,773) state=exploring leader=None trust=1.00 susp=0.00 cov=23.4%/78.6%
[R3] pos=(1185,773) state=exploring leader=None trust=1.00 susp=0.00 cov=23.4%/78.6%
[R3] pos=(1185,773) state=exploring leader=None trust=1.00 susp=0.00 cov=23.4%/78.6%
[R3] pos=(1185,773) state=exploring leader=None trust=1.00 susp=0.00 cov=23.4%/78.6%
[R3] pos=(1185,773) state=exploring leader=None trust=1.00 susp=0.00 cov=23.4%/78.6%
[R3] pos=(1305,810) state=exploring leader=None trust=1.00 susp=0.00 cov=24.0%/79.2%
[R3] pos=(1305,810) state=exploring leader=None trust=1.00 susp=0.00 cov=24.0%/79.2%
[R3] pos=(1437,562) state=exploring leader=None trust=1.00 susp=0.00 cov=25.5%/80.7%
[R3] pos=(1562,562) state=exploring leader=None trust=1.00 susp=0.00 cov=28.1%/83.3%
[R3] pos=(1688,989) state=exploring leader=None trust=1.00 susp=0.00 cov=30.2%/86.5%
