[WARN] Hardware modules not available - running in simulation mode
=== REIP Node - Robot 4 [SIM (unique ports)] ===
Trust Model: Three-tier confidence-weighted
  Personal: 1.0, ToF: 1.0, Peer: 0.3
  Suspicion threshold: 1.5, Recovery: 0.1

  Logging to: logs/robot_4_20260226_212531.jsonl
Initializing hardware...
  Hardware: SIMULATED
[INFO] Position socket listening on port 22104
[INFO] Peer socket listening on port 22204
[INFO] Fault socket listening on port 22304
Ready!

=== Detection Bounds: T1=2 cmds, T3=8 cmds | Impeachment: T1=8 cmds, T3=32 cmds ===
Running... Press Ctrl+C to stop

[ELECTION] New leader: 4
[R4] pos=(0,0) state=leader leader=4 trust=1.00 susp=0.00 cov=0.0%/0.0%
[ELECTION] New leader: 1
[R4] pos=(814,695) state=follower leader=1 trust=1.00 susp=0.00 cov=0.5%/0.5%
[R4] pos=(579,811) state=follower leader=1 trust=1.00 susp=0.00 cov=2.6%/14.1%
[R4] pos=(686,1054) state=follower leader=1 trust=1.00 susp=0.00 cov=4.7%/21.9%
[R4] pos=(924,1094) state=follower leader=1 trust=1.00 susp=0.00 cov=6.8%/29.2%
[R4] pos=(829,1181) state=follower leader=1 trust=1.00 susp=0.00 cov=8.3%/36.5%
[R4] pos=(842,1193) state=follower leader=1 trust=1.00 susp=0.00 cov=9.4%/44.3%
[R4] pos=(842,1190) state=follower leader=1 trust=1.00 susp=0.00 cov=9.4%/44.3%
[R4] pos=(842,1190) state=follower leader=1 trust=1.00 susp=0.00 cov=9.4%/44.3%
[R4] pos=(842,1189) state=follower leader=1 trust=1.00 susp=0.00 cov=9.4%/45.3%
[R4] pos=(842,1189) state=follower leader=1 trust=1.00 susp=0.00 cov=9.4%/45.3%
[R4] pos=(842,1189) state=follower leader=1 trust=1.00 susp=0.00 cov=9.4%/45.3%
[R4] pos=(842,1189) state=follower leader=1 trust=1.00 susp=0.00 cov=9.4%/45.3%
[R4] pos=(842,1189) state=follower leader=1 trust=1.00 susp=0.00 cov=9.4%/45.3%
[R4] pos=(842,1189) state=follower leader=1 trust=1.00 susp=0.00 cov=9.4%/45.3%
[R4] pos=(842,1189) state=follower leader=1 trust=1.00 susp=0.00 cov=9.4%/45.3%
[R4] pos=(842,1189) state=follower leader=1 trust=1.00 susp=0.00 cov=9.4%/45.3%
[R4] pos=(842,1189) state=follower leader=1 trust=1.00 susp=0.00 cov=9.4%/45.3%
[R4] pos=(842,1189) state=follower leader=1 trust=1.00 susp=0.00 cov=9.4%/45.3%
[R4] pos=(842,1189) state=follower leader=1 trust=1.00 susp=0.00 cov=9.4%/45.3%
[R4] pos=(842,1189) state=follower leader=1 trust=1.00 susp=0.00 cov=9.4%/45.3%
[R4] pos=(842,1189) state=follower leader=1 trust=1.00 susp=0.00 cov=9.4%/45.3%
[R4] pos=(842,1189) state=follower leader=1 trust=1.00 susp=0.00 cov=9.4%/45.3%
[R4] pos=(842,1189) state=follower leader=1 trust=1.00 susp=0.00 cov=9.4%/45.3%
[R4] pos=(842,1189) state=follower leader=1 trust=1.00 susp=0.00 cov=9.4%/45.3%
[R4] pos=(842,1189) state=follower leader=1 trust=1.00 susp=0.00 cov=9.4%/45.3%
[R4] pos=(842,1189) state=follower leader=1 trust=1.00 susp=0.00 cov=9.4%/45.3%
[R4] pos=(842,1189) state=follower leader=1 trust=1.00 susp=0.00 cov=9.4%/45.3%
[R4] pos=(842,1189) state=follower leader=1 trust=1.00 susp=0.00 cov=9.4%/45.3%
[R4] pos=(842,1189) state=follower leader=1 trust=1.00 susp=0.00 cov=9.4%/45.3%
[R4] pos=(842,1189) state=follower leader=1 trust=1.00 susp=0.00 cov=9.4%/45.3%
[R4] pos=(842,1189) state=follower leader=1 trust=1.00 susp=0.00 cov=9.4%/45.3%
[R4] pos=(842,1189) state=follower leader=1 trust=1.00 susp=0.00 cov=9.4%/45.3%
[R4] pos=(842,1189) state=follower leader=1 trust=1.00 susp=0.00 cov=9.4%/45.3%
[R4] pos=(842,1189) state=follower leader=1 trust=1.00 susp=0.00 cov=9.4%/45.3%
[R4] pos=(842,1189) state=follower leader=1 trust=1.00 susp=0.00 cov=9.4%/45.3%
[R4] pos=(842,1189) state=follower leader=1 trust=1.00 susp=0.00 cov=9.4%/45.3%
[R4] pos=(842,1189) state=follower leader=1 trust=1.00 susp=0.00 cov=9.4%/45.3%
[R4] pos=(842,1189) state=follower leader=1 trust=1.00 susp=0.00 cov=9.4%/45.3%
[R4] pos=(842,1189) state=follower leader=1 trust=1.00 susp=0.00 cov=9.4%/45.3%
[R4] pos=(842,1188) state=follower leader=1 trust=1.00 susp=0.00 cov=9.4%/46.4%
[R4] pos=(841,938) state=follower leader=1 trust=1.00 susp=0.00 cov=9.4%/47.9%
[R4] pos=(841,813) state=follower leader=1 trust=1.00 susp=0.00 cov=9.9%/53.1%
[R4] pos=(840,771) state=follower leader=1 trust=1.00 susp=0.00 cov=9.9%/56.8%
[R4] pos=(841,687) state=follower leader=1 trust=1.00 susp=0.00 cov=9.9%/59.4%
[R4] pos=(917,570) state=follower leader=1 trust=1.00 susp=0.00 cov=10.9%/63.0%
[R4] pos=(917,318) state=follower leader=1 trust=1.00 susp=0.00 cov=12.0%/66.1%
[R4] pos=(916,80) state=follower leader=1 trust=1.00 susp=0.00 cov=13.0%/71.4%
[R4] pos=(917,158) state=follower leader=1 trust=1.00 susp=0.00 cov=13.0%/76.0%
[R4] pos=(917,163) state=follower leader=1 trust=1.00 susp=0.00 cov=13.0%/79.7%
[R4] pos=(916,269) state=follower leader=1 trust=1.00 susp=0.00 cov=13.0%/83.9%
[R4] pos=(916,305) state=follower leader=1 trust=1.00 susp=0.00 cov=13.0%/89.1%
[R4] pos=(917,254) state=follower leader=1 trust=1.00 susp=0.00 cov=13.0%/93.2%
[R4] pos=(917,306) state=follower leader=1 trust=1.00 susp=0.00 cov=13.0%/95.8%
[R4] pos=(917,533) state=follower leader=1 trust=1.00 susp=0.00 cov=13.0%/100.0%
[R4] pos=(917,743) state=follower leader=1 trust=1.00 susp=0.00 cov=13.0%/100.0%
[R4] pos=(917,790) state=follower leader=1 trust=1.00 susp=0.00 cov=13.5%/100.0%
[R4] pos=(917,808) state=follower leader=1 trust=1.00 susp=0.00 cov=13.5%/100.0%
[R4] pos=(916,841) state=follower leader=1 trust=1.00 susp=0.00 cov=13.5%/100.0%
[R4] pos=(916,818) state=follower leader=1 trust=1.00 susp=0.00 cov=13.5%/100.0%
[R4] pos=(917,859) state=follower leader=1 trust=1.00 susp=0.00 cov=13.5%/100.0%
