[WARN] Hardware modules not available - running in simulation mode
=== REIP Node - Robot 4 [SIM (unique ports)] ===
Trust Model: Three-tier confidence-weighted
  Personal: 1.0, ToF: 1.0, Peer: 0.3
  Suspicion threshold: 1.5, Recovery: 0.1

  Logging to: logs/robot_4_20260227_180010.jsonl
Initializing hardware...
  Hardware: SIMULATED
[INFO] Position socket listening on port 7104
[INFO] Peer socket listening on port 7204
[INFO] Fault socket listening on port 7304
Ready!

=== DECENTRALIZED MODE - No leader coordination ===
=== Detection Bounds: T1=2 cmds, T3=8 cmds | Impeachment: T1=8 cmds, T3=32 cmds ===
Running... Press Ctrl+C to stop

[R4] pos=(0,0) state=exploring leader=None trust=1.00 susp=0.00 cov=0.0%/0.0%
[R4] pos=(405,737) state=exploring leader=None trust=1.00 susp=0.00 cov=0.5%/2.1%
[R4] pos=(405,737) state=exploring leader=None trust=1.00 susp=0.00 cov=0.5%/2.1%
[R4] pos=(264,695) state=exploring leader=None trust=1.00 susp=0.00 cov=1.0%/3.6%
[R4] pos=(152,441) state=exploring leader=None trust=1.00 susp=0.00 cov=4.2%/13.5%
[R4] pos=(488,802) state=exploring leader=None trust=1.00 susp=0.00 cov=7.3%/24.0%
[R4] pos=(257,1092) state=exploring leader=None trust=1.00 susp=0.00 cov=9.9%/30.7%
[R4] pos=(566,1236) state=exploring leader=None trust=1.00 susp=0.00 cov=12.5%/39.1%
[R4] pos=(806,957) state=exploring leader=None trust=1.00 susp=0.00 cov=15.1%/44.8%
[R4] pos=(880,946) state=exploring leader=None trust=1.00 susp=0.00 cov=15.6%/46.4%
[R4] pos=(910,877) state=exploring leader=None trust=1.00 susp=0.00 cov=15.6%/46.9%
[R4] pos=(924,800) state=exploring leader=None trust=1.00 susp=0.00 cov=16.1%/49.0%
[R4] pos=(924,819) state=exploring leader=None trust=1.00 susp=0.00 cov=16.1%/49.0%
[R4] pos=(924,795) state=exploring leader=None trust=1.00 susp=0.00 cov=16.1%/51.6%
[R4] pos=(923,808) state=exploring leader=None trust=1.00 susp=0.00 cov=16.1%/52.1%
[R4] pos=(923,806) state=exploring leader=None trust=1.00 susp=0.00 cov=16.1%/52.1%
[R4] pos=(924,825) state=exploring leader=None trust=1.00 susp=0.00 cov=16.1%/52.1%
[R4] pos=(925,806) state=exploring leader=None trust=1.00 susp=0.00 cov=16.1%/52.1%
[R4] pos=(925,806) state=exploring leader=None trust=1.00 susp=0.00 cov=16.1%/53.1%
[R4] pos=(925,808) state=exploring leader=None trust=1.00 susp=0.00 cov=16.1%/53.1%
[R4] pos=(925,803) state=exploring leader=None trust=1.00 susp=0.00 cov=16.1%/53.1%
[R4] pos=(925,803) state=exploring leader=None trust=1.00 susp=0.00 cov=16.1%/53.1%
[R4] pos=(925,804) state=exploring leader=None trust=1.00 susp=0.00 cov=16.1%/53.1%
[R4] pos=(924,824) state=exploring leader=None trust=1.00 susp=0.00 cov=16.1%/53.1%
[R4] pos=(924,825) state=exploring leader=None trust=1.00 susp=0.00 cov=16.1%/55.7%
[R4] pos=(925,857) state=exploring leader=None trust=1.00 susp=0.00 cov=16.7%/58.3%
[R4] pos=(954,1262) state=exploring leader=None trust=1.00 susp=0.00 cov=18.2%/64.1%
[R4] pos=(1436,1275) state=exploring leader=None trust=1.00 susp=0.00 cov=21.4%/68.8%
[R4] pos=(1340,761) state=exploring leader=None trust=1.00 susp=0.00 cov=24.0%/73.4%
[R4] pos=(1604,455) state=exploring leader=None trust=1.00 susp=0.00 cov=27.1%/77.6%
[R4] pos=(1856,132) state=exploring leader=None trust=1.00 susp=0.00 cov=29.7%/84.4%
[R4] pos=(1925,433) state=exploring leader=None trust=1.00 susp=0.00 cov=31.8%/91.1%
[R4] pos=(1925,1021) state=exploring leader=None trust=1.00 susp=0.00 cov=34.4%/97.9%
[R4] pos=(1925,1302) state=exploring leader=None trust=1.00 susp=0.00 cov=35.4%/100.0%
[R4] pos=(1925,1302) state=exploring leader=None trust=1.00 susp=0.00 cov=35.4%/100.0%
[R4] pos=(1925,1302) state=exploring leader=None trust=1.00 susp=0.00 cov=35.4%/100.0%
[R4] pos=(1925,1302) state=exploring leader=None trust=1.00 susp=0.00 cov=35.4%/100.0%
[R4] pos=(1925,1302) state=exploring leader=None trust=1.00 susp=0.00 cov=35.4%/100.0%
[R4] pos=(1925,1302) state=exploring leader=None trust=1.00 susp=0.00 cov=35.4%/100.0%
[R4] pos=(1925,1302) state=exploring leader=None trust=1.00 susp=0.00 cov=35.4%/100.0%
[R4] pos=(1925,1302) state=exploring leader=None trust=1.00 susp=0.00 cov=35.4%/100.0%
[R4] pos=(1925,1302) state=exploring leader=None trust=1.00 susp=0.00 cov=35.4%/100.0%
[R4] pos=(1925,1302) state=exploring leader=None trust=1.00 susp=0.00 cov=35.4%/100.0%
[R4] pos=(1925,1302) state=exploring leader=None trust=1.00 susp=0.00 cov=35.4%/100.0%
[R4] pos=(1925,1302) state=exploring leader=None trust=1.00 susp=0.00 cov=35.4%/100.0%
[R4] pos=(1925,1302) state=exploring leader=None trust=1.00 susp=0.00 cov=35.4%/100.0%
[R4] pos=(1925,1302) state=exploring leader=None trust=1.00 susp=0.00 cov=35.4%/100.0%
[R4] pos=(1925,1302) state=exploring leader=None trust=1.00 susp=0.00 cov=35.4%/100.0%
[R4] pos=(1925,1302) state=exploring leader=None trust=1.00 susp=0.00 cov=35.4%/100.0%
[R4] pos=(1925,1302) state=exploring leader=None trust=1.00 susp=0.00 cov=35.4%/100.0%
[R4] pos=(1925,1302) state=exploring leader=None trust=1.00 susp=0.00 cov=35.4%/100.0%
[R4] pos=(1925,1302) state=exploring leader=None trust=1.00 susp=0.00 cov=35.4%/100.0%
[R4] pos=(1925,1302) state=exploring leader=None trust=1.00 susp=0.00 cov=35.4%/100.0%
[R4] pos=(1925,1302) state=exploring leader=None trust=1.00 susp=0.00 cov=35.4%/100.0%
[R4] pos=(1925,1302) state=exploring leader=None trust=1.00 susp=0.00 cov=35.4%/100.0%
[R4] pos=(1925,1302) state=exploring leader=None trust=1.00 susp=0.00 cov=35.4%/100.0%
[R4] pos=(1925,1302) state=exploring leader=None trust=1.00 susp=0.00 cov=35.4%/100.0%
[R4] pos=(1925,1302) state=exploring leader=None trust=1.00 susp=0.00 cov=35.4%/100.0%
[R4] pos=(1925,1302) state=exploring leader=None trust=1.00 susp=0.00 cov=35.4%/100.0%
[R4] pos=(1925,1302) state=exploring leader=None trust=1.00 susp=0.00 cov=35.4%/100.0%
[R4] pos=(1925,1302) state=exploring leader=None trust=1.00 susp=0.00 cov=35.4%/100.0%
