[WARN] Hardware modules not available - simulation mode
=== RAFT Baseline - Robot 5 [SIM] ===
NO TRUST. Heartbeat timeout only.

  Logging to: logs/raft_5_20260226_175815.jsonl
Initializing hardware...
  Hardware: SIMULATED
[INFO] Position socket listening on port 6105
[INFO] Peer socket listening on port 6205
[INFO] Fault socket listening on port 6305
Ready!

Running RAFT baseline... Press Ctrl+C to stop

[R5] state=follower leader=None term=0 cov=0.0%/0.0%
[R5] state=follower leader=1 term=1 cov=0.5%/0.5%
[R5] state=follower leader=1 term=1 cov=4.2%/14.1%
[R5] state=follower leader=1 term=1 cov=7.3%/25.5%
[R5] state=follower leader=1 term=1 cov=9.4%/35.4%
[R5] state=follower leader=1 term=1 cov=12.5%/44.3%
[R5] state=follower leader=1 term=1 cov=14.6%/52.6%
[R5] state=follower leader=1 term=1 cov=17.2%/65.1%
[R5] state=follower leader=1 term=1 cov=19.8%/75.0%
[R5] state=follower leader=1 term=1 cov=21.4%/82.8%
[R5] state=follower leader=1 term=1 cov=24.5%/94.3%
[R5] state=follower leader=1 term=1 cov=27.1%/100.0%
[R5] state=follower leader=1 term=1 cov=27.1%/100.0%
[R5] state=follower leader=1 term=1 cov=27.1%/100.0%
[R5] state=follower leader=1 term=1 cov=27.1%/100.0%
[R5] state=follower leader=1 term=1 cov=27.1%/100.0%
[R5] state=follower leader=1 term=1 cov=27.1%/100.0%
[R5] state=follower leader=1 term=1 cov=27.1%/100.0%
[R5] state=follower leader=1 term=1 cov=27.1%/100.0%
[R5] state=follower leader=1 term=1 cov=27.1%/100.0%
[R5] state=follower leader=1 term=1 cov=27.1%/100.0%
[R5] state=follower leader=1 term=1 cov=27.1%/100.0%
[R5] state=follower leader=1 term=1 cov=27.1%/100.0%
[R5] state=follower leader=1 term=1 cov=27.1%/100.0%
[R5] state=follower leader=1 term=1 cov=27.1%/100.0%
[R5] state=follower leader=1 term=1 cov=27.1%/100.0%
[R5] state=follower leader=1 term=1 cov=27.1%/100.0%
[R5] state=follower leader=1 term=1 cov=27.1%/100.0%
[R5] state=follower leader=1 term=1 cov=27.1%/100.0%
[R5] state=follower leader=1 term=1 cov=27.1%/100.0%
[R5] state=follower leader=1 term=1 cov=27.1%/100.0%
[R5] state=follower leader=1 term=1 cov=27.1%/100.0%
[R5] state=follower leader=1 term=1 cov=27.1%/100.0%
[R5] state=follower leader=1 term=1 cov=27.1%/100.0%
[R5] state=follower leader=1 term=1 cov=27.1%/100.0%
[R5] state=follower leader=1 term=1 cov=27.1%/100.0%
[R5] state=follower leader=1 term=1 cov=27.1%/100.0%
[R5] state=follower leader=1 term=1 cov=27.1%/100.0%
[R5] state=follower leader=1 term=1 cov=27.1%/100.0%
[R5] state=follower leader=1 term=1 cov=27.1%/100.0%
[R5] state=follower leader=1 term=1 cov=27.1%/100.0%
[R5] state=follower leader=1 term=1 cov=27.1%/100.0%
[R5] state=follower leader=1 term=1 cov=27.1%/100.0%
[R5] state=follower leader=1 term=1 cov=27.1%/100.0%
[R5] state=follower leader=1 term=1 cov=27.1%/100.0%
[R5] state=follower leader=1 term=1 cov=27.1%/100.0%
[R5] state=follower leader=1 term=1 cov=27.1%/100.0%
[R5] state=follower leader=1 term=1 cov=27.1%/100.0%
[R5] state=follower leader=1 term=1 cov=27.1%/100.0%
[R5] state=follower leader=1 term=1 cov=27.1%/100.0%
[R5] state=follower leader=1 term=1 cov=27.1%/100.0%
[R5] state=follower leader=1 term=1 cov=27.1%/100.0%
[R5] state=follower leader=1 term=1 cov=27.1%/100.0%
[R5] state=follower leader=1 term=1 cov=27.1%/100.0%
[R5] state=follower leader=1 term=1 cov=27.1%/100.0%
[R5] state=follower leader=1 term=1 cov=27.1%/100.0%
[R5] state=follower leader=1 term=1 cov=27.1%/100.0%
[R5] state=follower leader=1 term=1 cov=27.1%/100.0%
[R5] state=follower leader=1 term=1 cov=27.1%/100.0%
[R5] state=follower leader=1 term=1 cov=27.1%/100.0%
[R5] state=follower leader=1 term=1 cov=27.1%/100.0%
