[WARN] Hardware modules not available - simulation mode
=== RAFT Baseline - Robot 1 [SIM] ===
NO TRUST. Heartbeat timeout only.

  Logging to: logs/raft_1_20260226_172754.jsonl
Initializing hardware...
  Hardware: SIMULATED
[INFO] Position socket listening on port 6101
[INFO] Peer socket listening on port 6201
[INFO] Fault socket listening on port 6301
Ready!

Running RAFT baseline... Press Ctrl+C to stop

[R1] state=follower leader=None term=0 cov=0.0%/0.0%
[R1] state=follower leader=5 term=1 cov=0.5%/0.5%
[R1] state=follower leader=5 term=1 cov=1.6%/10.4%
[R1] state=follower leader=5 term=1 cov=3.1%/21.9%
[R1] state=follower leader=5 term=1 cov=4.7%/32.8%
[R1] state=follower leader=5 term=1 cov=6.8%/43.8%
[R1] state=follower leader=5 term=1 cov=8.3%/55.7%
[R1] state=follower leader=5 term=1 cov=9.9%/65.6%
[R1] state=follower leader=5 term=1 cov=11.5%/75.0%
[R1] state=follower leader=5 term=1 cov=12.5%/84.9%
[R1] state=follower leader=5 term=1 cov=14.1%/93.8%
[R1] state=follower leader=5 term=1 cov=17.7%/97.4%
[R1] state=follower leader=5 term=1 cov=20.3%/99.0%
[R1] state=follower leader=5 term=1 cov=24.5%/100.0%
[R1] state=follower leader=5 term=1 cov=26.0%/100.0%
[R1] state=follower leader=5 term=1 cov=26.6%/100.0%
[FAULT] BAD_LEADER mode - will send bad assignments (Raft CANNOT detect this)
[R1] state=follower leader=5 term=1 cov=26.6%/100.0%
[R1] state=follower leader=5 term=1 cov=26.6%/100.0%
[R1] state=follower leader=5 term=1 cov=26.6%/100.0%
[R1] state=follower leader=5 term=1 cov=26.6%/100.0%
[R1] state=follower leader=5 term=1 cov=26.6%/100.0%
[R1] state=follower leader=5 term=1 cov=26.6%/100.0%
[R1] state=follower leader=5 term=1 cov=26.6%/100.0%
[R1] state=follower leader=5 term=1 cov=26.6%/100.0%
[R1] state=follower leader=5 term=1 cov=26.6%/100.0%
[R1] state=follower leader=5 term=1 cov=26.6%/100.0%
[R1] state=follower leader=5 term=1 cov=26.6%/100.0%
[R1] state=follower leader=5 term=1 cov=26.6%/100.0%
[R1] state=follower leader=5 term=1 cov=26.6%/100.0%
[R1] state=follower leader=5 term=1 cov=26.6%/100.0%
[R1] state=follower leader=5 term=1 cov=26.6%/100.0%
[R1] state=follower leader=5 term=1 cov=26.6%/100.0%
[R1] state=follower leader=5 term=1 cov=26.6%/100.0%
[R1] state=follower leader=5 term=1 cov=26.6%/100.0%
[R1] state=follower leader=5 term=1 cov=26.6%/100.0%
[R1] state=follower leader=5 term=1 cov=26.6%/100.0%
[R1] state=follower leader=5 term=1 cov=26.6%/100.0%
[R1] state=follower leader=5 term=1 cov=26.6%/100.0%
[R1] state=follower leader=5 term=1 cov=26.6%/100.0%
[R1] state=follower leader=5 term=1 cov=26.6%/100.0%
[R1] state=follower leader=5 term=1 cov=26.6%/100.0%
[R1] state=follower leader=5 term=1 cov=26.6%/100.0%
[R1] state=follower leader=5 term=1 cov=26.6%/100.0%
[R1] state=follower leader=5 term=1 cov=26.6%/100.0%
[R1] state=follower leader=5 term=1 cov=26.6%/100.0%
[R1] state=follower leader=5 term=1 cov=26.6%/100.0%
[R1] state=follower leader=5 term=1 cov=26.6%/100.0%
[R1] state=follower leader=5 term=1 cov=26.6%/100.0%
[R1] state=follower leader=5 term=1 cov=26.6%/100.0%
[R1] state=follower leader=5 term=1 cov=26.6%/100.0%
[R1] state=follower leader=5 term=1 cov=26.6%/100.0%
[R1] state=follower leader=5 term=1 cov=26.6%/100.0%
[R1] state=follower leader=5 term=1 cov=26.6%/100.0%
[R1] state=follower leader=5 term=1 cov=26.6%/100.0%
[R1] state=follower leader=5 term=1 cov=26.6%/100.0%
[R1] state=follower leader=5 term=1 cov=26.6%/100.0%
[R1] state=follower leader=5 term=1 cov=26.6%/100.0%
[R1] state=follower leader=5 term=1 cov=26.6%/100.0%
[R1] state=follower leader=5 term=1 cov=26.6%/100.0%
[R1] state=follower leader=5 term=1 cov=26.6%/100.0%
[R1] state=follower leader=5 term=1 cov=26.6%/100.0%
