[WARN] Hardware modules not available - simulation mode
=== RAFT Baseline - Robot 5 [SIM] ===
NO TRUST. Heartbeat timeout only.

  Logging to: logs/raft_5_20260226_172754.jsonl
Initializing hardware...
  Hardware: SIMULATED
[INFO] Position socket listening on port 6105
[INFO] Peer socket listening on port 6205
[INFO] Fault socket listening on port 6305
Ready!

Running RAFT baseline... Press Ctrl+C to stop

[R5] state=follower leader=None term=0 cov=0.0%/0.0%
[RAFT] Starting election, term 1
[RAFT] Became leader, term 1
[R5] state=leader leader=5 term=1 cov=0.5%/0.5%
[R5] state=leader leader=5 term=1 cov=3.1%/10.4%
[R5] state=leader leader=5 term=1 cov=6.2%/21.9%
[R5] state=leader leader=5 term=1 cov=8.9%/32.8%
[R5] state=leader leader=5 term=1 cov=12.0%/45.8%
[R5] state=leader leader=5 term=1 cov=15.1%/55.7%
[R5] state=leader leader=5 term=1 cov=18.8%/65.6%
[R5] state=leader leader=5 term=1 cov=21.9%/76.0%
[R5] state=leader leader=5 term=1 cov=24.5%/84.9%
[R5] state=leader leader=5 term=1 cov=28.1%/93.8%
[R5] state=leader leader=5 term=1 cov=31.8%/97.4%
[R5] state=leader leader=5 term=1 cov=34.4%/99.0%
[R5] state=leader leader=5 term=1 cov=38.0%/100.0%
[R5] state=leader leader=5 term=1 cov=39.1%/100.0%
[R5] state=leader leader=5 term=1 cov=39.1%/100.0%
[R5] state=leader leader=5 term=1 cov=39.1%/100.0%
[R5] state=leader leader=5 term=1 cov=39.1%/100.0%
[R5] state=leader leader=5 term=1 cov=39.1%/100.0%
[R5] state=leader leader=5 term=1 cov=39.1%/100.0%
[R5] state=leader leader=5 term=1 cov=39.1%/100.0%
[R5] state=leader leader=5 term=1 cov=39.1%/100.0%
[R5] state=leader leader=5 term=1 cov=39.1%/100.0%
[R5] state=leader leader=5 term=1 cov=39.1%/100.0%
[R5] state=leader leader=5 term=1 cov=39.1%/100.0%
[R5] state=leader leader=5 term=1 cov=39.1%/100.0%
[R5] state=leader leader=5 term=1 cov=39.1%/100.0%
[R5] state=leader leader=5 term=1 cov=39.1%/100.0%
[R5] state=leader leader=5 term=1 cov=39.1%/100.0%
[R5] state=leader leader=5 term=1 cov=39.1%/100.0%
[R5] state=leader leader=5 term=1 cov=39.1%/100.0%
[R5] state=leader leader=5 term=1 cov=39.1%/100.0%
[R5] state=leader leader=5 term=1 cov=39.1%/100.0%
[R5] state=leader leader=5 term=1 cov=39.1%/100.0%
[R5] state=leader leader=5 term=1 cov=39.1%/100.0%
[R5] state=leader leader=5 term=1 cov=39.1%/100.0%
[R5] state=leader leader=5 term=1 cov=39.1%/100.0%
[R5] state=leader leader=5 term=1 cov=39.1%/100.0%
[R5] state=leader leader=5 term=1 cov=39.1%/100.0%
[R5] state=leader leader=5 term=1 cov=39.1%/100.0%
[R5] state=leader leader=5 term=1 cov=39.1%/100.0%
[R5] state=leader leader=5 term=1 cov=39.1%/100.0%
[R5] state=leader leader=5 term=1 cov=39.1%/100.0%
[R5] state=leader leader=5 term=1 cov=39.1%/100.0%
[R5] state=leader leader=5 term=1 cov=39.1%/100.0%
[R5] state=leader leader=5 term=1 cov=39.1%/100.0%
[R5] state=leader leader=5 term=1 cov=39.1%/100.0%
[R5] state=leader leader=5 term=1 cov=39.1%/100.0%
[R5] state=leader leader=5 term=1 cov=39.1%/100.0%
[R5] state=leader leader=5 term=1 cov=39.1%/100.0%
[R5] state=leader leader=5 term=1 cov=39.1%/100.0%
[R5] state=leader leader=5 term=1 cov=39.1%/100.0%
[R5] state=leader leader=5 term=1 cov=39.1%/100.0%
[R5] state=leader leader=5 term=1 cov=39.1%/100.0%
[R5] state=leader leader=5 term=1 cov=39.1%/100.0%
[R5] state=leader leader=5 term=1 cov=39.1%/100.0%
[R5] state=leader leader=5 term=1 cov=39.1%/100.0%
[R5] state=leader leader=5 term=1 cov=39.1%/100.0%
[R5] state=leader leader=5 term=1 cov=39.1%/100.0%
[R5] state=leader leader=5 term=1 cov=39.1%/100.0%
[R5] state=leader leader=5 term=1 cov=39.1%/100.0%
