[WARN] Hardware modules not available - simulation mode
=== RAFT Baseline - Robot 5 [SIM] ===
NO TRUST. Heartbeat timeout only.

  Logging to: logs/raft_5_20260226_163017.jsonl
Initializing hardware...
  Hardware: SIMULATED
[INFO] Position socket listening on port 24105
[INFO] Peer socket listening on port 24205
[INFO] Fault socket listening on port 24305
Ready!

Running RAFT baseline... Press Ctrl+C to stop

[R5] state=follower leader=None term=0 cov=0.0%/0.0%
[R5] state=follower leader=4 term=1 cov=0.5%/1.6%
[R5] state=follower leader=4 term=1 cov=2.6%/9.9%
[R5] state=follower leader=4 term=1 cov=5.7%/18.2%
[R5] state=follower leader=4 term=1 cov=7.8%/25.5%
[R5] state=follower leader=4 term=1 cov=10.9%/31.8%
[R5] state=follower leader=4 term=1 cov=12.5%/38.0%
[R5] state=follower leader=4 term=1 cov=14.6%/45.3%
[R5] state=follower leader=4 term=1 cov=16.7%/52.6%
[R5] state=follower leader=4 term=1 cov=19.8%/62.0%
[R5] state=follower leader=4 term=1 cov=21.4%/67.7%
[R5] state=follower leader=4 term=1 cov=23.4%/75.5%
[R5] state=follower leader=4 term=1 cov=25.0%/82.3%
[R5] state=follower leader=4 term=1 cov=26.6%/89.1%
[R5] state=follower leader=4 term=1 cov=28.6%/95.8%
[R5] state=follower leader=4 term=1 cov=29.7%/99.0%
[R5] state=follower leader=4 term=1 cov=30.2%/100.0%
[R5] state=follower leader=4 term=1 cov=30.2%/100.0%
[R5] state=follower leader=4 term=1 cov=30.2%/100.0%
[R5] state=follower leader=4 term=1 cov=30.2%/100.0%
[R5] state=follower leader=4 term=1 cov=30.2%/100.0%
[R5] state=follower leader=4 term=1 cov=30.2%/100.0%
[R5] state=follower leader=4 term=1 cov=30.2%/100.0%
[R5] state=follower leader=4 term=1 cov=30.2%/100.0%
[R5] state=follower leader=4 term=1 cov=30.2%/100.0%
[R5] state=follower leader=4 term=1 cov=30.2%/100.0%
[R5] state=follower leader=4 term=1 cov=30.2%/100.0%
[R5] state=follower leader=4 term=1 cov=30.2%/100.0%
[R5] state=follower leader=4 term=1 cov=30.2%/100.0%
[R5] state=follower leader=4 term=1 cov=30.2%/100.0%
[R5] state=follower leader=4 term=1 cov=30.2%/100.0%
[R5] state=follower leader=4 term=1 cov=30.2%/100.0%
[R5] state=follower leader=4 term=1 cov=30.2%/100.0%
[R5] state=follower leader=4 term=1 cov=30.2%/100.0%
[R5] state=follower leader=4 term=1 cov=30.2%/100.0%
[R5] state=follower leader=4 term=1 cov=30.2%/100.0%
[R5] state=follower leader=4 term=1 cov=30.2%/100.0%
[R5] state=follower leader=4 term=1 cov=30.2%/100.0%
[R5] state=follower leader=4 term=1 cov=30.2%/100.0%
[R5] state=follower leader=4 term=1 cov=30.2%/100.0%
[R5] state=follower leader=4 term=1 cov=30.2%/100.0%
[R5] state=follower leader=4 term=1 cov=30.2%/100.0%
[R5] state=follower leader=4 term=1 cov=30.2%/100.0%
[R5] state=follower leader=4 term=1 cov=30.2%/100.0%
[R5] state=follower leader=4 term=1 cov=30.2%/100.0%
[R5] state=follower leader=4 term=1 cov=30.2%/100.0%
[R5] state=follower leader=4 term=1 cov=30.2%/100.0%
[R5] state=follower leader=4 term=1 cov=30.2%/100.0%
[R5] state=follower leader=4 term=1 cov=30.2%/100.0%
[R5] state=follower leader=4 term=1 cov=30.2%/100.0%
[R5] state=follower leader=4 term=1 cov=30.2%/100.0%
[R5] state=follower leader=4 term=1 cov=30.2%/100.0%
[R5] state=follower leader=4 term=1 cov=30.2%/100.0%
[R5] state=follower leader=4 term=1 cov=30.2%/100.0%
[R5] state=follower leader=4 term=1 cov=30.2%/100.0%
[R5] state=follower leader=4 term=1 cov=30.2%/100.0%
[R5] state=follower leader=4 term=1 cov=30.2%/100.0%
[R5] state=follower leader=4 term=1 cov=30.2%/100.0%
[R5] state=follower leader=4 term=1 cov=30.2%/100.0%
[R5] state=follower leader=4 term=1 cov=30.2%/100.0%
[R5] state=follower leader=4 term=1 cov=30.2%/100.0%
[R5] state=follower leader=4 term=1 cov=30.2%/100.0%
[R5] state=follower leader=4 term=1 cov=30.2%/100.0%
[R5] state=follower leader=4 term=1 cov=30.2%/100.0%
[R5] state=follower leader=4 term=1 cov=30.2%/100.0%
[R5] state=follower leader=4 term=1 cov=30.2%/100.0%
[R5] state=follower leader=4 term=1 cov=30.2%/100.0%
[R5] state=follower leader=4 term=1 cov=30.2%/100.0%
[R5] state=follower leader=4 term=1 cov=30.2%/100.0%
