[WARN] Hardware modules not available - simulation mode
=== RAFT Baseline - Robot 2 [SIM] ===
NO TRUST. Heartbeat timeout only.

  Logging to: logs/raft_2_20260226_163017.jsonl
Initializing hardware...
  Hardware: SIMULATED
[INFO] Position socket listening on port 24102
[INFO] Peer socket listening on port 24202
[INFO] Fault socket listening on port 24302
Ready!

Running RAFT baseline... Press Ctrl+C to stop

[R2] state=follower leader=None term=0 cov=0.0%/0.0%
[R2] state=follower leader=4 term=1 cov=0.0%/1.6%
[R2] state=follower leader=4 term=1 cov=0.0%/9.9%
[R2] state=follower leader=4 term=1 cov=0.0%/18.2%
[R2] state=follower leader=4 term=1 cov=0.0%/25.5%
[R2] state=follower leader=4 term=1 cov=0.0%/31.8%
[R2] state=follower leader=4 term=1 cov=0.0%/38.0%
[R2] state=follower leader=4 term=1 cov=0.0%/45.3%
[R2] state=follower leader=4 term=1 cov=0.0%/52.6%
[R2] state=follower leader=4 term=1 cov=0.0%/60.9%
[R2] state=follower leader=4 term=1 cov=0.0%/67.7%
[R2] state=follower leader=4 term=1 cov=0.0%/75.0%
[R2] state=follower leader=4 term=1 cov=0.0%/82.3%
[R2] state=follower leader=4 term=1 cov=0.0%/89.1%
[R2] state=follower leader=4 term=1 cov=0.0%/95.3%
[R2] state=follower leader=4 term=1 cov=0.0%/99.0%
[R2] state=follower leader=4 term=1 cov=0.0%/99.5%
[R2] state=follower leader=4 term=1 cov=0.0%/100.0%
[R2] state=follower leader=4 term=1 cov=0.0%/100.0%
[R2] state=follower leader=4 term=1 cov=0.0%/100.0%
[R2] state=follower leader=4 term=1 cov=0.0%/100.0%
[R2] state=follower leader=4 term=1 cov=0.0%/100.0%
[R2] state=follower leader=4 term=1 cov=0.0%/100.0%
[R2] state=follower leader=4 term=1 cov=0.0%/100.0%
[R2] state=follower leader=4 term=1 cov=0.0%/100.0%
[R2] state=follower leader=4 term=1 cov=0.0%/100.0%
[R2] state=follower leader=4 term=1 cov=0.0%/100.0%
[R2] state=follower leader=4 term=1 cov=0.0%/100.0%
[R2] state=follower leader=4 term=1 cov=0.0%/100.0%
[R2] state=follower leader=4 term=1 cov=0.0%/100.0%
[R2] state=follower leader=4 term=1 cov=0.0%/100.0%
[R2] state=follower leader=4 term=1 cov=0.0%/100.0%
[R2] state=follower leader=4 term=1 cov=0.0%/100.0%
[R2] state=follower leader=4 term=1 cov=0.0%/100.0%
[R2] state=follower leader=4 term=1 cov=0.0%/100.0%
[R2] state=follower leader=4 term=1 cov=0.0%/100.0%
[R2] state=follower leader=4 term=1 cov=0.0%/100.0%
[R2] state=follower leader=4 term=1 cov=0.0%/100.0%
[R2] state=follower leader=4 term=1 cov=0.0%/100.0%
[R2] state=follower leader=4 term=1 cov=0.0%/100.0%
[R2] state=follower leader=4 term=1 cov=0.0%/100.0%
[R2] state=follower leader=4 term=1 cov=0.0%/100.0%
[R2] state=follower leader=4 term=1 cov=0.0%/100.0%
[R2] state=follower leader=4 term=1 cov=0.0%/100.0%
[R2] state=follower leader=4 term=1 cov=0.0%/100.0%
[R2] state=follower leader=4 term=1 cov=0.0%/100.0%
[R2] state=follower leader=4 term=1 cov=0.0%/100.0%
[R2] state=follower leader=4 term=1 cov=0.0%/100.0%
[R2] state=follower leader=4 term=1 cov=0.0%/100.0%
[R2] state=follower leader=4 term=1 cov=0.0%/100.0%
[R2] state=follower leader=4 term=1 cov=0.0%/100.0%
[R2] state=follower leader=4 term=1 cov=0.0%/100.0%
[R2] state=follower leader=4 term=1 cov=0.0%/100.0%
[R2] state=follower leader=4 term=1 cov=0.0%/100.0%
[R2] state=follower leader=4 term=1 cov=0.0%/100.0%
[R2] state=follower leader=4 term=1 cov=0.0%/100.0%
[R2] state=follower leader=4 term=1 cov=0.0%/100.0%
[R2] state=follower leader=4 term=1 cov=0.0%/100.0%
[R2] state=follower leader=4 term=1 cov=0.0%/100.0%
[R2] state=follower leader=4 term=1 cov=0.0%/100.0%
[R2] state=follower leader=4 term=1 cov=0.0%/100.0%
[R2] state=follower leader=4 term=1 cov=0.0%/100.0%
[R2] state=follower leader=4 term=1 cov=0.0%/100.0%
[R2] state=follower leader=4 term=1 cov=0.0%/100.0%
[R2] state=follower leader=4 term=1 cov=0.0%/100.0%
[R2] state=follower leader=4 term=1 cov=0.0%/100.0%
[R2] state=follower leader=4 term=1 cov=0.0%/100.0%
[R2] state=follower leader=4 term=1 cov=0.0%/100.0%
[R2] state=follower leader=4 term=1 cov=0.0%/100.0%
