[WARN] Hardware modules not available - simulation mode
=== RAFT Baseline - Robot 5 [SIM] ===
NO TRUST. Heartbeat timeout only.

  Logging to: logs/raft_5_20260226_163238.jsonl
Initializing hardware...
  Hardware: SIMULATED
[INFO] Position socket listening on port 5105
[INFO] Peer socket listening on port 5205
[INFO] Fault socket listening on port 5305
Ready!

Running RAFT baseline... Press Ctrl+C to stop

[R5] state=follower leader=None term=0 cov=0.0%/0.0%
[R5] state=follower leader=3 term=1 cov=0.5%/0.5%
[R5] state=follower leader=3 term=1 cov=3.6%/13.5%
[R5] state=follower leader=3 term=1 cov=6.8%/28.1%
[R5] state=follower leader=3 term=1 cov=8.3%/35.9%
[R5] state=follower leader=3 term=1 cov=10.4%/44.8%
[R5] state=follower leader=3 term=1 cov=12.0%/52.1%
[R5] state=follower leader=3 term=1 cov=13.5%/59.4%
[R5] state=follower leader=3 term=1 cov=15.6%/67.7%
[R5] state=follower leader=3 term=1 cov=18.8%/78.6%
[R5] state=follower leader=3 term=1 cov=21.4%/90.1%
[R5] state=follower leader=3 term=1 cov=22.4%/96.4%
[R5] state=follower leader=3 term=1 cov=24.5%/99.5%
[R5] state=follower leader=3 term=1 cov=24.5%/100.0%
[R5] state=follower leader=3 term=1 cov=24.5%/100.0%
[R5] state=follower leader=3 term=1 cov=24.5%/100.0%
[R5] state=follower leader=3 term=1 cov=24.5%/100.0%
[R5] state=follower leader=3 term=1 cov=24.5%/100.0%
[R5] state=follower leader=3 term=1 cov=24.5%/100.0%
[R5] state=follower leader=3 term=1 cov=24.5%/100.0%
[R5] state=follower leader=3 term=1 cov=24.5%/100.0%
[R5] state=follower leader=3 term=1 cov=24.5%/100.0%
[R5] state=follower leader=3 term=1 cov=24.5%/100.0%
[R5] state=follower leader=3 term=1 cov=24.5%/100.0%
[R5] state=follower leader=3 term=1 cov=24.5%/100.0%
[R5] state=follower leader=3 term=1 cov=24.5%/100.0%
[R5] state=follower leader=3 term=1 cov=24.5%/100.0%
[R5] state=follower leader=3 term=1 cov=24.5%/100.0%
[R5] state=follower leader=3 term=1 cov=24.5%/100.0%
[R5] state=follower leader=3 term=1 cov=24.5%/100.0%
[R5] state=follower leader=3 term=1 cov=24.5%/100.0%
[R5] state=follower leader=3 term=1 cov=24.5%/100.0%
[R5] state=follower leader=3 term=1 cov=24.5%/100.0%
[R5] state=follower leader=3 term=1 cov=24.5%/100.0%
[R5] state=follower leader=3 term=1 cov=24.5%/100.0%
[R5] state=follower leader=3 term=1 cov=24.5%/100.0%
[R5] state=follower leader=3 term=1 cov=24.5%/100.0%
[R5] state=follower leader=3 term=1 cov=24.5%/100.0%
[R5] state=follower leader=3 term=1 cov=24.5%/100.0%
[R5] state=follower leader=3 term=1 cov=24.5%/100.0%
[R5] state=follower leader=3 term=1 cov=24.5%/100.0%
[R5] state=follower leader=3 term=1 cov=24.5%/100.0%
[R5] state=follower leader=3 term=1 cov=24.5%/100.0%
[R5] state=follower leader=3 term=1 cov=24.5%/100.0%
[R5] state=follower leader=3 term=1 cov=24.5%/100.0%
[R5] state=follower leader=3 term=1 cov=24.5%/100.0%
[R5] state=follower leader=3 term=1 cov=24.5%/100.0%
[R5] state=follower leader=3 term=1 cov=24.5%/100.0%
[R5] state=follower leader=3 term=1 cov=24.5%/100.0%
[R5] state=follower leader=3 term=1 cov=24.5%/100.0%
[R5] state=follower leader=3 term=1 cov=24.5%/100.0%
[R5] state=follower leader=3 term=1 cov=24.5%/100.0%
[R5] state=follower leader=3 term=1 cov=24.5%/100.0%
[R5] state=follower leader=3 term=1 cov=24.5%/100.0%
[R5] state=follower leader=3 term=1 cov=24.5%/100.0%
[R5] state=follower leader=3 term=1 cov=24.5%/100.0%
[R5] state=follower leader=3 term=1 cov=24.5%/100.0%
[R5] state=follower leader=3 term=1 cov=24.5%/100.0%
[R5] state=follower leader=3 term=1 cov=24.5%/100.0%
[R5] state=follower leader=3 term=1 cov=24.5%/100.0%
[R5] state=follower leader=3 term=1 cov=24.5%/100.0%
[R5] state=follower leader=3 term=1 cov=24.5%/100.0%
[R5] state=follower leader=3 term=1 cov=24.5%/100.0%
[R5] state=follower leader=3 term=1 cov=24.5%/100.0%
[R5] state=follower leader=3 term=1 cov=24.5%/100.0%
[R5] state=follower leader=3 term=1 cov=24.5%/100.0%
[R5] state=follower leader=3 term=1 cov=24.5%/100.0%
[R5] state=follower leader=3 term=1 cov=24.5%/100.0%
[R5] state=follower leader=3 term=1 cov=24.5%/100.0%
[R5] state=follower leader=3 term=1 cov=24.5%/100.0%
