[WARN] Hardware modules not available - simulation mode
=== RAFT Baseline - Robot 1 [SIM] ===
NO TRUST. Heartbeat timeout only.

  Logging to: logs/raft_1_20260226_002628.jsonl
Initializing hardware...
  Hardware: SIMULATED
[INFO] Position socket listening on port 18101
[INFO] Peer socket listening on port 18201
[INFO] Fault socket listening on port 18301
Ready!

Running RAFT baseline... Press Ctrl+C to stop

[R1] state=follower leader=None term=0 cov=0.0%/0.0%
[R1] state=follower leader=3 term=1 cov=0.5%/0.5%
[R1] state=follower leader=3 term=1 cov=1.6%/6.8%
[R1] state=follower leader=3 term=1 cov=2.1%/9.9%
[R1] state=follower leader=3 term=1 cov=3.1%/15.1%
[R1] state=follower leader=3 term=1 cov=4.2%/20.3%
[R1] state=follower leader=3 term=1 cov=4.7%/23.4%
[R1] state=follower leader=3 term=1 cov=5.7%/28.1%
[R1] state=follower leader=3 term=1 cov=7.3%/33.9%
[R1] state=follower leader=3 term=1 cov=7.8%/37.0%
[R1] state=follower leader=3 term=1 cov=8.9%/42.2%
[R1] state=follower leader=3 term=1 cov=9.9%/46.4%
[R1] state=follower leader=3 term=1 cov=10.4%/50.0%
[R1] state=follower leader=3 term=1 cov=11.5%/54.7%
[R1] state=follower leader=3 term=1 cov=12.5%/58.3%
[R1] state=follower leader=3 term=1 cov=13.5%/61.5%
[R1] state=follower leader=3 term=1 cov=14.6%/66.1%
[R1] state=follower leader=3 term=1 cov=15.1%/69.3%
[R1] state=follower leader=3 term=1 cov=15.6%/71.9%
[R1] state=follower leader=3 term=1 cov=15.6%/73.4%
[R1] state=follower leader=3 term=1 cov=16.1%/77.1%
[R1] state=follower leader=3 term=1 cov=17.2%/81.8%
[R1] state=follower leader=3 term=1 cov=18.2%/87.0%
[R1] state=follower leader=3 term=1 cov=18.8%/89.1%
[R1] state=follower leader=3 term=1 cov=19.8%/92.7%
[R1] state=follower leader=3 term=1 cov=20.8%/95.8%
[R1] state=follower leader=3 term=1 cov=21.4%/98.4%
[R1] state=follower leader=3 term=1 cov=21.9%/100.0%
[R1] state=follower leader=3 term=1 cov=22.4%/100.0%
[R1] state=follower leader=3 term=1 cov=22.4%/100.0%
[R1] state=follower leader=3 term=1 cov=22.4%/100.0%
[R1] state=follower leader=3 term=1 cov=22.4%/100.0%
[R1] state=follower leader=3 term=1 cov=22.4%/100.0%
[R1] state=follower leader=3 term=1 cov=22.4%/100.0%
[R1] state=follower leader=3 term=1 cov=22.4%/100.0%
[R1] state=follower leader=3 term=1 cov=22.4%/100.0%
[R1] state=follower leader=3 term=1 cov=22.4%/100.0%
[R1] state=follower leader=3 term=1 cov=22.4%/100.0%
[R1] state=follower leader=3 term=1 cov=22.4%/100.0%
[R1] state=follower leader=3 term=1 cov=22.4%/100.0%
[R1] state=follower leader=3 term=1 cov=22.4%/100.0%
[R1] state=follower leader=3 term=1 cov=22.4%/100.0%
[R1] state=follower leader=3 term=1 cov=22.4%/100.0%
[R1] state=follower leader=3 term=1 cov=22.4%/100.0%
[R1] state=follower leader=3 term=1 cov=22.4%/100.0%
[R1] state=follower leader=3 term=1 cov=22.4%/100.0%
[R1] state=follower leader=3 term=1 cov=22.4%/100.0%
[R1] state=follower leader=3 term=1 cov=22.4%/100.0%
[R1] state=follower leader=3 term=1 cov=22.4%/100.0%
[R1] state=follower leader=3 term=1 cov=22.4%/100.0%
[R1] state=follower leader=3 term=1 cov=22.4%/100.0%
[R1] state=follower leader=3 term=1 cov=22.4%/100.0%
[R1] state=follower leader=3 term=1 cov=22.4%/100.0%
[R1] state=follower leader=3 term=1 cov=22.4%/100.0%
[R1] state=follower leader=3 term=1 cov=22.4%/100.0%
[R1] state=follower leader=3 term=1 cov=22.4%/100.0%
[R1] state=follower leader=3 term=1 cov=22.4%/100.0%
[R1] state=follower leader=3 term=1 cov=22.4%/100.0%
[R1] state=follower leader=3 term=1 cov=22.4%/100.0%
[R1] state=follower leader=3 term=1 cov=22.4%/100.0%
[R1] state=follower leader=3 term=1 cov=22.4%/100.0%
