[WARN] Hardware modules not available - simulation mode
=== RAFT Baseline - Robot 5 [SIM] ===
NO TRUST. Heartbeat timeout only.

  Logging to: logs/raft_5_20260226_185236.jsonl
Initializing hardware...
  Hardware: SIMULATED
[INFO] Position socket listening on port 7105
[INFO] Peer socket listening on port 7205
[INFO] Fault socket listening on port 7305
Ready!

Running RAFT baseline... Press Ctrl+C to stop

[R5] state=follower leader=None term=0 cov=0.0%/0.0%
[R5] state=follower leader=3 term=1 cov=0.5%/0.5%
[R5] state=follower leader=3 term=1 cov=2.6%/13.0%
[R5] state=follower leader=3 term=1 cov=5.2%/25.5%
[R5] state=follower leader=3 term=1 cov=7.8%/34.9%
[R5] state=follower leader=3 term=1 cov=10.4%/45.3%
[R5] state=follower leader=3 term=1 cov=13.0%/55.7%
[R5] state=follower leader=3 term=1 cov=15.6%/66.7%
[R5] state=follower leader=3 term=1 cov=17.2%/77.1%
[R5] state=follower leader=3 term=1 cov=19.3%/87.0%
[R5] state=follower leader=3 term=1 cov=21.9%/93.8%
[R5] state=follower leader=3 term=1 cov=25.0%/97.4%
[R5] state=follower leader=3 term=1 cov=26.0%/100.0%
[R5] state=follower leader=3 term=1 cov=26.0%/100.0%
[R5] state=follower leader=3 term=1 cov=26.0%/100.0%
[R5] state=follower leader=3 term=1 cov=26.0%/100.0%
[R5] state=follower leader=3 term=1 cov=26.0%/100.0%
[R5] state=follower leader=3 term=1 cov=26.0%/100.0%
[R5] state=follower leader=3 term=1 cov=26.0%/100.0%
[R5] state=follower leader=3 term=1 cov=26.0%/100.0%
[R5] state=follower leader=3 term=1 cov=26.0%/100.0%
[R5] state=follower leader=3 term=1 cov=26.0%/100.0%
[R5] state=follower leader=3 term=1 cov=26.0%/100.0%
[R5] state=follower leader=3 term=1 cov=26.0%/100.0%
[R5] state=follower leader=3 term=1 cov=26.0%/100.0%
[R5] state=follower leader=3 term=1 cov=26.0%/100.0%
[R5] state=follower leader=3 term=1 cov=26.0%/100.0%
[R5] state=follower leader=3 term=1 cov=26.0%/100.0%
[R5] state=follower leader=3 term=1 cov=26.0%/100.0%
[R5] state=follower leader=3 term=1 cov=26.0%/100.0%
[R5] state=follower leader=3 term=1 cov=26.0%/100.0%
[R5] state=follower leader=3 term=1 cov=26.0%/100.0%
[R5] state=follower leader=3 term=1 cov=26.0%/100.0%
[R5] state=follower leader=3 term=1 cov=26.0%/100.0%
[R5] state=follower leader=3 term=1 cov=26.0%/100.0%
[R5] state=follower leader=3 term=1 cov=26.0%/100.0%
[R5] state=follower leader=3 term=1 cov=26.0%/100.0%
[R5] state=follower leader=3 term=1 cov=26.0%/100.0%
[R5] state=follower leader=3 term=1 cov=26.0%/100.0%
[R5] state=follower leader=3 term=1 cov=26.0%/100.0%
[R5] state=follower leader=3 term=1 cov=26.0%/100.0%
[R5] state=follower leader=3 term=1 cov=26.0%/100.0%
[R5] state=follower leader=3 term=1 cov=26.0%/100.0%
[R5] state=follower leader=3 term=1 cov=26.0%/100.0%
[R5] state=follower leader=3 term=1 cov=26.0%/100.0%
[R5] state=follower leader=3 term=1 cov=26.0%/100.0%
[R5] state=follower leader=3 term=1 cov=26.0%/100.0%
[R5] state=follower leader=3 term=1 cov=26.0%/100.0%
[R5] state=follower leader=3 term=1 cov=26.0%/100.0%
[R5] state=follower leader=3 term=1 cov=26.0%/100.0%
[R5] state=follower leader=3 term=1 cov=26.0%/100.0%
[R5] state=follower leader=3 term=1 cov=26.0%/100.0%
[R5] state=follower leader=3 term=1 cov=26.0%/100.0%
[R5] state=follower leader=3 term=1 cov=26.0%/100.0%
[R5] state=follower leader=3 term=1 cov=26.0%/100.0%
[R5] state=follower leader=3 term=1 cov=26.0%/100.0%
[R5] state=follower leader=3 term=1 cov=26.0%/100.0%
[R5] state=follower leader=3 term=1 cov=26.0%/100.0%
[R5] state=follower leader=3 term=1 cov=26.0%/100.0%
[R5] state=follower leader=3 term=1 cov=26.0%/100.0%
[R5] state=follower leader=3 term=1 cov=26.0%/100.0%
