[WARN] Hardware modules not available - simulation mode
=== RAFT Baseline - Robot 2 [SIM] ===
NO TRUST. Heartbeat timeout only.

  Logging to: logs/raft_2_20260226_002708.jsonl
Initializing hardware...
  Hardware: SIMULATED
[INFO] Position socket listening on port 9102
[INFO] Peer socket listening on port 9202
[INFO] Fault socket listening on port 9302
Ready!

Running RAFT baseline... Press Ctrl+C to stop

[R2] state=follower leader=None term=0 cov=0.0%/0.0%
[R2] state=follower leader=3 term=1 cov=0.5%/0.5%
[R2] state=follower leader=3 term=1 cov=1.0%/7.3%
[R2] state=follower leader=3 term=1 cov=2.1%/12.0%
[R2] state=follower leader=3 term=1 cov=3.1%/17.2%
[R2] state=follower leader=3 term=1 cov=4.2%/21.4%
[R2] state=follower leader=3 term=1 cov=4.7%/25.0%
[R2] state=follower leader=3 term=1 cov=5.7%/30.7%
[R2] state=follower leader=3 term=1 cov=6.8%/34.4%
[R2] state=follower leader=3 term=1 cov=7.3%/39.1%
[R2] state=follower leader=3 term=1 cov=8.3%/43.2%
[R2] state=follower leader=3 term=1 cov=8.9%/46.9%
[R2] state=follower leader=3 term=1 cov=9.9%/51.0%
[R2] state=follower leader=3 term=1 cov=10.9%/56.2%
[R2] state=follower leader=3 term=1 cov=11.5%/58.9%
[R2] state=follower leader=3 term=1 cov=12.0%/63.5%
[R2] state=follower leader=3 term=1 cov=13.5%/67.7%
[R2] state=follower leader=3 term=1 cov=14.1%/69.8%
[R2] state=follower leader=3 term=1 cov=14.6%/72.4%
[R2] state=follower leader=3 term=1 cov=15.6%/75.0%
[R2] state=follower leader=3 term=1 cov=15.6%/77.6%
[R2] state=follower leader=3 term=1 cov=16.1%/80.7%
[R2] state=follower leader=3 term=1 cov=17.2%/83.9%
[R2] state=follower leader=3 term=1 cov=18.2%/87.0%
[R2] state=follower leader=3 term=1 cov=19.3%/89.6%
[R2] state=follower leader=3 term=1 cov=20.3%/92.2%
[R2] state=follower leader=3 term=1 cov=21.4%/94.8%
[R2] state=follower leader=3 term=1 cov=22.4%/96.9%
[R2] state=follower leader=3 term=1 cov=23.4%/97.9%
[R2] state=follower leader=3 term=1 cov=24.0%/100.0%
[R2] state=follower leader=3 term=1 cov=24.5%/100.0%
[R2] state=follower leader=3 term=1 cov=24.5%/100.0%
[R2] state=follower leader=3 term=1 cov=24.5%/100.0%
[R2] state=follower leader=3 term=1 cov=24.5%/100.0%
[R2] state=follower leader=3 term=1 cov=24.5%/100.0%
[R2] state=follower leader=3 term=1 cov=24.5%/100.0%
[R2] state=follower leader=3 term=1 cov=24.5%/100.0%
[R2] state=follower leader=3 term=1 cov=24.5%/100.0%
[R2] state=follower leader=3 term=1 cov=24.5%/100.0%
[R2] state=follower leader=3 term=1 cov=24.5%/100.0%
[R2] state=follower leader=3 term=1 cov=24.5%/100.0%
[R2] state=follower leader=3 term=1 cov=24.5%/100.0%
[R2] state=follower leader=3 term=1 cov=24.5%/100.0%
[R2] state=follower leader=3 term=1 cov=24.5%/100.0%
[R2] state=follower leader=3 term=1 cov=24.5%/100.0%
[R2] state=follower leader=3 term=1 cov=24.5%/100.0%
[R2] state=follower leader=3 term=1 cov=24.5%/100.0%
[R2] state=follower leader=3 term=1 cov=24.5%/100.0%
[R2] state=follower leader=3 term=1 cov=24.5%/100.0%
[R2] state=follower leader=3 term=1 cov=24.5%/100.0%
[R2] state=follower leader=3 term=1 cov=24.5%/100.0%
[R2] state=follower leader=3 term=1 cov=24.5%/100.0%
[R2] state=follower leader=3 term=1 cov=24.5%/100.0%
[R2] state=follower leader=3 term=1 cov=24.5%/100.0%
[R2] state=follower leader=3 term=1 cov=24.5%/100.0%
[R2] state=follower leader=3 term=1 cov=24.5%/100.0%
[R2] state=follower leader=3 term=1 cov=24.5%/100.0%
[R2] state=follower leader=3 term=1 cov=24.5%/100.0%
[R2] state=follower leader=3 term=1 cov=24.5%/100.0%
[R2] state=follower leader=3 term=1 cov=24.5%/100.0%
[R2] state=follower leader=3 term=1 cov=24.5%/100.0%
