[WARN] Hardware modules not available - running in simulation mode
=== REIP Node - Robot 1 [SIM (unique ports)] ===
Trust Model: Three-tier confidence-weighted
  Personal: 1.0, ToF: 1.0, Peer: 0.3
  Suspicion threshold: 1.5, Recovery: 0.1

  Logging to: logs/robot_1_20260226_001741.jsonl
Initializing hardware...
  Hardware: SIMULATED
[INFO] Position socket listening on port 16101
[INFO] Peer socket listening on port 16201
[INFO] Fault socket listening on port 16301
Ready!

=== DECENTRALIZED MODE - No leader coordination ===
=== Detection Bounds: T1=2 cmds, T3=8 cmds | Impeachment: T1=8 cmds, T3=32 cmds ===
Running... Press Ctrl+C to stop

[R1] pos=(0,0) state=exploring leader=None trust=1.00 susp=0.00 cov=0.0%/0.0%
[R1] pos=(918,1242) state=exploring leader=None trust=1.00 susp=0.00 cov=0.5%/2.6%
[R1] pos=(702,1189) state=exploring leader=None trust=1.00 susp=0.00 cov=1.6%/7.8%
[R1] pos=(477,1188) state=exploring leader=None trust=1.00 susp=0.00 cov=2.6%/13.0%
[R1] pos=(227,1188) state=exploring leader=None trust=1.00 susp=0.00 cov=3.6%/18.2%
[R1] pos=(75,1286) state=exploring leader=None trust=1.00 susp=0.00 cov=4.7%/23.4%
[R1] pos=(172,1425) state=exploring leader=None trust=1.00 susp=0.00 cov=5.7%/28.6%
[R1] pos=(296,1364) state=exploring leader=None trust=1.00 susp=0.00 cov=6.8%/32.8%
[R1] pos=(433,1329) state=exploring leader=None trust=1.00 susp=0.00 cov=8.3%/37.0%
[R1] pos=(581,1418) state=exploring leader=None trust=1.00 susp=0.00 cov=9.4%/40.6%
[R1] pos=(757,1320) state=exploring leader=None trust=1.00 susp=0.00 cov=10.9%/45.3%
[R1] pos=(912,1401) state=exploring leader=None trust=1.00 susp=0.00 cov=12.0%/48.4%
[R1] pos=(1043,1268) state=exploring leader=None trust=1.00 susp=0.00 cov=13.0%/52.1%
[R1] pos=(1181,1292) state=exploring leader=None trust=1.00 susp=0.00 cov=14.6%/55.7%
[R1] pos=(1113,1425) state=exploring leader=None trust=1.00 susp=0.00 cov=15.6%/59.4%
[R1] pos=(1298,1376) state=exploring leader=None trust=1.00 susp=0.00 cov=16.1%/62.5%
[R1] pos=(1387,1194) state=exploring leader=None trust=1.00 susp=0.00 cov=17.7%/67.2%
[R1] pos=(1436,1388) state=exploring leader=None trust=1.00 susp=0.00 cov=18.8%/71.4%
[R1] pos=(1559,1303) state=exploring leader=None trust=1.00 susp=0.00 cov=19.8%/77.6%
[R1] pos=(1562,1053) state=exploring leader=None trust=1.00 susp=0.00 cov=20.8%/81.8%
[R1] pos=(1438,940) state=exploring leader=None trust=1.00 susp=0.00 cov=21.9%/85.4%
[R1] pos=(1467,822) state=exploring leader=None trust=1.00 susp=0.00 cov=22.9%/88.0%
[R1] pos=(1675,862) state=exploring leader=None trust=1.00 susp=0.00 cov=24.0%/89.1%
[R1] pos=(1760,935) state=exploring leader=None trust=1.00 susp=0.00 cov=25.0%/90.6%
[R1] pos=(1811,739) state=exploring leader=None trust=1.00 susp=0.00 cov=26.0%/93.2%
[R1] pos=(1925,596) state=exploring leader=None trust=1.00 susp=0.00 cov=27.1%/96.4%
[R1] pos=(1925,597) state=exploring leader=None trust=1.00 susp=0.00 cov=27.6%/99.5%
[R1] pos=(1925,821) state=exploring leader=None trust=1.00 susp=0.00 cov=28.1%/100.0%
[R1] pos=(1925,940) state=exploring leader=None trust=1.00 susp=0.00 cov=28.6%/100.0%
[R1] pos=(1925,940) state=exploring leader=None trust=1.00 susp=0.00 cov=28.6%/100.0%
[R1] pos=(1925,940) state=exploring leader=None trust=1.00 susp=0.00 cov=28.6%/100.0%
[R1] pos=(1925,940) state=exploring leader=None trust=1.00 susp=0.00 cov=28.6%/100.0%
[R1] pos=(1925,940) state=exploring leader=None trust=1.00 susp=0.00 cov=28.6%/100.0%
[R1] pos=(1925,940) state=exploring leader=None trust=1.00 susp=0.00 cov=28.6%/100.0%
[R1] pos=(1925,940) state=exploring leader=None trust=1.00 susp=0.00 cov=28.6%/100.0%
[R1] pos=(1925,940) state=exploring leader=None trust=1.00 susp=0.00 cov=28.6%/100.0%
[R1] pos=(1925,940) state=exploring leader=None trust=1.00 susp=0.00 cov=28.6%/100.0%
[R1] pos=(1925,940) state=exploring leader=None trust=1.00 susp=0.00 cov=28.6%/100.0%
[R1] pos=(1925,940) state=exploring leader=None trust=1.00 susp=0.00 cov=28.6%/100.0%
[R1] pos=(1925,940) state=exploring leader=None trust=1.00 susp=0.00 cov=28.6%/100.0%
[R1] pos=(1925,940) state=exploring leader=None trust=1.00 susp=0.00 cov=28.6%/100.0%
[R1] pos=(1925,940) state=exploring leader=None trust=1.00 susp=0.00 cov=28.6%/100.0%
[R1] pos=(1925,940) state=exploring leader=None trust=1.00 susp=0.00 cov=28.6%/100.0%
[R1] pos=(1925,940) state=exploring leader=None trust=1.00 susp=0.00 cov=28.6%/100.0%
[R1] pos=(1925,940) state=exploring leader=None trust=1.00 susp=0.00 cov=28.6%/100.0%
[R1] pos=(1925,940) state=exploring leader=None trust=1.00 susp=0.00 cov=28.6%/100.0%
[R1] pos=(1925,940) state=exploring leader=None trust=1.00 susp=0.00 cov=28.6%/100.0%
[R1] pos=(1925,940) state=exploring leader=None trust=1.00 susp=0.00 cov=28.6%/100.0%
[R1] pos=(1925,940) state=exploring leader=None trust=1.00 susp=0.00 cov=28.6%/100.0%
[R1] pos=(1925,940) state=exploring leader=None trust=1.00 susp=0.00 cov=28.6%/100.0%
[R1] pos=(1925,940) state=exploring leader=None trust=1.00 susp=0.00 cov=28.6%/100.0%
[R1] pos=(1925,940) state=exploring leader=None trust=1.00 susp=0.00 cov=28.6%/100.0%
[R1] pos=(1925,940) state=exploring leader=None trust=1.00 susp=0.00 cov=28.6%/100.0%
[R1] pos=(1925,940) state=exploring leader=None trust=1.00 susp=0.00 cov=28.6%/100.0%
[R1] pos=(1925,940) state=exploring leader=None trust=1.00 susp=0.00 cov=28.6%/100.0%
[R1] pos=(1925,940) state=exploring leader=None trust=1.00 susp=0.00 cov=28.6%/100.0%
[R1] pos=(1925,940) state=exploring leader=None trust=1.00 susp=0.00 cov=28.6%/100.0%
[R1] pos=(1925,940) state=exploring leader=None trust=1.00 susp=0.00 cov=28.6%/100.0%
[R1] pos=(1925,940) state=exploring leader=None trust=1.00 susp=0.00 cov=28.6%/100.0%
[R1] pos=(1925,940) state=exploring leader=None trust=1.00 susp=0.00 cov=28.6%/100.0%
[R1] pos=(1925,940) state=exploring leader=None trust=1.00 susp=0.00 cov=28.6%/100.0%
