[WARN] Hardware modules not available - simulation mode
=== RAFT Baseline - Robot 1 [SIM] ===
NO TRUST. Heartbeat timeout only.

  Logging to: logs/raft_1_20260226_211220.jsonl
Initializing hardware...
  Hardware: SIMULATED
[INFO] Position socket listening on port 17101
[INFO] Peer socket listening on port 17201
[INFO] Fault socket listening on port 17301
Ready!

Running RAFT baseline... Press Ctrl+C to stop

[R1] state=follower leader=None term=0 cov=0.0%/0.0%
[R1] state=follower leader=2 term=1 cov=0.5%/0.5%
[R1] state=follower leader=2 term=1 cov=2.6%/12.5%
[R1] state=follower leader=2 term=1 cov=4.2%/21.4%
[R1] state=follower leader=2 term=1 cov=5.7%/32.3%
[R1] state=follower leader=2 term=1 cov=6.8%/41.7%
[R1] state=follower leader=2 term=1 cov=7.3%/44.3%
[R1] state=follower leader=2 term=1 cov=7.3%/44.3%
[R1] state=follower leader=2 term=1 cov=7.3%/44.3%
[R1] state=follower leader=2 term=1 cov=7.3%/44.3%
[R1] state=follower leader=2 term=1 cov=7.3%/44.3%
[R1] state=follower leader=2 term=1 cov=7.3%/44.3%
[R1] state=follower leader=2 term=1 cov=7.3%/44.3%
[R1] state=follower leader=2 term=1 cov=7.3%/44.3%
[R1] state=follower leader=2 term=1 cov=7.3%/44.3%
[R1] state=follower leader=2 term=1 cov=7.3%/44.3%
[R1] state=follower leader=2 term=1 cov=7.3%/44.3%
[R1] state=follower leader=2 term=1 cov=7.3%/44.3%
[R1] state=follower leader=2 term=1 cov=7.3%/44.3%
[FAULT] Injected: spin
[R1] state=follower leader=2 term=1 cov=7.8%/46.4%
[R1] state=follower leader=2 term=1 cov=7.8%/47.4%
[R1] state=follower leader=2 term=1 cov=7.8%/47.4%
[R1] state=follower leader=2 term=1 cov=7.8%/47.4%
[R1] state=follower leader=2 term=1 cov=7.8%/47.4%
[R1] state=follower leader=2 term=1 cov=7.8%/48.4%
[R1] state=follower leader=2 term=1 cov=7.8%/51.0%
[R1] state=follower leader=2 term=1 cov=7.8%/54.2%
[R1] state=follower leader=2 term=1 cov=7.8%/57.3%
[R1] state=follower leader=2 term=1 cov=7.8%/60.9%
[R1] state=follower leader=2 term=1 cov=7.8%/63.5%
[R1] state=follower leader=2 term=1 cov=7.8%/63.5%
[R1] state=follower leader=2 term=1 cov=7.8%/68.2%
[R1] state=follower leader=2 term=1 cov=7.8%/72.9%
[R1] state=follower leader=2 term=1 cov=7.8%/77.1%
[R1] state=follower leader=2 term=1 cov=7.8%/77.1%
[R1] state=follower leader=2 term=1 cov=7.8%/77.1%
[R1] state=follower leader=2 term=1 cov=7.8%/77.1%
[R1] state=follower leader=2 term=1 cov=7.8%/77.1%
[R1] state=follower leader=2 term=1 cov=7.8%/77.1%
[R1] state=follower leader=2 term=1 cov=7.8%/79.7%
[R1] state=follower leader=2 term=1 cov=7.8%/79.7%
[R1] state=follower leader=2 term=1 cov=7.8%/79.7%
[R1] state=follower leader=2 term=1 cov=7.8%/79.7%
[R1] state=follower leader=2 term=1 cov=7.8%/79.7%
[R1] state=follower leader=2 term=1 cov=7.8%/79.7%
[R1] state=follower leader=2 term=1 cov=7.8%/80.7%
[R1] state=follower leader=2 term=1 cov=7.8%/83.3%
[R1] state=follower leader=2 term=1 cov=7.8%/88.0%
[R1] state=follower leader=2 term=1 cov=7.8%/88.0%
[R1] state=follower leader=2 term=1 cov=7.8%/90.1%
[R1] state=follower leader=2 term=1 cov=7.8%/90.1%
[R1] state=follower leader=2 term=1 cov=7.8%/95.3%
[R1] state=follower leader=2 term=1 cov=7.8%/99.0%
[R1] state=follower leader=2 term=1 cov=7.8%/99.0%
[R1] state=follower leader=2 term=1 cov=7.8%/99.0%
[R1] state=follower leader=2 term=1 cov=7.8%/99.0%
[R1] state=follower leader=2 term=1 cov=7.8%/99.0%
[R1] state=follower leader=2 term=1 cov=7.8%/99.0%
[R1] state=follower leader=2 term=1 cov=7.8%/99.0%
[R1] state=follower leader=2 term=1 cov=7.8%/99.0%
[R1] state=follower leader=2 term=1 cov=7.8%/99.0%
[R1] state=follower leader=2 term=1 cov=7.8%/99.0%
[R1] state=follower leader=2 term=1 cov=7.8%/99.0%
[R1] state=follower leader=2 term=1 cov=7.8%/99.0%
[R1] state=follower leader=2 term=1 cov=7.8%/99.0%
[R1] state=follower leader=2 term=1 cov=7.8%/99.0%
[R1] state=follower leader=2 term=1 cov=7.8%/99.0%
[R1] state=follower leader=2 term=1 cov=7.8%/99.0%
[R1] state=follower leader=2 term=1 cov=7.8%/99.0%
[R1] state=follower leader=2 term=1 cov=7.8%/99.0%
[R1] state=follower leader=2 term=1 cov=7.8%/99.0%
