[WARN] Hardware modules not available - running in simulation mode
=== REIP Node - Robot 4 [SIM (unique ports)] ===
Trust Model: Three-tier confidence-weighted
  Personal: 1.0, ToF: 1.0, Peer: 0.3
  Suspicion threshold: 1.5, Recovery: 0.1

  Logging to: logs/robot_4_20260226_191024.jsonl
Initializing hardware...
  Hardware: SIMULATED
[INFO] Position socket listening on port 9104
[INFO] Peer socket listening on port 9204
[INFO] Fault socket listening on port 9304
Ready!

=== Detection Bounds: T1=2 cmds, T3=8 cmds | Impeachment: T1=8 cmds, T3=32 cmds ===
Running... Press Ctrl+C to stop

[ELECTION] New leader: 4
[R4] pos=(0,0) state=leader leader=4 trust=1.00 susp=0.00 cov=0.0%/0.0%
[ELECTION] New leader: 1
[R4] pos=(422,1031) state=follower leader=1 trust=1.00 susp=0.00 cov=0.5%/0.5%
[R4] pos=(206,762) state=follower leader=1 trust=1.00 susp=0.00 cov=3.6%/12.5%
[R4] pos=(301,567) state=follower leader=1 trust=1.00 susp=0.00 cov=5.7%/25.0%
[R4] pos=(370,473) state=follower leader=1 trust=1.00 susp=0.00 cov=7.8%/37.5%
[R4] pos=(139,246) state=follower leader=1 trust=1.00 susp=0.00 cov=10.9%/51.0%
[MPC] Moderate mismatch: best alignment 109°, error=0.13
[R4] pos=(176,75) state=follower leader=1 trust=1.00 susp=0.00 cov=12.5%/62.5%
[R4] pos=(75,728) state=follower leader=1 trust=1.00 susp=0.00 cov=14.1%/71.9%
[R4] pos=(294,1187) state=follower leader=1 trust=1.00 susp=0.00 cov=17.2%/83.3%
[R4] pos=(184,1425) state=follower leader=1 trust=1.00 susp=0.00 cov=19.8%/89.6%
[R4] pos=(1058,1157) state=follower leader=1 trust=1.00 susp=0.00 cov=24.5%/95.8%
[R4] pos=(1598,409) state=follower leader=1 trust=1.00 susp=0.00 cov=28.1%/100.0%
[R4] pos=(1925,75) state=follower leader=1 trust=1.00 susp=0.00 cov=29.7%/100.0%
[R4] pos=(1925,75) state=follower leader=1 trust=1.00 susp=0.00 cov=29.7%/100.0%
[R4] pos=(1925,75) state=follower leader=1 trust=1.00 susp=0.00 cov=29.7%/100.0%
[R4] pos=(1925,75) state=follower leader=1 trust=1.00 susp=0.00 cov=29.7%/100.0%
[R4] pos=(1925,75) state=follower leader=1 trust=1.00 susp=0.00 cov=29.7%/100.0%
[TRUST] Bad command #1 (peer_reported): suspicion +0.30 = 0.30
[TRUST] Bad command #2 (peer_reported): suspicion +0.30 = 0.60
[TRUST] Bad command #3 (peer_reported): suspicion +0.30 = 0.90
[TRUST] Bad command #4 (peer_reported): suspicion +0.30 = 1.20
[TRUST] Bad command #5 (peer_reported): suspicion +0.30 = 1.50
[DETECT] First trust decay after 5 bad commands (0.84s) [Theoretical bound: T1=2, T3=8]
[TRUST] Trust decayed: trust=0.80, remaining suspicion=0.00
[TRUST] Bad command #6 (peer_reported): suspicion +0.30 = 0.30
[TRUST] Bad command #7 (peer_reported): suspicion +0.30 = 0.60
[R4] pos=(1698,662) state=follower leader=1 trust=0.80 susp=0.30 cov=32.8%/100.0%
[TRUST] Bad command #8 (personal_visited): suspicion +1.00 = 1.30
[TRUST] Bad command #9 (personal_visited): suspicion +1.00 = 2.30
[TRUST] Trust decayed: trust=0.60, remaining suspicion=0.80
[TRUST] Bad command #10 (personal_visited): suspicion +1.00 = 1.80
[TRUST] Trust decayed: trust=0.40, remaining suspicion=0.30
[TRUST] Bad command #11 (personal_visited): suspicion +1.00 = 1.30
[TRUST] Bad command #12 (personal_visited): suspicion +1.00 = 2.30
[TRUST] Trust decayed: trust=0.20, remaining suspicion=0.80
[TRUST] Bad command #13 (personal_visited): suspicion +1.00 = 1.80
[TRUST] Trust decayed: trust=0.10, remaining suspicion=0.30
[TRUST] Bad command #14 (personal_visited): suspicion +1.00 = 1.30
[TRUST] Bad command #15 (personal_visited): suspicion +1.00 = 2.30
[TRUST] Trust decayed: trust=0.10, remaining suspicion=0.80
[TRUST] Bad command #16 (personal_visited): suspicion +1.00 = 1.80
[TRUST] Trust decayed: trust=0.10, remaining suspicion=0.30
[TRUST] Bad command #17 (personal_visited): suspicion +1.00 = 1.30
[DETECT] IMPEACHMENT after 17 bad commands, 3.98s from first bad command [Bound: T1=8 cmds, T3=32 cmds]
[IMPEACH] Trust too low (0.10), excluding leader 1 from candidates
[ELECTION] Leader 1 impeached (failures=1)
[ELECTION] New leader: 3
[R4] pos=(1692,675) state=follower leader=3 trust=1.00 susp=0.00 cov=32.8%/100.0%
[R4] pos=(1692,675) state=follower leader=3 trust=1.00 susp=0.00 cov=32.8%/100.0%
[R4] pos=(1692,675) state=follower leader=3 trust=1.00 susp=0.00 cov=32.8%/100.0%
[R4] pos=(1692,675) state=follower leader=3 trust=1.00 susp=0.00 cov=32.8%/100.0%
[R4] pos=(1692,675) state=follower leader=3 trust=1.00 susp=0.00 cov=32.8%/100.0%
[R4] pos=(1692,675) state=follower leader=3 trust=1.00 susp=0.00 cov=32.8%/100.0%
[R4] pos=(1692,675) state=follower leader=3 trust=1.00 susp=0.00 cov=32.8%/100.0%
[R4] pos=(1692,675) state=follower leader=3 trust=1.00 susp=0.00 cov=32.8%/100.0%
[R4] pos=(1692,675) state=follower leader=3 trust=1.00 susp=0.00 cov=32.8%/100.0%
[R4] pos=(1692,675) state=follower leader=3 trust=1.00 susp=0.00 cov=32.8%/100.0%
[R4] pos=(1692,675) state=follower leader=3 trust=1.00 susp=0.00 cov=32.8%/100.0%
[R4] pos=(1692,675) state=follower leader=3 trust=1.00 susp=0.00 cov=32.8%/100.0%
[R4] pos=(1692,675) state=follower leader=3 trust=1.00 susp=0.00 cov=32.8%/100.0%
[R4] pos=(1692,675) state=follower leader=3 trust=1.00 susp=0.00 cov=32.8%/100.0%
[R4] pos=(1692,675) state=follower leader=3 trust=1.00 susp=0.00 cov=32.8%/100.0%
[R4] pos=(1692,675) state=follower leader=3 trust=1.00 susp=0.00 cov=32.8%/100.0%
[R4] pos=(1692,675) state=follower leader=3 trust=1.00 susp=0.00 cov=32.8%/100.0%
[R4] pos=(1692,675) state=follower leader=3 trust=1.00 susp=0.00 cov=32.8%/100.0%
[R4] pos=(1692,675) state=follower leader=3 trust=1.00 susp=0.00 cov=32.8%/100.0%
[R4] pos=(1692,675) state=follower leader=3 trust=1.00 susp=0.00 cov=32.8%/100.0%
[R4] pos=(1692,675) state=follower leader=3 trust=1.00 susp=0.00 cov=32.8%/100.0%
[R4] pos=(1692,675) state=follower leader=3 trust=1.00 susp=0.00 cov=32.8%/100.0%
[R4] pos=(1692,675) state=follower leader=3 trust=1.00 susp=0.00 cov=32.8%/100.0%
[R4] pos=(1692,675) state=follower leader=3 trust=1.00 susp=0.00 cov=32.8%/100.0%
[R4] pos=(1692,675) state=follower leader=3 trust=1.00 susp=0.00 cov=32.8%/100.0%
[R4] pos=(1692,675) state=follower leader=3 trust=1.00 susp=0.00 cov=32.8%/100.0%
[R4] pos=(1692,675) state=follower leader=3 trust=1.00 susp=0.00 cov=32.8%/100.0%
[R4] pos=(1692,675) state=follower leader=3 trust=1.00 susp=0.00 cov=32.8%/100.0%
[R4] pos=(1692,675) state=follower leader=3 trust=1.00 susp=0.00 cov=32.8%/100.0%
[R4] pos=(1692,675) state=follower leader=3 trust=1.00 susp=0.00 cov=32.8%/100.0%
[R4] pos=(1692,675) state=follower leader=3 trust=1.00 susp=0.00 cov=32.8%/100.0%
[R4] pos=(1692,675) state=follower leader=3 trust=1.00 susp=0.00 cov=32.8%/100.0%
[R4] pos=(1692,675) state=follower leader=3 trust=1.00 susp=0.00 cov=32.8%/100.0%
[R4] pos=(1692,675) state=follower leader=3 trust=1.00 susp=0.00 cov=32.8%/100.0%
[R4] pos=(1692,675) state=follower leader=3 trust=1.00 susp=0.00 cov=32.8%/100.0%
[R4] pos=(1692,675) state=follower leader=3 trust=1.00 susp=0.00 cov=32.8%/100.0%
[R4] pos=(1692,675) state=follower leader=3 trust=1.00 susp=0.00 cov=32.8%/100.0%
[R4] pos=(1692,675) state=follower leader=3 trust=1.00 susp=0.00 cov=32.8%/100.0%
[R4] pos=(1692,675) state=follower leader=3 trust=1.00 susp=0.00 cov=32.8%/100.0%
[R4] pos=(1692,675) state=follower leader=3 trust=1.00 susp=0.00 cov=32.8%/100.0%
[R4] pos=(1692,675) state=follower leader=3 trust=1.00 susp=0.00 cov=32.8%/100.0%
[R4] pos=(1692,675) state=follower leader=3 trust=1.00 susp=0.00 cov=32.8%/100.0%
[R4] pos=(1692,675) state=follower leader=3 trust=1.00 susp=0.00 cov=32.8%/100.0%
