[WARN] Hardware modules not available - running in simulation mode
=== REIP Node - Robot 2 [SIM (unique ports)] ===
Trust Model: Three-tier confidence-weighted
  Personal: 1.0, ToF: 1.0, Peer: 0.3
  Suspicion threshold: 1.5, Recovery: 0.1

  Logging to: logs/robot_2_20260226_191024.jsonl
Initializing hardware...
  Hardware: SIMULATED
[INFO] Position socket listening on port 9102
[INFO] Peer socket listening on port 9202
[INFO] Fault socket listening on port 9302
Ready!

=== Detection Bounds: T1=2 cmds, T3=8 cmds | Impeachment: T1=8 cmds, T3=32 cmds ===
Running... Press Ctrl+C to stop

[ELECTION] New leader: 2
[R2] pos=(0,0) state=leader leader=2 trust=1.00 susp=0.00 cov=0.0%/0.0%
[ELECTION] New leader: 1
[R2] pos=(1429,1070) state=follower leader=1 trust=1.00 susp=0.00 cov=0.5%/0.5%
[R2] pos=(1316,1320) state=follower leader=1 trust=1.00 susp=0.00 cov=2.1%/12.5%
[R2] pos=(1409,1227) state=follower leader=1 trust=1.00 susp=0.00 cov=4.2%/25.0%
[R2] pos=(1691,1321) state=follower leader=1 trust=1.00 susp=0.00 cov=6.2%/37.5%
[R2] pos=(1925,1192) state=follower leader=1 trust=1.00 susp=0.00 cov=9.4%/50.0%
[R2] pos=(1839,921) state=follower leader=1 trust=1.00 susp=0.00 cov=12.5%/62.5%
[R2] pos=(1532,776) state=follower leader=1 trust=1.00 susp=0.00 cov=15.6%/71.9%
[R2] pos=(1317,351) state=follower leader=1 trust=1.00 susp=0.00 cov=19.8%/82.8%
[R2] pos=(1810,546) state=follower leader=1 trust=1.00 susp=0.00 cov=22.4%/89.6%
[R2] pos=(1901,227) state=follower leader=1 trust=1.00 susp=0.00 cov=25.0%/95.8%
[R2] pos=(1925,75) state=follower leader=1 trust=1.00 susp=0.00 cov=27.1%/100.0%
[R2] pos=(1925,75) state=follower leader=1 trust=1.00 susp=0.00 cov=27.1%/100.0%
[R2] pos=(1925,75) state=follower leader=1 trust=1.00 susp=0.00 cov=27.1%/100.0%
[R2] pos=(1925,75) state=follower leader=1 trust=1.00 susp=0.00 cov=27.1%/100.0%
[R2] pos=(1925,75) state=follower leader=1 trust=1.00 susp=0.00 cov=27.1%/100.0%
[R2] pos=(1925,75) state=follower leader=1 trust=1.00 susp=0.00 cov=27.1%/100.0%
[TRUST] Bad command #1 (personal_visited): suspicion +1.00 = 1.00
[TRUST] Bad command #2 (personal_visited): suspicion +1.00 = 2.00
[DETECT] First trust decay after 2 bad commands (0.22s) [Theoretical bound: T1=2, T3=8]
[TRUST] Trust decayed: trust=0.80, remaining suspicion=0.50
[TRUST] Bad command #3 (personal_visited): suspicion +1.00 = 1.50
[TRUST] Trust decayed: trust=0.60, remaining suspicion=0.00
[TRUST] Bad command #4 (personal_visited): suspicion +1.00 = 1.00
[TRUST] Bad command #5 (personal_visited): suspicion +1.00 = 2.00
[TRUST] Trust decayed: trust=0.40, remaining suspicion=0.50
[TRUST] Bad command #6 (personal_visited): suspicion +1.00 = 1.50
[TRUST] Trust decayed: trust=0.20, remaining suspicion=0.00
[TRUST] Bad command #7 (personal_visited): suspicion +1.00 = 1.00
[TRUST] Bad command #8 (personal_visited): suspicion +1.00 = 2.00
[TRUST] Trust decayed: trust=0.10, remaining suspicion=0.50
[TRUST] Bad command #9 (personal_visited): suspicion +1.00 = 1.50
[TRUST] Trust decayed: trust=0.10, remaining suspicion=0.00
[TRUST] Bad command #10 (personal_visited): suspicion +1.00 = 1.00
[DETECT] IMPEACHMENT after 10 bad commands, 1.96s from first bad command [Bound: T1=8 cmds, T3=32 cmds]
[IMPEACH] Trust too low (0.10), excluding leader 1 from candidates
[ELECTION] Leader 1 impeached (failures=1)
[ELECTION] New leader: 2
[R2] pos=(1817,900) state=leader leader=2 trust=1.00 susp=0.00 cov=27.6%/100.0%
[R2] pos=(977,559) state=leader leader=2 trust=1.00 susp=0.00 cov=29.7%/100.0%
[R2] pos=(150,110) state=leader leader=2 trust=1.00 susp=0.00 cov=33.3%/100.0%
[ELECTION] Leader 2 impeached (failures=1)
[ELECTION] New leader: 3
[R2] pos=(75,75) state=follower leader=3 trust=1.00 susp=0.00 cov=33.9%/100.0%
[R2] pos=(75,75) state=follower leader=3 trust=1.00 susp=0.00 cov=33.9%/100.0%
[R2] pos=(75,75) state=follower leader=3 trust=1.00 susp=0.00 cov=33.9%/100.0%
[R2] pos=(75,75) state=follower leader=3 trust=1.00 susp=0.00 cov=33.9%/100.0%
[R2] pos=(75,75) state=follower leader=3 trust=1.00 susp=0.00 cov=33.9%/100.0%
[R2] pos=(75,75) state=follower leader=3 trust=1.00 susp=0.00 cov=33.9%/100.0%
[R2] pos=(75,75) state=follower leader=3 trust=1.00 susp=0.00 cov=33.9%/100.0%
[R2] pos=(75,75) state=follower leader=3 trust=1.00 susp=0.00 cov=33.9%/100.0%
[R2] pos=(75,75) state=follower leader=3 trust=1.00 susp=0.00 cov=33.9%/100.0%
[R2] pos=(75,75) state=follower leader=3 trust=1.00 susp=0.00 cov=33.9%/100.0%
[R2] pos=(75,75) state=follower leader=3 trust=1.00 susp=0.00 cov=33.9%/100.0%
[R2] pos=(75,75) state=follower leader=3 trust=1.00 susp=0.00 cov=33.9%/100.0%
[R2] pos=(75,75) state=follower leader=3 trust=1.00 susp=0.00 cov=33.9%/100.0%
[R2] pos=(75,75) state=follower leader=3 trust=1.00 susp=0.00 cov=33.9%/100.0%
[R2] pos=(75,75) state=follower leader=3 trust=1.00 susp=0.00 cov=33.9%/100.0%
[R2] pos=(75,75) state=follower leader=3 trust=1.00 susp=0.00 cov=33.9%/100.0%
[R2] pos=(75,75) state=follower leader=3 trust=1.00 susp=0.00 cov=33.9%/100.0%
[R2] pos=(75,75) state=follower leader=3 trust=1.00 susp=0.00 cov=33.9%/100.0%
[R2] pos=(75,75) state=follower leader=3 trust=1.00 susp=0.00 cov=33.9%/100.0%
[R2] pos=(75,75) state=follower leader=3 trust=1.00 susp=0.00 cov=33.9%/100.0%
[R2] pos=(75,75) state=follower leader=3 trust=1.00 susp=0.00 cov=33.9%/100.0%
[R2] pos=(75,75) state=follower leader=3 trust=1.00 susp=0.00 cov=33.9%/100.0%
[R2] pos=(75,75) state=follower leader=3 trust=1.00 susp=0.00 cov=33.9%/100.0%
[R2] pos=(75,75) state=follower leader=3 trust=1.00 susp=0.00 cov=33.9%/100.0%
[R2] pos=(75,75) state=follower leader=3 trust=1.00 susp=0.00 cov=33.9%/100.0%
[R2] pos=(75,75) state=follower leader=3 trust=1.00 susp=0.00 cov=33.9%/100.0%
[R2] pos=(75,75) state=follower leader=3 trust=1.00 susp=0.00 cov=33.9%/100.0%
[R2] pos=(75,75) state=follower leader=3 trust=1.00 susp=0.00 cov=33.9%/100.0%
[R2] pos=(75,75) state=follower leader=3 trust=1.00 susp=0.00 cov=33.9%/100.0%
[R2] pos=(75,75) state=follower leader=3 trust=1.00 susp=0.00 cov=33.9%/100.0%
[R2] pos=(75,75) state=follower leader=3 trust=1.00 susp=0.00 cov=33.9%/100.0%
[R2] pos=(75,75) state=follower leader=3 trust=1.00 susp=0.00 cov=33.9%/100.0%
[R2] pos=(75,75) state=follower leader=3 trust=1.00 susp=0.00 cov=33.9%/100.0%
[R2] pos=(75,75) state=follower leader=3 trust=1.00 susp=0.00 cov=33.9%/100.0%
[R2] pos=(75,75) state=follower leader=3 trust=1.00 susp=0.00 cov=33.9%/100.0%
[R2] pos=(75,75) state=follower leader=3 trust=1.00 susp=0.00 cov=33.9%/100.0%
[R2] pos=(75,75) state=follower leader=3 trust=1.00 susp=0.00 cov=33.9%/100.0%
[R2] pos=(75,75) state=follower leader=3 trust=1.00 susp=0.00 cov=33.9%/100.0%
[R2] pos=(75,75) state=follower leader=3 trust=1.00 susp=0.00 cov=33.9%/100.0%
[R2] pos=(75,75) state=follower leader=3 trust=1.00 susp=0.00 cov=33.9%/100.0%
[R2] pos=(75,75) state=follower leader=3 trust=1.00 susp=0.00 cov=33.9%/100.0%
