[WARN] Hardware modules not available - simulation mode
=== RAFT Baseline - Robot 4 [SIM] ===
NO TRUST. Heartbeat timeout only.

  Logging to: logs/raft_4_20260227_180010.jsonl
Initializing hardware...
  Hardware: SIMULATED
[INFO] Position socket listening on port 6104
[INFO] Peer socket listening on port 6204
[INFO] Fault socket listening on port 6304
Ready!

Running RAFT baseline... Press Ctrl+C to stop

[R4] state=follower leader=None term=0 cov=0.0%/0.0%
[R4] state=follower leader=1 term=1 cov=0.5%/2.1%
[R4] state=follower leader=1 term=1 cov=0.5%/2.1%
[R4] state=follower leader=1 term=1 cov=0.5%/2.1%
[R4] state=follower leader=1 term=1 cov=0.5%/2.1%
[R4] state=follower leader=1 term=1 cov=0.5%/2.1%
[R4] state=follower leader=1 term=1 cov=0.5%/2.1%
[R4] state=follower leader=1 term=1 cov=0.5%/2.1%
[R4] state=follower leader=1 term=1 cov=0.5%/2.1%
[R4] state=follower leader=1 term=1 cov=0.5%/2.1%
[R4] state=follower leader=1 term=1 cov=1.0%/4.7%
[R4] state=follower leader=1 term=1 cov=1.0%/4.7%
[R4] state=follower leader=1 term=1 cov=1.0%/4.7%
[R4] state=follower leader=1 term=1 cov=1.0%/4.7%
[R4] state=follower leader=1 term=1 cov=1.0%/4.7%
[R4] state=follower leader=1 term=1 cov=1.6%/7.3%
[R4] state=follower leader=1 term=1 cov=3.1%/14.6%
[R4] state=follower leader=1 term=1 cov=3.6%/16.7%
[R4] state=follower leader=1 term=1 cov=4.7%/23.4%
[R4] state=follower leader=1 term=1 cov=6.8%/32.8%
[R4] state=follower leader=1 term=1 cov=8.3%/39.6%
[R4] state=follower leader=1 term=1 cov=9.9%/44.8%
[R4] state=follower leader=1 term=1 cov=11.5%/47.9%
[R4] state=follower leader=1 term=1 cov=13.0%/51.6%
[R4] state=follower leader=1 term=1 cov=15.1%/56.2%
[R4] state=follower leader=1 term=1 cov=17.2%/58.3%
[R4] state=follower leader=1 term=1 cov=19.3%/60.4%
[R4] state=follower leader=1 term=1 cov=21.4%/62.5%
[R4] state=follower leader=1 term=1 cov=23.4%/64.6%
[R4] state=follower leader=1 term=1 cov=25.5%/66.7%
[R4] state=follower leader=1 term=1 cov=27.6%/68.8%
[R4] state=follower leader=1 term=1 cov=29.7%/70.8%
[R4] state=follower leader=1 term=1 cov=31.8%/72.9%
[R4] state=follower leader=1 term=1 cov=33.3%/74.5%
[R4] state=follower leader=1 term=1 cov=33.9%/75.0%
[R4] state=follower leader=1 term=1 cov=34.9%/77.1%
[R4] state=follower leader=1 term=1 cov=35.9%/80.2%
[R4] state=follower leader=1 term=1 cov=36.5%/82.3%
[R4] state=follower leader=1 term=1 cov=37.5%/85.4%
[R4] state=follower leader=1 term=1 cov=39.1%/87.5%
[R4] state=follower leader=1 term=1 cov=39.1%/88.0%
[R4] state=follower leader=1 term=1 cov=39.1%/88.0%
[R4] state=follower leader=1 term=1 cov=39.1%/88.0%
[R4] state=follower leader=1 term=1 cov=39.1%/88.0%
[R4] state=follower leader=1 term=1 cov=39.1%/88.0%
[R4] state=follower leader=1 term=1 cov=39.1%/88.0%
[R4] state=follower leader=1 term=1 cov=39.1%/88.0%
[R4] state=follower leader=1 term=1 cov=39.1%/88.0%
[R4] state=follower leader=1 term=1 cov=39.1%/88.0%
[R4] state=follower leader=1 term=1 cov=39.6%/89.1%
[R4] state=follower leader=1 term=1 cov=39.6%/89.1%
[R4] state=follower leader=1 term=1 cov=39.6%/89.1%
[R4] state=follower leader=1 term=1 cov=39.6%/89.1%
[R4] state=follower leader=1 term=1 cov=39.6%/89.1%
[R4] state=follower leader=1 term=1 cov=39.6%/89.1%
[R4] state=follower leader=1 term=1 cov=39.6%/89.1%
[R4] state=follower leader=1 term=1 cov=40.6%/89.6%
[R4] state=follower leader=1 term=1 cov=41.7%/91.1%
[R4] state=follower leader=1 term=1 cov=43.2%/94.3%
[R4] state=follower leader=1 term=1 cov=43.8%/96.4%
[R4] state=follower leader=1 term=1 cov=44.8%/99.0%
