[WARN] Hardware modules not available - simulation mode
=== RAFT Baseline - Robot 5 [SIM] ===
NO TRUST. Heartbeat timeout only.

  Logging to: logs/raft_5_20260226_184245.jsonl
Initializing hardware...
  Hardware: SIMULATED
[INFO] Position socket listening on port 6105
[INFO] Peer socket listening on port 6205
[INFO] Fault socket listening on port 6305
Ready!

Running RAFT baseline... Press Ctrl+C to stop

[R5] state=follower leader=None term=0 cov=0.0%/0.0%
[RAFT] Starting election, term 1
[RAFT] Became leader, term 1
[R5] state=leader leader=5 term=1 cov=0.5%/0.5%
[R5] state=leader leader=5 term=1 cov=3.1%/9.4%
[R5] state=leader leader=5 term=1 cov=6.2%/20.8%
[R5] state=leader leader=5 term=1 cov=9.9%/30.7%
[R5] state=leader leader=5 term=1 cov=13.5%/41.7%
[R5] state=leader leader=5 term=1 cov=16.7%/51.0%
[R5] state=leader leader=5 term=1 cov=20.3%/63.0%
[R5] state=leader leader=5 term=1 cov=23.4%/73.4%
[R5] state=leader leader=5 term=1 cov=27.1%/78.6%
[R5] state=leader leader=5 term=1 cov=31.2%/87.5%
[R5] state=leader leader=5 term=1 cov=33.3%/94.8%
[R5] state=leader leader=5 term=1 cov=35.4%/96.9%
[R5] state=leader leader=5 term=1 cov=39.1%/100.0%
[R5] state=leader leader=5 term=1 cov=41.1%/100.0%
[R5] state=leader leader=5 term=1 cov=41.1%/100.0%
[R5] state=leader leader=5 term=1 cov=41.1%/100.0%
[R5] state=leader leader=5 term=1 cov=41.1%/100.0%
[R5] state=leader leader=5 term=1 cov=41.1%/100.0%
[R5] state=leader leader=5 term=1 cov=41.1%/100.0%
[R5] state=leader leader=5 term=1 cov=41.1%/100.0%
[R5] state=leader leader=5 term=1 cov=41.1%/100.0%
[R5] state=leader leader=5 term=1 cov=41.1%/100.0%
[R5] state=leader leader=5 term=1 cov=41.1%/100.0%
[R5] state=leader leader=5 term=1 cov=41.1%/100.0%
[R5] state=leader leader=5 term=1 cov=41.1%/100.0%
[R5] state=leader leader=5 term=1 cov=41.1%/100.0%
[R5] state=leader leader=5 term=1 cov=41.1%/100.0%
[R5] state=leader leader=5 term=1 cov=41.1%/100.0%
[R5] state=leader leader=5 term=1 cov=41.1%/100.0%
[R5] state=leader leader=5 term=1 cov=41.1%/100.0%
[R5] state=leader leader=5 term=1 cov=41.1%/100.0%
[R5] state=leader leader=5 term=1 cov=41.1%/100.0%
[R5] state=leader leader=5 term=1 cov=41.1%/100.0%
[R5] state=leader leader=5 term=1 cov=41.1%/100.0%
[R5] state=leader leader=5 term=1 cov=41.1%/100.0%
[R5] state=leader leader=5 term=1 cov=41.1%/100.0%
[R5] state=leader leader=5 term=1 cov=41.1%/100.0%
[R5] state=leader leader=5 term=1 cov=41.1%/100.0%
[R5] state=leader leader=5 term=1 cov=41.1%/100.0%
[R5] state=leader leader=5 term=1 cov=41.1%/100.0%
[R5] state=leader leader=5 term=1 cov=41.1%/100.0%
[R5] state=leader leader=5 term=1 cov=41.1%/100.0%
[R5] state=leader leader=5 term=1 cov=41.1%/100.0%
[R5] state=leader leader=5 term=1 cov=41.1%/100.0%
[R5] state=leader leader=5 term=1 cov=41.1%/100.0%
[R5] state=leader leader=5 term=1 cov=41.1%/100.0%
[R5] state=leader leader=5 term=1 cov=41.1%/100.0%
[R5] state=leader leader=5 term=1 cov=41.1%/100.0%
[R5] state=leader leader=5 term=1 cov=41.1%/100.0%
[R5] state=leader leader=5 term=1 cov=41.1%/100.0%
[R5] state=leader leader=5 term=1 cov=41.1%/100.0%
[R5] state=leader leader=5 term=1 cov=41.1%/100.0%
[R5] state=leader leader=5 term=1 cov=41.1%/100.0%
[R5] state=leader leader=5 term=1 cov=41.1%/100.0%
[R5] state=leader leader=5 term=1 cov=41.1%/100.0%
[R5] state=leader leader=5 term=1 cov=41.1%/100.0%
[R5] state=leader leader=5 term=1 cov=41.1%/100.0%
[R5] state=leader leader=5 term=1 cov=41.1%/100.0%
[R5] state=leader leader=5 term=1 cov=41.1%/100.0%
[R5] state=leader leader=5 term=1 cov=41.1%/100.0%
