[WARN] Hardware modules not available - simulation mode
=== RAFT Baseline - Robot 4 [SIM] ===
NO TRUST. Heartbeat timeout only.

  Logging to: logs/raft_4_20260226_184245.jsonl
Initializing hardware...
  Hardware: SIMULATED
[INFO] Position socket listening on port 6104
[INFO] Peer socket listening on port 6204
[INFO] Fault socket listening on port 6304
Ready!

Running RAFT baseline... Press Ctrl+C to stop

[R4] state=follower leader=None term=0 cov=0.0%/0.0%
[R4] state=follower leader=5 term=1 cov=0.5%/0.5%
[R4] state=follower leader=5 term=1 cov=2.1%/9.9%
[R4] state=follower leader=5 term=1 cov=4.7%/19.8%
[R4] state=follower leader=5 term=1 cov=6.2%/30.7%
[R4] state=follower leader=5 term=1 cov=7.8%/41.7%
[R4] state=follower leader=5 term=1 cov=9.9%/51.6%
[R4] state=follower leader=5 term=1 cov=11.5%/63.0%
[R4] state=follower leader=5 term=1 cov=13.5%/72.9%
[R4] state=follower leader=5 term=1 cov=15.1%/79.2%
[R4] state=follower leader=5 term=1 cov=17.2%/87.5%
[R4] state=follower leader=5 term=1 cov=18.8%/94.8%
[R4] state=follower leader=5 term=1 cov=19.8%/96.9%
[R4] state=follower leader=5 term=1 cov=20.8%/100.0%
[R4] state=follower leader=5 term=1 cov=20.8%/100.0%
[R4] state=follower leader=5 term=1 cov=20.8%/100.0%
[R4] state=follower leader=5 term=1 cov=20.8%/100.0%
[R4] state=follower leader=5 term=1 cov=20.8%/100.0%
[R4] state=follower leader=5 term=1 cov=20.8%/100.0%
[R4] state=follower leader=5 term=1 cov=20.8%/100.0%
[R4] state=follower leader=5 term=1 cov=20.8%/100.0%
[R4] state=follower leader=5 term=1 cov=20.8%/100.0%
[R4] state=follower leader=5 term=1 cov=20.8%/100.0%
[R4] state=follower leader=5 term=1 cov=20.8%/100.0%
[R4] state=follower leader=5 term=1 cov=20.8%/100.0%
[R4] state=follower leader=5 term=1 cov=20.8%/100.0%
[R4] state=follower leader=5 term=1 cov=20.8%/100.0%
[R4] state=follower leader=5 term=1 cov=20.8%/100.0%
[R4] state=follower leader=5 term=1 cov=20.8%/100.0%
[R4] state=follower leader=5 term=1 cov=20.8%/100.0%
[R4] state=follower leader=5 term=1 cov=20.8%/100.0%
[R4] state=follower leader=5 term=1 cov=20.8%/100.0%
[R4] state=follower leader=5 term=1 cov=20.8%/100.0%
[R4] state=follower leader=5 term=1 cov=20.8%/100.0%
[R4] state=follower leader=5 term=1 cov=20.8%/100.0%
[R4] state=follower leader=5 term=1 cov=20.8%/100.0%
[R4] state=follower leader=5 term=1 cov=20.8%/100.0%
[R4] state=follower leader=5 term=1 cov=20.8%/100.0%
[R4] state=follower leader=5 term=1 cov=20.8%/100.0%
[R4] state=follower leader=5 term=1 cov=20.8%/100.0%
[R4] state=follower leader=5 term=1 cov=20.8%/100.0%
[R4] state=follower leader=5 term=1 cov=20.8%/100.0%
[R4] state=follower leader=5 term=1 cov=20.8%/100.0%
[R4] state=follower leader=5 term=1 cov=20.8%/100.0%
[R4] state=follower leader=5 term=1 cov=20.8%/100.0%
[R4] state=follower leader=5 term=1 cov=20.8%/100.0%
[R4] state=follower leader=5 term=1 cov=20.8%/100.0%
[R4] state=follower leader=5 term=1 cov=20.8%/100.0%
[R4] state=follower leader=5 term=1 cov=20.8%/100.0%
[R4] state=follower leader=5 term=1 cov=20.8%/100.0%
[R4] state=follower leader=5 term=1 cov=20.8%/100.0%
[R4] state=follower leader=5 term=1 cov=20.8%/100.0%
[R4] state=follower leader=5 term=1 cov=20.8%/100.0%
[R4] state=follower leader=5 term=1 cov=20.8%/100.0%
[R4] state=follower leader=5 term=1 cov=20.8%/100.0%
[R4] state=follower leader=5 term=1 cov=20.8%/100.0%
[R4] state=follower leader=5 term=1 cov=20.8%/100.0%
[R4] state=follower leader=5 term=1 cov=20.8%/100.0%
[R4] state=follower leader=5 term=1 cov=20.8%/100.0%
[R4] state=follower leader=5 term=1 cov=20.8%/100.0%
[R4] state=follower leader=5 term=1 cov=20.8%/100.0%
