[WARN] Hardware modules not available - running in simulation mode
=== REIP Node - Robot 1 [SIM (unique ports)] ===
Trust Model: Three-tier confidence-weighted
  Personal: 1.0, ToF: 1.0, Peer: 0.3
  Suspicion threshold: 1.5, Recovery: 0.1

  Logging to: logs/robot_1_20260227_181708.jsonl
Initializing hardware...
  Hardware: SIMULATED
[INFO] Position socket listening on port 5101
[INFO] Peer socket listening on port 5201
[INFO] Fault socket listening on port 5301
Ready!

=== Detection Bounds: T1=2 cmds, T3=8 cmds | Impeachment: T1=8 cmds, T3=32 cmds ===
Running... Press Ctrl+C to stop

[ELECTION] New leader: 1
[R1] pos=(0,0) state=leader leader=1 trust=1.00 susp=0.00 cov=0.0%/0.0%
[R1] pos=(464,1287) state=leader leader=1 trust=1.00 susp=0.00 cov=0.5%/0.5%
[R1] pos=(254,645) state=leader leader=1 trust=1.00 susp=0.00 cov=3.6%/13.0%
[R1] pos=(148,92) state=leader leader=1 trust=1.00 susp=0.00 cov=6.8%/18.8%
[R1] pos=(566,456) state=leader leader=1 trust=1.00 susp=0.00 cov=9.4%/27.6%
[R1] pos=(902,687) state=leader leader=1 trust=1.00 susp=0.00 cov=12.0%/35.4%
[FAULT] OSCILLATE_LEADER mode activated - will flip-flop targets
[OSCILLATE] Phase 1: all 5 robots -> B (1800, 1300)
[R1] pos=(921,818) state=leader leader=1 trust=1.00 susp=0.00 cov=12.5%/39.6%
[OSCILLATE] Phase 0: all 5 robots -> A (200, 200)
[OSCILLATE] Phase 1: all 5 robots -> B (1800, 1300)
[OSCILLATE] Phase 0: all 5 robots -> A (200, 200)
[OSCILLATE] Phase 1: all 5 robots -> B (1800, 1300)
[OSCILLATE] Phase 0: all 5 robots -> A (200, 200)
[OSCILLATE] Phase 1: all 5 robots -> B (1800, 1300)
[OSCILLATE] Phase 0: all 5 robots -> A (200, 200)
[OSCILLATE] Phase 1: all 5 robots -> B (1800, 1300)
[OSCILLATE] Phase 0: all 5 robots -> A (200, 200)
[R1] pos=(915,790) state=leader leader=1 trust=1.00 susp=0.00 cov=13.0%/42.7%
[OSCILLATE] Phase 1: all 5 robots -> B (1800, 1300)
[OSCILLATE] Phase 0: all 5 robots -> A (200, 200)
[OSCILLATE] Phase 1: all 5 robots -> B (1800, 1300)
[OSCILLATE] Phase 0: all 5 robots -> A (200, 200)
[OSCILLATE] Phase 1: all 5 robots -> B (1800, 1300)
[ELECTION] New leader: 2
[R1] pos=(911,803) state=follower leader=2 trust=1.00 susp=0.00 cov=13.0%/43.2%
[ELECTION] Leader 2 impeached (failures=1)
[ELECTION] New leader: 1
[R1] pos=(912,832) state=leader leader=1 trust=1.00 susp=0.00 cov=13.0%/44.3%
[ELECTION] Leader 1 impeached (failures=1)
[ELECTION] New leader: 2
[R1] pos=(913,807) state=follower leader=2 trust=1.00 susp=0.00 cov=13.0%/45.8%
[R1] pos=(914,831) state=follower leader=2 trust=1.00 susp=0.00 cov=13.0%/46.4%
[R1] pos=(917,906) state=follower leader=2 trust=1.00 susp=0.00 cov=13.5%/48.4%
[R1] pos=(967,1278) state=follower leader=2 trust=1.00 susp=0.00 cov=15.6%/50.0%
[R1] pos=(1045,1263) state=follower leader=2 trust=1.00 susp=0.00 cov=16.1%/50.0%
[R1] pos=(1060,1248) state=follower leader=2 trust=1.00 susp=0.00 cov=16.7%/52.1%
[R1] pos=(1062,1248) state=follower leader=2 trust=1.00 susp=0.00 cov=16.7%/54.7%
[TRUST] Bad command #1 (peer_reported): suspicion +0.30 = 0.30 omega=0.463
[TRUST] Bad command #2 (peer_reported): suspicion +0.30 = 0.50 omega=0.984
[TRUST] Bad command #3 (peer_reported): suspicion +0.30 = 0.70 omega=1.538
[TRUST] Bad command #4 (peer_reported): suspicion +0.30 = 0.90 omega=2.103
[TRUST] Bad command #5 (peer_reported): suspicion +0.30 = 1.10 omega=2.209
[R1] pos=(1189,1268) state=follower leader=2 trust=1.00 susp=1.10 cov=18.2%/56.8%
[TRUST] Bad command #6 (peer_reported): suspicion +0.30 = 1.30 omega=2.280
[TRUST] Bad command #7 (peer_reported): suspicion +0.30 = 1.50 omega=2.319
[TRUST] Bad command #8 (peer_reported): suspicion +0.30 = 1.70 omega=2.347
[DETECT] First trust decay after 8 bad commands (2.93s) [Theoretical bound: T1=2, T3=8]
[CLASSIFY] Fault type: byzantine_oscillation (omega=2.347, threshold=0.785)
[TRUST] Trust decayed: trust=0.80, remaining suspicion=0.20, omega=2.347, class=byzantine_oscillation
[TRUST] Bad command #9 (cmd_instability(omega=2.36)): suspicion +0.00 = 0.20 omega=2.358
[TRUST] Bad command #10 (peer_reported, cmd_instability(omega=2.37)): suspicion +0.31 = 0.51 omega=2.370
[TRUST] Bad command #11 (cmd_instability(omega=2.37)): suspicion +0.01 = 0.51 omega=2.370
[R1] pos=(1189,1268) state=follower leader=2 trust=0.80 susp=0.51 cov=18.2%/56.8%
[TRUST] Bad command #12 (peer_reported, cmd_instability(omega=2.37)): suspicion +0.31 = 0.82 omega=2.370
[TRUST] Bad command #13 (cmd_instability(omega=2.37)): suspicion +0.01 = 0.82 omega=2.370
[TRUST] Bad command #14 (peer_reported, cmd_instability(omega=2.37)): suspicion +0.31 = 1.13 omega=2.370
[TRUST] Bad command #15 (cmd_instability(omega=2.37)): suspicion +0.01 = 1.13 omega=2.370
[TRUST] Bad command #16 (peer_reported, cmd_instability(omega=2.37)): suspicion +0.31 = 1.44 omega=2.370
[ELECTION] Leader 2 impeached (failures=2)
[ELECTION] New leader: 5
[R1] pos=(1313,1313) state=follower leader=5 trust=1.00 susp=0.00 cov=19.3%/58.9%
[R1] pos=(1512,1059) state=follower leader=5 trust=1.00 susp=0.00 cov=21.4%/63.5%
[R1] pos=(1687,1321) state=follower leader=5 trust=1.00 susp=0.00 cov=22.9%/67.2%
[R1] pos=(1925,1425) state=follower leader=5 trust=1.00 susp=0.00 cov=24.5%/70.8%
[R1] pos=(1678,1063) state=follower leader=5 trust=1.00 susp=0.00 cov=27.1%/76.0%
[R1] pos=(1925,955) state=follower leader=5 trust=1.00 susp=0.00 cov=28.6%/79.7%
[R1] pos=(1711,722) state=follower leader=5 trust=1.00 susp=0.00 cov=30.2%/82.8%
[R1] pos=(1332,229) state=follower leader=5 trust=1.00 susp=0.00 cov=32.8%/85.4%
[R1] pos=(1189,323) state=follower leader=5 trust=1.00 susp=0.00 cov=33.9%/88.5%
[R1] pos=(1114,317) state=follower leader=5 trust=1.00 susp=0.00 cov=34.4%/89.6%
[R1] pos=(1085,439) state=follower leader=5 trust=1.00 susp=0.00 cov=34.9%/90.1%
[R1] pos=(1085,439) state=follower leader=5 trust=1.00 susp=0.00 cov=34.9%/90.1%
[R1] pos=(1085,439) state=follower leader=5 trust=1.00 susp=0.00 cov=34.9%/90.1%
[R1] pos=(1085,439) state=follower leader=5 trust=1.00 susp=0.00 cov=34.9%/90.1%
[R1] pos=(1085,439) state=follower leader=5 trust=1.00 susp=0.00 cov=34.9%/90.1%
[R1] pos=(1085,439) state=follower leader=5 trust=1.00 susp=0.00 cov=34.9%/90.1%
[R1] pos=(1085,439) state=follower leader=5 trust=1.00 susp=0.00 cov=34.9%/90.1%
[R1] pos=(1085,439) state=follower leader=5 trust=1.00 susp=0.00 cov=34.9%/90.1%
[R1] pos=(1085,439) state=follower leader=5 trust=1.00 susp=0.00 cov=34.9%/90.1%
[R1] pos=(1085,439) state=follower leader=5 trust=1.00 susp=0.00 cov=34.9%/90.1%
[R1] pos=(1085,439) state=follower leader=5 trust=1.00 susp=0.00 cov=34.9%/90.1%
[R1] pos=(1142,577) state=follower leader=5 trust=1.00 susp=0.00 cov=35.9%/90.6%
[R1] pos=(1212,914) state=follower leader=5 trust=1.00 susp=0.00 cov=38.0%/92.7%
[R1] pos=(1212,1150) state=follower leader=5 trust=1.00 susp=0.00 cov=39.1%/93.2%
[R1] pos=(1434,1425) state=follower leader=5 trust=1.00 susp=0.00 cov=40.1%/94.8%
[R1] pos=(1360,1425) state=follower leader=5 trust=1.00 susp=0.00 cov=40.6%/95.3%
[R1] pos=(1360,1425) state=follower leader=5 trust=1.00 susp=0.00 cov=40.6%/95.3%
[R1] pos=(1509,1425) state=follower leader=5 trust=1.00 susp=0.00 cov=41.1%/95.8%
[R1] pos=(1509,1425) state=follower leader=5 trust=1.00 susp=0.00 cov=41.1%/95.8%
[R1] pos=(1541,1357) state=follower leader=5 trust=1.00 susp=0.00 cov=41.7%/96.4%
[R1] pos=(1541,1357) state=follower leader=5 trust=1.00 susp=0.00 cov=41.7%/96.4%
[R1] pos=(1541,1357) state=follower leader=5 trust=1.00 susp=0.00 cov=41.7%/96.4%
[R1] pos=(1541,1357) state=follower leader=5 trust=1.00 susp=0.00 cov=41.7%/96.4%
[R1] pos=(1541,1357) state=follower leader=5 trust=1.00 susp=0.00 cov=41.7%/96.4%
[R1] pos=(1541,1357) state=follower leader=5 trust=1.00 susp=0.00 cov=41.7%/96.4%
[R1] pos=(1541,1357) state=follower leader=5 trust=1.00 susp=0.00 cov=41.7%/96.4%
[R1] pos=(1541,1357) state=follower leader=5 trust=1.00 susp=0.00 cov=41.7%/96.4%
[R1] pos=(1541,1357) state=follower leader=5 trust=1.00 susp=0.00 cov=41.7%/96.4%
[R1] pos=(1541,1357) state=follower leader=5 trust=1.00 susp=0.00 cov=41.7%/96.4%
[R1] pos=(1541,1357) state=follower leader=5 trust=1.00 susp=0.00 cov=41.7%/96.4%
[R1] pos=(1541,1357) state=follower leader=5 trust=1.00 susp=0.00 cov=41.7%/96.4%
[R1] pos=(1541,1357) state=follower leader=5 trust=1.00 susp=0.00 cov=41.7%/96.4%
[R1] pos=(1541,1357) state=follower leader=5 trust=1.00 susp=0.00 cov=41.7%/96.4%
[R1] pos=(1541,1357) state=follower leader=5 trust=1.00 susp=0.00 cov=41.7%/96.4%
