[WARN] Hardware modules not available - simulation mode
=== RAFT Baseline - Robot 5 [SIM] ===
NO TRUST. Heartbeat timeout only.

  Logging to: logs/raft_5_20260226_175052.jsonl
Initializing hardware...
  Hardware: SIMULATED
[INFO] Position socket listening on port 12105
[INFO] Peer socket listening on port 12205
[INFO] Fault socket listening on port 12305
Ready!

Running RAFT baseline... Press Ctrl+C to stop

[R5] state=follower leader=None term=0 cov=0.0%/0.0%
[R5] state=follower leader=2 term=1 cov=0.5%/1.0%
[R5] state=follower leader=2 term=1 cov=3.1%/14.1%
[R5] state=follower leader=2 term=1 cov=4.7%/23.4%
[R5] state=follower leader=2 term=1 cov=6.8%/35.9%
[R5] state=follower leader=2 term=1 cov=8.9%/47.4%
[R5] state=follower leader=2 term=1 cov=9.4%/53.6%
[R5] state=follower leader=2 term=1 cov=11.5%/66.1%
[R5] state=follower leader=2 term=1 cov=13.5%/77.6%
[R5] state=follower leader=2 term=1 cov=15.6%/86.5%
[R5] state=follower leader=2 term=1 cov=17.2%/95.8%
[R5] state=follower leader=2 term=1 cov=20.3%/99.5%
[R5] state=follower leader=2 term=1 cov=20.3%/100.0%
[R5] state=follower leader=2 term=1 cov=20.3%/100.0%
[R5] state=follower leader=2 term=1 cov=20.3%/100.0%
[R5] state=follower leader=2 term=1 cov=20.3%/100.0%
[R5] state=follower leader=2 term=1 cov=20.3%/100.0%
[R5] state=follower leader=2 term=1 cov=20.3%/100.0%
[R5] state=follower leader=2 term=1 cov=20.3%/100.0%
[R5] state=follower leader=2 term=1 cov=20.3%/100.0%
[R5] state=follower leader=2 term=1 cov=20.3%/100.0%
[R5] state=follower leader=2 term=1 cov=20.3%/100.0%
[R5] state=follower leader=2 term=1 cov=20.3%/100.0%
[R5] state=follower leader=2 term=1 cov=20.3%/100.0%
[R5] state=follower leader=2 term=1 cov=20.3%/100.0%
[R5] state=follower leader=2 term=1 cov=20.3%/100.0%
[R5] state=follower leader=2 term=1 cov=20.3%/100.0%
[R5] state=follower leader=2 term=1 cov=20.3%/100.0%
[R5] state=follower leader=2 term=1 cov=20.3%/100.0%
[R5] state=follower leader=2 term=1 cov=20.3%/100.0%
[R5] state=follower leader=2 term=1 cov=20.3%/100.0%
[R5] state=follower leader=2 term=1 cov=20.3%/100.0%
[R5] state=follower leader=2 term=1 cov=20.3%/100.0%
[R5] state=follower leader=2 term=1 cov=20.3%/100.0%
[R5] state=follower leader=2 term=1 cov=20.3%/100.0%
[R5] state=follower leader=2 term=1 cov=20.3%/100.0%
[R5] state=follower leader=2 term=1 cov=20.3%/100.0%
[R5] state=follower leader=2 term=1 cov=20.3%/100.0%
[R5] state=follower leader=2 term=1 cov=20.3%/100.0%
[R5] state=follower leader=2 term=1 cov=20.3%/100.0%
[R5] state=follower leader=2 term=1 cov=20.3%/100.0%
[R5] state=follower leader=2 term=1 cov=20.3%/100.0%
[R5] state=follower leader=2 term=1 cov=20.3%/100.0%
[R5] state=follower leader=2 term=1 cov=20.3%/100.0%
[R5] state=follower leader=2 term=1 cov=20.3%/100.0%
[R5] state=follower leader=2 term=1 cov=20.3%/100.0%
[R5] state=follower leader=2 term=1 cov=20.3%/100.0%
[R5] state=follower leader=2 term=1 cov=20.3%/100.0%
[R5] state=follower leader=2 term=1 cov=20.3%/100.0%
[R5] state=follower leader=2 term=1 cov=20.3%/100.0%
[R5] state=follower leader=2 term=1 cov=20.3%/100.0%
[R5] state=follower leader=2 term=1 cov=20.3%/100.0%
[R5] state=follower leader=2 term=1 cov=20.3%/100.0%
[R5] state=follower leader=2 term=1 cov=20.3%/100.0%
[R5] state=follower leader=2 term=1 cov=20.3%/100.0%
[R5] state=follower leader=2 term=1 cov=20.3%/100.0%
[R5] state=follower leader=2 term=1 cov=20.3%/100.0%
[R5] state=follower leader=2 term=1 cov=20.3%/100.0%
[R5] state=follower leader=2 term=1 cov=20.3%/100.0%
[R5] state=follower leader=2 term=1 cov=20.3%/100.0%
[R5] state=follower leader=2 term=1 cov=20.3%/100.0%
