[WARN] Hardware modules not available - running in simulation mode
=== REIP Node - Robot 3 [SIM (unique ports)] ===
Trust Model: Three-tier confidence-weighted
  Personal: 1.0, ToF: 1.0, Peer: 0.3
  Suspicion threshold: 1.5, Recovery: 0.1

  Logging to: logs/robot_3_20260226_213026.jsonl
Initializing hardware...
  Hardware: SIMULATED
[INFO] Position socket listening on port 8103
[INFO] Peer socket listening on port 8203
[INFO] Fault socket listening on port 8303
Ready!

=== Detection Bounds: T1=2 cmds, T3=8 cmds | Impeachment: T1=8 cmds, T3=32 cmds ===
Running... Press Ctrl+C to stop

[ELECTION] New leader: 3
[R3] pos=(0,0) state=leader leader=3 trust=1.00 susp=0.00 cov=0.0%/0.0%
[ELECTION] New leader: 1
[R3] pos=(848,802) state=follower leader=1 trust=1.00 susp=0.00 cov=0.5%/0.5%
[R3] pos=(596,926) state=follower leader=1 trust=1.00 susp=0.00 cov=3.6%/13.0%
[R3] pos=(921,1186) state=follower leader=1 trust=1.00 susp=0.00 cov=6.2%/26.6%
[R3] pos=(921,968) state=follower leader=1 trust=1.00 susp=0.00 cov=7.3%/33.3%
[R3] pos=(921,976) state=follower leader=1 trust=1.00 susp=0.00 cov=7.3%/39.6%
[R3] pos=(921,1025) state=follower leader=1 trust=1.00 susp=0.00 cov=7.3%/45.3%
[TRUST] Bad command #1 (peer_reported): suspicion +0.30 = 0.30
[TRUST] Bad command #2 (peer_reported): suspicion +0.30 = 0.60
[TRUST] Bad command #3 (peer_reported): suspicion +0.30 = 0.90
[TRUST] Bad command #4 (peer_reported): suspicion +0.30 = 1.20
[TRUST] Bad command #5 (peer_reported): suspicion +0.30 = 1.50
[DETECT] First trust decay after 5 bad commands (0.84s) [Theoretical bound: T1=2, T3=8]
[TRUST] Trust decayed: trust=0.80, remaining suspicion=0.00
[TRUST] Bad command #6 (peer_reported): suspicion +0.30 = 0.30
[TRUST] Bad command #7 (peer_reported): suspicion +0.30 = 0.60
[R3] pos=(187,630) state=follower leader=1 trust=0.80 susp=0.60 cov=8.9%/46.9%
[TRUST] Bad command #8 (personal_visited): suspicion +1.00 = 1.30
[TRUST] Bad command #9 (personal_visited): suspicion +1.00 = 2.30
[TRUST] Trust decayed: trust=0.60, remaining suspicion=0.80
[ELECTION] Leader 1 impeached (failures=1)
[ELECTION] New leader: 2
[R3] pos=(108,479) state=follower leader=2 trust=1.00 susp=0.00 cov=10.9%/47.4%
[R3] pos=(905,432) state=follower leader=2 trust=1.00 susp=0.00 cov=14.6%/50.0%
[R3] pos=(905,438) state=follower leader=2 trust=1.00 susp=0.00 cov=15.1%/51.6%
[R3] pos=(905,337) state=follower leader=2 trust=1.00 susp=0.00 cov=15.6%/55.2%
[R3] pos=(905,353) state=follower leader=2 trust=1.00 susp=0.00 cov=15.6%/59.4%
[R3] pos=(905,350) state=follower leader=2 trust=1.00 susp=0.00 cov=15.6%/63.5%
[R3] pos=(905,428) state=follower leader=2 trust=1.00 susp=0.00 cov=15.6%/67.2%
[R3] pos=(905,364) state=follower leader=2 trust=1.00 susp=0.00 cov=15.6%/72.4%
[R3] pos=(905,350) state=follower leader=2 trust=1.00 susp=0.00 cov=15.6%/75.5%
[TRUST] Bad command #1 (peer_reported): suspicion +0.30 = 0.30
[TRUST] Bad command #2 (peer_reported): suspicion +0.30 = 0.60
[TRUST] Bad command #3 (peer_reported): suspicion +0.30 = 0.90
[TRUST] Bad command #4 (peer_reported): suspicion +0.30 = 1.20
[TRUST] Bad command #5 (peer_reported): suspicion +0.30 = 1.50
[DETECT] First trust decay after 5 bad commands (0.83s) [Theoretical bound: T1=2, T3=8]
[TRUST] Trust decayed: trust=0.80, remaining suspicion=0.00
[TRUST] Bad command #6 (peer_reported): suspicion +0.30 = 0.30
[TRUST] Bad command #7 (peer_reported): suspicion +0.30 = 0.60
[TRUST] Bad command #8 (peer_reported): suspicion +0.30 = 0.90
[TRUST] Bad command #9 (peer_reported): suspicion +0.30 = 1.20
[R3] pos=(905,617) state=follower leader=2 trust=0.80 susp=1.20 cov=15.6%/79.7%
[TRUST] Bad command #10 (peer_reported): suspicion +0.30 = 1.50
[TRUST] Trust decayed: trust=0.60, remaining suspicion=0.00
[TRUST] Bad command #11 (peer_reported): suspicion +0.30 = 0.30
[TRUST] Bad command #12 (peer_reported): suspicion +0.30 = 0.60
[TRUST] Bad command #13 (peer_reported): suspicion +0.30 = 0.90
[TRUST] Bad command #14 (peer_reported): suspicion +0.30 = 1.20
[TRUST] Bad command #15 (peer_reported): suspicion +0.30 = 1.50
[TRUST] Trust decayed: trust=0.40, remaining suspicion=0.00
[TRUST] Bad command #16 (peer_reported): suspicion +0.30 = 0.30
[TRUST] Bad command #17 (peer_reported): suspicion +0.30 = 0.60
[TRUST] Bad command #18 (peer_reported): suspicion +0.30 = 0.90
[TRUST] Bad command #19 (peer_reported): suspicion +0.30 = 1.20
[R3] pos=(905,652) state=follower leader=2 trust=0.40 susp=1.20 cov=16.1%/80.2%
[TRUST] Bad command #20 (peer_reported): suspicion +0.30 = 1.50
[TRUST] Trust decayed: trust=0.20, remaining suspicion=0.00
[TRUST] Bad command #21 (peer_reported): suspicion +0.30 = 0.30
[TRUST] Bad command #22 (peer_reported): suspicion +0.30 = 0.60
[TRUST] Bad command #23 (peer_reported): suspicion +0.30 = 0.90
[TRUST] Bad command #24 (peer_reported): suspicion +0.30 = 1.20
[DETECT] IMPEACHMENT after 24 bad commands, 4.83s from first bad command [Bound: T1=8 cmds, T3=32 cmds]
[IMPEACH] Trust too low (0.20), excluding leader 2 from candidates
[ELECTION] Leader 2 impeached (failures=1)
[ELECTION] New leader: 3
[R3] pos=(824,671) state=leader leader=3 trust=1.00 susp=0.00 cov=16.1%/80.7%
[R3] pos=(925,451) state=leader leader=3 trust=1.00 susp=0.00 cov=16.1%/83.3%
[R3] pos=(925,340) state=leader leader=3 trust=1.00 susp=0.00 cov=16.1%/88.5%
[R3] pos=(924,312) state=leader leader=3 trust=1.00 susp=0.00 cov=16.7%/93.2%
[R3] pos=(924,231) state=leader leader=3 trust=1.00 susp=0.00 cov=16.7%/95.3%
[R3] pos=(924,307) state=leader leader=3 trust=1.00 susp=0.00 cov=16.7%/100.0%
[R3] pos=(924,363) state=leader leader=3 trust=1.00 susp=0.00 cov=16.7%/100.0%
[R3] pos=(924,330) state=leader leader=3 trust=1.00 susp=0.00 cov=16.7%/100.0%
[R3] pos=(924,322) state=leader leader=3 trust=1.00 susp=0.00 cov=16.7%/100.0%
[R3] pos=(924,319) state=leader leader=3 trust=1.00 susp=0.00 cov=16.7%/100.0%
[R3] pos=(924,319) state=leader leader=3 trust=1.00 susp=0.00 cov=16.7%/100.0%
[R3] pos=(924,319) state=leader leader=3 trust=1.00 susp=0.00 cov=16.7%/100.0%
[R3] pos=(924,319) state=leader leader=3 trust=1.00 susp=0.00 cov=16.7%/100.0%
[R3] pos=(924,319) state=leader leader=3 trust=1.00 susp=0.00 cov=16.7%/100.0%
[R3] pos=(924,319) state=leader leader=3 trust=1.00 susp=0.00 cov=16.7%/100.0%
[R3] pos=(924,319) state=leader leader=3 trust=1.00 susp=0.00 cov=16.7%/100.0%
[R3] pos=(924,319) state=leader leader=3 trust=1.00 susp=0.00 cov=16.7%/100.0%
[R3] pos=(924,319) state=leader leader=3 trust=1.00 susp=0.00 cov=16.7%/100.0%
[R3] pos=(924,319) state=leader leader=3 trust=1.00 susp=0.00 cov=16.7%/100.0%
[R3] pos=(924,319) state=leader leader=3 trust=1.00 susp=0.00 cov=16.7%/100.0%
[R3] pos=(924,319) state=leader leader=3 trust=1.00 susp=0.00 cov=16.7%/100.0%
[R3] pos=(924,319) state=leader leader=3 trust=1.00 susp=0.00 cov=16.7%/100.0%
[R3] pos=(924,319) state=leader leader=3 trust=1.00 susp=0.00 cov=16.7%/100.0%
[R3] pos=(924,319) state=leader leader=3 trust=1.00 susp=0.00 cov=16.7%/100.0%
[R3] pos=(924,319) state=leader leader=3 trust=1.00 susp=0.00 cov=16.7%/100.0%
[R3] pos=(924,319) state=leader leader=3 trust=1.00 susp=0.00 cov=16.7%/100.0%
[R3] pos=(924,319) state=leader leader=3 trust=1.00 susp=0.00 cov=16.7%/100.0%
[R3] pos=(924,319) state=leader leader=3 trust=1.00 susp=0.00 cov=16.7%/100.0%
[R3] pos=(924,319) state=leader leader=3 trust=1.00 susp=0.00 cov=16.7%/100.0%
[R3] pos=(924,319) state=leader leader=3 trust=1.00 susp=0.00 cov=16.7%/100.0%
[R3] pos=(924,319) state=leader leader=3 trust=1.00 susp=0.00 cov=16.7%/100.0%
[R3] pos=(924,319) state=leader leader=3 trust=1.00 susp=0.00 cov=16.7%/100.0%
[R3] pos=(924,319) state=leader leader=3 trust=1.00 susp=0.00 cov=16.7%/100.0%
[R3] pos=(924,319) state=leader leader=3 trust=1.00 susp=0.00 cov=16.7%/100.0%
[R3] pos=(924,319) state=leader leader=3 trust=1.00 susp=0.00 cov=16.7%/100.0%
[R3] pos=(924,319) state=leader leader=3 trust=1.00 susp=0.00 cov=16.7%/100.0%
[R3] pos=(924,319) state=leader leader=3 trust=1.00 susp=0.00 cov=16.7%/100.0%
[R3] pos=(924,319) state=leader leader=3 trust=1.00 susp=0.00 cov=16.7%/100.0%
[R3] pos=(924,319) state=leader leader=3 trust=1.00 susp=0.00 cov=16.7%/100.0%
[R3] pos=(924,319) state=leader leader=3 trust=1.00 susp=0.00 cov=16.7%/100.0%
[R3] pos=(924,319) state=leader leader=3 trust=1.00 susp=0.00 cov=16.7%/100.0%
[R3] pos=(924,319) state=leader leader=3 trust=1.00 susp=0.00 cov=16.7%/100.0%
[R3] pos=(924,319) state=leader leader=3 trust=1.00 susp=0.00 cov=16.7%/100.0%
[R3] pos=(924,319) state=leader leader=3 trust=1.00 susp=0.00 cov=16.7%/100.0%
[R3] pos=(924,319) state=leader leader=3 trust=1.00 susp=0.00 cov=16.7%/100.0%
[R3] pos=(924,319) state=leader leader=3 trust=1.00 susp=0.00 cov=16.7%/100.0%
[R3] pos=(924,319) state=leader leader=3 trust=1.00 susp=0.00 cov=16.7%/100.0%
[R3] pos=(924,319) state=leader leader=3 trust=1.00 susp=0.00 cov=16.7%/100.0%
[R3] pos=(924,319) state=leader leader=3 trust=1.00 susp=0.00 cov=16.7%/100.0%
[R3] pos=(924,319) state=leader leader=3 trust=1.00 susp=0.00 cov=16.7%/100.0%
