[WARN] Hardware modules not available - simulation mode
=== RAFT Baseline - Robot 2 [SIM] ===
NO TRUST. Heartbeat timeout only.

  Logging to: logs/raft_2_20260226_082409.jsonl
Initializing hardware...
  Hardware: SIMULATED
[INFO] Position socket listening on port 6102
[INFO] Peer socket listening on port 6202
[INFO] Fault socket listening on port 6302
Ready!

Running RAFT baseline... Press Ctrl+C to stop

[R2] state=follower leader=None term=0 cov=0.0%/0.0%
[RAFT] Starting election, term 1
[RAFT] Became leader, term 1
[R2] state=leader leader=2 term=1 cov=0.5%/0.5%
[R2] state=leader leader=2 term=1 cov=3.1%/11.5%
[R2] state=leader leader=2 term=1 cov=6.2%/23.4%
[R2] state=leader leader=2 term=1 cov=8.9%/32.8%
[R2] state=leader leader=2 term=1 cov=11.5%/42.7%
[R2] state=leader leader=2 term=1 cov=13.5%/51.0%
[R2] state=leader leader=2 term=1 cov=15.6%/61.5%
[R2] state=leader leader=2 term=1 cov=18.8%/72.9%
[R2] state=leader leader=2 term=1 cov=21.9%/82.8%
[R2] state=leader leader=2 term=1 cov=24.0%/88.0%
[R2] state=leader leader=2 term=1 cov=28.1%/95.3%
[R2] state=leader leader=2 term=1 cov=30.2%/95.3%
[R2] state=leader leader=2 term=1 cov=32.3%/99.0%
[R2] state=leader leader=2 term=1 cov=33.3%/100.0%
[R2] state=leader leader=2 term=1 cov=33.9%/100.0%
[R2] state=leader leader=2 term=1 cov=33.9%/100.0%
[R2] state=leader leader=2 term=1 cov=33.9%/100.0%
[R2] state=leader leader=2 term=1 cov=33.9%/100.0%
[R2] state=leader leader=2 term=1 cov=33.9%/100.0%
[R2] state=leader leader=2 term=1 cov=33.9%/100.0%
[R2] state=leader leader=2 term=1 cov=33.9%/100.0%
[R2] state=leader leader=2 term=1 cov=33.9%/100.0%
[R2] state=leader leader=2 term=1 cov=33.9%/100.0%
[R2] state=leader leader=2 term=1 cov=33.9%/100.0%
[R2] state=leader leader=2 term=1 cov=33.9%/100.0%
[R2] state=leader leader=2 term=1 cov=33.9%/100.0%
[R2] state=leader leader=2 term=1 cov=33.9%/100.0%
[R2] state=leader leader=2 term=1 cov=33.9%/100.0%
[R2] state=leader leader=2 term=1 cov=33.9%/100.0%
[R2] state=leader leader=2 term=1 cov=33.9%/100.0%
[R2] state=leader leader=2 term=1 cov=33.9%/100.0%
[R2] state=leader leader=2 term=1 cov=33.9%/100.0%
[R2] state=leader leader=2 term=1 cov=33.9%/100.0%
[R2] state=leader leader=2 term=1 cov=33.9%/100.0%
[R2] state=leader leader=2 term=1 cov=33.9%/100.0%
[R2] state=leader leader=2 term=1 cov=33.9%/100.0%
[R2] state=leader leader=2 term=1 cov=33.9%/100.0%
[R2] state=leader leader=2 term=1 cov=33.9%/100.0%
[R2] state=leader leader=2 term=1 cov=33.9%/100.0%
[R2] state=leader leader=2 term=1 cov=33.9%/100.0%
[R2] state=leader leader=2 term=1 cov=33.9%/100.0%
[R2] state=leader leader=2 term=1 cov=33.9%/100.0%
[R2] state=leader leader=2 term=1 cov=33.9%/100.0%
[R2] state=leader leader=2 term=1 cov=33.9%/100.0%
[R2] state=leader leader=2 term=1 cov=33.9%/100.0%
[R2] state=leader leader=2 term=1 cov=33.9%/100.0%
[R2] state=leader leader=2 term=1 cov=33.9%/100.0%
[R2] state=leader leader=2 term=1 cov=33.9%/100.0%
[R2] state=leader leader=2 term=1 cov=33.9%/100.0%
[R2] state=leader leader=2 term=1 cov=33.9%/100.0%
[R2] state=leader leader=2 term=1 cov=33.9%/100.0%
[R2] state=leader leader=2 term=1 cov=33.9%/100.0%
[R2] state=leader leader=2 term=1 cov=33.9%/100.0%
[R2] state=leader leader=2 term=1 cov=33.9%/100.0%
[R2] state=leader leader=2 term=1 cov=33.9%/100.0%
[R2] state=leader leader=2 term=1 cov=33.9%/100.0%
[R2] state=leader leader=2 term=1 cov=33.9%/100.0%
[R2] state=leader leader=2 term=1 cov=33.9%/100.0%
[R2] state=leader leader=2 term=1 cov=33.9%/100.0%
[R2] state=leader leader=2 term=1 cov=33.9%/100.0%
[R2] state=leader leader=2 term=1 cov=33.9%/100.0%
[R2] state=leader leader=2 term=1 cov=33.9%/100.0%
[R2] state=leader leader=2 term=1 cov=33.9%/100.0%
