[WARN] Hardware modules not available - simulation mode
=== RAFT Baseline - Robot 4 [SIM] ===
NO TRUST. Heartbeat timeout only.

  Logging to: logs/raft_4_20260226_082409.jsonl
Initializing hardware...
  Hardware: SIMULATED
[INFO] Position socket listening on port 6104
[INFO] Peer socket listening on port 6204
[INFO] Fault socket listening on port 6304
Ready!

Running RAFT baseline... Press Ctrl+C to stop

[R4] state=follower leader=None term=0 cov=0.0%/0.0%
[R4] state=follower leader=2 term=1 cov=0.5%/0.5%
[R4] state=follower leader=2 term=1 cov=2.1%/11.5%
[R4] state=follower leader=2 term=1 cov=4.2%/23.4%
[R4] state=follower leader=2 term=1 cov=6.8%/32.8%
[R4] state=follower leader=2 term=1 cov=8.9%/42.7%
[R4] state=follower leader=2 term=1 cov=12.0%/51.0%
[R4] state=follower leader=2 term=1 cov=14.1%/61.5%
[R4] state=follower leader=2 term=1 cov=17.2%/73.4%
[R4] state=follower leader=2 term=1 cov=20.8%/82.8%
[R4] state=follower leader=2 term=1 cov=24.0%/88.0%
[R4] state=follower leader=2 term=1 cov=28.1%/95.3%
[R4] state=follower leader=2 term=1 cov=31.2%/95.3%
[R4] state=follower leader=2 term=1 cov=33.9%/99.0%
[R4] state=follower leader=2 term=1 cov=35.4%/100.0%
[R4] state=follower leader=2 term=1 cov=35.4%/100.0%
[R4] state=follower leader=2 term=1 cov=35.4%/100.0%
[R4] state=follower leader=2 term=1 cov=35.4%/100.0%
[R4] state=follower leader=2 term=1 cov=35.4%/100.0%
[R4] state=follower leader=2 term=1 cov=35.4%/100.0%
[R4] state=follower leader=2 term=1 cov=35.4%/100.0%
[R4] state=follower leader=2 term=1 cov=35.4%/100.0%
[R4] state=follower leader=2 term=1 cov=35.4%/100.0%
[R4] state=follower leader=2 term=1 cov=35.4%/100.0%
[R4] state=follower leader=2 term=1 cov=35.4%/100.0%
[R4] state=follower leader=2 term=1 cov=35.4%/100.0%
[R4] state=follower leader=2 term=1 cov=35.4%/100.0%
[R4] state=follower leader=2 term=1 cov=35.4%/100.0%
[R4] state=follower leader=2 term=1 cov=35.4%/100.0%
[R4] state=follower leader=2 term=1 cov=35.4%/100.0%
[R4] state=follower leader=2 term=1 cov=35.4%/100.0%
[R4] state=follower leader=2 term=1 cov=35.4%/100.0%
[R4] state=follower leader=2 term=1 cov=35.4%/100.0%
[R4] state=follower leader=2 term=1 cov=35.4%/100.0%
[R4] state=follower leader=2 term=1 cov=35.4%/100.0%
[R4] state=follower leader=2 term=1 cov=35.4%/100.0%
[R4] state=follower leader=2 term=1 cov=35.4%/100.0%
[R4] state=follower leader=2 term=1 cov=35.4%/100.0%
[R4] state=follower leader=2 term=1 cov=35.4%/100.0%
[R4] state=follower leader=2 term=1 cov=35.4%/100.0%
[R4] state=follower leader=2 term=1 cov=35.4%/100.0%
[R4] state=follower leader=2 term=1 cov=35.4%/100.0%
[R4] state=follower leader=2 term=1 cov=35.4%/100.0%
[R4] state=follower leader=2 term=1 cov=35.4%/100.0%
[R4] state=follower leader=2 term=1 cov=35.4%/100.0%
[R4] state=follower leader=2 term=1 cov=35.4%/100.0%
[R4] state=follower leader=2 term=1 cov=35.4%/100.0%
[R4] state=follower leader=2 term=1 cov=35.4%/100.0%
[R4] state=follower leader=2 term=1 cov=35.4%/100.0%
[R4] state=follower leader=2 term=1 cov=35.4%/100.0%
[R4] state=follower leader=2 term=1 cov=35.4%/100.0%
[R4] state=follower leader=2 term=1 cov=35.4%/100.0%
[R4] state=follower leader=2 term=1 cov=35.4%/100.0%
[R4] state=follower leader=2 term=1 cov=35.4%/100.0%
[R4] state=follower leader=2 term=1 cov=35.4%/100.0%
[R4] state=follower leader=2 term=1 cov=35.4%/100.0%
[R4] state=follower leader=2 term=1 cov=35.4%/100.0%
[R4] state=follower leader=2 term=1 cov=35.4%/100.0%
[R4] state=follower leader=2 term=1 cov=35.4%/100.0%
[R4] state=follower leader=2 term=1 cov=35.4%/100.0%
[R4] state=follower leader=2 term=1 cov=35.4%/100.0%
[R4] state=follower leader=2 term=1 cov=35.4%/100.0%
[R4] state=follower leader=2 term=1 cov=35.4%/100.0%
[R4] state=follower leader=2 term=1 cov=35.4%/100.0%
