[WARN] Hardware modules not available - simulation mode
=== RAFT Baseline - Robot 2 [SIM] ===
NO TRUST. Heartbeat timeout only.

  Logging to: logs/raft_2_20260226_180453.jsonl
Initializing hardware...
  Hardware: SIMULATED
[INFO] Position socket listening on port 11102
[INFO] Peer socket listening on port 11202
[INFO] Fault socket listening on port 11302
Ready!

Running RAFT baseline... Press Ctrl+C to stop

[R2] state=follower leader=None term=0 cov=0.0%/0.0%
[R2] state=follower leader=3 term=1 cov=0.5%/0.5%
[R2] state=follower leader=3 term=1 cov=4.2%/16.1%
[R2] state=follower leader=3 term=1 cov=6.2%/27.1%
[R2] state=follower leader=3 term=1 cov=7.8%/38.5%
[R2] state=follower leader=3 term=1 cov=10.4%/51.6%
[R2] state=follower leader=3 term=1 cov=13.5%/58.3%
[R2] state=follower leader=3 term=1 cov=16.7%/68.8%
[R2] state=follower leader=3 term=1 cov=19.3%/79.2%
[R2] state=follower leader=3 term=1 cov=21.9%/89.1%
[R2] state=follower leader=3 term=1 cov=24.5%/95.3%
[R2] state=follower leader=3 term=1 cov=27.1%/97.4%
[R2] state=follower leader=3 term=1 cov=30.7%/100.0%
[R2] state=follower leader=3 term=1 cov=30.7%/100.0%
[R2] state=follower leader=3 term=1 cov=30.7%/100.0%
[R2] state=follower leader=3 term=1 cov=30.7%/100.0%
[R2] state=follower leader=3 term=1 cov=30.7%/100.0%
[R2] state=follower leader=3 term=1 cov=30.7%/100.0%
[R2] state=follower leader=3 term=1 cov=30.7%/100.0%
[R2] state=follower leader=3 term=1 cov=30.7%/100.0%
[R2] state=follower leader=3 term=1 cov=30.7%/100.0%
[R2] state=follower leader=3 term=1 cov=30.7%/100.0%
[R2] state=follower leader=3 term=1 cov=30.7%/100.0%
[R2] state=follower leader=3 term=1 cov=30.7%/100.0%
[R2] state=follower leader=3 term=1 cov=30.7%/100.0%
[R2] state=follower leader=3 term=1 cov=30.7%/100.0%
[R2] state=follower leader=3 term=1 cov=30.7%/100.0%
[R2] state=follower leader=3 term=1 cov=30.7%/100.0%
[R2] state=follower leader=3 term=1 cov=30.7%/100.0%
[R2] state=follower leader=3 term=1 cov=30.7%/100.0%
[R2] state=follower leader=3 term=1 cov=30.7%/100.0%
[R2] state=follower leader=3 term=1 cov=30.7%/100.0%
[R2] state=follower leader=3 term=1 cov=30.7%/100.0%
[R2] state=follower leader=3 term=1 cov=30.7%/100.0%
[R2] state=follower leader=3 term=1 cov=30.7%/100.0%
[R2] state=follower leader=3 term=1 cov=30.7%/100.0%
[R2] state=follower leader=3 term=1 cov=30.7%/100.0%
[R2] state=follower leader=3 term=1 cov=30.7%/100.0%
[R2] state=follower leader=3 term=1 cov=30.7%/100.0%
[R2] state=follower leader=3 term=1 cov=30.7%/100.0%
[R2] state=follower leader=3 term=1 cov=30.7%/100.0%
[R2] state=follower leader=3 term=1 cov=30.7%/100.0%
[R2] state=follower leader=3 term=1 cov=30.7%/100.0%
[R2] state=follower leader=3 term=1 cov=30.7%/100.0%
[R2] state=follower leader=3 term=1 cov=30.7%/100.0%
[R2] state=follower leader=3 term=1 cov=30.7%/100.0%
[R2] state=follower leader=3 term=1 cov=30.7%/100.0%
[R2] state=follower leader=3 term=1 cov=30.7%/100.0%
[R2] state=follower leader=3 term=1 cov=30.7%/100.0%
[R2] state=follower leader=3 term=1 cov=30.7%/100.0%
[R2] state=follower leader=3 term=1 cov=30.7%/100.0%
[R2] state=follower leader=3 term=1 cov=30.7%/100.0%
[R2] state=follower leader=3 term=1 cov=30.7%/100.0%
[R2] state=follower leader=3 term=1 cov=30.7%/100.0%
[R2] state=follower leader=3 term=1 cov=30.7%/100.0%
[R2] state=follower leader=3 term=1 cov=30.7%/100.0%
[R2] state=follower leader=3 term=1 cov=30.7%/100.0%
[R2] state=follower leader=3 term=1 cov=30.7%/100.0%
[R2] state=follower leader=3 term=1 cov=30.7%/100.0%
[R2] state=follower leader=3 term=1 cov=30.7%/100.0%
[R2] state=follower leader=3 term=1 cov=30.7%/100.0%
