[WARN] Hardware modules not available - simulation mode
=== RAFT Baseline - Robot 5 [SIM] ===
NO TRUST. Heartbeat timeout only.

  Logging to: logs/raft_5_20260226_162207.jsonl
Initializing hardware...
  Hardware: SIMULATED
[INFO] Position socket listening on port 26105
[INFO] Peer socket listening on port 26205
[INFO] Fault socket listening on port 26305
Ready!

Running RAFT baseline... Press Ctrl+C to stop

[R5] state=follower leader=None term=0 cov=0.0%/0.0%
[R5] state=follower leader=4 term=1 cov=0.5%/0.5%
[R5] state=follower leader=4 term=1 cov=2.6%/11.5%
[R5] state=follower leader=4 term=1 cov=5.2%/25.5%
[R5] state=follower leader=4 term=1 cov=7.3%/35.4%
[R5] state=follower leader=4 term=1 cov=9.9%/46.9%
[R5] state=follower leader=4 term=1 cov=11.5%/56.2%
[R5] state=follower leader=4 term=1 cov=14.6%/64.1%
[R5] state=follower leader=4 term=1 cov=17.7%/72.9%
[R5] state=follower leader=4 term=1 cov=19.3%/80.7%
[R5] state=follower leader=4 term=1 cov=22.4%/88.5%
[R5] state=follower leader=4 term=1 cov=24.0%/92.2%
[R5] state=follower leader=4 term=1 cov=24.5%/95.3%
[R5] state=follower leader=4 term=1 cov=24.5%/95.3%
[R5] state=follower leader=4 term=1 cov=24.5%/95.3%
[R5] state=follower leader=4 term=1 cov=24.5%/95.3%
[R5] state=follower leader=4 term=1 cov=24.5%/95.3%
[R5] state=follower leader=4 term=1 cov=24.5%/95.3%
[R5] state=follower leader=4 term=1 cov=24.5%/95.3%
[R5] state=follower leader=4 term=1 cov=24.5%/95.3%
[R5] state=follower leader=4 term=1 cov=24.5%/95.3%
[R5] state=follower leader=4 term=1 cov=24.5%/95.3%
[R5] state=follower leader=4 term=1 cov=24.5%/95.3%
[R5] state=follower leader=4 term=1 cov=26.0%/99.0%
[R5] state=follower leader=4 term=1 cov=26.0%/99.5%
[R5] state=follower leader=4 term=1 cov=26.6%/100.0%
[R5] state=follower leader=4 term=1 cov=26.6%/100.0%
[R5] state=follower leader=4 term=1 cov=26.6%/100.0%
[R5] state=follower leader=4 term=1 cov=26.6%/100.0%
[R5] state=follower leader=4 term=1 cov=26.6%/100.0%
[R5] state=follower leader=4 term=1 cov=26.6%/100.0%
[R5] state=follower leader=4 term=1 cov=26.6%/100.0%
[R5] state=follower leader=4 term=1 cov=26.6%/100.0%
[R5] state=follower leader=4 term=1 cov=26.6%/100.0%
[R5] state=follower leader=4 term=1 cov=26.6%/100.0%
[R5] state=follower leader=4 term=1 cov=26.6%/100.0%
[R5] state=follower leader=4 term=1 cov=26.6%/100.0%
[R5] state=follower leader=4 term=1 cov=26.6%/100.0%
[R5] state=follower leader=4 term=1 cov=26.6%/100.0%
[R5] state=follower leader=4 term=1 cov=26.6%/100.0%
[R5] state=follower leader=4 term=1 cov=26.6%/100.0%
[R5] state=follower leader=4 term=1 cov=26.6%/100.0%
[R5] state=follower leader=4 term=1 cov=26.6%/100.0%
[R5] state=follower leader=4 term=1 cov=26.6%/100.0%
[R5] state=follower leader=4 term=1 cov=26.6%/100.0%
[R5] state=follower leader=4 term=1 cov=26.6%/100.0%
[R5] state=follower leader=4 term=1 cov=26.6%/100.0%
[R5] state=follower leader=4 term=1 cov=26.6%/100.0%
[R5] state=follower leader=4 term=1 cov=26.6%/100.0%
[R5] state=follower leader=4 term=1 cov=26.6%/100.0%
[R5] state=follower leader=4 term=1 cov=26.6%/100.0%
[R5] state=follower leader=4 term=1 cov=26.6%/100.0%
[R5] state=follower leader=4 term=1 cov=26.6%/100.0%
[R5] state=follower leader=4 term=1 cov=26.6%/100.0%
[R5] state=follower leader=4 term=1 cov=26.6%/100.0%
[R5] state=follower leader=4 term=1 cov=26.6%/100.0%
[R5] state=follower leader=4 term=1 cov=26.6%/100.0%
[R5] state=follower leader=4 term=1 cov=26.6%/100.0%
[R5] state=follower leader=4 term=1 cov=26.6%/100.0%
[R5] state=follower leader=4 term=1 cov=26.6%/100.0%
[R5] state=follower leader=4 term=1 cov=26.6%/100.0%
