[WARN] Hardware modules not available - simulation mode
=== RAFT Baseline - Robot 3 [SIM] ===
NO TRUST. Heartbeat timeout only.

  Logging to: logs/raft_3_20260226_162207.jsonl
Initializing hardware...
  Hardware: SIMULATED
[INFO] Position socket listening on port 26103
[INFO] Peer socket listening on port 26203
[INFO] Fault socket listening on port 26303
Ready!

Running RAFT baseline... Press Ctrl+C to stop

[R3] state=follower leader=None term=0 cov=0.0%/0.0%
[R3] state=follower leader=4 term=1 cov=0.5%/0.5%
[R3] state=follower leader=4 term=1 cov=2.1%/11.5%
[R3] state=follower leader=4 term=1 cov=5.2%/23.4%
[R3] state=follower leader=4 term=1 cov=7.3%/35.4%
[R3] state=follower leader=4 term=1 cov=9.4%/46.9%
[R3] state=follower leader=4 term=1 cov=12.5%/56.2%
[R3] state=follower leader=4 term=1 cov=15.1%/64.1%
[R3] state=follower leader=4 term=1 cov=17.7%/72.9%
[R3] state=follower leader=4 term=1 cov=19.8%/80.7%
[R3] state=follower leader=4 term=1 cov=21.9%/88.5%
[R3] state=follower leader=4 term=1 cov=22.4%/91.1%
[R3] state=follower leader=4 term=1 cov=23.4%/95.3%
[R3] state=follower leader=4 term=1 cov=23.4%/95.3%
[R3] state=follower leader=4 term=1 cov=23.4%/95.3%
[R3] state=follower leader=4 term=1 cov=23.4%/95.3%
[R3] state=follower leader=4 term=1 cov=23.4%/95.3%
[R3] state=follower leader=4 term=1 cov=23.4%/95.3%
[R3] state=follower leader=4 term=1 cov=23.4%/95.3%
[R3] state=follower leader=4 term=1 cov=23.4%/95.3%
[R3] state=follower leader=4 term=1 cov=23.4%/95.3%
[R3] state=follower leader=4 term=1 cov=23.4%/95.3%
[R3] state=follower leader=4 term=1 cov=23.4%/95.3%
[R3] state=follower leader=4 term=1 cov=24.5%/99.0%
[R3] state=follower leader=4 term=1 cov=28.1%/99.5%
[R3] state=follower leader=4 term=1 cov=28.1%/100.0%
[R3] state=follower leader=4 term=1 cov=28.1%/100.0%
[R3] state=follower leader=4 term=1 cov=28.1%/100.0%
[R3] state=follower leader=4 term=1 cov=28.1%/100.0%
[R3] state=follower leader=4 term=1 cov=28.1%/100.0%
[R3] state=follower leader=4 term=1 cov=28.1%/100.0%
[R3] state=follower leader=4 term=1 cov=28.1%/100.0%
[R3] state=follower leader=4 term=1 cov=28.1%/100.0%
[R3] state=follower leader=4 term=1 cov=28.1%/100.0%
[R3] state=follower leader=4 term=1 cov=28.1%/100.0%
[R3] state=follower leader=4 term=1 cov=28.1%/100.0%
[R3] state=follower leader=4 term=1 cov=28.1%/100.0%
[R3] state=follower leader=4 term=1 cov=28.1%/100.0%
[R3] state=follower leader=4 term=1 cov=28.1%/100.0%
[R3] state=follower leader=4 term=1 cov=28.1%/100.0%
[R3] state=follower leader=4 term=1 cov=28.1%/100.0%
[R3] state=follower leader=4 term=1 cov=28.1%/100.0%
[R3] state=follower leader=4 term=1 cov=28.1%/100.0%
[R3] state=follower leader=4 term=1 cov=28.1%/100.0%
[R3] state=follower leader=4 term=1 cov=28.1%/100.0%
[R3] state=follower leader=4 term=1 cov=28.1%/100.0%
[R3] state=follower leader=4 term=1 cov=28.1%/100.0%
[R3] state=follower leader=4 term=1 cov=28.1%/100.0%
[R3] state=follower leader=4 term=1 cov=28.1%/100.0%
[R3] state=follower leader=4 term=1 cov=28.1%/100.0%
[R3] state=follower leader=4 term=1 cov=28.1%/100.0%
[R3] state=follower leader=4 term=1 cov=28.1%/100.0%
[R3] state=follower leader=4 term=1 cov=28.1%/100.0%
[R3] state=follower leader=4 term=1 cov=28.1%/100.0%
[R3] state=follower leader=4 term=1 cov=28.1%/100.0%
[R3] state=follower leader=4 term=1 cov=28.1%/100.0%
[R3] state=follower leader=4 term=1 cov=28.1%/100.0%
[R3] state=follower leader=4 term=1 cov=28.1%/100.0%
[R3] state=follower leader=4 term=1 cov=28.1%/100.0%
[R3] state=follower leader=4 term=1 cov=28.1%/100.0%
[R3] state=follower leader=4 term=1 cov=28.1%/100.0%
