[WARN] Hardware modules not available - running in simulation mode
=== REIP Node - Robot 5 [SIM (unique ports)] ===
Trust Model: Three-tier confidence-weighted
  Personal: 1.0, ToF: 1.0, Peer: 0.3
  Suspicion threshold: 1.5, Recovery: 0.1

  Logging to: logs/robot_5_20260226_204121.jsonl
Initializing hardware...
  Hardware: SIMULATED
[INFO] Position socket listening on port 17105
[INFO] Peer socket listening on port 17205
[INFO] Fault socket listening on port 17305
Ready!

=== Detection Bounds: T1=2 cmds, T3=8 cmds | Impeachment: T1=8 cmds, T3=32 cmds ===
Running... Press Ctrl+C to stop

[ELECTION] New leader: 5
[R5] pos=(0,0) state=leader leader=5 trust=1.00 susp=0.00 cov=0.0%/0.0%
[ELECTION] New leader: 1
[R5] pos=(203,1171) state=follower leader=1 trust=1.00 susp=0.00 cov=0.5%/0.5%
[R5] pos=(183,938) state=follower leader=1 trust=1.00 susp=0.00 cov=3.1%/13.0%
[R5] pos=(552,1161) state=follower leader=1 trust=1.00 susp=0.00 cov=5.7%/22.4%
[R5] pos=(792,1057) state=follower leader=1 trust=1.00 susp=0.00 cov=7.8%/31.8%
[R5] pos=(797,891) state=follower leader=1 trust=1.00 susp=0.00 cov=9.4%/34.4%
[R5] pos=(810,934) state=follower leader=1 trust=1.00 susp=0.00 cov=10.4%/40.1%
[R5] pos=(900,845) state=follower leader=1 trust=1.00 susp=0.00 cov=10.4%/41.7%
[R5] pos=(900,846) state=follower leader=1 trust=1.00 susp=0.00 cov=10.4%/42.2%
[R5] pos=(900,896) state=follower leader=1 trust=1.00 susp=0.00 cov=10.4%/44.8%
[R5] pos=(900,842) state=follower leader=1 trust=1.00 susp=0.00 cov=10.4%/49.5%
[R5] pos=(900,843) state=follower leader=1 trust=1.00 susp=0.00 cov=10.4%/52.1%
[R5] pos=(900,825) state=follower leader=1 trust=1.00 susp=0.00 cov=10.4%/54.7%
[R5] pos=(899,743) state=follower leader=1 trust=1.00 susp=0.00 cov=10.9%/55.2%
[R5] pos=(899,698) state=follower leader=1 trust=1.00 susp=0.00 cov=10.9%/55.2%
[R5] pos=(899,580) state=follower leader=1 trust=1.00 susp=0.00 cov=11.5%/56.8%
[R5] pos=(899,585) state=follower leader=1 trust=1.00 susp=0.00 cov=11.5%/58.3%
[R5] pos=(899,658) state=follower leader=1 trust=1.00 susp=0.00 cov=11.5%/62.0%
[R5] pos=(899,371) state=follower leader=1 trust=1.00 susp=0.00 cov=12.5%/65.6%
[R5] pos=(899,363) state=follower leader=1 trust=1.00 susp=0.00 cov=12.5%/68.2%
[R5] pos=(899,412) state=follower leader=1 trust=1.00 susp=0.00 cov=12.5%/71.9%
[R5] pos=(899,409) state=follower leader=1 trust=1.00 susp=0.00 cov=12.5%/76.6%
[R5] pos=(899,426) state=follower leader=1 trust=1.00 susp=0.00 cov=12.5%/77.6%
[R5] pos=(899,354) state=follower leader=1 trust=1.00 susp=0.00 cov=12.5%/79.2%
[R5] pos=(899,345) state=follower leader=1 trust=1.00 susp=0.00 cov=12.5%/80.2%
[R5] pos=(899,433) state=follower leader=1 trust=1.00 susp=0.00 cov=12.5%/81.8%
[R5] pos=(900,404) state=follower leader=1 trust=1.00 susp=0.00 cov=12.5%/83.9%
[R5] pos=(900,346) state=follower leader=1 trust=1.00 susp=0.00 cov=12.5%/85.9%
[R5] pos=(899,223) state=follower leader=1 trust=1.00 susp=0.00 cov=13.0%/90.1%
[R5] pos=(899,188) state=follower leader=1 trust=1.00 susp=0.00 cov=13.0%/91.1%
[R5] pos=(899,175) state=follower leader=1 trust=1.00 susp=0.00 cov=13.5%/93.8%
[R5] pos=(899,115) state=follower leader=1 trust=1.00 susp=0.00 cov=13.5%/95.3%
[R5] pos=(899,137) state=follower leader=1 trust=1.00 susp=0.00 cov=13.5%/96.4%
[R5] pos=(899,183) state=follower leader=1 trust=1.00 susp=0.00 cov=13.5%/97.4%
[R5] pos=(899,263) state=follower leader=1 trust=1.00 susp=0.00 cov=13.5%/97.4%
[R5] pos=(899,183) state=follower leader=1 trust=1.00 susp=0.00 cov=13.5%/99.0%
[R5] pos=(899,425) state=follower leader=1 trust=1.00 susp=0.00 cov=13.5%/100.0%
[R5] pos=(899,438) state=follower leader=1 trust=1.00 susp=0.00 cov=13.5%/100.0%
[R5] pos=(898,481) state=follower leader=1 trust=1.00 susp=0.00 cov=13.5%/100.0%
[R5] pos=(898,435) state=follower leader=1 trust=1.00 susp=0.00 cov=13.5%/100.0%
[R5] pos=(898,438) state=follower leader=1 trust=1.00 susp=0.00 cov=13.5%/100.0%
[R5] pos=(898,539) state=follower leader=1 trust=1.00 susp=0.00 cov=13.5%/100.0%
[R5] pos=(898,474) state=follower leader=1 trust=1.00 susp=0.00 cov=13.5%/100.0%
[R5] pos=(898,474) state=follower leader=1 trust=1.00 susp=0.00 cov=13.5%/100.0%
[R5] pos=(898,474) state=follower leader=1 trust=1.00 susp=0.00 cov=13.5%/100.0%
[R5] pos=(898,474) state=follower leader=1 trust=1.00 susp=0.00 cov=13.5%/100.0%
[R5] pos=(898,474) state=follower leader=1 trust=1.00 susp=0.00 cov=13.5%/100.0%
[R5] pos=(898,474) state=follower leader=1 trust=1.00 susp=0.00 cov=13.5%/100.0%
[R5] pos=(898,474) state=follower leader=1 trust=1.00 susp=0.00 cov=13.5%/100.0%
[R5] pos=(898,474) state=follower leader=1 trust=1.00 susp=0.00 cov=13.5%/100.0%
[R5] pos=(898,474) state=follower leader=1 trust=1.00 susp=0.00 cov=13.5%/100.0%
[R5] pos=(898,474) state=follower leader=1 trust=1.00 susp=0.00 cov=13.5%/100.0%
[R5] pos=(898,474) state=follower leader=1 trust=1.00 susp=0.00 cov=13.5%/100.0%
[R5] pos=(898,474) state=follower leader=1 trust=1.00 susp=0.00 cov=13.5%/100.0%
[R5] pos=(898,474) state=follower leader=1 trust=1.00 susp=0.00 cov=13.5%/100.0%
[R5] pos=(898,474) state=follower leader=1 trust=1.00 susp=0.00 cov=13.5%/100.0%
[R5] pos=(898,474) state=follower leader=1 trust=1.00 susp=0.00 cov=13.5%/100.0%
[R5] pos=(898,474) state=follower leader=1 trust=1.00 susp=0.00 cov=13.5%/100.0%
[R5] pos=(898,474) state=follower leader=1 trust=1.00 susp=0.00 cov=13.5%/100.0%
[R5] pos=(898,474) state=follower leader=1 trust=1.00 susp=0.00 cov=13.5%/100.0%
[R5] pos=(898,474) state=follower leader=1 trust=1.00 susp=0.00 cov=13.5%/100.0%
[R5] pos=(898,474) state=follower leader=1 trust=1.00 susp=0.00 cov=13.5%/100.0%
[R5] pos=(898,474) state=follower leader=1 trust=1.00 susp=0.00 cov=13.5%/100.0%
[R5] pos=(898,474) state=follower leader=1 trust=1.00 susp=0.00 cov=13.5%/100.0%
