[WARN] Hardware modules not available - simulation mode
=== RAFT Baseline - Robot 2 [SIM] ===
NO TRUST. Heartbeat timeout only.

  Logging to: logs/raft_2_20260226_203433.jsonl
Initializing hardware...
  Hardware: SIMULATED
[INFO] Position socket listening on port 15102
[INFO] Peer socket listening on port 15202
[INFO] Fault socket listening on port 15302
Ready!

Running RAFT baseline... Press Ctrl+C to stop

[R2] state=follower leader=None term=0 cov=0.0%/0.0%
[R2] state=follower leader=3 term=1 cov=0.5%/2.6%
[R2] state=follower leader=3 term=1 cov=0.5%/2.6%
[R2] state=follower leader=3 term=1 cov=0.5%/2.6%
[R2] state=follower leader=3 term=1 cov=0.5%/2.6%
[R2] state=follower leader=3 term=1 cov=0.5%/2.6%
[R2] state=follower leader=3 term=1 cov=0.5%/2.6%
[R2] state=follower leader=3 term=1 cov=0.5%/2.6%
[R2] state=follower leader=3 term=1 cov=0.5%/2.6%
[R2] state=follower leader=3 term=1 cov=0.5%/2.6%
[R2] state=follower leader=3 term=1 cov=0.5%/2.6%
[R2] state=follower leader=3 term=1 cov=0.5%/2.6%
[R2] state=follower leader=3 term=1 cov=0.5%/2.6%
[R2] state=follower leader=3 term=1 cov=0.5%/2.6%
[R2] state=follower leader=3 term=1 cov=0.5%/2.6%
[R2] state=follower leader=3 term=1 cov=0.5%/2.6%
[R2] state=follower leader=3 term=1 cov=0.5%/2.6%
[R2] state=follower leader=3 term=1 cov=0.5%/2.6%
[R2] state=follower leader=3 term=1 cov=0.5%/2.6%
[R2] state=follower leader=3 term=1 cov=1.0%/6.2%
[R2] state=follower leader=3 term=1 cov=2.1%/13.5%
[R2] state=follower leader=3 term=1 cov=3.1%/21.9%
[R2] state=follower leader=3 term=1 cov=4.7%/27.6%
[R2] state=follower leader=3 term=1 cov=5.2%/29.7%
[R2] state=follower leader=3 term=1 cov=5.2%/29.7%
[R2] state=follower leader=3 term=1 cov=5.2%/29.7%
[R2] state=follower leader=3 term=1 cov=5.2%/29.7%
[R2] state=follower leader=3 term=1 cov=5.2%/29.7%
[R2] state=follower leader=3 term=1 cov=5.2%/29.7%
[R2] state=follower leader=3 term=1 cov=5.2%/29.7%
[R2] state=follower leader=3 term=1 cov=5.2%/29.7%
[R2] state=follower leader=3 term=1 cov=5.2%/29.7%
[R2] state=follower leader=3 term=1 cov=5.2%/29.7%
[R2] state=follower leader=3 term=1 cov=5.2%/29.7%
[R2] state=follower leader=3 term=1 cov=5.2%/29.7%
[R2] state=follower leader=3 term=1 cov=5.2%/29.7%
[R2] state=follower leader=3 term=1 cov=5.2%/29.7%
[R2] state=follower leader=3 term=1 cov=5.2%/29.7%
[R2] state=follower leader=3 term=1 cov=5.2%/29.7%
[R2] state=follower leader=3 term=1 cov=5.2%/29.7%
[R2] state=follower leader=3 term=1 cov=5.2%/29.7%
[R2] state=follower leader=3 term=1 cov=5.2%/29.7%
[R2] state=follower leader=3 term=1 cov=5.2%/29.7%
[R2] state=follower leader=3 term=1 cov=5.2%/29.7%
[R2] state=follower leader=3 term=1 cov=5.2%/29.7%
[R2] state=follower leader=3 term=1 cov=5.2%/29.7%
[R2] state=follower leader=3 term=1 cov=5.2%/29.7%
[R2] state=follower leader=3 term=1 cov=5.2%/29.7%
[R2] state=follower leader=3 term=1 cov=5.2%/29.7%
[R2] state=follower leader=3 term=1 cov=5.2%/29.7%
[R2] state=follower leader=3 term=1 cov=5.2%/29.7%
[R2] state=follower leader=3 term=1 cov=5.7%/31.8%
[R2] state=follower leader=3 term=1 cov=7.3%/37.0%
[R2] state=follower leader=3 term=1 cov=9.4%/42.2%
[R2] state=follower leader=3 term=1 cov=10.9%/46.9%
[R2] state=follower leader=3 term=1 cov=12.0%/53.1%
[R2] state=follower leader=3 term=1 cov=15.1%/61.5%
[R2] state=follower leader=3 term=1 cov=17.2%/68.2%
[R2] state=follower leader=3 term=1 cov=19.3%/73.4%
[R2] state=follower leader=3 term=1 cov=21.4%/78.6%
[R2] state=follower leader=3 term=1 cov=23.4%/84.9%
