[WARN] Hardware modules not available - running in simulation mode
=== REIP Node - Robot 2 [SIM (unique ports)] ===
Trust Model: Three-tier confidence-weighted
  Personal: 1.0, ToF: 1.0, Peer: 0.3
  Suspicion threshold: 1.5, Recovery: 0.1

  Logging to: logs/robot_2_20260226_180019.jsonl
Initializing hardware...
  Hardware: SIMULATED
[INFO] Position socket listening on port 6102
[INFO] Peer socket listening on port 6202
[INFO] Fault socket listening on port 6302
Ready!

=== Detection Bounds: T1=2 cmds, T3=8 cmds | Impeachment: T1=8 cmds, T3=32 cmds ===
Running... Press Ctrl+C to stop

[ELECTION] New leader: 2
[R2] pos=(0,0) state=leader leader=2 trust=1.00 susp=0.00 cov=0.0%/0.0%
[ELECTION] New leader: 1
[R2] pos=(1714,758) state=follower leader=1 trust=1.00 susp=0.00 cov=0.5%/0.5%
[R2] pos=(1355,687) state=follower leader=1 trust=1.00 susp=0.00 cov=3.1%/13.0%
[R2] pos=(1312,806) state=follower leader=1 trust=1.00 susp=0.00 cov=4.7%/21.4%
[R2] pos=(1323,1067) state=follower leader=1 trust=1.00 susp=0.00 cov=6.8%/31.2%
[R2] pos=(1428,1425) state=follower leader=1 trust=1.00 susp=0.00 cov=9.9%/43.8%
[R2] pos=(1597,1167) state=follower leader=1 trust=1.00 susp=0.00 cov=13.5%/56.2%
[R2] pos=(1833,847) state=follower leader=1 trust=1.00 susp=0.00 cov=16.7%/69.8%
[R2] pos=(1925,833) state=follower leader=1 trust=1.00 susp=0.00 cov=17.2%/79.2%
[R2] pos=(1816,1062) state=follower leader=1 trust=1.00 susp=0.00 cov=18.2%/87.5%
[MPC] Moderate mismatch: best alignment 110ｰ, error=0.13
[MPC] Moderate mismatch: best alignment 127ｰ, error=0.24
[R2] pos=(1817,1425) state=follower leader=1 trust=1.00 susp=0.00 cov=21.4%/95.8%
[R2] pos=(1560,636) state=follower leader=1 trust=1.00 susp=0.00 cov=21.4%/99.0%
[R2] pos=(936,75) state=follower leader=1 trust=1.00 susp=0.00 cov=25.5%/100.0%
[R2] pos=(936,75) state=follower leader=1 trust=1.00 susp=0.00 cov=25.5%/100.0%
[R2] pos=(936,75) state=follower leader=1 trust=1.00 susp=0.00 cov=25.5%/100.0%
[R2] pos=(936,75) state=follower leader=1 trust=1.00 susp=0.00 cov=25.5%/100.0%
[R2] pos=(936,75) state=follower leader=1 trust=1.00 susp=0.00 cov=25.5%/100.0%
[R2] pos=(936,75) state=follower leader=1 trust=1.00 susp=0.00 cov=25.5%/100.0%
[R2] pos=(936,75) state=follower leader=1 trust=1.00 susp=0.00 cov=25.5%/100.0%
[R2] pos=(936,75) state=follower leader=1 trust=1.00 susp=0.00 cov=25.5%/100.0%
[R2] pos=(936,75) state=follower leader=1 trust=1.00 susp=0.00 cov=25.5%/100.0%
[R2] pos=(936,75) state=follower leader=1 trust=1.00 susp=0.00 cov=25.5%/100.0%
[R2] pos=(936,75) state=follower leader=1 trust=1.00 susp=0.00 cov=25.5%/100.0%
[R2] pos=(936,75) state=follower leader=1 trust=1.00 susp=0.00 cov=25.5%/100.0%
[R2] pos=(936,75) state=follower leader=1 trust=1.00 susp=0.00 cov=25.5%/100.0%
[R2] pos=(936,75) state=follower leader=1 trust=1.00 susp=0.00 cov=25.5%/100.0%
[R2] pos=(936,75) state=follower leader=1 trust=1.00 susp=0.00 cov=25.5%/100.0%
[R2] pos=(936,75) state=follower leader=1 trust=1.00 susp=0.00 cov=25.5%/100.0%
[R2] pos=(936,75) state=follower leader=1 trust=1.00 susp=0.00 cov=25.5%/100.0%
[R2] pos=(936,75) state=follower leader=1 trust=1.00 susp=0.00 cov=25.5%/100.0%
[R2] pos=(936,75) state=follower leader=1 trust=1.00 susp=0.00 cov=25.5%/100.0%
[R2] pos=(936,75) state=follower leader=1 trust=1.00 susp=0.00 cov=25.5%/100.0%
[R2] pos=(936,75) state=follower leader=1 trust=1.00 susp=0.00 cov=25.5%/100.0%
[R2] pos=(936,75) state=follower leader=1 trust=1.00 susp=0.00 cov=25.5%/100.0%
[R2] pos=(936,75) state=follower leader=1 trust=1.00 susp=0.00 cov=25.5%/100.0%
[R2] pos=(936,75) state=follower leader=1 trust=1.00 susp=0.00 cov=25.5%/100.0%
[R2] pos=(936,75) state=follower leader=1 trust=1.00 susp=0.00 cov=25.5%/100.0%
[R2] pos=(936,75) state=follower leader=1 trust=1.00 susp=0.00 cov=25.5%/100.0%
[R2] pos=(936,75) state=follower leader=1 trust=1.00 susp=0.00 cov=25.5%/100.0%
[R2] pos=(936,75) state=follower leader=1 trust=1.00 susp=0.00 cov=25.5%/100.0%
[R2] pos=(936,75) state=follower leader=1 trust=1.00 susp=0.00 cov=25.5%/100.0%
[R2] pos=(936,75) state=follower leader=1 trust=1.00 susp=0.00 cov=25.5%/100.0%
[R2] pos=(936,75) state=follower leader=1 trust=1.00 susp=0.00 cov=25.5%/100.0%
[R2] pos=(936,75) state=follower leader=1 trust=1.00 susp=0.00 cov=25.5%/100.0%
[R2] pos=(936,75) state=follower leader=1 trust=1.00 susp=0.00 cov=25.5%/100.0%
[R2] pos=(936,75) state=follower leader=1 trust=1.00 susp=0.00 cov=25.5%/100.0%
[R2] pos=(936,75) state=follower leader=1 trust=1.00 susp=0.00 cov=25.5%/100.0%
[R2] pos=(936,75) state=follower leader=1 trust=1.00 susp=0.00 cov=25.5%/100.0%
[R2] pos=(936,75) state=follower leader=1 trust=1.00 susp=0.00 cov=25.5%/100.0%
[R2] pos=(936,75) state=follower leader=1 trust=1.00 susp=0.00 cov=25.5%/100.0%
[R2] pos=(936,75) state=follower leader=1 trust=1.00 susp=0.00 cov=25.5%/100.0%
[R2] pos=(936,75) state=follower leader=1 trust=1.00 susp=0.00 cov=25.5%/100.0%
[R2] pos=(936,75) state=follower leader=1 trust=1.00 susp=0.00 cov=25.5%/100.0%
[R2] pos=(936,75) state=follower leader=1 trust=1.00 susp=0.00 cov=25.5%/100.0%
[R2] pos=(936,75) state=follower leader=1 trust=1.00 susp=0.00 cov=25.5%/100.0%
[R2] pos=(936,75) state=follower leader=1 trust=1.00 susp=0.00 cov=25.5%/100.0%
[R2] pos=(936,75) state=follower leader=1 trust=1.00 susp=0.00 cov=25.5%/100.0%
[R2] pos=(936,75) state=follower leader=1 trust=1.00 susp=0.00 cov=25.5%/100.0%
[R2] pos=(936,75) state=follower leader=1 trust=1.00 susp=0.00 cov=25.5%/100.0%
[R2] pos=(936,75) state=follower leader=1 trust=1.00 susp=0.00 cov=25.5%/100.0%
[R2] pos=(936,75) state=follower leader=1 trust=1.00 susp=0.00 cov=25.5%/100.0%
[R2] pos=(936,75) state=follower leader=1 trust=1.00 susp=0.00 cov=25.5%/100.0%
[R2] pos=(936,75) state=follower leader=1 trust=1.00 susp=0.00 cov=25.5%/100.0%
[R2] pos=(936,75) state=follower leader=1 trust=1.00 susp=0.00 cov=25.5%/100.0%
[R2] pos=(936,75) state=follower leader=1 trust=1.00 susp=0.00 cov=25.5%/100.0%
[R2] pos=(936,75) state=follower leader=1 trust=1.00 susp=0.00 cov=25.5%/100.0%
[R2] pos=(936,75) state=follower leader=1 trust=1.00 susp=0.00 cov=25.5%/100.0%
[R2] pos=(936,75) state=follower leader=1 trust=1.00 susp=0.00 cov=25.5%/100.0%
[R2] pos=(936,75) state=follower leader=1 trust=1.00 susp=0.00 cov=25.5%/100.0%
[R2] pos=(936,75) state=follower leader=1 trust=1.00 susp=0.00 cov=25.5%/100.0%
