[WARN] Hardware modules not available - running in simulation mode
=== REIP Node - Robot 4 [SIM (unique ports)] ===
Trust Model: Three-tier confidence-weighted
  Personal: 1.0, ToF: 1.0, Peer: 0.3
  Suspicion threshold: 1.5, Recovery: 0.1

  Logging to: logs/robot_4_20260226_182434.jsonl
Initializing hardware...
  Hardware: SIMULATED
[INFO] Position socket listening on port 9104
[INFO] Peer socket listening on port 9204
[INFO] Fault socket listening on port 9304
Ready!

=== Detection Bounds: T1=2 cmds, T3=8 cmds | Impeachment: T1=8 cmds, T3=32 cmds ===
Running... Press Ctrl+C to stop

[ELECTION] New leader: 4
[R4] pos=(0,0) state=leader leader=4 trust=1.00 susp=0.00 cov=0.0%/0.0%
[ELECTION] New leader: 1
[R4] pos=(422,1031) state=follower leader=1 trust=1.00 susp=0.00 cov=0.5%/0.5%
[R4] pos=(80,812) state=follower leader=1 trust=1.00 susp=0.00 cov=3.6%/11.5%
[R4] pos=(287,568) state=follower leader=1 trust=1.00 susp=0.00 cov=6.2%/21.4%
[R4] pos=(333,437) state=follower leader=1 trust=1.00 susp=0.00 cov=8.3%/27.6%
[R4] pos=(191,313) state=follower leader=1 trust=1.00 susp=0.00 cov=9.9%/35.4%
[R4] pos=(75,75) state=follower leader=1 trust=1.00 susp=0.00 cov=11.5%/43.8%
[R4] pos=(407,183) state=follower leader=1 trust=1.00 susp=0.00 cov=14.1%/57.8%
[R4] pos=(93,434) state=follower leader=1 trust=1.00 susp=0.00 cov=15.6%/69.8%
[R4] pos=(75,966) state=follower leader=1 trust=1.00 susp=0.00 cov=16.1%/80.2%
[MPC] Moderate mismatch: best alignment 109°, error=0.13
[MPC] Moderate mismatch: best alignment 129°, error=0.26
[R4] pos=(184,1425) state=follower leader=1 trust=1.00 susp=0.00 cov=19.3%/89.6%
[R4] pos=(894,675) state=follower leader=1 trust=1.00 susp=0.00 cov=24.0%/93.2%
[R4] pos=(1064,188) state=follower leader=1 trust=1.00 susp=0.00 cov=28.1%/100.0%
[R4] pos=(1064,188) state=follower leader=1 trust=1.00 susp=0.00 cov=28.1%/100.0%
[R4] pos=(1064,188) state=follower leader=1 trust=1.00 susp=0.00 cov=28.1%/100.0%
[R4] pos=(1064,188) state=follower leader=1 trust=1.00 susp=0.00 cov=28.1%/100.0%
[R4] pos=(1064,188) state=follower leader=1 trust=1.00 susp=0.00 cov=28.1%/100.0%
[TRUST] Bad command #1 (peer_reported): suspicion +0.30 = 0.30
[TRUST] Bad command #2 (peer_reported): suspicion +0.30 = 0.60
[TRUST] Bad command #3 (personal_visited): suspicion +1.00 = 1.60
[DETECT] First trust decay after 3 bad commands (0.42s) [Theoretical bound: T1=2, T3=8]
[TRUST] Trust decayed: trust=0.80, remaining suspicion=0.10
[TRUST] Bad command #4 (peer_reported): suspicion +0.30 = 0.40
[TRUST] Bad command #5 (personal_visited): suspicion +1.00 = 1.40
[TRUST] Bad command #6 (personal_visited): suspicion +1.00 = 2.40
[TRUST] Trust decayed: trust=0.60, remaining suspicion=0.90
[TRUST] Bad command #7 (peer_reported): suspicion +0.30 = 1.20
[TRUST] Bad command #8 (peer_reported): suspicion +0.30 = 1.50
[TRUST] Trust decayed: trust=0.40, remaining suspicion=0.00
[TRUST] Bad command #9 (peer_reported): suspicion +0.30 = 0.30
[TRUST] Bad command #10 (peer_reported): suspicion +0.30 = 0.60
[ELECTION] Leader 1 impeached (failures=1)
[ELECTION] New leader: 4
[R4] pos=(933,601) state=leader leader=4 trust=1.00 susp=0.00 cov=30.7%/100.0%
[ELECTION] Leader 4 impeached (failures=1)
[ELECTION] New leader: 2
[R4] pos=(210,159) state=follower leader=2 trust=1.00 susp=0.00 cov=32.8%/100.0%
[R4] pos=(75,75) state=follower leader=2 trust=1.00 susp=0.00 cov=32.8%/100.0%
[R4] pos=(75,75) state=follower leader=2 trust=1.00 susp=0.00 cov=32.8%/100.0%
[R4] pos=(75,75) state=follower leader=2 trust=1.00 susp=0.00 cov=32.8%/100.0%
[R4] pos=(75,75) state=follower leader=2 trust=1.00 susp=0.00 cov=32.8%/100.0%
[R4] pos=(75,75) state=follower leader=2 trust=1.00 susp=0.00 cov=32.8%/100.0%
[R4] pos=(75,75) state=follower leader=2 trust=1.00 susp=0.00 cov=32.8%/100.0%
[R4] pos=(75,75) state=follower leader=2 trust=1.00 susp=0.00 cov=32.8%/100.0%
[R4] pos=(75,75) state=follower leader=2 trust=1.00 susp=0.00 cov=32.8%/100.0%
[R4] pos=(75,75) state=follower leader=2 trust=1.00 susp=0.00 cov=32.8%/100.0%
[R4] pos=(75,75) state=follower leader=2 trust=1.00 susp=0.00 cov=32.8%/100.0%
[R4] pos=(75,75) state=follower leader=2 trust=1.00 susp=0.00 cov=32.8%/100.0%
[R4] pos=(75,75) state=follower leader=2 trust=1.00 susp=0.00 cov=32.8%/100.0%
[R4] pos=(75,75) state=follower leader=2 trust=1.00 susp=0.00 cov=32.8%/100.0%
[R4] pos=(75,75) state=follower leader=2 trust=1.00 susp=0.00 cov=32.8%/100.0%
[R4] pos=(75,75) state=follower leader=2 trust=1.00 susp=0.00 cov=32.8%/100.0%
[R4] pos=(75,75) state=follower leader=2 trust=1.00 susp=0.00 cov=32.8%/100.0%
[R4] pos=(75,75) state=follower leader=2 trust=1.00 susp=0.00 cov=32.8%/100.0%
[R4] pos=(75,75) state=follower leader=2 trust=1.00 susp=0.00 cov=32.8%/100.0%
[R4] pos=(75,75) state=follower leader=2 trust=1.00 susp=0.00 cov=32.8%/100.0%
[R4] pos=(75,75) state=follower leader=2 trust=1.00 susp=0.00 cov=32.8%/100.0%
[R4] pos=(75,75) state=follower leader=2 trust=1.00 susp=0.00 cov=32.8%/100.0%
[R4] pos=(75,75) state=follower leader=2 trust=1.00 susp=0.00 cov=32.8%/100.0%
[R4] pos=(75,75) state=follower leader=2 trust=1.00 susp=0.00 cov=32.8%/100.0%
[R4] pos=(75,75) state=follower leader=2 trust=1.00 susp=0.00 cov=32.8%/100.0%
[R4] pos=(75,75) state=follower leader=2 trust=1.00 susp=0.00 cov=32.8%/100.0%
[R4] pos=(75,75) state=follower leader=2 trust=1.00 susp=0.00 cov=32.8%/100.0%
[R4] pos=(75,75) state=follower leader=2 trust=1.00 susp=0.00 cov=32.8%/100.0%
[R4] pos=(75,75) state=follower leader=2 trust=1.00 susp=0.00 cov=32.8%/100.0%
[R4] pos=(75,75) state=follower leader=2 trust=1.00 susp=0.00 cov=32.8%/100.0%
[R4] pos=(75,75) state=follower leader=2 trust=1.00 susp=0.00 cov=32.8%/100.0%
[R4] pos=(75,75) state=follower leader=2 trust=1.00 susp=0.00 cov=32.8%/100.0%
[R4] pos=(75,75) state=follower leader=2 trust=1.00 susp=0.00 cov=32.8%/100.0%
[R4] pos=(75,75) state=follower leader=2 trust=1.00 susp=0.00 cov=32.8%/100.0%
[R4] pos=(75,75) state=follower leader=2 trust=1.00 susp=0.00 cov=32.8%/100.0%
[R4] pos=(75,75) state=follower leader=2 trust=1.00 susp=0.00 cov=32.8%/100.0%
[R4] pos=(75,75) state=follower leader=2 trust=1.00 susp=0.00 cov=32.8%/100.0%
[R4] pos=(75,75) state=follower leader=2 trust=1.00 susp=0.00 cov=32.8%/100.0%
[R4] pos=(75,75) state=follower leader=2 trust=1.00 susp=0.00 cov=32.8%/100.0%
[R4] pos=(75,75) state=follower leader=2 trust=1.00 susp=0.00 cov=32.8%/100.0%
[R4] pos=(75,75) state=follower leader=2 trust=1.00 susp=0.00 cov=32.8%/100.0%
[R4] pos=(75,75) state=follower leader=2 trust=1.00 susp=0.00 cov=32.8%/100.0%
[R4] pos=(75,75) state=follower leader=2 trust=1.00 susp=0.00 cov=32.8%/100.0%
