[WARN] Hardware modules not available - simulation mode
=== RAFT Baseline - Robot 2 [SIM] ===
NO TRUST. Heartbeat timeout only.

  Logging to: logs/raft_2_20260227_180431.jsonl
Initializing hardware...
  Hardware: SIMULATED
[INFO] Position socket listening on port 10102
[INFO] Peer socket listening on port 10202
[INFO] Fault socket listening on port 10302
Ready!

Running RAFT baseline... Press Ctrl+C to stop

[R2] state=follower leader=None term=0 cov=0.0%/0.0%
[R2] state=follower leader=4 term=1 cov=0.5%/0.5%
[R2] state=follower leader=4 term=1 cov=1.6%/9.4%
[R2] state=follower leader=4 term=1 cov=2.6%/17.2%
[R2] state=follower leader=4 term=1 cov=3.6%/19.3%
[R2] state=follower leader=4 term=1 cov=3.6%/21.4%
[R2] state=follower leader=4 term=1 cov=3.6%/24.5%
[R2] state=follower leader=4 term=1 cov=3.6%/29.2%
[R2] state=follower leader=4 term=1 cov=3.6%/35.4%
[R2] state=follower leader=4 term=1 cov=3.6%/38.0%
[R2] state=follower leader=4 term=1 cov=3.6%/42.7%
