[WARN] Hardware modules not available - simulation mode
=== RAFT Baseline - Robot 3 [SIM] ===
NO TRUST. Heartbeat timeout only.

  Logging to: logs/raft_3_20260226_183148.jsonl
Initializing hardware...
  Hardware: SIMULATED
[INFO] Position socket listening on port 6103
[INFO] Peer socket listening on port 6203
[INFO] Fault socket listening on port 6303
Ready!

Running RAFT baseline... Press Ctrl+C to stop

[R3] state=follower leader=None term=0 cov=0.0%/0.0%
[R3] state=follower leader=2 term=1 cov=0.5%/2.1%
[R3] state=follower leader=2 term=1 cov=0.5%/2.1%
[R3] state=follower leader=2 term=1 cov=0.5%/2.1%
[R3] state=follower leader=2 term=1 cov=0.5%/2.1%
[R3] state=follower leader=2 term=1 cov=0.5%/2.1%
[R3] state=follower leader=2 term=1 cov=0.5%/2.1%
[R3] state=follower leader=2 term=1 cov=0.5%/2.1%
[R3] state=follower leader=2 term=1 cov=0.5%/2.1%
[R3] state=follower leader=2 term=1 cov=0.5%/2.1%
[R3] state=follower leader=2 term=1 cov=0.5%/2.1%
[R3] state=follower leader=2 term=1 cov=0.5%/2.1%
[R3] state=follower leader=2 term=1 cov=0.5%/2.1%
[R3] state=follower leader=2 term=1 cov=0.5%/2.1%
[R3] state=follower leader=2 term=1 cov=0.5%/2.1%
[R3] state=follower leader=2 term=1 cov=0.5%/2.1%
[R3] state=follower leader=2 term=1 cov=2.1%/9.4%
[R3] state=follower leader=2 term=1 cov=3.6%/15.6%
[R3] state=follower leader=2 term=1 cov=5.2%/20.3%
[R3] state=follower leader=2 term=1 cov=5.2%/20.3%
[R3] state=follower leader=2 term=1 cov=7.3%/27.6%
[R3] state=follower leader=2 term=1 cov=9.4%/35.4%
[R3] state=follower leader=2 term=1 cov=11.5%/43.8%
[R3] state=follower leader=2 term=1 cov=14.1%/52.6%
[R3] state=follower leader=2 term=1 cov=15.6%/62.5%
[R3] state=follower leader=2 term=1 cov=17.7%/71.4%
[R3] state=follower leader=2 term=1 cov=19.3%/81.8%
[R3] state=follower leader=2 term=1 cov=21.9%/91.1%
[R3] state=follower leader=2 term=1 cov=24.0%/95.8%
[R3] state=follower leader=2 term=1 cov=25.5%/99.5%
[R3] state=follower leader=2 term=1 cov=26.0%/100.0%
[R3] state=follower leader=2 term=1 cov=26.0%/100.0%
[R3] state=follower leader=2 term=1 cov=26.0%/100.0%
[R3] state=follower leader=2 term=1 cov=26.0%/100.0%
[R3] state=follower leader=2 term=1 cov=26.0%/100.0%
[R3] state=follower leader=2 term=1 cov=26.0%/100.0%
[R3] state=follower leader=2 term=1 cov=26.0%/100.0%
[R3] state=follower leader=2 term=1 cov=26.0%/100.0%
[R3] state=follower leader=2 term=1 cov=26.0%/100.0%
[R3] state=follower leader=2 term=1 cov=26.0%/100.0%
[R3] state=follower leader=2 term=1 cov=26.0%/100.0%
[R3] state=follower leader=2 term=1 cov=26.0%/100.0%
[R3] state=follower leader=2 term=1 cov=26.0%/100.0%
[R3] state=follower leader=2 term=1 cov=26.0%/100.0%
[R3] state=follower leader=2 term=1 cov=26.0%/100.0%
[R3] state=follower leader=2 term=1 cov=26.0%/100.0%
[R3] state=follower leader=2 term=1 cov=26.0%/100.0%
[R3] state=follower leader=2 term=1 cov=26.0%/100.0%
[R3] state=follower leader=2 term=1 cov=26.0%/100.0%
[R3] state=follower leader=2 term=1 cov=26.0%/100.0%
[R3] state=follower leader=2 term=1 cov=26.0%/100.0%
[R3] state=follower leader=2 term=1 cov=26.0%/100.0%
[R3] state=follower leader=2 term=1 cov=26.0%/100.0%
[R3] state=follower leader=2 term=1 cov=26.0%/100.0%
[R3] state=follower leader=2 term=1 cov=26.0%/100.0%
[R3] state=follower leader=2 term=1 cov=26.0%/100.0%
[R3] state=follower leader=2 term=1 cov=26.0%/100.0%
[R3] state=follower leader=2 term=1 cov=26.0%/100.0%
[R3] state=follower leader=2 term=1 cov=26.0%/100.0%
[R3] state=follower leader=2 term=1 cov=26.0%/100.0%
[R3] state=follower leader=2 term=1 cov=26.0%/100.0%
[R3] state=follower leader=2 term=1 cov=26.0%/100.0%
[R3] state=follower leader=2 term=1 cov=26.0%/100.0%
[R3] state=follower leader=2 term=1 cov=26.0%/100.0%
[R3] state=follower leader=2 term=1 cov=26.0%/100.0%
[R3] state=follower leader=2 term=1 cov=26.0%/100.0%
