[WARN] Hardware modules not available - simulation mode
=== RAFT Baseline - Robot 3 [SIM] ===
NO TRUST. Heartbeat timeout only.

  Logging to: logs/raft_3_20260226_082650.jsonl
Initializing hardware...
  Hardware: SIMULATED
[INFO] Position socket listening on port 8103
[INFO] Peer socket listening on port 8203
[INFO] Fault socket listening on port 8303
Ready!

Running RAFT baseline... Press Ctrl+C to stop

[R3] state=follower leader=None term=0 cov=0.0%/0.0%
[R3] state=follower leader=2 term=1 cov=0.5%/0.5%
[R3] state=follower leader=2 term=1 cov=2.6%/11.5%
[R3] state=follower leader=2 term=1 cov=5.2%/22.4%
[R3] state=follower leader=2 term=1 cov=6.8%/34.4%
[R3] state=follower leader=2 term=1 cov=9.4%/47.9%
[R3] state=follower leader=2 term=1 cov=10.4%/55.7%
[R3] state=follower leader=2 term=1 cov=13.5%/65.6%
[R3] state=follower leader=2 term=1 cov=16.1%/75.5%
[R3] state=follower leader=2 term=1 cov=17.7%/82.8%
[R3] state=follower leader=2 term=1 cov=20.8%/92.7%
[R3] state=follower leader=2 term=1 cov=22.9%/96.4%
[R3] state=follower leader=2 term=1 cov=24.5%/100.0%
[R3] state=follower leader=2 term=1 cov=24.5%/100.0%
[R3] state=follower leader=2 term=1 cov=24.5%/100.0%
[R3] state=follower leader=2 term=1 cov=24.5%/100.0%
[R3] state=follower leader=2 term=1 cov=24.5%/100.0%
[R3] state=follower leader=2 term=1 cov=24.5%/100.0%
[R3] state=follower leader=2 term=1 cov=24.5%/100.0%
[R3] state=follower leader=2 term=1 cov=24.5%/100.0%
[R3] state=follower leader=2 term=1 cov=24.5%/100.0%
[R3] state=follower leader=2 term=1 cov=24.5%/100.0%
[R3] state=follower leader=2 term=1 cov=24.5%/100.0%
[R3] state=follower leader=2 term=1 cov=24.5%/100.0%
[R3] state=follower leader=2 term=1 cov=24.5%/100.0%
[R3] state=follower leader=2 term=1 cov=24.5%/100.0%
[R3] state=follower leader=2 term=1 cov=24.5%/100.0%
[R3] state=follower leader=2 term=1 cov=24.5%/100.0%
[R3] state=follower leader=2 term=1 cov=24.5%/100.0%
[R3] state=follower leader=2 term=1 cov=24.5%/100.0%
[R3] state=follower leader=2 term=1 cov=24.5%/100.0%
[R3] state=follower leader=2 term=1 cov=24.5%/100.0%
[R3] state=follower leader=2 term=1 cov=24.5%/100.0%
[R3] state=follower leader=2 term=1 cov=24.5%/100.0%
[R3] state=follower leader=2 term=1 cov=24.5%/100.0%
[R3] state=follower leader=2 term=1 cov=24.5%/100.0%
[R3] state=follower leader=2 term=1 cov=24.5%/100.0%
[R3] state=follower leader=2 term=1 cov=24.5%/100.0%
[R3] state=follower leader=2 term=1 cov=24.5%/100.0%
[R3] state=follower leader=2 term=1 cov=24.5%/100.0%
[R3] state=follower leader=2 term=1 cov=24.5%/100.0%
[R3] state=follower leader=2 term=1 cov=24.5%/100.0%
[R3] state=follower leader=2 term=1 cov=24.5%/100.0%
[R3] state=follower leader=2 term=1 cov=24.5%/100.0%
[R3] state=follower leader=2 term=1 cov=24.5%/100.0%
[R3] state=follower leader=2 term=1 cov=24.5%/100.0%
[R3] state=follower leader=2 term=1 cov=24.5%/100.0%
[R3] state=follower leader=2 term=1 cov=24.5%/100.0%
[R3] state=follower leader=2 term=1 cov=24.5%/100.0%
[R3] state=follower leader=2 term=1 cov=24.5%/100.0%
[R3] state=follower leader=2 term=1 cov=24.5%/100.0%
[R3] state=follower leader=2 term=1 cov=24.5%/100.0%
[R3] state=follower leader=2 term=1 cov=24.5%/100.0%
[R3] state=follower leader=2 term=1 cov=24.5%/100.0%
[R3] state=follower leader=2 term=1 cov=24.5%/100.0%
[R3] state=follower leader=2 term=1 cov=24.5%/100.0%
[R3] state=follower leader=2 term=1 cov=24.5%/100.0%
[R3] state=follower leader=2 term=1 cov=24.5%/100.0%
[R3] state=follower leader=2 term=1 cov=24.5%/100.0%
[R3] state=follower leader=2 term=1 cov=24.5%/100.0%
[R3] state=follower leader=2 term=1 cov=24.5%/100.0%
[R3] state=follower leader=2 term=1 cov=24.5%/100.0%
[R3] state=follower leader=2 term=1 cov=24.5%/100.0%
[R3] state=follower leader=2 term=1 cov=24.5%/100.0%
[R3] state=follower leader=2 term=1 cov=24.5%/100.0%
