[WARN] Hardware modules not available - simulation mode
=== RAFT Baseline - Robot 4 [SIM] ===
NO TRUST. Heartbeat timeout only.

  Logging to: logs/raft_4_20260226_082650.jsonl
Initializing hardware...
  Hardware: SIMULATED
[INFO] Position socket listening on port 8104
[INFO] Peer socket listening on port 8204
[INFO] Fault socket listening on port 8304
Ready!

Running RAFT baseline... Press Ctrl+C to stop

[R4] state=follower leader=None term=0 cov=0.0%/0.0%
[R4] state=follower leader=2 term=1 cov=0.5%/0.5%
[R4] state=follower leader=2 term=1 cov=2.1%/11.5%
[R4] state=follower leader=2 term=1 cov=4.7%/22.9%
[R4] state=follower leader=2 term=1 cov=6.8%/34.4%
[R4] state=follower leader=2 term=1 cov=9.4%/47.9%
[R4] state=follower leader=2 term=1 cov=10.9%/55.7%
[R4] state=follower leader=2 term=1 cov=13.0%/65.6%
[R4] state=follower leader=2 term=1 cov=16.1%/76.0%
[R4] state=follower leader=2 term=1 cov=17.7%/82.8%
[R4] state=follower leader=2 term=1 cov=19.3%/92.7%
[R4] state=follower leader=2 term=1 cov=22.9%/96.4%
[R4] state=follower leader=2 term=1 cov=24.5%/100.0%
[R4] state=follower leader=2 term=1 cov=24.5%/100.0%
[R4] state=follower leader=2 term=1 cov=24.5%/100.0%
[R4] state=follower leader=2 term=1 cov=24.5%/100.0%
[R4] state=follower leader=2 term=1 cov=24.5%/100.0%
[R4] state=follower leader=2 term=1 cov=24.5%/100.0%
[R4] state=follower leader=2 term=1 cov=24.5%/100.0%
[R4] state=follower leader=2 term=1 cov=24.5%/100.0%
[R4] state=follower leader=2 term=1 cov=24.5%/100.0%
[R4] state=follower leader=2 term=1 cov=24.5%/100.0%
[R4] state=follower leader=2 term=1 cov=24.5%/100.0%
[R4] state=follower leader=2 term=1 cov=24.5%/100.0%
[R4] state=follower leader=2 term=1 cov=24.5%/100.0%
[R4] state=follower leader=2 term=1 cov=24.5%/100.0%
[R4] state=follower leader=2 term=1 cov=24.5%/100.0%
[R4] state=follower leader=2 term=1 cov=24.5%/100.0%
[R4] state=follower leader=2 term=1 cov=24.5%/100.0%
[R4] state=follower leader=2 term=1 cov=24.5%/100.0%
[R4] state=follower leader=2 term=1 cov=24.5%/100.0%
[R4] state=follower leader=2 term=1 cov=24.5%/100.0%
[R4] state=follower leader=2 term=1 cov=24.5%/100.0%
[R4] state=follower leader=2 term=1 cov=24.5%/100.0%
[R4] state=follower leader=2 term=1 cov=24.5%/100.0%
[R4] state=follower leader=2 term=1 cov=24.5%/100.0%
[R4] state=follower leader=2 term=1 cov=24.5%/100.0%
[R4] state=follower leader=2 term=1 cov=24.5%/100.0%
[R4] state=follower leader=2 term=1 cov=24.5%/100.0%
[R4] state=follower leader=2 term=1 cov=24.5%/100.0%
[R4] state=follower leader=2 term=1 cov=24.5%/100.0%
[R4] state=follower leader=2 term=1 cov=24.5%/100.0%
[R4] state=follower leader=2 term=1 cov=24.5%/100.0%
[R4] state=follower leader=2 term=1 cov=24.5%/100.0%
[R4] state=follower leader=2 term=1 cov=24.5%/100.0%
[R4] state=follower leader=2 term=1 cov=24.5%/100.0%
[R4] state=follower leader=2 term=1 cov=24.5%/100.0%
[R4] state=follower leader=2 term=1 cov=24.5%/100.0%
[R4] state=follower leader=2 term=1 cov=24.5%/100.0%
[R4] state=follower leader=2 term=1 cov=24.5%/100.0%
[R4] state=follower leader=2 term=1 cov=24.5%/100.0%
[R4] state=follower leader=2 term=1 cov=24.5%/100.0%
[R4] state=follower leader=2 term=1 cov=24.5%/100.0%
[R4] state=follower leader=2 term=1 cov=24.5%/100.0%
[R4] state=follower leader=2 term=1 cov=24.5%/100.0%
[R4] state=follower leader=2 term=1 cov=24.5%/100.0%
[R4] state=follower leader=2 term=1 cov=24.5%/100.0%
[R4] state=follower leader=2 term=1 cov=24.5%/100.0%
[R4] state=follower leader=2 term=1 cov=24.5%/100.0%
[R4] state=follower leader=2 term=1 cov=24.5%/100.0%
[R4] state=follower leader=2 term=1 cov=24.5%/100.0%
[R4] state=follower leader=2 term=1 cov=24.5%/100.0%
[R4] state=follower leader=2 term=1 cov=24.5%/100.0%
[R4] state=follower leader=2 term=1 cov=24.5%/100.0%
[R4] state=follower leader=2 term=1 cov=24.5%/100.0%
