[WARN] Hardware modules not available - simulation mode
=== RAFT Baseline - Robot 4 [SIM] ===
NO TRUST. Heartbeat timeout only.

  Logging to: logs/raft_4_20260226_172751.jsonl
Initializing hardware...
  Hardware: SIMULATED
[INFO] Position socket listening on port 15104
[INFO] Peer socket listening on port 15204
[INFO] Fault socket listening on port 15304
Ready!

Running RAFT baseline... Press Ctrl+C to stop

[R4] state=follower leader=None term=0 cov=0.0%/0.0%
[RAFT] Starting election, term 1
[RAFT] Became leader, term 1
[R4] state=leader leader=4 term=1 cov=0.5%/0.5%
[R4] state=leader leader=4 term=1 cov=3.1%/13.5%
[R4] state=leader leader=4 term=1 cov=5.2%/24.0%
[R4] state=leader leader=4 term=1 cov=8.3%/31.8%
[R4] state=leader leader=4 term=1 cov=11.5%/41.7%
[R4] state=leader leader=4 term=1 cov=14.1%/50.5%
[R4] state=leader leader=4 term=1 cov=16.7%/57.8%
[R4] state=leader leader=4 term=1 cov=19.3%/65.6%
[R4] state=leader leader=4 term=1 cov=23.4%/75.0%
[R4] state=leader leader=4 term=1 cov=26.6%/83.9%
[R4] state=leader leader=4 term=1 cov=29.7%/93.2%
[R4] state=leader leader=4 term=1 cov=29.7%/93.2%
[R4] state=leader leader=4 term=1 cov=29.7%/93.2%
[R4] state=leader leader=4 term=1 cov=29.7%/93.2%
[R4] state=leader leader=4 term=1 cov=29.7%/93.2%
[R4] state=leader leader=4 term=1 cov=29.7%/93.2%
[R4] state=leader leader=4 term=1 cov=29.7%/93.2%
[R4] state=leader leader=4 term=1 cov=30.2%/95.3%
[R4] state=leader leader=4 term=1 cov=32.3%/99.5%
[R4] state=leader leader=4 term=1 cov=32.8%/100.0%
[R4] state=leader leader=4 term=1 cov=33.3%/100.0%
[R4] state=leader leader=4 term=1 cov=33.3%/100.0%
[R4] state=leader leader=4 term=1 cov=33.3%/100.0%
[R4] state=leader leader=4 term=1 cov=33.3%/100.0%
[R4] state=leader leader=4 term=1 cov=33.3%/100.0%
[R4] state=leader leader=4 term=1 cov=33.3%/100.0%
[R4] state=leader leader=4 term=1 cov=33.3%/100.0%
[R4] state=leader leader=4 term=1 cov=33.3%/100.0%
[R4] state=leader leader=4 term=1 cov=33.3%/100.0%
[R4] state=leader leader=4 term=1 cov=33.3%/100.0%
[R4] state=leader leader=4 term=1 cov=33.3%/100.0%
[R4] state=leader leader=4 term=1 cov=33.3%/100.0%
[R4] state=leader leader=4 term=1 cov=33.3%/100.0%
[R4] state=leader leader=4 term=1 cov=33.3%/100.0%
[R4] state=leader leader=4 term=1 cov=33.3%/100.0%
[R4] state=leader leader=4 term=1 cov=33.3%/100.0%
[R4] state=leader leader=4 term=1 cov=33.3%/100.0%
[R4] state=leader leader=4 term=1 cov=33.3%/100.0%
[R4] state=leader leader=4 term=1 cov=33.3%/100.0%
[R4] state=leader leader=4 term=1 cov=33.3%/100.0%
[R4] state=leader leader=4 term=1 cov=33.3%/100.0%
[R4] state=leader leader=4 term=1 cov=33.3%/100.0%
[R4] state=leader leader=4 term=1 cov=33.3%/100.0%
[R4] state=leader leader=4 term=1 cov=33.3%/100.0%
[R4] state=leader leader=4 term=1 cov=33.3%/100.0%
[R4] state=leader leader=4 term=1 cov=33.3%/100.0%
[R4] state=leader leader=4 term=1 cov=33.3%/100.0%
[R4] state=leader leader=4 term=1 cov=33.3%/100.0%
[R4] state=leader leader=4 term=1 cov=33.3%/100.0%
[R4] state=leader leader=4 term=1 cov=33.3%/100.0%
[R4] state=leader leader=4 term=1 cov=33.3%/100.0%
[R4] state=leader leader=4 term=1 cov=33.3%/100.0%
[R4] state=leader leader=4 term=1 cov=33.3%/100.0%
[R4] state=leader leader=4 term=1 cov=33.3%/100.0%
[R4] state=leader leader=4 term=1 cov=33.3%/100.0%
[R4] state=leader leader=4 term=1 cov=33.3%/100.0%
[R4] state=leader leader=4 term=1 cov=33.3%/100.0%
[R4] state=leader leader=4 term=1 cov=33.3%/100.0%
[R4] state=leader leader=4 term=1 cov=33.3%/100.0%
[R4] state=leader leader=4 term=1 cov=33.3%/100.0%
