[WARN] Hardware modules not available - running in simulation mode
=== REIP Node - Robot 2 [SIM (unique ports)] ===
Trust Model: Three-tier confidence-weighted
  Personal: 1.0, ToF: 1.0, Peer: 0.3
  Suspicion threshold: 1.5, Recovery: 0.1

  Logging to: logs/robot_2_20260226_171042.jsonl
Initializing hardware...
  Hardware: SIMULATED
[INFO] Position socket listening on port 10102
[INFO] Peer socket listening on port 10202
[INFO] Fault socket listening on port 10302
Ready!

=== Detection Bounds: T1=2 cmds, T3=8 cmds | Impeachment: T1=8 cmds, T3=32 cmds ===
Running... Press Ctrl+C to stop

[ELECTION] New leader: 2
[R2] pos=(0,0) state=leader leader=2 trust=1.00 susp=0.00 cov=0.0%/0.0%
[ELECTION] New leader: 1
[R2] pos=(1714,758) state=follower leader=1 trust=1.00 susp=0.00 cov=0.5%/2.6%
[R2] pos=(1714,758) state=follower leader=1 trust=1.00 susp=0.00 cov=0.5%/2.6%
[R2] pos=(1714,758) state=follower leader=1 trust=1.00 susp=0.00 cov=0.5%/2.6%
[R2] pos=(1714,758) state=follower leader=1 trust=1.00 susp=0.00 cov=0.5%/2.6%
[R2] pos=(1714,758) state=follower leader=1 trust=1.00 susp=0.00 cov=0.5%/2.6%
[R2] pos=(1714,758) state=follower leader=1 trust=1.00 susp=0.00 cov=0.5%/2.6%
[R2] pos=(1714,758) state=follower leader=1 trust=1.00 susp=0.00 cov=0.5%/2.6%
[R2] pos=(1714,758) state=follower leader=1 trust=1.00 susp=0.00 cov=0.5%/2.6%
[R2] pos=(1714,758) state=follower leader=1 trust=1.00 susp=0.00 cov=0.5%/2.6%
[R2] pos=(1714,758) state=follower leader=1 trust=1.00 susp=0.00 cov=0.5%/2.6%
[R2] pos=(1714,758) state=follower leader=1 trust=1.00 susp=0.00 cov=0.5%/2.6%
[R2] pos=(1714,758) state=follower leader=1 trust=1.00 susp=0.00 cov=0.5%/2.6%
[R2] pos=(1714,758) state=follower leader=1 trust=1.00 susp=0.00 cov=0.5%/2.6%
[R2] pos=(1714,758) state=follower leader=1 trust=1.00 susp=0.00 cov=0.5%/2.6%
[R2] pos=(1714,758) state=follower leader=1 trust=1.00 susp=0.00 cov=0.5%/2.6%
[R2] pos=(1714,758) state=follower leader=1 trust=1.00 susp=0.00 cov=0.5%/2.6%
[R2] pos=(1714,758) state=follower leader=1 trust=1.00 susp=0.00 cov=0.5%/2.6%
[R2] pos=(1714,758) state=follower leader=1 trust=1.00 susp=0.00 cov=0.5%/2.6%
[R2] pos=(1714,758) state=follower leader=1 trust=1.00 susp=0.00 cov=0.5%/2.6%
[R2] pos=(1714,758) state=follower leader=1 trust=1.00 susp=0.00 cov=0.5%/2.6%
[R2] pos=(1714,758) state=follower leader=1 trust=1.00 susp=0.00 cov=0.5%/2.6%
[R2] pos=(1714,758) state=follower leader=1 trust=1.00 susp=0.00 cov=0.5%/2.6%
[R2] pos=(1714,758) state=follower leader=1 trust=1.00 susp=0.00 cov=0.5%/2.6%
[R2] pos=(1714,758) state=follower leader=1 trust=1.00 susp=0.00 cov=0.5%/2.6%
[R2] pos=(1714,758) state=follower leader=1 trust=1.00 susp=0.00 cov=0.5%/2.6%
[R2] pos=(1714,758) state=follower leader=1 trust=1.00 susp=0.00 cov=0.5%/2.6%
[R2] pos=(1714,758) state=follower leader=1 trust=1.00 susp=0.00 cov=0.5%/2.6%
[R2] pos=(1714,758) state=follower leader=1 trust=1.00 susp=0.00 cov=0.5%/2.6%
[R2] pos=(1714,758) state=follower leader=1 trust=1.00 susp=0.00 cov=0.5%/2.6%
[R2] pos=(1714,758) state=follower leader=1 trust=1.00 susp=0.00 cov=0.5%/2.6%
[R2] pos=(1714,758) state=follower leader=1 trust=1.00 susp=0.00 cov=0.5%/2.6%
[R2] pos=(1714,758) state=follower leader=1 trust=1.00 susp=0.00 cov=0.5%/2.6%
[R2] pos=(1714,758) state=follower leader=1 trust=1.00 susp=0.00 cov=0.5%/2.6%
[R2] pos=(1714,758) state=follower leader=1 trust=1.00 susp=0.00 cov=0.5%/2.6%
[R2] pos=(1714,758) state=follower leader=1 trust=1.00 susp=0.00 cov=0.5%/2.6%
[R2] pos=(1714,758) state=follower leader=1 trust=1.00 susp=0.00 cov=0.5%/2.6%
[R2] pos=(1714,758) state=follower leader=1 trust=1.00 susp=0.00 cov=0.5%/2.6%
[R2] pos=(1714,758) state=follower leader=1 trust=1.00 susp=0.00 cov=0.5%/2.6%
[R2] pos=(1803,713) state=follower leader=1 trust=1.00 susp=0.00 cov=2.6%/10.4%
[R2] pos=(1925,940) state=follower leader=1 trust=1.00 susp=0.00 cov=5.2%/22.4%
[R2] pos=(1706,1186) state=follower leader=1 trust=1.00 susp=0.00 cov=7.8%/35.9%
[R2] pos=(1789,1310) state=follower leader=1 trust=1.00 susp=0.00 cov=10.4%/46.4%
[R2] pos=(1443,1314) state=follower leader=1 trust=1.00 susp=0.00 cov=14.1%/63.0%
[R2] pos=(1125,1425) state=follower leader=1 trust=1.00 susp=0.00 cov=16.1%/74.5%
[R2] pos=(818,1425) state=follower leader=1 trust=1.00 susp=0.00 cov=18.2%/82.8%
[R2] pos=(562,1201) state=follower leader=1 trust=1.00 susp=0.00 cov=21.4%/91.1%
[R2] pos=(258,1117) state=follower leader=1 trust=1.00 susp=0.00 cov=23.4%/97.4%
[R2] pos=(75,1425) state=follower leader=1 trust=1.00 susp=0.00 cov=25.5%/100.0%
[R2] pos=(75,1425) state=follower leader=1 trust=1.00 susp=0.00 cov=25.5%/100.0%
[R2] pos=(75,1425) state=follower leader=1 trust=1.00 susp=0.00 cov=25.5%/100.0%
[R2] pos=(75,1425) state=follower leader=1 trust=1.00 susp=0.00 cov=25.5%/100.0%
[R2] pos=(75,1425) state=follower leader=1 trust=1.00 susp=0.00 cov=25.5%/100.0%
[R2] pos=(75,1425) state=follower leader=1 trust=1.00 susp=0.00 cov=25.5%/100.0%
[R2] pos=(75,1425) state=follower leader=1 trust=1.00 susp=0.00 cov=25.5%/100.0%
[R2] pos=(75,1425) state=follower leader=1 trust=1.00 susp=0.00 cov=25.5%/100.0%
[R2] pos=(75,1425) state=follower leader=1 trust=1.00 susp=0.00 cov=25.5%/100.0%
[R2] pos=(75,1425) state=follower leader=1 trust=1.00 susp=0.00 cov=25.5%/100.0%
[R2] pos=(75,1425) state=follower leader=1 trust=1.00 susp=0.00 cov=25.5%/100.0%
[R2] pos=(75,1425) state=follower leader=1 trust=1.00 susp=0.00 cov=25.5%/100.0%
[R2] pos=(75,1425) state=follower leader=1 trust=1.00 susp=0.00 cov=25.5%/100.0%
[R2] pos=(75,1425) state=follower leader=1 trust=1.00 susp=0.00 cov=25.5%/100.0%
[R2] pos=(75,1425) state=follower leader=1 trust=1.00 susp=0.00 cov=25.5%/100.0%
[R2] pos=(75,1425) state=follower leader=1 trust=1.00 susp=0.00 cov=25.5%/100.0%
[R2] pos=(75,1425) state=follower leader=1 trust=1.00 susp=0.00 cov=25.5%/100.0%
[R2] pos=(75,1425) state=follower leader=1 trust=1.00 susp=0.00 cov=25.5%/100.0%
[R2] pos=(75,1425) state=follower leader=1 trust=1.00 susp=0.00 cov=25.5%/100.0%
[R2] pos=(75,1425) state=follower leader=1 trust=1.00 susp=0.00 cov=25.5%/100.0%
[R2] pos=(75,1425) state=follower leader=1 trust=1.00 susp=0.00 cov=25.5%/100.0%
[R2] pos=(75,1425) state=follower leader=1 trust=1.00 susp=0.00 cov=25.5%/100.0%
[R2] pos=(75,1425) state=follower leader=1 trust=1.00 susp=0.00 cov=25.5%/100.0%
[R2] pos=(75,1425) state=follower leader=1 trust=1.00 susp=0.00 cov=25.5%/100.0%
