[WARN] Hardware modules not available - running in simulation mode
=== REIP Node - Robot 3 [SIM (unique ports)] ===
Trust Model: Three-tier confidence-weighted
  Personal: 1.0, ToF: 1.0, Peer: 0.3
  Suspicion threshold: 1.5, Recovery: 0.1

  Logging to: logs/robot_3_20260226_000854.jsonl
Initializing hardware...
  Hardware: SIMULATED
[INFO] Position socket listening on port 11103
[INFO] Peer socket listening on port 11203
[INFO] Fault socket listening on port 11303
Ready!

=== Detection Bounds: T1=2 cmds, T3=8 cmds | Impeachment: T1=8 cmds, T3=32 cmds ===
Running... Press Ctrl+C to stop

[ELECTION] New leader: 3
[R3] pos=(0,0) state=leader leader=3 trust=1.00 susp=0.00 cov=0.0%/0.0%
[ELECTION] New leader: 1
[R3] pos=(908,443) state=follower leader=1 trust=1.00 susp=0.00 cov=0.5%/0.5%
[R3] pos=(837,312) state=follower leader=1 trust=1.00 susp=0.00 cov=1.6%/7.8%
[R3] pos=(938,185) state=follower leader=1 trust=1.00 susp=0.00 cov=2.6%/13.0%
[R3] pos=(817,109) state=follower leader=1 trust=1.00 susp=0.00 cov=3.6%/17.7%
[R3] pos=(617,75) state=follower leader=1 trust=1.00 susp=0.00 cov=4.7%/22.9%
[R3] pos=(449,147) state=follower leader=1 trust=1.00 susp=0.00 cov=5.7%/26.0%
[R3] pos=(294,82) state=follower leader=1 trust=1.00 susp=0.00 cov=6.8%/31.8%
[R3] pos=(118,180) state=follower leader=1 trust=1.00 susp=0.00 cov=8.3%/37.5%
[R3] pos=(75,186) state=follower leader=1 trust=1.00 susp=0.00 cov=8.9%/42.7%
[R3] pos=(178,358) state=follower leader=1 trust=1.00 susp=0.00 cov=9.9%/47.9%
[R3] pos=(75,530) state=follower leader=1 trust=1.00 susp=0.00 cov=11.5%/54.2%
[R3] pos=(159,663) state=follower leader=1 trust=1.00 susp=0.00 cov=12.5%/59.4%
[R3] pos=(147,801) state=follower leader=1 trust=1.00 susp=0.00 cov=14.1%/66.7%
[R3] pos=(87,931) state=follower leader=1 trust=1.00 susp=0.00 cov=15.1%/71.4%
[R3] pos=(177,1107) state=follower leader=1 trust=1.00 susp=0.00 cov=16.1%/76.6%
[R3] pos=(75,1280) state=follower leader=1 trust=1.00 susp=0.00 cov=17.7%/81.2%
[TRUST] Bad command #1 (peer_reported): suspicion +0.30 = 0.30
[TRUST] Bad command #2 (personal_visited): suspicion +1.00 = 1.30
[TRUST] Bad command #3 (peer_reported): suspicion +0.30 = 1.60
[DETECT] First trust decay after 3 bad commands (0.42s) [Theoretical bound: T1=2, T3=8]
[TRUST] Trust decayed: trust=0.80, remaining suspicion=0.10
[TRUST] Bad command #4 (peer_reported): suspicion +0.30 = 0.40
[TRUST] Bad command #5 (peer_reported): suspicion +0.30 = 0.70
[TRUST] Bad command #6 (peer_reported): suspicion +0.30 = 1.00
[TRUST] Bad command #7 (personal_visited): suspicion +1.00 = 2.00
[TRUST] Trust decayed: trust=0.60, remaining suspicion=0.50
[TRUST] Bad command #8 (peer_reported): suspicion +0.30 = 0.80
[TRUST] Bad command #9 (peer_reported): suspicion +0.30 = 1.10
[TRUST] Bad command #10 (peer_reported): suspicion +0.30 = 1.40
[R3] pos=(202,1208) state=follower leader=1 trust=0.60 susp=1.40 cov=17.7%/81.2%
[TRUST] Bad command #11 (peer_reported): suspicion +0.30 = 1.70
[TRUST] Trust decayed: trust=0.40, remaining suspicion=0.20
[TRUST] Bad command #12 (peer_reported): suspicion +0.30 = 0.50
[TRUST] Bad command #13 (peer_reported): suspicion +0.30 = 0.80
[TRUST] Bad command #14 (peer_reported): suspicion +0.30 = 1.10
[TRUST] Bad command #15 (personal_visited): suspicion +1.00 = 2.10
[TRUST] Trust decayed: trust=0.20, remaining suspicion=0.60
[TRUST] Bad command #16 (peer_reported): suspicion +0.30 = 0.90
[TRUST] Bad command #17 (personal_visited): suspicion +1.00 = 1.90
[TRUST] Trust decayed: trust=0.10, remaining suspicion=0.40
[TRUST] Bad command #18 (peer_reported): suspicion +0.30 = 0.70
[TRUST] Bad command #19 (peer_reported): suspicion +0.30 = 1.00
[TRUST] Bad command #20 (peer_reported): suspicion +0.30 = 1.30
[DETECT] IMPEACHMENT after 20 bad commands, 3.98s from first bad command [Bound: T1=8 cmds, T3=32 cmds]
[IMPEACH] Trust too low (0.10), excluding leader 1 from candidates
[ELECTION] Leader 1 impeached (failures=1)
[ELECTION] New leader: 2
[R3] pos=(310,1059) state=follower leader=2 trust=1.00 susp=0.00 cov=18.8%/84.4%
[R3] pos=(413,938) state=follower leader=2 trust=1.00 susp=0.00 cov=19.8%/89.1%
[R3] pos=(451,839) state=follower leader=2 trust=1.00 susp=0.00 cov=20.3%/93.2%
[R3] pos=(558,740) state=follower leader=2 trust=1.00 susp=0.00 cov=21.4%/95.3%
[R3] pos=(532,586) state=follower leader=2 trust=1.00 susp=0.00 cov=21.9%/96.4%
[R3] pos=(310,563) state=follower leader=2 trust=1.00 susp=0.00 cov=22.9%/98.4%
[R3] pos=(282,559) state=follower leader=2 trust=1.00 susp=0.00 cov=23.4%/99.5%
[R3] pos=(228,777) state=follower leader=2 trust=1.00 susp=0.00 cov=24.0%/99.5%
[R3] pos=(167,1020) state=follower leader=2 trust=1.00 susp=0.00 cov=24.0%/100.0%
[R3] pos=(106,1262) state=follower leader=2 trust=1.00 susp=0.00 cov=24.0%/100.0%
[R3] pos=(75,1425) state=follower leader=2 trust=1.00 susp=0.00 cov=24.5%/100.0%
[R3] pos=(75,1425) state=follower leader=2 trust=1.00 susp=0.00 cov=24.5%/100.0%
[R3] pos=(75,1425) state=follower leader=2 trust=1.00 susp=0.00 cov=24.5%/100.0%
[R3] pos=(75,1425) state=follower leader=2 trust=1.00 susp=0.00 cov=24.5%/100.0%
[R3] pos=(75,1425) state=follower leader=2 trust=1.00 susp=0.00 cov=24.5%/100.0%
[R3] pos=(75,1425) state=follower leader=2 trust=1.00 susp=0.00 cov=24.5%/100.0%
[R3] pos=(75,1425) state=follower leader=2 trust=1.00 susp=0.00 cov=24.5%/100.0%
[R3] pos=(75,1425) state=follower leader=2 trust=1.00 susp=0.00 cov=24.5%/100.0%
[R3] pos=(75,1425) state=follower leader=2 trust=1.00 susp=0.00 cov=24.5%/100.0%
[R3] pos=(75,1425) state=follower leader=2 trust=1.00 susp=0.00 cov=24.5%/100.0%
[R3] pos=(75,1425) state=follower leader=2 trust=1.00 susp=0.00 cov=24.5%/100.0%
[R3] pos=(75,1425) state=follower leader=2 trust=1.00 susp=0.00 cov=24.5%/100.0%
[R3] pos=(75,1425) state=follower leader=2 trust=1.00 susp=0.00 cov=24.5%/100.0%
[R3] pos=(75,1425) state=follower leader=2 trust=1.00 susp=0.00 cov=24.5%/100.0%
[R3] pos=(75,1425) state=follower leader=2 trust=1.00 susp=0.00 cov=24.5%/100.0%
[R3] pos=(75,1425) state=follower leader=2 trust=1.00 susp=0.00 cov=24.5%/100.0%
[R3] pos=(75,1425) state=follower leader=2 trust=1.00 susp=0.00 cov=24.5%/100.0%
[R3] pos=(75,1425) state=follower leader=2 trust=1.00 susp=0.00 cov=24.5%/100.0%
[R3] pos=(75,1425) state=follower leader=2 trust=1.00 susp=0.00 cov=24.5%/100.0%
[R3] pos=(75,1425) state=follower leader=2 trust=1.00 susp=0.00 cov=24.5%/100.0%
[R3] pos=(75,1425) state=follower leader=2 trust=1.00 susp=0.00 cov=24.5%/100.0%
[R3] pos=(75,1425) state=follower leader=2 trust=1.00 susp=0.00 cov=24.5%/100.0%
[R3] pos=(75,1425) state=follower leader=2 trust=1.00 susp=0.00 cov=24.5%/100.0%
[R3] pos=(75,1425) state=follower leader=2 trust=1.00 susp=0.00 cov=24.5%/100.0%
[R3] pos=(75,1425) state=follower leader=2 trust=1.00 susp=0.00 cov=24.5%/100.0%
[R3] pos=(75,1425) state=follower leader=2 trust=1.00 susp=0.00 cov=24.5%/100.0%
[R3] pos=(75,1425) state=follower leader=2 trust=1.00 susp=0.00 cov=24.5%/100.0%
[R3] pos=(75,1425) state=follower leader=2 trust=1.00 susp=0.00 cov=24.5%/100.0%
[R3] pos=(75,1425) state=follower leader=2 trust=1.00 susp=0.00 cov=24.5%/100.0%
[R3] pos=(75,1425) state=follower leader=2 trust=1.00 susp=0.00 cov=24.5%/100.0%
[R3] pos=(75,1425) state=follower leader=2 trust=1.00 susp=0.00 cov=24.5%/100.0%
[R3] pos=(75,1425) state=follower leader=2 trust=1.00 susp=0.00 cov=24.5%/100.0%
[R3] pos=(75,1425) state=follower leader=2 trust=1.00 susp=0.00 cov=24.5%/100.0%
[R3] pos=(75,1425) state=follower leader=2 trust=1.00 susp=0.00 cov=24.5%/100.0%
