[WARN] Hardware modules not available - running in simulation mode
=== REIP Node - Robot 1 [SIM (unique ports)] ===
Trust Model: Three-tier confidence-weighted
  Personal: 1.0, ToF: 1.0, Peer: 0.3
  Suspicion threshold: 1.5, Recovery: 0.1

  Logging to: logs/robot_1_20260226_212746.jsonl
Initializing hardware...
  Hardware: SIMULATED
[INFO] Position socket listening on port 25101
[INFO] Peer socket listening on port 25201
[INFO] Fault socket listening on port 25301
Ready!

=== Detection Bounds: T1=2 cmds, T3=8 cmds | Impeachment: T1=8 cmds, T3=32 cmds ===
Running... Press Ctrl+C to stop

[ELECTION] New leader: 1
[R1] pos=(0,0) state=leader leader=1 trust=1.00 susp=0.00 cov=0.0%/0.0%
[R1] pos=(456,496) state=leader leader=1 trust=1.00 susp=0.00 cov=0.5%/0.5%
[R1] pos=(204,685) state=leader leader=1 trust=1.00 susp=0.00 cov=3.1%/15.1%
[R1] pos=(75,667) state=leader leader=1 trust=1.00 susp=0.00 cov=4.7%/25.5%
[R1] pos=(75,701) state=leader leader=1 trust=1.00 susp=0.00 cov=4.7%/32.8%
[R1] pos=(75,686) state=leader leader=1 trust=1.00 susp=0.00 cov=4.7%/38.5%
[R1] pos=(75,584) state=leader leader=1 trust=1.00 susp=0.00 cov=4.7%/42.7%
[FAULT] BAD_LEADER mode activated - will send bad assignments
[BAD_LEADER] Sending 5 robots to EXPLORED cells (persistent): [(687.5, 1187.5), (312.5, 812.5), (812.5, 187.5)]...
[BAD_LEADER] Sending 5 robots to EXPLORED cells (persistent): [(687.5, 1187.5), (312.5, 812.5), (812.5, 187.5)]...
[BAD_LEADER] Sending 5 robots to EXPLORED cells (persistent): [(687.5, 1187.5), (312.5, 812.5), (812.5, 187.5)]...
[BAD_LEADER] Sending 5 robots to EXPLORED cells (persistent): [(687.5, 1187.5), (312.5, 812.5), (812.5, 187.5)]...
[BAD_LEADER] Sending 5 robots to EXPLORED cells (persistent): [(687.5, 1187.5), (312.5, 812.5), (812.5, 187.5)]...
[BAD_LEADER] Sending 5 robots to EXPLORED cells (persistent): [(687.5, 1187.5), (312.5, 812.5), (812.5, 187.5)]...
[BAD_LEADER] Sending 5 robots to EXPLORED cells (persistent): [(687.5, 1187.5), (312.5, 812.5), (812.5, 187.5)]...
[BAD_LEADER] Sending 5 robots to EXPLORED cells (persistent): [(687.5, 1187.5), (312.5, 812.5), (812.5, 187.5)]...
[BAD_LEADER] Sending 5 robots to EXPLORED cells (persistent): [(687.5, 1187.5), (312.5, 812.5), (812.5, 187.5)]...
[BAD_LEADER] Sending 5 robots to EXPLORED cells (persistent): [(687.5, 1187.5), (312.5, 812.5), (812.5, 187.5)]...
[R1] pos=(302,813) state=leader leader=1 trust=1.00 susp=0.00 cov=5.2%/46.4%
[BAD_LEADER] Sending 5 robots to EXPLORED cells (persistent): [(687.5, 1187.5), (312.5, 812.5), (812.5, 187.5)]...
[BAD_LEADER] Sending 5 robots to EXPLORED cells (persistent): [(687.5, 1187.5), (312.5, 812.5), (812.5, 187.5)]...
[BAD_LEADER] Sending 5 robots to EXPLORED cells (persistent): [(687.5, 1187.5), (312.5, 812.5), (812.5, 187.5)]...
[BAD_LEADER] Sending 5 robots to EXPLORED cells (persistent): [(687.5, 1187.5), (312.5, 812.5), (812.5, 187.5)]...
[ELECTION] New leader: 2
[R1] pos=(302,813) state=follower leader=2 trust=1.00 susp=0.00 cov=5.2%/46.4%
[R1] pos=(302,813) state=follower leader=2 trust=1.00 susp=0.00 cov=5.2%/46.4%
[R1] pos=(302,813) state=follower leader=2 trust=1.00 susp=0.00 cov=5.2%/46.4%
[R1] pos=(302,813) state=follower leader=2 trust=1.00 susp=0.00 cov=5.2%/46.4%
[R1] pos=(302,813) state=follower leader=2 trust=1.00 susp=0.00 cov=5.2%/46.4%
[R1] pos=(302,813) state=follower leader=2 trust=1.00 susp=0.00 cov=5.2%/46.4%
[R1] pos=(302,813) state=follower leader=2 trust=1.00 susp=0.00 cov=5.2%/46.4%
[R1] pos=(302,813) state=follower leader=2 trust=1.00 susp=0.00 cov=5.2%/46.4%
[R1] pos=(302,813) state=follower leader=2 trust=1.00 susp=0.00 cov=5.2%/46.4%
[R1] pos=(302,813) state=follower leader=2 trust=1.00 susp=0.00 cov=5.2%/46.4%
[R1] pos=(302,813) state=follower leader=2 trust=1.00 susp=0.00 cov=5.2%/46.4%
[R1] pos=(302,813) state=follower leader=2 trust=1.00 susp=0.00 cov=5.2%/46.4%
[R1] pos=(302,813) state=follower leader=2 trust=1.00 susp=0.00 cov=5.2%/46.4%
[R1] pos=(302,813) state=follower leader=2 trust=1.00 susp=0.00 cov=5.2%/46.4%
[R1] pos=(302,813) state=follower leader=2 trust=1.00 susp=0.00 cov=5.2%/46.4%
[R1] pos=(302,813) state=follower leader=2 trust=1.00 susp=0.00 cov=5.2%/46.4%
[R1] pos=(302,813) state=follower leader=2 trust=1.00 susp=0.00 cov=5.2%/46.4%
[R1] pos=(302,813) state=follower leader=2 trust=1.00 susp=0.00 cov=5.2%/46.4%
[R1] pos=(302,813) state=follower leader=2 trust=1.00 susp=0.00 cov=5.2%/46.4%
[R1] pos=(302,813) state=follower leader=2 trust=1.00 susp=0.00 cov=5.2%/46.4%
[R1] pos=(302,813) state=follower leader=2 trust=1.00 susp=0.00 cov=5.2%/46.4%
[R1] pos=(302,813) state=follower leader=2 trust=1.00 susp=0.00 cov=5.2%/46.4%
[R1] pos=(302,813) state=follower leader=2 trust=1.00 susp=0.00 cov=5.2%/46.4%
[R1] pos=(302,813) state=follower leader=2 trust=1.00 susp=0.00 cov=5.2%/46.4%
[R1] pos=(302,813) state=follower leader=2 trust=1.00 susp=0.00 cov=5.2%/46.4%
[R1] pos=(302,813) state=follower leader=2 trust=1.00 susp=0.00 cov=5.2%/46.4%
[R1] pos=(302,813) state=follower leader=2 trust=1.00 susp=0.00 cov=5.2%/46.4%
[R1] pos=(302,813) state=follower leader=2 trust=1.00 susp=0.00 cov=5.2%/46.4%
[R1] pos=(302,813) state=follower leader=2 trust=1.00 susp=0.00 cov=5.2%/46.4%
[TRUST] Bad command #1 (peer_reported): suspicion +0.30 = 0.30
[TRUST] Bad command #2 (peer_reported): suspicion +0.30 = 0.60
[TRUST] Bad command #3 (peer_reported): suspicion +0.30 = 0.90
[TRUST] Bad command #4 (peer_reported): suspicion +0.30 = 1.20
[TRUST] Bad command #5 (peer_reported): suspicion +0.30 = 1.50
[DETECT] First trust decay after 5 bad commands (0.83s) [Theoretical bound: T1=2, T3=8]
[TRUST] Trust decayed: trust=0.80, remaining suspicion=0.00
[TRUST] Bad command #6 (peer_reported): suspicion +0.30 = 0.30
[TRUST] Bad command #7 (peer_reported): suspicion +0.30 = 0.60
[TRUST] Bad command #8 (peer_reported): suspicion +0.30 = 0.90
[TRUST] Bad command #9 (peer_reported): suspicion +0.30 = 1.20
[R1] pos=(657,1122) state=follower leader=2 trust=0.80 susp=1.20 cov=7.8%/48.4%
[TRUST] Bad command #10 (peer_reported): suspicion +0.30 = 1.50
[TRUST] Trust decayed: trust=0.60, remaining suspicion=0.00
[TRUST] Bad command #11 (peer_reported): suspicion +0.30 = 0.30
[TRUST] Bad command #12 (peer_reported): suspicion +0.30 = 0.60
[TRUST] Bad command #13 (peer_reported): suspicion +0.30 = 0.90
[TRUST] Bad command #14 (peer_reported): suspicion +0.30 = 1.20
[TRUST] Bad command #15 (peer_reported): suspicion +0.30 = 1.50
[TRUST] Trust decayed: trust=0.40, remaining suspicion=0.00
[TRUST] Bad command #16 (peer_reported): suspicion +0.30 = 0.30
[TRUST] Bad command #17 (peer_reported): suspicion +0.30 = 0.60
[TRUST] Bad command #18 (peer_reported): suspicion +0.30 = 0.90
[R1] pos=(885,1190) state=follower leader=2 trust=0.40 susp=0.90 cov=8.9%/49.0%
[TRUST] Bad command #19 (peer_reported): suspicion +0.30 = 1.20
[TRUST] Bad command #20 (peer_reported): suspicion +0.30 = 1.50
[TRUST] Trust decayed: trust=0.20, remaining suspicion=0.00
[TRUST] Bad command #21 (peer_reported): suspicion +0.30 = 0.30
[TRUST] Bad command #22 (peer_reported): suspicion +0.30 = 0.60
[TRUST] Bad command #23 (peer_reported): suspicion +0.30 = 0.90
[DETECT] IMPEACHMENT after 23 bad commands, 4.75s from first bad command [Bound: T1=8 cmds, T3=32 cmds]
[IMPEACH] Trust too low (0.20), excluding leader 2 from candidates
[ELECTION] Leader 2 impeached (failures=1)
[ELECTION] New leader: 1
[R1] pos=(1068,1273) state=leader leader=1 trust=1.00 susp=0.00 cov=9.9%/53.6%
[R1] pos=(1254,1208) state=leader leader=1 trust=1.00 susp=0.00 cov=10.9%/58.3%
[R1] pos=(1565,1187) state=leader leader=1 trust=1.00 susp=0.00 cov=12.0%/65.1%
[R1] pos=(1653,1400) state=leader leader=1 trust=1.00 susp=0.00 cov=15.1%/75.0%
[R1] pos=(1925,1425) state=leader leader=1 trust=1.00 susp=0.00 cov=16.7%/79.7%
[R1] pos=(1716,861) state=leader leader=1 trust=1.00 susp=0.00 cov=19.8%/85.4%
[R1] pos=(1817,548) state=leader leader=1 trust=1.00 susp=0.00 cov=20.8%/89.1%
[R1] pos=(1813,298) state=leader leader=1 trust=1.00 susp=0.00 cov=21.9%/92.2%
[R1] pos=(1813,198) state=leader leader=1 trust=1.00 susp=0.00 cov=22.4%/93.2%
[R1] pos=(1813,198) state=leader leader=1 trust=1.00 susp=0.00 cov=22.4%/93.2%
[R1] pos=(1813,198) state=leader leader=1 trust=1.00 susp=0.00 cov=22.4%/93.2%
[R1] pos=(1813,198) state=leader leader=1 trust=1.00 susp=0.00 cov=22.4%/93.2%
[R1] pos=(1813,198) state=leader leader=1 trust=1.00 susp=0.00 cov=22.4%/93.2%
[R1] pos=(1813,198) state=leader leader=1 trust=1.00 susp=0.00 cov=22.4%/93.2%
[R1] pos=(1813,198) state=leader leader=1 trust=1.00 susp=0.00 cov=22.4%/93.2%
[R1] pos=(1813,198) state=leader leader=1 trust=1.00 susp=0.00 cov=22.4%/93.2%
[R1] pos=(1813,198) state=leader leader=1 trust=1.00 susp=0.00 cov=22.4%/93.2%
[R1] pos=(1813,198) state=leader leader=1 trust=1.00 susp=0.00 cov=22.4%/93.2%
[R1] pos=(1813,198) state=leader leader=1 trust=1.00 susp=0.00 cov=22.4%/93.2%
[R1] pos=(1813,198) state=leader leader=1 trust=1.00 susp=0.00 cov=22.4%/93.2%
[R1] pos=(1813,198) state=leader leader=1 trust=1.00 susp=0.00 cov=22.4%/93.2%
[R1] pos=(1813,198) state=leader leader=1 trust=1.00 susp=0.00 cov=22.4%/93.2%
[R1] pos=(1813,198) state=leader leader=1 trust=1.00 susp=0.00 cov=22.4%/93.2%
[R1] pos=(1813,198) state=leader leader=1 trust=1.00 susp=0.00 cov=22.4%/93.2%
[R1] pos=(1813,198) state=leader leader=1 trust=1.00 susp=0.00 cov=22.4%/93.2%
[R1] pos=(1813,198) state=leader leader=1 trust=1.00 susp=0.00 cov=22.4%/93.2%
[R1] pos=(1813,198) state=leader leader=1 trust=1.00 susp=0.00 cov=22.4%/93.2%
[R1] pos=(1813,198) state=leader leader=1 trust=1.00 susp=0.00 cov=22.4%/93.2%
[R1] pos=(1813,198) state=leader leader=1 trust=1.00 susp=0.00 cov=22.4%/93.2%
[R1] pos=(1813,198) state=leader leader=1 trust=1.00 susp=0.00 cov=22.4%/93.2%
[R1] pos=(1813,198) state=leader leader=1 trust=1.00 susp=0.00 cov=22.4%/93.2%
