[WARN] Hardware modules not available - simulation mode
=== RAFT Baseline - Robot 5 [SIM] ===
NO TRUST. Heartbeat timeout only.

  Logging to: logs/raft_5_20260226_075946.jsonl
Initializing hardware...
  Hardware: SIMULATED
[INFO] Position socket listening on port 8105
[INFO] Peer socket listening on port 8205
[INFO] Fault socket listening on port 8305
Ready!

Running RAFT baseline... Press Ctrl+C to stop

[R5] state=follower leader=None term=0 cov=0.0%/0.0%
[R5] state=follower leader=1 term=1 cov=0.5%/0.5%
[R5] state=follower leader=1 term=1 cov=2.1%/10.4%
[R5] state=follower leader=1 term=1 cov=4.7%/21.9%
[R5] state=follower leader=1 term=1 cov=6.2%/33.9%
[R5] state=follower leader=1 term=1 cov=9.4%/45.8%
[R5] state=follower leader=1 term=1 cov=11.5%/55.2%
[R5] state=follower leader=1 term=1 cov=12.5%/60.4%
[R5] state=follower leader=1 term=1 cov=14.1%/65.1%
[R5] state=follower leader=1 term=1 cov=16.1%/74.0%
[R5] state=follower leader=1 term=1 cov=19.8%/83.9%
[R5] state=follower leader=1 term=1 cov=22.4%/91.7%
[R5] state=follower leader=1 term=1 cov=24.5%/97.4%
[R5] state=follower leader=1 term=1 cov=28.1%/99.0%
[R5] state=follower leader=1 term=1 cov=28.1%/100.0%
[R5] state=follower leader=1 term=1 cov=28.1%/100.0%
[R5] state=follower leader=1 term=1 cov=28.1%/100.0%
[R5] state=follower leader=1 term=1 cov=28.1%/100.0%
[R5] state=follower leader=1 term=1 cov=28.1%/100.0%
[R5] state=follower leader=1 term=1 cov=28.1%/100.0%
[R5] state=follower leader=1 term=1 cov=28.1%/100.0%
[R5] state=follower leader=1 term=1 cov=28.1%/100.0%
[R5] state=follower leader=1 term=1 cov=28.1%/100.0%
[R5] state=follower leader=1 term=1 cov=28.1%/100.0%
[R5] state=follower leader=1 term=1 cov=28.1%/100.0%
[R5] state=follower leader=1 term=1 cov=28.1%/100.0%
[R5] state=follower leader=1 term=1 cov=28.1%/100.0%
[R5] state=follower leader=1 term=1 cov=28.1%/100.0%
[R5] state=follower leader=1 term=1 cov=28.1%/100.0%
[R5] state=follower leader=1 term=1 cov=28.1%/100.0%
[R5] state=follower leader=1 term=1 cov=28.1%/100.0%
[R5] state=follower leader=1 term=1 cov=28.1%/100.0%
[R5] state=follower leader=1 term=1 cov=28.1%/100.0%
[R5] state=follower leader=1 term=1 cov=28.1%/100.0%
[R5] state=follower leader=1 term=1 cov=28.1%/100.0%
[R5] state=follower leader=1 term=1 cov=28.1%/100.0%
[R5] state=follower leader=1 term=1 cov=28.1%/100.0%
[R5] state=follower leader=1 term=1 cov=28.1%/100.0%
[R5] state=follower leader=1 term=1 cov=28.1%/100.0%
[R5] state=follower leader=1 term=1 cov=28.1%/100.0%
[R5] state=follower leader=1 term=1 cov=28.1%/100.0%
[R5] state=follower leader=1 term=1 cov=28.1%/100.0%
[R5] state=follower leader=1 term=1 cov=28.1%/100.0%
[R5] state=follower leader=1 term=1 cov=28.1%/100.0%
[R5] state=follower leader=1 term=1 cov=28.1%/100.0%
[R5] state=follower leader=1 term=1 cov=28.1%/100.0%
[R5] state=follower leader=1 term=1 cov=28.1%/100.0%
[R5] state=follower leader=1 term=1 cov=28.1%/100.0%
[R5] state=follower leader=1 term=1 cov=28.1%/100.0%
[R5] state=follower leader=1 term=1 cov=28.1%/100.0%
[R5] state=follower leader=1 term=1 cov=28.1%/100.0%
[R5] state=follower leader=1 term=1 cov=28.1%/100.0%
[R5] state=follower leader=1 term=1 cov=28.1%/100.0%
[R5] state=follower leader=1 term=1 cov=28.1%/100.0%
[R5] state=follower leader=1 term=1 cov=28.1%/100.0%
[R5] state=follower leader=1 term=1 cov=28.1%/100.0%
[R5] state=follower leader=1 term=1 cov=28.1%/100.0%
[R5] state=follower leader=1 term=1 cov=28.1%/100.0%
[R5] state=follower leader=1 term=1 cov=28.1%/100.0%
[R5] state=follower leader=1 term=1 cov=28.1%/100.0%
[R5] state=follower leader=1 term=1 cov=28.1%/100.0%
[R5] state=follower leader=1 term=1 cov=28.1%/100.0%
[R5] state=follower leader=1 term=1 cov=28.1%/100.0%
