[WARN] Hardware modules not available - running in simulation mode
=== REIP Node - Robot 1 [SIM (unique ports)] ===
Trust Model: Three-tier confidence-weighted
  Personal: 1.0, ToF: 1.0, Peer: 0.3
  Suspicion threshold: 1.5, Recovery: 0.1

  Logging to: logs/robot_1_20260226_184146.jsonl
Initializing hardware...
  Hardware: SIMULATED
[INFO] Position socket listening on port 11101
[INFO] Peer socket listening on port 11201
[INFO] Fault socket listening on port 11301
Ready!

=== Detection Bounds: T1=2 cmds, T3=8 cmds | Impeachment: T1=8 cmds, T3=32 cmds ===
Running... Press Ctrl+C to stop

[ELECTION] New leader: 1
[R1] pos=(0,0) state=leader leader=1 trust=1.00 susp=0.00 cov=0.0%/0.0%
[R1] pos=(856,660) state=leader leader=1 trust=1.00 susp=0.00 cov=0.5%/0.5%
[R1] pos=(939,816) state=leader leader=1 trust=1.00 susp=0.00 cov=3.1%/14.1%
[R1] pos=(920,1186) state=leader leader=1 trust=1.00 susp=0.00 cov=6.2%/26.6%
[R1] pos=(1062,1322) state=leader leader=1 trust=1.00 susp=0.00 cov=9.4%/39.1%
[R1] pos=(1424,1305) state=leader leader=1 trust=1.00 susp=0.00 cov=12.0%/53.1%
[R1] pos=(1719,998) state=leader leader=1 trust=1.00 susp=0.00 cov=15.6%/66.1%
[R1] pos=(1890,1263) state=leader leader=1 trust=1.00 susp=0.00 cov=19.3%/77.1%
[R1] pos=(1679,1425) state=leader leader=1 trust=1.00 susp=0.00 cov=21.4%/79.7%
[R1] pos=(1787,1425) state=leader leader=1 trust=1.00 susp=0.00 cov=21.4%/83.9%
[R1] pos=(1925,1425) state=leader leader=1 trust=1.00 susp=0.00 cov=21.9%/88.5%
[R1] pos=(1925,484) state=leader leader=1 trust=1.00 susp=0.00 cov=24.0%/94.3%
[R1] pos=(1532,75) state=leader leader=1 trust=1.00 susp=0.00 cov=26.6%/100.0%
[R1] pos=(1511,75) state=leader leader=1 trust=1.00 susp=0.00 cov=26.6%/100.0%
[R1] pos=(1618,75) state=leader leader=1 trust=1.00 susp=0.00 cov=26.6%/100.0%
[R1] pos=(1617,75) state=leader leader=1 trust=1.00 susp=0.00 cov=27.1%/100.0%
[FAULT] BAD_LEADER mode activated - will send bad assignments
[R1] pos=(1601,75) state=leader leader=1 trust=1.00 susp=0.00 cov=27.1%/100.0%
[BAD_LEADER] Sending 5 robots to EXPLORED cells (persistent): [(562.5, 1437.5), (1687.5, 562.5), (1687.5, 312.5)]...
[BAD_LEADER] Sending 5 robots to EXPLORED cells (persistent): [(562.5, 1437.5), (1687.5, 562.5), (1687.5, 312.5)]...
[BAD_LEADER] Sending 5 robots to EXPLORED cells (persistent): [(562.5, 1437.5), (1687.5, 562.5), (1687.5, 312.5)]...
[BAD_LEADER] Sending 5 robots to EXPLORED cells (persistent): [(562.5, 1437.5), (1687.5, 562.5), (1687.5, 312.5)]...
[BAD_LEADER] Sending 5 robots to EXPLORED cells (persistent): [(562.5, 1437.5), (1687.5, 562.5), (1687.5, 312.5)]...
[BAD_LEADER] Sending 5 robots to EXPLORED cells (persistent): [(562.5, 1437.5), (1687.5, 562.5), (1687.5, 312.5)]...
[BAD_LEADER] Sending 5 robots to EXPLORED cells (persistent): [(562.5, 1437.5), (1687.5, 562.5), (1687.5, 312.5)]...
[BAD_LEADER] Sending 5 robots to EXPLORED cells (persistent): [(562.5, 1437.5), (1687.5, 562.5), (1687.5, 312.5)]...
[BAD_LEADER] Sending 5 robots to EXPLORED cells (persistent): [(562.5, 1437.5), (1687.5, 562.5), (1687.5, 312.5)]...
[BAD_LEADER] Sending 5 robots to EXPLORED cells (persistent): [(562.5, 1437.5), (1687.5, 562.5), (1687.5, 312.5)]...
[R1] pos=(1027,765) state=leader leader=1 trust=1.00 susp=0.00 cov=30.2%/100.0%
[BAD_LEADER] Sending 5 robots to EXPLORED cells (persistent): [(562.5, 1437.5), (1687.5, 562.5), (1687.5, 312.5)]...
[BAD_LEADER] Sending 5 robots to EXPLORED cells (persistent): [(562.5, 1437.5), (1687.5, 562.5), (1687.5, 312.5)]...
[BAD_LEADER] Sending 5 robots to EXPLORED cells (persistent): [(562.5, 1437.5), (1687.5, 562.5), (1687.5, 312.5)]...
[BAD_LEADER] Sending 5 robots to EXPLORED cells (persistent): [(562.5, 1437.5), (1687.5, 562.5), (1687.5, 312.5)]...
[BAD_LEADER] Sending 5 robots to EXPLORED cells (persistent): [(562.5, 1437.5), (1687.5, 562.5), (1687.5, 312.5)]...
[BAD_LEADER] Sending 5 robots to EXPLORED cells (persistent): [(562.5, 1437.5), (1687.5, 562.5), (1687.5, 312.5)]...
[BAD_LEADER] Sending 5 robots to EXPLORED cells (persistent): [(562.5, 1437.5), (1687.5, 562.5), (1687.5, 312.5)]...
[BAD_LEADER] Sending 5 robots to EXPLORED cells (persistent): [(562.5, 1437.5), (1687.5, 562.5), (1687.5, 312.5)]...
[BAD_LEADER] Sending 5 robots to EXPLORED cells (persistent): [(562.5, 1437.5), (1687.5, 562.5), (1687.5, 312.5)]...
[BAD_LEADER] Sending 5 robots to EXPLORED cells (persistent): [(562.5, 1437.5), (1687.5, 562.5), (1687.5, 312.5)]...
[R1] pos=(554,1425) state=leader leader=1 trust=1.00 susp=0.00 cov=32.3%/100.0%
[BAD_LEADER] Sending 5 robots to EXPLORED cells (persistent): [(562.5, 1437.5), (1687.5, 562.5), (1687.5, 312.5)]...
[BAD_LEADER] Sending 5 robots to EXPLORED cells (persistent): [(562.5, 1437.5), (1687.5, 562.5), (1687.5, 312.5)]...
[BAD_LEADER] Sending 5 robots to EXPLORED cells (persistent): [(562.5, 1437.5), (1687.5, 562.5), (1687.5, 312.5)]...
[BAD_LEADER] Sending 5 robots to EXPLORED cells (persistent): [(562.5, 1437.5), (1687.5, 562.5), (1687.5, 312.5)]...
[BAD_LEADER] Sending 5 robots to EXPLORED cells (persistent): [(562.5, 1437.5), (1687.5, 562.5), (1687.5, 312.5)]...
[BAD_LEADER] Sending 5 robots to EXPLORED cells (persistent): [(562.5, 1437.5), (1687.5, 562.5), (1687.5, 312.5)]...
[BAD_LEADER] Sending 5 robots to EXPLORED cells (persistent): [(562.5, 1437.5), (1687.5, 562.5), (1687.5, 312.5)]...
[BAD_LEADER] Sending 5 robots to EXPLORED cells (persistent): [(562.5, 1437.5), (1687.5, 562.5), (1687.5, 312.5)]...
[BAD_LEADER] Sending 5 robots to EXPLORED cells (persistent): [(562.5, 1437.5), (1687.5, 562.5), (1687.5, 312.5)]...
[R1] pos=(554,1425) state=leader leader=1 trust=1.00 susp=0.00 cov=32.3%/100.0%
[BAD_LEADER] Sending 5 robots to EXPLORED cells (persistent): [(562.5, 1437.5), (1687.5, 562.5), (1687.5, 312.5)]...
[BAD_LEADER] Sending 5 robots to EXPLORED cells (persistent): [(562.5, 1437.5), (1687.5, 562.5), (1687.5, 312.5)]...
[BAD_LEADER] Sending 5 robots to EXPLORED cells (persistent): [(562.5, 1437.5), (1687.5, 562.5), (1687.5, 312.5)]...
[BAD_LEADER] Sending 5 robots to EXPLORED cells (persistent): [(562.5, 1437.5), (1687.5, 562.5), (1687.5, 312.5)]...
[BAD_LEADER] Sending 5 robots to EXPLORED cells (persistent): [(562.5, 1437.5), (1687.5, 562.5), (1687.5, 312.5)]...
[BAD_LEADER] Sending 5 robots to EXPLORED cells (persistent): [(562.5, 1437.5), (1687.5, 562.5), (1687.5, 312.5)]...
[BAD_LEADER] Sending 5 robots to EXPLORED cells (persistent): [(562.5, 1437.5), (1687.5, 562.5), (1687.5, 312.5)]...
[BAD_LEADER] Sending 5 robots to EXPLORED cells (persistent): [(562.5, 1437.5), (1687.5, 562.5), (1687.5, 312.5)]...
[BAD_LEADER] Sending 5 robots to EXPLORED cells (persistent): [(562.5, 1437.5), (1687.5, 562.5), (1687.5, 312.5)]...
[BAD_LEADER] Sending 5 robots to EXPLORED cells (persistent): [(562.5, 1437.5), (1687.5, 562.5), (1687.5, 312.5)]...
[ELECTION] New leader: 2
[R1] pos=(554,1425) state=follower leader=2 trust=1.00 susp=0.00 cov=32.3%/100.0%
[R1] pos=(554,1425) state=follower leader=2 trust=1.00 susp=0.00 cov=32.3%/100.0%
[R1] pos=(554,1425) state=follower leader=2 trust=1.00 susp=0.00 cov=32.3%/100.0%
[R1] pos=(554,1425) state=follower leader=2 trust=1.00 susp=0.00 cov=32.3%/100.0%
[R1] pos=(554,1425) state=follower leader=2 trust=1.00 susp=0.00 cov=32.3%/100.0%
[R1] pos=(554,1425) state=follower leader=2 trust=1.00 susp=0.00 cov=32.3%/100.0%
[R1] pos=(554,1425) state=follower leader=2 trust=1.00 susp=0.00 cov=32.3%/100.0%
[R1] pos=(554,1425) state=follower leader=2 trust=1.00 susp=0.00 cov=32.3%/100.0%
[R1] pos=(554,1425) state=follower leader=2 trust=1.00 susp=0.00 cov=32.3%/100.0%
[R1] pos=(554,1425) state=follower leader=2 trust=1.00 susp=0.00 cov=32.3%/100.0%
[R1] pos=(554,1425) state=follower leader=2 trust=1.00 susp=0.00 cov=32.3%/100.0%
[R1] pos=(554,1425) state=follower leader=2 trust=1.00 susp=0.00 cov=32.3%/100.0%
[R1] pos=(554,1425) state=follower leader=2 trust=1.00 susp=0.00 cov=32.3%/100.0%
[R1] pos=(554,1425) state=follower leader=2 trust=1.00 susp=0.00 cov=32.3%/100.0%
[R1] pos=(554,1425) state=follower leader=2 trust=1.00 susp=0.00 cov=32.3%/100.0%
[R1] pos=(554,1425) state=follower leader=2 trust=1.00 susp=0.00 cov=32.3%/100.0%
[R1] pos=(554,1425) state=follower leader=2 trust=1.00 susp=0.00 cov=32.3%/100.0%
[R1] pos=(554,1425) state=follower leader=2 trust=1.00 susp=0.00 cov=32.3%/100.0%
[R1] pos=(554,1425) state=follower leader=2 trust=1.00 susp=0.00 cov=32.3%/100.0%
[R1] pos=(554,1425) state=follower leader=2 trust=1.00 susp=0.00 cov=32.3%/100.0%
[R1] pos=(554,1425) state=follower leader=2 trust=1.00 susp=0.00 cov=32.3%/100.0%
[R1] pos=(554,1425) state=follower leader=2 trust=1.00 susp=0.00 cov=32.3%/100.0%
[R1] pos=(554,1425) state=follower leader=2 trust=1.00 susp=0.00 cov=32.3%/100.0%
[R1] pos=(554,1425) state=follower leader=2 trust=1.00 susp=0.00 cov=32.3%/100.0%
[R1] pos=(554,1425) state=follower leader=2 trust=1.00 susp=0.00 cov=32.3%/100.0%
[R1] pos=(554,1425) state=follower leader=2 trust=1.00 susp=0.00 cov=32.3%/100.0%
[R1] pos=(554,1425) state=follower leader=2 trust=1.00 susp=0.00 cov=32.3%/100.0%
[R1] pos=(554,1425) state=follower leader=2 trust=1.00 susp=0.00 cov=32.3%/100.0%
[R1] pos=(554,1425) state=follower leader=2 trust=1.00 susp=0.00 cov=32.3%/100.0%
[R1] pos=(554,1425) state=follower leader=2 trust=1.00 susp=0.00 cov=32.3%/100.0%
[R1] pos=(554,1425) state=follower leader=2 trust=1.00 susp=0.00 cov=32.3%/100.0%
[R1] pos=(554,1425) state=follower leader=2 trust=1.00 susp=0.00 cov=32.3%/100.0%
[R1] pos=(554,1425) state=follower leader=2 trust=1.00 susp=0.00 cov=32.3%/100.0%
[R1] pos=(554,1425) state=follower leader=2 trust=1.00 susp=0.00 cov=32.3%/100.0%
[R1] pos=(554,1425) state=follower leader=2 trust=1.00 susp=0.00 cov=32.3%/100.0%
[R1] pos=(554,1425) state=follower leader=2 trust=1.00 susp=0.00 cov=32.3%/100.0%
[R1] pos=(554,1425) state=follower leader=2 trust=1.00 susp=0.00 cov=32.3%/100.0%
[R1] pos=(554,1425) state=follower leader=2 trust=1.00 susp=0.00 cov=32.3%/100.0%
[R1] pos=(554,1425) state=follower leader=2 trust=1.00 susp=0.00 cov=32.3%/100.0%
[R1] pos=(554,1425) state=follower leader=2 trust=1.00 susp=0.00 cov=32.3%/100.0%
[R1] pos=(554,1425) state=follower leader=2 trust=1.00 susp=0.00 cov=32.3%/100.0%
[R1] pos=(554,1425) state=follower leader=2 trust=1.00 susp=0.00 cov=32.3%/100.0%
[R1] pos=(554,1425) state=follower leader=2 trust=1.00 susp=0.00 cov=32.3%/100.0%
[R1] pos=(554,1425) state=follower leader=2 trust=1.00 susp=0.00 cov=32.3%/100.0%
[R1] pos=(554,1425) state=follower leader=2 trust=1.00 susp=0.00 cov=32.3%/100.0%
[R1] pos=(554,1425) state=follower leader=2 trust=1.00 susp=0.00 cov=32.3%/100.0%
[R1] pos=(554,1425) state=follower leader=2 trust=1.00 susp=0.00 cov=32.3%/100.0%
[R1] pos=(554,1425) state=follower leader=2 trust=1.00 susp=0.00 cov=32.3%/100.0%
[R1] pos=(554,1425) state=follower leader=2 trust=1.00 susp=0.00 cov=32.3%/100.0%
[R1] pos=(554,1425) state=follower leader=2 trust=1.00 susp=0.00 cov=32.3%/100.0%
[R1] pos=(554,1425) state=follower leader=2 trust=1.00 susp=0.00 cov=32.3%/100.0%
[R1] pos=(554,1425) state=follower leader=2 trust=1.00 susp=0.00 cov=32.3%/100.0%
[R1] pos=(554,1425) state=follower leader=2 trust=1.00 susp=0.00 cov=32.3%/100.0%
