[WARN] Hardware modules not available - running in simulation mode
=== REIP Node - Robot 5 [SIM (unique ports)] ===
Trust Model: Three-tier confidence-weighted
  Personal: 1.0, ToF: 1.0, Peer: 0.3
  Suspicion threshold: 1.5, Recovery: 0.1

  Logging to: logs/robot_5_20260226_160542.jsonl
Initializing hardware...
  Hardware: SIMULATED
[INFO] Position socket listening on port 8105
[INFO] Peer socket listening on port 8205
[INFO] Fault socket listening on port 8305
Ready!

=== DECENTRALIZED MODE - No leader coordination ===
=== Detection Bounds: T1=2 cmds, T3=8 cmds | Impeachment: T1=8 cmds, T3=32 cmds ===
Running... Press Ctrl+C to stop

[R5] pos=(0,0) state=exploring leader=None trust=1.00 susp=0.00 cov=0.0%/0.0%
[R5] pos=(1512,361) state=exploring leader=None trust=1.00 susp=0.00 cov=0.5%/0.5%
[R5] pos=(717,312) state=exploring leader=None trust=1.00 susp=0.00 cov=4.2%/18.8%
[R5] pos=(122,189) state=exploring leader=None trust=1.00 susp=0.00 cov=7.3%/30.7%
[R5] pos=(603,258) state=exploring leader=None trust=1.00 susp=0.00 cov=10.4%/38.5%
[R5] pos=(1133,75) state=exploring leader=None trust=1.00 susp=0.00 cov=14.6%/51.6%
[R5] pos=(1659,184) state=exploring leader=None trust=1.00 susp=0.00 cov=19.3%/66.1%
[R5] pos=(1887,386) state=exploring leader=None trust=1.00 susp=0.00 cov=23.4%/77.6%
[R5] pos=(1671,823) state=exploring leader=None trust=1.00 susp=0.00 cov=27.6%/87.5%
[R5] pos=(1925,775) state=exploring leader=None trust=1.00 susp=0.00 cov=31.2%/96.9%
[R5] pos=(1709,382) state=exploring leader=None trust=1.00 susp=0.00 cov=32.8%/99.0%
[R5] pos=(1707,374) state=exploring leader=None trust=1.00 susp=0.00 cov=33.3%/100.0%
[R5] pos=(1672,262) state=exploring leader=None trust=1.00 susp=0.00 cov=33.3%/100.0%
[R5] pos=(1672,262) state=exploring leader=None trust=1.00 susp=0.00 cov=33.3%/100.0%
[R5] pos=(1672,262) state=exploring leader=None trust=1.00 susp=0.00 cov=33.3%/100.0%
[R5] pos=(1700,353) state=exploring leader=None trust=1.00 susp=0.00 cov=33.3%/100.0%
[R5] pos=(1708,379) state=exploring leader=None trust=1.00 susp=0.00 cov=33.3%/100.0%
[R5] pos=(1677,278) state=exploring leader=None trust=1.00 susp=0.00 cov=33.3%/100.0%
[R5] pos=(1679,286) state=exploring leader=None trust=1.00 susp=0.00 cov=33.3%/100.0%
[R5] pos=(1682,293) state=exploring leader=None trust=1.00 susp=0.00 cov=33.3%/100.0%
[R5] pos=(1682,293) state=exploring leader=None trust=1.00 susp=0.00 cov=33.3%/100.0%
[R5] pos=(1682,293) state=exploring leader=None trust=1.00 susp=0.00 cov=33.3%/100.0%
[R5] pos=(1682,293) state=exploring leader=None trust=1.00 susp=0.00 cov=33.3%/100.0%
[R5] pos=(1682,293) state=exploring leader=None trust=1.00 susp=0.00 cov=33.3%/100.0%
[R5] pos=(1682,293) state=exploring leader=None trust=1.00 susp=0.00 cov=33.3%/100.0%
[R5] pos=(1682,293) state=exploring leader=None trust=1.00 susp=0.00 cov=33.3%/100.0%
[R5] pos=(1682,293) state=exploring leader=None trust=1.00 susp=0.00 cov=33.3%/100.0%
[R5] pos=(1682,293) state=exploring leader=None trust=1.00 susp=0.00 cov=33.3%/100.0%
[R5] pos=(1682,293) state=exploring leader=None trust=1.00 susp=0.00 cov=33.3%/100.0%
[R5] pos=(1682,293) state=exploring leader=None trust=1.00 susp=0.00 cov=33.3%/100.0%
[R5] pos=(1682,293) state=exploring leader=None trust=1.00 susp=0.00 cov=33.3%/100.0%
[R5] pos=(1682,293) state=exploring leader=None trust=1.00 susp=0.00 cov=33.3%/100.0%
[R5] pos=(1682,293) state=exploring leader=None trust=1.00 susp=0.00 cov=33.3%/100.0%
[R5] pos=(1682,293) state=exploring leader=None trust=1.00 susp=0.00 cov=33.3%/100.0%
[R5] pos=(1682,293) state=exploring leader=None trust=1.00 susp=0.00 cov=33.3%/100.0%
[R5] pos=(1682,293) state=exploring leader=None trust=1.00 susp=0.00 cov=33.3%/100.0%
[R5] pos=(1682,293) state=exploring leader=None trust=1.00 susp=0.00 cov=33.3%/100.0%
[R5] pos=(1682,293) state=exploring leader=None trust=1.00 susp=0.00 cov=33.3%/100.0%
[R5] pos=(1682,293) state=exploring leader=None trust=1.00 susp=0.00 cov=33.3%/100.0%
[R5] pos=(1682,293) state=exploring leader=None trust=1.00 susp=0.00 cov=33.3%/100.0%
[R5] pos=(1682,293) state=exploring leader=None trust=1.00 susp=0.00 cov=33.3%/100.0%
[R5] pos=(1682,293) state=exploring leader=None trust=1.00 susp=0.00 cov=33.3%/100.0%
[R5] pos=(1682,293) state=exploring leader=None trust=1.00 susp=0.00 cov=33.3%/100.0%
[R5] pos=(1682,293) state=exploring leader=None trust=1.00 susp=0.00 cov=33.3%/100.0%
[R5] pos=(1682,293) state=exploring leader=None trust=1.00 susp=0.00 cov=33.3%/100.0%
[R5] pos=(1682,293) state=exploring leader=None trust=1.00 susp=0.00 cov=33.3%/100.0%
[R5] pos=(1682,293) state=exploring leader=None trust=1.00 susp=0.00 cov=33.3%/100.0%
[R5] pos=(1682,293) state=exploring leader=None trust=1.00 susp=0.00 cov=33.3%/100.0%
[R5] pos=(1682,293) state=exploring leader=None trust=1.00 susp=0.00 cov=33.3%/100.0%
[R5] pos=(1682,293) state=exploring leader=None trust=1.00 susp=0.00 cov=33.3%/100.0%
[R5] pos=(1682,293) state=exploring leader=None trust=1.00 susp=0.00 cov=33.3%/100.0%
[R5] pos=(1682,293) state=exploring leader=None trust=1.00 susp=0.00 cov=33.3%/100.0%
[R5] pos=(1682,293) state=exploring leader=None trust=1.00 susp=0.00 cov=33.3%/100.0%
[R5] pos=(1682,293) state=exploring leader=None trust=1.00 susp=0.00 cov=33.3%/100.0%
[R5] pos=(1682,293) state=exploring leader=None trust=1.00 susp=0.00 cov=33.3%/100.0%
[R5] pos=(1682,293) state=exploring leader=None trust=1.00 susp=0.00 cov=33.3%/100.0%
[R5] pos=(1682,293) state=exploring leader=None trust=1.00 susp=0.00 cov=33.3%/100.0%
[R5] pos=(1682,293) state=exploring leader=None trust=1.00 susp=0.00 cov=33.3%/100.0%
[R5] pos=(1682,293) state=exploring leader=None trust=1.00 susp=0.00 cov=33.3%/100.0%
[R5] pos=(1682,293) state=exploring leader=None trust=1.00 susp=0.00 cov=33.3%/100.0%
[R5] pos=(1682,293) state=exploring leader=None trust=1.00 susp=0.00 cov=33.3%/100.0%
