[WARN] Hardware modules not available - running in simulation mode
=== REIP Node - Robot 1 [SIM (unique ports)] ===
Trust Model: Three-tier confidence-weighted
  Personal: 1.0, ToF: 1.0, Peer: 0.3
  Suspicion threshold: 1.5, Recovery: 0.1

  Logging to: logs/robot_1_20260226_001058.jsonl
Initializing hardware...
  Hardware: SIMULATED
[INFO] Position socket listening on port 17101
[INFO] Peer socket listening on port 17201
[INFO] Fault socket listening on port 17301
Ready!

=== Detection Bounds: T1=2 cmds, T3=8 cmds | Impeachment: T1=8 cmds, T3=32 cmds ===
Running... Press Ctrl+C to stop

[ELECTION] New leader: 1
[R1] pos=(0,0) state=leader leader=1 trust=1.00 susp=0.00 cov=0.0%/0.0%
[R1] pos=(573,1061) state=leader leader=1 trust=1.00 susp=0.00 cov=0.5%/0.5%
[R1] pos=(664,940) state=leader leader=1 trust=1.00 susp=0.00 cov=1.6%/7.8%
[R1] pos=(741,1055) state=leader leader=1 trust=1.00 susp=0.00 cov=2.1%/12.5%
[R1] pos=(813,988) state=leader leader=1 trust=1.00 susp=0.00 cov=3.1%/17.7%
[R1] pos=(739,1177) state=leader leader=1 trust=1.00 susp=0.00 cov=4.2%/22.4%
[R1] pos=(791,1307) state=leader leader=1 trust=1.00 susp=0.00 cov=5.2%/28.1%
[R1] pos=(661,1425) state=leader leader=1 trust=1.00 susp=0.00 cov=6.2%/33.9%
[R1] pos=(516,1322) state=leader leader=1 trust=1.00 susp=0.00 cov=7.3%/40.1%
[R1] pos=(441,1313) state=leader leader=1 trust=1.00 susp=0.00 cov=8.3%/45.3%
[R1] pos=(506,1153) state=leader leader=1 trust=1.00 susp=0.00 cov=9.4%/50.0%
[R1] pos=(442,945) state=leader leader=1 trust=1.00 susp=0.00 cov=10.4%/54.2%
[R1] pos=(545,771) state=leader leader=1 trust=1.00 susp=0.00 cov=11.5%/60.4%
[R1] pos=(447,616) state=leader leader=1 trust=1.00 susp=0.00 cov=13.0%/66.1%
[R1] pos=(557,469) state=leader leader=1 trust=1.00 susp=0.00 cov=14.1%/70.8%
[R1] pos=(491,332) state=leader leader=1 trust=1.00 susp=0.00 cov=15.1%/76.0%
[R1] pos=(548,269) state=leader leader=1 trust=1.00 susp=0.00 cov=15.6%/78.1%
[FAULT] Motor fault injected: spin
[R1] pos=(553,245) state=leader leader=1 trust=1.00 susp=0.00 cov=16.1%/79.7%
[R1] pos=(561,196) state=leader leader=1 trust=1.00 susp=0.00 cov=16.1%/80.2%
[R1] pos=(561,196) state=leader leader=1 trust=1.00 susp=0.00 cov=16.1%/83.3%
[R1] pos=(561,196) state=leader leader=1 trust=1.00 susp=0.00 cov=16.1%/86.5%
[R1] pos=(561,196) state=leader leader=1 trust=1.00 susp=0.00 cov=16.1%/90.1%
[R1] pos=(561,196) state=leader leader=1 trust=1.00 susp=0.00 cov=16.1%/92.7%
[R1] pos=(565,192) state=leader leader=1 trust=1.00 susp=0.00 cov=16.1%/94.3%
[R1] pos=(565,192) state=leader leader=1 trust=1.00 susp=0.00 cov=16.1%/97.4%
[R1] pos=(565,192) state=leader leader=1 trust=1.00 susp=0.00 cov=16.1%/97.4%
[R1] pos=(565,192) state=leader leader=1 trust=1.00 susp=0.00 cov=16.1%/98.4%
[R1] pos=(565,192) state=leader leader=1 trust=1.00 susp=0.00 cov=16.1%/99.0%
[R1] pos=(564,187) state=leader leader=1 trust=1.00 susp=0.00 cov=16.1%/99.0%
[R1] pos=(564,187) state=leader leader=1 trust=1.00 susp=0.00 cov=16.1%/99.0%
[R1] pos=(564,187) state=leader leader=1 trust=1.00 susp=0.00 cov=16.1%/100.0%
[R1] pos=(564,187) state=leader leader=1 trust=1.00 susp=0.00 cov=16.1%/100.0%
