[WARN] Hardware modules not available - simulation mode
=== RAFT Baseline - Robot 2 [SIM] ===
NO TRUST. Heartbeat timeout only.

  Logging to: logs/raft_2_20260226_081010.jsonl
Initializing hardware...
  Hardware: SIMULATED
[INFO] Position socket listening on port 6102
[INFO] Peer socket listening on port 6202
[INFO] Fault socket listening on port 6302
Ready!

Running RAFT baseline... Press Ctrl+C to stop

[R2] state=follower leader=None term=0 cov=0.0%/0.0%
[R2] state=follower leader=1 term=1 cov=0.5%/0.5%
[R2] state=follower leader=1 term=1 cov=2.6%/12.5%
[R2] state=follower leader=1 term=1 cov=4.2%/22.9%
[R2] state=follower leader=1 term=1 cov=6.8%/33.9%
[R2] state=follower leader=1 term=1 cov=9.9%/46.9%
[R2] state=follower leader=1 term=1 cov=11.5%/55.7%
[R2] state=follower leader=1 term=1 cov=13.5%/67.7%
[R2] state=follower leader=1 term=1 cov=16.7%/77.6%
[R2] state=follower leader=1 term=1 cov=18.8%/85.9%
[R2] state=follower leader=1 term=1 cov=19.8%/91.7%
[R2] state=follower leader=1 term=1 cov=24.0%/100.0%
[R2] state=follower leader=1 term=1 cov=25.5%/100.0%
[R2] state=follower leader=1 term=1 cov=25.5%/100.0%
[R2] state=follower leader=1 term=1 cov=25.5%/100.0%
[R2] state=follower leader=1 term=1 cov=25.5%/100.0%
[R2] state=follower leader=1 term=1 cov=25.5%/100.0%
[R2] state=follower leader=1 term=1 cov=25.5%/100.0%
[R2] state=follower leader=1 term=1 cov=25.5%/100.0%
[R2] state=follower leader=1 term=1 cov=25.5%/100.0%
[R2] state=follower leader=1 term=1 cov=25.5%/100.0%
[R2] state=follower leader=1 term=1 cov=25.5%/100.0%
[R2] state=follower leader=1 term=1 cov=25.5%/100.0%
[R2] state=follower leader=1 term=1 cov=25.5%/100.0%
[R2] state=follower leader=1 term=1 cov=25.5%/100.0%
[R2] state=follower leader=1 term=1 cov=25.5%/100.0%
[R2] state=follower leader=1 term=1 cov=25.5%/100.0%
[R2] state=follower leader=1 term=1 cov=25.5%/100.0%
[R2] state=follower leader=1 term=1 cov=25.5%/100.0%
[R2] state=follower leader=1 term=1 cov=25.5%/100.0%
[R2] state=follower leader=1 term=1 cov=25.5%/100.0%
[R2] state=follower leader=1 term=1 cov=25.5%/100.0%
[R2] state=follower leader=1 term=1 cov=25.5%/100.0%
[R2] state=follower leader=1 term=1 cov=25.5%/100.0%
[R2] state=follower leader=1 term=1 cov=25.5%/100.0%
[R2] state=follower leader=1 term=1 cov=25.5%/100.0%
[R2] state=follower leader=1 term=1 cov=25.5%/100.0%
[R2] state=follower leader=1 term=1 cov=25.5%/100.0%
[R2] state=follower leader=1 term=1 cov=25.5%/100.0%
[R2] state=follower leader=1 term=1 cov=25.5%/100.0%
[R2] state=follower leader=1 term=1 cov=25.5%/100.0%
[R2] state=follower leader=1 term=1 cov=25.5%/100.0%
[R2] state=follower leader=1 term=1 cov=25.5%/100.0%
[R2] state=follower leader=1 term=1 cov=25.5%/100.0%
[R2] state=follower leader=1 term=1 cov=25.5%/100.0%
[R2] state=follower leader=1 term=1 cov=25.5%/100.0%
[R2] state=follower leader=1 term=1 cov=25.5%/100.0%
[R2] state=follower leader=1 term=1 cov=25.5%/100.0%
[R2] state=follower leader=1 term=1 cov=25.5%/100.0%
[R2] state=follower leader=1 term=1 cov=25.5%/100.0%
[R2] state=follower leader=1 term=1 cov=25.5%/100.0%
[R2] state=follower leader=1 term=1 cov=25.5%/100.0%
[R2] state=follower leader=1 term=1 cov=25.5%/100.0%
[R2] state=follower leader=1 term=1 cov=25.5%/100.0%
[R2] state=follower leader=1 term=1 cov=25.5%/100.0%
[R2] state=follower leader=1 term=1 cov=25.5%/100.0%
[R2] state=follower leader=1 term=1 cov=25.5%/100.0%
[R2] state=follower leader=1 term=1 cov=25.5%/100.0%
[R2] state=follower leader=1 term=1 cov=25.5%/100.0%
[R2] state=follower leader=1 term=1 cov=25.5%/100.0%
[R2] state=follower leader=1 term=1 cov=25.5%/100.0%
[R2] state=follower leader=1 term=1 cov=25.5%/100.0%
[R2] state=follower leader=1 term=1 cov=25.5%/100.0%
[R2] state=follower leader=1 term=1 cov=25.5%/100.0%
[R2] state=follower leader=1 term=1 cov=25.5%/100.0%
[R2] state=follower leader=1 term=1 cov=25.5%/100.0%
