[WARN] Hardware modules not available - simulation mode
=== RAFT Baseline - Robot 4 [SIM] ===
NO TRUST. Heartbeat timeout only.

  Logging to: logs/raft_4_20260226_175458.jsonl
Initializing hardware...
  Hardware: SIMULATED
[INFO] Position socket listening on port 5104
[INFO] Peer socket listening on port 5204
[INFO] Fault socket listening on port 5304
Ready!

Running RAFT baseline... Press Ctrl+C to stop

[R4] state=follower leader=None term=0 cov=0.0%/0.0%
[R4] state=follower leader=1 term=1 cov=0.5%/0.5%
[R4] state=follower leader=1 term=1 cov=3.1%/14.1%
[R4] state=follower leader=1 term=1 cov=4.7%/24.0%
[R4] state=follower leader=1 term=1 cov=6.2%/35.4%
[R4] state=follower leader=1 term=1 cov=8.9%/47.9%
[R4] state=follower leader=1 term=1 cov=11.5%/54.7%
[R4] state=follower leader=1 term=1 cov=14.1%/62.5%
[R4] state=follower leader=1 term=1 cov=16.7%/73.4%
[R4] state=follower leader=1 term=1 cov=19.3%/80.2%
[R4] state=follower leader=1 term=1 cov=21.9%/91.1%
[R4] state=follower leader=1 term=1 cov=25.5%/98.4%
[R4] state=follower leader=1 term=1 cov=26.0%/100.0%
[R4] state=follower leader=1 term=1 cov=26.6%/100.0%
[R4] state=follower leader=1 term=1 cov=26.6%/100.0%
[R4] state=follower leader=1 term=1 cov=26.6%/100.0%
[R4] state=follower leader=1 term=1 cov=26.6%/100.0%
[R4] state=follower leader=1 term=1 cov=26.6%/100.0%
[R4] state=follower leader=1 term=1 cov=26.6%/100.0%
[R4] state=follower leader=1 term=1 cov=26.6%/100.0%
[R4] state=follower leader=1 term=1 cov=26.6%/100.0%
[R4] state=follower leader=1 term=1 cov=26.6%/100.0%
[R4] state=follower leader=1 term=1 cov=26.6%/100.0%
[R4] state=follower leader=1 term=1 cov=26.6%/100.0%
[R4] state=follower leader=1 term=1 cov=26.6%/100.0%
[R4] state=follower leader=1 term=1 cov=26.6%/100.0%
[R4] state=follower leader=1 term=1 cov=26.6%/100.0%
[R4] state=follower leader=1 term=1 cov=26.6%/100.0%
[R4] state=follower leader=1 term=1 cov=26.6%/100.0%
[R4] state=follower leader=1 term=1 cov=26.6%/100.0%
[R4] state=follower leader=1 term=1 cov=26.6%/100.0%
[R4] state=follower leader=1 term=1 cov=26.6%/100.0%
[R4] state=follower leader=1 term=1 cov=26.6%/100.0%
[R4] state=follower leader=1 term=1 cov=26.6%/100.0%
[R4] state=follower leader=1 term=1 cov=26.6%/100.0%
[R4] state=follower leader=1 term=1 cov=26.6%/100.0%
[R4] state=follower leader=1 term=1 cov=26.6%/100.0%
[R4] state=follower leader=1 term=1 cov=26.6%/100.0%
[R4] state=follower leader=1 term=1 cov=26.6%/100.0%
[R4] state=follower leader=1 term=1 cov=26.6%/100.0%
[R4] state=follower leader=1 term=1 cov=26.6%/100.0%
[R4] state=follower leader=1 term=1 cov=26.6%/100.0%
[R4] state=follower leader=1 term=1 cov=26.6%/100.0%
[R4] state=follower leader=1 term=1 cov=26.6%/100.0%
[R4] state=follower leader=1 term=1 cov=26.6%/100.0%
[R4] state=follower leader=1 term=1 cov=26.6%/100.0%
[R4] state=follower leader=1 term=1 cov=26.6%/100.0%
[R4] state=follower leader=1 term=1 cov=26.6%/100.0%
[R4] state=follower leader=1 term=1 cov=26.6%/100.0%
[R4] state=follower leader=1 term=1 cov=26.6%/100.0%
[R4] state=follower leader=1 term=1 cov=26.6%/100.0%
[R4] state=follower leader=1 term=1 cov=26.6%/100.0%
[R4] state=follower leader=1 term=1 cov=26.6%/100.0%
[R4] state=follower leader=1 term=1 cov=26.6%/100.0%
[R4] state=follower leader=1 term=1 cov=26.6%/100.0%
[R4] state=follower leader=1 term=1 cov=26.6%/100.0%
[R4] state=follower leader=1 term=1 cov=26.6%/100.0%
[R4] state=follower leader=1 term=1 cov=26.6%/100.0%
[R4] state=follower leader=1 term=1 cov=26.6%/100.0%
[R4] state=follower leader=1 term=1 cov=26.6%/100.0%
[R4] state=follower leader=1 term=1 cov=26.6%/100.0%
