[WARN] Hardware modules not available - running in simulation mode
=== REIP Node - Robot 5 [SIM (unique ports)] ===
Trust Model: Three-tier confidence-weighted
  Personal: 1.0, ToF: 1.0, Peer: 0.3
  Suspicion threshold: 1.5, Recovery: 0.1

  Logging to: logs/robot_5_20260226_000652.jsonl
Initializing hardware...
  Hardware: SIMULATED
[INFO] Position socket listening on port 19105
[INFO] Peer socket listening on port 19205
[INFO] Fault socket listening on port 19305
Ready!

=== DECENTRALIZED MODE - No leader coordination ===
=== Detection Bounds: T1=2 cmds, T3=8 cmds | Impeachment: T1=8 cmds, T3=32 cmds ===
Running... Press Ctrl+C to stop

[R5] pos=(0,0) state=exploring leader=None trust=1.00 susp=0.00 cov=0.0%/0.0%
[R5] pos=(1512,361) state=exploring leader=None trust=1.00 susp=0.00 cov=0.5%/2.1%
[R5] pos=(1296,317) state=exploring leader=None trust=1.00 susp=0.00 cov=1.6%/7.8%
[R5] pos=(1046,313) state=exploring leader=None trust=1.00 susp=0.00 cov=2.6%/13.0%
[R5] pos=(821,313) state=exploring leader=None trust=1.00 susp=0.00 cov=3.6%/18.2%
[R5] pos=(571,313) state=exploring leader=None trust=1.00 susp=0.00 cov=4.7%/23.4%
[R5] pos=(339,288) state=exploring leader=None trust=1.00 susp=0.00 cov=5.7%/28.1%
[R5] pos=(339,85) state=exploring leader=None trust=1.00 susp=0.00 cov=6.8%/32.8%
[R5] pos=(525,176) state=exploring leader=None trust=1.00 susp=0.00 cov=8.3%/37.0%
[R5] pos=(669,123) state=exploring leader=None trust=1.00 susp=0.00 cov=9.4%/40.6%
[R5] pos=(806,108) state=exploring leader=None trust=1.00 susp=0.00 cov=10.9%/44.3%
[R5] pos=(975,162) state=exploring leader=None trust=1.00 susp=0.00 cov=12.0%/48.4%
[R5] pos=(1148,108) state=exploring leader=None trust=1.00 susp=0.00 cov=13.5%/52.6%
[R5] pos=(1309,139) state=exploring leader=None trust=1.00 susp=0.00 cov=14.6%/56.2%
[R5] pos=(1538,164) state=exploring leader=None trust=1.00 susp=0.00 cov=15.6%/60.4%
[R5] pos=(1682,307) state=exploring leader=None trust=1.00 susp=0.00 cov=16.7%/64.6%
[R5] pos=(1545,428) state=exploring leader=None trust=1.00 susp=0.00 cov=17.7%/68.8%
[R5] pos=(1295,437) state=exploring leader=None trust=1.00 susp=0.00 cov=18.8%/74.5%
[R5] pos=(1082,486) state=exploring leader=None trust=1.00 susp=0.00 cov=19.8%/79.7%
[R5] pos=(1224,643) state=exploring leader=None trust=1.00 susp=0.00 cov=21.4%/82.8%
[R5] pos=(1354,810) state=exploring leader=None trust=1.00 susp=0.00 cov=22.4%/85.9%
[R5] pos=(1579,812) state=exploring leader=None trust=1.00 susp=0.00 cov=23.4%/87.0%
[R5] pos=(1684,984) state=exploring leader=None trust=1.00 susp=0.00 cov=24.5%/88.0%
[R5] pos=(1687,1234) state=exploring leader=None trust=1.00 susp=0.00 cov=25.5%/89.6%
[R5] pos=(1736,1420) state=exploring leader=None trust=1.00 susp=0.00 cov=26.6%/91.7%
[R5] pos=(1811,1228) state=exploring leader=None trust=1.00 susp=0.00 cov=28.1%/94.3%
[R5] pos=(1925,1068) state=exploring leader=None trust=1.00 susp=0.00 cov=29.2%/96.4%
[R5] pos=(1925,845) state=exploring leader=None trust=1.00 susp=0.00 cov=30.2%/98.4%
[R5] pos=(1925,1095) state=exploring leader=None trust=1.00 susp=0.00 cov=30.2%/99.0%
[R5] pos=(1925,1343) state=exploring leader=None trust=1.00 susp=0.00 cov=30.7%/99.5%
[R5] pos=(1925,1425) state=exploring leader=None trust=1.00 susp=0.00 cov=31.2%/100.0%
[R5] pos=(1925,1425) state=exploring leader=None trust=1.00 susp=0.00 cov=31.2%/100.0%
[R5] pos=(1925,1425) state=exploring leader=None trust=1.00 susp=0.00 cov=31.2%/100.0%
[R5] pos=(1925,1425) state=exploring leader=None trust=1.00 susp=0.00 cov=31.2%/100.0%
[R5] pos=(1925,1425) state=exploring leader=None trust=1.00 susp=0.00 cov=31.2%/100.0%
[R5] pos=(1925,1425) state=exploring leader=None trust=1.00 susp=0.00 cov=31.2%/100.0%
[R5] pos=(1925,1425) state=exploring leader=None trust=1.00 susp=0.00 cov=31.2%/100.0%
[R5] pos=(1925,1425) state=exploring leader=None trust=1.00 susp=0.00 cov=31.2%/100.0%
[R5] pos=(1925,1425) state=exploring leader=None trust=1.00 susp=0.00 cov=31.2%/100.0%
[R5] pos=(1925,1425) state=exploring leader=None trust=1.00 susp=0.00 cov=31.2%/100.0%
[R5] pos=(1925,1425) state=exploring leader=None trust=1.00 susp=0.00 cov=31.2%/100.0%
[R5] pos=(1925,1425) state=exploring leader=None trust=1.00 susp=0.00 cov=31.2%/100.0%
[R5] pos=(1925,1425) state=exploring leader=None trust=1.00 susp=0.00 cov=31.2%/100.0%
[R5] pos=(1925,1425) state=exploring leader=None trust=1.00 susp=0.00 cov=31.2%/100.0%
[R5] pos=(1925,1425) state=exploring leader=None trust=1.00 susp=0.00 cov=31.2%/100.0%
[R5] pos=(1925,1425) state=exploring leader=None trust=1.00 susp=0.00 cov=31.2%/100.0%
[R5] pos=(1925,1425) state=exploring leader=None trust=1.00 susp=0.00 cov=31.2%/100.0%
[R5] pos=(1925,1425) state=exploring leader=None trust=1.00 susp=0.00 cov=31.2%/100.0%
[R5] pos=(1925,1425) state=exploring leader=None trust=1.00 susp=0.00 cov=31.2%/100.0%
[R5] pos=(1925,1425) state=exploring leader=None trust=1.00 susp=0.00 cov=31.2%/100.0%
[R5] pos=(1925,1425) state=exploring leader=None trust=1.00 susp=0.00 cov=31.2%/100.0%
[R5] pos=(1925,1425) state=exploring leader=None trust=1.00 susp=0.00 cov=31.2%/100.0%
[R5] pos=(1925,1425) state=exploring leader=None trust=1.00 susp=0.00 cov=31.2%/100.0%
[R5] pos=(1925,1425) state=exploring leader=None trust=1.00 susp=0.00 cov=31.2%/100.0%
[R5] pos=(1925,1425) state=exploring leader=None trust=1.00 susp=0.00 cov=31.2%/100.0%
[R5] pos=(1925,1425) state=exploring leader=None trust=1.00 susp=0.00 cov=31.2%/100.0%
[R5] pos=(1925,1425) state=exploring leader=None trust=1.00 susp=0.00 cov=31.2%/100.0%
[R5] pos=(1925,1425) state=exploring leader=None trust=1.00 susp=0.00 cov=31.2%/100.0%
[R5] pos=(1925,1425) state=exploring leader=None trust=1.00 susp=0.00 cov=31.2%/100.0%
[R5] pos=(1925,1425) state=exploring leader=None trust=1.00 susp=0.00 cov=31.2%/100.0%
[R5] pos=(1925,1425) state=exploring leader=None trust=1.00 susp=0.00 cov=31.2%/100.0%
