[WARN] Hardware modules not available - simulation mode
=== RAFT Baseline - Robot 3 [SIM] ===
NO TRUST. Heartbeat timeout only.

  Logging to: logs/raft_3_20260226_001139.jsonl
Initializing hardware...
  Hardware: SIMULATED
[INFO] Position socket listening on port 15103
[INFO] Peer socket listening on port 15203
[INFO] Fault socket listening on port 15303
Ready!

Running RAFT baseline... Press Ctrl+C to stop

[R3] state=follower leader=None term=0 cov=0.0%/0.0%
[R3] state=follower leader=2 term=1 cov=0.5%/0.5%
[R3] state=follower leader=2 term=1 cov=1.6%/7.8%
[R3] state=follower leader=2 term=1 cov=2.6%/13.0%
[R3] state=follower leader=2 term=1 cov=3.1%/16.1%
[R3] state=follower leader=2 term=1 cov=4.2%/21.9%
[R3] state=follower leader=2 term=1 cov=5.2%/27.1%
[R3] state=follower leader=2 term=1 cov=5.7%/30.7%
[R3] state=follower leader=2 term=1 cov=6.8%/35.9%
[R3] state=follower leader=2 term=1 cov=7.8%/39.6%
[R3] state=follower leader=2 term=1 cov=8.3%/43.2%
[R3] state=follower leader=2 term=1 cov=9.4%/46.9%
