[WARN] Hardware modules not available - simulation mode
=== RAFT Baseline - Robot 4 [SIM] ===
NO TRUST. Heartbeat timeout only.

  Logging to: logs/raft_4_20260226_170839.jsonl
Initializing hardware...
  Hardware: SIMULATED
[INFO] Position socket listening on port 9104
[INFO] Peer socket listening on port 9204
[INFO] Fault socket listening on port 9304
Ready!

Running RAFT baseline... Press Ctrl+C to stop

[R4] state=follower leader=None term=0 cov=0.0%/0.0%
[R4] state=follower leader=3 term=1 cov=0.5%/2.1%
[R4] state=follower leader=3 term=1 cov=0.5%/2.1%
[R4] state=follower leader=3 term=1 cov=0.5%/2.1%
[R4] state=follower leader=3 term=1 cov=0.5%/2.1%
[R4] state=follower leader=3 term=1 cov=0.5%/2.1%
[R4] state=follower leader=3 term=1 cov=0.5%/2.1%
[R4] state=follower leader=3 term=1 cov=0.5%/2.1%
[R4] state=follower leader=3 term=1 cov=0.5%/2.1%
[R4] state=follower leader=3 term=1 cov=0.5%/2.1%
[R4] state=follower leader=3 term=1 cov=0.5%/2.1%
[R4] state=follower leader=3 term=1 cov=0.5%/2.1%
[R4] state=follower leader=3 term=1 cov=0.5%/2.1%
[R4] state=follower leader=3 term=1 cov=0.5%/2.1%
[R4] state=follower leader=3 term=1 cov=0.5%/2.1%
[R4] state=follower leader=3 term=1 cov=0.5%/2.1%
[R4] state=follower leader=3 term=1 cov=0.5%/2.1%
[R4] state=follower leader=3 term=1 cov=0.5%/2.1%
[R4] state=follower leader=3 term=1 cov=0.5%/2.1%
[R4] state=follower leader=3 term=1 cov=1.0%/4.7%
[R4] state=follower leader=3 term=1 cov=1.0%/4.7%
[R4] state=follower leader=3 term=1 cov=1.0%/4.7%
[R4] state=follower leader=3 term=1 cov=1.0%/4.7%
[R4] state=follower leader=3 term=1 cov=1.0%/4.7%
[R4] state=follower leader=3 term=1 cov=1.0%/4.7%
[R4] state=follower leader=3 term=1 cov=1.0%/4.7%
[R4] state=follower leader=3 term=1 cov=1.0%/4.7%
[R4] state=follower leader=3 term=1 cov=1.0%/4.7%
[R4] state=follower leader=3 term=1 cov=1.0%/4.7%
[R4] state=follower leader=3 term=1 cov=1.0%/4.7%
[R4] state=follower leader=3 term=1 cov=1.0%/4.7%
[R4] state=follower leader=3 term=1 cov=1.6%/7.8%
[R4] state=follower leader=3 term=1 cov=1.6%/7.8%
[R4] state=follower leader=3 term=1 cov=1.6%/7.8%
[R4] state=follower leader=3 term=1 cov=1.6%/7.8%
[R4] state=follower leader=3 term=1 cov=1.6%/7.8%
[R4] state=follower leader=3 term=1 cov=1.6%/7.8%
[R4] state=follower leader=3 term=1 cov=1.6%/7.8%
[R4] state=follower leader=3 term=1 cov=1.6%/7.8%
[R4] state=follower leader=3 term=1 cov=1.6%/7.8%
[R4] state=follower leader=3 term=1 cov=1.6%/7.8%
[R4] state=follower leader=3 term=1 cov=1.6%/7.8%
[R4] state=follower leader=3 term=1 cov=1.6%/7.8%
[R4] state=follower leader=3 term=1 cov=1.6%/7.8%
[R4] state=follower leader=3 term=1 cov=1.6%/7.8%
[R4] state=follower leader=3 term=1 cov=2.1%/11.5%
[R4] state=follower leader=3 term=1 cov=4.7%/22.9%
[R4] state=follower leader=3 term=1 cov=7.8%/33.9%
[R4] state=follower leader=3 term=1 cov=9.9%/41.1%
[R4] state=follower leader=3 term=1 cov=12.0%/50.5%
[R4] state=follower leader=3 term=1 cov=13.5%/58.3%
[R4] state=follower leader=3 term=1 cov=14.6%/66.7%
[R4] state=follower leader=3 term=1 cov=16.7%/76.0%
[R4] state=follower leader=3 term=1 cov=19.8%/87.5%
[R4] state=follower leader=3 term=1 cov=20.3%/90.1%
[R4] state=follower leader=3 term=1 cov=22.9%/91.7%
[R4] state=follower leader=3 term=1 cov=25.5%/96.9%
[R4] state=follower leader=3 term=1 cov=27.1%/100.0%
[R4] state=follower leader=3 term=1 cov=27.1%/100.0%
[R4] state=follower leader=3 term=1 cov=27.1%/100.0%
[R4] state=follower leader=3 term=1 cov=27.1%/100.0%
