[WARN] Hardware modules not available - simulation mode
=== RAFT Baseline - Robot 5 [SIM] ===
NO TRUST. Heartbeat timeout only.

  Logging to: logs/raft_5_20260226_170839.jsonl
Initializing hardware...
  Hardware: SIMULATED
[INFO] Position socket listening on port 9105
[INFO] Peer socket listening on port 9205
[INFO] Fault socket listening on port 9305
Ready!

Running RAFT baseline... Press Ctrl+C to stop

[R5] state=follower leader=None term=0 cov=0.0%/0.0%
[R5] state=follower leader=3 term=1 cov=0.5%/2.1%
[R5] state=follower leader=3 term=1 cov=0.5%/2.1%
[R5] state=follower leader=3 term=1 cov=0.5%/2.1%
[R5] state=follower leader=3 term=1 cov=0.5%/2.1%
[R5] state=follower leader=3 term=1 cov=0.5%/2.1%
[R5] state=follower leader=3 term=1 cov=0.5%/2.1%
[R5] state=follower leader=3 term=1 cov=0.5%/2.1%
[R5] state=follower leader=3 term=1 cov=0.5%/2.1%
[R5] state=follower leader=3 term=1 cov=0.5%/2.1%
[R5] state=follower leader=3 term=1 cov=0.5%/2.1%
[R5] state=follower leader=3 term=1 cov=0.5%/2.1%
[R5] state=follower leader=3 term=1 cov=0.5%/2.1%
[R5] state=follower leader=3 term=1 cov=0.5%/2.1%
[R5] state=follower leader=3 term=1 cov=0.5%/2.1%
[R5] state=follower leader=3 term=1 cov=0.5%/2.1%
[R5] state=follower leader=3 term=1 cov=0.5%/2.1%
[R5] state=follower leader=3 term=1 cov=0.5%/2.1%
[R5] state=follower leader=3 term=1 cov=0.5%/2.1%
[R5] state=follower leader=3 term=1 cov=1.0%/4.7%
[R5] state=follower leader=3 term=1 cov=1.0%/4.7%
[R5] state=follower leader=3 term=1 cov=1.0%/4.7%
[R5] state=follower leader=3 term=1 cov=1.0%/4.7%
[R5] state=follower leader=3 term=1 cov=1.0%/4.7%
[R5] state=follower leader=3 term=1 cov=1.0%/4.7%
[R5] state=follower leader=3 term=1 cov=1.0%/4.7%
[R5] state=follower leader=3 term=1 cov=1.0%/4.7%
[R5] state=follower leader=3 term=1 cov=1.0%/4.7%
[R5] state=follower leader=3 term=1 cov=1.0%/4.7%
[R5] state=follower leader=3 term=1 cov=1.0%/4.7%
[R5] state=follower leader=3 term=1 cov=1.0%/4.7%
[R5] state=follower leader=3 term=1 cov=1.6%/7.8%
[R5] state=follower leader=3 term=1 cov=1.6%/7.8%
[R5] state=follower leader=3 term=1 cov=1.6%/7.8%
[R5] state=follower leader=3 term=1 cov=1.6%/7.8%
[R5] state=follower leader=3 term=1 cov=1.6%/7.8%
[R5] state=follower leader=3 term=1 cov=1.6%/7.8%
[R5] state=follower leader=3 term=1 cov=1.6%/7.8%
[R5] state=follower leader=3 term=1 cov=1.6%/7.8%
[R5] state=follower leader=3 term=1 cov=1.6%/7.8%
[R5] state=follower leader=3 term=1 cov=1.6%/7.8%
[R5] state=follower leader=3 term=1 cov=1.6%/7.8%
[R5] state=follower leader=3 term=1 cov=1.6%/7.8%
[R5] state=follower leader=3 term=1 cov=1.6%/7.8%
[R5] state=follower leader=3 term=1 cov=1.6%/7.8%
[R5] state=follower leader=3 term=1 cov=2.6%/11.5%
[R5] state=follower leader=3 term=1 cov=5.2%/22.9%
[R5] state=follower leader=3 term=1 cov=7.3%/33.9%
[R5] state=follower leader=3 term=1 cov=8.9%/41.7%
[R5] state=follower leader=3 term=1 cov=10.9%/50.5%
[R5] state=follower leader=3 term=1 cov=13.0%/57.8%
[R5] state=follower leader=3 term=1 cov=14.6%/66.7%
[R5] state=follower leader=3 term=1 cov=16.1%/76.0%
[R5] state=follower leader=3 term=1 cov=18.2%/87.5%
[R5] state=follower leader=3 term=1 cov=21.4%/90.1%
[R5] state=follower leader=3 term=1 cov=22.9%/91.7%
[R5] state=follower leader=3 term=1 cov=25.0%/97.4%
[R5] state=follower leader=3 term=1 cov=25.5%/100.0%
[R5] state=follower leader=3 term=1 cov=25.5%/100.0%
[R5] state=follower leader=3 term=1 cov=25.5%/100.0%
[R5] state=follower leader=3 term=1 cov=25.5%/100.0%
