[WARN] Hardware modules not available - simulation mode
=== RAFT Baseline - Robot 2 [SIM] ===
NO TRUST. Heartbeat timeout only.

  Logging to: logs/raft_2_20260226_203432.jsonl
Initializing hardware...
  Hardware: SIMULATED
[INFO] Position socket listening on port 12102
[INFO] Peer socket listening on port 12202
[INFO] Fault socket listening on port 12302
Ready!

Running RAFT baseline... Press Ctrl+C to stop

[R2] state=follower leader=None term=0 cov=0.0%/0.0%
[RAFT] Starting election, term 1
[RAFT] Became leader, term 1
[R2] state=leader leader=2 term=1 cov=0.5%/2.1%
[R2] state=leader leader=2 term=1 cov=0.5%/2.1%
[R2] state=leader leader=2 term=1 cov=0.5%/2.1%
[R2] state=leader leader=2 term=1 cov=2.1%/6.8%
[R2] state=leader leader=2 term=1 cov=5.2%/16.1%
[R2] state=leader leader=2 term=1 cov=8.3%/26.6%
[R2] state=leader leader=2 term=1 cov=10.9%/32.8%
[R2] state=leader leader=2 term=1 cov=12.5%/35.9%
[R2] state=leader leader=2 term=1 cov=13.5%/38.5%
[R2] state=leader leader=2 term=1 cov=13.5%/41.1%
[R2] state=leader leader=2 term=1 cov=14.1%/43.8%
[R2] state=leader leader=2 term=1 cov=14.1%/45.8%
[R2] state=leader leader=2 term=1 cov=14.6%/49.0%
[R2] state=leader leader=2 term=1 cov=14.6%/49.5%
[R2] state=leader leader=2 term=1 cov=15.1%/50.5%
[R2] state=leader leader=2 term=1 cov=15.1%/52.1%
[R2] state=leader leader=2 term=1 cov=15.1%/54.2%
[R2] state=leader leader=2 term=1 cov=15.1%/56.8%
[R2] state=leader leader=2 term=1 cov=15.1%/59.4%
[R2] state=leader leader=2 term=1 cov=15.1%/60.4%
[R2] state=leader leader=2 term=1 cov=15.6%/62.5%
[R2] state=leader leader=2 term=1 cov=15.6%/65.1%
[R2] state=leader leader=2 term=1 cov=15.6%/67.7%
[R2] state=leader leader=2 term=1 cov=15.6%/69.8%
[R2] state=leader leader=2 term=1 cov=15.6%/72.4%
[R2] state=leader leader=2 term=1 cov=15.6%/74.5%
[R2] state=leader leader=2 term=1 cov=15.6%/76.6%
[R2] state=leader leader=2 term=1 cov=15.6%/78.6%
[R2] state=leader leader=2 term=1 cov=15.6%/80.7%
[R2] state=leader leader=2 term=1 cov=15.6%/82.3%
[R2] state=leader leader=2 term=1 cov=15.6%/82.3%
[R2] state=leader leader=2 term=1 cov=15.6%/82.3%
[R2] state=leader leader=2 term=1 cov=15.6%/82.3%
[R2] state=leader leader=2 term=1 cov=15.6%/82.8%
[R2] state=leader leader=2 term=1 cov=15.6%/83.9%
[R2] state=leader leader=2 term=1 cov=15.6%/83.9%
[R2] state=leader leader=2 term=1 cov=15.6%/83.9%
[R2] state=leader leader=2 term=1 cov=15.6%/83.9%
[R2] state=leader leader=2 term=1 cov=15.6%/83.9%
[R2] state=leader leader=2 term=1 cov=15.6%/83.9%
[R2] state=leader leader=2 term=1 cov=15.6%/83.9%
[R2] state=leader leader=2 term=1 cov=15.6%/84.9%
[R2] state=leader leader=2 term=1 cov=15.6%/86.5%
[R2] state=leader leader=2 term=1 cov=15.6%/86.5%
[R2] state=leader leader=2 term=1 cov=15.6%/86.5%
[R2] state=leader leader=2 term=1 cov=15.6%/86.5%
[R2] state=leader leader=2 term=1 cov=15.6%/86.5%
[R2] state=leader leader=2 term=1 cov=16.1%/86.5%
[R2] state=leader leader=2 term=1 cov=17.2%/89.1%
[R2] state=leader leader=2 term=1 cov=17.2%/90.1%
[R2] state=leader leader=2 term=1 cov=17.2%/90.1%
[R2] state=leader leader=2 term=1 cov=17.2%/90.1%
[R2] state=leader leader=2 term=1 cov=17.2%/90.1%
[R2] state=leader leader=2 term=1 cov=17.2%/90.1%
[R2] state=leader leader=2 term=1 cov=17.2%/90.1%
[R2] state=leader leader=2 term=1 cov=17.2%/90.1%
[R2] state=leader leader=2 term=1 cov=17.2%/90.1%
[R2] state=leader leader=2 term=1 cov=17.2%/90.1%
[R2] state=leader leader=2 term=1 cov=17.2%/90.1%
[R2] state=leader leader=2 term=1 cov=17.2%/90.1%
