[WARN] Hardware modules not available - running in simulation mode
=== REIP Node - Robot 5 [SIM (unique ports)] ===
Trust Model: Three-tier confidence-weighted
  Personal: 1.0, ToF: 1.0, Peer: 0.3
  Suspicion threshold: 1.5, Recovery: 0.1

  Logging to: logs/robot_5_20260226_191354.jsonl
Initializing hardware...
  Hardware: SIMULATED
[INFO] Position socket listening on port 10105
[INFO] Peer socket listening on port 10205
[INFO] Fault socket listening on port 10305
Ready!

=== Detection Bounds: T1=2 cmds, T3=8 cmds | Impeachment: T1=8 cmds, T3=32 cmds ===
Running... Press Ctrl+C to stop

[ELECTION] New leader: 5
[R5] pos=(0,0) state=leader leader=5 trust=1.00 susp=0.00 cov=0.0%/0.0%
[ELECTION] New leader: 1
[R5] pos=(1394,544) state=follower leader=1 trust=1.00 susp=0.00 cov=0.5%/0.5%
[R5] pos=(1298,438) state=follower leader=1 trust=1.00 susp=0.00 cov=3.1%/11.5%
[R5] pos=(1685,455) state=follower leader=1 trust=1.00 susp=0.00 cov=5.2%/22.4%
[R5] pos=(1918,561) state=follower leader=1 trust=1.00 susp=0.00 cov=7.3%/33.3%
[R5] pos=(1813,922) state=follower leader=1 trust=1.00 susp=0.00 cov=10.9%/47.9%
[R5] pos=(1925,1052) state=follower leader=1 trust=1.00 susp=0.00 cov=13.0%/60.9%
[R5] pos=(1815,1414) state=follower leader=1 trust=1.00 susp=0.00 cov=16.1%/77.1%
[R5] pos=(1824,1425) state=follower leader=1 trust=1.00 susp=0.00 cov=16.7%/86.5%
[R5] pos=(1925,1425) state=follower leader=1 trust=1.00 susp=0.00 cov=17.2%/92.2%
[R5] pos=(1869,527) state=follower leader=1 trust=1.00 susp=0.00 cov=17.2%/97.4%
[R5] pos=(1925,219) state=follower leader=1 trust=1.00 susp=0.00 cov=18.8%/100.0%
[R5] pos=(1925,119) state=follower leader=1 trust=1.00 susp=0.00 cov=18.8%/100.0%
[R5] pos=(1925,141) state=follower leader=1 trust=1.00 susp=0.00 cov=18.8%/100.0%
[R5] pos=(1925,233) state=follower leader=1 trust=1.00 susp=0.00 cov=18.8%/100.0%
[R5] pos=(1925,217) state=follower leader=1 trust=1.00 susp=0.00 cov=18.8%/100.0%
[R5] pos=(1925,204) state=follower leader=1 trust=1.00 susp=0.00 cov=18.8%/100.0%
[TRUST] Bad command #1 (peer_reported): suspicion +0.30 = 0.30
[TRUST] Bad command #2 (peer_reported): suspicion +0.30 = 0.60
[TRUST] Bad command #3 (peer_reported): suspicion +0.30 = 0.90
[TRUST] Bad command #4 (peer_reported): suspicion +0.30 = 1.20
[TRUST] Bad command #5 (peer_reported): suspicion +0.30 = 1.50
[DETECT] First trust decay after 5 bad commands (0.83s) [Theoretical bound: T1=2, T3=8]
[TRUST] Trust decayed: trust=0.80, remaining suspicion=0.00
[TRUST] Bad command #6 (peer_reported): suspicion +0.30 = 0.30
[TRUST] Bad command #7 (peer_reported): suspicion +0.30 = 0.60
[TRUST] Bad command #8 (peer_reported): suspicion +0.30 = 0.90
[TRUST] Bad command #9 (peer_reported): suspicion +0.30 = 1.20
[TRUST] Bad command #10 (peer_reported): suspicion +0.30 = 1.50
[TRUST] Trust decayed: trust=0.60, remaining suspicion=0.00
[R5] pos=(1628,575) state=follower leader=1 trust=0.60 susp=0.00 cov=19.3%/100.0%
[TRUST] Bad command #11 (peer_reported): suspicion +0.30 = 0.30
[TRUST] Bad command #12 (peer_reported): suspicion +0.30 = 0.60
[TRUST] Bad command #13 (peer_reported): suspicion +0.30 = 0.90
[TRUST] Bad command #14 (peer_reported): suspicion +0.30 = 1.20
[TRUST] Bad command #15 (peer_reported): suspicion +0.30 = 1.50
[TRUST] Trust decayed: trust=0.40, remaining suspicion=0.00
[TRUST] Bad command #16 (peer_reported): suspicion +0.30 = 0.30
[TRUST] Bad command #17 (peer_reported): suspicion +0.30 = 0.60
[TRUST] Bad command #18 (peer_reported): suspicion +0.30 = 0.90
[TRUST] Bad command #19 (peer_reported): suspicion +0.30 = 1.20
[TRUST] Bad command #20 (peer_reported): suspicion +0.30 = 1.50
[TRUST] Trust decayed: trust=0.20, remaining suspicion=0.00
[DETECT] IMPEACHMENT after 20 bad commands, 3.97s from first bad command [Bound: T1=8 cmds, T3=32 cmds]
[IMPEACH] Trust too low (0.20), excluding leader 1 from candidates
[ELECTION] Leader 1 impeached (failures=1)
[ELECTION] New leader: 2
[R5] pos=(1160,1160) state=follower leader=2 trust=1.00 susp=0.00 cov=21.9%/100.0%
[R5] pos=(1082,1257) state=follower leader=2 trust=1.00 susp=0.00 cov=22.4%/100.0%
[R5] pos=(1082,1257) state=follower leader=2 trust=1.00 susp=0.00 cov=22.4%/100.0%
[R5] pos=(1082,1257) state=follower leader=2 trust=1.00 susp=0.00 cov=22.4%/100.0%
[R5] pos=(1082,1257) state=follower leader=2 trust=1.00 susp=0.00 cov=22.4%/100.0%
[R5] pos=(1082,1257) state=follower leader=2 trust=1.00 susp=0.00 cov=22.4%/100.0%
[R5] pos=(1082,1257) state=follower leader=2 trust=1.00 susp=0.00 cov=22.4%/100.0%
[R5] pos=(1082,1257) state=follower leader=2 trust=1.00 susp=0.00 cov=22.4%/100.0%
[R5] pos=(926,1425) state=follower leader=2 trust=1.00 susp=0.00 cov=22.9%/100.0%
[R5] pos=(926,1425) state=follower leader=2 trust=1.00 susp=0.00 cov=22.9%/100.0%
[R5] pos=(926,1425) state=follower leader=2 trust=1.00 susp=0.00 cov=22.9%/100.0%
[R5] pos=(926,1425) state=follower leader=2 trust=1.00 susp=0.00 cov=22.9%/100.0%
[R5] pos=(926,1425) state=follower leader=2 trust=1.00 susp=0.00 cov=22.9%/100.0%
[R5] pos=(926,1425) state=follower leader=2 trust=1.00 susp=0.00 cov=22.9%/100.0%
[R5] pos=(926,1425) state=follower leader=2 trust=1.00 susp=0.00 cov=22.9%/100.0%
[R5] pos=(926,1425) state=follower leader=2 trust=1.00 susp=0.00 cov=22.9%/100.0%
[R5] pos=(926,1425) state=follower leader=2 trust=1.00 susp=0.00 cov=22.9%/100.0%
[R5] pos=(926,1425) state=follower leader=2 trust=1.00 susp=0.00 cov=22.9%/100.0%
[R5] pos=(926,1425) state=follower leader=2 trust=1.00 susp=0.00 cov=22.9%/100.0%
[R5] pos=(926,1425) state=follower leader=2 trust=1.00 susp=0.00 cov=22.9%/100.0%
[R5] pos=(926,1425) state=follower leader=2 trust=1.00 susp=0.00 cov=22.9%/100.0%
[R5] pos=(926,1425) state=follower leader=2 trust=1.00 susp=0.00 cov=22.9%/100.0%
[R5] pos=(926,1425) state=follower leader=2 trust=1.00 susp=0.00 cov=22.9%/100.0%
[R5] pos=(926,1425) state=follower leader=2 trust=1.00 susp=0.00 cov=22.9%/100.0%
[R5] pos=(926,1425) state=follower leader=2 trust=1.00 susp=0.00 cov=22.9%/100.0%
[R5] pos=(926,1425) state=follower leader=2 trust=1.00 susp=0.00 cov=22.9%/100.0%
[R5] pos=(926,1425) state=follower leader=2 trust=1.00 susp=0.00 cov=22.9%/100.0%
[R5] pos=(926,1425) state=follower leader=2 trust=1.00 susp=0.00 cov=22.9%/100.0%
[R5] pos=(926,1425) state=follower leader=2 trust=1.00 susp=0.00 cov=22.9%/100.0%
[R5] pos=(926,1425) state=follower leader=2 trust=1.00 susp=0.00 cov=22.9%/100.0%
[R5] pos=(926,1425) state=follower leader=2 trust=1.00 susp=0.00 cov=22.9%/100.0%
[R5] pos=(926,1425) state=follower leader=2 trust=1.00 susp=0.00 cov=22.9%/100.0%
[R5] pos=(926,1425) state=follower leader=2 trust=1.00 susp=0.00 cov=22.9%/100.0%
[R5] pos=(926,1425) state=follower leader=2 trust=1.00 susp=0.00 cov=22.9%/100.0%
[R5] pos=(926,1425) state=follower leader=2 trust=1.00 susp=0.00 cov=22.9%/100.0%
[R5] pos=(926,1425) state=follower leader=2 trust=1.00 susp=0.00 cov=22.9%/100.0%
[R5] pos=(926,1425) state=follower leader=2 trust=1.00 susp=0.00 cov=22.9%/100.0%
[R5] pos=(926,1425) state=follower leader=2 trust=1.00 susp=0.00 cov=22.9%/100.0%
[R5] pos=(926,1425) state=follower leader=2 trust=1.00 susp=0.00 cov=22.9%/100.0%
[R5] pos=(926,1425) state=follower leader=2 trust=1.00 susp=0.00 cov=22.9%/100.0%
[R5] pos=(926,1425) state=follower leader=2 trust=1.00 susp=0.00 cov=22.9%/100.0%
[R5] pos=(926,1425) state=follower leader=2 trust=1.00 susp=0.00 cov=22.9%/100.0%
[R5] pos=(926,1425) state=follower leader=2 trust=1.00 susp=0.00 cov=22.9%/100.0%
