[WARN] Hardware modules not available - running in simulation mode
=== REIP Node - Robot 2 [SIM (unique ports)] ===
Trust Model: Three-tier confidence-weighted
  Personal: 1.0, ToF: 1.0, Peer: 0.3
  Suspicion threshold: 1.5, Recovery: 0.1

  Logging to: logs/robot_2_20260227_180223.jsonl
Initializing hardware...
  Hardware: SIMULATED
[INFO] Position socket listening on port 10102
[INFO] Peer socket listening on port 10202
[INFO] Fault socket listening on port 10302
Ready!

=== Detection Bounds: T1=2 cmds, T3=8 cmds | Impeachment: T1=8 cmds, T3=32 cmds ===
Running... Press Ctrl+C to stop

[ELECTION] New leader: 1
[R2] pos=(0,0) state=follower leader=1 trust=1.00 susp=0.00 cov=0.0%/0.0%
[R2] pos=(688,1099) state=follower leader=1 trust=1.00 susp=0.00 cov=0.5%/2.6%
[R2] pos=(920,1056) state=follower leader=1 trust=1.00 susp=0.00 cov=3.1%/17.7%
[R2] pos=(919,742) state=follower leader=1 trust=1.00 susp=0.00 cov=5.7%/26.6%
[R2] pos=(922,450) state=follower leader=1 trust=1.00 susp=0.00 cov=6.8%/34.9%
[R2] pos=(802,188) state=follower leader=1 trust=1.00 susp=0.00 cov=8.3%/39.6%
[R2] pos=(918,75) state=follower leader=1 trust=1.00 susp=0.00 cov=9.4%/43.2%
[TRUST] Bad command #1 (peer_reported): suspicion +0.30 = 0.30 omega=0.422
[TRUST] Bad command #2 (peer_reported): suspicion +0.30 = 0.50 omega=0.905
[TRUST] Bad command #3 (peer_reported): suspicion +0.30 = 0.70 omega=1.447
[TRUST] Bad command #4 (peer_reported): suspicion +0.30 = 0.90 omega=2.012
[TRUST] Bad command #5 (peer_reported): suspicion +0.30 = 1.10 omega=2.228
[R2] pos=(774,303) state=follower leader=1 trust=1.00 susp=1.00 cov=10.9%/43.8%
[TRUST] Bad command #6 (peer_reported): suspicion +0.30 = 1.30 omega=2.333
[TRUST] Bad command #7 (cmd_instability(omega=2.38)): suspicion +0.01 = 1.31 omega=2.384
[TRUST] Bad command #8 (peer_reported, cmd_instability(omega=2.44)): suspicion +0.33 = 1.64 omega=2.443
[DETECT] First trust decay after 8 bad commands (2.48s) [Theoretical bound: T1=2, T3=8]
[CLASSIFY] Fault type: byzantine_oscillation (omega=2.443, threshold=0.785)
[TRUST] Trust decayed: trust=0.80, remaining suspicion=0.14, omega=2.443, class=byzantine_oscillation
[TRUST] Bad command #9 (cmd_instability(omega=2.50)): suspicion +0.06 = 0.20 omega=2.500
[TRUST] Bad command #10 (peer_reported, cmd_instability(omega=2.55)): suspicion +0.38 = 0.57 omega=2.553
[TRUST] Bad command #11 (cmd_instability(omega=2.60)): suspicion +0.09 = 0.67 omega=2.603
[TRUST] Bad command #12 (peer_reported, cmd_instability(omega=2.65)): suspicion +0.41 = 1.08 omega=2.649
[TRUST] Bad command #13 (cmd_instability(omega=2.69)): suspicion +0.13 = 1.21 omega=2.693
[TRUST] Bad command #14 (peer_reported, cmd_instability(omega=2.73)): suspicion +0.44 = 1.65 omega=2.732
[TRUST] Trust decayed: trust=0.60, remaining suspicion=0.15, omega=2.732, class=byzantine_oscillation
[TRUST] Bad command #15 (cmd_instability(omega=2.77)): suspicion +0.16 = 0.31 omega=2.770
[R2] pos=(703,435) state=follower leader=1 trust=0.60 susp=0.31 cov=11.5%/43.8%
[TRUST] Bad command #16 (peer_reported, cmd_instability(omega=2.80)): suspicion +0.47 = 0.78 omega=2.803
[TRUST] Bad command #17 (cmd_instability(omega=2.83)): suspicion +0.18 = 0.96 omega=2.834
[TRUST] Bad command #18 (peer_reported, cmd_instability(omega=2.86)): suspicion +0.49 = 1.46 omega=2.862
[TRUST] Bad command #19 (cmd_instability(omega=2.89)): suspicion +0.20 = 1.66 omega=2.888
[TRUST] Trust decayed: trust=0.40, remaining suspicion=0.16, omega=2.888, class=byzantine_oscillation
[ELECTION] New leader: 2
[R2] pos=(697,427) state=leader leader=2 trust=1.00 susp=0.00 cov=12.0%/43.8%
[R2] pos=(846,432) state=leader leader=2 trust=1.00 susp=0.00 cov=12.5%/43.8%
[R2] pos=(846,432) state=leader leader=2 trust=1.00 susp=0.00 cov=12.5%/43.8%
[R2] pos=(922,433) state=leader leader=2 trust=1.00 susp=0.00 cov=12.5%/43.8%
[R2] pos=(921,449) state=leader leader=2 trust=1.00 susp=0.00 cov=12.5%/43.8%
[R2] pos=(921,450) state=leader leader=2 trust=1.00 susp=0.00 cov=12.5%/43.8%
[R2] pos=(922,447) state=leader leader=2 trust=1.00 susp=0.00 cov=12.5%/43.8%
[FAULT] OSCILLATE_LEADER mode activated - will flip-flop targets
[OSCILLATE] Phase 1: all 5 robots -> B (1800, 1300)
[R2] pos=(925,1055) state=leader leader=2 trust=1.00 susp=0.00 cov=12.5%/43.8%
[OSCILLATE] Phase 0: all 5 robots -> A (200, 200)
[OSCILLATE] Phase 1: all 5 robots -> B (1800, 1300)
[OSCILLATE] Phase 0: all 5 robots -> A (200, 200)
[OSCILLATE] Phase 1: all 5 robots -> B (1800, 1300)
[OSCILLATE] Phase 0: all 5 robots -> A (200, 200)
[OSCILLATE] Phase 1: all 5 robots -> B (1800, 1300)
[OSCILLATE] Phase 0: all 5 robots -> A (200, 200)
[OSCILLATE] Phase 1: all 5 robots -> B (1800, 1300)
[OSCILLATE] Phase 0: all 5 robots -> A (200, 200)
[OSCILLATE] Phase 1: all 5 robots -> B (1800, 1300)
[R2] pos=(1075,1288) state=leader leader=2 trust=1.00 susp=0.00 cov=14.6%/45.8%
[OSCILLATE] Phase 0: all 5 robots -> A (200, 200)
[OSCILLATE] Phase 1: all 5 robots -> B (1800, 1300)
[OSCILLATE] Phase 0: all 5 robots -> A (200, 200)
[OSCILLATE] Phase 1: all 5 robots -> B (1800, 1300)
[OSCILLATE] Phase 0: all 5 robots -> A (200, 200)
[OSCILLATE] Phase 1: all 5 robots -> B (1800, 1300)
[OSCILLATE] Phase 0: all 5 robots -> A (200, 200)
[OSCILLATE] Phase 1: all 5 robots -> B (1800, 1300)
[OSCILLATE] Phase 0: all 5 robots -> A (200, 200)
[R2] pos=(1125,1129) state=leader leader=2 trust=1.00 susp=0.00 cov=16.1%/49.0%
[OSCILLATE] Phase 1: all 5 robots -> B (1800, 1300)
[OSCILLATE] Phase 0: all 5 robots -> A (200, 200)
[OSCILLATE] Phase 1: all 5 robots -> B (1800, 1300)
[OSCILLATE] Phase 0: all 5 robots -> A (200, 200)
[OSCILLATE] Phase 1: all 5 robots -> B (1800, 1300)
[OSCILLATE] Phase 0: all 5 robots -> A (200, 200)
[OSCILLATE] Phase 1: all 5 robots -> B (1800, 1300)
[OSCILLATE] Phase 0: all 5 robots -> A (200, 200)
[OSCILLATE] Phase 1: all 5 robots -> B (1800, 1300)
[OSCILLATE] Phase 0: all 5 robots -> A (200, 200)
[R2] pos=(1195,1008) state=leader leader=2 trust=1.00 susp=0.00 cov=17.2%/52.6%
[OSCILLATE] Phase 1: all 5 robots -> B (1800, 1300)
[OSCILLATE] Phase 0: all 5 robots -> A (200, 200)
[OSCILLATE] Phase 1: all 5 robots -> B (1800, 1300)
[OSCILLATE] Phase 0: all 5 robots -> A (200, 200)
[OSCILLATE] Phase 1: all 5 robots -> B (1800, 1300)
[OSCILLATE] Phase 0: all 5 robots -> A (200, 200)
[OSCILLATE] Phase 1: all 5 robots -> B (1800, 1300)
[OSCILLATE] Phase 0: all 5 robots -> A (200, 200)
[OSCILLATE] Phase 1: all 5 robots -> B (1800, 1300)
[OSCILLATE] Phase 0: all 5 robots -> A (200, 200)
[R2] pos=(1227,957) state=leader leader=2 trust=1.00 susp=0.00 cov=17.7%/54.2%
[OSCILLATE] Phase 1: all 5 robots -> B (1800, 1300)
[OSCILLATE] Phase 0: all 5 robots -> A (200, 200)
[OSCILLATE] Phase 1: all 5 robots -> B (1800, 1300)
[OSCILLATE] Phase 0: all 5 robots -> A (200, 200)
[OSCILLATE] Phase 1: all 5 robots -> B (1800, 1300)
[OSCILLATE] Phase 0: all 5 robots -> A (200, 200)
[OSCILLATE] Phase 1: all 5 robots -> B (1800, 1300)
[OSCILLATE] Phase 0: all 5 robots -> A (200, 200)
[OSCILLATE] Phase 1: all 5 robots -> B (1800, 1300)
[R2] pos=(1302,980) state=leader leader=2 trust=1.00 susp=0.00 cov=18.2%/54.7%
[OSCILLATE] Phase 0: all 5 robots -> A (200, 200)
[OSCILLATE] Phase 1: all 5 robots -> B (1800, 1300)
[OSCILLATE] Phase 0: all 5 robots -> A (200, 200)
[OSCILLATE] Phase 1: all 5 robots -> B (1800, 1300)
[OSCILLATE] Phase 0: all 5 robots -> A (200, 200)
[OSCILLATE] Phase 1: all 5 robots -> B (1800, 1300)
[OSCILLATE] Phase 0: all 5 robots -> A (200, 200)
[OSCILLATE] Phase 1: all 5 robots -> B (1800, 1300)
[OSCILLATE] Phase 0: all 5 robots -> A (200, 200)
[OSCILLATE] Phase 1: all 5 robots -> B (1800, 1300)
[R2] pos=(1308,971) state=leader leader=2 trust=1.00 susp=0.00 cov=18.2%/54.7%
[OSCILLATE] Phase 0: all 5 robots -> A (200, 200)
[OSCILLATE] Phase 1: all 5 robots -> B (1800, 1300)
[OSCILLATE] Phase 0: all 5 robots -> A (200, 200)
[OSCILLATE] Phase 1: all 5 robots -> B (1800, 1300)
[OSCILLATE] Phase 0: all 5 robots -> A (200, 200)
[OSCILLATE] Phase 1: all 5 robots -> B (1800, 1300)
[OSCILLATE] Phase 0: all 5 robots -> A (200, 200)
[OSCILLATE] Phase 1: all 5 robots -> B (1800, 1300)
[OSCILLATE] Phase 0: all 5 robots -> A (200, 200)
[OSCILLATE] Phase 1: all 5 robots -> B (1800, 1300)
[R2] pos=(1311,968) state=leader leader=2 trust=1.00 susp=0.00 cov=18.2%/54.7%
[OSCILLATE] Phase 0: all 5 robots -> A (200, 200)
[OSCILLATE] Phase 1: all 5 robots -> B (1800, 1300)
[OSCILLATE] Phase 0: all 5 robots -> A (200, 200)
[OSCILLATE] Phase 1: all 5 robots -> B (1800, 1300)
[OSCILLATE] Phase 0: all 5 robots -> A (200, 200)
[OSCILLATE] Phase 1: all 5 robots -> B (1800, 1300)
[OSCILLATE] Phase 0: all 5 robots -> A (200, 200)
[OSCILLATE] Phase 1: all 5 robots -> B (1800, 1300)
[OSCILLATE] Phase 0: all 5 robots -> A (200, 200)
[R2] pos=(1311,967) state=leader leader=2 trust=1.00 susp=0.00 cov=18.2%/54.7%
[OSCILLATE] Phase 1: all 5 robots -> B (1800, 1300)
[OSCILLATE] Phase 0: all 5 robots -> A (200, 200)
[OSCILLATE] Phase 1: all 5 robots -> B (1800, 1300)
[OSCILLATE] Phase 0: all 5 robots -> A (200, 200)
[OSCILLATE] Phase 1: all 5 robots -> B (1800, 1300)
[OSCILLATE] Phase 0: all 5 robots -> A (200, 200)
[OSCILLATE] Phase 1: all 5 robots -> B (1800, 1300)
[OSCILLATE] Phase 0: all 5 robots -> A (200, 200)
[OSCILLATE] Phase 1: all 5 robots -> B (1800, 1300)
[OSCILLATE] Phase 0: all 5 robots -> A (200, 200)
[R2] pos=(1311,967) state=leader leader=2 trust=1.00 susp=0.00 cov=18.2%/54.7%
[OSCILLATE] Phase 1: all 5 robots -> B (1800, 1300)
[OSCILLATE] Phase 0: all 5 robots -> A (200, 200)
[OSCILLATE] Phase 1: all 5 robots -> B (1800, 1300)
[OSCILLATE] Phase 0: all 5 robots -> A (200, 200)
[OSCILLATE] Phase 1: all 5 robots -> B (1800, 1300)
[OSCILLATE] Phase 0: all 5 robots -> A (200, 200)
[OSCILLATE] Phase 1: all 5 robots -> B (1800, 1300)
[OSCILLATE] Phase 0: all 5 robots -> A (200, 200)
[OSCILLATE] Phase 1: all 5 robots -> B (1800, 1300)
[OSCILLATE] Phase 0: all 5 robots -> A (200, 200)
[R2] pos=(1311,967) state=leader leader=2 trust=1.00 susp=0.00 cov=18.2%/54.7%
[OSCILLATE] Phase 1: all 5 robots -> B (1800, 1300)
[OSCILLATE] Phase 0: all 5 robots -> A (200, 200)
[OSCILLATE] Phase 1: all 5 robots -> B (1800, 1300)
[OSCILLATE] Phase 0: all 5 robots -> A (200, 200)
[OSCILLATE] Phase 1: all 5 robots -> B (1800, 1300)
[OSCILLATE] Phase 0: all 5 robots -> A (200, 200)
[OSCILLATE] Phase 1: all 5 robots -> B (1800, 1300)
[OSCILLATE] Phase 0: all 5 robots -> A (200, 200)
[OSCILLATE] Phase 1: all 5 robots -> B (1800, 1300)
[R2] pos=(1311,967) state=leader leader=2 trust=1.00 susp=0.00 cov=18.2%/54.7%
[OSCILLATE] Phase 0: all 5 robots -> A (200, 200)
[OSCILLATE] Phase 1: all 5 robots -> B (1800, 1300)
[OSCILLATE] Phase 0: all 5 robots -> A (200, 200)
[OSCILLATE] Phase 1: all 5 robots -> B (1800, 1300)
[OSCILLATE] Phase 0: all 5 robots -> A (200, 200)
[OSCILLATE] Phase 1: all 5 robots -> B (1800, 1300)
[OSCILLATE] Phase 0: all 5 robots -> A (200, 200)
[OSCILLATE] Phase 1: all 5 robots -> B (1800, 1300)
[OSCILLATE] Phase 0: all 5 robots -> A (200, 200)
[OSCILLATE] Phase 1: all 5 robots -> B (1800, 1300)
[R2] pos=(1311,967) state=leader leader=2 trust=1.00 susp=0.00 cov=18.2%/54.7%
[OSCILLATE] Phase 0: all 5 robots -> A (200, 200)
[OSCILLATE] Phase 1: all 5 robots -> B (1800, 1300)
[OSCILLATE] Phase 0: all 5 robots -> A (200, 200)
[OSCILLATE] Phase 1: all 5 robots -> B (1800, 1300)
[OSCILLATE] Phase 0: all 5 robots -> A (200, 200)
[OSCILLATE] Phase 1: all 5 robots -> B (1800, 1300)
[OSCILLATE] Phase 0: all 5 robots -> A (200, 200)
[OSCILLATE] Phase 1: all 5 robots -> B (1800, 1300)
[OSCILLATE] Phase 0: all 5 robots -> A (200, 200)
[OSCILLATE] Phase 1: all 5 robots -> B (1800, 1300)
[R2] pos=(1311,967) state=leader leader=2 trust=1.00 susp=0.00 cov=18.2%/54.7%
[OSCILLATE] Phase 0: all 5 robots -> A (200, 200)
[OSCILLATE] Phase 1: all 5 robots -> B (1800, 1300)
[OSCILLATE] Phase 0: all 5 robots -> A (200, 200)
[OSCILLATE] Phase 1: all 5 robots -> B (1800, 1300)
[OSCILLATE] Phase 0: all 5 robots -> A (200, 200)
[OSCILLATE] Phase 1: all 5 robots -> B (1800, 1300)
[OSCILLATE] Phase 0: all 5 robots -> A (200, 200)
[OSCILLATE] Phase 1: all 5 robots -> B (1800, 1300)
[OSCILLATE] Phase 0: all 5 robots -> A (200, 200)
[R2] pos=(1311,967) state=leader leader=2 trust=1.00 susp=0.00 cov=18.2%/54.7%
[OSCILLATE] Phase 1: all 5 robots -> B (1800, 1300)
[OSCILLATE] Phase 0: all 5 robots -> A (200, 200)
[OSCILLATE] Phase 1: all 5 robots -> B (1800, 1300)
[OSCILLATE] Phase 0: all 5 robots -> A (200, 200)
[OSCILLATE] Phase 1: all 5 robots -> B (1800, 1300)
[OSCILLATE] Phase 0: all 5 robots -> A (200, 200)
[OSCILLATE] Phase 1: all 5 robots -> B (1800, 1300)
[OSCILLATE] Phase 0: all 5 robots -> A (200, 200)
[OSCILLATE] Phase 1: all 5 robots -> B (1800, 1300)
[OSCILLATE] Phase 0: all 5 robots -> A (200, 200)
[R2] pos=(1311,967) state=leader leader=2 trust=1.00 susp=0.00 cov=18.2%/54.7%
[OSCILLATE] Phase 1: all 5 robots -> B (1800, 1300)
[OSCILLATE] Phase 0: all 5 robots -> A (200, 200)
[OSCILLATE] Phase 1: all 5 robots -> B (1800, 1300)
[OSCILLATE] Phase 0: all 5 robots -> A (200, 200)
[OSCILLATE] Phase 1: all 5 robots -> B (1800, 1300)
[OSCILLATE] Phase 0: all 5 robots -> A (200, 200)
[OSCILLATE] Phase 1: all 5 robots -> B (1800, 1300)
[OSCILLATE] Phase 0: all 5 robots -> A (200, 200)
[OSCILLATE] Phase 1: all 5 robots -> B (1800, 1300)
[OSCILLATE] Phase 0: all 5 robots -> A (200, 200)
[R2] pos=(1311,967) state=leader leader=2 trust=1.00 susp=0.00 cov=18.2%/54.7%
[OSCILLATE] Phase 1: all 5 robots -> B (1800, 1300)
[OSCILLATE] Phase 0: all 5 robots -> A (200, 200)
[OSCILLATE] Phase 1: all 5 robots -> B (1800, 1300)
[OSCILLATE] Phase 0: all 5 robots -> A (200, 200)
[OSCILLATE] Phase 1: all 5 robots -> B (1800, 1300)
[OSCILLATE] Phase 0: all 5 robots -> A (200, 200)
[OSCILLATE] Phase 1: all 5 robots -> B (1800, 1300)
[OSCILLATE] Phase 0: all 5 robots -> A (200, 200)
[OSCILLATE] Phase 1: all 5 robots -> B (1800, 1300)
[R2] pos=(1312,966) state=leader leader=2 trust=1.00 susp=0.00 cov=18.2%/54.7%
[OSCILLATE] Phase 0: all 5 robots -> A (200, 200)
[OSCILLATE] Phase 1: all 5 robots -> B (1800, 1300)
[OSCILLATE] Phase 0: all 5 robots -> A (200, 200)
[OSCILLATE] Phase 1: all 5 robots -> B (1800, 1300)
[OSCILLATE] Phase 0: all 5 robots -> A (200, 200)
[OSCILLATE] Phase 1: all 5 robots -> B (1800, 1300)
[OSCILLATE] Phase 0: all 5 robots -> A (200, 200)
[OSCILLATE] Phase 1: all 5 robots -> B (1800, 1300)
[OSCILLATE] Phase 0: all 5 robots -> A (200, 200)
[OSCILLATE] Phase 1: all 5 robots -> B (1800, 1300)
[R2] pos=(1312,966) state=leader leader=2 trust=1.00 susp=0.00 cov=18.2%/54.7%
[OSCILLATE] Phase 0: all 5 robots -> A (200, 200)
[OSCILLATE] Phase 1: all 5 robots -> B (1800, 1300)
[OSCILLATE] Phase 0: all 5 robots -> A (200, 200)
[OSCILLATE] Phase 1: all 5 robots -> B (1800, 1300)
[OSCILLATE] Phase 0: all 5 robots -> A (200, 200)
[OSCILLATE] Phase 1: all 5 robots -> B (1800, 1300)
[OSCILLATE] Phase 0: all 5 robots -> A (200, 200)
[OSCILLATE] Phase 1: all 5 robots -> B (1800, 1300)
[OSCILLATE] Phase 0: all 5 robots -> A (200, 200)
[OSCILLATE] Phase 1: all 5 robots -> B (1800, 1300)
[R2] pos=(1250,924) state=leader leader=2 trust=1.00 susp=0.00 cov=18.2%/54.7%
[OSCILLATE] Phase 0: all 5 robots -> A (200, 200)
[OSCILLATE] Phase 1: all 5 robots -> B (1800, 1300)
[OSCILLATE] Phase 0: all 5 robots -> A (200, 200)
[OSCILLATE] Phase 1: all 5 robots -> B (1800, 1300)
[OSCILLATE] Phase 0: all 5 robots -> A (200, 200)
[OSCILLATE] Phase 1: all 5 robots -> B (1800, 1300)
[OSCILLATE] Phase 0: all 5 robots -> A (200, 200)
[OSCILLATE] Phase 1: all 5 robots -> B (1800, 1300)
[OSCILLATE] Phase 0: all 5 robots -> A (200, 200)
[OSCILLATE] Phase 1: all 5 robots -> B (1800, 1300)
[R2] pos=(1250,924) state=leader leader=2 trust=1.00 susp=0.00 cov=18.2%/54.7%
[OSCILLATE] Phase 0: all 5 robots -> A (200, 200)
[OSCILLATE] Phase 1: all 5 robots -> B (1800, 1300)
[OSCILLATE] Phase 0: all 5 robots -> A (200, 200)
[OSCILLATE] Phase 1: all 5 robots -> B (1800, 1300)
[OSCILLATE] Phase 0: all 5 robots -> A (200, 200)
[OSCILLATE] Phase 1: all 5 robots -> B (1800, 1300)
[OSCILLATE] Phase 0: all 5 robots -> A (200, 200)
[OSCILLATE] Phase 1: all 5 robots -> B (1800, 1300)
[OSCILLATE] Phase 0: all 5 robots -> A (200, 200)
[R2] pos=(1127,838) state=leader leader=2 trust=1.00 susp=0.00 cov=18.8%/55.2%
[OSCILLATE] Phase 1: all 5 robots -> B (1800, 1300)
[OSCILLATE] Phase 0: all 5 robots -> A (200, 200)
[OSCILLATE] Phase 1: all 5 robots -> B (1800, 1300)
[OSCILLATE] Phase 0: all 5 robots -> A (200, 200)
[OSCILLATE] Phase 1: all 5 robots -> B (1800, 1300)
[OSCILLATE] Phase 0: all 5 robots -> A (200, 200)
[OSCILLATE] Phase 1: all 5 robots -> B (1800, 1300)
[OSCILLATE] Phase 0: all 5 robots -> A (200, 200)
[OSCILLATE] Phase 1: all 5 robots -> B (1800, 1300)
[OSCILLATE] Phase 0: all 5 robots -> A (200, 200)
[R2] pos=(1312,966) state=leader leader=2 trust=1.00 susp=0.00 cov=18.8%/55.2%
[OSCILLATE] Phase 1: all 5 robots -> B (1800, 1300)
[OSCILLATE] Phase 0: all 5 robots -> A (200, 200)
[OSCILLATE] Phase 1: all 5 robots -> B (1800, 1300)
[OSCILLATE] Phase 0: all 5 robots -> A (200, 200)
[OSCILLATE] Phase 1: all 5 robots -> B (1800, 1300)
[OSCILLATE] Phase 0: all 5 robots -> A (200, 200)
[OSCILLATE] Phase 1: all 5 robots -> B (1800, 1300)
[OSCILLATE] Phase 0: all 5 robots -> A (200, 200)
[OSCILLATE] Phase 1: all 5 robots -> B (1800, 1300)
[OSCILLATE] Phase 0: all 5 robots -> A (200, 200)
[R2] pos=(1189,880) state=leader leader=2 trust=1.00 susp=0.00 cov=18.8%/55.2%
[OSCILLATE] Phase 1: all 5 robots -> B (1800, 1300)
[OSCILLATE] Phase 0: all 5 robots -> A (200, 200)
[OSCILLATE] Phase 1: all 5 robots -> B (1800, 1300)
[OSCILLATE] Phase 0: all 5 robots -> A (200, 200)
[OSCILLATE] Phase 1: all 5 robots -> B (1800, 1300)
[OSCILLATE] Phase 0: all 5 robots -> A (200, 200)
[OSCILLATE] Phase 1: all 5 robots -> B (1800, 1300)
[OSCILLATE] Phase 0: all 5 robots -> A (200, 200)
[OSCILLATE] Phase 1: all 5 robots -> B (1800, 1300)
[R2] pos=(1137,799) state=leader leader=2 trust=1.00 susp=0.00 cov=19.3%/55.7%
[OSCILLATE] Phase 0: all 5 robots -> A (200, 200)
[OSCILLATE] Phase 1: all 5 robots -> B (1800, 1300)
[OSCILLATE] Phase 0: all 5 robots -> A (200, 200)
[OSCILLATE] Phase 1: all 5 robots -> B (1800, 1300)
[OSCILLATE] Phase 0: all 5 robots -> A (200, 200)
[OSCILLATE] Phase 1: all 5 robots -> B (1800, 1300)
[OSCILLATE] Phase 0: all 5 robots -> A (200, 200)
[OSCILLATE] Phase 1: all 5 robots -> B (1800, 1300)
[OSCILLATE] Phase 0: all 5 robots -> A (200, 200)
[OSCILLATE] Phase 1: all 5 robots -> B (1800, 1300)
[R2] pos=(1136,819) state=leader leader=2 trust=1.00 susp=0.00 cov=19.3%/55.7%
[OSCILLATE] Phase 0: all 5 robots -> A (200, 200)
[OSCILLATE] Phase 1: all 5 robots -> B (1800, 1300)
[OSCILLATE] Phase 0: all 5 robots -> A (200, 200)
[OSCILLATE] Phase 1: all 5 robots -> B (1800, 1300)
[OSCILLATE] Phase 0: all 5 robots -> A (200, 200)
[OSCILLATE] Phase 1: all 5 robots -> B (1800, 1300)
[OSCILLATE] Phase 0: all 5 robots -> A (200, 200)
[OSCILLATE] Phase 1: all 5 robots -> B (1800, 1300)
[OSCILLATE] Phase 0: all 5 robots -> A (200, 200)
[R2] pos=(1140,831) state=leader leader=2 trust=1.00 susp=0.00 cov=19.3%/55.7%
[OSCILLATE] Phase 1: all 5 robots -> B (1800, 1300)
[OSCILLATE] Phase 0: all 5 robots -> A (200, 200)
[OSCILLATE] Phase 1: all 5 robots -> B (1800, 1300)
[OSCILLATE] Phase 0: all 5 robots -> A (200, 200)
[OSCILLATE] Phase 1: all 5 robots -> B (1800, 1300)
[OSCILLATE] Phase 0: all 5 robots -> A (200, 200)
[OSCILLATE] Phase 1: all 5 robots -> B (1800, 1300)
[OSCILLATE] Phase 0: all 5 robots -> A (200, 200)
[OSCILLATE] Phase 1: all 5 robots -> B (1800, 1300)
[OSCILLATE] Phase 0: all 5 robots -> A (200, 200)
[R2] pos=(1087,794) state=leader leader=2 trust=1.00 susp=0.00 cov=19.3%/55.7%
[OSCILLATE] Phase 1: all 5 robots -> B (1800, 1300)
[OSCILLATE] Phase 0: all 5 robots -> A (200, 200)
[OSCILLATE] Phase 1: all 5 robots -> B (1800, 1300)
[OSCILLATE] Phase 0: all 5 robots -> A (200, 200)
[OSCILLATE] Phase 1: all 5 robots -> B (1800, 1300)
[OSCILLATE] Phase 0: all 5 robots -> A (200, 200)
[OSCILLATE] Phase 1: all 5 robots -> B (1800, 1300)
[OSCILLATE] Phase 0: all 5 robots -> A (200, 200)
[OSCILLATE] Phase 1: all 5 robots -> B (1800, 1300)
[OSCILLATE] Phase 0: all 5 robots -> A (200, 200)
[R2] pos=(1083,800) state=leader leader=2 trust=1.00 susp=0.00 cov=19.3%/55.7%
[OSCILLATE] Phase 1: all 5 robots -> B (1800, 1300)
[OSCILLATE] Phase 0: all 5 robots -> A (200, 200)
[OSCILLATE] Phase 1: all 5 robots -> B (1800, 1300)
[OSCILLATE] Phase 0: all 5 robots -> A (200, 200)
[OSCILLATE] Phase 1: all 5 robots -> B (1800, 1300)
[OSCILLATE] Phase 0: all 5 robots -> A (200, 200)
[OSCILLATE] Phase 1: all 5 robots -> B (1800, 1300)
[OSCILLATE] Phase 0: all 5 robots -> A (200, 200)
[OSCILLATE] Phase 1: all 5 robots -> B (1800, 1300)
[R2] pos=(1143,845) state=leader leader=2 trust=1.00 susp=0.00 cov=19.3%/55.7%
[OSCILLATE] Phase 0: all 5 robots -> A (200, 200)
[OSCILLATE] Phase 1: all 5 robots -> B (1800, 1300)
[OSCILLATE] Phase 0: all 5 robots -> A (200, 200)
[OSCILLATE] Phase 1: all 5 robots -> B (1800, 1300)
[OSCILLATE] Phase 0: all 5 robots -> A (200, 200)
[OSCILLATE] Phase 1: all 5 robots -> B (1800, 1300)
[OSCILLATE] Phase 0: all 5 robots -> A (200, 200)
[OSCILLATE] Phase 1: all 5 robots -> B (1800, 1300)
[OSCILLATE] Phase 0: all 5 robots -> A (200, 200)
[OSCILLATE] Phase 1: all 5 robots -> B (1800, 1300)
[R2] pos=(1204,889) state=leader leader=2 trust=1.00 susp=0.00 cov=19.3%/55.7%
[OSCILLATE] Phase 0: all 5 robots -> A (200, 200)
[OSCILLATE] Phase 1: all 5 robots -> B (1800, 1300)
[OSCILLATE] Phase 0: all 5 robots -> A (200, 200)
[OSCILLATE] Phase 1: all 5 robots -> B (1800, 1300)
[OSCILLATE] Phase 0: all 5 robots -> A (200, 200)
[OSCILLATE] Phase 1: all 5 robots -> B (1800, 1300)
[OSCILLATE] Phase 0: all 5 robots -> A (200, 200)
[OSCILLATE] Phase 1: all 5 robots -> B (1800, 1300)
[OSCILLATE] Phase 0: all 5 robots -> A (200, 200)
[OSCILLATE] Phase 1: all 5 robots -> B (1800, 1300)
[R2] pos=(1204,889) state=leader leader=2 trust=1.00 susp=0.00 cov=19.3%/55.7%
[OSCILLATE] Phase 0: all 5 robots -> A (200, 200)
[OSCILLATE] Phase 1: all 5 robots -> B (1800, 1300)
[OSCILLATE] Phase 0: all 5 robots -> A (200, 200)
[OSCILLATE] Phase 1: all 5 robots -> B (1800, 1300)
[OSCILLATE] Phase 0: all 5 robots -> A (200, 200)
[OSCILLATE] Phase 1: all 5 robots -> B (1800, 1300)
[OSCILLATE] Phase 0: all 5 robots -> A (200, 200)
[OSCILLATE] Phase 1: all 5 robots -> B (1800, 1300)
[OSCILLATE] Phase 0: all 5 robots -> A (200, 200)
[R2] pos=(1142,847) state=leader leader=2 trust=1.00 susp=0.00 cov=19.3%/55.7%
[OSCILLATE] Phase 1: all 5 robots -> B (1800, 1300)
[OSCILLATE] Phase 0: all 5 robots -> A (200, 200)
[OSCILLATE] Phase 1: all 5 robots -> B (1800, 1300)
[OSCILLATE] Phase 0: all 5 robots -> A (200, 200)
[OSCILLATE] Phase 1: all 5 robots -> B (1800, 1300)
[OSCILLATE] Phase 0: all 5 robots -> A (200, 200)
[OSCILLATE] Phase 1: all 5 robots -> B (1800, 1300)
[OSCILLATE] Phase 0: all 5 robots -> A (200, 200)
[OSCILLATE] Phase 1: all 5 robots -> B (1800, 1300)
[OSCILLATE] Phase 0: all 5 robots -> A (200, 200)
[R2] pos=(1142,847) state=leader leader=2 trust=1.00 susp=0.00 cov=19.3%/55.7%
[OSCILLATE] Phase 1: all 5 robots -> B (1800, 1300)
[OSCILLATE] Phase 0: all 5 robots -> A (200, 200)
[OSCILLATE] Phase 1: all 5 robots -> B (1800, 1300)
[OSCILLATE] Phase 0: all 5 robots -> A (200, 200)
[OSCILLATE] Phase 1: all 5 robots -> B (1800, 1300)
[OSCILLATE] Phase 0: all 5 robots -> A (200, 200)
[OSCILLATE] Phase 1: all 5 robots -> B (1800, 1300)
[OSCILLATE] Phase 0: all 5 robots -> A (200, 200)
[OSCILLATE] Phase 1: all 5 robots -> B (1800, 1300)
[OSCILLATE] Phase 0: all 5 robots -> A (200, 200)
[R2] pos=(1203,890) state=leader leader=2 trust=1.00 susp=0.00 cov=19.3%/55.7%
[OSCILLATE] Phase 1: all 5 robots -> B (1800, 1300)
[OSCILLATE] Phase 0: all 5 robots -> A (200, 200)
[OSCILLATE] Phase 1: all 5 robots -> B (1800, 1300)
[OSCILLATE] Phase 0: all 5 robots -> A (200, 200)
[OSCILLATE] Phase 1: all 5 robots -> B (1800, 1300)
[OSCILLATE] Phase 0: all 5 robots -> A (200, 200)
[OSCILLATE] Phase 1: all 5 robots -> B (1800, 1300)
[OSCILLATE] Phase 0: all 5 robots -> A (200, 200)
[OSCILLATE] Phase 1: all 5 robots -> B (1800, 1300)
[R2] pos=(1203,890) state=leader leader=2 trust=1.00 susp=0.00 cov=19.3%/55.7%
[OSCILLATE] Phase 0: all 5 robots -> A (200, 200)
[OSCILLATE] Phase 1: all 5 robots -> B (1800, 1300)
[OSCILLATE] Phase 0: all 5 robots -> A (200, 200)
[OSCILLATE] Phase 1: all 5 robots -> B (1800, 1300)
[OSCILLATE] Phase 0: all 5 robots -> A (200, 200)
[OSCILLATE] Phase 1: all 5 robots -> B (1800, 1300)
[OSCILLATE] Phase 0: all 5 robots -> A (200, 200)
[OSCILLATE] Phase 1: all 5 robots -> B (1800, 1300)
[OSCILLATE] Phase 0: all 5 robots -> A (200, 200)
[OSCILLATE] Phase 1: all 5 robots -> B (1800, 1300)
[R2] pos=(1203,890) state=leader leader=2 trust=1.00 susp=0.00 cov=19.3%/55.7%
[OSCILLATE] Phase 0: all 5 robots -> A (200, 200)
[OSCILLATE] Phase 1: all 5 robots -> B (1800, 1300)
[OSCILLATE] Phase 0: all 5 robots -> A (200, 200)
[OSCILLATE] Phase 1: all 5 robots -> B (1800, 1300)
[OSCILLATE] Phase 0: all 5 robots -> A (200, 200)
[OSCILLATE] Phase 1: all 5 robots -> B (1800, 1300)
[OSCILLATE] Phase 0: all 5 robots -> A (200, 200)
[OSCILLATE] Phase 1: all 5 robots -> B (1800, 1300)
[OSCILLATE] Phase 0: all 5 robots -> A (200, 200)
[OSCILLATE] Phase 1: all 5 robots -> B (1800, 1300)
[R2] pos=(1203,890) state=leader leader=2 trust=1.00 susp=0.00 cov=19.3%/55.7%
[OSCILLATE] Phase 0: all 5 robots -> A (200, 200)
[OSCILLATE] Phase 1: all 5 robots -> B (1800, 1300)
[OSCILLATE] Phase 0: all 5 robots -> A (200, 200)
[OSCILLATE] Phase 1: all 5 robots -> B (1800, 1300)
[OSCILLATE] Phase 0: all 5 robots -> A (200, 200)
[OSCILLATE] Phase 1: all 5 robots -> B (1800, 1300)
[OSCILLATE] Phase 0: all 5 robots -> A (200, 200)
[OSCILLATE] Phase 1: all 5 robots -> B (1800, 1300)
[OSCILLATE] Phase 0: all 5 robots -> A (200, 200)
[R2] pos=(1141,847) state=leader leader=2 trust=1.00 susp=0.00 cov=19.3%/55.7%
[OSCILLATE] Phase 1: all 5 robots -> B (1800, 1300)
[OSCILLATE] Phase 0: all 5 robots -> A (200, 200)
[OSCILLATE] Phase 1: all 5 robots -> B (1800, 1300)
[OSCILLATE] Phase 0: all 5 robots -> A (200, 200)
[OSCILLATE] Phase 1: all 5 robots -> B (1800, 1300)
[OSCILLATE] Phase 0: all 5 robots -> A (200, 200)
[OSCILLATE] Phase 1: all 5 robots -> B (1800, 1300)
[OSCILLATE] Phase 0: all 5 robots -> A (200, 200)
[OSCILLATE] Phase 1: all 5 robots -> B (1800, 1300)
[OSCILLATE] Phase 0: all 5 robots -> A (200, 200)
[R2] pos=(1080,805) state=leader leader=2 trust=1.00 susp=0.00 cov=19.3%/55.7%
[OSCILLATE] Phase 1: all 5 robots -> B (1800, 1300)
[OSCILLATE] Phase 0: all 5 robots -> A (200, 200)
[OSCILLATE] Phase 1: all 5 robots -> B (1800, 1300)
[OSCILLATE] Phase 0: all 5 robots -> A (200, 200)
[OSCILLATE] Phase 1: all 5 robots -> B (1800, 1300)
[OSCILLATE] Phase 0: all 5 robots -> A (200, 200)
[OSCILLATE] Phase 1: all 5 robots -> B (1800, 1300)
[OSCILLATE] Phase 0: all 5 robots -> A (200, 200)
[OSCILLATE] Phase 1: all 5 robots -> B (1800, 1300)
[OSCILLATE] Phase 0: all 5 robots -> A (200, 200)
[R2] pos=(1141,847) state=leader leader=2 trust=1.00 susp=0.00 cov=19.3%/55.7%
[OSCILLATE] Phase 1: all 5 robots -> B (1800, 1300)
[OSCILLATE] Phase 0: all 5 robots -> A (200, 200)
[OSCILLATE] Phase 1: all 5 robots -> B (1800, 1300)
[OSCILLATE] Phase 0: all 5 robots -> A (200, 200)
[OSCILLATE] Phase 1: all 5 robots -> B (1800, 1300)
[OSCILLATE] Phase 0: all 5 robots -> A (200, 200)
[OSCILLATE] Phase 1: all 5 robots -> B (1800, 1300)
[OSCILLATE] Phase 0: all 5 robots -> A (200, 200)
[OSCILLATE] Phase 1: all 5 robots -> B (1800, 1300)
[R2] pos=(1203,890) state=leader leader=2 trust=1.00 susp=0.00 cov=19.3%/55.7%
[OSCILLATE] Phase 0: all 5 robots -> A (200, 200)
[OSCILLATE] Phase 1: all 5 robots -> B (1800, 1300)
[OSCILLATE] Phase 0: all 5 robots -> A (200, 200)
[OSCILLATE] Phase 1: all 5 robots -> B (1800, 1300)
[OSCILLATE] Phase 0: all 5 robots -> A (200, 200)
[OSCILLATE] Phase 1: all 5 robots -> B (1800, 1300)
[OSCILLATE] Phase 0: all 5 robots -> A (200, 200)
[OSCILLATE] Phase 1: all 5 robots -> B (1800, 1300)
[OSCILLATE] Phase 0: all 5 robots -> A (200, 200)
[OSCILLATE] Phase 1: all 5 robots -> B (1800, 1300)
[R2] pos=(1203,890) state=leader leader=2 trust=1.00 susp=0.00 cov=19.3%/55.7%
[OSCILLATE] Phase 0: all 5 robots -> A (200, 200)
[OSCILLATE] Phase 1: all 5 robots -> B (1800, 1300)
[OSCILLATE] Phase 0: all 5 robots -> A (200, 200)
[OSCILLATE] Phase 1: all 5 robots -> B (1800, 1300)
[OSCILLATE] Phase 0: all 5 robots -> A (200, 200)
[OSCILLATE] Phase 1: all 5 robots -> B (1800, 1300)
[OSCILLATE] Phase 0: all 5 robots -> A (200, 200)
[OSCILLATE] Phase 1: all 5 robots -> B (1800, 1300)
[OSCILLATE] Phase 0: all 5 robots -> A (200, 200)
[OSCILLATE] Phase 1: all 5 robots -> B (1800, 1300)
[R2] pos=(1141,847) state=leader leader=2 trust=1.00 susp=0.00 cov=19.3%/55.7%
[OSCILLATE] Phase 0: all 5 robots -> A (200, 200)
[OSCILLATE] Phase 1: all 5 robots -> B (1800, 1300)
[OSCILLATE] Phase 0: all 5 robots -> A (200, 200)
[OSCILLATE] Phase 1: all 5 robots -> B (1800, 1300)
[OSCILLATE] Phase 0: all 5 robots -> A (200, 200)
[OSCILLATE] Phase 1: all 5 robots -> B (1800, 1300)
[OSCILLATE] Phase 0: all 5 robots -> A (200, 200)
[OSCILLATE] Phase 1: all 5 robots -> B (1800, 1300)
[OSCILLATE] Phase 0: all 5 robots -> A (200, 200)
[R2] pos=(1141,847) state=leader leader=2 trust=1.00 susp=0.00 cov=19.3%/55.7%
[OSCILLATE] Phase 1: all 5 robots -> B (1800, 1300)
[OSCILLATE] Phase 0: all 5 robots -> A (200, 200)
[OSCILLATE] Phase 1: all 5 robots -> B (1800, 1300)
[OSCILLATE] Phase 0: all 5 robots -> A (200, 200)
[OSCILLATE] Phase 1: all 5 robots -> B (1800, 1300)
[OSCILLATE] Phase 0: all 5 robots -> A (200, 200)
[OSCILLATE] Phase 1: all 5 robots -> B (1800, 1300)
[OSCILLATE] Phase 0: all 5 robots -> A (200, 200)
[OSCILLATE] Phase 1: all 5 robots -> B (1800, 1300)
[OSCILLATE] Phase 0: all 5 robots -> A (200, 200)
[R2] pos=(1080,805) state=leader leader=2 trust=1.00 susp=0.00 cov=19.3%/55.7%
[OSCILLATE] Phase 1: all 5 robots -> B (1800, 1300)
[OSCILLATE] Phase 0: all 5 robots -> A (200, 200)
[OSCILLATE] Phase 1: all 5 robots -> B (1800, 1300)
[OSCILLATE] Phase 0: all 5 robots -> A (200, 200)
[OSCILLATE] Phase 1: all 5 robots -> B (1800, 1300)
[OSCILLATE] Phase 0: all 5 robots -> A (200, 200)
[OSCILLATE] Phase 1: all 5 robots -> B (1800, 1300)
[OSCILLATE] Phase 0: all 5 robots -> A (200, 200)
[OSCILLATE] Phase 1: all 5 robots -> B (1800, 1300)
[OSCILLATE] Phase 0: all 5 robots -> A (200, 200)
[R2] pos=(1080,805) state=leader leader=2 trust=1.00 susp=0.00 cov=19.3%/55.7%
[OSCILLATE] Phase 1: all 5 robots -> B (1800, 1300)
[OSCILLATE] Phase 0: all 5 robots -> A (200, 200)
[OSCILLATE] Phase 1: all 5 robots -> B (1800, 1300)
[OSCILLATE] Phase 0: all 5 robots -> A (200, 200)
[OSCILLATE] Phase 1: all 5 robots -> B (1800, 1300)
[OSCILLATE] Phase 0: all 5 robots -> A (200, 200)
[OSCILLATE] Phase 1: all 5 robots -> B (1800, 1300)
[OSCILLATE] Phase 0: all 5 robots -> A (200, 200)
