[WARN] Hardware modules not available - running in simulation mode
=== REIP Node - Robot 1 [SIM (unique ports)] ===
Trust Model: Three-tier confidence-weighted
  Personal: 1.0, ToF: 1.0, Peer: 0.3
  Suspicion threshold: 1.5, Recovery: 0.1

  Logging to: logs/robot_1_20260226_184834.jsonl
Initializing hardware...
  Hardware: SIMULATED
[INFO] Position socket listening on port 5101
[INFO] Peer socket listening on port 5201
[INFO] Fault socket listening on port 5301
Ready!

=== Detection Bounds: T1=2 cmds, T3=8 cmds | Impeachment: T1=8 cmds, T3=32 cmds ===
Running... Press Ctrl+C to stop

[ELECTION] New leader: 1
[R1] pos=(0,0) state=leader leader=1 trust=1.00 susp=0.00 cov=0.0%/0.0%
[R1] pos=(478,387) state=leader leader=1 trust=1.00 susp=0.00 cov=0.5%/0.5%
[R1] pos=(397,231) state=leader leader=1 trust=1.00 susp=0.00 cov=2.1%/12.0%
[R1] pos=(495,279) state=leader leader=1 trust=1.00 susp=0.00 cov=2.1%/21.4%
[R1] pos=(494,123) state=leader leader=1 trust=1.00 susp=0.00 cov=3.6%/30.7%
[R1] pos=(492,98) state=leader leader=1 trust=1.00 susp=0.00 cov=3.6%/41.1%
[R1] pos=(427,174) state=leader leader=1 trust=1.00 susp=0.00 cov=4.2%/52.1%
[R1] pos=(195,208) state=leader leader=1 trust=1.00 susp=0.00 cov=6.2%/65.1%
[R1] pos=(141,220) state=leader leader=1 trust=1.00 susp=0.00 cov=6.8%/74.0%
[R1] pos=(76,295) state=leader leader=1 trust=1.00 susp=0.00 cov=7.8%/84.4%
[R1] pos=(187,684) state=leader leader=1 trust=1.00 susp=0.00 cov=11.5%/96.9%
[R1] pos=(579,678) state=leader leader=1 trust=1.00 susp=0.00 cov=14.1%/99.0%
[R1] pos=(1304,1425) state=leader leader=1 trust=1.00 susp=0.00 cov=17.2%/100.0%
[R1] pos=(1304,1425) state=leader leader=1 trust=1.00 susp=0.00 cov=17.2%/100.0%
[R1] pos=(1304,1425) state=leader leader=1 trust=1.00 susp=0.00 cov=17.2%/100.0%
[R1] pos=(1304,1425) state=leader leader=1 trust=1.00 susp=0.00 cov=17.2%/100.0%
[R1] pos=(1304,1425) state=leader leader=1 trust=1.00 susp=0.00 cov=17.2%/100.0%
[FAULT] BAD_LEADER mode activated - will send bad assignments
[BAD_LEADER] Sending 5 robots to EXPLORED cells (persistent): [(937.5, 937.5), (562.5, 937.5), (1937.5, 812.5)]...
[BAD_LEADER] Sending 5 robots to EXPLORED cells (persistent): [(937.5, 937.5), (562.5, 937.5), (1937.5, 812.5)]...
[BAD_LEADER] Sending 5 robots to EXPLORED cells (persistent): [(937.5, 937.5), (562.5, 937.5), (1937.5, 812.5)]...
[BAD_LEADER] Sending 5 robots to EXPLORED cells (persistent): [(937.5, 937.5), (562.5, 937.5), (1937.5, 812.5)]...
[BAD_LEADER] Sending 5 robots to EXPLORED cells (persistent): [(937.5, 937.5), (562.5, 937.5), (1937.5, 812.5)]...
[BAD_LEADER] Sending 5 robots to EXPLORED cells (persistent): [(937.5, 937.5), (562.5, 937.5), (1937.5, 812.5)]...
[BAD_LEADER] Sending 5 robots to EXPLORED cells (persistent): [(937.5, 937.5), (562.5, 937.5), (1937.5, 812.5)]...
[BAD_LEADER] Sending 5 robots to EXPLORED cells (persistent): [(937.5, 937.5), (562.5, 937.5), (1937.5, 812.5)]...
[BAD_LEADER] Sending 5 robots to EXPLORED cells (persistent): [(937.5, 937.5), (562.5, 937.5), (1937.5, 812.5)]...
[BAD_LEADER] Sending 5 robots to EXPLORED cells (persistent): [(937.5, 937.5), (562.5, 937.5), (1937.5, 812.5)]...
[R1] pos=(926,922) state=leader leader=1 trust=1.00 susp=0.00 cov=18.2%/100.0%
[BAD_LEADER] Sending 5 robots to EXPLORED cells (persistent): [(937.5, 937.5), (562.5, 937.5), (1937.5, 812.5)]...
[BAD_LEADER] Sending 5 robots to EXPLORED cells (persistent): [(937.5, 937.5), (562.5, 937.5), (1937.5, 812.5)]...
[BAD_LEADER] Sending 5 robots to EXPLORED cells (persistent): [(937.5, 937.5), (562.5, 937.5), (1937.5, 812.5)]...
[BAD_LEADER] Sending 5 robots to EXPLORED cells (persistent): [(937.5, 937.5), (562.5, 937.5), (1937.5, 812.5)]...
[BAD_LEADER] Sending 5 robots to EXPLORED cells (persistent): [(937.5, 937.5), (562.5, 937.5), (1937.5, 812.5)]...
[BAD_LEADER] Sending 5 robots to EXPLORED cells (persistent): [(937.5, 937.5), (562.5, 937.5), (1937.5, 812.5)]...
[BAD_LEADER] Sending 5 robots to EXPLORED cells (persistent): [(937.5, 937.5), (562.5, 937.5), (1937.5, 812.5)]...
[BAD_LEADER] Sending 5 robots to EXPLORED cells (persistent): [(937.5, 937.5), (562.5, 937.5), (1937.5, 812.5)]...
[BAD_LEADER] Sending 5 robots to EXPLORED cells (persistent): [(937.5, 937.5), (562.5, 937.5), (1937.5, 812.5)]...
[BAD_LEADER] Sending 5 robots to EXPLORED cells (persistent): [(937.5, 937.5), (562.5, 937.5), (1937.5, 812.5)]...
[R1] pos=(926,922) state=leader leader=1 trust=1.00 susp=0.00 cov=18.2%/100.0%
[BAD_LEADER] Sending 5 robots to EXPLORED cells (persistent): [(937.5, 937.5), (562.5, 937.5), (1937.5, 812.5)]...
[BAD_LEADER] Sending 5 robots to EXPLORED cells (persistent): [(937.5, 937.5), (562.5, 937.5), (1937.5, 812.5)]...
[BAD_LEADER] Sending 5 robots to EXPLORED cells (persistent): [(937.5, 937.5), (562.5, 937.5), (1937.5, 812.5)]...
[BAD_LEADER] Sending 5 robots to EXPLORED cells (persistent): [(937.5, 937.5), (562.5, 937.5), (1937.5, 812.5)]...
[BAD_LEADER] Sending 5 robots to EXPLORED cells (persistent): [(937.5, 937.5), (562.5, 937.5), (1937.5, 812.5)]...
[BAD_LEADER] Sending 5 robots to EXPLORED cells (persistent): [(937.5, 937.5), (562.5, 937.5), (1937.5, 812.5)]...
[BAD_LEADER] Sending 5 robots to EXPLORED cells (persistent): [(937.5, 937.5), (562.5, 937.5), (1937.5, 812.5)]...
[BAD_LEADER] Sending 5 robots to EXPLORED cells (persistent): [(937.5, 937.5), (562.5, 937.5), (1937.5, 812.5)]...
[BAD_LEADER] Sending 5 robots to EXPLORED cells (persistent): [(937.5, 937.5), (562.5, 937.5), (1937.5, 812.5)]...
[R1] pos=(926,922) state=leader leader=1 trust=1.00 susp=0.00 cov=18.2%/100.0%
[BAD_LEADER] Sending 5 robots to EXPLORED cells (persistent): [(937.5, 937.5), (562.5, 937.5), (1937.5, 812.5)]...
[BAD_LEADER] Sending 5 robots to EXPLORED cells (persistent): [(937.5, 937.5), (562.5, 937.5), (1937.5, 812.5)]...
[BAD_LEADER] Sending 5 robots to EXPLORED cells (persistent): [(937.5, 937.5), (562.5, 937.5), (1937.5, 812.5)]...
[BAD_LEADER] Sending 5 robots to EXPLORED cells (persistent): [(937.5, 937.5), (562.5, 937.5), (1937.5, 812.5)]...
[BAD_LEADER] Sending 5 robots to EXPLORED cells (persistent): [(937.5, 937.5), (562.5, 937.5), (1937.5, 812.5)]...
[BAD_LEADER] Sending 5 robots to EXPLORED cells (persistent): [(937.5, 937.5), (562.5, 937.5), (1937.5, 812.5)]...
[BAD_LEADER] Sending 5 robots to EXPLORED cells (persistent): [(937.5, 937.5), (562.5, 937.5), (1937.5, 812.5)]...
[BAD_LEADER] Sending 5 robots to EXPLORED cells (persistent): [(937.5, 937.5), (562.5, 937.5), (1937.5, 812.5)]...
[BAD_LEADER] Sending 5 robots to EXPLORED cells (persistent): [(937.5, 937.5), (562.5, 937.5), (1937.5, 812.5)]...
[BAD_LEADER] Sending 5 robots to EXPLORED cells (persistent): [(937.5, 937.5), (562.5, 937.5), (1937.5, 812.5)]...
[ELECTION] New leader: 2
[R1] pos=(926,922) state=follower leader=2 trust=1.00 susp=0.00 cov=18.2%/100.0%
[R1] pos=(926,922) state=follower leader=2 trust=1.00 susp=0.00 cov=18.2%/100.0%
[R1] pos=(926,922) state=follower leader=2 trust=1.00 susp=0.00 cov=18.2%/100.0%
[R1] pos=(926,922) state=follower leader=2 trust=1.00 susp=0.00 cov=18.2%/100.0%
[R1] pos=(926,922) state=follower leader=2 trust=1.00 susp=0.00 cov=18.2%/100.0%
[R1] pos=(926,922) state=follower leader=2 trust=1.00 susp=0.00 cov=18.2%/100.0%
[R1] pos=(926,922) state=follower leader=2 trust=1.00 susp=0.00 cov=18.2%/100.0%
[R1] pos=(926,922) state=follower leader=2 trust=1.00 susp=0.00 cov=18.2%/100.0%
[R1] pos=(926,922) state=follower leader=2 trust=1.00 susp=0.00 cov=18.2%/100.0%
[R1] pos=(926,922) state=follower leader=2 trust=1.00 susp=0.00 cov=18.2%/100.0%
[R1] pos=(926,922) state=follower leader=2 trust=1.00 susp=0.00 cov=18.2%/100.0%
[R1] pos=(926,922) state=follower leader=2 trust=1.00 susp=0.00 cov=18.2%/100.0%
[R1] pos=(926,922) state=follower leader=2 trust=1.00 susp=0.00 cov=18.2%/100.0%
[R1] pos=(926,922) state=follower leader=2 trust=1.00 susp=0.00 cov=18.2%/100.0%
[R1] pos=(926,922) state=follower leader=2 trust=1.00 susp=0.00 cov=18.2%/100.0%
[R1] pos=(926,922) state=follower leader=2 trust=1.00 susp=0.00 cov=18.2%/100.0%
[R1] pos=(926,922) state=follower leader=2 trust=1.00 susp=0.00 cov=18.2%/100.0%
[R1] pos=(926,922) state=follower leader=2 trust=1.00 susp=0.00 cov=18.2%/100.0%
[R1] pos=(926,922) state=follower leader=2 trust=1.00 susp=0.00 cov=18.2%/100.0%
[R1] pos=(926,922) state=follower leader=2 trust=1.00 susp=0.00 cov=18.2%/100.0%
[R1] pos=(926,922) state=follower leader=2 trust=1.00 susp=0.00 cov=18.2%/100.0%
[R1] pos=(926,922) state=follower leader=2 trust=1.00 susp=0.00 cov=18.2%/100.0%
[R1] pos=(926,922) state=follower leader=2 trust=1.00 susp=0.00 cov=18.2%/100.0%
[R1] pos=(926,922) state=follower leader=2 trust=1.00 susp=0.00 cov=18.2%/100.0%
[R1] pos=(926,922) state=follower leader=2 trust=1.00 susp=0.00 cov=18.2%/100.0%
[R1] pos=(926,922) state=follower leader=2 trust=1.00 susp=0.00 cov=18.2%/100.0%
[R1] pos=(926,922) state=follower leader=2 trust=1.00 susp=0.00 cov=18.2%/100.0%
[R1] pos=(926,922) state=follower leader=2 trust=1.00 susp=0.00 cov=18.2%/100.0%
[R1] pos=(926,922) state=follower leader=2 trust=1.00 susp=0.00 cov=18.2%/100.0%
[R1] pos=(926,922) state=follower leader=2 trust=1.00 susp=0.00 cov=18.2%/100.0%
[R1] pos=(926,922) state=follower leader=2 trust=1.00 susp=0.00 cov=18.2%/100.0%
[R1] pos=(926,922) state=follower leader=2 trust=1.00 susp=0.00 cov=18.2%/100.0%
[R1] pos=(926,922) state=follower leader=2 trust=1.00 susp=0.00 cov=18.2%/100.0%
[R1] pos=(926,922) state=follower leader=2 trust=1.00 susp=0.00 cov=18.2%/100.0%
[R1] pos=(926,922) state=follower leader=2 trust=1.00 susp=0.00 cov=18.2%/100.0%
[R1] pos=(926,922) state=follower leader=2 trust=1.00 susp=0.00 cov=18.2%/100.0%
[R1] pos=(926,922) state=follower leader=2 trust=1.00 susp=0.00 cov=18.2%/100.0%
[R1] pos=(926,922) state=follower leader=2 trust=1.00 susp=0.00 cov=18.2%/100.0%
[R1] pos=(926,922) state=follower leader=2 trust=1.00 susp=0.00 cov=18.2%/100.0%
[R1] pos=(926,922) state=follower leader=2 trust=1.00 susp=0.00 cov=18.2%/100.0%
[R1] pos=(926,922) state=follower leader=2 trust=1.00 susp=0.00 cov=18.2%/100.0%
