[WARN] Hardware modules not available - running in simulation mode
=== REIP Node - Robot 5 [SIM (unique ports)] ===
Trust Model: Three-tier confidence-weighted
  Personal: 1.0, ToF: 1.0, Peer: 0.3
  Suspicion threshold: 1.5, Recovery: 0.1

  Logging to: logs/robot_5_20260226_082618.jsonl
Initializing hardware...
  Hardware: SIMULATED
[INFO] Position socket listening on port 6105
[INFO] Peer socket listening on port 6205
[INFO] Fault socket listening on port 6305
Ready!

=== DECENTRALIZED MODE - No leader coordination ===
=== Detection Bounds: T1=2 cmds, T3=8 cmds | Impeachment: T1=8 cmds, T3=32 cmds ===
Running... Press Ctrl+C to stop

[R5] pos=(0,0) state=exploring leader=None trust=1.00 susp=0.00 cov=0.0%/0.0%
[R5] pos=(1764,597) state=exploring leader=None trust=1.00 susp=0.00 cov=0.5%/0.5%
[R5] pos=(1128,562) state=exploring leader=None trust=1.00 susp=0.00 cov=3.1%/15.1%
[R5] pos=(627,563) state=exploring leader=None trust=1.00 susp=0.00 cov=6.2%/27.1%
[R5] pos=(708,179) state=exploring leader=None trust=1.00 susp=0.00 cov=9.9%/38.5%
[R5] pos=(1147,190) state=exploring leader=None trust=1.00 susp=0.00 cov=14.6%/47.4%
[R5] pos=(1658,304) state=exploring leader=None trust=1.00 susp=0.00 cov=18.8%/57.8%
[R5] pos=(1925,285) state=exploring leader=None trust=1.00 susp=0.00 cov=22.4%/65.6%
[R5] pos=(1824,1067) state=exploring leader=None trust=1.00 susp=0.00 cov=26.0%/74.0%
[R5] pos=(1363,1254) state=exploring leader=None trust=1.00 susp=0.00 cov=29.2%/85.4%
[R5] pos=(1063,1425) state=exploring leader=None trust=1.00 susp=0.00 cov=32.3%/93.2%
[R5] pos=(1787,1425) state=exploring leader=None trust=1.00 susp=0.00 cov=36.5%/97.9%
[R5] pos=(1925,1232) state=exploring leader=None trust=1.00 susp=0.00 cov=38.0%/100.0%
[R5] pos=(1925,1222) state=exploring leader=None trust=1.00 susp=0.00 cov=38.0%/100.0%
[R5] pos=(1925,1134) state=exploring leader=None trust=1.00 susp=0.00 cov=38.0%/100.0%
[R5] pos=(1925,1134) state=exploring leader=None trust=1.00 susp=0.00 cov=38.0%/100.0%
[R5] pos=(1925,1151) state=exploring leader=None trust=1.00 susp=0.00 cov=38.0%/100.0%
[R5] pos=(1925,1240) state=exploring leader=None trust=1.00 susp=0.00 cov=38.0%/100.0%
[R5] pos=(1925,1218) state=exploring leader=None trust=1.00 susp=0.00 cov=38.0%/100.0%
[R5] pos=(1925,1121) state=exploring leader=None trust=1.00 susp=0.00 cov=38.0%/100.0%
[R5] pos=(1925,1155) state=exploring leader=None trust=1.00 susp=0.00 cov=38.0%/100.0%
[R5] pos=(1925,1123) state=exploring leader=None trust=1.00 susp=0.00 cov=38.0%/100.0%
[R5] pos=(1925,1216) state=exploring leader=None trust=1.00 susp=0.00 cov=38.0%/100.0%
[R5] pos=(1925,1149) state=exploring leader=None trust=1.00 susp=0.00 cov=38.0%/100.0%
[R5] pos=(1925,1143) state=exploring leader=None trust=1.00 susp=0.00 cov=38.0%/100.0%
[R5] pos=(1925,1259) state=exploring leader=None trust=1.00 susp=0.00 cov=38.0%/100.0%
[R5] pos=(1925,1269) state=exploring leader=None trust=1.00 susp=0.00 cov=38.0%/100.0%
[R5] pos=(1925,1142) state=exploring leader=None trust=1.00 susp=0.00 cov=38.0%/100.0%
[R5] pos=(1925,1238) state=exploring leader=None trust=1.00 susp=0.00 cov=38.0%/100.0%
[R5] pos=(1925,1241) state=exploring leader=None trust=1.00 susp=0.00 cov=38.0%/100.0%
[R5] pos=(1925,1128) state=exploring leader=None trust=1.00 susp=0.00 cov=38.0%/100.0%
[R5] pos=(1925,1220) state=exploring leader=None trust=1.00 susp=0.00 cov=38.0%/100.0%
[R5] pos=(1925,1233) state=exploring leader=None trust=1.00 susp=0.00 cov=38.0%/100.0%
[R5] pos=(1925,1155) state=exploring leader=None trust=1.00 susp=0.00 cov=38.0%/100.0%
[R5] pos=(1925,1150) state=exploring leader=None trust=1.00 susp=0.00 cov=38.0%/100.0%
[R5] pos=(1925,1137) state=exploring leader=None trust=1.00 susp=0.00 cov=38.0%/100.0%
[R5] pos=(1925,1137) state=exploring leader=None trust=1.00 susp=0.00 cov=38.0%/100.0%
[R5] pos=(1925,1137) state=exploring leader=None trust=1.00 susp=0.00 cov=38.0%/100.0%
[R5] pos=(1925,1137) state=exploring leader=None trust=1.00 susp=0.00 cov=38.0%/100.0%
[R5] pos=(1925,1137) state=exploring leader=None trust=1.00 susp=0.00 cov=38.0%/100.0%
[R5] pos=(1925,1235) state=exploring leader=None trust=1.00 susp=0.00 cov=38.0%/100.0%
[R5] pos=(1925,1115) state=exploring leader=None trust=1.00 susp=0.00 cov=38.0%/100.0%
[R5] pos=(1925,1115) state=exploring leader=None trust=1.00 susp=0.00 cov=38.0%/100.0%
[R5] pos=(1925,1115) state=exploring leader=None trust=1.00 susp=0.00 cov=38.0%/100.0%
[R5] pos=(1925,1115) state=exploring leader=None trust=1.00 susp=0.00 cov=38.0%/100.0%
[R5] pos=(1925,1115) state=exploring leader=None trust=1.00 susp=0.00 cov=38.0%/100.0%
[R5] pos=(1925,1115) state=exploring leader=None trust=1.00 susp=0.00 cov=38.0%/100.0%
[R5] pos=(1925,1115) state=exploring leader=None trust=1.00 susp=0.00 cov=38.0%/100.0%
[R5] pos=(1925,1115) state=exploring leader=None trust=1.00 susp=0.00 cov=38.0%/100.0%
[R5] pos=(1925,1115) state=exploring leader=None trust=1.00 susp=0.00 cov=38.0%/100.0%
[R5] pos=(1925,1115) state=exploring leader=None trust=1.00 susp=0.00 cov=38.0%/100.0%
[R5] pos=(1925,1115) state=exploring leader=None trust=1.00 susp=0.00 cov=38.0%/100.0%
[R5] pos=(1925,1115) state=exploring leader=None trust=1.00 susp=0.00 cov=38.0%/100.0%
[R5] pos=(1925,1115) state=exploring leader=None trust=1.00 susp=0.00 cov=38.0%/100.0%
[R5] pos=(1925,1115) state=exploring leader=None trust=1.00 susp=0.00 cov=38.0%/100.0%
[R5] pos=(1925,1115) state=exploring leader=None trust=1.00 susp=0.00 cov=38.0%/100.0%
[R5] pos=(1925,1115) state=exploring leader=None trust=1.00 susp=0.00 cov=38.0%/100.0%
[R5] pos=(1925,1115) state=exploring leader=None trust=1.00 susp=0.00 cov=38.0%/100.0%
[R5] pos=(1925,1115) state=exploring leader=None trust=1.00 susp=0.00 cov=38.0%/100.0%
[R5] pos=(1925,1115) state=exploring leader=None trust=1.00 susp=0.00 cov=38.0%/100.0%
[R5] pos=(1925,1115) state=exploring leader=None trust=1.00 susp=0.00 cov=38.0%/100.0%
[R5] pos=(1925,1115) state=exploring leader=None trust=1.00 susp=0.00 cov=38.0%/100.0%
[R5] pos=(1925,1115) state=exploring leader=None trust=1.00 susp=0.00 cov=38.0%/100.0%
[R5] pos=(1925,1115) state=exploring leader=None trust=1.00 susp=0.00 cov=38.0%/100.0%
[R5] pos=(1925,1115) state=exploring leader=None trust=1.00 susp=0.00 cov=38.0%/100.0%
[R5] pos=(1925,1115) state=exploring leader=None trust=1.00 susp=0.00 cov=38.0%/100.0%
[R5] pos=(1925,1115) state=exploring leader=None trust=1.00 susp=0.00 cov=38.0%/100.0%
[R5] pos=(1925,1115) state=exploring leader=None trust=1.00 susp=0.00 cov=38.0%/100.0%
