[WARN] Hardware modules not available - running in simulation mode
=== REIP Node - Robot 2 [SIM (unique ports)] ===
Trust Model: Three-tier confidence-weighted
  Personal: 1.0, ToF: 1.0, Peer: 0.3
  Suspicion threshold: 1.5, Recovery: 0.1

  Logging to: logs/robot_2_20260226_082618.jsonl
Initializing hardware...
  Hardware: SIMULATED
[INFO] Position socket listening on port 6102
[INFO] Peer socket listening on port 6202
[INFO] Fault socket listening on port 6302
Ready!

=== DECENTRALIZED MODE - No leader coordination ===
=== Detection Bounds: T1=2 cmds, T3=8 cmds | Impeachment: T1=8 cmds, T3=32 cmds ===
Running... Press Ctrl+C to stop

[R2] pos=(0,0) state=exploring leader=None trust=1.00 susp=0.00 cov=0.0%/0.0%
[R2] pos=(1383,259) state=exploring leader=None trust=1.00 susp=0.00 cov=0.5%/0.5%
[R2] pos=(969,313) state=exploring leader=None trust=1.00 susp=0.00 cov=2.6%/15.1%
[R2] pos=(432,312) state=exploring leader=None trust=1.00 susp=0.00 cov=4.7%/26.6%
[R2] pos=(436,176) state=exploring leader=None trust=1.00 susp=0.00 cov=7.3%/38.5%
[R2] pos=(1133,130) state=exploring leader=None trust=1.00 susp=0.00 cov=12.0%/47.4%
[R2] pos=(1637,111) state=exploring leader=None trust=1.00 susp=0.00 cov=15.1%/57.8%
[R2] pos=(1925,386) state=exploring leader=None trust=1.00 susp=0.00 cov=18.8%/65.6%
[R2] pos=(1722,1063) state=exploring leader=None trust=1.00 susp=0.00 cov=22.4%/74.0%
[R2] pos=(1312,1063) state=exploring leader=None trust=1.00 susp=0.00 cov=25.0%/85.4%
[R2] pos=(1178,1425) state=exploring leader=None trust=1.00 susp=0.00 cov=29.7%/93.2%
[R2] pos=(1781,1425) state=exploring leader=None trust=1.00 susp=0.00 cov=33.3%/97.9%
[R2] pos=(1925,1124) state=exploring leader=None trust=1.00 susp=0.00 cov=35.4%/100.0%
[R2] pos=(1925,1147) state=exploring leader=None trust=1.00 susp=0.00 cov=35.4%/100.0%
[R2] pos=(1925,1239) state=exploring leader=None trust=1.00 susp=0.00 cov=35.4%/100.0%
[R2] pos=(1925,1240) state=exploring leader=None trust=1.00 susp=0.00 cov=35.4%/100.0%
[R2] pos=(1925,1125) state=exploring leader=None trust=1.00 susp=0.00 cov=35.4%/100.0%
[R2] pos=(1925,1135) state=exploring leader=None trust=1.00 susp=0.00 cov=35.4%/100.0%
[R2] pos=(1925,1157) state=exploring leader=None trust=1.00 susp=0.00 cov=35.4%/100.0%
[R2] pos=(1925,1254) state=exploring leader=None trust=1.00 susp=0.00 cov=35.4%/100.0%
[R2] pos=(1925,1220) state=exploring leader=None trust=1.00 susp=0.00 cov=35.4%/100.0%
[R2] pos=(1925,1252) state=exploring leader=None trust=1.00 susp=0.00 cov=35.4%/100.0%
[R2] pos=(1925,1159) state=exploring leader=None trust=1.00 susp=0.00 cov=35.4%/100.0%
[R2] pos=(1925,1226) state=exploring leader=None trust=1.00 susp=0.00 cov=35.4%/100.0%
[R2] pos=(1925,1134) state=exploring leader=None trust=1.00 susp=0.00 cov=35.4%/100.0%
[R2] pos=(1925,1116) state=exploring leader=None trust=1.00 susp=0.00 cov=35.4%/100.0%
[R2] pos=(1925,1106) state=exploring leader=None trust=1.00 susp=0.00 cov=35.4%/100.0%
[R2] pos=(1925,1233) state=exploring leader=None trust=1.00 susp=0.00 cov=35.4%/100.0%
[R2] pos=(1925,1137) state=exploring leader=None trust=1.00 susp=0.00 cov=35.4%/100.0%
[R2] pos=(1925,1257) state=exploring leader=None trust=1.00 susp=0.00 cov=35.4%/100.0%
[R2] pos=(1925,1247) state=exploring leader=None trust=1.00 susp=0.00 cov=35.4%/100.0%
[R2] pos=(1925,1155) state=exploring leader=None trust=1.00 susp=0.00 cov=35.4%/100.0%
[R2] pos=(1925,1241) state=exploring leader=None trust=1.00 susp=0.00 cov=35.4%/100.0%
[R2] pos=(1925,1220) state=exploring leader=None trust=1.00 susp=0.00 cov=35.4%/100.0%
[R2] pos=(1925,1225) state=exploring leader=None trust=1.00 susp=0.00 cov=35.4%/100.0%
[R2] pos=(1925,1238) state=exploring leader=None trust=1.00 susp=0.00 cov=35.4%/100.0%
[R2] pos=(1925,1238) state=exploring leader=None trust=1.00 susp=0.00 cov=35.4%/100.0%
[R2] pos=(1925,1238) state=exploring leader=None trust=1.00 susp=0.00 cov=35.4%/100.0%
[R2] pos=(1925,1238) state=exploring leader=None trust=1.00 susp=0.00 cov=35.4%/100.0%
[R2] pos=(1925,1238) state=exploring leader=None trust=1.00 susp=0.00 cov=35.4%/100.0%
[R2] pos=(1925,1140) state=exploring leader=None trust=1.00 susp=0.00 cov=35.4%/100.0%
[R2] pos=(1925,1260) state=exploring leader=None trust=1.00 susp=0.00 cov=35.4%/100.0%
[R2] pos=(1925,1260) state=exploring leader=None trust=1.00 susp=0.00 cov=35.4%/100.0%
[R2] pos=(1925,1260) state=exploring leader=None trust=1.00 susp=0.00 cov=35.4%/100.0%
[R2] pos=(1925,1260) state=exploring leader=None trust=1.00 susp=0.00 cov=35.4%/100.0%
[R2] pos=(1925,1260) state=exploring leader=None trust=1.00 susp=0.00 cov=35.4%/100.0%
[R2] pos=(1925,1260) state=exploring leader=None trust=1.00 susp=0.00 cov=35.4%/100.0%
[R2] pos=(1925,1260) state=exploring leader=None trust=1.00 susp=0.00 cov=35.4%/100.0%
[R2] pos=(1925,1260) state=exploring leader=None trust=1.00 susp=0.00 cov=35.4%/100.0%
[R2] pos=(1925,1260) state=exploring leader=None trust=1.00 susp=0.00 cov=35.4%/100.0%
[R2] pos=(1925,1260) state=exploring leader=None trust=1.00 susp=0.00 cov=35.4%/100.0%
[R2] pos=(1925,1260) state=exploring leader=None trust=1.00 susp=0.00 cov=35.4%/100.0%
[R2] pos=(1925,1260) state=exploring leader=None trust=1.00 susp=0.00 cov=35.4%/100.0%
[R2] pos=(1925,1260) state=exploring leader=None trust=1.00 susp=0.00 cov=35.4%/100.0%
[R2] pos=(1925,1260) state=exploring leader=None trust=1.00 susp=0.00 cov=35.4%/100.0%
[R2] pos=(1925,1260) state=exploring leader=None trust=1.00 susp=0.00 cov=35.4%/100.0%
[R2] pos=(1925,1260) state=exploring leader=None trust=1.00 susp=0.00 cov=35.4%/100.0%
[R2] pos=(1925,1260) state=exploring leader=None trust=1.00 susp=0.00 cov=35.4%/100.0%
[R2] pos=(1925,1260) state=exploring leader=None trust=1.00 susp=0.00 cov=35.4%/100.0%
[R2] pos=(1925,1260) state=exploring leader=None trust=1.00 susp=0.00 cov=35.4%/100.0%
[R2] pos=(1925,1260) state=exploring leader=None trust=1.00 susp=0.00 cov=35.4%/100.0%
[R2] pos=(1925,1260) state=exploring leader=None trust=1.00 susp=0.00 cov=35.4%/100.0%
[R2] pos=(1925,1260) state=exploring leader=None trust=1.00 susp=0.00 cov=35.4%/100.0%
[R2] pos=(1925,1260) state=exploring leader=None trust=1.00 susp=0.00 cov=35.4%/100.0%
[R2] pos=(1925,1260) state=exploring leader=None trust=1.00 susp=0.00 cov=35.4%/100.0%
[R2] pos=(1925,1260) state=exploring leader=None trust=1.00 susp=0.00 cov=35.4%/100.0%
[R2] pos=(1925,1260) state=exploring leader=None trust=1.00 susp=0.00 cov=35.4%/100.0%
[R2] pos=(1925,1260) state=exploring leader=None trust=1.00 susp=0.00 cov=35.4%/100.0%
