[WARN] Hardware modules not available - running in simulation mode
=== REIP Node - Robot 1 [SIM (unique ports)] ===
Trust Model: Three-tier confidence-weighted
  Personal: 1.0, ToF: 1.0, Peer: 0.3
  Suspicion threshold: 1.5, Recovery: 0.1

  Logging to: logs/robot_1_20260226_172344.jsonl
Initializing hardware...
  Hardware: SIMULATED
[INFO] Position socket listening on port 12101
[INFO] Peer socket listening on port 12201
[INFO] Fault socket listening on port 12301
Ready!

=== DECENTRALIZED MODE - No leader coordination ===
=== Detection Bounds: T1=2 cmds, T3=8 cmds | Impeachment: T1=8 cmds, T3=32 cmds ===
Running... Press Ctrl+C to stop

[R1] pos=(0,0) state=exploring leader=None trust=1.00 susp=0.00 cov=0.0%/0.0%
[R1] pos=(856,660) state=exploring leader=None trust=1.00 susp=0.00 cov=0.5%/0.5%
[R1] pos=(280,687) state=exploring leader=None trust=1.00 susp=0.00 cov=2.6%/16.1%
[R1] pos=(188,284) state=exploring leader=None trust=1.00 susp=0.00 cov=5.7%/26.6%
[R1] pos=(666,316) state=exploring leader=None trust=1.00 susp=0.00 cov=8.9%/38.0%
[R1] pos=(1188,313) state=exploring leader=None trust=1.00 susp=0.00 cov=13.0%/48.4%
[R1] pos=(1323,698) state=exploring leader=None trust=1.00 susp=0.00 cov=16.1%/59.4%
[R1] pos=(1655,305) state=exploring leader=None trust=1.00 susp=0.00 cov=19.3%/72.4%
[R1] pos=(1925,376) state=exploring leader=None trust=1.00 susp=0.00 cov=23.4%/78.6%
[R1] pos=(1925,742) state=exploring leader=None trust=1.00 susp=0.00 cov=25.0%/89.6%
[R1] pos=(1815,1300) state=exploring leader=None trust=1.00 susp=0.00 cov=28.1%/99.5%
[R1] pos=(1925,1425) state=exploring leader=None trust=1.00 susp=0.00 cov=28.6%/100.0%
[R1] pos=(1925,1425) state=exploring leader=None trust=1.00 susp=0.00 cov=28.6%/100.0%
[R1] pos=(1925,1425) state=exploring leader=None trust=1.00 susp=0.00 cov=28.6%/100.0%
[R1] pos=(1925,1425) state=exploring leader=None trust=1.00 susp=0.00 cov=28.6%/100.0%
[R1] pos=(1925,1425) state=exploring leader=None trust=1.00 susp=0.00 cov=28.6%/100.0%
[R1] pos=(1925,1425) state=exploring leader=None trust=1.00 susp=0.00 cov=28.6%/100.0%
[R1] pos=(1925,1425) state=exploring leader=None trust=1.00 susp=0.00 cov=28.6%/100.0%
[R1] pos=(1925,1425) state=exploring leader=None trust=1.00 susp=0.00 cov=28.6%/100.0%
[R1] pos=(1925,1425) state=exploring leader=None trust=1.00 susp=0.00 cov=28.6%/100.0%
[R1] pos=(1925,1425) state=exploring leader=None trust=1.00 susp=0.00 cov=28.6%/100.0%
[R1] pos=(1925,1425) state=exploring leader=None trust=1.00 susp=0.00 cov=28.6%/100.0%
[R1] pos=(1925,1425) state=exploring leader=None trust=1.00 susp=0.00 cov=28.6%/100.0%
[R1] pos=(1925,1425) state=exploring leader=None trust=1.00 susp=0.00 cov=28.6%/100.0%
[R1] pos=(1925,1425) state=exploring leader=None trust=1.00 susp=0.00 cov=28.6%/100.0%
[R1] pos=(1925,1425) state=exploring leader=None trust=1.00 susp=0.00 cov=28.6%/100.0%
[R1] pos=(1925,1425) state=exploring leader=None trust=1.00 susp=0.00 cov=28.6%/100.0%
[R1] pos=(1925,1425) state=exploring leader=None trust=1.00 susp=0.00 cov=28.6%/100.0%
[R1] pos=(1925,1425) state=exploring leader=None trust=1.00 susp=0.00 cov=28.6%/100.0%
[R1] pos=(1925,1425) state=exploring leader=None trust=1.00 susp=0.00 cov=28.6%/100.0%
[R1] pos=(1925,1425) state=exploring leader=None trust=1.00 susp=0.00 cov=28.6%/100.0%
[R1] pos=(1925,1425) state=exploring leader=None trust=1.00 susp=0.00 cov=28.6%/100.0%
[R1] pos=(1925,1425) state=exploring leader=None trust=1.00 susp=0.00 cov=28.6%/100.0%
[R1] pos=(1925,1425) state=exploring leader=None trust=1.00 susp=0.00 cov=28.6%/100.0%
[R1] pos=(1925,1425) state=exploring leader=None trust=1.00 susp=0.00 cov=28.6%/100.0%
[R1] pos=(1925,1425) state=exploring leader=None trust=1.00 susp=0.00 cov=28.6%/100.0%
[R1] pos=(1925,1425) state=exploring leader=None trust=1.00 susp=0.00 cov=28.6%/100.0%
[R1] pos=(1925,1425) state=exploring leader=None trust=1.00 susp=0.00 cov=28.6%/100.0%
[R1] pos=(1925,1425) state=exploring leader=None trust=1.00 susp=0.00 cov=28.6%/100.0%
[R1] pos=(1925,1425) state=exploring leader=None trust=1.00 susp=0.00 cov=28.6%/100.0%
[R1] pos=(1925,1425) state=exploring leader=None trust=1.00 susp=0.00 cov=28.6%/100.0%
[R1] pos=(1925,1425) state=exploring leader=None trust=1.00 susp=0.00 cov=28.6%/100.0%
[R1] pos=(1925,1425) state=exploring leader=None trust=1.00 susp=0.00 cov=28.6%/100.0%
[R1] pos=(1925,1425) state=exploring leader=None trust=1.00 susp=0.00 cov=28.6%/100.0%
[R1] pos=(1925,1425) state=exploring leader=None trust=1.00 susp=0.00 cov=28.6%/100.0%
[R1] pos=(1925,1425) state=exploring leader=None trust=1.00 susp=0.00 cov=28.6%/100.0%
[R1] pos=(1925,1425) state=exploring leader=None trust=1.00 susp=0.00 cov=28.6%/100.0%
[R1] pos=(1925,1425) state=exploring leader=None trust=1.00 susp=0.00 cov=28.6%/100.0%
[R1] pos=(1925,1425) state=exploring leader=None trust=1.00 susp=0.00 cov=28.6%/100.0%
[R1] pos=(1925,1425) state=exploring leader=None trust=1.00 susp=0.00 cov=28.6%/100.0%
[R1] pos=(1925,1425) state=exploring leader=None trust=1.00 susp=0.00 cov=28.6%/100.0%
[R1] pos=(1925,1425) state=exploring leader=None trust=1.00 susp=0.00 cov=28.6%/100.0%
[R1] pos=(1925,1425) state=exploring leader=None trust=1.00 susp=0.00 cov=28.6%/100.0%
[R1] pos=(1925,1425) state=exploring leader=None trust=1.00 susp=0.00 cov=28.6%/100.0%
[R1] pos=(1925,1425) state=exploring leader=None trust=1.00 susp=0.00 cov=28.6%/100.0%
[R1] pos=(1925,1425) state=exploring leader=None trust=1.00 susp=0.00 cov=28.6%/100.0%
[R1] pos=(1925,1425) state=exploring leader=None trust=1.00 susp=0.00 cov=28.6%/100.0%
[R1] pos=(1925,1425) state=exploring leader=None trust=1.00 susp=0.00 cov=28.6%/100.0%
[R1] pos=(1925,1425) state=exploring leader=None trust=1.00 susp=0.00 cov=28.6%/100.0%
[R1] pos=(1925,1425) state=exploring leader=None trust=1.00 susp=0.00 cov=28.6%/100.0%
[R1] pos=(1925,1425) state=exploring leader=None trust=1.00 susp=0.00 cov=28.6%/100.0%
[R1] pos=(1925,1425) state=exploring leader=None trust=1.00 susp=0.00 cov=28.6%/100.0%
[R1] pos=(1925,1425) state=exploring leader=None trust=1.00 susp=0.00 cov=28.6%/100.0%
[R1] pos=(1925,1425) state=exploring leader=None trust=1.00 susp=0.00 cov=28.6%/100.0%
[R1] pos=(1925,1425) state=exploring leader=None trust=1.00 susp=0.00 cov=28.6%/100.0%
[R1] pos=(1925,1425) state=exploring leader=None trust=1.00 susp=0.00 cov=28.6%/100.0%
[R1] pos=(1925,1425) state=exploring leader=None trust=1.00 susp=0.00 cov=28.6%/100.0%
[R1] pos=(1925,1425) state=exploring leader=None trust=1.00 susp=0.00 cov=28.6%/100.0%
[R1] pos=(1925,1425) state=exploring leader=None trust=1.00 susp=0.00 cov=28.6%/100.0%
[R1] pos=(1925,1425) state=exploring leader=None trust=1.00 susp=0.00 cov=28.6%/100.0%
[R1] pos=(1925,1425) state=exploring leader=None trust=1.00 susp=0.00 cov=28.6%/100.0%
[R1] pos=(1925,1425) state=exploring leader=None trust=1.00 susp=0.00 cov=28.6%/100.0%
[R1] pos=(1925,1425) state=exploring leader=None trust=1.00 susp=0.00 cov=28.6%/100.0%
[R1] pos=(1925,1425) state=exploring leader=None trust=1.00 susp=0.00 cov=28.6%/100.0%
[R1] pos=(1925,1425) state=exploring leader=None trust=1.00 susp=0.00 cov=28.6%/100.0%
[R1] pos=(1925,1425) state=exploring leader=None trust=1.00 susp=0.00 cov=28.6%/100.0%
[R1] pos=(1925,1425) state=exploring leader=None trust=1.00 susp=0.00 cov=28.6%/100.0%
[R1] pos=(1925,1425) state=exploring leader=None trust=1.00 susp=0.00 cov=28.6%/100.0%
[R1] pos=(1925,1425) state=exploring leader=None trust=1.00 susp=0.00 cov=28.6%/100.0%
[R1] pos=(1925,1425) state=exploring leader=None trust=1.00 susp=0.00 cov=28.6%/100.0%
[R1] pos=(1925,1425) state=exploring leader=None trust=1.00 susp=0.00 cov=28.6%/100.0%
[R1] pos=(1925,1425) state=exploring leader=None trust=1.00 susp=0.00 cov=28.6%/100.0%
[R1] pos=(1925,1425) state=exploring leader=None trust=1.00 susp=0.00 cov=28.6%/100.0%
[R1] pos=(1925,1425) state=exploring leader=None trust=1.00 susp=0.00 cov=28.6%/100.0%
[R1] pos=(1925,1425) state=exploring leader=None trust=1.00 susp=0.00 cov=28.6%/100.0%
[R1] pos=(1925,1425) state=exploring leader=None trust=1.00 susp=0.00 cov=28.6%/100.0%
[R1] pos=(1925,1425) state=exploring leader=None trust=1.00 susp=0.00 cov=28.6%/100.0%
[R1] pos=(1925,1425) state=exploring leader=None trust=1.00 susp=0.00 cov=28.6%/100.0%
[R1] pos=(1925,1425) state=exploring leader=None trust=1.00 susp=0.00 cov=28.6%/100.0%
[R1] pos=(1925,1425) state=exploring leader=None trust=1.00 susp=0.00 cov=28.6%/100.0%
[R1] pos=(1925,1425) state=exploring leader=None trust=1.00 susp=0.00 cov=28.6%/100.0%
[R1] pos=(1925,1425) state=exploring leader=None trust=1.00 susp=0.00 cov=28.6%/100.0%
[R1] pos=(1925,1425) state=exploring leader=None trust=1.00 susp=0.00 cov=28.6%/100.0%
[R1] pos=(1925,1425) state=exploring leader=None trust=1.00 susp=0.00 cov=28.6%/100.0%
[R1] pos=(1925,1425) state=exploring leader=None trust=1.00 susp=0.00 cov=28.6%/100.0%
[R1] pos=(1925,1425) state=exploring leader=None trust=1.00 susp=0.00 cov=28.6%/100.0%
[R1] pos=(1925,1425) state=exploring leader=None trust=1.00 susp=0.00 cov=28.6%/100.0%
[R1] pos=(1925,1425) state=exploring leader=None trust=1.00 susp=0.00 cov=28.6%/100.0%
[R1] pos=(1925,1425) state=exploring leader=None trust=1.00 susp=0.00 cov=28.6%/100.0%
[R1] pos=(1925,1425) state=exploring leader=None trust=1.00 susp=0.00 cov=28.6%/100.0%
