[WARN] Hardware modules not available - running in simulation mode
=== REIP Node - Robot 2 [SIM (unique ports)] ===
Trust Model: Three-tier confidence-weighted
  Personal: 1.0, ToF: 1.0, Peer: 0.3
  Suspicion threshold: 1.5, Recovery: 0.1

  Logging to: logs/robot_2_20260226_171503.jsonl
Initializing hardware...
  Hardware: SIMULATED
[INFO] Position socket listening on port 8102
[INFO] Peer socket listening on port 8202
[INFO] Fault socket listening on port 8302
Ready!

=== Detection Bounds: T1=2 cmds, T3=8 cmds | Impeachment: T1=8 cmds, T3=32 cmds ===
Running... Press Ctrl+C to stop

[ELECTION] New leader: 2
[R2] pos=(0,0) state=leader leader=2 trust=1.00 susp=0.00 cov=0.0%/0.0%
[ELECTION] New leader: 1
[R2] pos=(707,583) state=follower leader=1 trust=1.00 susp=0.00 cov=0.5%/0.5%
[R2] pos=(425,480) state=follower leader=1 trust=1.00 susp=0.00 cov=3.6%/12.5%
[R2] pos=(190,422) state=follower leader=1 trust=1.00 susp=0.00 cov=6.2%/20.8%
[R2] pos=(309,75) state=follower leader=1 trust=1.00 susp=0.00 cov=9.9%/29.7%
[R2] pos=(573,169) state=follower leader=1 trust=1.00 susp=0.00 cov=13.0%/40.6%
[R2] pos=(813,315) state=follower leader=1 trust=1.00 susp=0.00 cov=15.6%/54.2%
[R2] pos=(423,300) state=follower leader=1 trust=1.00 susp=0.00 cov=18.8%/66.7%
[R2] pos=(961,182) state=follower leader=1 trust=1.00 susp=0.00 cov=20.3%/76.6%
[R2] pos=(704,1068) state=follower leader=1 trust=1.00 susp=0.00 cov=24.0%/84.9%
[R2] pos=(133,1103) state=follower leader=1 trust=1.00 susp=0.00 cov=28.1%/96.4%
[R2] pos=(75,1425) state=follower leader=1 trust=1.00 susp=0.00 cov=30.2%/100.0%
[R2] pos=(75,1425) state=follower leader=1 trust=1.00 susp=0.00 cov=30.2%/100.0%
[R2] pos=(75,1425) state=follower leader=1 trust=1.00 susp=0.00 cov=30.2%/100.0%
[R2] pos=(75,1425) state=follower leader=1 trust=1.00 susp=0.00 cov=30.2%/100.0%
[R2] pos=(75,1425) state=follower leader=1 trust=1.00 susp=0.00 cov=30.2%/100.0%
[R2] pos=(75,1425) state=follower leader=1 trust=1.00 susp=0.00 cov=30.2%/100.0%
[R2] pos=(75,1425) state=follower leader=1 trust=1.00 susp=0.00 cov=30.2%/100.0%
[R2] pos=(75,1425) state=follower leader=1 trust=1.00 susp=0.00 cov=30.2%/100.0%
[R2] pos=(75,1425) state=follower leader=1 trust=1.00 susp=0.00 cov=30.2%/100.0%
[R2] pos=(75,1425) state=follower leader=1 trust=1.00 susp=0.00 cov=30.2%/100.0%
[R2] pos=(75,1425) state=follower leader=1 trust=1.00 susp=0.00 cov=30.2%/100.0%
[R2] pos=(75,1425) state=follower leader=1 trust=1.00 susp=0.00 cov=30.2%/100.0%
[R2] pos=(75,1425) state=follower leader=1 trust=1.00 susp=0.00 cov=30.2%/100.0%
[R2] pos=(75,1425) state=follower leader=1 trust=1.00 susp=0.00 cov=30.2%/100.0%
[R2] pos=(75,1425) state=follower leader=1 trust=1.00 susp=0.00 cov=30.2%/100.0%
[R2] pos=(75,1425) state=follower leader=1 trust=1.00 susp=0.00 cov=30.2%/100.0%
[R2] pos=(75,1425) state=follower leader=1 trust=1.00 susp=0.00 cov=30.2%/100.0%
[R2] pos=(75,1425) state=follower leader=1 trust=1.00 susp=0.00 cov=30.2%/100.0%
[R2] pos=(75,1425) state=follower leader=1 trust=1.00 susp=0.00 cov=30.2%/100.0%
[R2] pos=(75,1425) state=follower leader=1 trust=1.00 susp=0.00 cov=30.2%/100.0%
[R2] pos=(75,1425) state=follower leader=1 trust=1.00 susp=0.00 cov=30.2%/100.0%
[R2] pos=(75,1425) state=follower leader=1 trust=1.00 susp=0.00 cov=30.2%/100.0%
[R2] pos=(75,1425) state=follower leader=1 trust=1.00 susp=0.00 cov=30.2%/100.0%
[R2] pos=(75,1425) state=follower leader=1 trust=1.00 susp=0.00 cov=30.2%/100.0%
[R2] pos=(75,1425) state=follower leader=1 trust=1.00 susp=0.00 cov=30.2%/100.0%
[R2] pos=(75,1425) state=follower leader=1 trust=1.00 susp=0.00 cov=30.2%/100.0%
[R2] pos=(75,1425) state=follower leader=1 trust=1.00 susp=0.00 cov=30.2%/100.0%
[R2] pos=(75,1425) state=follower leader=1 trust=1.00 susp=0.00 cov=30.2%/100.0%
[R2] pos=(75,1425) state=follower leader=1 trust=1.00 susp=0.00 cov=30.2%/100.0%
[R2] pos=(75,1425) state=follower leader=1 trust=1.00 susp=0.00 cov=30.2%/100.0%
[R2] pos=(75,1425) state=follower leader=1 trust=1.00 susp=0.00 cov=30.2%/100.0%
[R2] pos=(75,1425) state=follower leader=1 trust=1.00 susp=0.00 cov=30.2%/100.0%
[R2] pos=(75,1425) state=follower leader=1 trust=1.00 susp=0.00 cov=30.2%/100.0%
[R2] pos=(75,1425) state=follower leader=1 trust=1.00 susp=0.00 cov=30.2%/100.0%
[R2] pos=(75,1425) state=follower leader=1 trust=1.00 susp=0.00 cov=30.2%/100.0%
[R2] pos=(75,1425) state=follower leader=1 trust=1.00 susp=0.00 cov=30.2%/100.0%
[R2] pos=(75,1425) state=follower leader=1 trust=1.00 susp=0.00 cov=30.2%/100.0%
[R2] pos=(75,1425) state=follower leader=1 trust=1.00 susp=0.00 cov=30.2%/100.0%
[R2] pos=(75,1425) state=follower leader=1 trust=1.00 susp=0.00 cov=30.2%/100.0%
[R2] pos=(75,1425) state=follower leader=1 trust=1.00 susp=0.00 cov=30.2%/100.0%
[R2] pos=(75,1425) state=follower leader=1 trust=1.00 susp=0.00 cov=30.2%/100.0%
[R2] pos=(75,1425) state=follower leader=1 trust=1.00 susp=0.00 cov=30.2%/100.0%
[R2] pos=(75,1425) state=follower leader=1 trust=1.00 susp=0.00 cov=30.2%/100.0%
[R2] pos=(75,1425) state=follower leader=1 trust=1.00 susp=0.00 cov=30.2%/100.0%
[R2] pos=(75,1425) state=follower leader=1 trust=1.00 susp=0.00 cov=30.2%/100.0%
[R2] pos=(75,1425) state=follower leader=1 trust=1.00 susp=0.00 cov=30.2%/100.0%
[R2] pos=(75,1425) state=follower leader=1 trust=1.00 susp=0.00 cov=30.2%/100.0%
[R2] pos=(75,1425) state=follower leader=1 trust=1.00 susp=0.00 cov=30.2%/100.0%
[R2] pos=(75,1425) state=follower leader=1 trust=1.00 susp=0.00 cov=30.2%/100.0%
[R2] pos=(75,1425) state=follower leader=1 trust=1.00 susp=0.00 cov=30.2%/100.0%
