[WARN] Hardware modules not available - running in simulation mode
=== REIP Node - Robot 1 [SIM (unique ports)] ===
Trust Model: Three-tier confidence-weighted
  Personal: 1.0, ToF: 1.0, Peer: 0.3
  Suspicion threshold: 1.5, Recovery: 0.1

  Logging to: logs/robot_1_20260226_163626.jsonl
Initializing hardware...
  Hardware: SIMULATED
[INFO] Position socket listening on port 23101
[INFO] Peer socket listening on port 23201
[INFO] Fault socket listening on port 23301
Ready!

=== Detection Bounds: T1=2 cmds, T3=8 cmds | Impeachment: T1=8 cmds, T3=32 cmds ===
Running... Press Ctrl+C to stop

[ELECTION] New leader: 1
[R1] pos=(0,0) state=leader leader=1 trust=1.00 susp=0.00 cov=0.0%/0.0%
[R1] pos=(1125,1038) state=leader leader=1 trust=1.00 susp=0.00 cov=0.5%/0.5%
[R1] pos=(1193,958) state=leader leader=1 trust=1.00 susp=0.00 cov=2.1%/11.5%
[R1] pos=(1188,1096) state=leader leader=1 trust=1.00 susp=0.00 cov=2.1%/20.3%
[R1] pos=(1051,1319) state=leader leader=1 trust=1.00 susp=0.00 cov=4.2%/32.3%
[R1] pos=(1240,1425) state=leader leader=1 trust=1.00 susp=0.00 cov=6.8%/44.3%
[R1] pos=(1691,1425) state=leader leader=1 trust=1.00 susp=0.00 cov=10.4%/56.2%
[R1] pos=(1715,1131) state=leader leader=1 trust=1.00 susp=0.00 cov=14.6%/67.7%
[R1] pos=(774,1374) state=leader leader=1 trust=1.00 susp=0.00 cov=17.2%/77.6%
[R1] pos=(268,1425) state=leader leader=1 trust=1.00 susp=0.00 cov=20.3%/88.0%
[R1] pos=(135,1009) state=leader leader=1 trust=1.00 susp=0.00 cov=24.0%/96.9%
[R1] pos=(451,984) state=leader leader=1 trust=1.00 susp=0.00 cov=27.6%/100.0%
[R1] pos=(622,1104) state=leader leader=1 trust=1.00 susp=0.00 cov=28.1%/100.0%
[R1] pos=(552,1055) state=leader leader=1 trust=1.00 susp=0.00 cov=28.6%/100.0%
[R1] pos=(552,1055) state=leader leader=1 trust=1.00 susp=0.00 cov=28.6%/100.0%
[R1] pos=(552,1055) state=leader leader=1 trust=1.00 susp=0.00 cov=28.6%/100.0%
[R1] pos=(552,1055) state=leader leader=1 trust=1.00 susp=0.00 cov=28.6%/100.0%
[FAULT] BAD_LEADER mode activated - will send bad assignments
[BAD_LEADER] Sending 5 robots to EXPLORED cells: [(62.5, 1187.5), (312.5, 187.5), (1812.5, 1062.5)]...
[BAD_LEADER] Sending 5 robots to EXPLORED cells: [(187.5, 1062.5), (1687.5, 437.5), (562.5, 312.5)]...
[BAD_LEADER] Sending 5 robots to EXPLORED cells: [(562.5, 437.5), (687.5, 937.5), (62.5, 562.5)]...
[BAD_LEADER] Sending 5 robots to EXPLORED cells: [(62.5, 562.5), (1812.5, 1437.5), (812.5, 812.5)]...
[BAD_LEADER] Sending 5 robots to EXPLORED cells: [(187.5, 1062.5), (1937.5, 937.5), (1812.5, 1437.5)]...
[BAD_LEADER] Sending 5 robots to EXPLORED cells: [(1437.5, 1062.5), (687.5, 562.5), (562.5, 937.5)]...
[BAD_LEADER] Sending 5 robots to EXPLORED cells: [(1062.5, 1437.5), (437.5, 1312.5), (1187.5, 687.5)]...
[BAD_LEADER] Sending 5 robots to EXPLORED cells: [(812.5, 562.5), (562.5, 687.5), (937.5, 1187.5)]...
[BAD_LEADER] Sending 5 robots to EXPLORED cells: [(1687.5, 562.5), (187.5, 1312.5), (687.5, 562.5)]...
[R1] pos=(450,1042) state=leader leader=1 trust=1.00 susp=0.00 cov=29.7%/100.0%
[BAD_LEADER] Sending 5 robots to EXPLORED cells: [(187.5, 437.5), (437.5, 62.5), (1312.5, 187.5)]...
[BAD_LEADER] Sending 5 robots to EXPLORED cells: [(437.5, 187.5), (312.5, 1187.5), (812.5, 187.5)]...
[BAD_LEADER] Sending 5 robots to EXPLORED cells: [(1937.5, 687.5), (1812.5, 937.5), (1312.5, 187.5)]...
[BAD_LEADER] Sending 5 robots to EXPLORED cells: [(562.5, 687.5), (1687.5, 1187.5), (1437.5, 1437.5)]...
[BAD_LEADER] Sending 5 robots to EXPLORED cells: [(1062.5, 312.5), (187.5, 437.5), (1812.5, 312.5)]...
[BAD_LEADER] Sending 5 robots to EXPLORED cells: [(1312.5, 1312.5), (1937.5, 812.5), (1437.5, 437.5)]...
[BAD_LEADER] Sending 5 robots to EXPLORED cells: [(1937.5, 1187.5), (1187.5, 812.5), (1812.5, 437.5)]...
[BAD_LEADER] Sending 5 robots to EXPLORED cells: [(312.5, 937.5), (812.5, 437.5), (62.5, 562.5)]...
[BAD_LEADER] Sending 5 robots to EXPLORED cells: [(1187.5, 187.5), (687.5, 687.5), (312.5, 312.5)]...
[BAD_LEADER] Sending 5 robots to EXPLORED cells: [(1062.5, 1187.5), (1937.5, 437.5), (312.5, 312.5)]...
[R1] pos=(707,760) state=leader leader=1 trust=1.00 susp=0.00 cov=33.3%/100.0%
[BAD_LEADER] Sending 5 robots to EXPLORED cells: [(62.5, 1062.5), (1687.5, 62.5), (937.5, 562.5)]...
[BAD_LEADER] Sending 5 robots to EXPLORED cells: [(812.5, 812.5), (812.5, 312.5), (1312.5, 687.5)]...
[BAD_LEADER] Sending 5 robots to EXPLORED cells: [(437.5, 187.5), (937.5, 1187.5), (812.5, 1062.5)]...
[BAD_LEADER] Sending 5 robots to EXPLORED cells: [(437.5, 1187.5), (62.5, 687.5), (1812.5, 937.5)]...
[BAD_LEADER] Sending 5 robots to EXPLORED cells: [(937.5, 562.5), (1187.5, 1187.5), (62.5, 187.5)]...
[BAD_LEADER] Sending 5 robots to EXPLORED cells: [(437.5, 1312.5), (312.5, 687.5), (1812.5, 812.5)]...
[BAD_LEADER] Sending 5 robots to EXPLORED cells: [(437.5, 62.5), (562.5, 312.5), (62.5, 937.5)]...
[BAD_LEADER] Sending 5 robots to EXPLORED cells: [(1062.5, 437.5), (1312.5, 1187.5), (937.5, 312.5)]...
[BAD_LEADER] Sending 5 robots to EXPLORED cells: [(812.5, 187.5), (1437.5, 1437.5), (562.5, 437.5)]...
[R1] pos=(695,720) state=leader leader=1 trust=1.00 susp=0.00 cov=33.9%/100.0%
[BAD_LEADER] Sending 5 robots to EXPLORED cells: [(937.5, 1187.5), (1062.5, 812.5), (687.5, 1062.5)]...
[BAD_LEADER] Sending 5 robots to EXPLORED cells: [(562.5, 937.5), (62.5, 562.5), (1812.5, 187.5)]...
[BAD_LEADER] Sending 5 robots to EXPLORED cells: [(1937.5, 687.5), (1062.5, 1437.5), (562.5, 1312.5)]...
[BAD_LEADER] Sending 5 robots to EXPLORED cells: [(937.5, 437.5), (1562.5, 1437.5), (1062.5, 562.5)]...
[BAD_LEADER] Sending 5 robots to EXPLORED cells: [(1187.5, 812.5), (1437.5, 1187.5), (437.5, 187.5)]...
[BAD_LEADER] Sending 5 robots to EXPLORED cells: [(1062.5, 562.5), (1187.5, 312.5), (1812.5, 562.5)]...
[BAD_LEADER] Sending 5 robots to EXPLORED cells: [(937.5, 437.5), (1187.5, 812.5), (1312.5, 562.5)]...
[BAD_LEADER] Sending 5 robots to EXPLORED cells: [(1687.5, 812.5), (1687.5, 687.5), (1562.5, 62.5)]...
[BAD_LEADER] Sending 5 robots to EXPLORED cells: [(1312.5, 62.5), (1812.5, 562.5), (1937.5, 1187.5)]...
[BAD_LEADER] Sending 5 robots to EXPLORED cells: [(1562.5, 312.5), (562.5, 187.5), (812.5, 1437.5)]...
[ELECTION] New leader: 3
[R1] pos=(1082,554) state=follower leader=3 trust=1.00 susp=0.00 cov=35.9%/100.0%
[R1] pos=(1366,75) state=follower leader=3 trust=1.00 susp=0.00 cov=38.0%/100.0%
[R1] pos=(1254,75) state=follower leader=3 trust=1.00 susp=0.00 cov=38.5%/100.0%
[R1] pos=(1280,75) state=follower leader=3 trust=1.00 susp=0.00 cov=39.1%/100.0%
[R1] pos=(1247,75) state=follower leader=3 trust=1.00 susp=0.00 cov=39.1%/100.0%
[R1] pos=(1355,75) state=follower leader=3 trust=1.00 susp=0.00 cov=39.1%/100.0%
[R1] pos=(1355,75) state=follower leader=3 trust=1.00 susp=0.00 cov=39.1%/100.0%
[R1] pos=(1268,75) state=follower leader=3 trust=1.00 susp=0.00 cov=39.1%/100.0%
[R1] pos=(1276,75) state=follower leader=3 trust=1.00 susp=0.00 cov=39.1%/100.0%
[R1] pos=(1284,75) state=follower leader=3 trust=1.00 susp=0.00 cov=39.1%/100.0%
[R1] pos=(1357,75) state=follower leader=3 trust=1.00 susp=0.00 cov=39.1%/100.0%
[R1] pos=(1247,75) state=follower leader=3 trust=1.00 susp=0.00 cov=39.1%/100.0%
[R1] pos=(1256,75) state=follower leader=3 trust=1.00 susp=0.00 cov=39.1%/100.0%
[R1] pos=(1254,75) state=follower leader=3 trust=1.00 susp=0.00 cov=39.1%/100.0%
[R1] pos=(1269,75) state=follower leader=3 trust=1.00 susp=0.00 cov=39.1%/100.0%
[R1] pos=(1232,75) state=follower leader=3 trust=1.00 susp=0.00 cov=39.1%/100.0%
[R1] pos=(1276,75) state=follower leader=3 trust=1.00 susp=0.00 cov=39.1%/100.0%
[R1] pos=(1368,75) state=follower leader=3 trust=1.00 susp=0.00 cov=39.1%/100.0%
[R1] pos=(1362,75) state=follower leader=3 trust=1.00 susp=0.00 cov=39.1%/100.0%
[R1] pos=(1366,75) state=follower leader=3 trust=1.00 susp=0.00 cov=39.1%/100.0%
[R1] pos=(1281,75) state=follower leader=3 trust=1.00 susp=0.00 cov=39.1%/100.0%
[R1] pos=(1283,75) state=follower leader=3 trust=1.00 susp=0.00 cov=39.1%/100.0%
[R1] pos=(1270,75) state=follower leader=3 trust=1.00 susp=0.00 cov=39.1%/100.0%
[R1] pos=(1387,75) state=follower leader=3 trust=1.00 susp=0.00 cov=39.1%/100.0%
[R1] pos=(1262,75) state=follower leader=3 trust=1.00 susp=0.00 cov=39.1%/100.0%
[R1] pos=(1342,75) state=follower leader=3 trust=1.00 susp=0.00 cov=39.1%/100.0%
[R1] pos=(1355,75) state=follower leader=3 trust=1.00 susp=0.00 cov=39.1%/100.0%
[R1] pos=(1364,75) state=follower leader=3 trust=1.00 susp=0.00 cov=39.1%/100.0%
[R1] pos=(1279,75) state=follower leader=3 trust=1.00 susp=0.00 cov=39.1%/100.0%
[R1] pos=(1245,75) state=follower leader=3 trust=1.00 susp=0.00 cov=39.1%/100.0%
[R1] pos=(1261,75) state=follower leader=3 trust=1.00 susp=0.00 cov=39.1%/100.0%
[R1] pos=(1367,75) state=follower leader=3 trust=1.00 susp=0.00 cov=39.1%/100.0%
[R1] pos=(1353,75) state=follower leader=3 trust=1.00 susp=0.00 cov=39.1%/100.0%
[R1] pos=(1242,75) state=follower leader=3 trust=1.00 susp=0.00 cov=39.1%/100.0%
[R1] pos=(1274,75) state=follower leader=3 trust=1.00 susp=0.00 cov=39.1%/100.0%
[R1] pos=(1266,75) state=follower leader=3 trust=1.00 susp=0.00 cov=39.1%/100.0%
[R1] pos=(1233,75) state=follower leader=3 trust=1.00 susp=0.00 cov=39.1%/100.0%
[R1] pos=(1357,75) state=follower leader=3 trust=1.00 susp=0.00 cov=39.1%/100.0%
[R1] pos=(1236,75) state=follower leader=3 trust=1.00 susp=0.00 cov=39.1%/100.0%
[R1] pos=(1340,75) state=follower leader=3 trust=1.00 susp=0.00 cov=39.1%/100.0%
[R1] pos=(1232,75) state=follower leader=3 trust=1.00 susp=0.00 cov=39.1%/100.0%
