[WARN] Hardware modules not available - simulation mode
=== RAFT Baseline - Robot 2 [SIM] ===
NO TRUST. Heartbeat timeout only.

  Logging to: logs/raft_2_20260226_185547.jsonl
Initializing hardware...
  Hardware: SIMULATED
[INFO] Position socket listening on port 12102
[INFO] Peer socket listening on port 12202
[INFO] Fault socket listening on port 12302
Ready!

Running RAFT baseline... Press Ctrl+C to stop

[R2] state=follower leader=None term=0 cov=0.0%/0.0%
[R2] state=follower leader=1 term=1 cov=0.5%/0.5%
[R2] state=follower leader=1 term=1 cov=2.6%/12.5%
[R2] state=follower leader=1 term=1 cov=5.2%/22.9%
[R2] state=follower leader=1 term=1 cov=7.3%/35.4%
[R2] state=follower leader=1 term=1 cov=9.9%/45.8%
[R2] state=follower leader=1 term=1 cov=12.5%/59.4%
[R2] state=follower leader=1 term=1 cov=14.6%/67.7%
[R2] state=follower leader=1 term=1 cov=17.2%/75.0%
[R2] state=follower leader=1 term=1 cov=20.3%/84.9%
[R2] state=follower leader=1 term=1 cov=21.4%/94.3%
[R2] state=follower leader=1 term=1 cov=24.5%/99.5%
[R2] state=follower leader=1 term=1 cov=24.5%/100.0%
[R2] state=follower leader=1 term=1 cov=24.5%/100.0%
[R2] state=follower leader=1 term=1 cov=24.5%/100.0%
[R2] state=follower leader=1 term=1 cov=24.5%/100.0%
[R2] state=follower leader=1 term=1 cov=24.5%/100.0%
[R2] state=follower leader=1 term=1 cov=24.5%/100.0%
[R2] state=follower leader=1 term=1 cov=24.5%/100.0%
[R2] state=follower leader=1 term=1 cov=24.5%/100.0%
[R2] state=follower leader=1 term=1 cov=24.5%/100.0%
[R2] state=follower leader=1 term=1 cov=24.5%/100.0%
[R2] state=follower leader=1 term=1 cov=24.5%/100.0%
[R2] state=follower leader=1 term=1 cov=24.5%/100.0%
[R2] state=follower leader=1 term=1 cov=24.5%/100.0%
[R2] state=follower leader=1 term=1 cov=24.5%/100.0%
[R2] state=follower leader=1 term=1 cov=24.5%/100.0%
[R2] state=follower leader=1 term=1 cov=24.5%/100.0%
[R2] state=follower leader=1 term=1 cov=24.5%/100.0%
[R2] state=follower leader=1 term=1 cov=24.5%/100.0%
[R2] state=follower leader=1 term=1 cov=24.5%/100.0%
[R2] state=follower leader=1 term=1 cov=24.5%/100.0%
[R2] state=follower leader=1 term=1 cov=24.5%/100.0%
[R2] state=follower leader=1 term=1 cov=24.5%/100.0%
[R2] state=follower leader=1 term=1 cov=24.5%/100.0%
[R2] state=follower leader=1 term=1 cov=24.5%/100.0%
[R2] state=follower leader=1 term=1 cov=24.5%/100.0%
[R2] state=follower leader=1 term=1 cov=24.5%/100.0%
[R2] state=follower leader=1 term=1 cov=24.5%/100.0%
[R2] state=follower leader=1 term=1 cov=24.5%/100.0%
[R2] state=follower leader=1 term=1 cov=24.5%/100.0%
[R2] state=follower leader=1 term=1 cov=24.5%/100.0%
[R2] state=follower leader=1 term=1 cov=24.5%/100.0%
[R2] state=follower leader=1 term=1 cov=24.5%/100.0%
[R2] state=follower leader=1 term=1 cov=24.5%/100.0%
[R2] state=follower leader=1 term=1 cov=24.5%/100.0%
[R2] state=follower leader=1 term=1 cov=24.5%/100.0%
[R2] state=follower leader=1 term=1 cov=24.5%/100.0%
[R2] state=follower leader=1 term=1 cov=24.5%/100.0%
[R2] state=follower leader=1 term=1 cov=24.5%/100.0%
[R2] state=follower leader=1 term=1 cov=24.5%/100.0%
[R2] state=follower leader=1 term=1 cov=24.5%/100.0%
[R2] state=follower leader=1 term=1 cov=24.5%/100.0%
[R2] state=follower leader=1 term=1 cov=24.5%/100.0%
[R2] state=follower leader=1 term=1 cov=24.5%/100.0%
[R2] state=follower leader=1 term=1 cov=24.5%/100.0%
[R2] state=follower leader=1 term=1 cov=24.5%/100.0%
[R2] state=follower leader=1 term=1 cov=24.5%/100.0%
[R2] state=follower leader=1 term=1 cov=24.5%/100.0%
[R2] state=follower leader=1 term=1 cov=24.5%/100.0%
[R2] state=follower leader=1 term=1 cov=24.5%/100.0%
[R2] state=follower leader=1 term=1 cov=24.5%/100.0%
