[WARN] Hardware modules not available - simulation mode
=== RAFT Baseline - Robot 4 [SIM] ===
NO TRUST. Heartbeat timeout only.

  Logging to: logs/raft_4_20260226_161842.jsonl
Initializing hardware...
  Hardware: SIMULATED
[INFO] Position socket listening on port 12104
[INFO] Peer socket listening on port 12204
[INFO] Fault socket listening on port 12304
Ready!

Running RAFT baseline... Press Ctrl+C to stop

[R4] state=follower leader=None term=0 cov=0.0%/0.0%
[R4] state=follower leader=3 term=1 cov=0.5%/2.1%
[R4] state=follower leader=3 term=1 cov=3.1%/11.5%
[R4] state=follower leader=3 term=1 cov=6.2%/23.4%
[R4] state=follower leader=3 term=1 cov=8.3%/33.3%
[R4] state=follower leader=3 term=1 cov=10.9%/44.3%
[R4] state=follower leader=3 term=1 cov=13.5%/54.2%
[R4] state=follower leader=3 term=1 cov=16.1%/62.5%
[R4] state=follower leader=3 term=1 cov=17.7%/66.7%
[R4] state=follower leader=3 term=1 cov=21.4%/72.9%
[R4] state=follower leader=3 term=1 cov=23.4%/79.7%
[R4] state=follower leader=3 term=1 cov=26.0%/90.1%
[R4] state=follower leader=3 term=1 cov=27.6%/98.4%
[R4] state=follower leader=3 term=1 cov=27.6%/100.0%
[R4] state=follower leader=3 term=1 cov=27.6%/100.0%
[R4] state=follower leader=3 term=1 cov=27.6%/100.0%
[R4] state=follower leader=3 term=1 cov=27.6%/100.0%
[R4] state=follower leader=3 term=1 cov=27.6%/100.0%
[R4] state=follower leader=3 term=1 cov=27.6%/100.0%
[R4] state=follower leader=3 term=1 cov=27.6%/100.0%
[R4] state=follower leader=3 term=1 cov=27.6%/100.0%
