[WARN] Hardware modules not available - simulation mode
=== RAFT Baseline - Robot 5 [SIM] ===
NO TRUST. Heartbeat timeout only.

  Logging to: logs/raft_5_20260226_161842.jsonl
Initializing hardware...
  Hardware: SIMULATED
[INFO] Position socket listening on port 12105
[INFO] Peer socket listening on port 12205
[INFO] Fault socket listening on port 12305
Ready!

Running RAFT baseline... Press Ctrl+C to stop

[R5] state=follower leader=None term=0 cov=0.0%/0.0%
[R5] state=follower leader=3 term=1 cov=0.5%/2.1%
[R5] state=follower leader=3 term=1 cov=3.1%/11.5%
[R5] state=follower leader=3 term=1 cov=5.7%/23.4%
[R5] state=follower leader=3 term=1 cov=8.3%/33.3%
[R5] state=follower leader=3 term=1 cov=10.9%/44.3%
[R5] state=follower leader=3 term=1 cov=13.5%/54.2%
[R5] state=follower leader=3 term=1 cov=15.1%/62.5%
[R5] state=follower leader=3 term=1 cov=16.1%/66.7%
[R5] state=follower leader=3 term=1 cov=18.2%/72.9%
[R5] state=follower leader=3 term=1 cov=21.4%/79.7%
[R5] state=follower leader=3 term=1 cov=23.4%/90.1%
[R5] state=follower leader=3 term=1 cov=26.0%/98.4%
[R5] state=follower leader=3 term=1 cov=26.6%/100.0%
[R5] state=follower leader=3 term=1 cov=26.6%/100.0%
[R5] state=follower leader=3 term=1 cov=26.6%/100.0%
[R5] state=follower leader=3 term=1 cov=26.6%/100.0%
[R5] state=follower leader=3 term=1 cov=26.6%/100.0%
[R5] state=follower leader=3 term=1 cov=26.6%/100.0%
[R5] state=follower leader=3 term=1 cov=26.6%/100.0%
[R5] state=follower leader=3 term=1 cov=26.6%/100.0%
