[WARN] Hardware modules not available - simulation mode
=== RAFT Baseline - Robot 2 [SIM] ===
NO TRUST. Heartbeat timeout only.

  Logging to: logs/raft_2_20260226_162136.jsonl
Initializing hardware...
  Hardware: SIMULATED
[INFO] Position socket listening on port 8102
[INFO] Peer socket listening on port 8202
[INFO] Fault socket listening on port 8302
Ready!

Running RAFT baseline... Press Ctrl+C to stop

[R2] state=follower leader=None term=0 cov=0.0%/0.0%
[R2] state=follower leader=5 term=1 cov=0.5%/0.5%
[R2] state=follower leader=5 term=1 cov=3.1%/12.0%
[R2] state=follower leader=5 term=1 cov=5.2%/20.8%
[R2] state=follower leader=5 term=1 cov=7.3%/33.3%
[R2] state=follower leader=5 term=1 cov=9.4%/43.8%
[R2] state=follower leader=5 term=1 cov=11.5%/55.2%
[R2] state=follower leader=5 term=1 cov=14.1%/65.6%
[R2] state=follower leader=5 term=1 cov=16.7%/75.5%
[R2] state=follower leader=5 term=1 cov=19.3%/82.3%
[R2] state=follower leader=5 term=1 cov=21.9%/90.1%
[R2] state=follower leader=5 term=1 cov=23.4%/94.8%
[R2] state=follower leader=5 term=1 cov=24.5%/97.4%
[R2] state=follower leader=5 term=1 cov=26.0%/100.0%
[R2] state=follower leader=5 term=1 cov=26.0%/100.0%
[R2] state=follower leader=5 term=1 cov=26.0%/100.0%
[R2] state=follower leader=5 term=1 cov=26.0%/100.0%
[R2] state=follower leader=5 term=1 cov=26.0%/100.0%
[R2] state=follower leader=5 term=1 cov=26.0%/100.0%
[R2] state=follower leader=5 term=1 cov=26.0%/100.0%
[R2] state=follower leader=5 term=1 cov=26.0%/100.0%
[R2] state=follower leader=5 term=1 cov=26.0%/100.0%
[R2] state=follower leader=5 term=1 cov=26.0%/100.0%
[R2] state=follower leader=5 term=1 cov=26.0%/100.0%
[R2] state=follower leader=5 term=1 cov=26.0%/100.0%
[R2] state=follower leader=5 term=1 cov=26.0%/100.0%
[R2] state=follower leader=5 term=1 cov=26.0%/100.0%
[R2] state=follower leader=5 term=1 cov=26.0%/100.0%
[R2] state=follower leader=5 term=1 cov=26.0%/100.0%
[R2] state=follower leader=5 term=1 cov=26.0%/100.0%
[R2] state=follower leader=5 term=1 cov=26.0%/100.0%
[R2] state=follower leader=5 term=1 cov=26.0%/100.0%
[R2] state=follower leader=5 term=1 cov=26.0%/100.0%
[R2] state=follower leader=5 term=1 cov=26.0%/100.0%
[R2] state=follower leader=5 term=1 cov=26.0%/100.0%
[R2] state=follower leader=5 term=1 cov=26.0%/100.0%
[R2] state=follower leader=5 term=1 cov=26.0%/100.0%
[R2] state=follower leader=5 term=1 cov=26.0%/100.0%
[R2] state=follower leader=5 term=1 cov=26.0%/100.0%
[R2] state=follower leader=5 term=1 cov=26.0%/100.0%
[R2] state=follower leader=5 term=1 cov=26.0%/100.0%
[R2] state=follower leader=5 term=1 cov=26.0%/100.0%
[R2] state=follower leader=5 term=1 cov=26.0%/100.0%
[R2] state=follower leader=5 term=1 cov=26.0%/100.0%
[R2] state=follower leader=5 term=1 cov=26.0%/100.0%
[R2] state=follower leader=5 term=1 cov=26.0%/100.0%
[R2] state=follower leader=5 term=1 cov=26.0%/100.0%
[R2] state=follower leader=5 term=1 cov=26.0%/100.0%
[R2] state=follower leader=5 term=1 cov=26.0%/100.0%
[R2] state=follower leader=5 term=1 cov=26.0%/100.0%
[R2] state=follower leader=5 term=1 cov=26.0%/100.0%
[R2] state=follower leader=5 term=1 cov=26.0%/100.0%
[R2] state=follower leader=5 term=1 cov=26.0%/100.0%
[R2] state=follower leader=5 term=1 cov=26.0%/100.0%
[R2] state=follower leader=5 term=1 cov=26.0%/100.0%
[R2] state=follower leader=5 term=1 cov=26.0%/100.0%
[R2] state=follower leader=5 term=1 cov=26.0%/100.0%
[R2] state=follower leader=5 term=1 cov=26.0%/100.0%
[R2] state=follower leader=5 term=1 cov=26.0%/100.0%
[R2] state=follower leader=5 term=1 cov=26.0%/100.0%
[R2] state=follower leader=5 term=1 cov=26.0%/100.0%
[R2] state=follower leader=5 term=1 cov=26.0%/100.0%
