[WARN] Hardware modules not available - running in simulation mode
=== REIP Node - Robot 3 [SIM (unique ports)] ===
Trust Model: Three-tier confidence-weighted
  Personal: 1.0, ToF: 1.0, Peer: 0.3
  Suspicion threshold: 1.5, Recovery: 0.1

  Logging to: logs/robot_3_20260226_162536.jsonl
Initializing hardware...
  Hardware: SIMULATED
[INFO] Position socket listening on port 11103
[INFO] Peer socket listening on port 11203
[INFO] Fault socket listening on port 11303
Ready!

=== DECENTRALIZED MODE - No leader coordination ===
=== Detection Bounds: T1=2 cmds, T3=8 cmds | Impeachment: T1=8 cmds, T3=32 cmds ===
Running... Press Ctrl+C to stop

[R3] pos=(0,0) state=exploring leader=None trust=1.00 susp=0.00 cov=0.0%/0.0%
[R3] pos=(1790,937) state=exploring leader=None trust=1.00 susp=0.00 cov=0.5%/0.5%
[R3] pos=(1394,814) state=exploring leader=None trust=1.00 susp=0.00 cov=3.1%/15.6%
[R3] pos=(1449,682) state=exploring leader=None trust=1.00 susp=0.00 cov=4.7%/27.1%
[R3] pos=(1925,389) state=exploring leader=None trust=1.00 susp=0.00 cov=7.8%/41.1%
[R3] pos=(1035,437) state=exploring leader=None trust=1.00 susp=0.00 cov=11.5%/54.2%
[R3] pos=(1095,802) state=exploring leader=None trust=1.00 susp=0.00 cov=14.1%/62.5%
[R3] pos=(556,1060) state=exploring leader=None trust=1.00 susp=0.00 cov=17.7%/74.0%
[R3] pos=(920,1340) state=exploring leader=None trust=1.00 susp=0.00 cov=21.4%/82.3%
[R3] pos=(1338,916) state=exploring leader=None trust=1.00 susp=0.00 cov=25.0%/91.1%
[R3] pos=(1559,1414) state=exploring leader=None trust=1.00 susp=0.00 cov=28.6%/96.4%
[R3] pos=(1925,1147) state=exploring leader=None trust=1.00 susp=0.00 cov=32.3%/100.0%
[R3] pos=(1925,1248) state=exploring leader=None trust=1.00 susp=0.00 cov=32.3%/100.0%
[R3] pos=(1925,1240) state=exploring leader=None trust=1.00 susp=0.00 cov=32.3%/100.0%
[R3] pos=(1925,1119) state=exploring leader=None trust=1.00 susp=0.00 cov=32.8%/100.0%
[R3] pos=(1925,1139) state=exploring leader=None trust=1.00 susp=0.00 cov=32.8%/100.0%
[R3] pos=(1925,1119) state=exploring leader=None trust=1.00 susp=0.00 cov=32.8%/100.0%
[R3] pos=(1925,1227) state=exploring leader=None trust=1.00 susp=0.00 cov=32.8%/100.0%
[R3] pos=(1925,1216) state=exploring leader=None trust=1.00 susp=0.00 cov=32.8%/100.0%
[R3] pos=(1925,1217) state=exploring leader=None trust=1.00 susp=0.00 cov=32.8%/100.0%
[R3] pos=(1925,1151) state=exploring leader=None trust=1.00 susp=0.00 cov=32.8%/100.0%
[R3] pos=(1925,1150) state=exploring leader=None trust=1.00 susp=0.00 cov=32.8%/100.0%
[R3] pos=(1925,1158) state=exploring leader=None trust=1.00 susp=0.00 cov=32.8%/100.0%
[R3] pos=(1925,1246) state=exploring leader=None trust=1.00 susp=0.00 cov=32.8%/100.0%
[R3] pos=(1925,1224) state=exploring leader=None trust=1.00 susp=0.00 cov=32.8%/100.0%
[R3] pos=(1925,1141) state=exploring leader=None trust=1.00 susp=0.00 cov=32.8%/100.0%
[R3] pos=(1925,1135) state=exploring leader=None trust=1.00 susp=0.00 cov=32.8%/100.0%
[R3] pos=(1925,1142) state=exploring leader=None trust=1.00 susp=0.00 cov=32.8%/100.0%
[R3] pos=(1925,1232) state=exploring leader=None trust=1.00 susp=0.00 cov=32.8%/100.0%
[R3] pos=(1925,1241) state=exploring leader=None trust=1.00 susp=0.00 cov=32.8%/100.0%
[R3] pos=(1925,1241) state=exploring leader=None trust=1.00 susp=0.00 cov=32.8%/100.0%
[R3] pos=(1925,1133) state=exploring leader=None trust=1.00 susp=0.00 cov=32.8%/100.0%
[R3] pos=(1925,1141) state=exploring leader=None trust=1.00 susp=0.00 cov=32.8%/100.0%
[R3] pos=(1925,1245) state=exploring leader=None trust=1.00 susp=0.00 cov=32.8%/100.0%
[R3] pos=(1925,1255) state=exploring leader=None trust=1.00 susp=0.00 cov=32.8%/100.0%
[R3] pos=(1925,1227) state=exploring leader=None trust=1.00 susp=0.00 cov=32.8%/100.0%
[R3] pos=(1925,1117) state=exploring leader=None trust=1.00 susp=0.00 cov=32.8%/100.0%
[R3] pos=(1925,1119) state=exploring leader=None trust=1.00 susp=0.00 cov=32.8%/100.0%
[R3] pos=(1925,1218) state=exploring leader=None trust=1.00 susp=0.00 cov=32.8%/100.0%
[R3] pos=(1925,1141) state=exploring leader=None trust=1.00 susp=0.00 cov=32.8%/100.0%
[R3] pos=(1925,1247) state=exploring leader=None trust=1.00 susp=0.00 cov=32.8%/100.0%
[R3] pos=(1925,1227) state=exploring leader=None trust=1.00 susp=0.00 cov=32.8%/100.0%
[R3] pos=(1925,1255) state=exploring leader=None trust=1.00 susp=0.00 cov=32.8%/100.0%
[R3] pos=(1925,1257) state=exploring leader=None trust=1.00 susp=0.00 cov=32.8%/100.0%
[R3] pos=(1925,1257) state=exploring leader=None trust=1.00 susp=0.00 cov=32.8%/100.0%
[R3] pos=(1925,1157) state=exploring leader=None trust=1.00 susp=0.00 cov=32.8%/100.0%
[R3] pos=(1925,1216) state=exploring leader=None trust=1.00 susp=0.00 cov=32.8%/100.0%
[R3] pos=(1925,1226) state=exploring leader=None trust=1.00 susp=0.00 cov=32.8%/100.0%
[R3] pos=(1925,1252) state=exploring leader=None trust=1.00 susp=0.00 cov=32.8%/100.0%
[R3] pos=(1925,1159) state=exploring leader=None trust=1.00 susp=0.00 cov=32.8%/100.0%
[R3] pos=(1925,1151) state=exploring leader=None trust=1.00 susp=0.00 cov=32.8%/100.0%
[R3] pos=(1925,1223) state=exploring leader=None trust=1.00 susp=0.00 cov=32.8%/100.0%
[R3] pos=(1925,1119) state=exploring leader=None trust=1.00 susp=0.00 cov=32.8%/100.0%
[R3] pos=(1925,1242) state=exploring leader=None trust=1.00 susp=0.00 cov=32.8%/100.0%
[R3] pos=(1925,1121) state=exploring leader=None trust=1.00 susp=0.00 cov=32.8%/100.0%
[R3] pos=(1925,1243) state=exploring leader=None trust=1.00 susp=0.00 cov=32.8%/100.0%
[R3] pos=(1925,1243) state=exploring leader=None trust=1.00 susp=0.00 cov=32.8%/100.0%
[R3] pos=(1925,1243) state=exploring leader=None trust=1.00 susp=0.00 cov=32.8%/100.0%
