[WARN] Hardware modules not available - running in simulation mode
=== REIP Node - Robot 2 [SIM (unique ports)] ===
Trust Model: Three-tier confidence-weighted
  Personal: 1.0, ToF: 1.0, Peer: 0.3
  Suspicion threshold: 1.5, Recovery: 0.1

  Logging to: logs/robot_2_20260226_162536.jsonl
Initializing hardware...
  Hardware: SIMULATED
[INFO] Position socket listening on port 11102
[INFO] Peer socket listening on port 11202
[INFO] Fault socket listening on port 11302
Ready!

=== DECENTRALIZED MODE - No leader coordination ===
=== Detection Bounds: T1=2 cmds, T3=8 cmds | Impeachment: T1=8 cmds, T3=32 cmds ===
Running... Press Ctrl+C to stop

[R2] pos=(0,0) state=exploring leader=None trust=1.00 susp=0.00 cov=0.0%/0.0%
[R2] pos=(1383,259) state=exploring leader=None trust=1.00 susp=0.00 cov=0.5%/0.5%
[R2] pos=(757,312) state=exploring leader=None trust=1.00 susp=0.00 cov=3.6%/15.6%
[R2] pos=(361,187) state=exploring leader=None trust=1.00 susp=0.00 cov=6.2%/27.1%
[R2] pos=(739,75) state=exploring leader=None trust=1.00 susp=0.00 cov=8.9%/41.1%
[R2] pos=(1303,75) state=exploring leader=None trust=1.00 susp=0.00 cov=13.5%/54.2%
[R2] pos=(1684,209) state=exploring leader=None trust=1.00 susp=0.00 cov=17.2%/62.5%
[R2] pos=(1925,495) state=exploring leader=None trust=1.00 susp=0.00 cov=20.3%/74.0%
[R2] pos=(1633,1048) state=exploring leader=None trust=1.00 susp=0.00 cov=24.0%/81.8%
[R2] pos=(1285,955) state=exploring leader=None trust=1.00 susp=0.00 cov=27.1%/91.1%
[R2] pos=(1558,1414) state=exploring leader=None trust=1.00 susp=0.00 cov=30.7%/96.4%
[R2] pos=(1925,1147) state=exploring leader=None trust=1.00 susp=0.00 cov=34.4%/100.0%
[R2] pos=(1925,1248) state=exploring leader=None trust=1.00 susp=0.00 cov=34.4%/100.0%
[R2] pos=(1925,1240) state=exploring leader=None trust=1.00 susp=0.00 cov=34.4%/100.0%
[R2] pos=(1925,1119) state=exploring leader=None trust=1.00 susp=0.00 cov=34.4%/100.0%
[R2] pos=(1925,1139) state=exploring leader=None trust=1.00 susp=0.00 cov=34.4%/100.0%
[R2] pos=(1925,1119) state=exploring leader=None trust=1.00 susp=0.00 cov=34.4%/100.0%
[R2] pos=(1925,1227) state=exploring leader=None trust=1.00 susp=0.00 cov=34.4%/100.0%
[R2] pos=(1925,1216) state=exploring leader=None trust=1.00 susp=0.00 cov=34.4%/100.0%
[R2] pos=(1925,1217) state=exploring leader=None trust=1.00 susp=0.00 cov=34.4%/100.0%
[R2] pos=(1925,1151) state=exploring leader=None trust=1.00 susp=0.00 cov=34.4%/100.0%
[R2] pos=(1925,1150) state=exploring leader=None trust=1.00 susp=0.00 cov=34.4%/100.0%
[R2] pos=(1925,1257) state=exploring leader=None trust=1.00 susp=0.00 cov=34.4%/100.0%
[R2] pos=(1925,1246) state=exploring leader=None trust=1.00 susp=0.00 cov=34.4%/100.0%
[R2] pos=(1925,1224) state=exploring leader=None trust=1.00 susp=0.00 cov=34.4%/100.0%
[R2] pos=(1925,1141) state=exploring leader=None trust=1.00 susp=0.00 cov=34.4%/100.0%
[R2] pos=(1925,1135) state=exploring leader=None trust=1.00 susp=0.00 cov=34.4%/100.0%
[R2] pos=(1925,1142) state=exploring leader=None trust=1.00 susp=0.00 cov=34.4%/100.0%
[R2] pos=(1925,1232) state=exploring leader=None trust=1.00 susp=0.00 cov=34.4%/100.0%
[R2] pos=(1925,1241) state=exploring leader=None trust=1.00 susp=0.00 cov=34.4%/100.0%
[R2] pos=(1925,1241) state=exploring leader=None trust=1.00 susp=0.00 cov=34.4%/100.0%
[R2] pos=(1925,1133) state=exploring leader=None trust=1.00 susp=0.00 cov=34.4%/100.0%
[R2] pos=(1925,1141) state=exploring leader=None trust=1.00 susp=0.00 cov=34.4%/100.0%
[R2] pos=(1925,1245) state=exploring leader=None trust=1.00 susp=0.00 cov=34.4%/100.0%
[R2] pos=(1925,1255) state=exploring leader=None trust=1.00 susp=0.00 cov=34.4%/100.0%
[R2] pos=(1925,1227) state=exploring leader=None trust=1.00 susp=0.00 cov=34.4%/100.0%
[R2] pos=(1925,1117) state=exploring leader=None trust=1.00 susp=0.00 cov=34.4%/100.0%
[R2] pos=(1925,1119) state=exploring leader=None trust=1.00 susp=0.00 cov=34.4%/100.0%
[R2] pos=(1925,1218) state=exploring leader=None trust=1.00 susp=0.00 cov=34.4%/100.0%
[R2] pos=(1925,1141) state=exploring leader=None trust=1.00 susp=0.00 cov=34.4%/100.0%
[R2] pos=(1925,1247) state=exploring leader=None trust=1.00 susp=0.00 cov=34.4%/100.0%
[R2] pos=(1925,1227) state=exploring leader=None trust=1.00 susp=0.00 cov=34.4%/100.0%
[R2] pos=(1925,1255) state=exploring leader=None trust=1.00 susp=0.00 cov=34.4%/100.0%
[R2] pos=(1925,1257) state=exploring leader=None trust=1.00 susp=0.00 cov=34.4%/100.0%
[R2] pos=(1925,1257) state=exploring leader=None trust=1.00 susp=0.00 cov=34.4%/100.0%
[R2] pos=(1925,1157) state=exploring leader=None trust=1.00 susp=0.00 cov=34.4%/100.0%
[R2] pos=(1925,1216) state=exploring leader=None trust=1.00 susp=0.00 cov=34.4%/100.0%
[R2] pos=(1925,1226) state=exploring leader=None trust=1.00 susp=0.00 cov=34.4%/100.0%
[R2] pos=(1925,1252) state=exploring leader=None trust=1.00 susp=0.00 cov=34.4%/100.0%
[R2] pos=(1925,1159) state=exploring leader=None trust=1.00 susp=0.00 cov=34.4%/100.0%
[R2] pos=(1925,1151) state=exploring leader=None trust=1.00 susp=0.00 cov=34.4%/100.0%
[R2] pos=(1925,1223) state=exploring leader=None trust=1.00 susp=0.00 cov=34.4%/100.0%
[R2] pos=(1925,1119) state=exploring leader=None trust=1.00 susp=0.00 cov=34.4%/100.0%
[R2] pos=(1925,1242) state=exploring leader=None trust=1.00 susp=0.00 cov=34.4%/100.0%
[R2] pos=(1925,1121) state=exploring leader=None trust=1.00 susp=0.00 cov=34.4%/100.0%
[R2] pos=(1925,1243) state=exploring leader=None trust=1.00 susp=0.00 cov=34.4%/100.0%
[R2] pos=(1925,1243) state=exploring leader=None trust=1.00 susp=0.00 cov=34.4%/100.0%
[R2] pos=(1925,1243) state=exploring leader=None trust=1.00 susp=0.00 cov=34.4%/100.0%
