[WARN] Hardware modules not available - simulation mode
=== RAFT Baseline - Robot 1 [SIM] ===
NO TRUST. Heartbeat timeout only.

  Logging to: logs/raft_1_20260226_163527.jsonl
Initializing hardware...
  Hardware: SIMULATED
[INFO] Position socket listening on port 19101
[INFO] Peer socket listening on port 19201
[INFO] Fault socket listening on port 19301
Ready!

Running RAFT baseline... Press Ctrl+C to stop

[R1] state=follower leader=None term=0 cov=0.0%/0.0%
[R1] state=follower leader=2 term=1 cov=0.5%/0.5%
[R1] state=follower leader=2 term=1 cov=2.6%/12.0%
[R1] state=follower leader=2 term=1 cov=5.2%/23.4%
[R1] state=follower leader=2 term=1 cov=7.8%/33.9%
[R1] state=follower leader=2 term=1 cov=9.9%/43.2%
[R1] state=follower leader=2 term=1 cov=12.5%/54.7%
[R1] state=follower leader=2 term=1 cov=15.1%/65.1%
[R1] state=follower leader=2 term=1 cov=17.7%/74.5%
[R1] state=follower leader=2 term=1 cov=19.3%/85.4%
[R1] state=follower leader=2 term=1 cov=20.3%/92.7%
[R1] state=follower leader=2 term=1 cov=21.4%/96.4%
[R1] state=follower leader=2 term=1 cov=25.5%/97.9%
[R1] state=follower leader=2 term=1 cov=27.6%/100.0%
[R1] state=follower leader=2 term=1 cov=27.6%/100.0%
[R1] state=follower leader=2 term=1 cov=27.6%/100.0%
[FAULT] BAD_LEADER mode - will send bad assignments (Raft CANNOT detect this)
[R1] state=follower leader=2 term=1 cov=27.6%/100.0%
[R1] state=follower leader=2 term=1 cov=27.6%/100.0%
[R1] state=follower leader=2 term=1 cov=27.6%/100.0%
[R1] state=follower leader=2 term=1 cov=27.6%/100.0%
[R1] state=follower leader=2 term=1 cov=27.6%/100.0%
[R1] state=follower leader=2 term=1 cov=27.6%/100.0%
[R1] state=follower leader=2 term=1 cov=27.6%/100.0%
[R1] state=follower leader=2 term=1 cov=27.6%/100.0%
[R1] state=follower leader=2 term=1 cov=27.6%/100.0%
[R1] state=follower leader=2 term=1 cov=27.6%/100.0%
[R1] state=follower leader=2 term=1 cov=27.6%/100.0%
[R1] state=follower leader=2 term=1 cov=27.6%/100.0%
[R1] state=follower leader=2 term=1 cov=27.6%/100.0%
[R1] state=follower leader=2 term=1 cov=27.6%/100.0%
[R1] state=follower leader=2 term=1 cov=27.6%/100.0%
[R1] state=follower leader=2 term=1 cov=27.6%/100.0%
[R1] state=follower leader=2 term=1 cov=27.6%/100.0%
[R1] state=follower leader=2 term=1 cov=27.6%/100.0%
[R1] state=follower leader=2 term=1 cov=27.6%/100.0%
[R1] state=follower leader=2 term=1 cov=27.6%/100.0%
[R1] state=follower leader=2 term=1 cov=27.6%/100.0%
[R1] state=follower leader=2 term=1 cov=27.6%/100.0%
[R1] state=follower leader=2 term=1 cov=27.6%/100.0%
[R1] state=follower leader=2 term=1 cov=27.6%/100.0%
[R1] state=follower leader=2 term=1 cov=27.6%/100.0%
[R1] state=follower leader=2 term=1 cov=27.6%/100.0%
[R1] state=follower leader=2 term=1 cov=27.6%/100.0%
[R1] state=follower leader=2 term=1 cov=27.6%/100.0%
[R1] state=follower leader=2 term=1 cov=27.6%/100.0%
[R1] state=follower leader=2 term=1 cov=27.6%/100.0%
[R1] state=follower leader=2 term=1 cov=27.6%/100.0%
[R1] state=follower leader=2 term=1 cov=27.6%/100.0%
[R1] state=follower leader=2 term=1 cov=27.6%/100.0%
[R1] state=follower leader=2 term=1 cov=27.6%/100.0%
[R1] state=follower leader=2 term=1 cov=27.6%/100.0%
[R1] state=follower leader=2 term=1 cov=27.6%/100.0%
[R1] state=follower leader=2 term=1 cov=27.6%/100.0%
[R1] state=follower leader=2 term=1 cov=27.6%/100.0%
[R1] state=follower leader=2 term=1 cov=27.6%/100.0%
[R1] state=follower leader=2 term=1 cov=27.6%/100.0%
[R1] state=follower leader=2 term=1 cov=27.6%/100.0%
[R1] state=follower leader=2 term=1 cov=27.6%/100.0%
[R1] state=follower leader=2 term=1 cov=27.6%/100.0%
[R1] state=follower leader=2 term=1 cov=27.6%/100.0%
[R1] state=follower leader=2 term=1 cov=27.6%/100.0%
[R1] state=follower leader=2 term=1 cov=27.6%/100.0%
[R1] state=follower leader=2 term=1 cov=27.6%/100.0%
[R1] state=follower leader=2 term=1 cov=27.6%/100.0%
[R1] state=follower leader=2 term=1 cov=27.6%/100.0%
[R1] state=follower leader=2 term=1 cov=27.6%/100.0%
[R1] state=follower leader=2 term=1 cov=27.6%/100.0%
[R1] state=follower leader=2 term=1 cov=27.6%/100.0%
[R1] state=follower leader=2 term=1 cov=27.6%/100.0%
[R1] state=follower leader=2 term=1 cov=27.6%/100.0%
