[WARN] Hardware modules not available - simulation mode
=== RAFT Baseline - Robot 3 [SIM] ===
NO TRUST. Heartbeat timeout only.

  Logging to: logs/raft_3_20260226_083728.jsonl
Initializing hardware...
  Hardware: SIMULATED
[INFO] Position socket listening on port 6103
[INFO] Peer socket listening on port 6203
[INFO] Fault socket listening on port 6303
Ready!

Running RAFT baseline... Press Ctrl+C to stop

[R3] state=follower leader=None term=0 cov=0.0%/0.0%
[RAFT] Starting election, term 1
[RAFT] Became leader, term 1
[R3] state=leader leader=3 term=1 cov=0.5%/0.5%
[R3] state=leader leader=3 term=1 cov=2.6%/10.9%
[R3] state=leader leader=3 term=1 cov=5.2%/21.9%
[R3] state=leader leader=3 term=1 cov=7.8%/33.3%
[R3] state=leader leader=3 term=1 cov=12.0%/46.4%
[R3] state=leader leader=3 term=1 cov=14.1%/53.6%
[R3] state=leader leader=3 term=1 cov=16.7%/63.0%
[R3] state=leader leader=3 term=1 cov=19.8%/72.9%
[R3] state=leader leader=3 term=1 cov=22.4%/81.2%
[R3] state=leader leader=3 term=1 cov=25.0%/91.7%
[R3] state=leader leader=3 term=1 cov=28.1%/96.4%
[R3] state=leader leader=3 term=1 cov=31.2%/96.9%
[R3] state=leader leader=3 term=1 cov=34.4%/100.0%
[R3] state=leader leader=3 term=1 cov=37.0%/100.0%
[R3] state=leader leader=3 term=1 cov=37.0%/100.0%
[R3] state=leader leader=3 term=1 cov=37.0%/100.0%
[R3] state=leader leader=3 term=1 cov=37.0%/100.0%
[R3] state=leader leader=3 term=1 cov=37.0%/100.0%
[R3] state=leader leader=3 term=1 cov=37.0%/100.0%
[R3] state=leader leader=3 term=1 cov=37.0%/100.0%
[R3] state=leader leader=3 term=1 cov=37.0%/100.0%
[R3] state=leader leader=3 term=1 cov=37.0%/100.0%
[R3] state=leader leader=3 term=1 cov=37.0%/100.0%
[R3] state=leader leader=3 term=1 cov=37.0%/100.0%
[R3] state=leader leader=3 term=1 cov=37.0%/100.0%
[R3] state=leader leader=3 term=1 cov=37.0%/100.0%
[R3] state=leader leader=3 term=1 cov=37.0%/100.0%
[R3] state=leader leader=3 term=1 cov=37.0%/100.0%
[R3] state=leader leader=3 term=1 cov=37.0%/100.0%
[R3] state=leader leader=3 term=1 cov=37.0%/100.0%
[R3] state=leader leader=3 term=1 cov=37.0%/100.0%
[R3] state=leader leader=3 term=1 cov=37.0%/100.0%
[R3] state=leader leader=3 term=1 cov=37.0%/100.0%
[R3] state=leader leader=3 term=1 cov=37.0%/100.0%
[R3] state=leader leader=3 term=1 cov=37.0%/100.0%
[R3] state=leader leader=3 term=1 cov=37.0%/100.0%
[R3] state=leader leader=3 term=1 cov=37.0%/100.0%
[R3] state=leader leader=3 term=1 cov=37.0%/100.0%
[R3] state=leader leader=3 term=1 cov=37.0%/100.0%
[R3] state=leader leader=3 term=1 cov=37.0%/100.0%
[R3] state=leader leader=3 term=1 cov=37.0%/100.0%
[R3] state=leader leader=3 term=1 cov=37.0%/100.0%
[R3] state=leader leader=3 term=1 cov=37.0%/100.0%
[R3] state=leader leader=3 term=1 cov=37.0%/100.0%
[R3] state=leader leader=3 term=1 cov=37.0%/100.0%
[R3] state=leader leader=3 term=1 cov=37.0%/100.0%
[R3] state=leader leader=3 term=1 cov=37.0%/100.0%
[R3] state=leader leader=3 term=1 cov=37.0%/100.0%
[R3] state=leader leader=3 term=1 cov=37.0%/100.0%
[R3] state=leader leader=3 term=1 cov=37.0%/100.0%
[R3] state=leader leader=3 term=1 cov=37.0%/100.0%
[R3] state=leader leader=3 term=1 cov=37.0%/100.0%
[R3] state=leader leader=3 term=1 cov=37.0%/100.0%
[R3] state=leader leader=3 term=1 cov=37.0%/100.0%
[R3] state=leader leader=3 term=1 cov=37.0%/100.0%
[R3] state=leader leader=3 term=1 cov=37.0%/100.0%
[R3] state=leader leader=3 term=1 cov=37.0%/100.0%
[R3] state=leader leader=3 term=1 cov=37.0%/100.0%
[R3] state=leader leader=3 term=1 cov=37.0%/100.0%
[R3] state=leader leader=3 term=1 cov=37.0%/100.0%
