[WARN] Hardware modules not available - simulation mode
=== RAFT Baseline - Robot 5 [SIM] ===
NO TRUST. Heartbeat timeout only.

  Logging to: logs/raft_5_20260226_083728.jsonl
Initializing hardware...
  Hardware: SIMULATED
[INFO] Position socket listening on port 6105
[INFO] Peer socket listening on port 6205
[INFO] Fault socket listening on port 6305
Ready!

Running RAFT baseline... Press Ctrl+C to stop

[R5] state=follower leader=None term=0 cov=0.0%/0.0%
[R5] state=follower leader=3 term=1 cov=0.5%/0.5%
[R5] state=follower leader=3 term=1 cov=2.1%/10.9%
[R5] state=follower leader=3 term=1 cov=4.2%/21.9%
[R5] state=follower leader=3 term=1 cov=6.2%/32.8%
[R5] state=follower leader=3 term=1 cov=8.3%/45.8%
[R5] state=follower leader=3 term=1 cov=10.9%/53.6%
[R5] state=follower leader=3 term=1 cov=13.0%/63.0%
[R5] state=follower leader=3 term=1 cov=16.1%/73.4%
[R5] state=follower leader=3 term=1 cov=18.2%/81.2%
[R5] state=follower leader=3 term=1 cov=21.4%/91.7%
[R5] state=follower leader=3 term=1 cov=22.4%/96.4%
[R5] state=follower leader=3 term=1 cov=24.5%/96.9%
[R5] state=follower leader=3 term=1 cov=27.1%/100.0%
[R5] state=follower leader=3 term=1 cov=27.6%/100.0%
[R5] state=follower leader=3 term=1 cov=27.6%/100.0%
[R5] state=follower leader=3 term=1 cov=27.6%/100.0%
[R5] state=follower leader=3 term=1 cov=27.6%/100.0%
[R5] state=follower leader=3 term=1 cov=27.6%/100.0%
[R5] state=follower leader=3 term=1 cov=27.6%/100.0%
[R5] state=follower leader=3 term=1 cov=27.6%/100.0%
[R5] state=follower leader=3 term=1 cov=27.6%/100.0%
[R5] state=follower leader=3 term=1 cov=27.6%/100.0%
[R5] state=follower leader=3 term=1 cov=27.6%/100.0%
[R5] state=follower leader=3 term=1 cov=27.6%/100.0%
[R5] state=follower leader=3 term=1 cov=27.6%/100.0%
[R5] state=follower leader=3 term=1 cov=27.6%/100.0%
[R5] state=follower leader=3 term=1 cov=27.6%/100.0%
[R5] state=follower leader=3 term=1 cov=27.6%/100.0%
[R5] state=follower leader=3 term=1 cov=27.6%/100.0%
[R5] state=follower leader=3 term=1 cov=27.6%/100.0%
[R5] state=follower leader=3 term=1 cov=27.6%/100.0%
[R5] state=follower leader=3 term=1 cov=27.6%/100.0%
[R5] state=follower leader=3 term=1 cov=27.6%/100.0%
[R5] state=follower leader=3 term=1 cov=27.6%/100.0%
[R5] state=follower leader=3 term=1 cov=27.6%/100.0%
[R5] state=follower leader=3 term=1 cov=27.6%/100.0%
[R5] state=follower leader=3 term=1 cov=27.6%/100.0%
[R5] state=follower leader=3 term=1 cov=27.6%/100.0%
[R5] state=follower leader=3 term=1 cov=27.6%/100.0%
[R5] state=follower leader=3 term=1 cov=27.6%/100.0%
[R5] state=follower leader=3 term=1 cov=27.6%/100.0%
[R5] state=follower leader=3 term=1 cov=27.6%/100.0%
[R5] state=follower leader=3 term=1 cov=27.6%/100.0%
[R5] state=follower leader=3 term=1 cov=27.6%/100.0%
[R5] state=follower leader=3 term=1 cov=27.6%/100.0%
[R5] state=follower leader=3 term=1 cov=27.6%/100.0%
[R5] state=follower leader=3 term=1 cov=27.6%/100.0%
[R5] state=follower leader=3 term=1 cov=27.6%/100.0%
[R5] state=follower leader=3 term=1 cov=27.6%/100.0%
[R5] state=follower leader=3 term=1 cov=27.6%/100.0%
[R5] state=follower leader=3 term=1 cov=27.6%/100.0%
[R5] state=follower leader=3 term=1 cov=27.6%/100.0%
[R5] state=follower leader=3 term=1 cov=27.6%/100.0%
[R5] state=follower leader=3 term=1 cov=27.6%/100.0%
[R5] state=follower leader=3 term=1 cov=27.6%/100.0%
[R5] state=follower leader=3 term=1 cov=27.6%/100.0%
[R5] state=follower leader=3 term=1 cov=27.6%/100.0%
[R5] state=follower leader=3 term=1 cov=27.6%/100.0%
[R5] state=follower leader=3 term=1 cov=27.6%/100.0%
[R5] state=follower leader=3 term=1 cov=27.6%/100.0%
