[WARN] Hardware modules not available - simulation mode
=== RAFT Baseline - Robot 3 [SIM] ===
NO TRUST. Heartbeat timeout only.

  Logging to: logs/raft_3_20260226_211831.jsonl
Initializing hardware...
  Hardware: SIMULATED
[INFO] Position socket listening on port 5103
[INFO] Peer socket listening on port 5203
[INFO] Fault socket listening on port 5303
Ready!

Running RAFT baseline... Press Ctrl+C to stop

[R3] state=follower leader=None term=0 cov=0.0%/0.0%
[R3] state=follower leader=5 term=1 cov=0.5%/0.5%
[R3] state=follower leader=5 term=1 cov=2.1%/10.9%
[R3] state=follower leader=5 term=1 cov=4.2%/19.3%
[R3] state=follower leader=5 term=1 cov=6.2%/28.6%
[R3] state=follower leader=5 term=1 cov=9.9%/38.0%
[R3] state=follower leader=5 term=1 cov=12.0%/42.7%
[R3] state=follower leader=5 term=1 cov=13.5%/46.4%
[R3] state=follower leader=5 term=1 cov=16.1%/49.5%
[R3] state=follower leader=5 term=1 cov=16.7%/50.0%
[R3] state=follower leader=5 term=1 cov=16.7%/50.0%
[R3] state=follower leader=5 term=1 cov=16.7%/50.0%
[R3] state=follower leader=5 term=1 cov=16.7%/50.0%
[R3] state=follower leader=5 term=1 cov=16.7%/50.0%
[R3] state=follower leader=5 term=1 cov=16.7%/50.0%
[R3] state=follower leader=5 term=1 cov=16.7%/50.0%
[R3] state=follower leader=5 term=1 cov=16.7%/50.0%
[R3] state=follower leader=5 term=1 cov=16.7%/50.0%
[R3] state=follower leader=5 term=1 cov=16.7%/50.0%
[R3] state=follower leader=5 term=1 cov=16.7%/50.0%
[R3] state=follower leader=5 term=1 cov=16.7%/50.0%
[R3] state=follower leader=5 term=1 cov=18.2%/51.6%
[R3] state=follower leader=5 term=1 cov=20.3%/53.6%
[R3] state=follower leader=5 term=1 cov=20.8%/54.2%
[R3] state=follower leader=5 term=1 cov=20.8%/54.2%
[R3] state=follower leader=5 term=1 cov=20.8%/54.2%
[R3] state=follower leader=5 term=1 cov=20.8%/54.2%
[R3] state=follower leader=5 term=1 cov=20.8%/54.2%
[R3] state=follower leader=5 term=1 cov=20.8%/54.2%
[R3] state=follower leader=5 term=1 cov=20.8%/54.2%
[R3] state=follower leader=5 term=1 cov=20.8%/54.2%
[R3] state=follower leader=5 term=1 cov=20.8%/54.2%
[R3] state=follower leader=5 term=1 cov=20.8%/54.2%
[R3] state=follower leader=5 term=1 cov=20.8%/54.2%
[R3] state=follower leader=5 term=1 cov=20.8%/54.2%
[R3] state=follower leader=5 term=1 cov=20.8%/54.2%
[R3] state=follower leader=5 term=1 cov=20.8%/54.2%
[R3] state=follower leader=5 term=1 cov=20.8%/54.2%
[R3] state=follower leader=5 term=1 cov=21.9%/55.2%
[R3] state=follower leader=5 term=1 cov=22.4%/55.7%
[R3] state=follower leader=5 term=1 cov=24.0%/57.3%
[R3] state=follower leader=5 term=1 cov=25.5%/58.9%
[R3] state=follower leader=5 term=1 cov=27.1%/60.4%
[R3] state=follower leader=5 term=1 cov=28.6%/62.0%
[R3] state=follower leader=5 term=1 cov=30.2%/63.5%
[R3] state=follower leader=5 term=1 cov=31.8%/65.1%
[R3] state=follower leader=5 term=1 cov=33.3%/66.7%
[R3] state=follower leader=5 term=1 cov=34.9%/68.2%
[R3] state=follower leader=5 term=1 cov=36.5%/69.8%
[R3] state=follower leader=5 term=1 cov=37.0%/70.3%
[R3] state=follower leader=5 term=1 cov=37.0%/70.3%
[R3] state=follower leader=5 term=1 cov=37.0%/70.3%
[R3] state=follower leader=5 term=1 cov=37.5%/70.8%
[R3] state=follower leader=5 term=1 cov=38.5%/71.9%
[R3] state=follower leader=5 term=1 cov=39.1%/72.4%
[R3] state=follower leader=5 term=1 cov=40.6%/74.0%
[R3] state=follower leader=5 term=1 cov=42.2%/75.5%
[R3] state=follower leader=5 term=1 cov=43.8%/77.6%
[R3] state=follower leader=5 term=1 cov=45.8%/80.7%
[R3] state=follower leader=5 term=1 cov=45.8%/82.8%
[R3] state=follower leader=5 term=1 cov=46.9%/84.9%
[R3] state=follower leader=5 term=1 cov=46.9%/84.9%
[R3] state=follower leader=5 term=1 cov=46.9%/84.9%
[R3] state=follower leader=5 term=1 cov=46.9%/84.9%
[R3] state=follower leader=5 term=1 cov=46.9%/84.9%
[R3] state=follower leader=5 term=1 cov=46.9%/84.9%
[R3] state=follower leader=5 term=1 cov=46.9%/84.9%
