[WARN] Hardware modules not available - running in simulation mode
=== REIP Node - Robot 1 [SIM (unique ports)] ===
Trust Model: Three-tier confidence-weighted
  Personal: 1.0, ToF: 1.0, Peer: 0.3
  Suspicion threshold: 1.5, Recovery: 0.1

  Logging to: logs/robot_1_20260226_171719.jsonl
Initializing hardware...
  Hardware: SIMULATED
[INFO] Position socket listening on port 23101
[INFO] Peer socket listening on port 23201
[INFO] Fault socket listening on port 23301
Ready!

=== Detection Bounds: T1=2 cmds, T3=8 cmds | Impeachment: T1=8 cmds, T3=32 cmds ===
Running... Press Ctrl+C to stop

[ELECTION] New leader: 1
[R1] pos=(0,0) state=leader leader=1 trust=1.00 susp=0.00 cov=0.0%/0.0%
[R1] pos=(1125,1038) state=leader leader=1 trust=1.00 susp=0.00 cov=0.5%/0.5%
[R1] pos=(1232,1375) state=leader leader=1 trust=1.00 susp=0.00 cov=3.1%/14.1%
[R1] pos=(930,1425) state=leader leader=1 trust=1.00 susp=0.00 cov=5.7%/22.9%
[R1] pos=(497,1425) state=leader leader=1 trust=1.00 susp=0.00 cov=8.9%/34.4%
[R1] pos=(501,997) state=leader leader=1 trust=1.00 susp=0.00 cov=12.5%/47.9%
[R1] pos=(683,689) state=leader leader=1 trust=1.00 susp=0.00 cov=15.6%/62.5%
[R1] pos=(233,573) state=leader leader=1 trust=1.00 susp=0.00 cov=19.8%/77.6%
[R1] pos=(75,1042) state=leader leader=1 trust=1.00 susp=0.00 cov=23.4%/89.6%
[R1] pos=(175,1410) state=leader leader=1 trust=1.00 susp=0.00 cov=27.1%/96.4%
[R1] pos=(1223,1421) state=leader leader=1 trust=1.00 susp=0.00 cov=27.6%/99.5%
[R1] pos=(1925,1425) state=leader leader=1 trust=1.00 susp=0.00 cov=30.7%/100.0%
[R1] pos=(1925,1425) state=leader leader=1 trust=1.00 susp=0.00 cov=30.7%/100.0%
[R1] pos=(1925,1425) state=leader leader=1 trust=1.00 susp=0.00 cov=30.7%/100.0%
[R1] pos=(1925,1425) state=leader leader=1 trust=1.00 susp=0.00 cov=30.7%/100.0%
[R1] pos=(1925,1425) state=leader leader=1 trust=1.00 susp=0.00 cov=30.7%/100.0%
[FAULT] BAD_LEADER mode activated - will send bad assignments
[R1] pos=(1925,1425) state=leader leader=1 trust=1.00 susp=0.00 cov=30.7%/100.0%
[BAD_LEADER] Sending 5 robots to EXPLORED cells: [(1687.5, 312.5), (1812.5, 1187.5), (1187.5, 437.5)]...
[BAD_LEADER] Sending 5 robots to EXPLORED cells: [(687.5, 187.5), (1687.5, 1062.5), (1062.5, 687.5)]...
[BAD_LEADER] Sending 5 robots to EXPLORED cells: [(812.5, 62.5), (687.5, 937.5), (1687.5, 437.5)]...
[BAD_LEADER] Sending 5 robots to EXPLORED cells: [(937.5, 312.5), (437.5, 812.5), (937.5, 187.5)]...
[BAD_LEADER] Sending 5 robots to EXPLORED cells: [(437.5, 1312.5), (1312.5, 1062.5), (1062.5, 937.5)]...
[BAD_LEADER] Sending 5 robots to EXPLORED cells: [(1062.5, 1187.5), (1812.5, 312.5), (1187.5, 1312.5)]...
[BAD_LEADER] Sending 5 robots to EXPLORED cells: [(1062.5, 812.5), (562.5, 1312.5), (62.5, 687.5)]...
[BAD_LEADER] Sending 5 robots to EXPLORED cells: [(1562.5, 1187.5), (562.5, 312.5), (1062.5, 62.5)]...
[BAD_LEADER] Sending 5 robots to EXPLORED cells: [(1437.5, 312.5), (562.5, 1312.5), (812.5, 937.5)]...
[BAD_LEADER] Sending 5 robots to EXPLORED cells: [(1187.5, 312.5), (1437.5, 437.5), (1687.5, 687.5)]...
[R1] pos=(1481,1124) state=leader leader=1 trust=1.00 susp=0.00 cov=33.9%/100.0%
[BAD_LEADER] Sending 5 robots to EXPLORED cells: [(187.5, 687.5), (62.5, 312.5), (1312.5, 687.5)]...
[BAD_LEADER] Sending 5 robots to EXPLORED cells: [(1937.5, 1312.5), (437.5, 812.5), (687.5, 562.5)]...
[BAD_LEADER] Sending 5 robots to EXPLORED cells: [(1562.5, 187.5), (187.5, 1187.5), (1187.5, 312.5)]...
[BAD_LEADER] Sending 5 robots to EXPLORED cells: [(562.5, 62.5), (62.5, 1062.5), (437.5, 937.5)]...
[BAD_LEADER] Sending 5 robots to EXPLORED cells: [(937.5, 1187.5), (1562.5, 312.5), (1937.5, 687.5)]...
[BAD_LEADER] Sending 5 robots to EXPLORED cells: [(187.5, 812.5), (812.5, 812.5), (562.5, 62.5)]...
[BAD_LEADER] Sending 5 robots to EXPLORED cells: [(187.5, 937.5), (1062.5, 687.5), (1312.5, 312.5)]...
[BAD_LEADER] Sending 5 robots to EXPLORED cells: [(1187.5, 1437.5), (1312.5, 812.5), (187.5, 1062.5)]...
[BAD_LEADER] Sending 5 robots to EXPLORED cells: [(1937.5, 937.5), (1312.5, 562.5), (437.5, 1437.5)]...
[BAD_LEADER] Sending 5 robots to EXPLORED cells: [(812.5, 437.5), (1562.5, 187.5), (687.5, 312.5)]...
[R1] pos=(1096,965) state=leader leader=1 trust=1.00 susp=0.00 cov=37.0%/100.0%
[BAD_LEADER] Sending 5 robots to EXPLORED cells: [(312.5, 437.5), (937.5, 687.5), (187.5, 1312.5)]...
[BAD_LEADER] Sending 5 robots to EXPLORED cells: [(1062.5, 1312.5), (812.5, 1437.5), (687.5, 312.5)]...
[BAD_LEADER] Sending 5 robots to EXPLORED cells: [(937.5, 1187.5), (687.5, 187.5), (687.5, 1062.5)]...
[BAD_LEADER] Sending 5 robots to EXPLORED cells: [(1312.5, 1062.5), (1937.5, 687.5), (687.5, 312.5)]...
[BAD_LEADER] Sending 5 robots to EXPLORED cells: [(62.5, 1312.5), (1187.5, 1062.5), (1437.5, 687.5)]...
[BAD_LEADER] Sending 5 robots to EXPLORED cells: [(1562.5, 437.5), (812.5, 1187.5), (1062.5, 437.5)]...
[BAD_LEADER] Sending 5 robots to EXPLORED cells: [(312.5, 937.5), (937.5, 437.5), (62.5, 1062.5)]...
[BAD_LEADER] Sending 5 robots to EXPLORED cells: [(937.5, 62.5), (1062.5, 1312.5), (812.5, 312.5)]...
[BAD_LEADER] Sending 5 robots to EXPLORED cells: [(62.5, 1187.5), (1687.5, 437.5), (1937.5, 937.5)]...
[R1] pos=(978,978) state=leader leader=1 trust=1.00 susp=0.00 cov=38.0%/100.0%
[BAD_LEADER] Sending 5 robots to EXPLORED cells: [(687.5, 562.5), (812.5, 62.5), (1312.5, 62.5)]...
[BAD_LEADER] Sending 5 robots to EXPLORED cells: [(562.5, 937.5), (562.5, 1062.5), (1062.5, 812.5)]...
[BAD_LEADER] Sending 5 robots to EXPLORED cells: [(1437.5, 1187.5), (937.5, 437.5), (1312.5, 812.5)]...
[BAD_LEADER] Sending 5 robots to EXPLORED cells: [(562.5, 812.5), (1312.5, 1437.5), (187.5, 437.5)]...
[BAD_LEADER] Sending 5 robots to EXPLORED cells: [(1687.5, 1312.5), (312.5, 312.5), (1562.5, 937.5)]...
[BAD_LEADER] Sending 5 robots to EXPLORED cells: [(437.5, 562.5), (62.5, 1187.5), (687.5, 1437.5)]...
[BAD_LEADER] Sending 5 robots to EXPLORED cells: [(937.5, 437.5), (1812.5, 1187.5), (187.5, 687.5)]...
[BAD_LEADER] Sending 5 robots to EXPLORED cells: [(1937.5, 687.5), (312.5, 437.5), (62.5, 437.5)]...
[BAD_LEADER] Sending 5 robots to EXPLORED cells: [(1062.5, 62.5), (1437.5, 1062.5), (687.5, 812.5)]...
[BAD_LEADER] Sending 5 robots to EXPLORED cells: [(1312.5, 437.5), (1562.5, 687.5), (1687.5, 187.5)]...
[ELECTION] New leader: 4
[R1] pos=(904,743) state=follower leader=4 trust=1.00 susp=0.00 cov=40.6%/100.0%
[ELECTION] Leader 4 impeached (failures=1)
[ELECTION] New leader: 1
[R1] pos=(1070,75) state=leader leader=1 trust=1.00 susp=0.00 cov=43.2%/100.0%
[ELECTION] Leader 1 impeached (failures=1)
[ELECTION] New leader: 4
[R1] pos=(1303,424) state=follower leader=4 trust=1.00 susp=0.00 cov=44.8%/100.0%
[R1] pos=(1303,424) state=follower leader=4 trust=1.00 susp=0.00 cov=44.8%/100.0%
[R1] pos=(1303,424) state=follower leader=4 trust=1.00 susp=0.00 cov=44.8%/100.0%
[R1] pos=(1303,424) state=follower leader=4 trust=1.00 susp=0.00 cov=44.8%/100.0%
[R1] pos=(1303,424) state=follower leader=4 trust=1.00 susp=0.00 cov=44.8%/100.0%
[R1] pos=(1303,424) state=follower leader=4 trust=1.00 susp=0.00 cov=44.8%/100.0%
[R1] pos=(1303,424) state=follower leader=4 trust=1.00 susp=0.00 cov=44.8%/100.0%
[R1] pos=(1303,424) state=follower leader=4 trust=1.00 susp=0.00 cov=44.8%/100.0%
[R1] pos=(1303,424) state=follower leader=4 trust=1.00 susp=0.00 cov=44.8%/100.0%
[R1] pos=(1303,424) state=follower leader=4 trust=1.00 susp=0.00 cov=44.8%/100.0%
[R1] pos=(1303,424) state=follower leader=4 trust=1.00 susp=0.00 cov=44.8%/100.0%
[R1] pos=(1303,424) state=follower leader=4 trust=1.00 susp=0.00 cov=44.8%/100.0%
[R1] pos=(1303,424) state=follower leader=4 trust=1.00 susp=0.00 cov=44.8%/100.0%
[R1] pos=(1303,424) state=follower leader=4 trust=1.00 susp=0.00 cov=44.8%/100.0%
[R1] pos=(1303,424) state=follower leader=4 trust=1.00 susp=0.00 cov=44.8%/100.0%
[R1] pos=(1303,424) state=follower leader=4 trust=1.00 susp=0.00 cov=44.8%/100.0%
[R1] pos=(1303,424) state=follower leader=4 trust=1.00 susp=0.00 cov=44.8%/100.0%
[R1] pos=(1303,424) state=follower leader=4 trust=1.00 susp=0.00 cov=44.8%/100.0%
[R1] pos=(1303,424) state=follower leader=4 trust=1.00 susp=0.00 cov=44.8%/100.0%
[R1] pos=(1303,424) state=follower leader=4 trust=1.00 susp=0.00 cov=44.8%/100.0%
[R1] pos=(1303,424) state=follower leader=4 trust=1.00 susp=0.00 cov=44.8%/100.0%
[R1] pos=(1303,424) state=follower leader=4 trust=1.00 susp=0.00 cov=44.8%/100.0%
[R1] pos=(1303,424) state=follower leader=4 trust=1.00 susp=0.00 cov=44.8%/100.0%
[R1] pos=(1303,424) state=follower leader=4 trust=1.00 susp=0.00 cov=44.8%/100.0%
[R1] pos=(1303,424) state=follower leader=4 trust=1.00 susp=0.00 cov=44.8%/100.0%
[R1] pos=(1303,424) state=follower leader=4 trust=1.00 susp=0.00 cov=44.8%/100.0%
[R1] pos=(1303,424) state=follower leader=4 trust=1.00 susp=0.00 cov=44.8%/100.0%
[R1] pos=(1303,424) state=follower leader=4 trust=1.00 susp=0.00 cov=44.8%/100.0%
[R1] pos=(1303,424) state=follower leader=4 trust=1.00 susp=0.00 cov=44.8%/100.0%
[R1] pos=(1303,424) state=follower leader=4 trust=1.00 susp=0.00 cov=44.8%/100.0%
[R1] pos=(1303,424) state=follower leader=4 trust=1.00 susp=0.00 cov=44.8%/100.0%
[R1] pos=(1303,424) state=follower leader=4 trust=1.00 susp=0.00 cov=44.8%/100.0%
[R1] pos=(1303,424) state=follower leader=4 trust=1.00 susp=0.00 cov=44.8%/100.0%
[R1] pos=(1303,424) state=follower leader=4 trust=1.00 susp=0.00 cov=44.8%/100.0%
[R1] pos=(1303,424) state=follower leader=4 trust=1.00 susp=0.00 cov=44.8%/100.0%
[R1] pos=(1303,424) state=follower leader=4 trust=1.00 susp=0.00 cov=44.8%/100.0%
[R1] pos=(1303,424) state=follower leader=4 trust=1.00 susp=0.00 cov=44.8%/100.0%
[R1] pos=(1303,424) state=follower leader=4 trust=1.00 susp=0.00 cov=44.8%/100.0%
[R1] pos=(1303,424) state=follower leader=4 trust=1.00 susp=0.00 cov=44.8%/100.0%
