[WARN] Hardware modules not available - simulation mode
=== RAFT Baseline - Robot 5 [SIM] ===
NO TRUST. Heartbeat timeout only.

  Logging to: logs/raft_5_20260226_174543.jsonl
Initializing hardware...
  Hardware: SIMULATED
[INFO] Position socket listening on port 6105
[INFO] Peer socket listening on port 6205
[INFO] Fault socket listening on port 6305
Ready!

Running RAFT baseline... Press Ctrl+C to stop

[R5] state=follower leader=None term=0 cov=0.0%/0.0%
[R5] state=follower leader=1 term=1 cov=0.5%/0.5%
[R5] state=follower leader=1 term=1 cov=3.1%/15.6%
[R5] state=follower leader=1 term=1 cov=5.7%/27.6%
[R5] state=follower leader=1 term=1 cov=8.3%/38.5%
[R5] state=follower leader=1 term=1 cov=10.4%/49.0%
[R5] state=follower leader=1 term=1 cov=12.5%/55.7%
[R5] state=follower leader=1 term=1 cov=15.1%/67.2%
[R5] state=follower leader=1 term=1 cov=16.7%/77.1%
[R5] state=follower leader=1 term=1 cov=18.2%/85.9%
[R5] state=follower leader=1 term=1 cov=20.8%/97.9%
[R5] state=follower leader=1 term=1 cov=21.4%/100.0%
[R5] state=follower leader=1 term=1 cov=21.4%/100.0%
[R5] state=follower leader=1 term=1 cov=21.4%/100.0%
[R5] state=follower leader=1 term=1 cov=21.4%/100.0%
[R5] state=follower leader=1 term=1 cov=21.4%/100.0%
[R5] state=follower leader=1 term=1 cov=21.4%/100.0%
[R5] state=follower leader=1 term=1 cov=23.4%/100.0%
[R5] state=follower leader=1 term=1 cov=26.6%/100.0%
[R5] state=follower leader=1 term=1 cov=28.6%/100.0%
[R5] state=follower leader=1 term=1 cov=30.2%/100.0%
[R5] state=follower leader=1 term=1 cov=31.8%/100.0%
[R5] state=follower leader=1 term=1 cov=34.4%/100.0%
[R5] state=follower leader=1 term=1 cov=34.4%/100.0%
[R5] state=follower leader=1 term=1 cov=35.4%/100.0%
[R5] state=follower leader=1 term=1 cov=38.0%/100.0%
[R5] state=follower leader=1 term=1 cov=40.1%/100.0%
[R5] state=follower leader=1 term=1 cov=41.7%/100.0%
[R5] state=follower leader=1 term=1 cov=42.7%/100.0%
[R5] state=follower leader=1 term=1 cov=42.7%/100.0%
[R5] state=follower leader=1 term=1 cov=42.7%/100.0%
[R5] state=follower leader=1 term=1 cov=44.8%/100.0%
[R5] state=follower leader=1 term=1 cov=44.8%/100.0%
[R5] state=follower leader=1 term=1 cov=45.8%/100.0%
[R5] state=follower leader=1 term=1 cov=48.4%/100.0%
[R5] state=follower leader=1 term=1 cov=50.0%/100.0%
[R5] state=follower leader=1 term=1 cov=50.0%/100.0%
[R5] state=follower leader=1 term=1 cov=50.0%/100.0%
[R5] state=follower leader=1 term=1 cov=50.5%/100.0%
[R5] state=follower leader=1 term=1 cov=51.6%/100.0%
[R5] state=follower leader=1 term=1 cov=51.6%/100.0%
[R5] state=follower leader=1 term=1 cov=51.6%/100.0%
[R5] state=follower leader=1 term=1 cov=54.7%/100.0%
[R5] state=follower leader=1 term=1 cov=56.2%/100.0%
[R5] state=follower leader=1 term=1 cov=56.8%/100.0%
[R5] state=follower leader=1 term=1 cov=56.8%/100.0%
[R5] state=follower leader=1 term=1 cov=56.8%/100.0%
[R5] state=follower leader=1 term=1 cov=56.8%/100.0%
[R5] state=follower leader=1 term=1 cov=57.8%/100.0%
[R5] state=follower leader=1 term=1 cov=57.8%/100.0%
[R5] state=follower leader=1 term=1 cov=57.8%/100.0%
[R5] state=follower leader=1 term=1 cov=57.8%/100.0%
[R5] state=follower leader=1 term=1 cov=57.8%/100.0%
[R5] state=follower leader=1 term=1 cov=57.8%/100.0%
[R5] state=follower leader=1 term=1 cov=57.8%/100.0%
[R5] state=follower leader=1 term=1 cov=57.8%/100.0%
[R5] state=follower leader=1 term=1 cov=57.8%/100.0%
[R5] state=follower leader=1 term=1 cov=57.8%/100.0%
[R5] state=follower leader=1 term=1 cov=57.8%/100.0%
[R5] state=follower leader=1 term=1 cov=57.8%/100.0%
[R5] state=follower leader=1 term=1 cov=57.8%/100.0%
[R5] state=follower leader=1 term=1 cov=57.8%/100.0%
[R5] state=follower leader=1 term=1 cov=57.8%/100.0%
[R5] state=follower leader=1 term=1 cov=57.8%/100.0%
[R5] state=follower leader=1 term=1 cov=57.8%/100.0%
