[WARN] Hardware modules not available - running in simulation mode
=== REIP Node - Robot 1 [SIM (unique ports)] ===
Trust Model: Three-tier confidence-weighted
  Personal: 1.0, ToF: 1.0, Peer: 0.3
  Suspicion threshold: 1.5, Recovery: 0.1

  Logging to: logs/robot_1_20260226_210133.jsonl
Initializing hardware...
  Hardware: SIMULATED
[INFO] Position socket listening on port 22101
[INFO] Peer socket listening on port 22201
[INFO] Fault socket listening on port 22301
Ready!

=== DECENTRALIZED MODE - No leader coordination ===
=== Detection Bounds: T1=2 cmds, T3=8 cmds | Impeachment: T1=8 cmds, T3=32 cmds ===
Running... Press Ctrl+C to stop

[R1] pos=(0,0) state=exploring leader=None trust=1.00 susp=0.00 cov=0.0%/0.0%
[R1] pos=(555,1065) state=exploring leader=None trust=1.00 susp=0.00 cov=0.5%/0.5%
[R1] pos=(75,954) state=exploring leader=None trust=1.00 susp=0.00 cov=3.1%/16.1%
[R1] pos=(279,537) state=exploring leader=None trust=1.00 susp=0.00 cov=6.2%/20.8%
[R1] pos=(563,461) state=exploring leader=None trust=1.00 susp=0.00 cov=9.4%/27.6%
[R1] pos=(920,627) state=exploring leader=None trust=1.00 susp=0.00 cov=12.0%/34.4%
[R1] pos=(920,943) state=exploring leader=None trust=1.00 susp=0.00 cov=13.0%/40.1%
[R1] pos=(920,903) state=exploring leader=None trust=1.00 susp=0.00 cov=13.0%/46.9%
[R1] pos=(920,852) state=exploring leader=None trust=1.00 susp=0.00 cov=13.0%/51.0%
[R1] pos=(920,849) state=exploring leader=None trust=1.00 susp=0.00 cov=13.0%/52.1%
[R1] pos=(920,861) state=exploring leader=None trust=1.00 susp=0.00 cov=13.0%/60.9%
[R1] pos=(920,508) state=exploring leader=None trust=1.00 susp=0.00 cov=13.0%/69.3%
[R1] pos=(920,364) state=exploring leader=None trust=1.00 susp=0.00 cov=14.1%/76.6%
[R1] pos=(920,852) state=exploring leader=None trust=1.00 susp=0.00 cov=14.1%/83.3%
[R1] pos=(920,932) state=exploring leader=None trust=1.00 susp=0.00 cov=14.1%/93.8%
[R1] pos=(921,913) state=exploring leader=None trust=1.00 susp=0.00 cov=14.1%/99.0%
[R1] pos=(921,936) state=exploring leader=None trust=1.00 susp=0.00 cov=14.1%/100.0%
[R1] pos=(921,931) state=exploring leader=None trust=1.00 susp=0.00 cov=14.1%/100.0%
[R1] pos=(921,967) state=exploring leader=None trust=1.00 susp=0.00 cov=14.6%/100.0%
[R1] pos=(921,939) state=exploring leader=None trust=1.00 susp=0.00 cov=14.6%/100.0%
[R1] pos=(921,944) state=exploring leader=None trust=1.00 susp=0.00 cov=14.6%/100.0%
[R1] pos=(921,905) state=exploring leader=None trust=1.00 susp=0.00 cov=14.6%/100.0%
[R1] pos=(921,935) state=exploring leader=None trust=1.00 susp=0.00 cov=14.6%/100.0%
[R1] pos=(920,947) state=exploring leader=None trust=1.00 susp=0.00 cov=14.6%/100.0%
[R1] pos=(921,995) state=exploring leader=None trust=1.00 susp=0.00 cov=14.6%/100.0%
[R1] pos=(921,940) state=exploring leader=None trust=1.00 susp=0.00 cov=14.6%/100.0%
[R1] pos=(920,930) state=exploring leader=None trust=1.00 susp=0.00 cov=14.6%/100.0%
[R1] pos=(921,896) state=exploring leader=None trust=1.00 susp=0.00 cov=14.6%/100.0%
[R1] pos=(921,936) state=exploring leader=None trust=1.00 susp=0.00 cov=14.6%/100.0%
[R1] pos=(921,931) state=exploring leader=None trust=1.00 susp=0.00 cov=14.6%/100.0%
[R1] pos=(921,967) state=exploring leader=None trust=1.00 susp=0.00 cov=14.6%/100.0%
[R1] pos=(920,838) state=exploring leader=None trust=1.00 susp=0.00 cov=14.6%/100.0%
[R1] pos=(920,933) state=exploring leader=None trust=1.00 susp=0.00 cov=14.6%/100.0%
[R1] pos=(920,959) state=exploring leader=None trust=1.00 susp=0.00 cov=14.6%/100.0%
[R1] pos=(920,1040) state=exploring leader=None trust=1.00 susp=0.00 cov=14.6%/100.0%
[R1] pos=(920,944) state=exploring leader=None trust=1.00 susp=0.00 cov=14.6%/100.0%
[R1] pos=(920,916) state=exploring leader=None trust=1.00 susp=0.00 cov=14.6%/100.0%
[R1] pos=(919,1038) state=exploring leader=None trust=1.00 susp=0.00 cov=14.6%/100.0%
[R1] pos=(919,944) state=exploring leader=None trust=1.00 susp=0.00 cov=14.6%/100.0%
[R1] pos=(919,908) state=exploring leader=None trust=1.00 susp=0.00 cov=14.6%/100.0%
[R1] pos=(919,936) state=exploring leader=None trust=1.00 susp=0.00 cov=14.6%/100.0%
[R1] pos=(918,945) state=exploring leader=None trust=1.00 susp=0.00 cov=14.6%/100.0%
[R1] pos=(919,968) state=exploring leader=None trust=1.00 susp=0.00 cov=14.6%/100.0%
[R1] pos=(919,939) state=exploring leader=None trust=1.00 susp=0.00 cov=14.6%/100.0%
[R1] pos=(918,931) state=exploring leader=None trust=1.00 susp=0.00 cov=14.6%/100.0%
[R1] pos=(918,967) state=exploring leader=None trust=1.00 susp=0.00 cov=14.6%/100.0%
[R1] pos=(918,939) state=exploring leader=None trust=1.00 susp=0.00 cov=14.6%/100.0%
[R1] pos=(917,928) state=exploring leader=None trust=1.00 susp=0.00 cov=14.6%/100.0%
[R1] pos=(917,981) state=exploring leader=None trust=1.00 susp=0.00 cov=14.6%/100.0%
[R1] pos=(917,940) state=exploring leader=None trust=1.00 susp=0.00 cov=14.6%/100.0%
[R1] pos=(917,951) state=exploring leader=None trust=1.00 susp=0.00 cov=14.6%/100.0%
[R1] pos=(918,1013) state=exploring leader=None trust=1.00 susp=0.00 cov=14.6%/100.0%
[R1] pos=(918,941) state=exploring leader=None trust=1.00 susp=0.00 cov=14.6%/100.0%
[R1] pos=(918,954) state=exploring leader=None trust=1.00 susp=0.00 cov=14.6%/100.0%
[R1] pos=(918,863) state=exploring leader=None trust=1.00 susp=0.00 cov=14.6%/100.0%
[R1] pos=(918,934) state=exploring leader=None trust=1.00 susp=0.00 cov=14.6%/100.0%
[R1] pos=(917,954) state=exploring leader=None trust=1.00 susp=0.00 cov=14.6%/100.0%
[R1] pos=(917,865) state=exploring leader=None trust=1.00 susp=0.00 cov=14.6%/100.0%
[R1] pos=(917,934) state=exploring leader=None trust=1.00 susp=0.00 cov=14.6%/100.0%
[R1] pos=(917,960) state=exploring leader=None trust=1.00 susp=0.00 cov=14.6%/100.0%
[R1] pos=(916,838) state=exploring leader=None trust=1.00 susp=0.00 cov=14.6%/100.0%
[R1] pos=(916,916) state=exploring leader=None trust=1.00 susp=0.00 cov=14.6%/100.0%
[R1] pos=(916,916) state=exploring leader=None trust=1.00 susp=0.00 cov=14.6%/100.0%
[R1] pos=(916,916) state=exploring leader=None trust=1.00 susp=0.00 cov=14.6%/100.0%
[R1] pos=(916,916) state=exploring leader=None trust=1.00 susp=0.00 cov=14.6%/100.0%
[R1] pos=(916,916) state=exploring leader=None trust=1.00 susp=0.00 cov=14.6%/100.0%
[R1] pos=(916,916) state=exploring leader=None trust=1.00 susp=0.00 cov=14.6%/100.0%
[R1] pos=(916,916) state=exploring leader=None trust=1.00 susp=0.00 cov=14.6%/100.0%
[R1] pos=(916,916) state=exploring leader=None trust=1.00 susp=0.00 cov=14.6%/100.0%
[R1] pos=(916,916) state=exploring leader=None trust=1.00 susp=0.00 cov=14.6%/100.0%
[R1] pos=(916,916) state=exploring leader=None trust=1.00 susp=0.00 cov=14.6%/100.0%
[R1] pos=(916,916) state=exploring leader=None trust=1.00 susp=0.00 cov=14.6%/100.0%
[R1] pos=(916,916) state=exploring leader=None trust=1.00 susp=0.00 cov=14.6%/100.0%
[R1] pos=(916,916) state=exploring leader=None trust=1.00 susp=0.00 cov=14.6%/100.0%
[R1] pos=(916,916) state=exploring leader=None trust=1.00 susp=0.00 cov=14.6%/100.0%
[R1] pos=(916,916) state=exploring leader=None trust=1.00 susp=0.00 cov=14.6%/100.0%
[R1] pos=(916,916) state=exploring leader=None trust=1.00 susp=0.00 cov=14.6%/100.0%
[R1] pos=(916,916) state=exploring leader=None trust=1.00 susp=0.00 cov=14.6%/100.0%
[R1] pos=(916,916) state=exploring leader=None trust=1.00 susp=0.00 cov=14.6%/100.0%
[R1] pos=(916,916) state=exploring leader=None trust=1.00 susp=0.00 cov=14.6%/100.0%
[R1] pos=(916,916) state=exploring leader=None trust=1.00 susp=0.00 cov=14.6%/100.0%
[R1] pos=(916,916) state=exploring leader=None trust=1.00 susp=0.00 cov=14.6%/100.0%
[R1] pos=(916,916) state=exploring leader=None trust=1.00 susp=0.00 cov=14.6%/100.0%
[R1] pos=(916,916) state=exploring leader=None trust=1.00 susp=0.00 cov=14.6%/100.0%
[R1] pos=(916,916) state=exploring leader=None trust=1.00 susp=0.00 cov=14.6%/100.0%
[R1] pos=(916,916) state=exploring leader=None trust=1.00 susp=0.00 cov=14.6%/100.0%
[R1] pos=(916,916) state=exploring leader=None trust=1.00 susp=0.00 cov=14.6%/100.0%
[R1] pos=(916,916) state=exploring leader=None trust=1.00 susp=0.00 cov=14.6%/100.0%
[R1] pos=(916,916) state=exploring leader=None trust=1.00 susp=0.00 cov=14.6%/100.0%
[R1] pos=(916,916) state=exploring leader=None trust=1.00 susp=0.00 cov=14.6%/100.0%
[R1] pos=(916,916) state=exploring leader=None trust=1.00 susp=0.00 cov=14.6%/100.0%
[R1] pos=(916,916) state=exploring leader=None trust=1.00 susp=0.00 cov=14.6%/100.0%
[R1] pos=(916,916) state=exploring leader=None trust=1.00 susp=0.00 cov=14.6%/100.0%
[R1] pos=(916,916) state=exploring leader=None trust=1.00 susp=0.00 cov=14.6%/100.0%
[R1] pos=(916,916) state=exploring leader=None trust=1.00 susp=0.00 cov=14.6%/100.0%
[R1] pos=(916,916) state=exploring leader=None trust=1.00 susp=0.00 cov=14.6%/100.0%
[R1] pos=(916,916) state=exploring leader=None trust=1.00 susp=0.00 cov=14.6%/100.0%
[R1] pos=(916,916) state=exploring leader=None trust=1.00 susp=0.00 cov=14.6%/100.0%
[R1] pos=(916,916) state=exploring leader=None trust=1.00 susp=0.00 cov=14.6%/100.0%
[R1] pos=(916,916) state=exploring leader=None trust=1.00 susp=0.00 cov=14.6%/100.0%
[R1] pos=(916,916) state=exploring leader=None trust=1.00 susp=0.00 cov=14.6%/100.0%
[R1] pos=(916,916) state=exploring leader=None trust=1.00 susp=0.00 cov=14.6%/100.0%
[R1] pos=(916,916) state=exploring leader=None trust=1.00 susp=0.00 cov=14.6%/100.0%
[R1] pos=(916,916) state=exploring leader=None trust=1.00 susp=0.00 cov=14.6%/100.0%
[R1] pos=(916,916) state=exploring leader=None trust=1.00 susp=0.00 cov=14.6%/100.0%
[R1] pos=(916,916) state=exploring leader=None trust=1.00 susp=0.00 cov=14.6%/100.0%
[R1] pos=(916,916) state=exploring leader=None trust=1.00 susp=0.00 cov=14.6%/100.0%
[R1] pos=(916,916) state=exploring leader=None trust=1.00 susp=0.00 cov=14.6%/100.0%
[R1] pos=(916,916) state=exploring leader=None trust=1.00 susp=0.00 cov=14.6%/100.0%
[R1] pos=(916,916) state=exploring leader=None trust=1.00 susp=0.00 cov=14.6%/100.0%
[R1] pos=(916,916) state=exploring leader=None trust=1.00 susp=0.00 cov=14.6%/100.0%
[R1] pos=(916,916) state=exploring leader=None trust=1.00 susp=0.00 cov=14.6%/100.0%
[R1] pos=(916,916) state=exploring leader=None trust=1.00 susp=0.00 cov=14.6%/100.0%
[R1] pos=(916,916) state=exploring leader=None trust=1.00 susp=0.00 cov=14.6%/100.0%
