[WARN] Hardware modules not available - simulation mode
=== RAFT Baseline - Robot 5 [SIM] ===
NO TRUST. Heartbeat timeout only.

  Logging to: logs/raft_5_20260226_192011.jsonl
Initializing hardware...
  Hardware: SIMULATED
[INFO] Position socket listening on port 11105
[INFO] Peer socket listening on port 11205
[INFO] Fault socket listening on port 11305
Ready!

Running RAFT baseline... Press Ctrl+C to stop

[R5] state=follower leader=None term=0 cov=0.0%/0.0%
[R5] state=follower leader=4 term=1 cov=0.5%/0.5%
[R5] state=follower leader=4 term=1 cov=3.1%/14.6%
[R5] state=follower leader=4 term=1 cov=5.2%/25.5%
[R5] state=follower leader=4 term=1 cov=6.8%/34.4%
[R5] state=follower leader=4 term=1 cov=9.9%/47.9%
[R5] state=follower leader=4 term=1 cov=12.5%/59.9%
[R5] state=follower leader=4 term=1 cov=14.6%/66.1%
[R5] state=follower leader=4 term=1 cov=16.7%/76.0%
[R5] state=follower leader=4 term=1 cov=18.8%/86.5%
[R5] state=follower leader=4 term=1 cov=20.8%/94.3%
[R5] state=follower leader=4 term=1 cov=22.9%/98.4%
[R5] state=follower leader=4 term=1 cov=22.9%/100.0%
[R5] state=follower leader=4 term=1 cov=22.9%/100.0%
[R5] state=follower leader=4 term=1 cov=22.9%/100.0%
[R5] state=follower leader=4 term=1 cov=22.9%/100.0%
[R5] state=follower leader=4 term=1 cov=22.9%/100.0%
[R5] state=follower leader=4 term=1 cov=22.9%/100.0%
[R5] state=follower leader=4 term=1 cov=22.9%/100.0%
[R5] state=follower leader=4 term=1 cov=22.9%/100.0%
[R5] state=follower leader=4 term=1 cov=22.9%/100.0%
[R5] state=follower leader=4 term=1 cov=22.9%/100.0%
[R5] state=follower leader=4 term=1 cov=22.9%/100.0%
[R5] state=follower leader=4 term=1 cov=22.9%/100.0%
[R5] state=follower leader=4 term=1 cov=22.9%/100.0%
[R5] state=follower leader=4 term=1 cov=22.9%/100.0%
[R5] state=follower leader=4 term=1 cov=22.9%/100.0%
[R5] state=follower leader=4 term=1 cov=22.9%/100.0%
[R5] state=follower leader=4 term=1 cov=22.9%/100.0%
[R5] state=follower leader=4 term=1 cov=22.9%/100.0%
[R5] state=follower leader=4 term=1 cov=22.9%/100.0%
