[WARN] Hardware modules not available - running in simulation mode
=== REIP Node - Robot 1 [SIM (unique ports)] ===
Trust Model: Three-tier confidence-weighted
  Personal: 1.0, ToF: 1.0, Peer: 0.3
  Suspicion threshold: 1.5, Recovery: 0.1

  Logging to: logs/robot_1_20260226_193940.jsonl
Initializing hardware...
  Hardware: SIMULATED
[INFO] Position socket listening on port 9101
[INFO] Peer socket listening on port 9201
[INFO] Fault socket listening on port 9301
Ready!

=== DECENTRALIZED MODE - No leader coordination ===
=== Detection Bounds: T1=2 cmds, T3=8 cmds | Impeachment: T1=8 cmds, T3=32 cmds ===
Running... Press Ctrl+C to stop

[R1] pos=(0,0) state=exploring leader=None trust=1.00 susp=0.00 cov=0.0%/0.0%
[R1] pos=(554,209) state=exploring leader=None trust=1.00 susp=0.00 cov=0.5%/0.5%
[R1] pos=(75,75) state=exploring leader=None trust=1.00 susp=0.00 cov=3.1%/16.7%
[R1] pos=(618,75) state=exploring leader=None trust=1.00 susp=0.00 cov=5.7%/29.2%
[R1] pos=(917,181) state=exploring leader=None trust=1.00 susp=0.00 cov=8.3%/37.0%
[R1] pos=(800,474) state=exploring leader=None trust=1.00 susp=0.00 cov=10.9%/44.3%
[R1] pos=(900,432) state=exploring leader=None trust=1.00 susp=0.00 cov=10.9%/44.3%
[R1] pos=(900,527) state=exploring leader=None trust=1.00 susp=0.00 cov=11.5%/44.3%
[R1] pos=(900,520) state=exploring leader=None trust=1.00 susp=0.00 cov=11.5%/44.3%
[R1] pos=(900,562) state=exploring leader=None trust=1.00 susp=0.00 cov=11.5%/44.3%
[R1] pos=(900,686) state=exploring leader=None trust=1.00 susp=0.00 cov=12.0%/44.3%
[R1] pos=(900,772) state=exploring leader=None trust=1.00 susp=0.00 cov=12.5%/44.3%
[R1] pos=(899,644) state=exploring leader=None trust=1.00 susp=0.00 cov=12.5%/44.3%
[R1] pos=(899,651) state=exploring leader=None trust=1.00 susp=0.00 cov=12.5%/44.3%
[R1] pos=(899,674) state=exploring leader=None trust=1.00 susp=0.00 cov=12.5%/44.3%
[R1] pos=(899,778) state=exploring leader=None trust=1.00 susp=0.00 cov=12.5%/44.3%
[FAULT] BAD_LEADER mode activated - will send bad assignments
[R1] pos=(899,851) state=exploring leader=None trust=1.00 susp=0.00 cov=13.0%/44.3%
[R1] pos=(898,982) state=exploring leader=None trust=1.00 susp=0.00 cov=13.5%/45.3%
[R1] pos=(898,1060) state=exploring leader=None trust=1.00 susp=0.00 cov=13.5%/45.3%
[R1] pos=(898,1078) state=exploring leader=None trust=1.00 susp=0.00 cov=14.1%/45.3%
[R1] pos=(897,1020) state=exploring leader=None trust=1.00 susp=0.00 cov=14.1%/45.3%
[R1] pos=(897,1151) state=exploring leader=None trust=1.00 susp=0.00 cov=14.1%/45.3%
[R1] pos=(897,1288) state=exploring leader=None trust=1.00 susp=0.00 cov=14.6%/45.3%
[R1] pos=(513,1425) state=exploring leader=None trust=1.00 susp=0.00 cov=17.2%/49.0%
[R1] pos=(541,1202) state=exploring leader=None trust=1.00 susp=0.00 cov=20.8%/54.2%
[R1] pos=(896,1060) state=exploring leader=None trust=1.00 susp=0.00 cov=22.4%/56.2%
[R1] pos=(895,1065) state=exploring leader=None trust=1.00 susp=0.00 cov=22.4%/59.4%
[R1] pos=(895,942) state=exploring leader=None trust=1.00 susp=0.00 cov=22.4%/60.9%
[R1] pos=(895,823) state=exploring leader=None trust=1.00 susp=0.00 cov=22.4%/63.5%
[R1] pos=(895,921) state=exploring leader=None trust=1.00 susp=0.00 cov=22.4%/68.2%
[R1] pos=(895,1052) state=exploring leader=None trust=1.00 susp=0.00 cov=22.4%/70.8%
[R1] pos=(894,1166) state=exploring leader=None trust=1.00 susp=0.00 cov=22.4%/74.0%
[R1] pos=(1296,1303) state=exploring leader=None trust=1.00 susp=0.00 cov=24.0%/78.1%
[R1] pos=(1563,762) state=exploring leader=None trust=1.00 susp=0.00 cov=27.6%/82.8%
[R1] pos=(1687,75) state=exploring leader=None trust=1.00 susp=0.00 cov=31.2%/93.8%
[R1] pos=(1925,796) state=exploring leader=None trust=1.00 susp=0.00 cov=35.4%/100.0%
[R1] pos=(1925,1122) state=exploring leader=None trust=1.00 susp=0.00 cov=36.5%/100.0%
[R1] pos=(1925,1108) state=exploring leader=None trust=1.00 susp=0.00 cov=36.5%/100.0%
[R1] pos=(1925,1031) state=exploring leader=None trust=1.00 susp=0.00 cov=37.0%/100.0%
[R1] pos=(1925,1003) state=exploring leader=None trust=1.00 susp=0.00 cov=37.0%/100.0%
[R1] pos=(1925,1017) state=exploring leader=None trust=1.00 susp=0.00 cov=37.0%/100.0%
[R1] pos=(1925,1119) state=exploring leader=None trust=1.00 susp=0.00 cov=37.0%/100.0%
[R1] pos=(1925,1129) state=exploring leader=None trust=1.00 susp=0.00 cov=37.0%/100.0%
[R1] pos=(1925,1035) state=exploring leader=None trust=1.00 susp=0.00 cov=37.0%/100.0%
[R1] pos=(1925,1025) state=exploring leader=None trust=1.00 susp=0.00 cov=37.0%/100.0%
[R1] pos=(1925,996) state=exploring leader=None trust=1.00 susp=0.00 cov=37.0%/100.0%
[R1] pos=(1925,1012) state=exploring leader=None trust=1.00 susp=0.00 cov=37.0%/100.0%
[R1] pos=(1925,1004) state=exploring leader=None trust=1.00 susp=0.00 cov=37.0%/100.0%
[R1] pos=(1925,999) state=exploring leader=None trust=1.00 susp=0.00 cov=37.0%/100.0%
[R1] pos=(1925,1122) state=exploring leader=None trust=1.00 susp=0.00 cov=37.0%/100.0%
[R1] pos=(1925,1122) state=exploring leader=None trust=1.00 susp=0.00 cov=37.0%/100.0%
[R1] pos=(1925,1122) state=exploring leader=None trust=1.00 susp=0.00 cov=37.0%/100.0%
[R1] pos=(1925,1122) state=exploring leader=None trust=1.00 susp=0.00 cov=37.0%/100.0%
[R1] pos=(1925,1122) state=exploring leader=None trust=1.00 susp=0.00 cov=37.0%/100.0%
[R1] pos=(1925,1122) state=exploring leader=None trust=1.00 susp=0.00 cov=37.0%/100.0%
[R1] pos=(1925,1122) state=exploring leader=None trust=1.00 susp=0.00 cov=37.0%/100.0%
[R1] pos=(1925,1122) state=exploring leader=None trust=1.00 susp=0.00 cov=37.0%/100.0%
[R1] pos=(1925,1122) state=exploring leader=None trust=1.00 susp=0.00 cov=37.0%/100.0%
[R1] pos=(1925,1122) state=exploring leader=None trust=1.00 susp=0.00 cov=37.0%/100.0%
[R1] pos=(1925,1122) state=exploring leader=None trust=1.00 susp=0.00 cov=37.0%/100.0%
[R1] pos=(1925,1122) state=exploring leader=None trust=1.00 susp=0.00 cov=37.0%/100.0%
[R1] pos=(1925,1122) state=exploring leader=None trust=1.00 susp=0.00 cov=37.0%/100.0%
