[WARN] Hardware modules not available - simulation mode
=== RAFT Baseline - Robot 1 [SIM] ===
NO TRUST. Heartbeat timeout only.

  Logging to: logs/raft_1_20260226_205500.jsonl
Initializing hardware...
  Hardware: SIMULATED
[INFO] Position socket listening on port 12101
[INFO] Peer socket listening on port 12201
[INFO] Fault socket listening on port 12301
Ready!

Running RAFT baseline... Press Ctrl+C to stop

[R1] state=follower leader=None term=0 cov=0.0%/0.0%
[R1] state=follower leader=5 term=1 cov=0.5%/2.1%
[R1] state=follower leader=5 term=1 cov=0.5%/2.1%
[R1] state=follower leader=5 term=1 cov=0.5%/2.1%
[R1] state=follower leader=5 term=1 cov=0.5%/2.1%
[R1] state=follower leader=5 term=1 cov=0.5%/2.1%
[R1] state=follower leader=5 term=1 cov=0.5%/2.1%
[R1] state=follower leader=5 term=1 cov=0.5%/2.1%
[R1] state=follower leader=5 term=1 cov=0.5%/2.1%
[R1] state=follower leader=5 term=1 cov=0.5%/2.1%
[R1] state=follower leader=5 term=1 cov=0.5%/2.1%
[FAULT] Injected: spin
[R1] state=follower leader=5 term=1 cov=0.5%/4.7%
[R1] state=follower leader=5 term=1 cov=0.5%/13.5%
[R1] state=follower leader=5 term=1 cov=0.5%/22.9%
[R1] state=follower leader=5 term=1 cov=0.5%/32.3%
[R1] state=follower leader=5 term=1 cov=0.5%/38.0%
[R1] state=follower leader=5 term=1 cov=0.5%/41.7%
[R1] state=follower leader=5 term=1 cov=0.5%/46.4%
[R1] state=follower leader=5 term=1 cov=0.5%/50.0%
[R1] state=follower leader=5 term=1 cov=0.5%/51.0%
[R1] state=follower leader=5 term=1 cov=0.5%/51.0%
[R1] state=follower leader=5 term=1 cov=0.5%/51.0%
[R1] state=follower leader=5 term=1 cov=0.5%/51.0%
[R1] state=follower leader=5 term=1 cov=0.5%/51.0%
[R1] state=follower leader=5 term=1 cov=0.5%/51.0%
[R1] state=follower leader=5 term=1 cov=0.5%/51.0%
[R1] state=follower leader=5 term=1 cov=0.5%/51.0%
[R1] state=follower leader=5 term=1 cov=0.5%/51.0%
[R1] state=follower leader=5 term=1 cov=0.5%/51.0%
[R1] state=follower leader=5 term=1 cov=0.5%/51.0%
[R1] state=follower leader=5 term=1 cov=0.5%/51.0%
[R1] state=follower leader=5 term=1 cov=0.5%/51.6%
[R1] state=follower leader=5 term=1 cov=0.5%/51.6%
[R1] state=follower leader=5 term=1 cov=0.5%/54.2%
[R1] state=follower leader=5 term=1 cov=0.5%/56.8%
[R1] state=follower leader=5 term=1 cov=0.5%/62.0%
[R1] state=follower leader=5 term=1 cov=0.5%/66.1%
[R1] state=follower leader=5 term=1 cov=0.5%/70.3%
[R1] state=follower leader=5 term=1 cov=0.5%/75.5%
[R1] state=follower leader=5 term=1 cov=0.5%/79.7%
[R1] state=follower leader=5 term=1 cov=0.5%/83.9%
[R1] state=follower leader=5 term=1 cov=0.5%/85.9%
[R1] state=follower leader=5 term=1 cov=0.5%/90.1%
[R1] state=follower leader=5 term=1 cov=0.5%/94.3%
[R1] state=follower leader=5 term=1 cov=0.5%/96.4%
[R1] state=follower leader=5 term=1 cov=0.5%/99.5%
[R1] state=follower leader=5 term=1 cov=0.5%/99.5%
[R1] state=follower leader=5 term=1 cov=0.5%/99.5%
[R1] state=follower leader=5 term=1 cov=0.5%/99.5%
[R1] state=follower leader=5 term=1 cov=0.5%/99.5%
[R1] state=follower leader=5 term=1 cov=0.5%/99.5%
[R1] state=follower leader=5 term=1 cov=0.5%/99.5%
[R1] state=follower leader=5 term=1 cov=0.5%/99.5%
[R1] state=follower leader=5 term=1 cov=0.5%/99.5%
[R1] state=follower leader=5 term=1 cov=0.5%/99.5%
[R1] state=follower leader=5 term=1 cov=0.5%/99.5%
[R1] state=follower leader=5 term=1 cov=0.5%/99.5%
[R1] state=follower leader=5 term=1 cov=0.5%/99.5%
[R1] state=follower leader=5 term=1 cov=0.5%/99.5%
[R1] state=follower leader=5 term=1 cov=0.5%/99.5%
[R1] state=follower leader=5 term=1 cov=0.5%/99.5%
