[WARN] Hardware modules not available - simulation mode
=== RAFT Baseline - Robot 3 [SIM] ===
NO TRUST. Heartbeat timeout only.

  Logging to: logs/raft_3_20260226_205500.jsonl
Initializing hardware...
  Hardware: SIMULATED
[INFO] Position socket listening on port 12103
[INFO] Peer socket listening on port 12203
[INFO] Fault socket listening on port 12303
Ready!

Running RAFT baseline... Press Ctrl+C to stop

[R3] state=follower leader=None term=0 cov=0.0%/0.0%
[R3] state=follower leader=5 term=1 cov=0.5%/2.1%
[R3] state=follower leader=5 term=1 cov=0.5%/2.1%
[R3] state=follower leader=5 term=1 cov=0.5%/2.1%
[R3] state=follower leader=5 term=1 cov=0.5%/2.1%
[R3] state=follower leader=5 term=1 cov=0.5%/2.1%
[R3] state=follower leader=5 term=1 cov=0.5%/2.1%
[R3] state=follower leader=5 term=1 cov=0.5%/2.1%
[R3] state=follower leader=5 term=1 cov=0.5%/2.1%
[R3] state=follower leader=5 term=1 cov=0.5%/2.1%
[R3] state=follower leader=5 term=1 cov=0.5%/2.1%
[R3] state=follower leader=5 term=1 cov=1.0%/4.7%
[R3] state=follower leader=5 term=1 cov=2.6%/14.1%
[R3] state=follower leader=5 term=1 cov=5.2%/23.4%
[R3] state=follower leader=5 term=1 cov=7.3%/32.3%
[R3] state=follower leader=5 term=1 cov=9.9%/38.0%
[R3] state=follower leader=5 term=1 cov=13.0%/42.2%
[R3] state=follower leader=5 term=1 cov=15.1%/46.4%
[R3] state=follower leader=5 term=1 cov=16.7%/50.0%
[R3] state=follower leader=5 term=1 cov=17.7%/51.0%
[R3] state=follower leader=5 term=1 cov=17.7%/51.0%
[R3] state=follower leader=5 term=1 cov=17.7%/51.0%
[R3] state=follower leader=5 term=1 cov=17.7%/51.0%
[R3] state=follower leader=5 term=1 cov=17.7%/51.0%
[R3] state=follower leader=5 term=1 cov=17.7%/51.0%
[R3] state=follower leader=5 term=1 cov=17.7%/51.0%
[R3] state=follower leader=5 term=1 cov=17.7%/51.0%
[R3] state=follower leader=5 term=1 cov=17.7%/51.0%
[R3] state=follower leader=5 term=1 cov=17.7%/51.0%
[R3] state=follower leader=5 term=1 cov=17.7%/51.0%
[R3] state=follower leader=5 term=1 cov=17.7%/51.0%
[R3] state=follower leader=5 term=1 cov=18.2%/51.6%
[R3] state=follower leader=5 term=1 cov=18.2%/51.6%
[R3] state=follower leader=5 term=1 cov=20.3%/54.2%
[R3] state=follower leader=5 term=1 cov=22.9%/57.3%
[R3] state=follower leader=5 term=1 cov=25.5%/62.0%
[R3] state=follower leader=5 term=1 cov=27.1%/66.1%
[R3] state=follower leader=5 term=1 cov=29.2%/70.8%
[R3] state=follower leader=5 term=1 cov=31.8%/76.0%
[R3] state=follower leader=5 term=1 cov=33.9%/80.2%
[R3] state=follower leader=5 term=1 cov=35.4%/84.4%
[R3] state=follower leader=5 term=1 cov=37.5%/86.5%
[R3] state=follower leader=5 term=1 cov=39.1%/90.6%
[R3] state=follower leader=5 term=1 cov=41.1%/94.3%
[R3] state=follower leader=5 term=1 cov=43.8%/96.4%
[R3] state=follower leader=5 term=1 cov=45.3%/99.5%
[R3] state=follower leader=5 term=1 cov=45.3%/99.5%
[R3] state=follower leader=5 term=1 cov=45.3%/99.5%
[R3] state=follower leader=5 term=1 cov=45.3%/99.5%
[R3] state=follower leader=5 term=1 cov=45.3%/99.5%
[R3] state=follower leader=5 term=1 cov=45.3%/99.5%
[R3] state=follower leader=5 term=1 cov=45.3%/99.5%
[R3] state=follower leader=5 term=1 cov=45.3%/99.5%
[R3] state=follower leader=5 term=1 cov=45.3%/99.5%
[R3] state=follower leader=5 term=1 cov=45.3%/99.5%
[R3] state=follower leader=5 term=1 cov=45.3%/99.5%
[R3] state=follower leader=5 term=1 cov=45.3%/99.5%
[R3] state=follower leader=5 term=1 cov=45.3%/99.5%
[R3] state=follower leader=5 term=1 cov=45.3%/99.5%
[R3] state=follower leader=5 term=1 cov=45.3%/99.5%
[R3] state=follower leader=5 term=1 cov=45.3%/99.5%
