[WARN] Hardware modules not available - simulation mode
=== RAFT Baseline - Robot 3 [SIM] ===
NO TRUST. Heartbeat timeout only.

  Logging to: logs/raft_3_20260226_211937.jsonl
Initializing hardware...
  Hardware: SIMULATED
[INFO] Position socket listening on port 8103
[INFO] Peer socket listening on port 8203
[INFO] Fault socket listening on port 8303
Ready!

Running RAFT baseline... Press Ctrl+C to stop

[R3] state=follower leader=None term=0 cov=0.0%/0.0%
[RAFT] Starting election, term 1
[RAFT] Became leader, term 1
[R3] state=leader leader=3 term=1 cov=0.5%/0.5%
[R3] state=leader leader=3 term=1 cov=2.1%/10.9%
[R3] state=leader leader=3 term=1 cov=4.2%/20.8%
[R3] state=leader leader=3 term=1 cov=5.7%/31.8%
[R3] state=leader leader=3 term=1 cov=7.3%/37.5%
[R3] state=leader leader=3 term=1 cov=8.3%/44.3%
[R3] state=leader leader=3 term=1 cov=10.9%/48.4%
[R3] state=leader leader=3 term=1 cov=11.5%/49.0%
[R3] state=leader leader=3 term=1 cov=11.5%/49.5%
[R3] state=leader leader=3 term=1 cov=13.0%/51.0%
[R3] state=leader leader=3 term=1 cov=16.1%/54.7%
[R3] state=leader leader=3 term=1 cov=19.3%/57.8%
[R3] state=leader leader=3 term=1 cov=21.4%/60.4%
[R3] state=leader leader=3 term=1 cov=24.0%/63.0%
[R3] state=leader leader=3 term=1 cov=26.0%/65.1%
[R3] state=leader leader=3 term=1 cov=29.7%/68.8%
[R3] state=leader leader=3 term=1 cov=32.8%/72.9%
[R3] state=leader leader=3 term=1 cov=34.4%/76.6%
[R3] state=leader leader=3 term=1 cov=36.5%/80.7%
[R3] state=leader leader=3 term=1 cov=38.5%/84.4%
[R3] state=leader leader=3 term=1 cov=41.1%/90.1%
[R3] state=leader leader=3 term=1 cov=44.3%/95.3%
[R3] state=leader leader=3 term=1 cov=47.4%/98.4%
[R3] state=leader leader=3 term=1 cov=50.0%/99.5%
[R3] state=leader leader=3 term=1 cov=50.5%/100.0%
[R3] state=leader leader=3 term=1 cov=50.5%/100.0%
[R3] state=leader leader=3 term=1 cov=50.5%/100.0%
[R3] state=leader leader=3 term=1 cov=50.5%/100.0%
[R3] state=leader leader=3 term=1 cov=50.5%/100.0%
[R3] state=leader leader=3 term=1 cov=50.5%/100.0%
[R3] state=leader leader=3 term=1 cov=50.5%/100.0%
[R3] state=leader leader=3 term=1 cov=50.5%/100.0%
[R3] state=leader leader=3 term=1 cov=50.5%/100.0%
[R3] state=leader leader=3 term=1 cov=50.5%/100.0%
[R3] state=leader leader=3 term=1 cov=50.5%/100.0%
[R3] state=leader leader=3 term=1 cov=50.5%/100.0%
[R3] state=leader leader=3 term=1 cov=50.5%/100.0%
[R3] state=leader leader=3 term=1 cov=50.5%/100.0%
[R3] state=leader leader=3 term=1 cov=50.5%/100.0%
[R3] state=leader leader=3 term=1 cov=50.5%/100.0%
[R3] state=leader leader=3 term=1 cov=50.5%/100.0%
[R3] state=leader leader=3 term=1 cov=50.5%/100.0%
[R3] state=leader leader=3 term=1 cov=50.5%/100.0%
[R3] state=leader leader=3 term=1 cov=50.5%/100.0%
[R3] state=leader leader=3 term=1 cov=50.5%/100.0%
[R3] state=leader leader=3 term=1 cov=50.5%/100.0%
[R3] state=leader leader=3 term=1 cov=50.5%/100.0%
[R3] state=leader leader=3 term=1 cov=50.5%/100.0%
[R3] state=leader leader=3 term=1 cov=50.5%/100.0%
[R3] state=leader leader=3 term=1 cov=50.5%/100.0%
[R3] state=leader leader=3 term=1 cov=50.5%/100.0%
[R3] state=leader leader=3 term=1 cov=50.5%/100.0%
[R3] state=leader leader=3 term=1 cov=50.5%/100.0%
[R3] state=leader leader=3 term=1 cov=50.5%/100.0%
[R3] state=leader leader=3 term=1 cov=50.5%/100.0%
[R3] state=leader leader=3 term=1 cov=50.5%/100.0%
[R3] state=leader leader=3 term=1 cov=50.5%/100.0%
[R3] state=leader leader=3 term=1 cov=50.5%/100.0%
[R3] state=leader leader=3 term=1 cov=50.5%/100.0%
[R3] state=leader leader=3 term=1 cov=50.5%/100.0%
[R3] state=leader leader=3 term=1 cov=50.5%/100.0%
[R3] state=leader leader=3 term=1 cov=50.5%/100.0%
[R3] state=leader leader=3 term=1 cov=50.5%/100.0%
[R3] state=leader leader=3 term=1 cov=50.5%/100.0%
