[WARN] Hardware modules not available - simulation mode
=== RAFT Baseline - Robot 5 [SIM] ===
NO TRUST. Heartbeat timeout only.

  Logging to: logs/raft_5_20260226_213505.jsonl
Initializing hardware...
  Hardware: SIMULATED
[INFO] Position socket listening on port 19105
[INFO] Peer socket listening on port 19205
[INFO] Fault socket listening on port 19305
Ready!

Running RAFT baseline... Press Ctrl+C to stop

[R5] state=follower leader=None term=0 cov=0.0%/0.0%
[R5] state=follower leader=2 term=1 cov=0.5%/0.5%
[R5] state=follower leader=2 term=1 cov=2.6%/12.0%
[R5] state=follower leader=2 term=1 cov=6.2%/20.8%
[R5] state=follower leader=2 term=1 cov=8.3%/26.0%
[R5] state=follower leader=2 term=1 cov=10.9%/32.3%
[R5] state=follower leader=2 term=1 cov=14.6%/41.1%
[R5] state=follower leader=2 term=1 cov=15.6%/46.4%
[R5] state=follower leader=2 term=1 cov=16.1%/48.4%
[R5] state=follower leader=2 term=1 cov=16.1%/52.1%
[R5] state=follower leader=2 term=1 cov=17.2%/55.7%
[R5] state=follower leader=2 term=1 cov=17.2%/57.8%
[R5] state=follower leader=2 term=1 cov=17.2%/60.9%
[R5] state=follower leader=2 term=1 cov=17.2%/64.1%
[R5] state=follower leader=2 term=1 cov=17.2%/66.7%
[R5] state=follower leader=2 term=1 cov=17.2%/70.3%
[R5] state=follower leader=2 term=1 cov=17.2%/72.9%
[R5] state=follower leader=2 term=1 cov=17.7%/75.5%
[R5] state=follower leader=2 term=1 cov=17.7%/76.6%
[R5] state=follower leader=2 term=1 cov=17.7%/76.6%
[R5] state=follower leader=2 term=1 cov=17.7%/76.6%
[R5] state=follower leader=2 term=1 cov=17.7%/76.6%
[R5] state=follower leader=2 term=1 cov=17.7%/76.6%
[R5] state=follower leader=2 term=1 cov=17.7%/76.6%
[R5] state=follower leader=2 term=1 cov=17.7%/76.6%
[R5] state=follower leader=2 term=1 cov=17.7%/76.6%
[R5] state=follower leader=2 term=1 cov=17.7%/76.6%
[R5] state=follower leader=2 term=1 cov=17.7%/76.6%
[R5] state=follower leader=2 term=1 cov=17.7%/76.6%
[R5] state=follower leader=2 term=1 cov=17.7%/76.6%
[R5] state=follower leader=2 term=1 cov=17.7%/76.6%
[R5] state=follower leader=2 term=1 cov=17.7%/76.6%
[R5] state=follower leader=2 term=1 cov=17.7%/76.6%
[R5] state=follower leader=2 term=1 cov=17.7%/76.6%
[R5] state=follower leader=2 term=1 cov=17.7%/76.6%
[R5] state=follower leader=2 term=1 cov=17.7%/76.6%
[R5] state=follower leader=2 term=1 cov=17.7%/76.6%
[R5] state=follower leader=2 term=1 cov=17.7%/76.6%
[R5] state=follower leader=2 term=1 cov=17.7%/76.6%
[R5] state=follower leader=2 term=1 cov=17.7%/76.6%
[R5] state=follower leader=2 term=1 cov=17.7%/76.6%
[R5] state=follower leader=2 term=1 cov=17.7%/76.6%
[R5] state=follower leader=2 term=1 cov=17.7%/76.6%
[R5] state=follower leader=2 term=1 cov=17.7%/76.6%
[R5] state=follower leader=2 term=1 cov=17.7%/76.6%
[R5] state=follower leader=2 term=1 cov=17.7%/76.6%
[R5] state=follower leader=2 term=1 cov=17.7%/76.6%
[R5] state=follower leader=2 term=1 cov=17.7%/76.6%
[R5] state=follower leader=2 term=1 cov=17.7%/76.6%
[R5] state=follower leader=2 term=1 cov=17.7%/76.6%
[R5] state=follower leader=2 term=1 cov=17.7%/76.6%
[R5] state=follower leader=2 term=1 cov=17.7%/76.6%
[R5] state=follower leader=2 term=1 cov=17.7%/76.6%
[R5] state=follower leader=2 term=1 cov=17.7%/76.6%
[R5] state=follower leader=2 term=1 cov=17.7%/76.6%
[R5] state=follower leader=2 term=1 cov=17.7%/76.6%
[R5] state=follower leader=2 term=1 cov=17.7%/76.6%
[R5] state=follower leader=2 term=1 cov=17.7%/76.6%
[R5] state=follower leader=2 term=1 cov=17.7%/76.6%
[R5] state=follower leader=2 term=1 cov=17.7%/76.6%
[R5] state=follower leader=2 term=1 cov=17.7%/76.6%
