[WARN] Hardware modules not available - running in simulation mode
=== REIP Node - Robot 1 [SIM (unique ports)] ===
Trust Model: Three-tier confidence-weighted
  Personal: 1.0, ToF: 1.0, Peer: 0.3
  Suspicion threshold: 1.5, Recovery: 0.1

  Logging to: logs/robot_1_20260226_000652.jsonl
Initializing hardware...
  Hardware: SIMULATED
[INFO] Position socket listening on port 17101
[INFO] Peer socket listening on port 17201
[INFO] Fault socket listening on port 17301
Ready!

=== Detection Bounds: T1=2 cmds, T3=8 cmds | Impeachment: T1=8 cmds, T3=32 cmds ===
Running... Press Ctrl+C to stop

[ELECTION] New leader: 1
[R1] pos=(0,0) state=leader leader=1 trust=1.00 susp=0.00 cov=0.0%/0.0%
[R1] pos=(918,1242) state=leader leader=1 trust=1.00 susp=0.00 cov=0.5%/2.6%
[R1] pos=(823,1341) state=leader leader=1 trust=1.00 susp=0.00 cov=1.6%/8.9%
[R1] pos=(886,1425) state=leader leader=1 trust=1.00 susp=0.00 cov=2.6%/14.1%
[R1] pos=(1060,1350) state=leader leader=1 trust=1.00 susp=0.00 cov=3.6%/19.3%
[R1] pos=(1207,1418) state=leader leader=1 trust=1.00 susp=0.00 cov=4.7%/24.5%
[R1] pos=(1357,1323) state=leader leader=1 trust=1.00 susp=0.00 cov=5.7%/29.7%
[R1] pos=(1530,1425) state=leader leader=1 trust=1.00 susp=0.00 cov=7.3%/35.9%
[R1] pos=(1678,1414) state=leader leader=1 trust=1.00 susp=0.00 cov=8.3%/41.1%
[R1] pos=(1900,1425) state=leader leader=1 trust=1.00 susp=0.00 cov=9.4%/46.9%
[R1] pos=(1663,1346) state=leader leader=1 trust=1.00 susp=0.00 cov=9.9%/49.0%
[R1] pos=(1545,1306) state=leader leader=1 trust=1.00 susp=0.00 cov=9.9%/50.0%
[R1] pos=(1545,1306) state=leader leader=1 trust=1.00 susp=0.00 cov=9.9%/50.0%
[R1] pos=(1545,1306) state=leader leader=1 trust=1.00 susp=0.00 cov=9.9%/50.0%
[R1] pos=(1545,1306) state=leader leader=1 trust=1.00 susp=0.00 cov=9.9%/50.0%
[R1] pos=(1545,1306) state=leader leader=1 trust=1.00 susp=0.00 cov=9.9%/50.0%
[R1] pos=(1545,1306) state=leader leader=1 trust=1.00 susp=0.00 cov=9.9%/50.0%
[FAULT] BAD_LEADER mode activated - will send bad assignments
[BAD_LEADER] Sending 5 robots to EXPLORED cells: [(1562.5, 937.5), (62.5, 312.5), (1562.5, 437.5)]...
[BAD_LEADER] Sending 5 robots to EXPLORED cells: [(937.5, 1312.5), (1562.5, 1437.5), (1687.5, 937.5)]...
[BAD_LEADER] Sending 5 robots to EXPLORED cells: [(812.5, 1062.5), (1437.5, 1437.5), (937.5, 1062.5)]...
[BAD_LEADER] Sending 5 robots to EXPLORED cells: [(1187.5, 1312.5), (1812.5, 812.5), (1437.5, 1437.5)]...
[BAD_LEADER] Sending 5 robots to EXPLORED cells: [(812.5, 687.5), (1562.5, 937.5), (1562.5, 562.5)]...
[BAD_LEADER] Sending 5 robots to EXPLORED cells: [(812.5, 562.5), (437.5, 937.5), (437.5, 937.5)]...
[BAD_LEADER] Sending 5 robots to EXPLORED cells: [(687.5, 1062.5), (62.5, 937.5), (187.5, 187.5)]...
[R1] pos=(1521,1299) state=leader leader=1 trust=1.00 susp=0.00 cov=9.9%/50.0%
[BAD_LEADER] Sending 5 robots to EXPLORED cells: [(1687.5, 1062.5), (1437.5, 312.5), (1812.5, 687.5)]...
[BAD_LEADER] Sending 5 robots to EXPLORED cells: [(812.5, 1187.5), (1437.5, 312.5), (312.5, 937.5)]...
[BAD_LEADER] Sending 5 robots to EXPLORED cells: [(1812.5, 1437.5), (687.5, 562.5), (812.5, 937.5)]...
[BAD_LEADER] Sending 5 robots to EXPLORED cells: [(1812.5, 687.5), (937.5, 812.5), (62.5, 62.5)]...
[BAD_LEADER] Sending 5 robots to EXPLORED cells: [(187.5, 687.5), (62.5, 687.5), (1062.5, 1437.5)]...
[BAD_LEADER] Sending 5 robots to EXPLORED cells: [(687.5, 562.5), (1937.5, 1312.5), (687.5, 937.5)]...
[BAD_LEADER] Sending 5 robots to EXPLORED cells: [(1312.5, 1437.5), (62.5, 562.5), (687.5, 687.5)]...
[BAD_LEADER] Sending 5 robots to EXPLORED cells: [(1562.5, 937.5), (1937.5, 1187.5), (1062.5, 1437.5)]...
[BAD_LEADER] Sending 5 robots to EXPLORED cells: [(1937.5, 1062.5), (1562.5, 1187.5), (62.5, 437.5)]...
[BAD_LEADER] Sending 5 robots to EXPLORED cells: [(1562.5, 437.5), (187.5, 812.5), (1687.5, 1312.5)]...
[R1] pos=(1521,1299) state=leader leader=1 trust=1.00 susp=0.00 cov=9.9%/50.0%
[BAD_LEADER] Sending 5 robots to EXPLORED cells: [(437.5, 937.5), (562.5, 1312.5), (312.5, 1062.5)]...
[BAD_LEADER] Sending 5 robots to EXPLORED cells: [(1562.5, 1062.5), (1312.5, 1062.5), (937.5, 1312.5)]...
[BAD_LEADER] Sending 5 robots to EXPLORED cells: [(812.5, 937.5), (1687.5, 687.5), (1562.5, 1062.5)]...
[BAD_LEADER] Sending 5 robots to EXPLORED cells: [(687.5, 687.5), (1312.5, 1437.5), (187.5, 187.5)]...
[BAD_LEADER] Sending 5 robots to EXPLORED cells: [(1687.5, 687.5), (1562.5, 937.5), (1312.5, 1312.5)]...
[BAD_LEADER] Sending 5 robots to EXPLORED cells: [(1687.5, 812.5), (1562.5, 1312.5), (187.5, 687.5)]...
[BAD_LEADER] Sending 5 robots to EXPLORED cells: [(1562.5, 687.5), (812.5, 812.5), (687.5, 1187.5)]...
[BAD_LEADER] Sending 5 robots to EXPLORED cells: [(687.5, 687.5), (1562.5, 687.5), (1437.5, 937.5)]...
[BAD_LEADER] Sending 5 robots to EXPLORED cells: [(1937.5, 1437.5), (187.5, 812.5), (1437.5, 937.5)]...
[R1] pos=(1521,1299) state=leader leader=1 trust=1.00 susp=0.00 cov=9.9%/50.0%
[BAD_LEADER] Sending 5 robots to EXPLORED cells: [(1562.5, 312.5), (1437.5, 1437.5), (687.5, 1312.5)]...
[BAD_LEADER] Sending 5 robots to EXPLORED cells: [(187.5, 187.5), (187.5, 62.5), (1937.5, 1312.5)]...
[BAD_LEADER] Sending 5 robots to EXPLORED cells: [(62.5, 62.5), (812.5, 1062.5), (812.5, 562.5)]...
[BAD_LEADER] Sending 5 robots to EXPLORED cells: [(687.5, 1062.5), (187.5, 937.5), (1437.5, 562.5)]...
[BAD_LEADER] Sending 5 robots to EXPLORED cells: [(62.5, 62.5), (1812.5, 687.5), (1812.5, 1437.5)]...
[BAD_LEADER] Sending 5 robots to EXPLORED cells: [(562.5, 1312.5), (1437.5, 1312.5), (62.5, 812.5)]...
[BAD_LEADER] Sending 5 robots to EXPLORED cells: [(1687.5, 1187.5), (1312.5, 937.5), (1437.5, 1437.5)]...
[BAD_LEADER] Sending 5 robots to EXPLORED cells: [(687.5, 1187.5), (562.5, 1312.5), (1437.5, 937.5)]...
[BAD_LEADER] Sending 5 robots to EXPLORED cells: [(562.5, 812.5), (62.5, 62.5), (1312.5, 1062.5)]...
[BAD_LEADER] Sending 5 robots to EXPLORED cells: [(62.5, 437.5), (1687.5, 1062.5), (1562.5, 1312.5)]...
[R1] pos=(1521,1299) state=leader leader=1 trust=1.00 susp=0.00 cov=9.9%/50.0%
[BAD_LEADER] Sending 5 robots to EXPLORED cells: [(62.5, 937.5), (1562.5, 1062.5), (1562.5, 1187.5)]...
[BAD_LEADER] Sending 5 robots to EXPLORED cells: [(1562.5, 312.5), (1562.5, 562.5), (812.5, 1062.5)]...
[BAD_LEADER] Sending 5 robots to EXPLORED cells: [(62.5, 437.5), (62.5, 687.5), (1562.5, 312.5)]...
[BAD_LEADER] Sending 5 robots to EXPLORED cells: [(187.5, 687.5), (687.5, 812.5), (1812.5, 687.5)]...
[BAD_LEADER] Sending 5 robots to EXPLORED cells: [(1437.5, 1312.5), (812.5, 1187.5), (1437.5, 1312.5)]...
[BAD_LEADER] Sending 5 robots to EXPLORED cells: [(812.5, 1187.5), (187.5, 1062.5), (1437.5, 1312.5)]...
[BAD_LEADER] Sending 5 robots to EXPLORED cells: [(1687.5, 937.5), (187.5, 437.5), (187.5, 562.5)]...
[BAD_LEADER] Sending 5 robots to EXPLORED cells: [(1562.5, 1187.5), (1937.5, 1187.5), (1437.5, 437.5)]...
[BAD_LEADER] Sending 5 robots to EXPLORED cells: [(1812.5, 1437.5), (1437.5, 937.5), (1437.5, 562.5)]...
[R1] pos=(1522,1274) state=leader leader=1 trust=1.00 susp=0.00 cov=9.9%/51.0%
[BAD_LEADER] Sending 5 robots to EXPLORED cells: [(562.5, 1062.5), (1812.5, 1437.5), (1812.5, 1062.5)]...
[BAD_LEADER] Sending 5 robots to EXPLORED cells: [(812.5, 687.5), (1437.5, 1187.5), (1687.5, 1437.5)]...
[BAD_LEADER] Sending 5 robots to EXPLORED cells: [(1937.5, 1062.5), (937.5, 687.5), (562.5, 937.5)]...
[BAD_LEADER] Sending 5 robots to EXPLORED cells: [(1812.5, 1187.5), (62.5, 937.5), (1687.5, 1187.5)]...
[BAD_LEADER] Sending 5 robots to EXPLORED cells: [(1937.5, 937.5), (62.5, 62.5), (1937.5, 1437.5)]...
[BAD_LEADER] Sending 5 robots to EXPLORED cells: [(62.5, 187.5), (1562.5, 1062.5), (1937.5, 1312.5)]...
[BAD_LEADER] Sending 5 robots to EXPLORED cells: [(812.5, 1312.5), (937.5, 937.5), (937.5, 1062.5)]...
[BAD_LEADER] Sending 5 robots to EXPLORED cells: [(1937.5, 812.5), (1562.5, 312.5), (1187.5, 1312.5)]...
[BAD_LEADER] Sending 5 robots to EXPLORED cells: [(187.5, 1062.5), (1937.5, 687.5), (1812.5, 687.5)]...
[BAD_LEADER] Sending 5 robots to EXPLORED cells: [(1437.5, 1312.5), (1437.5, 1312.5), (687.5, 812.5)]...
[R1] pos=(1522,1274) state=leader leader=1 trust=1.00 susp=0.00 cov=9.9%/51.0%
[BAD_LEADER] Sending 5 robots to EXPLORED cells: [(62.5, 562.5), (1562.5, 1187.5), (1562.5, 1062.5)]...
[BAD_LEADER] Sending 5 robots to EXPLORED cells: [(812.5, 562.5), (1437.5, 1187.5), (1562.5, 937.5)]...
[BAD_LEADER] Sending 5 robots to EXPLORED cells: [(687.5, 687.5), (1812.5, 1187.5), (1687.5, 937.5)]...
[BAD_LEADER] Sending 5 robots to EXPLORED cells: [(1812.5, 1187.5), (1562.5, 312.5), (562.5, 937.5)]...
[BAD_LEADER] Sending 5 robots to EXPLORED cells: [(1437.5, 937.5), (1562.5, 812.5), (62.5, 937.5)]...
[BAD_LEADER] Sending 5 robots to EXPLORED cells: [(1562.5, 312.5), (1562.5, 562.5), (687.5, 1312.5)]...
[BAD_LEADER] Sending 5 robots to EXPLORED cells: [(1437.5, 687.5), (687.5, 937.5), (1187.5, 1312.5)]...
[BAD_LEADER] Sending 5 robots to EXPLORED cells: [(1437.5, 562.5), (312.5, 62.5), (1437.5, 812.5)]...
[BAD_LEADER] Sending 5 robots to EXPLORED cells: [(1562.5, 1437.5), (1437.5, 687.5), (1562.5, 687.5)]...
[BAD_LEADER] Sending 5 robots to EXPLORED cells: [(562.5, 937.5), (1687.5, 1062.5), (187.5, 312.5)]...
[R1] pos=(1522,1274) state=leader leader=1 trust=1.00 susp=0.00 cov=9.9%/51.0%
[BAD_LEADER] Sending 5 robots to EXPLORED cells: [(62.5, 812.5), (1437.5, 437.5), (1437.5, 687.5)]...
[BAD_LEADER] Sending 5 robots to EXPLORED cells: [(1312.5, 1437.5), (1562.5, 937.5), (1937.5, 1062.5)]...
[BAD_LEADER] Sending 5 robots to EXPLORED cells: [(562.5, 812.5), (437.5, 937.5), (187.5, 62.5)]...
[BAD_LEADER] Sending 5 robots to EXPLORED cells: [(1812.5, 1187.5), (437.5, 1062.5), (1937.5, 1062.5)]...
[BAD_LEADER] Sending 5 robots to EXPLORED cells: [(687.5, 1312.5), (812.5, 1437.5), (812.5, 812.5)]...
[BAD_LEADER] Sending 5 robots to EXPLORED cells: [(1437.5, 687.5), (1812.5, 1062.5), (312.5, 62.5)]...
[BAD_LEADER] Sending 5 robots to EXPLORED cells: [(937.5, 937.5), (1937.5, 687.5), (1937.5, 1437.5)]...
[BAD_LEADER] Sending 5 robots to EXPLORED cells: [(1687.5, 812.5), (687.5, 1312.5), (1437.5, 1062.5)]...
[BAD_LEADER] Sending 5 robots to EXPLORED cells: [(937.5, 1437.5), (62.5, 62.5), (1812.5, 937.5)]...
[R1] pos=(1522,1274) state=leader leader=1 trust=1.00 susp=0.00 cov=9.9%/51.0%
[BAD_LEADER] Sending 5 robots to EXPLORED cells: [(937.5, 1312.5), (1437.5, 562.5), (1437.5, 562.5)]...
[BAD_LEADER] Sending 5 robots to EXPLORED cells: [(62.5, 312.5), (1562.5, 1187.5), (687.5, 687.5)]...
[BAD_LEADER] Sending 5 robots to EXPLORED cells: [(1187.5, 1437.5), (1687.5, 1437.5), (1562.5, 1312.5)]...
[BAD_LEADER] Sending 5 robots to EXPLORED cells: [(62.5, 562.5), (687.5, 812.5), (1812.5, 1062.5)]...
[BAD_LEADER] Sending 5 robots to EXPLORED cells: [(1562.5, 312.5), (687.5, 1187.5), (812.5, 562.5)]...
[BAD_LEADER] Sending 5 robots to EXPLORED cells: [(1812.5, 687.5), (937.5, 812.5), (812.5, 1437.5)]...
[BAD_LEADER] Sending 5 robots to EXPLORED cells: [(187.5, 62.5), (562.5, 937.5), (1937.5, 1437.5)]...
[BAD_LEADER] Sending 5 robots to EXPLORED cells: [(1937.5, 1187.5), (812.5, 812.5), (1187.5, 1437.5)]...
[BAD_LEADER] Sending 5 robots to EXPLORED cells: [(1812.5, 937.5), (62.5, 812.5), (1562.5, 562.5)]...
[BAD_LEADER] Sending 5 robots to EXPLORED cells: [(937.5, 812.5), (1812.5, 687.5), (812.5, 562.5)]...
[R1] pos=(1522,1274) state=leader leader=1 trust=1.00 susp=0.00 cov=9.9%/51.0%
[BAD_LEADER] Sending 5 robots to EXPLORED cells: [(437.5, 1062.5), (937.5, 1187.5), (937.5, 687.5)]...
[BAD_LEADER] Sending 5 robots to EXPLORED cells: [(1687.5, 812.5), (1562.5, 562.5), (812.5, 1312.5)]...
[BAD_LEADER] Sending 5 robots to EXPLORED cells: [(62.5, 562.5), (62.5, 437.5), (1437.5, 562.5)]...
[BAD_LEADER] Sending 5 robots to EXPLORED cells: [(1562.5, 1312.5), (687.5, 562.5), (62.5, 687.5)]...
[BAD_LEADER] Sending 5 robots to EXPLORED cells: [(187.5, 1062.5), (812.5, 562.5), (1062.5, 1312.5)]...
[BAD_LEADER] Sending 5 robots to EXPLORED cells: [(1437.5, 812.5), (687.5, 1312.5), (1437.5, 1187.5)]...
[BAD_LEADER] Sending 5 robots to EXPLORED cells: [(187.5, 187.5), (62.5, 812.5), (812.5, 1062.5)]...
[BAD_LEADER] Sending 5 robots to EXPLORED cells: [(812.5, 937.5), (1562.5, 937.5), (1937.5, 1187.5)]...
[BAD_LEADER] Sending 5 robots to EXPLORED cells: [(1437.5, 812.5), (1687.5, 1187.5), (562.5, 687.5)]...
[BAD_LEADER] Sending 5 robots to EXPLORED cells: [(1687.5, 937.5), (1562.5, 312.5), (1812.5, 1187.5)]...
[R1] pos=(1522,1274) state=leader leader=1 trust=1.00 susp=0.00 cov=9.9%/51.0%
[BAD_LEADER] Sending 5 robots to EXPLORED cells: [(1437.5, 1062.5), (62.5, 437.5), (1937.5, 1062.5)]...
[BAD_LEADER] Sending 5 robots to EXPLORED cells: [(1687.5, 1187.5), (1937.5, 937.5), (1562.5, 1437.5)]...
[BAD_LEADER] Sending 5 robots to EXPLORED cells: [(937.5, 1437.5), (1437.5, 437.5), (187.5, 937.5)]...
[BAD_LEADER] Sending 5 robots to EXPLORED cells: [(62.5, 437.5), (937.5, 1062.5), (62.5, 312.5)]...
[BAD_LEADER] Sending 5 robots to EXPLORED cells: [(562.5, 687.5), (1437.5, 1312.5), (1937.5, 812.5)]...
[BAD_LEADER] Sending 5 robots to EXPLORED cells: [(1562.5, 437.5), (687.5, 1187.5), (687.5, 562.5)]...
[BAD_LEADER] Sending 5 robots to EXPLORED cells: [(1812.5, 937.5), (312.5, 937.5), (687.5, 1062.5)]...
[BAD_LEADER] Sending 5 robots to EXPLORED cells: [(1937.5, 1187.5), (312.5, 937.5), (1812.5, 1437.5)]...
[BAD_LEADER] Sending 5 robots to EXPLORED cells: [(1937.5, 1437.5), (812.5, 937.5), (1812.5, 1437.5)]...
[R1] pos=(1522,1274) state=leader leader=1 trust=1.00 susp=0.00 cov=9.9%/51.0%
[BAD_LEADER] Sending 5 robots to EXPLORED cells: [(187.5, 62.5), (187.5, 687.5), (1562.5, 437.5)]...
[BAD_LEADER] Sending 5 robots to EXPLORED cells: [(1437.5, 562.5), (1812.5, 812.5), (187.5, 687.5)]...
[BAD_LEADER] Sending 5 robots to EXPLORED cells: [(312.5, 937.5), (1562.5, 812.5), (187.5, 312.5)]...
[BAD_LEADER] Sending 5 robots to EXPLORED cells: [(1437.5, 687.5), (812.5, 562.5), (562.5, 812.5)]...
[BAD_LEADER] Sending 5 robots to EXPLORED cells: [(1812.5, 812.5), (1062.5, 1312.5), (1437.5, 812.5)]...
[BAD_LEADER] Sending 5 robots to EXPLORED cells: [(687.5, 1187.5), (937.5, 1062.5), (1937.5, 812.5)]...
[BAD_LEADER] Sending 5 robots to EXPLORED cells: [(1437.5, 1312.5), (1812.5, 937.5), (1437.5, 687.5)]...
[BAD_LEADER] Sending 5 robots to EXPLORED cells: [(62.5, 437.5), (1937.5, 687.5), (187.5, 187.5)]...
[BAD_LEADER] Sending 5 robots to EXPLORED cells: [(437.5, 1062.5), (1937.5, 687.5), (1562.5, 437.5)]...
[BAD_LEADER] Sending 5 robots to EXPLORED cells: [(1062.5, 1437.5), (62.5, 562.5), (1562.5, 1062.5)]...
[R1] pos=(1522,1274) state=leader leader=1 trust=1.00 susp=0.00 cov=9.9%/51.0%
[BAD_LEADER] Sending 5 robots to EXPLORED cells: [(312.5, 1062.5), (187.5, 1062.5), (1312.5, 937.5)]...
[BAD_LEADER] Sending 5 robots to EXPLORED cells: [(1812.5, 1312.5), (812.5, 812.5), (62.5, 562.5)]...
[BAD_LEADER] Sending 5 robots to EXPLORED cells: [(1687.5, 1062.5), (187.5, 312.5), (62.5, 937.5)]...
[BAD_LEADER] Sending 5 robots to EXPLORED cells: [(187.5, 62.5), (937.5, 1312.5), (1812.5, 687.5)]...
[BAD_LEADER] Sending 5 robots to EXPLORED cells: [(937.5, 687.5), (812.5, 1437.5), (437.5, 937.5)]...
[BAD_LEADER] Sending 5 robots to EXPLORED cells: [(187.5, 62.5), (187.5, 937.5), (1062.5, 1312.5)]...
[BAD_LEADER] Sending 5 robots to EXPLORED cells: [(1562.5, 1312.5), (1937.5, 937.5), (1437.5, 1437.5)]...
[BAD_LEADER] Sending 5 robots to EXPLORED cells: [(1312.5, 1062.5), (312.5, 62.5), (1437.5, 437.5)]...
[BAD_LEADER] Sending 5 robots to EXPLORED cells: [(187.5, 937.5), (1687.5, 1062.5), (1437.5, 687.5)]...
[R1] pos=(1522,1274) state=leader leader=1 trust=1.00 susp=0.00 cov=9.9%/51.0%
[BAD_LEADER] Sending 5 robots to EXPLORED cells: [(1812.5, 1437.5), (62.5, 62.5), (1687.5, 1312.5)]...
[BAD_LEADER] Sending 5 robots to EXPLORED cells: [(937.5, 1437.5), (1937.5, 937.5), (562.5, 1312.5)]...
[BAD_LEADER] Sending 5 robots to EXPLORED cells: [(62.5, 812.5), (812.5, 812.5), (1812.5, 1187.5)]...
[BAD_LEADER] Sending 5 robots to EXPLORED cells: [(1812.5, 687.5), (1937.5, 812.5), (1562.5, 687.5)]...
[BAD_LEADER] Sending 5 robots to EXPLORED cells: [(62.5, 812.5), (62.5, 937.5), (187.5, 812.5)]...
[BAD_LEADER] Sending 5 robots to EXPLORED cells: [(562.5, 687.5), (1687.5, 1312.5), (1937.5, 1312.5)]...
[BAD_LEADER] Sending 5 robots to EXPLORED cells: [(1687.5, 1312.5), (1187.5, 1312.5), (1812.5, 1062.5)]...
[BAD_LEADER] Sending 5 robots to EXPLORED cells: [(937.5, 937.5), (1437.5, 437.5), (1437.5, 812.5)]...
[BAD_LEADER] Sending 5 robots to EXPLORED cells: [(1937.5, 687.5), (1937.5, 1187.5), (1812.5, 1062.5)]...
[BAD_LEADER] Sending 5 robots to EXPLORED cells: [(1437.5, 1312.5), (312.5, 62.5), (1437.5, 812.5)]...
[R1] pos=(1522,1274) state=leader leader=1 trust=1.00 susp=0.00 cov=9.9%/51.0%
[BAD_LEADER] Sending 5 robots to EXPLORED cells: [(1562.5, 812.5), (62.5, 687.5), (1937.5, 1062.5)]...
[BAD_LEADER] Sending 5 robots to EXPLORED cells: [(1437.5, 1062.5), (1812.5, 812.5), (937.5, 812.5)]...
[BAD_LEADER] Sending 5 robots to EXPLORED cells: [(62.5, 187.5), (687.5, 1187.5), (812.5, 687.5)]...
[BAD_LEADER] Sending 5 robots to EXPLORED cells: [(1312.5, 1062.5), (1937.5, 687.5), (562.5, 812.5)]...
[BAD_LEADER] Sending 5 robots to EXPLORED cells: [(562.5, 687.5), (1812.5, 1062.5), (1437.5, 437.5)]...
[BAD_LEADER] Sending 5 robots to EXPLORED cells: [(1812.5, 1312.5), (62.5, 437.5), (312.5, 62.5)]...
[BAD_LEADER] Sending 5 robots to EXPLORED cells: [(937.5, 1437.5), (812.5, 562.5), (1562.5, 437.5)]...
[BAD_LEADER] Sending 5 robots to EXPLORED cells: [(812.5, 1062.5), (1437.5, 1187.5), (1437.5, 812.5)]...
[BAD_LEADER] Sending 5 robots to EXPLORED cells: [(62.5, 937.5), (312.5, 1062.5), (1437.5, 1437.5)]...
[BAD_LEADER] Sending 5 robots to EXPLORED cells: [(1937.5, 687.5), (1937.5, 1187.5), (187.5, 562.5)]...
[R1] pos=(1522,1274) state=leader leader=1 trust=1.00 susp=0.00 cov=9.9%/51.0%
[BAD_LEADER] Sending 5 robots to EXPLORED cells: [(812.5, 1062.5), (812.5, 562.5), (812.5, 687.5)]...
[BAD_LEADER] Sending 5 robots to EXPLORED cells: [(1437.5, 437.5), (687.5, 812.5), (562.5, 1312.5)]...
[BAD_LEADER] Sending 5 robots to EXPLORED cells: [(1937.5, 1187.5), (687.5, 1062.5), (687.5, 937.5)]...
[BAD_LEADER] Sending 5 robots to EXPLORED cells: [(1687.5, 1312.5), (1562.5, 1437.5), (1437.5, 1187.5)]...
[BAD_LEADER] Sending 5 robots to EXPLORED cells: [(1562.5, 312.5), (312.5, 1062.5), (62.5, 312.5)]...
[BAD_LEADER] Sending 5 robots to EXPLORED cells: [(562.5, 812.5), (1687.5, 1312.5), (1812.5, 1312.5)]...
[BAD_LEADER] Sending 5 robots to EXPLORED cells: [(1312.5, 1312.5), (62.5, 937.5), (1187.5, 1437.5)]...
[BAD_LEADER] Sending 5 robots to EXPLORED cells: [(937.5, 937.5), (1312.5, 1312.5), (1312.5, 1062.5)]...
[BAD_LEADER] Sending 5 robots to EXPLORED cells: [(62.5, 62.5), (1812.5, 1437.5), (187.5, 187.5)]...
[R1] pos=(1497,1278) state=leader leader=1 trust=1.00 susp=0.00 cov=9.9%/51.6%
[BAD_LEADER] Sending 5 robots to EXPLORED cells: [(1437.5, 562.5), (812.5, 1312.5), (1562.5, 437.5)]...
[BAD_LEADER] Sending 5 robots to EXPLORED cells: [(1312.5, 1062.5), (1937.5, 1312.5), (62.5, 62.5)]...
[BAD_LEADER] Sending 5 robots to EXPLORED cells: [(687.5, 562.5), (1437.5, 562.5), (562.5, 687.5)]...
[BAD_LEADER] Sending 5 robots to EXPLORED cells: [(937.5, 937.5), (62.5, 62.5), (1437.5, 437.5)]...
[BAD_LEADER] Sending 5 robots to EXPLORED cells: [(62.5, 437.5), (62.5, 187.5), (687.5, 937.5)]...
[BAD_LEADER] Sending 5 robots to EXPLORED cells: [(1937.5, 812.5), (1562.5, 1187.5), (1937.5, 1187.5)]...
[BAD_LEADER] Sending 5 robots to EXPLORED cells: [(1312.5, 1312.5), (1437.5, 1062.5), (1437.5, 812.5)]...
[BAD_LEADER] Sending 5 robots to EXPLORED cells: [(1562.5, 437.5), (1562.5, 1437.5), (1312.5, 1437.5)]...
[BAD_LEADER] Sending 5 robots to EXPLORED cells: [(1187.5, 1437.5), (562.5, 937.5), (562.5, 1187.5)]...
[BAD_LEADER] Sending 5 robots to EXPLORED cells: [(62.5, 312.5), (1562.5, 312.5), (1562.5, 1437.5)]...
[R1] pos=(1423,1215) state=leader leader=1 trust=1.00 susp=0.00 cov=10.4%/53.6%
[BAD_LEADER] Sending 5 robots to EXPLORED cells: [(937.5, 1187.5), (812.5, 1062.5), (1687.5, 687.5)]...
[BAD_LEADER] Sending 5 robots to EXPLORED cells: [(687.5, 562.5), (812.5, 562.5), (187.5, 937.5)]...
[BAD_LEADER] Sending 5 robots to EXPLORED cells: [(1937.5, 1062.5), (62.5, 312.5), (312.5, 187.5)]...
[BAD_LEADER] Sending 5 robots to EXPLORED cells: [(1312.5, 937.5), (437.5, 1187.5), (187.5, 1062.5)]...
[BAD_LEADER] Sending 5 robots to EXPLORED cells: [(1562.5, 812.5), (1187.5, 1187.5), (437.5, 1187.5)]...
[BAD_LEADER] Sending 5 robots to EXPLORED cells: [(1562.5, 1437.5), (812.5, 687.5), (1437.5, 1062.5)]...
[BAD_LEADER] Sending 5 robots to EXPLORED cells: [(187.5, 62.5), (1187.5, 1437.5), (1562.5, 1062.5)]...
[BAD_LEADER] Sending 5 robots to EXPLORED cells: [(937.5, 937.5), (1562.5, 312.5), (62.5, 687.5)]...
[BAD_LEADER] Sending 5 robots to EXPLORED cells: [(1937.5, 1062.5), (187.5, 1062.5), (1812.5, 1437.5)]...
[BAD_LEADER] Sending 5 robots to EXPLORED cells: [(1687.5, 937.5), (812.5, 937.5), (312.5, 1312.5)]...
[R1] pos=(1346,1140) state=leader leader=1 trust=1.00 susp=0.00 cov=10.9%/56.8%
[BAD_LEADER] Sending 5 robots to EXPLORED cells: [(1687.5, 937.5), (562.5, 1187.5), (62.5, 187.5)]...
[BAD_LEADER] Sending 5 robots to EXPLORED cells: [(1687.5, 1312.5), (62.5, 937.5), (687.5, 937.5)]...
[BAD_LEADER] Sending 5 robots to EXPLORED cells: [(687.5, 562.5), (62.5, 437.5), (1187.5, 1062.5)]...
[BAD_LEADER] Sending 5 robots to EXPLORED cells: [(1312.5, 1187.5), (812.5, 1062.5), (187.5, 562.5)]...
[BAD_LEADER] Sending 5 robots to EXPLORED cells: [(812.5, 1437.5), (1562.5, 937.5), (62.5, 437.5)]...
[BAD_LEADER] Sending 5 robots to EXPLORED cells: [(312.5, 62.5), (437.5, 62.5), (1937.5, 687.5)]...
[BAD_LEADER] Sending 5 robots to EXPLORED cells: [(937.5, 687.5), (937.5, 1187.5), (687.5, 1312.5)]...
[BAD_LEADER] Sending 5 robots to EXPLORED cells: [(1062.5, 1312.5), (437.5, 1062.5), (1687.5, 1187.5)]...
[BAD_LEADER] Sending 5 robots to EXPLORED cells: [(62.5, 687.5), (562.5, 62.5), (1437.5, 937.5)]...
[R1] pos=(1317,1117) state=leader leader=1 trust=1.00 susp=0.00 cov=12.0%/59.9%
[BAD_LEADER] Sending 5 robots to EXPLORED cells: [(562.5, 937.5), (687.5, 1312.5), (437.5, 937.5)]...
[BAD_LEADER] Sending 5 robots to EXPLORED cells: [(1187.5, 1187.5), (62.5, 62.5), (187.5, 437.5)]...
[BAD_LEADER] Sending 5 robots to EXPLORED cells: [(1437.5, 812.5), (812.5, 937.5), (1062.5, 1187.5)]...
[BAD_LEADER] Sending 5 robots to EXPLORED cells: [(687.5, 1062.5), (1812.5, 812.5), (937.5, 1062.5)]...
[BAD_LEADER] Sending 5 robots to EXPLORED cells: [(812.5, 1437.5), (312.5, 187.5), (437.5, 1312.5)]...
[BAD_LEADER] Sending 5 robots to EXPLORED cells: [(1437.5, 1062.5), (1062.5, 1312.5), (312.5, 1437.5)]...
[BAD_LEADER] Sending 5 robots to EXPLORED cells: [(562.5, 1312.5), (1812.5, 1312.5), (1687.5, 812.5)]...
[BAD_LEADER] Sending 5 robots to EXPLORED cells: [(1687.5, 1187.5), (1687.5, 937.5), (1562.5, 1062.5)]...
[BAD_LEADER] Sending 5 robots to EXPLORED cells: [(1062.5, 1062.5), (1687.5, 1312.5), (1562.5, 1187.5)]...
[BAD_LEADER] Sending 5 robots to EXPLORED cells: [(562.5, 62.5), (1562.5, 812.5), (62.5, 687.5)]...
[R1] pos=(1245,1119) state=leader leader=1 trust=1.00 susp=0.00 cov=12.5%/63.5%
[BAD_LEADER] Sending 5 robots to EXPLORED cells: [(62.5, 562.5), (1437.5, 1187.5), (1437.5, 1312.5)]...
[BAD_LEADER] Sending 5 robots to EXPLORED cells: [(562.5, 812.5), (1687.5, 812.5), (187.5, 62.5)]...
[BAD_LEADER] Sending 5 robots to EXPLORED cells: [(1687.5, 1312.5), (437.5, 937.5), (937.5, 1187.5)]...
[BAD_LEADER] Sending 5 robots to EXPLORED cells: [(1187.5, 812.5), (62.5, 562.5), (1437.5, 562.5)]...
[BAD_LEADER] Sending 5 robots to EXPLORED cells: [(562.5, 687.5), (1812.5, 1312.5), (187.5, 187.5)]...
[BAD_LEADER] Sending 5 robots to EXPLORED cells: [(1687.5, 812.5), (1062.5, 1437.5), (1687.5, 687.5)]...
[BAD_LEADER] Sending 5 robots to EXPLORED cells: [(437.5, 1312.5), (187.5, 312.5), (437.5, 937.5)]...
[BAD_LEADER] Sending 5 robots to EXPLORED cells: [(1937.5, 937.5), (62.5, 62.5), (1062.5, 1062.5)]...
[BAD_LEADER] Sending 5 robots to EXPLORED cells: [(1937.5, 687.5), (1312.5, 937.5), (562.5, 687.5)]...
[R1] pos=(1165,1048) state=leader leader=1 trust=1.00 susp=0.00 cov=12.5%/67.2%
[BAD_LEADER] Sending 5 robots to EXPLORED cells: [(937.5, 937.5), (1062.5, 1312.5), (687.5, 937.5)]...
[BAD_LEADER] Sending 5 robots to EXPLORED cells: [(812.5, 1437.5), (812.5, 187.5), (1312.5, 687.5)]...
[BAD_LEADER] Sending 5 robots to EXPLORED cells: [(562.5, 1437.5), (62.5, 312.5), (1187.5, 687.5)]...
[BAD_LEADER] Sending 5 robots to EXPLORED cells: [(437.5, 187.5), (812.5, 1062.5), (1562.5, 1187.5)]...
[BAD_LEADER] Sending 5 robots to EXPLORED cells: [(1437.5, 312.5), (187.5, 187.5), (187.5, 562.5)]...
[BAD_LEADER] Sending 5 robots to EXPLORED cells: [(437.5, 1187.5), (1562.5, 687.5), (812.5, 937.5)]...
[BAD_LEADER] Sending 5 robots to EXPLORED cells: [(937.5, 1437.5), (812.5, 1312.5), (562.5, 62.5)]...
[BAD_LEADER] Sending 5 robots to EXPLORED cells: [(62.5, 312.5), (1062.5, 937.5), (562.5, 187.5)]...
[BAD_LEADER] Sending 5 robots to EXPLORED cells: [(62.5, 62.5), (812.5, 1187.5), (1812.5, 1437.5)]...
[BAD_LEADER] Sending 5 robots to EXPLORED cells: [(312.5, 1312.5), (1437.5, 812.5), (1812.5, 687.5)]...
[R1] pos=(1068,1051) state=leader leader=1 trust=1.00 susp=0.00 cov=13.0%/69.8%
[BAD_LEADER] Sending 5 robots to EXPLORED cells: [(1812.5, 1312.5), (1062.5, 1312.5), (1562.5, 562.5)]...
[BAD_LEADER] Sending 5 robots to EXPLORED cells: [(1312.5, 937.5), (1937.5, 1437.5), (62.5, 187.5)]...
[BAD_LEADER] Sending 5 robots to EXPLORED cells: [(687.5, 937.5), (1937.5, 1312.5), (687.5, 62.5)]...
[BAD_LEADER] Sending 5 robots to EXPLORED cells: [(1062.5, 1187.5), (187.5, 937.5), (62.5, 562.5)]...
[BAD_LEADER] Sending 5 robots to EXPLORED cells: [(1312.5, 1437.5), (1562.5, 937.5), (1437.5, 562.5)]...
[BAD_LEADER] Sending 5 robots to EXPLORED cells: [(1062.5, 62.5), (62.5, 562.5), (187.5, 312.5)]...
[BAD_LEADER] Sending 5 robots to EXPLORED cells: [(812.5, 1187.5), (312.5, 1062.5), (312.5, 1062.5)]...
[BAD_LEADER] Sending 5 robots to EXPLORED cells: [(312.5, 937.5), (812.5, 1062.5), (62.5, 562.5)]...
[BAD_LEADER] Sending 5 robots to EXPLORED cells: [(1062.5, 687.5), (1937.5, 1062.5), (1562.5, 312.5)]...
[BAD_LEADER] Sending 5 robots to EXPLORED cells: [(1312.5, 1187.5), (1687.5, 687.5), (1812.5, 1312.5)]...
[R1] pos=(1018,1062) state=leader leader=1 trust=1.00 susp=0.00 cov=13.0%/74.0%
[BAD_LEADER] Sending 5 robots to EXPLORED cells: [(312.5, 1187.5), (1687.5, 1437.5), (1312.5, 1062.5)]...
[BAD_LEADER] Sending 5 robots to EXPLORED cells: [(1312.5, 1187.5), (1937.5, 812.5), (437.5, 1187.5)]...
[BAD_LEADER] Sending 5 robots to EXPLORED cells: [(437.5, 1312.5), (1937.5, 1187.5), (687.5, 1062.5)]...
[BAD_LEADER] Sending 5 robots to EXPLORED cells: [(812.5, 62.5), (1312.5, 562.5), (437.5, 1062.5)]...
[BAD_LEADER] Sending 5 robots to EXPLORED cells: [(1437.5, 312.5), (562.5, 62.5), (562.5, 187.5)]...
[BAD_LEADER] Sending 5 robots to EXPLORED cells: [(1437.5, 937.5), (62.5, 812.5), (1812.5, 1062.5)]...
[BAD_LEADER] Sending 5 robots to EXPLORED cells: [(1687.5, 687.5), (187.5, 1062.5), (187.5, 437.5)]...
[BAD_LEADER] Sending 5 robots to EXPLORED cells: [(687.5, 937.5), (1687.5, 1187.5), (187.5, 812.5)]...
[BAD_LEADER] Sending 5 robots to EXPLORED cells: [(62.5, 812.5), (1187.5, 562.5), (562.5, 187.5)]...
[R1] pos=(1048,1005) state=leader leader=1 trust=1.00 susp=0.00 cov=13.0%/78.6%
[BAD_LEADER] Sending 5 robots to EXPLORED cells: [(312.5, 1187.5), (187.5, 562.5), (437.5, 1187.5)]...
[BAD_LEADER] Sending 5 robots to EXPLORED cells: [(1187.5, 1062.5), (187.5, 62.5), (62.5, 187.5)]...
[BAD_LEADER] Sending 5 robots to EXPLORED cells: [(187.5, 812.5), (312.5, 1187.5), (1187.5, 812.5)]...
[BAD_LEADER] Sending 5 robots to EXPLORED cells: [(1062.5, 312.5), (562.5, 62.5), (312.5, 1062.5)]...
[BAD_LEADER] Sending 5 robots to EXPLORED cells: [(812.5, 812.5), (1312.5, 1437.5), (1312.5, 1187.5)]...
[BAD_LEADER] Sending 5 robots to EXPLORED cells: [(812.5, 562.5), (812.5, 937.5), (437.5, 1437.5)]...
[BAD_LEADER] Sending 5 robots to EXPLORED cells: [(1312.5, 937.5), (1437.5, 1062.5), (687.5, 187.5)]...
[BAD_LEADER] Sending 5 robots to EXPLORED cells: [(1812.5, 687.5), (687.5, 1312.5), (1937.5, 1437.5)]...
[BAD_LEADER] Sending 5 robots to EXPLORED cells: [(1312.5, 812.5), (812.5, 1062.5), (1437.5, 1062.5)]...
[BAD_LEADER] Sending 5 robots to EXPLORED cells: [(62.5, 62.5), (1937.5, 1187.5), (812.5, 1312.5)]...
[R1] pos=(1001,983) state=leader leader=1 trust=1.00 susp=0.00 cov=14.1%/80.7%
[BAD_LEADER] Sending 5 robots to EXPLORED cells: [(1187.5, 937.5), (687.5, 1312.5), (1312.5, 1312.5)]...
[BAD_LEADER] Sending 5 robots to EXPLORED cells: [(937.5, 1062.5), (62.5, 1437.5), (1687.5, 1187.5)]...
[BAD_LEADER] Sending 5 robots to EXPLORED cells: [(1812.5, 687.5), (312.5, 187.5), (1437.5, 1312.5)]...
[BAD_LEADER] Sending 5 robots to EXPLORED cells: [(1562.5, 562.5), (62.5, 687.5), (937.5, 937.5)]...
[BAD_LEADER] Sending 5 robots to EXPLORED cells: [(812.5, 437.5), (187.5, 937.5), (1562.5, 562.5)]...
[BAD_LEADER] Sending 5 robots to EXPLORED cells: [(1062.5, 312.5), (1312.5, 937.5), (1187.5, 687.5)]...
[BAD_LEADER] Sending 5 robots to EXPLORED cells: [(812.5, 687.5), (1937.5, 1187.5), (1562.5, 437.5)]...
[BAD_LEADER] Sending 5 robots to EXPLORED cells: [(562.5, 187.5), (187.5, 1187.5), (562.5, 1437.5)]...
[BAD_LEADER] Sending 5 robots to EXPLORED cells: [(437.5, 1437.5), (562.5, 937.5), (1562.5, 437.5)]...
[BAD_LEADER] Sending 5 robots to EXPLORED cells: [(62.5, 812.5), (937.5, 687.5), (1312.5, 1062.5)]...
[R1] pos=(1036,923) state=leader leader=1 trust=1.00 susp=0.00 cov=14.1%/82.3%
[BAD_LEADER] Sending 5 robots to EXPLORED cells: [(1187.5, 1062.5), (62.5, 937.5), (1187.5, 437.5)]...
[BAD_LEADER] Sending 5 robots to EXPLORED cells: [(1562.5, 562.5), (937.5, 1437.5), (1312.5, 1187.5)]...
[BAD_LEADER] Sending 5 robots to EXPLORED cells: [(312.5, 1437.5), (1437.5, 562.5), (1562.5, 1437.5)]...
[BAD_LEADER] Sending 5 robots to EXPLORED cells: [(812.5, 937.5), (1812.5, 1062.5), (1562.5, 1437.5)]...
[BAD_LEADER] Sending 5 robots to EXPLORED cells: [(187.5, 937.5), (562.5, 687.5), (1812.5, 937.5)]...
[BAD_LEADER] Sending 5 robots to EXPLORED cells: [(1062.5, 1062.5), (1437.5, 1312.5), (1187.5, 1437.5)]...
[BAD_LEADER] Sending 5 robots to EXPLORED cells: [(562.5, 62.5), (1312.5, 312.5), (562.5, 1187.5)]...
[BAD_LEADER] Sending 5 robots to EXPLORED cells: [(937.5, 437.5), (1562.5, 937.5), (562.5, 812.5)]...
[BAD_LEADER] Sending 5 robots to EXPLORED cells: [(1812.5, 1437.5), (687.5, 687.5), (1312.5, 812.5)]...
[ELECTION] New leader: 2
[R1] pos=(1004,911) state=follower leader=2 trust=1.00 susp=0.00 cov=14.1%/84.4%
[R1] pos=(941,842) state=follower leader=2 trust=1.00 susp=0.00 cov=14.6%/85.9%
[R1] pos=(920,827) state=follower leader=2 trust=1.00 susp=0.00 cov=14.6%/85.9%
[R1] pos=(920,827) state=follower leader=2 trust=1.00 susp=0.00 cov=14.6%/85.9%
[R1] pos=(920,827) state=follower leader=2 trust=1.00 susp=0.00 cov=14.6%/85.9%
[R1] pos=(920,827) state=follower leader=2 trust=1.00 susp=0.00 cov=14.6%/85.9%
[R1] pos=(920,827) state=follower leader=2 trust=1.00 susp=0.00 cov=14.6%/85.9%
[R1] pos=(920,827) state=follower leader=2 trust=1.00 susp=0.00 cov=14.6%/85.9%
[R1] pos=(920,827) state=follower leader=2 trust=1.00 susp=0.00 cov=14.6%/85.9%
[R1] pos=(920,827) state=follower leader=2 trust=1.00 susp=0.00 cov=14.6%/85.9%
[R1] pos=(900,812) state=follower leader=2 trust=1.00 susp=0.00 cov=14.6%/86.5%
[R1] pos=(900,812) state=follower leader=2 trust=1.00 susp=0.00 cov=14.6%/86.5%
[R1] pos=(900,812) state=follower leader=2 trust=1.00 susp=0.00 cov=14.6%/86.5%
[R1] pos=(820,753) state=follower leader=2 trust=1.00 susp=0.00 cov=15.1%/88.0%
[R1] pos=(619,604) state=follower leader=2 trust=1.00 susp=0.00 cov=17.2%/92.7%
[R1] pos=(448,590) state=follower leader=2 trust=1.00 susp=0.00 cov=17.7%/96.9%
[R1] pos=(565,656) state=follower leader=2 trust=1.00 susp=0.00 cov=18.8%/99.0%
[R1] pos=(764,642) state=follower leader=2 trust=1.00 susp=0.00 cov=18.8%/100.0%
