[WARN] Hardware modules not available - running in simulation mode
=== REIP Node - Robot 3 [SIM (unique ports)] ===
Trust Model: Three-tier confidence-weighted
  Personal: 1.0, ToF: 1.0, Peer: 0.3
  Suspicion threshold: 1.5, Recovery: 0.1

  Logging to: logs/robot_3_20260226_000652.jsonl
Initializing hardware...
  Hardware: SIMULATED
[INFO] Position socket listening on port 17103
[INFO] Peer socket listening on port 17203
[INFO] Fault socket listening on port 17303
Ready!

=== Detection Bounds: T1=2 cmds, T3=8 cmds | Impeachment: T1=8 cmds, T3=32 cmds ===
Running... Press Ctrl+C to stop

[ELECTION] New leader: 3
[R3] pos=(0,0) state=leader leader=3 trust=1.00 susp=0.00 cov=0.0%/0.0%
[ELECTION] New leader: 1
[R3] pos=(606,1076) state=follower leader=1 trust=1.00 susp=0.00 cov=0.5%/2.6%
[R3] pos=(679,944) state=follower leader=1 trust=1.00 susp=0.00 cov=2.1%/9.4%
[R3] pos=(587,814) state=follower leader=1 trust=1.00 susp=0.00 cov=3.1%/14.1%
[R3] pos=(688,687) state=follower leader=1 trust=1.00 susp=0.00 cov=4.2%/19.3%
[R3] pos=(790,565) state=follower leader=1 trust=1.00 susp=0.00 cov=5.2%/24.5%
[R3] pos=(901,697) state=follower leader=1 trust=1.00 susp=0.00 cov=6.2%/29.7%
[R3] pos=(837,808) state=follower leader=1 trust=1.00 susp=0.00 cov=7.3%/35.9%
[R3] pos=(924,981) state=follower leader=1 trust=1.00 susp=0.00 cov=8.3%/41.1%
[R3] pos=(823,1130) state=follower leader=1 trust=1.00 susp=0.00 cov=9.9%/46.9%
[R3] pos=(690,1285) state=follower leader=1 trust=1.00 susp=0.00 cov=10.9%/49.0%
[R3] pos=(588,1312) state=follower leader=1 trust=1.00 susp=0.00 cov=11.5%/50.0%
[R3] pos=(588,1312) state=follower leader=1 trust=1.00 susp=0.00 cov=11.5%/50.0%
[R3] pos=(588,1312) state=follower leader=1 trust=1.00 susp=0.00 cov=11.5%/50.0%
[R3] pos=(588,1312) state=follower leader=1 trust=1.00 susp=0.00 cov=11.5%/50.0%
[R3] pos=(588,1312) state=follower leader=1 trust=1.00 susp=0.00 cov=11.5%/50.0%
[R3] pos=(588,1312) state=follower leader=1 trust=1.00 susp=0.00 cov=11.5%/50.0%
[TRUST] Bad command #1 (peer_reported): suspicion +0.30 = 0.30
[TRUST] Bad command #2 (peer_reported): suspicion +0.30 = 0.60
[TRUST] Bad command #3 (personal_visited): suspicion +1.00 = 1.60
[DETECT] First trust decay after 3 bad commands (0.42s) [Theoretical bound: T1=2, T3=8]
[TRUST] Trust decayed: trust=0.80, remaining suspicion=0.10
[TRUST] Bad command #4 (peer_reported): suspicion +0.30 = 0.40
[TRUST] Bad command #5 (peer_reported): suspicion +0.30 = 0.70
[TRUST] Bad command #6 (peer_reported): suspicion +0.30 = 1.00
[TRUST] Bad command #7 (peer_reported): suspicion +0.30 = 1.30
[R3] pos=(583,1287) state=follower leader=1 trust=0.80 susp=1.30 cov=11.5%/50.0%
[TRUST] Bad command #8 (peer_reported): suspicion +0.30 = 1.60
[TRUST] Trust decayed: trust=0.60, remaining suspicion=0.10
[TRUST] Bad command #9 (peer_reported): suspicion +0.30 = 0.40
[TRUST] Bad command #10 (personal_visited): suspicion +1.00 = 1.40
[TRUST] Bad command #11 (peer_reported): suspicion +0.30 = 1.70
[TRUST] Trust decayed: trust=0.40, remaining suspicion=0.20
[TRUST] Bad command #12 (peer_reported): suspicion +0.30 = 0.50
[TRUST] Bad command #13 (personal_visited): suspicion +1.00 = 1.50
[TRUST] Trust decayed: trust=0.20, remaining suspicion=0.00
[TRUST] Bad command #14 (personal_visited): suspicion +1.00 = 1.00
[TRUST] Bad command #15 (peer_reported): suspicion +0.30 = 1.30
[TRUST] Bad command #16 (peer_reported): suspicion +0.30 = 1.60
[TRUST] Trust decayed: trust=0.10, remaining suspicion=0.10
[TRUST] Bad command #17 (peer_reported): suspicion +0.30 = 0.40
[DETECT] IMPEACHMENT after 17 bad commands, 3.37s from first bad command [Bound: T1=8 cmds, T3=32 cmds]
[IMPEACH] Trust too low (0.10), excluding leader 1 from candidates
[ELECTION] Leader 1 impeached (failures=1)
[ELECTION] New leader: 3
[R3] pos=(583,1287) state=leader leader=3 trust=1.00 susp=0.00 cov=11.5%/50.0%
[R3] pos=(583,1287) state=leader leader=3 trust=1.00 susp=0.00 cov=11.5%/50.0%
[R3] pos=(583,1287) state=leader leader=3 trust=1.00 susp=0.00 cov=11.5%/50.0%
[R3] pos=(578,1263) state=leader leader=3 trust=1.00 susp=0.00 cov=11.5%/51.0%
[R3] pos=(578,1263) state=leader leader=3 trust=1.00 susp=0.00 cov=11.5%/51.0%
[R3] pos=(578,1263) state=leader leader=3 trust=1.00 susp=0.00 cov=11.5%/51.0%
[R3] pos=(578,1263) state=leader leader=3 trust=1.00 susp=0.00 cov=11.5%/51.0%
[R3] pos=(578,1263) state=leader leader=3 trust=1.00 susp=0.00 cov=11.5%/51.0%
[R3] pos=(578,1263) state=leader leader=3 trust=1.00 susp=0.00 cov=11.5%/51.0%
[R3] pos=(578,1263) state=leader leader=3 trust=1.00 susp=0.00 cov=11.5%/51.0%
[R3] pos=(578,1263) state=leader leader=3 trust=1.00 susp=0.00 cov=11.5%/51.0%
[R3] pos=(578,1263) state=leader leader=3 trust=1.00 susp=0.00 cov=11.5%/51.0%
[R3] pos=(578,1263) state=leader leader=3 trust=1.00 susp=0.00 cov=11.5%/51.0%
[R3] pos=(578,1263) state=leader leader=3 trust=1.00 susp=0.00 cov=11.5%/51.0%
[R3] pos=(573,1238) state=leader leader=3 trust=1.00 susp=0.00 cov=12.0%/51.6%
[R3] pos=(445,1189) state=leader leader=3 trust=1.00 susp=0.00 cov=12.5%/53.6%
[R3] pos=(349,1323) state=leader leader=3 trust=1.00 susp=0.00 cov=13.5%/56.8%
[R3] pos=(362,1425) state=leader leader=3 trust=1.00 susp=0.00 cov=14.1%/59.9%
[R3] pos=(580,1425) state=leader leader=3 trust=1.00 susp=0.00 cov=15.1%/63.5%
[R3] pos=(573,1357) state=leader leader=3 trust=1.00 susp=0.00 cov=15.6%/67.2%
[R3] pos=(426,1261) state=leader leader=3 trust=1.00 susp=0.00 cov=15.6%/69.8%
[R3] pos=(196,1188) state=leader leader=3 trust=1.00 susp=0.00 cov=16.7%/74.0%
[R3] pos=(99,1322) state=leader leader=3 trust=1.00 susp=0.00 cov=17.7%/78.6%
[ELECTION] Leader 3 impeached (failures=1)
[ELECTION] New leader: 2
[R3] pos=(75,1414) state=follower leader=2 trust=1.00 susp=0.00 cov=18.2%/80.7%
[R3] pos=(172,1425) state=follower leader=2 trust=1.00 susp=0.00 cov=18.8%/82.3%
[R3] pos=(109,1289) state=follower leader=2 trust=1.00 susp=0.00 cov=18.8%/84.4%
[R3] pos=(85,1219) state=follower leader=2 trust=1.00 susp=0.00 cov=19.3%/85.9%
[R3] pos=(81,1194) state=follower leader=2 trust=1.00 susp=0.00 cov=19.3%/85.9%
[R3] pos=(81,1194) state=follower leader=2 trust=1.00 susp=0.00 cov=19.3%/85.9%
[R3] pos=(81,1194) state=follower leader=2 trust=1.00 susp=0.00 cov=19.3%/85.9%
[R3] pos=(81,1194) state=follower leader=2 trust=1.00 susp=0.00 cov=19.3%/85.9%
[R3] pos=(81,1194) state=follower leader=2 trust=1.00 susp=0.00 cov=19.3%/85.9%
[R3] pos=(81,1194) state=follower leader=2 trust=1.00 susp=0.00 cov=19.3%/85.9%
[R3] pos=(81,1194) state=follower leader=2 trust=1.00 susp=0.00 cov=19.3%/85.9%
[R3] pos=(81,1194) state=follower leader=2 trust=1.00 susp=0.00 cov=19.3%/85.9%
[R3] pos=(78,1169) state=follower leader=2 trust=1.00 susp=0.00 cov=19.3%/86.5%
[R3] pos=(78,1169) state=follower leader=2 trust=1.00 susp=0.00 cov=19.3%/86.5%
[R3] pos=(78,1169) state=follower leader=2 trust=1.00 susp=0.00 cov=19.3%/86.5%
[R3] pos=(91,1076) state=follower leader=2 trust=1.00 susp=0.00 cov=19.8%/88.0%
[R3] pos=(252,885) state=follower leader=2 trust=1.00 susp=0.00 cov=21.4%/92.7%
[R3] pos=(424,814) state=follower leader=2 trust=1.00 susp=0.00 cov=22.4%/96.9%
[R3] pos=(325,702) state=follower leader=2 trust=1.00 susp=0.00 cov=22.9%/99.0%
[R3] pos=(549,682) state=follower leader=2 trust=1.00 susp=0.00 cov=23.4%/100.0%
