[WARN] Hardware modules not available - running in simulation mode
=== REIP Node - Robot 2 [SIM (unique ports)] ===
Trust Model: Three-tier confidence-weighted
  Personal: 1.0, ToF: 1.0, Peer: 0.3
  Suspicion threshold: 1.5, Recovery: 0.1

  Logging to: logs/robot_2_20260226_203932.jsonl
Initializing hardware...
  Hardware: SIMULATED
[INFO] Position socket listening on port 11102
[INFO] Peer socket listening on port 11202
[INFO] Fault socket listening on port 11302
Ready!

=== DECENTRALIZED MODE - No leader coordination ===
=== Detection Bounds: T1=2 cmds, T3=8 cmds | Impeachment: T1=8 cmds, T3=32 cmds ===
Running... Press Ctrl+C to stop

[R2] pos=(0,0) state=exploring leader=None trust=1.00 susp=0.00 cov=0.0%/0.0%
[R2] pos=(668,214) state=exploring leader=None trust=1.00 susp=0.00 cov=0.5%/0.5%
[R2] pos=(313,186) state=exploring leader=None trust=1.00 susp=0.00 cov=3.1%/16.1%
[R2] pos=(564,416) state=exploring leader=None trust=1.00 susp=0.00 cov=7.3%/23.4%
[R2] pos=(620,75) state=exploring leader=None trust=1.00 susp=0.00 cov=10.4%/32.3%
[R2] pos=(828,75) state=exploring leader=None trust=1.00 susp=0.00 cov=10.4%/39.6%
[R2] pos=(813,1022) state=exploring leader=None trust=1.00 susp=0.00 cov=13.5%/45.3%
[R2] pos=(925,792) state=exploring leader=None trust=1.00 susp=0.00 cov=15.1%/51.6%
[R2] pos=(925,744) state=exploring leader=None trust=1.00 susp=0.00 cov=15.6%/58.9%
[R2] pos=(925,436) state=exploring leader=None trust=1.00 susp=0.00 cov=16.7%/66.1%
[R2] pos=(925,308) state=exploring leader=None trust=1.00 susp=0.00 cov=17.7%/73.4%
[R2] pos=(925,740) state=exploring leader=None trust=1.00 susp=0.00 cov=17.7%/81.8%
[R2] pos=(925,985) state=exploring leader=None trust=1.00 susp=0.00 cov=17.7%/93.8%
[R2] pos=(925,1145) state=exploring leader=None trust=1.00 susp=0.00 cov=18.2%/99.5%
[R2] pos=(1436,1361) state=exploring leader=None trust=1.00 susp=0.00 cov=20.8%/100.0%
[R2] pos=(1842,1425) state=exploring leader=None trust=1.00 susp=0.00 cov=22.4%/100.0%
[R2] pos=(1766,1425) state=exploring leader=None trust=1.00 susp=0.00 cov=22.4%/100.0%
[R2] pos=(1754,1425) state=exploring leader=None trust=1.00 susp=0.00 cov=22.4%/100.0%
[R2] pos=(1749,1425) state=exploring leader=None trust=1.00 susp=0.00 cov=22.4%/100.0%
[R2] pos=(1877,1425) state=exploring leader=None trust=1.00 susp=0.00 cov=22.9%/100.0%
[R2] pos=(1860,1425) state=exploring leader=None trust=1.00 susp=0.00 cov=22.9%/100.0%
[R2] pos=(1882,1425) state=exploring leader=None trust=1.00 susp=0.00 cov=22.9%/100.0%
[R2] pos=(1769,1425) state=exploring leader=None trust=1.00 susp=0.00 cov=22.9%/100.0%
[R2] pos=(1759,1425) state=exploring leader=None trust=1.00 susp=0.00 cov=22.9%/100.0%
[R2] pos=(1867,1425) state=exploring leader=None trust=1.00 susp=0.00 cov=22.9%/100.0%
[R2] pos=(1882,1425) state=exploring leader=None trust=1.00 susp=0.00 cov=22.9%/100.0%
[R2] pos=(1861,1425) state=exploring leader=None trust=1.00 susp=0.00 cov=22.9%/100.0%
[R2] pos=(1769,1425) state=exploring leader=None trust=1.00 susp=0.00 cov=22.9%/100.0%
[R2] pos=(1747,1425) state=exploring leader=None trust=1.00 susp=0.00 cov=22.9%/100.0%
[R2] pos=(1846,1425) state=exploring leader=None trust=1.00 susp=0.00 cov=22.9%/100.0%
[R2] pos=(1842,1425) state=exploring leader=None trust=1.00 susp=0.00 cov=22.9%/100.0%
[R2] pos=(1841,1425) state=exploring leader=None trust=1.00 susp=0.00 cov=22.9%/100.0%
[R2] pos=(1766,1425) state=exploring leader=None trust=1.00 susp=0.00 cov=22.9%/100.0%
[R2] pos=(1760,1425) state=exploring leader=None trust=1.00 susp=0.00 cov=22.9%/100.0%
[R2] pos=(1743,1425) state=exploring leader=None trust=1.00 susp=0.00 cov=22.9%/100.0%
[R2] pos=(1866,1425) state=exploring leader=None trust=1.00 susp=0.00 cov=22.9%/100.0%
[R2] pos=(1738,1425) state=exploring leader=None trust=1.00 susp=0.00 cov=22.9%/100.0%
[R2] pos=(1826,1425) state=exploring leader=None trust=1.00 susp=0.00 cov=22.9%/100.0%
[R2] pos=(1826,1425) state=exploring leader=None trust=1.00 susp=0.00 cov=22.9%/100.0%
[R2] pos=(1826,1425) state=exploring leader=None trust=1.00 susp=0.00 cov=22.9%/100.0%
[R2] pos=(1826,1425) state=exploring leader=None trust=1.00 susp=0.00 cov=22.9%/100.0%
[R2] pos=(1826,1425) state=exploring leader=None trust=1.00 susp=0.00 cov=22.9%/100.0%
[R2] pos=(1826,1425) state=exploring leader=None trust=1.00 susp=0.00 cov=22.9%/100.0%
[R2] pos=(1826,1425) state=exploring leader=None trust=1.00 susp=0.00 cov=22.9%/100.0%
[R2] pos=(1826,1425) state=exploring leader=None trust=1.00 susp=0.00 cov=22.9%/100.0%
[R2] pos=(1826,1425) state=exploring leader=None trust=1.00 susp=0.00 cov=22.9%/100.0%
[R2] pos=(1826,1425) state=exploring leader=None trust=1.00 susp=0.00 cov=22.9%/100.0%
[R2] pos=(1826,1425) state=exploring leader=None trust=1.00 susp=0.00 cov=22.9%/100.0%
[R2] pos=(1826,1425) state=exploring leader=None trust=1.00 susp=0.00 cov=22.9%/100.0%
[R2] pos=(1826,1425) state=exploring leader=None trust=1.00 susp=0.00 cov=22.9%/100.0%
[R2] pos=(1826,1425) state=exploring leader=None trust=1.00 susp=0.00 cov=22.9%/100.0%
[R2] pos=(1826,1425) state=exploring leader=None trust=1.00 susp=0.00 cov=22.9%/100.0%
[R2] pos=(1826,1425) state=exploring leader=None trust=1.00 susp=0.00 cov=22.9%/100.0%
[R2] pos=(1826,1425) state=exploring leader=None trust=1.00 susp=0.00 cov=22.9%/100.0%
[R2] pos=(1826,1425) state=exploring leader=None trust=1.00 susp=0.00 cov=22.9%/100.0%
[R2] pos=(1826,1425) state=exploring leader=None trust=1.00 susp=0.00 cov=22.9%/100.0%
[R2] pos=(1826,1425) state=exploring leader=None trust=1.00 susp=0.00 cov=22.9%/100.0%
[R2] pos=(1826,1425) state=exploring leader=None trust=1.00 susp=0.00 cov=22.9%/100.0%
[R2] pos=(1826,1425) state=exploring leader=None trust=1.00 susp=0.00 cov=22.9%/100.0%
[R2] pos=(1826,1425) state=exploring leader=None trust=1.00 susp=0.00 cov=22.9%/100.0%
[R2] pos=(1826,1425) state=exploring leader=None trust=1.00 susp=0.00 cov=22.9%/100.0%
