[WARN] Hardware modules not available - running in simulation mode
=== REIP Node - Robot 4 [SIM (unique ports)] ===
Trust Model: Three-tier confidence-weighted
  Personal: 1.0, ToF: 1.0, Peer: 0.3
  Suspicion threshold: 1.5, Recovery: 0.1

  Logging to: logs/robot_4_20260226_213135.jsonl
Initializing hardware...
  Hardware: SIMULATED
[INFO] Position socket listening on port 10104
[INFO] Peer socket listening on port 10204
[INFO] Fault socket listening on port 10304
Ready!

=== Detection Bounds: T1=2 cmds, T3=8 cmds | Impeachment: T1=8 cmds, T3=32 cmds ===
Running... Press Ctrl+C to stop

[ELECTION] New leader: 4
[R4] pos=(0,0) state=leader leader=4 trust=1.00 susp=0.00 cov=0.0%/0.0%
[ELECTION] New leader: 1
[R4] pos=(295,864) state=follower leader=1 trust=1.00 susp=0.00 cov=0.5%/0.5%
[R4] pos=(81,688) state=follower leader=1 trust=1.00 susp=0.00 cov=2.6%/12.5%
[R4] pos=(156,1049) state=follower leader=1 trust=1.00 susp=0.00 cov=4.7%/19.8%
[R4] pos=(412,1308) state=follower leader=1 trust=1.00 susp=0.00 cov=7.8%/30.7%
[R4] pos=(824,1177) state=follower leader=1 trust=1.00 susp=0.00 cov=10.4%/41.1%
[R4] pos=(905,1162) state=follower leader=1 trust=1.00 susp=0.00 cov=11.5%/49.0%
[R4] pos=(905,809) state=follower leader=1 trust=1.00 susp=0.00 cov=13.0%/54.7%
[R4] pos=(905,462) state=follower leader=1 trust=1.00 susp=0.00 cov=14.6%/58.9%
[R4] pos=(905,526) state=follower leader=1 trust=1.00 susp=0.00 cov=14.6%/59.9%
[R4] pos=(905,531) state=follower leader=1 trust=1.00 susp=0.00 cov=14.6%/60.4%
[R4] pos=(905,477) state=follower leader=1 trust=1.00 susp=0.00 cov=14.6%/62.5%
[R4] pos=(905,479) state=follower leader=1 trust=1.00 susp=0.00 cov=14.6%/65.1%
[R4] pos=(905,479) state=follower leader=1 trust=1.00 susp=0.00 cov=14.6%/68.2%
[R4] pos=(905,530) state=follower leader=1 trust=1.00 susp=0.00 cov=14.6%/70.8%
[R4] pos=(905,530) state=follower leader=1 trust=1.00 susp=0.00 cov=14.6%/73.4%
[R4] pos=(905,562) state=follower leader=1 trust=1.00 susp=0.00 cov=14.6%/76.0%
[R4] pos=(904,474) state=follower leader=1 trust=1.00 susp=0.00 cov=14.6%/77.6%
[R4] pos=(905,563) state=follower leader=1 trust=1.00 susp=0.00 cov=14.6%/80.2%
[R4] pos=(904,337) state=follower leader=1 trust=1.00 susp=0.00 cov=15.1%/81.2%
[R4] pos=(904,337) state=follower leader=1 trust=1.00 susp=0.00 cov=15.1%/82.3%
[R4] pos=(904,337) state=follower leader=1 trust=1.00 susp=0.00 cov=15.1%/82.3%
[R4] pos=(904,337) state=follower leader=1 trust=1.00 susp=0.00 cov=15.1%/82.3%
[R4] pos=(904,337) state=follower leader=1 trust=1.00 susp=0.00 cov=15.1%/82.3%
[R4] pos=(904,337) state=follower leader=1 trust=1.00 susp=0.00 cov=15.1%/82.3%
[R4] pos=(904,337) state=follower leader=1 trust=1.00 susp=0.00 cov=15.1%/82.3%
[R4] pos=(904,337) state=follower leader=1 trust=1.00 susp=0.00 cov=15.1%/82.3%
[R4] pos=(904,434) state=follower leader=1 trust=1.00 susp=0.00 cov=15.1%/82.8%
[R4] pos=(905,483) state=follower leader=1 trust=1.00 susp=0.00 cov=15.1%/85.9%
[R4] pos=(904,323) state=follower leader=1 trust=1.00 susp=0.00 cov=15.1%/86.5%
[R4] pos=(904,225) state=follower leader=1 trust=1.00 susp=0.00 cov=15.6%/88.5%
[R4] pos=(904,306) state=follower leader=1 trust=1.00 susp=0.00 cov=15.6%/90.6%
[R4] pos=(904,311) state=follower leader=1 trust=1.00 susp=0.00 cov=15.6%/92.7%
[R4] pos=(904,363) state=follower leader=1 trust=1.00 susp=0.00 cov=15.6%/93.8%
[R4] pos=(904,227) state=follower leader=1 trust=1.00 susp=0.00 cov=15.6%/95.3%
[R4] pos=(904,281) state=follower leader=1 trust=1.00 susp=0.00 cov=15.6%/96.4%
[R4] pos=(904,363) state=follower leader=1 trust=1.00 susp=0.00 cov=15.6%/96.9%
[R4] pos=(904,196) state=follower leader=1 trust=1.00 susp=0.00 cov=15.6%/99.5%
[R4] pos=(904,75) state=follower leader=1 trust=1.00 susp=0.00 cov=16.1%/100.0%
[R4] pos=(904,75) state=follower leader=1 trust=1.00 susp=0.00 cov=16.1%/100.0%
[R4] pos=(904,75) state=follower leader=1 trust=1.00 susp=0.00 cov=16.1%/100.0%
[R4] pos=(904,75) state=follower leader=1 trust=1.00 susp=0.00 cov=16.1%/100.0%
[R4] pos=(904,75) state=follower leader=1 trust=1.00 susp=0.00 cov=16.1%/100.0%
[R4] pos=(904,75) state=follower leader=1 trust=1.00 susp=0.00 cov=16.1%/100.0%
[R4] pos=(904,75) state=follower leader=1 trust=1.00 susp=0.00 cov=16.1%/100.0%
[R4] pos=(904,75) state=follower leader=1 trust=1.00 susp=0.00 cov=16.1%/100.0%
[R4] pos=(904,75) state=follower leader=1 trust=1.00 susp=0.00 cov=16.1%/100.0%
[R4] pos=(904,75) state=follower leader=1 trust=1.00 susp=0.00 cov=16.1%/100.0%
[R4] pos=(904,75) state=follower leader=1 trust=1.00 susp=0.00 cov=16.1%/100.0%
[R4] pos=(904,75) state=follower leader=1 trust=1.00 susp=0.00 cov=16.1%/100.0%
[R4] pos=(904,75) state=follower leader=1 trust=1.00 susp=0.00 cov=16.1%/100.0%
[R4] pos=(904,75) state=follower leader=1 trust=1.00 susp=0.00 cov=16.1%/100.0%
[R4] pos=(904,75) state=follower leader=1 trust=1.00 susp=0.00 cov=16.1%/100.0%
[R4] pos=(904,75) state=follower leader=1 trust=1.00 susp=0.00 cov=16.1%/100.0%
[R4] pos=(904,75) state=follower leader=1 trust=1.00 susp=0.00 cov=16.1%/100.0%
[R4] pos=(904,75) state=follower leader=1 trust=1.00 susp=0.00 cov=16.1%/100.0%
[R4] pos=(904,75) state=follower leader=1 trust=1.00 susp=0.00 cov=16.1%/100.0%
[R4] pos=(904,75) state=follower leader=1 trust=1.00 susp=0.00 cov=16.1%/100.0%
[R4] pos=(904,75) state=follower leader=1 trust=1.00 susp=0.00 cov=16.1%/100.0%
[R4] pos=(904,75) state=follower leader=1 trust=1.00 susp=0.00 cov=16.1%/100.0%
[R4] pos=(904,75) state=follower leader=1 trust=1.00 susp=0.00 cov=16.1%/100.0%
