[WARN] Hardware modules not available - running in simulation mode
=== REIP Node - Robot 4 [SIM (unique ports)] ===
Trust Model: Three-tier confidence-weighted
  Personal: 1.0, ToF: 1.0, Peer: 0.3
  Suspicion threshold: 1.5, Recovery: 0.1

  Logging to: logs/robot_4_20260226_193711.jsonl
Initializing hardware...
  Hardware: SIMULATED
[INFO] Position socket listening on port 9104
[INFO] Peer socket listening on port 9204
[INFO] Fault socket listening on port 9304
Ready!

=== Detection Bounds: T1=2 cmds, T3=8 cmds | Impeachment: T1=8 cmds, T3=32 cmds ===
Running... Press Ctrl+C to stop

[ELECTION] New leader: 4
[R4] pos=(0,0) state=leader leader=4 trust=1.00 susp=0.00 cov=0.0%/0.0%
[ELECTION] New leader: 1
[R4] pos=(200,613) state=follower leader=1 trust=1.00 susp=0.00 cov=0.5%/0.5%
[R4] pos=(75,310) state=follower leader=1 trust=1.00 susp=0.00 cov=3.1%/12.5%
[MPC] Moderate mismatch: best alignment 109°, error=0.13
[R4] pos=(75,177) state=follower leader=1 trust=1.00 susp=0.00 cov=4.2%/20.3%
[MPC] Moderate mismatch: best alignment 111°, error=0.14
[R4] pos=(75,803) state=follower leader=1 trust=1.00 susp=0.00 cov=5.2%/30.7%
[R4] pos=(345,1059) state=follower leader=1 trust=1.00 susp=0.00 cov=8.3%/39.6%
[R4] pos=(769,1187) state=follower leader=1 trust=1.00 susp=0.00 cov=10.9%/45.8%
[R4] pos=(937,1315) state=follower leader=1 trust=1.00 susp=0.00 cov=12.5%/51.0%
[R4] pos=(1328,1417) state=follower leader=1 trust=1.00 susp=0.00 cov=15.1%/56.8%
[R4] pos=(1561,1312) state=follower leader=1 trust=1.00 susp=0.00 cov=17.7%/61.5%
[R4] pos=(1798,1062) state=follower leader=1 trust=1.00 susp=0.00 cov=20.3%/64.1%
[R4] pos=(1689,825) state=follower leader=1 trust=1.00 susp=0.00 cov=22.4%/66.1%
[R4] pos=(1548,794) state=follower leader=1 trust=1.00 susp=0.00 cov=23.4%/68.8%
[R4] pos=(1780,562) state=follower leader=1 trust=1.00 susp=0.00 cov=26.0%/74.5%
[R4] pos=(1925,432) state=follower leader=1 trust=1.00 susp=0.00 cov=28.1%/77.6%
[R4] pos=(1925,454) state=follower leader=1 trust=1.00 susp=0.00 cov=28.1%/78.1%
[R4] pos=(1925,438) state=follower leader=1 trust=1.00 susp=0.00 cov=28.1%/81.2%
[R4] pos=(1925,543) state=follower leader=1 trust=1.00 susp=0.00 cov=28.1%/82.3%
[R4] pos=(1925,528) state=follower leader=1 trust=1.00 susp=0.00 cov=28.1%/82.3%
[R4] pos=(1925,443) state=follower leader=1 trust=1.00 susp=0.00 cov=28.1%/82.3%
[R4] pos=(1925,458) state=follower leader=1 trust=1.00 susp=0.00 cov=28.1%/82.3%
[R4] pos=(1925,426) state=follower leader=1 trust=1.00 susp=0.00 cov=28.1%/82.3%
[R4] pos=(1925,523) state=follower leader=1 trust=1.00 susp=0.00 cov=28.1%/82.3%
[R4] pos=(1925,511) state=follower leader=1 trust=1.00 susp=0.00 cov=28.1%/82.3%
[R4] pos=(1925,252) state=follower leader=1 trust=1.00 susp=0.00 cov=29.2%/83.3%
[R4] pos=(1891,111) state=follower leader=1 trust=1.00 susp=0.00 cov=30.2%/84.4%
[R4] pos=(1804,75) state=follower leader=1 trust=1.00 susp=0.00 cov=30.7%/84.9%
[R4] pos=(1804,75) state=follower leader=1 trust=1.00 susp=0.00 cov=30.7%/84.9%
[R4] pos=(1804,75) state=follower leader=1 trust=1.00 susp=0.00 cov=30.7%/84.9%
[R4] pos=(1804,75) state=follower leader=1 trust=1.00 susp=0.00 cov=30.7%/84.9%
[R4] pos=(1804,75) state=follower leader=1 trust=1.00 susp=0.00 cov=30.7%/84.9%
[R4] pos=(1804,75) state=follower leader=1 trust=1.00 susp=0.00 cov=30.7%/84.9%
[R4] pos=(1804,75) state=follower leader=1 trust=1.00 susp=0.00 cov=30.7%/84.9%
[R4] pos=(1804,75) state=follower leader=1 trust=1.00 susp=0.00 cov=30.7%/84.9%
[R4] pos=(1804,75) state=follower leader=1 trust=1.00 susp=0.00 cov=30.7%/84.9%
[R4] pos=(1804,75) state=follower leader=1 trust=1.00 susp=0.00 cov=30.7%/84.9%
[R4] pos=(1804,75) state=follower leader=1 trust=1.00 susp=0.00 cov=30.7%/84.9%
[R4] pos=(1804,75) state=follower leader=1 trust=1.00 susp=0.00 cov=30.7%/84.9%
[R4] pos=(1804,75) state=follower leader=1 trust=1.00 susp=0.00 cov=30.7%/84.9%
[R4] pos=(1804,75) state=follower leader=1 trust=1.00 susp=0.00 cov=30.7%/84.9%
[R4] pos=(1804,75) state=follower leader=1 trust=1.00 susp=0.00 cov=30.7%/84.9%
[R4] pos=(1804,75) state=follower leader=1 trust=1.00 susp=0.00 cov=30.7%/84.9%
[R4] pos=(1595,211) state=follower leader=1 trust=1.00 susp=0.00 cov=31.8%/84.9%
[R4] pos=(1595,211) state=follower leader=1 trust=1.00 susp=0.00 cov=31.8%/84.9%
[R4] pos=(1595,211) state=follower leader=1 trust=1.00 susp=0.00 cov=31.8%/84.9%
[R4] pos=(1595,211) state=follower leader=1 trust=1.00 susp=0.00 cov=31.8%/84.9%
[R4] pos=(1595,211) state=follower leader=1 trust=1.00 susp=0.00 cov=31.8%/84.9%
[R4] pos=(1227,216) state=follower leader=1 trust=1.00 susp=0.00 cov=33.9%/85.9%
[R4] pos=(1173,75) state=follower leader=1 trust=1.00 susp=0.00 cov=34.9%/87.0%
[R4] pos=(1147,502) state=follower leader=1 trust=1.00 susp=0.00 cov=36.5%/87.5%
[R4] pos=(1077,962) state=follower leader=1 trust=1.00 susp=0.00 cov=39.6%/90.6%
[R4] pos=(1171,973) state=follower leader=1 trust=1.00 susp=0.00 cov=41.7%/92.7%
[R4] pos=(1839,1189) state=follower leader=1 trust=1.00 susp=0.00 cov=43.2%/93.8%
[R4] pos=(1925,1187) state=follower leader=1 trust=1.00 susp=0.00 cov=44.3%/96.4%
[R4] pos=(1827,670) state=follower leader=1 trust=1.00 susp=0.00 cov=46.4%/98.4%
[R4] pos=(1552,451) state=follower leader=1 trust=1.00 susp=0.00 cov=46.9%/98.4%
[R4] pos=(1113,102) state=follower leader=1 trust=1.00 susp=0.00 cov=47.9%/99.5%
[R4] pos=(1113,75) state=follower leader=1 trust=1.00 susp=0.00 cov=47.9%/100.0%
[R4] pos=(1113,75) state=follower leader=1 trust=1.00 susp=0.00 cov=47.9%/100.0%
[R4] pos=(1113,75) state=follower leader=1 trust=1.00 susp=0.00 cov=47.9%/100.0%
[R4] pos=(1113,75) state=follower leader=1 trust=1.00 susp=0.00 cov=47.9%/100.0%
[R4] pos=(1113,75) state=follower leader=1 trust=1.00 susp=0.00 cov=47.9%/100.0%
[R4] pos=(1113,75) state=follower leader=1 trust=1.00 susp=0.00 cov=47.9%/100.0%
[R4] pos=(1113,75) state=follower leader=1 trust=1.00 susp=0.00 cov=47.9%/100.0%
[R4] pos=(1113,75) state=follower leader=1 trust=1.00 susp=0.00 cov=47.9%/100.0%
[R4] pos=(1113,75) state=follower leader=1 trust=1.00 susp=0.00 cov=47.9%/100.0%
[R4] pos=(1113,75) state=follower leader=1 trust=1.00 susp=0.00 cov=47.9%/100.0%
[R4] pos=(1113,75) state=follower leader=1 trust=1.00 susp=0.00 cov=47.9%/100.0%
[R4] pos=(1113,75) state=follower leader=1 trust=1.00 susp=0.00 cov=47.9%/100.0%
[R4] pos=(1113,75) state=follower leader=1 trust=1.00 susp=0.00 cov=47.9%/100.0%
[R4] pos=(1113,75) state=follower leader=1 trust=1.00 susp=0.00 cov=47.9%/100.0%
[R4] pos=(1113,75) state=follower leader=1 trust=1.00 susp=0.00 cov=47.9%/100.0%
[R4] pos=(1113,75) state=follower leader=1 trust=1.00 susp=0.00 cov=47.9%/100.0%
[R4] pos=(1113,75) state=follower leader=1 trust=1.00 susp=0.00 cov=47.9%/100.0%
