[WARN] Hardware modules not available - simulation mode
=== RAFT Baseline - Robot 5 [SIM] ===
NO TRUST. Heartbeat timeout only.

  Logging to: logs/raft_5_20260226_213444.jsonl
Initializing hardware...
  Hardware: SIMULATED
[INFO] Position socket listening on port 16105
[INFO] Peer socket listening on port 16205
[INFO] Fault socket listening on port 16305
Ready!

Running RAFT baseline... Press Ctrl+C to stop

[R5] state=follower leader=None term=0 cov=0.0%/0.0%
[R5] state=follower leader=1 term=1 cov=0.5%/0.5%
[R5] state=follower leader=1 term=1 cov=2.6%/13.0%
[R5] state=follower leader=1 term=1 cov=4.2%/20.8%
[R5] state=follower leader=1 term=1 cov=6.2%/30.7%
[R5] state=follower leader=1 term=1 cov=7.8%/39.6%
[R5] state=follower leader=1 term=1 cov=8.9%/44.3%
[R5] state=follower leader=1 term=1 cov=10.4%/50.0%
[R5] state=follower leader=1 term=1 cov=13.5%/55.2%
[R5] state=follower leader=1 term=1 cov=16.7%/62.0%
[R5] state=follower leader=1 term=1 cov=17.7%/69.8%
[R5] state=follower leader=1 term=1 cov=20.3%/79.7%
[R5] state=follower leader=1 term=1 cov=23.4%/84.9%
[R5] state=follower leader=1 term=1 cov=26.0%/92.7%
[R5] state=follower leader=1 term=1 cov=28.1%/99.0%
[R5] state=follower leader=1 term=1 cov=30.2%/100.0%
[R5] state=follower leader=1 term=1 cov=30.7%/100.0%
[R5] state=follower leader=1 term=1 cov=30.7%/100.0%
[R5] state=follower leader=1 term=1 cov=30.7%/100.0%
[R5] state=follower leader=1 term=1 cov=30.7%/100.0%
[R5] state=follower leader=1 term=1 cov=30.7%/100.0%
[R5] state=follower leader=1 term=1 cov=30.7%/100.0%
[R5] state=follower leader=1 term=1 cov=30.7%/100.0%
[R5] state=follower leader=1 term=1 cov=30.7%/100.0%
[R5] state=follower leader=1 term=1 cov=30.7%/100.0%
[R5] state=follower leader=1 term=1 cov=30.7%/100.0%
[R5] state=follower leader=1 term=1 cov=30.7%/100.0%
[R5] state=follower leader=1 term=1 cov=30.7%/100.0%
[R5] state=follower leader=1 term=1 cov=30.7%/100.0%
[R5] state=follower leader=1 term=1 cov=30.7%/100.0%
[R5] state=follower leader=1 term=1 cov=30.7%/100.0%
[R5] state=follower leader=1 term=1 cov=30.7%/100.0%
[R5] state=follower leader=1 term=1 cov=30.7%/100.0%
[R5] state=follower leader=1 term=1 cov=30.7%/100.0%
[R5] state=follower leader=1 term=1 cov=30.7%/100.0%
[R5] state=follower leader=1 term=1 cov=30.7%/100.0%
[R5] state=follower leader=1 term=1 cov=30.7%/100.0%
[R5] state=follower leader=1 term=1 cov=30.7%/100.0%
[R5] state=follower leader=1 term=1 cov=30.7%/100.0%
[R5] state=follower leader=1 term=1 cov=30.7%/100.0%
[R5] state=follower leader=1 term=1 cov=30.7%/100.0%
[R5] state=follower leader=1 term=1 cov=30.7%/100.0%
[R5] state=follower leader=1 term=1 cov=30.7%/100.0%
[R5] state=follower leader=1 term=1 cov=30.7%/100.0%
[R5] state=follower leader=1 term=1 cov=30.7%/100.0%
[R5] state=follower leader=1 term=1 cov=30.7%/100.0%
[R5] state=follower leader=1 term=1 cov=30.7%/100.0%
[R5] state=follower leader=1 term=1 cov=30.7%/100.0%
[R5] state=follower leader=1 term=1 cov=30.7%/100.0%
[R5] state=follower leader=1 term=1 cov=30.7%/100.0%
[R5] state=follower leader=1 term=1 cov=30.7%/100.0%
[R5] state=follower leader=1 term=1 cov=30.7%/100.0%
[R5] state=follower leader=1 term=1 cov=30.7%/100.0%
[R5] state=follower leader=1 term=1 cov=30.7%/100.0%
[R5] state=follower leader=1 term=1 cov=30.7%/100.0%
[R5] state=follower leader=1 term=1 cov=30.7%/100.0%
[R5] state=follower leader=1 term=1 cov=30.7%/100.0%
[R5] state=follower leader=1 term=1 cov=30.7%/100.0%
[R5] state=follower leader=1 term=1 cov=30.7%/100.0%
[R5] state=follower leader=1 term=1 cov=30.7%/100.0%
[R5] state=follower leader=1 term=1 cov=30.7%/100.0%
[R5] state=follower leader=1 term=1 cov=30.7%/100.0%
[R5] state=follower leader=1 term=1 cov=30.7%/100.0%
[R5] state=follower leader=1 term=1 cov=30.7%/100.0%
[R5] state=follower leader=1 term=1 cov=30.7%/100.0%
[R5] state=follower leader=1 term=1 cov=30.7%/100.0%
[R5] state=follower leader=1 term=1 cov=30.7%/100.0%
[R5] state=follower leader=1 term=1 cov=30.7%/100.0%
[R5] state=follower leader=1 term=1 cov=30.7%/100.0%
