[WARN] Hardware modules not available - simulation mode
=== RAFT Baseline - Robot 4 [SIM] ===
NO TRUST. Heartbeat timeout only.

  Logging to: logs/raft_4_20260226_193133.jsonl
Initializing hardware...
  Hardware: SIMULATED
[INFO] Position socket listening on port 7104
[INFO] Peer socket listening on port 7204
[INFO] Fault socket listening on port 7304
Ready!

Running RAFT baseline... Press Ctrl+C to stop

[R4] state=follower leader=None term=0 cov=0.0%/0.0%
[R4] state=follower leader=3 term=1 cov=0.5%/0.5%
[R4] state=follower leader=3 term=1 cov=3.6%/12.0%
[R4] state=follower leader=3 term=1 cov=6.2%/18.2%
[R4] state=follower leader=3 term=1 cov=8.3%/29.2%
[R4] state=follower leader=3 term=1 cov=10.4%/40.6%
[R4] state=follower leader=3 term=1 cov=13.0%/47.4%
[R4] state=follower leader=3 term=1 cov=14.1%/52.6%
[R4] state=follower leader=3 term=1 cov=15.1%/58.3%
[R4] state=follower leader=3 term=1 cov=15.1%/64.6%
[R4] state=follower leader=3 term=1 cov=15.6%/67.7%
[R4] state=follower leader=3 term=1 cov=15.6%/70.3%
[R4] state=follower leader=3 term=1 cov=15.6%/75.0%
[R4] state=follower leader=3 term=1 cov=15.6%/79.2%
[R4] state=follower leader=3 term=1 cov=15.6%/83.9%
[R4] state=follower leader=3 term=1 cov=16.1%/90.1%
[R4] state=follower leader=3 term=1 cov=16.1%/94.3%
[R4] state=follower leader=3 term=1 cov=16.1%/97.4%
[R4] state=follower leader=3 term=1 cov=16.1%/99.0%
[R4] state=follower leader=3 term=1 cov=16.1%/100.0%
[R4] state=follower leader=3 term=1 cov=16.1%/100.0%
[R4] state=follower leader=3 term=1 cov=16.1%/100.0%
[R4] state=follower leader=3 term=1 cov=16.1%/100.0%
[R4] state=follower leader=3 term=1 cov=16.1%/100.0%
[R4] state=follower leader=3 term=1 cov=16.1%/100.0%
[R4] state=follower leader=3 term=1 cov=16.1%/100.0%
[R4] state=follower leader=3 term=1 cov=16.1%/100.0%
[R4] state=follower leader=3 term=1 cov=16.1%/100.0%
[R4] state=follower leader=3 term=1 cov=16.1%/100.0%
[R4] state=follower leader=3 term=1 cov=16.1%/100.0%
[R4] state=follower leader=3 term=1 cov=16.1%/100.0%
[R4] state=follower leader=3 term=1 cov=16.1%/100.0%
[R4] state=follower leader=3 term=1 cov=16.1%/100.0%
[R4] state=follower leader=3 term=1 cov=16.1%/100.0%
[R4] state=follower leader=3 term=1 cov=16.1%/100.0%
[R4] state=follower leader=3 term=1 cov=16.1%/100.0%
[R4] state=follower leader=3 term=1 cov=16.1%/100.0%
[R4] state=follower leader=3 term=1 cov=16.1%/100.0%
[R4] state=follower leader=3 term=1 cov=16.1%/100.0%
[R4] state=follower leader=3 term=1 cov=16.1%/100.0%
[R4] state=follower leader=3 term=1 cov=16.1%/100.0%
[R4] state=follower leader=3 term=1 cov=16.1%/100.0%
[R4] state=follower leader=3 term=1 cov=16.1%/100.0%
[R4] state=follower leader=3 term=1 cov=16.1%/100.0%
[R4] state=follower leader=3 term=1 cov=16.1%/100.0%
[R4] state=follower leader=3 term=1 cov=16.1%/100.0%
[R4] state=follower leader=3 term=1 cov=16.1%/100.0%
[R4] state=follower leader=3 term=1 cov=16.1%/100.0%
[R4] state=follower leader=3 term=1 cov=16.1%/100.0%
[R4] state=follower leader=3 term=1 cov=16.1%/100.0%
[R4] state=follower leader=3 term=1 cov=16.1%/100.0%
[R4] state=follower leader=3 term=1 cov=16.1%/100.0%
[R4] state=follower leader=3 term=1 cov=16.1%/100.0%
[R4] state=follower leader=3 term=1 cov=16.1%/100.0%
[R4] state=follower leader=3 term=1 cov=16.1%/100.0%
[R4] state=follower leader=3 term=1 cov=16.1%/100.0%
[R4] state=follower leader=3 term=1 cov=16.1%/100.0%
[R4] state=follower leader=3 term=1 cov=16.1%/100.0%
[R4] state=follower leader=3 term=1 cov=16.1%/100.0%
[R4] state=follower leader=3 term=1 cov=16.1%/100.0%
[R4] state=follower leader=3 term=1 cov=16.1%/100.0%
