[WARN] Hardware modules not available - simulation mode
=== RAFT Baseline - Robot 2 [SIM] ===
NO TRUST. Heartbeat timeout only.

  Logging to: logs/raft_2_20260226_212455.jsonl
Initializing hardware...
  Hardware: SIMULATED
[INFO] Position socket listening on port 7102
[INFO] Peer socket listening on port 7202
[INFO] Fault socket listening on port 7302
Ready!

Running RAFT baseline... Press Ctrl+C to stop

[R2] state=follower leader=None term=0 cov=0.0%/0.0%
[R2] state=follower leader=1 term=1 cov=0.5%/0.5%
[R2] state=follower leader=1 term=1 cov=2.6%/13.5%
[R2] state=follower leader=1 term=1 cov=4.2%/20.8%
[R2] state=follower leader=1 term=1 cov=6.2%/25.5%
[R2] state=follower leader=1 term=1 cov=7.3%/28.1%
[R2] state=follower leader=1 term=1 cov=7.3%/28.1%
[R2] state=follower leader=1 term=1 cov=7.3%/28.1%
[R2] state=follower leader=1 term=1 cov=7.3%/28.1%
[R2] state=follower leader=1 term=1 cov=7.8%/30.2%
[R2] state=follower leader=1 term=1 cov=9.9%/31.8%
[R2] state=follower leader=1 term=1 cov=11.5%/31.8%
[R2] state=follower leader=1 term=1 cov=11.5%/31.8%
[R2] state=follower leader=1 term=1 cov=12.0%/31.8%
[R2] state=follower leader=1 term=1 cov=12.0%/31.8%
[R2] state=follower leader=1 term=1 cov=12.0%/31.8%
[R2] state=follower leader=1 term=1 cov=12.0%/31.8%
[R2] state=follower leader=1 term=1 cov=12.0%/31.8%
[R2] state=follower leader=1 term=1 cov=12.0%/31.8%
[R2] state=follower leader=1 term=1 cov=12.0%/31.8%
[R2] state=follower leader=1 term=1 cov=12.0%/31.8%
[R2] state=follower leader=1 term=1 cov=12.0%/31.8%
[R2] state=follower leader=1 term=1 cov=12.0%/31.8%
[R2] state=follower leader=1 term=1 cov=12.0%/31.8%
[R2] state=follower leader=1 term=1 cov=12.0%/31.8%
[R2] state=follower leader=1 term=1 cov=12.0%/31.8%
[R2] state=follower leader=1 term=1 cov=12.0%/31.8%
[R2] state=follower leader=1 term=1 cov=12.0%/31.8%
[R2] state=follower leader=1 term=1 cov=12.0%/31.8%
[R2] state=follower leader=1 term=1 cov=12.0%/31.8%
[R2] state=follower leader=1 term=1 cov=12.0%/31.8%
[R2] state=follower leader=1 term=1 cov=12.0%/31.8%
[R2] state=follower leader=1 term=1 cov=12.0%/31.8%
[R2] state=follower leader=1 term=1 cov=12.0%/31.8%
[R2] state=follower leader=1 term=1 cov=12.0%/31.8%
[R2] state=follower leader=1 term=1 cov=12.0%/31.8%
[R2] state=follower leader=1 term=1 cov=12.0%/31.8%
[R2] state=follower leader=1 term=1 cov=12.0%/31.8%
[R2] state=follower leader=1 term=1 cov=12.0%/31.8%
[R2] state=follower leader=1 term=1 cov=12.0%/31.8%
[R2] state=follower leader=1 term=1 cov=12.0%/31.8%
[R2] state=follower leader=1 term=1 cov=12.0%/31.8%
[R2] state=follower leader=1 term=1 cov=12.0%/31.8%
[R2] state=follower leader=1 term=1 cov=12.0%/31.8%
[R2] state=follower leader=1 term=1 cov=12.0%/31.8%
[R2] state=follower leader=1 term=1 cov=12.0%/31.8%
[R2] state=follower leader=1 term=1 cov=12.0%/31.8%
[R2] state=follower leader=1 term=1 cov=12.0%/31.8%
[R2] state=follower leader=1 term=1 cov=12.0%/31.8%
[R2] state=follower leader=1 term=1 cov=12.0%/31.8%
[R2] state=follower leader=1 term=1 cov=12.0%/31.8%
[R2] state=follower leader=1 term=1 cov=12.0%/31.8%
[R2] state=follower leader=1 term=1 cov=12.0%/31.8%
[R2] state=follower leader=1 term=1 cov=12.0%/31.8%
[R2] state=follower leader=1 term=1 cov=12.0%/31.8%
[R2] state=follower leader=1 term=1 cov=12.0%/31.8%
[R2] state=follower leader=1 term=1 cov=12.0%/31.8%
[R2] state=follower leader=1 term=1 cov=12.0%/31.8%
[R2] state=follower leader=1 term=1 cov=12.0%/31.8%
[R2] state=follower leader=1 term=1 cov=12.0%/31.8%
[R2] state=follower leader=1 term=1 cov=12.0%/31.8%
