[WARN] Hardware modules not available - simulation mode
=== RAFT Baseline - Robot 5 [SIM] ===
NO TRUST. Heartbeat timeout only.

  Logging to: logs/raft_5_20260226_212455.jsonl
Initializing hardware...
  Hardware: SIMULATED
[INFO] Position socket listening on port 7105
[INFO] Peer socket listening on port 7205
[INFO] Fault socket listening on port 7305
Ready!

Running RAFT baseline... Press Ctrl+C to stop

[R5] state=follower leader=None term=0 cov=0.0%/0.0%
[R5] state=follower leader=1 term=1 cov=0.5%/0.5%
[R5] state=follower leader=1 term=1 cov=3.1%/13.5%
[R5] state=follower leader=1 term=1 cov=4.7%/21.4%
[R5] state=follower leader=1 term=1 cov=5.7%/25.0%
[R5] state=follower leader=1 term=1 cov=7.3%/28.1%
[R5] state=follower leader=1 term=1 cov=7.3%/28.1%
[R5] state=follower leader=1 term=1 cov=7.3%/28.1%
[R5] state=follower leader=1 term=1 cov=7.3%/28.1%
[R5] state=follower leader=1 term=1 cov=7.8%/30.7%
[R5] state=follower leader=1 term=1 cov=8.9%/31.8%
[R5] state=follower leader=1 term=1 cov=8.9%/31.8%
[R5] state=follower leader=1 term=1 cov=8.9%/31.8%
[R5] state=follower leader=1 term=1 cov=8.9%/31.8%
[R5] state=follower leader=1 term=1 cov=8.9%/31.8%
[R5] state=follower leader=1 term=1 cov=8.9%/31.8%
[R5] state=follower leader=1 term=1 cov=8.9%/31.8%
[R5] state=follower leader=1 term=1 cov=8.9%/31.8%
[R5] state=follower leader=1 term=1 cov=8.9%/31.8%
[R5] state=follower leader=1 term=1 cov=8.9%/31.8%
[R5] state=follower leader=1 term=1 cov=8.9%/31.8%
[R5] state=follower leader=1 term=1 cov=8.9%/31.8%
[R5] state=follower leader=1 term=1 cov=8.9%/31.8%
[R5] state=follower leader=1 term=1 cov=8.9%/31.8%
[R5] state=follower leader=1 term=1 cov=8.9%/31.8%
[R5] state=follower leader=1 term=1 cov=8.9%/31.8%
[R5] state=follower leader=1 term=1 cov=8.9%/31.8%
[R5] state=follower leader=1 term=1 cov=8.9%/31.8%
[R5] state=follower leader=1 term=1 cov=8.9%/31.8%
[R5] state=follower leader=1 term=1 cov=8.9%/31.8%
[R5] state=follower leader=1 term=1 cov=8.9%/31.8%
[R5] state=follower leader=1 term=1 cov=8.9%/31.8%
[R5] state=follower leader=1 term=1 cov=8.9%/31.8%
[R5] state=follower leader=1 term=1 cov=8.9%/31.8%
[R5] state=follower leader=1 term=1 cov=8.9%/31.8%
[R5] state=follower leader=1 term=1 cov=8.9%/31.8%
[R5] state=follower leader=1 term=1 cov=8.9%/31.8%
[R5] state=follower leader=1 term=1 cov=8.9%/31.8%
[R5] state=follower leader=1 term=1 cov=8.9%/31.8%
[R5] state=follower leader=1 term=1 cov=8.9%/31.8%
[R5] state=follower leader=1 term=1 cov=8.9%/31.8%
[R5] state=follower leader=1 term=1 cov=8.9%/31.8%
[R5] state=follower leader=1 term=1 cov=8.9%/31.8%
[R5] state=follower leader=1 term=1 cov=8.9%/31.8%
[R5] state=follower leader=1 term=1 cov=8.9%/31.8%
[R5] state=follower leader=1 term=1 cov=8.9%/31.8%
[R5] state=follower leader=1 term=1 cov=8.9%/31.8%
[R5] state=follower leader=1 term=1 cov=8.9%/31.8%
[R5] state=follower leader=1 term=1 cov=8.9%/31.8%
[R5] state=follower leader=1 term=1 cov=8.9%/31.8%
[R5] state=follower leader=1 term=1 cov=8.9%/31.8%
[R5] state=follower leader=1 term=1 cov=8.9%/31.8%
[R5] state=follower leader=1 term=1 cov=8.9%/31.8%
[R5] state=follower leader=1 term=1 cov=8.9%/31.8%
[R5] state=follower leader=1 term=1 cov=8.9%/31.8%
[R5] state=follower leader=1 term=1 cov=8.9%/31.8%
[R5] state=follower leader=1 term=1 cov=8.9%/31.8%
[R5] state=follower leader=1 term=1 cov=8.9%/31.8%
[R5] state=follower leader=1 term=1 cov=8.9%/31.8%
[R5] state=follower leader=1 term=1 cov=8.9%/31.8%
[R5] state=follower leader=1 term=1 cov=8.9%/31.8%
