[WARN] Hardware modules not available - running in simulation mode
=== REIP Node - Robot 4 [SIM (unique ports)] ===
Trust Model: Three-tier confidence-weighted
  Personal: 1.0, ToF: 1.0, Peer: 0.3
  Suspicion threshold: 1.5, Recovery: 0.1

  Logging to: logs/robot_4_20260226_175701.jsonl
Initializing hardware...
  Hardware: SIMULATED
[INFO] Position socket listening on port 10104
[INFO] Peer socket listening on port 10204
[INFO] Fault socket listening on port 10304
Ready!

=== DECENTRALIZED MODE - No leader coordination ===
=== Detection Bounds: T1=2 cmds, T3=8 cmds | Impeachment: T1=8 cmds, T3=32 cmds ===
Running... Press Ctrl+C to stop

[R4] pos=(0,0) state=exploring leader=None trust=1.00 susp=0.00 cov=0.0%/0.0%
[R4] pos=(744,553) state=exploring leader=None trust=1.00 susp=0.00 cov=0.5%/0.5%
[R4] pos=(75,364) state=exploring leader=None trust=1.00 susp=0.00 cov=4.2%/16.7%
[R4] pos=(278,75) state=exploring leader=None trust=1.00 susp=0.00 cov=6.8%/28.1%
[R4] pos=(821,201) state=exploring leader=None trust=1.00 susp=0.00 cov=10.9%/41.1%
[R4] pos=(1063,537) state=exploring leader=None trust=1.00 susp=0.00 cov=15.6%/53.6%
[R4] pos=(1436,383) state=exploring leader=None trust=1.00 susp=0.00 cov=19.3%/61.5%
[R4] pos=(1535,75) state=exploring leader=None trust=1.00 susp=0.00 cov=22.4%/72.4%
[R4] pos=(1925,584) state=exploring leader=None trust=1.00 susp=0.00 cov=26.0%/80.2%
[R4] pos=(1718,922) state=exploring leader=None trust=1.00 susp=0.00 cov=29.7%/88.5%
[R4] pos=(1719,1285) state=exploring leader=None trust=1.00 susp=0.00 cov=32.8%/96.4%
[R4] pos=(1925,1425) state=exploring leader=None trust=1.00 susp=0.00 cov=35.9%/100.0%
[R4] pos=(1925,1425) state=exploring leader=None trust=1.00 susp=0.00 cov=35.9%/100.0%
[R4] pos=(1925,1425) state=exploring leader=None trust=1.00 susp=0.00 cov=35.9%/100.0%
[R4] pos=(1925,1425) state=exploring leader=None trust=1.00 susp=0.00 cov=35.9%/100.0%
[R4] pos=(1925,1425) state=exploring leader=None trust=1.00 susp=0.00 cov=35.9%/100.0%
[R4] pos=(1925,1425) state=exploring leader=None trust=1.00 susp=0.00 cov=35.9%/100.0%
[R4] pos=(1925,1425) state=exploring leader=None trust=1.00 susp=0.00 cov=35.9%/100.0%
[R4] pos=(1925,1425) state=exploring leader=None trust=1.00 susp=0.00 cov=35.9%/100.0%
[R4] pos=(1925,1425) state=exploring leader=None trust=1.00 susp=0.00 cov=35.9%/100.0%
[R4] pos=(1925,1425) state=exploring leader=None trust=1.00 susp=0.00 cov=35.9%/100.0%
[R4] pos=(1925,1425) state=exploring leader=None trust=1.00 susp=0.00 cov=35.9%/100.0%
[R4] pos=(1925,1425) state=exploring leader=None trust=1.00 susp=0.00 cov=35.9%/100.0%
[R4] pos=(1925,1425) state=exploring leader=None trust=1.00 susp=0.00 cov=35.9%/100.0%
[R4] pos=(1925,1425) state=exploring leader=None trust=1.00 susp=0.00 cov=35.9%/100.0%
[R4] pos=(1925,1425) state=exploring leader=None trust=1.00 susp=0.00 cov=35.9%/100.0%
[R4] pos=(1925,1425) state=exploring leader=None trust=1.00 susp=0.00 cov=35.9%/100.0%
[R4] pos=(1925,1425) state=exploring leader=None trust=1.00 susp=0.00 cov=35.9%/100.0%
[R4] pos=(1925,1425) state=exploring leader=None trust=1.00 susp=0.00 cov=35.9%/100.0%
[R4] pos=(1925,1425) state=exploring leader=None trust=1.00 susp=0.00 cov=35.9%/100.0%
[R4] pos=(1925,1425) state=exploring leader=None trust=1.00 susp=0.00 cov=35.9%/100.0%
[R4] pos=(1925,1425) state=exploring leader=None trust=1.00 susp=0.00 cov=35.9%/100.0%
[R4] pos=(1925,1425) state=exploring leader=None trust=1.00 susp=0.00 cov=35.9%/100.0%
[R4] pos=(1925,1425) state=exploring leader=None trust=1.00 susp=0.00 cov=35.9%/100.0%
[R4] pos=(1925,1425) state=exploring leader=None trust=1.00 susp=0.00 cov=35.9%/100.0%
[R4] pos=(1925,1425) state=exploring leader=None trust=1.00 susp=0.00 cov=35.9%/100.0%
[R4] pos=(1925,1425) state=exploring leader=None trust=1.00 susp=0.00 cov=35.9%/100.0%
[R4] pos=(1925,1425) state=exploring leader=None trust=1.00 susp=0.00 cov=35.9%/100.0%
[R4] pos=(1925,1425) state=exploring leader=None trust=1.00 susp=0.00 cov=35.9%/100.0%
[R4] pos=(1925,1425) state=exploring leader=None trust=1.00 susp=0.00 cov=35.9%/100.0%
[R4] pos=(1925,1425) state=exploring leader=None trust=1.00 susp=0.00 cov=35.9%/100.0%
[R4] pos=(1925,1425) state=exploring leader=None trust=1.00 susp=0.00 cov=35.9%/100.0%
[R4] pos=(1925,1425) state=exploring leader=None trust=1.00 susp=0.00 cov=35.9%/100.0%
[R4] pos=(1925,1425) state=exploring leader=None trust=1.00 susp=0.00 cov=35.9%/100.0%
[R4] pos=(1925,1425) state=exploring leader=None trust=1.00 susp=0.00 cov=35.9%/100.0%
[R4] pos=(1925,1425) state=exploring leader=None trust=1.00 susp=0.00 cov=35.9%/100.0%
[R4] pos=(1925,1425) state=exploring leader=None trust=1.00 susp=0.00 cov=35.9%/100.0%
[R4] pos=(1925,1425) state=exploring leader=None trust=1.00 susp=0.00 cov=35.9%/100.0%
[R4] pos=(1925,1425) state=exploring leader=None trust=1.00 susp=0.00 cov=35.9%/100.0%
[R4] pos=(1925,1425) state=exploring leader=None trust=1.00 susp=0.00 cov=35.9%/100.0%
[R4] pos=(1925,1425) state=exploring leader=None trust=1.00 susp=0.00 cov=35.9%/100.0%
[R4] pos=(1925,1425) state=exploring leader=None trust=1.00 susp=0.00 cov=35.9%/100.0%
[R4] pos=(1925,1425) state=exploring leader=None trust=1.00 susp=0.00 cov=35.9%/100.0%
[R4] pos=(1925,1425) state=exploring leader=None trust=1.00 susp=0.00 cov=35.9%/100.0%
[R4] pos=(1925,1425) state=exploring leader=None trust=1.00 susp=0.00 cov=35.9%/100.0%
[R4] pos=(1925,1425) state=exploring leader=None trust=1.00 susp=0.00 cov=35.9%/100.0%
[R4] pos=(1925,1425) state=exploring leader=None trust=1.00 susp=0.00 cov=35.9%/100.0%
[R4] pos=(1925,1425) state=exploring leader=None trust=1.00 susp=0.00 cov=35.9%/100.0%
[R4] pos=(1925,1425) state=exploring leader=None trust=1.00 susp=0.00 cov=35.9%/100.0%
[R4] pos=(1925,1425) state=exploring leader=None trust=1.00 susp=0.00 cov=35.9%/100.0%
[R4] pos=(1925,1425) state=exploring leader=None trust=1.00 susp=0.00 cov=35.9%/100.0%
