[WARN] Hardware modules not available - simulation mode
=== RAFT Baseline - Robot 3 [SIM] ===
NO TRUST. Heartbeat timeout only.

  Logging to: logs/raft_3_20260226_182434.jsonl
Initializing hardware...
  Hardware: SIMULATED
[INFO] Position socket listening on port 10103
[INFO] Peer socket listening on port 10203
[INFO] Fault socket listening on port 10303
Ready!

Running RAFT baseline... Press Ctrl+C to stop

[R3] state=follower leader=None term=0 cov=0.0%/0.0%
[R3] state=follower leader=2 term=1 cov=0.5%/0.5%
[R3] state=follower leader=2 term=1 cov=2.6%/13.5%
[R3] state=follower leader=2 term=1 cov=5.7%/22.4%
[R3] state=follower leader=2 term=1 cov=8.3%/34.4%
[R3] state=follower leader=2 term=1 cov=10.4%/46.4%
[R3] state=follower leader=2 term=1 cov=12.0%/56.2%
[R3] state=follower leader=2 term=1 cov=13.5%/64.1%
[R3] state=follower leader=2 term=1 cov=16.1%/72.4%
[R3] state=follower leader=2 term=1 cov=18.2%/79.7%
[R3] state=follower leader=2 term=1 cov=20.3%/87.5%
[R3] state=follower leader=2 term=1 cov=22.4%/94.8%
[R3] state=follower leader=2 term=1 cov=23.4%/99.0%
[R3] state=follower leader=2 term=1 cov=24.5%/100.0%
[R3] state=follower leader=2 term=1 cov=24.5%/100.0%
[R3] state=follower leader=2 term=1 cov=24.5%/100.0%
[R3] state=follower leader=2 term=1 cov=24.5%/100.0%
[R3] state=follower leader=2 term=1 cov=24.5%/100.0%
[R3] state=follower leader=2 term=1 cov=24.5%/100.0%
[R3] state=follower leader=2 term=1 cov=24.5%/100.0%
[R3] state=follower leader=2 term=1 cov=24.5%/100.0%
[R3] state=follower leader=2 term=1 cov=24.5%/100.0%
[R3] state=follower leader=2 term=1 cov=24.5%/100.0%
[R3] state=follower leader=2 term=1 cov=24.5%/100.0%
[R3] state=follower leader=2 term=1 cov=24.5%/100.0%
[R3] state=follower leader=2 term=1 cov=24.5%/100.0%
[R3] state=follower leader=2 term=1 cov=24.5%/100.0%
[R3] state=follower leader=2 term=1 cov=24.5%/100.0%
[R3] state=follower leader=2 term=1 cov=24.5%/100.0%
[R3] state=follower leader=2 term=1 cov=24.5%/100.0%
[R3] state=follower leader=2 term=1 cov=24.5%/100.0%
[R3] state=follower leader=2 term=1 cov=24.5%/100.0%
[R3] state=follower leader=2 term=1 cov=24.5%/100.0%
[R3] state=follower leader=2 term=1 cov=24.5%/100.0%
[R3] state=follower leader=2 term=1 cov=24.5%/100.0%
[R3] state=follower leader=2 term=1 cov=24.5%/100.0%
[R3] state=follower leader=2 term=1 cov=24.5%/100.0%
[R3] state=follower leader=2 term=1 cov=24.5%/100.0%
[R3] state=follower leader=2 term=1 cov=24.5%/100.0%
[R3] state=follower leader=2 term=1 cov=24.5%/100.0%
[R3] state=follower leader=2 term=1 cov=24.5%/100.0%
[R3] state=follower leader=2 term=1 cov=24.5%/100.0%
[R3] state=follower leader=2 term=1 cov=24.5%/100.0%
[R3] state=follower leader=2 term=1 cov=24.5%/100.0%
[R3] state=follower leader=2 term=1 cov=24.5%/100.0%
[R3] state=follower leader=2 term=1 cov=24.5%/100.0%
[R3] state=follower leader=2 term=1 cov=24.5%/100.0%
[R3] state=follower leader=2 term=1 cov=24.5%/100.0%
[R3] state=follower leader=2 term=1 cov=24.5%/100.0%
[R3] state=follower leader=2 term=1 cov=24.5%/100.0%
[R3] state=follower leader=2 term=1 cov=24.5%/100.0%
[R3] state=follower leader=2 term=1 cov=24.5%/100.0%
[R3] state=follower leader=2 term=1 cov=24.5%/100.0%
[R3] state=follower leader=2 term=1 cov=24.5%/100.0%
[R3] state=follower leader=2 term=1 cov=24.5%/100.0%
[R3] state=follower leader=2 term=1 cov=24.5%/100.0%
[R3] state=follower leader=2 term=1 cov=24.5%/100.0%
[R3] state=follower leader=2 term=1 cov=24.5%/100.0%
[R3] state=follower leader=2 term=1 cov=24.5%/100.0%
[R3] state=follower leader=2 term=1 cov=24.5%/100.0%
[R3] state=follower leader=2 term=1 cov=24.5%/100.0%
