[WARN] Hardware modules not available - running in simulation mode
=== REIP Node - Robot 1 [SIM (unique ports)] ===
Trust Model: Three-tier confidence-weighted
  Personal: 1.0, ToF: 1.0, Peer: 0.3
  Suspicion threshold: 1.5, Recovery: 0.1

  Logging to: logs/robot_1_20260226_171043.jsonl
Initializing hardware...
  Hardware: SIMULATED
[INFO] Position socket listening on port 22101
[INFO] Peer socket listening on port 22201
[INFO] Fault socket listening on port 22301
Ready!

=== Detection Bounds: T1=2 cmds, T3=8 cmds | Impeachment: T1=8 cmds, T3=32 cmds ===
Running... Press Ctrl+C to stop

[ELECTION] New leader: 1
[R1] pos=(0,0) state=leader leader=1 trust=1.00 susp=0.00 cov=0.0%/0.0%
[R1] pos=(536,990) state=leader leader=1 trust=1.00 susp=0.00 cov=1.0%/4.7%
[R1] pos=(537,987) state=leader leader=1 trust=1.00 susp=0.00 cov=1.6%/15.1%
[R1] pos=(529,666) state=leader leader=1 trust=1.00 susp=0.00 cov=5.2%/28.6%
[R1] pos=(325,345) state=leader leader=1 trust=1.00 susp=0.00 cov=8.9%/40.6%
[R1] pos=(281,374) state=leader leader=1 trust=1.00 susp=0.00 cov=10.9%/50.0%
[R1] pos=(894,310) state=leader leader=1 trust=1.00 susp=0.00 cov=14.6%/57.8%
[R1] pos=(1297,821) state=leader leader=1 trust=1.00 susp=0.00 cov=18.8%/71.9%
[R1] pos=(1687,1186) state=leader leader=1 trust=1.00 susp=0.00 cov=21.9%/81.2%
[R1] pos=(1717,1425) state=leader leader=1 trust=1.00 susp=0.00 cov=25.5%/90.6%
[R1] pos=(1584,702) state=leader leader=1 trust=1.00 susp=0.00 cov=29.2%/99.0%
[R1] pos=(1561,276) state=leader leader=1 trust=1.00 susp=0.00 cov=30.7%/100.0%
[R1] pos=(1566,372) state=leader leader=1 trust=1.00 susp=0.00 cov=30.7%/100.0%
[R1] pos=(1565,352) state=leader leader=1 trust=1.00 susp=0.00 cov=30.7%/100.0%
[R1] pos=(1559,251) state=leader leader=1 trust=1.00 susp=0.00 cov=30.7%/100.0%
[R1] pos=(1559,258) state=leader leader=1 trust=1.00 susp=0.00 cov=31.2%/100.0%
[FAULT] BAD_LEADER mode activated - will send bad assignments
[BAD_LEADER] Sending 5 robots to EXPLORED cells: [(1062.5, 1062.5), (562.5, 312.5), (1187.5, 187.5)]...
[BAD_LEADER] Sending 5 robots to EXPLORED cells: [(1812.5, 312.5), (312.5, 1312.5), (312.5, 562.5)]...
[BAD_LEADER] Sending 5 robots to EXPLORED cells: [(1062.5, 937.5), (62.5, 812.5), (1062.5, 187.5)]...
[R1] pos=(1506,420) state=leader leader=1 trust=1.00 susp=0.00 cov=31.2%/100.0%
[BAD_LEADER] Sending 5 robots to EXPLORED cells: [(812.5, 1312.5), (1062.5, 562.5), (1562.5, 562.5)]...
[BAD_LEADER] Sending 5 robots to EXPLORED cells: [(62.5, 312.5), (812.5, 1187.5), (1312.5, 1062.5)]...
[BAD_LEADER] Sending 5 robots to EXPLORED cells: [(1187.5, 1187.5), (437.5, 1312.5), (937.5, 937.5)]...
[BAD_LEADER] Sending 5 robots to EXPLORED cells: [(562.5, 437.5), (687.5, 1062.5), (1062.5, 187.5)]...
[BAD_LEADER] Sending 5 robots to EXPLORED cells: [(1312.5, 312.5), (1437.5, 1312.5), (1312.5, 1437.5)]...
[BAD_LEADER] Sending 5 robots to EXPLORED cells: [(1437.5, 437.5), (937.5, 562.5), (1562.5, 187.5)]...
[BAD_LEADER] Sending 5 robots to EXPLORED cells: [(1687.5, 187.5), (1187.5, 562.5), (1437.5, 62.5)]...
[BAD_LEADER] Sending 5 robots to EXPLORED cells: [(687.5, 1187.5), (1687.5, 562.5), (312.5, 562.5)]...
[BAD_LEADER] Sending 5 robots to EXPLORED cells: [(1187.5, 1187.5), (937.5, 437.5), (937.5, 437.5)]...
[R1] pos=(1436,400) state=leader leader=1 trust=1.00 susp=0.00 cov=32.8%/100.0%
[BAD_LEADER] Sending 5 robots to EXPLORED cells: [(1437.5, 437.5), (1062.5, 187.5), (1187.5, 1062.5)]...
[BAD_LEADER] Sending 5 robots to EXPLORED cells: [(937.5, 187.5), (437.5, 562.5), (937.5, 62.5)]...
[BAD_LEADER] Sending 5 robots to EXPLORED cells: [(187.5, 62.5), (1937.5, 687.5), (937.5, 687.5)]...
[BAD_LEADER] Sending 5 robots to EXPLORED cells: [(562.5, 937.5), (1812.5, 1187.5), (1937.5, 937.5)]...
[BAD_LEADER] Sending 5 robots to EXPLORED cells: [(62.5, 562.5), (1062.5, 937.5), (1062.5, 437.5)]...
[BAD_LEADER] Sending 5 robots to EXPLORED cells: [(1187.5, 62.5), (687.5, 812.5), (1062.5, 937.5)]...
[BAD_LEADER] Sending 5 robots to EXPLORED cells: [(687.5, 187.5), (1812.5, 312.5), (187.5, 812.5)]...
[BAD_LEADER] Sending 5 robots to EXPLORED cells: [(1312.5, 1062.5), (187.5, 1312.5), (1937.5, 62.5)]...
[BAD_LEADER] Sending 5 robots to EXPLORED cells: [(1562.5, 687.5), (437.5, 312.5), (1187.5, 1437.5)]...
[BAD_LEADER] Sending 5 robots to EXPLORED cells: [(312.5, 1187.5), (1562.5, 437.5), (1687.5, 437.5)]...
[R1] pos=(1027,432) state=leader leader=1 trust=1.00 susp=0.00 cov=32.8%/100.0%
[BAD_LEADER] Sending 5 robots to EXPLORED cells: [(1062.5, 1062.5), (812.5, 687.5), (312.5, 937.5)]...
[BAD_LEADER] Sending 5 robots to EXPLORED cells: [(1437.5, 812.5), (1312.5, 562.5), (562.5, 312.5)]...
[BAD_LEADER] Sending 5 robots to EXPLORED cells: [(1187.5, 1437.5), (1812.5, 937.5), (1562.5, 562.5)]...
[BAD_LEADER] Sending 5 robots to EXPLORED cells: [(1687.5, 562.5), (1687.5, 562.5), (1312.5, 812.5)]...
[BAD_LEADER] Sending 5 robots to EXPLORED cells: [(1187.5, 1312.5), (1062.5, 937.5), (1562.5, 437.5)]...
[BAD_LEADER] Sending 5 robots to EXPLORED cells: [(1437.5, 562.5), (62.5, 562.5), (1437.5, 1437.5)]...
[BAD_LEADER] Sending 5 robots to EXPLORED cells: [(812.5, 812.5), (562.5, 1062.5), (1312.5, 437.5)]...
[BAD_LEADER] Sending 5 robots to EXPLORED cells: [(1062.5, 312.5), (1562.5, 1312.5), (62.5, 1312.5)]...
[BAD_LEADER] Sending 5 robots to EXPLORED cells: [(687.5, 687.5), (1062.5, 312.5), (1062.5, 437.5)]...
[BAD_LEADER] Sending 5 robots to EXPLORED cells: [(812.5, 437.5), (187.5, 437.5), (1187.5, 1187.5)]...
[R1] pos=(1320,641) state=leader leader=1 trust=1.00 susp=0.00 cov=33.9%/100.0%
[BAD_LEADER] Sending 5 robots to EXPLORED cells: [(1937.5, 1187.5), (1687.5, 1312.5), (1562.5, 812.5)]...
[BAD_LEADER] Sending 5 robots to EXPLORED cells: [(62.5, 1187.5), (312.5, 62.5), (1812.5, 1437.5)]...
[BAD_LEADER] Sending 5 robots to EXPLORED cells: [(937.5, 687.5), (437.5, 812.5), (562.5, 1312.5)]...
[BAD_LEADER] Sending 5 robots to EXPLORED cells: [(1562.5, 312.5), (1437.5, 1062.5), (1187.5, 312.5)]...
[BAD_LEADER] Sending 5 robots to EXPLORED cells: [(1812.5, 1437.5), (1562.5, 1062.5), (312.5, 687.5)]...
[BAD_LEADER] Sending 5 robots to EXPLORED cells: [(1562.5, 1062.5), (1312.5, 187.5), (62.5, 1437.5)]...
[BAD_LEADER] Sending 5 robots to EXPLORED cells: [(1687.5, 812.5), (1937.5, 437.5), (937.5, 1437.5)]...
[BAD_LEADER] Sending 5 robots to EXPLORED cells: [(1812.5, 562.5), (812.5, 1187.5), (1937.5, 687.5)]...
[BAD_LEADER] Sending 5 robots to EXPLORED cells: [(1562.5, 62.5), (1812.5, 937.5), (1187.5, 937.5)]...
[R1] pos=(1320,641) state=leader leader=1 trust=1.00 susp=0.00 cov=33.9%/100.0%
[BAD_LEADER] Sending 5 robots to EXPLORED cells: [(1187.5, 1312.5), (562.5, 562.5), (812.5, 1437.5)]...
[BAD_LEADER] Sending 5 robots to EXPLORED cells: [(1062.5, 1437.5), (1937.5, 1062.5), (1437.5, 562.5)]...
[BAD_LEADER] Sending 5 robots to EXPLORED cells: [(812.5, 437.5), (1312.5, 1187.5), (937.5, 562.5)]...
[BAD_LEADER] Sending 5 robots to EXPLORED cells: [(1437.5, 1437.5), (937.5, 812.5), (937.5, 1062.5)]...
[BAD_LEADER] Sending 5 robots to EXPLORED cells: [(62.5, 937.5), (1687.5, 937.5), (1062.5, 62.5)]...
[BAD_LEADER] Sending 5 robots to EXPLORED cells: [(1062.5, 312.5), (937.5, 562.5), (62.5, 312.5)]...
[BAD_LEADER] Sending 5 robots to EXPLORED cells: [(1812.5, 1312.5), (187.5, 937.5), (937.5, 937.5)]...
[BAD_LEADER] Sending 5 robots to EXPLORED cells: [(1937.5, 1187.5), (1062.5, 687.5), (1312.5, 1187.5)]...
[BAD_LEADER] Sending 5 robots to EXPLORED cells: [(562.5, 1437.5), (1062.5, 562.5), (312.5, 687.5)]...
[BAD_LEADER] Sending 5 robots to EXPLORED cells: [(687.5, 437.5), (562.5, 1062.5), (1562.5, 937.5)]...
[ELECTION] New leader: 4
[R1] pos=(1334,627) state=follower leader=4 trust=1.00 susp=0.00 cov=33.9%/100.0%
[R1] pos=(1179,790) state=follower leader=4 trust=1.00 susp=0.00 cov=34.4%/100.0%
[R1] pos=(1179,790) state=follower leader=4 trust=1.00 susp=0.00 cov=34.4%/100.0%
[R1] pos=(692,1302) state=follower leader=4 trust=1.00 susp=0.00 cov=36.5%/100.0%
[R1] pos=(558,1425) state=follower leader=4 trust=1.00 susp=0.00 cov=37.0%/100.0%
[R1] pos=(558,1425) state=follower leader=4 trust=1.00 susp=0.00 cov=37.0%/100.0%
[R1] pos=(558,1425) state=follower leader=4 trust=1.00 susp=0.00 cov=37.0%/100.0%
[R1] pos=(558,1425) state=follower leader=4 trust=1.00 susp=0.00 cov=37.0%/100.0%
[R1] pos=(558,1425) state=follower leader=4 trust=1.00 susp=0.00 cov=37.0%/100.0%
[R1] pos=(558,1425) state=follower leader=4 trust=1.00 susp=0.00 cov=37.0%/100.0%
[R1] pos=(558,1425) state=follower leader=4 trust=1.00 susp=0.00 cov=37.0%/100.0%
[R1] pos=(558,1425) state=follower leader=4 trust=1.00 susp=0.00 cov=37.0%/100.0%
[R1] pos=(558,1425) state=follower leader=4 trust=1.00 susp=0.00 cov=37.0%/100.0%
[R1] pos=(558,1425) state=follower leader=4 trust=1.00 susp=0.00 cov=37.0%/100.0%
[R1] pos=(558,1425) state=follower leader=4 trust=1.00 susp=0.00 cov=37.0%/100.0%
[R1] pos=(558,1425) state=follower leader=4 trust=1.00 susp=0.00 cov=37.0%/100.0%
[R1] pos=(558,1425) state=follower leader=4 trust=1.00 susp=0.00 cov=37.0%/100.0%
[R1] pos=(558,1425) state=follower leader=4 trust=1.00 susp=0.00 cov=37.0%/100.0%
[R1] pos=(558,1425) state=follower leader=4 trust=1.00 susp=0.00 cov=37.0%/100.0%
[R1] pos=(558,1425) state=follower leader=4 trust=1.00 susp=0.00 cov=37.0%/100.0%
[R1] pos=(558,1425) state=follower leader=4 trust=1.00 susp=0.00 cov=37.0%/100.0%
[R1] pos=(558,1425) state=follower leader=4 trust=1.00 susp=0.00 cov=37.0%/100.0%
[R1] pos=(558,1425) state=follower leader=4 trust=1.00 susp=0.00 cov=37.0%/100.0%
[R1] pos=(558,1425) state=follower leader=4 trust=1.00 susp=0.00 cov=37.0%/100.0%
[R1] pos=(558,1425) state=follower leader=4 trust=1.00 susp=0.00 cov=37.0%/100.0%
[R1] pos=(558,1425) state=follower leader=4 trust=1.00 susp=0.00 cov=37.0%/100.0%
[R1] pos=(558,1425) state=follower leader=4 trust=1.00 susp=0.00 cov=37.0%/100.0%
[R1] pos=(558,1425) state=follower leader=4 trust=1.00 susp=0.00 cov=37.0%/100.0%
[R1] pos=(558,1425) state=follower leader=4 trust=1.00 susp=0.00 cov=37.0%/100.0%
[R1] pos=(558,1425) state=follower leader=4 trust=1.00 susp=0.00 cov=37.0%/100.0%
[R1] pos=(558,1425) state=follower leader=4 trust=1.00 susp=0.00 cov=37.0%/100.0%
[R1] pos=(558,1425) state=follower leader=4 trust=1.00 susp=0.00 cov=37.0%/100.0%
[R1] pos=(558,1425) state=follower leader=4 trust=1.00 susp=0.00 cov=37.0%/100.0%
[R1] pos=(558,1425) state=follower leader=4 trust=1.00 susp=0.00 cov=37.0%/100.0%
[R1] pos=(558,1425) state=follower leader=4 trust=1.00 susp=0.00 cov=37.0%/100.0%
[R1] pos=(558,1425) state=follower leader=4 trust=1.00 susp=0.00 cov=37.0%/100.0%
[R1] pos=(558,1425) state=follower leader=4 trust=1.00 susp=0.00 cov=37.0%/100.0%
[R1] pos=(558,1425) state=follower leader=4 trust=1.00 susp=0.00 cov=37.0%/100.0%
[R1] pos=(558,1425) state=follower leader=4 trust=1.00 susp=0.00 cov=37.0%/100.0%
[R1] pos=(558,1425) state=follower leader=4 trust=1.00 susp=0.00 cov=37.0%/100.0%
