[WARN] Hardware modules not available - simulation mode
=== RAFT Baseline - Robot 3 [SIM] ===
NO TRUST. Heartbeat timeout only.

  Logging to: logs/raft_3_20260227_181911.jsonl
Initializing hardware...
  Hardware: SIMULATED
[INFO] Position socket listening on port 6103
[INFO] Peer socket listening on port 6203
[INFO] Fault socket listening on port 6303
Ready!

Running RAFT baseline... Press Ctrl+C to stop

[R3] state=follower leader=None term=0 cov=0.0%/0.0%
[R3] state=follower leader=4 term=1 cov=0.5%/0.5%
[R3] state=follower leader=4 term=1 cov=3.1%/8.3%
[R3] state=follower leader=4 term=1 cov=4.7%/13.5%
[R3] state=follower leader=4 term=1 cov=6.8%/20.8%
[R3] state=follower leader=4 term=1 cov=7.8%/28.6%
[R3] state=follower leader=4 term=1 cov=7.8%/32.8%
[R3] state=follower leader=4 term=1 cov=7.8%/35.9%
[R3] state=follower leader=4 term=1 cov=7.8%/38.5%
[R3] state=follower leader=4 term=1 cov=7.8%/40.1%
[R3] state=follower leader=4 term=1 cov=7.8%/42.7%
[R3] state=follower leader=4 term=1 cov=10.4%/45.8%
[R3] state=follower leader=4 term=1 cov=12.0%/49.5%
[R3] state=follower leader=4 term=1 cov=12.5%/52.6%
[R3] state=follower leader=4 term=1 cov=12.5%/53.6%
[R3] state=follower leader=4 term=1 cov=12.5%/55.7%
[R3] state=follower leader=4 term=1 cov=12.5%/57.8%
[R3] state=follower leader=2 term=2 cov=13.0%/58.9%
[R3] state=follower leader=2 term=2 cov=16.1%/60.9%
[R3] state=follower leader=2 term=2 cov=16.7%/63.5%
[R3] state=follower leader=2 term=2 cov=16.7%/66.1%
[R3] state=follower leader=2 term=2 cov=16.7%/67.7%
[R3] state=follower leader=2 term=2 cov=16.7%/69.8%
[R3] state=follower leader=2 term=2 cov=16.7%/72.4%
[R3] state=follower leader=2 term=2 cov=16.7%/74.5%
[R3] state=follower leader=2 term=2 cov=16.7%/77.1%
[R3] state=follower leader=2 term=2 cov=16.7%/79.7%
[R3] state=follower leader=2 term=2 cov=16.7%/81.8%
[R3] state=follower leader=2 term=2 cov=16.7%/83.9%
[R3] state=follower leader=2 term=2 cov=16.7%/85.9%
[R3] state=follower leader=2 term=2 cov=16.7%/88.0%
[R3] state=follower leader=2 term=2 cov=16.7%/90.1%
[R3] state=follower leader=2 term=2 cov=18.2%/92.7%
[R3] state=follower leader=2 term=2 cov=18.8%/94.8%
[R3] state=follower leader=2 term=2 cov=18.8%/96.4%
[R3] state=follower leader=2 term=2 cov=18.8%/97.9%
[R3] state=follower leader=2 term=2 cov=18.8%/98.4%
[R3] state=follower leader=2 term=2 cov=18.8%/98.4%
[R3] state=follower leader=2 term=2 cov=18.8%/98.4%
[R3] state=follower leader=2 term=2 cov=18.8%/98.4%
[R3] state=follower leader=2 term=2 cov=18.8%/98.4%
[R3] state=follower leader=2 term=2 cov=18.8%/98.4%
[R3] state=follower leader=2 term=2 cov=18.8%/98.4%
[R3] state=follower leader=2 term=2 cov=18.8%/98.4%
[R3] state=follower leader=2 term=2 cov=18.8%/98.4%
[R3] state=follower leader=2 term=2 cov=18.8%/98.4%
[R3] state=follower leader=2 term=2 cov=18.8%/98.4%
[R3] state=follower leader=2 term=2 cov=18.8%/98.4%
[R3] state=follower leader=2 term=2 cov=18.8%/98.4%
[R3] state=follower leader=2 term=2 cov=18.8%/98.4%
[R3] state=follower leader=2 term=2 cov=18.8%/98.4%
[R3] state=follower leader=2 term=2 cov=18.8%/98.4%
[R3] state=follower leader=2 term=2 cov=18.8%/98.4%
[R3] state=follower leader=2 term=2 cov=18.8%/98.4%
[R3] state=follower leader=2 term=2 cov=18.8%/98.4%
[R3] state=follower leader=2 term=2 cov=18.8%/98.4%
[R3] state=follower leader=2 term=2 cov=18.8%/98.4%
[R3] state=follower leader=2 term=2 cov=18.8%/98.4%
[R3] state=follower leader=2 term=2 cov=18.8%/98.4%
[R3] state=follower leader=2 term=2 cov=18.8%/98.4%
[R3] state=follower leader=2 term=2 cov=18.8%/98.4%
[R3] state=follower leader=2 term=2 cov=18.8%/98.4%
[R3] state=follower leader=2 term=2 cov=18.8%/98.4%
[R3] state=follower leader=2 term=2 cov=18.8%/98.4%
[R3] state=follower leader=2 term=2 cov=18.8%/98.4%
[R3] state=follower leader=2 term=2 cov=18.8%/98.4%
