[WARN] Hardware modules not available - running in simulation mode
=== REIP Node - Robot 3 [SIM (unique ports)] ===
Trust Model: Three-tier confidence-weighted
  Personal: 1.0, ToF: 1.0, Peer: 0.3
  Suspicion threshold: 1.5, Recovery: 0.1

  Logging to: logs/robot_3_20260226_183740.jsonl
Initializing hardware...
  Hardware: SIMULATED
[INFO] Position socket listening on port 11103
[INFO] Peer socket listening on port 11203
[INFO] Fault socket listening on port 11303
Ready!

=== DECENTRALIZED MODE - No leader coordination ===
=== Detection Bounds: T1=2 cmds, T3=8 cmds | Impeachment: T1=8 cmds, T3=32 cmds ===
Running... Press Ctrl+C to stop

[R3] pos=(0,0) state=exploring leader=None trust=1.00 susp=0.00 cov=0.0%/0.0%
[R3] pos=(606,1076) state=exploring leader=None trust=1.00 susp=0.00 cov=0.5%/0.5%
[R3] pos=(186,730) state=exploring leader=None trust=1.00 susp=0.00 cov=3.6%/18.2%
[R3] pos=(178,287) state=exploring leader=None trust=1.00 susp=0.00 cov=5.7%/31.8%
[R3] pos=(569,447) state=exploring leader=None trust=1.00 susp=0.00 cov=9.4%/43.2%
[R3] pos=(885,521) state=exploring leader=None trust=1.00 susp=0.00 cov=12.5%/52.6%
[R3] pos=(1185,769) state=exploring leader=None trust=1.00 susp=0.00 cov=15.6%/66.1%
[R3] pos=(1579,815) state=exploring leader=None trust=1.00 susp=0.00 cov=18.8%/78.6%
[R3] pos=(1925,316) state=exploring leader=None trust=1.00 susp=0.00 cov=22.9%/89.1%
[R3] pos=(1925,493) state=exploring leader=None trust=1.00 susp=0.00 cov=24.5%/96.9%
[R3] pos=(1925,1425) state=exploring leader=None trust=1.00 susp=0.00 cov=28.6%/100.0%
[R3] pos=(1925,1425) state=exploring leader=None trust=1.00 susp=0.00 cov=28.6%/100.0%
[R3] pos=(1925,1425) state=exploring leader=None trust=1.00 susp=0.00 cov=28.6%/100.0%
[R3] pos=(1925,1425) state=exploring leader=None trust=1.00 susp=0.00 cov=28.6%/100.0%
[R3] pos=(1925,1425) state=exploring leader=None trust=1.00 susp=0.00 cov=28.6%/100.0%
[R3] pos=(1925,1425) state=exploring leader=None trust=1.00 susp=0.00 cov=28.6%/100.0%
[R3] pos=(1925,1425) state=exploring leader=None trust=1.00 susp=0.00 cov=28.6%/100.0%
[R3] pos=(1925,1425) state=exploring leader=None trust=1.00 susp=0.00 cov=28.6%/100.0%
[R3] pos=(1925,1425) state=exploring leader=None trust=1.00 susp=0.00 cov=28.6%/100.0%
[R3] pos=(1925,1425) state=exploring leader=None trust=1.00 susp=0.00 cov=28.6%/100.0%
[R3] pos=(1925,1425) state=exploring leader=None trust=1.00 susp=0.00 cov=28.6%/100.0%
[R3] pos=(1925,1425) state=exploring leader=None trust=1.00 susp=0.00 cov=28.6%/100.0%
[R3] pos=(1925,1425) state=exploring leader=None trust=1.00 susp=0.00 cov=28.6%/100.0%
[R3] pos=(1925,1425) state=exploring leader=None trust=1.00 susp=0.00 cov=28.6%/100.0%
[R3] pos=(1925,1425) state=exploring leader=None trust=1.00 susp=0.00 cov=28.6%/100.0%
[R3] pos=(1925,1425) state=exploring leader=None trust=1.00 susp=0.00 cov=28.6%/100.0%
[R3] pos=(1925,1425) state=exploring leader=None trust=1.00 susp=0.00 cov=28.6%/100.0%
[R3] pos=(1925,1425) state=exploring leader=None trust=1.00 susp=0.00 cov=28.6%/100.0%
[R3] pos=(1925,1425) state=exploring leader=None trust=1.00 susp=0.00 cov=28.6%/100.0%
[R3] pos=(1925,1425) state=exploring leader=None trust=1.00 susp=0.00 cov=28.6%/100.0%
[R3] pos=(1925,1425) state=exploring leader=None trust=1.00 susp=0.00 cov=28.6%/100.0%
[R3] pos=(1925,1425) state=exploring leader=None trust=1.00 susp=0.00 cov=28.6%/100.0%
[R3] pos=(1925,1425) state=exploring leader=None trust=1.00 susp=0.00 cov=28.6%/100.0%
[R3] pos=(1925,1425) state=exploring leader=None trust=1.00 susp=0.00 cov=28.6%/100.0%
[R3] pos=(1925,1425) state=exploring leader=None trust=1.00 susp=0.00 cov=28.6%/100.0%
[R3] pos=(1925,1425) state=exploring leader=None trust=1.00 susp=0.00 cov=28.6%/100.0%
[R3] pos=(1925,1425) state=exploring leader=None trust=1.00 susp=0.00 cov=28.6%/100.0%
[R3] pos=(1925,1425) state=exploring leader=None trust=1.00 susp=0.00 cov=28.6%/100.0%
[R3] pos=(1925,1425) state=exploring leader=None trust=1.00 susp=0.00 cov=28.6%/100.0%
[R3] pos=(1925,1425) state=exploring leader=None trust=1.00 susp=0.00 cov=28.6%/100.0%
[R3] pos=(1925,1425) state=exploring leader=None trust=1.00 susp=0.00 cov=28.6%/100.0%
[R3] pos=(1925,1425) state=exploring leader=None trust=1.00 susp=0.00 cov=28.6%/100.0%
[R3] pos=(1925,1425) state=exploring leader=None trust=1.00 susp=0.00 cov=28.6%/100.0%
[R3] pos=(1925,1425) state=exploring leader=None trust=1.00 susp=0.00 cov=28.6%/100.0%
[R3] pos=(1925,1425) state=exploring leader=None trust=1.00 susp=0.00 cov=28.6%/100.0%
[R3] pos=(1925,1425) state=exploring leader=None trust=1.00 susp=0.00 cov=28.6%/100.0%
[R3] pos=(1925,1425) state=exploring leader=None trust=1.00 susp=0.00 cov=28.6%/100.0%
[R3] pos=(1925,1425) state=exploring leader=None trust=1.00 susp=0.00 cov=28.6%/100.0%
[R3] pos=(1925,1425) state=exploring leader=None trust=1.00 susp=0.00 cov=28.6%/100.0%
[R3] pos=(1925,1425) state=exploring leader=None trust=1.00 susp=0.00 cov=28.6%/100.0%
[R3] pos=(1925,1425) state=exploring leader=None trust=1.00 susp=0.00 cov=28.6%/100.0%
[R3] pos=(1925,1425) state=exploring leader=None trust=1.00 susp=0.00 cov=28.6%/100.0%
[R3] pos=(1925,1425) state=exploring leader=None trust=1.00 susp=0.00 cov=28.6%/100.0%
[R3] pos=(1925,1425) state=exploring leader=None trust=1.00 susp=0.00 cov=28.6%/100.0%
[R3] pos=(1925,1425) state=exploring leader=None trust=1.00 susp=0.00 cov=28.6%/100.0%
[R3] pos=(1925,1425) state=exploring leader=None trust=1.00 susp=0.00 cov=28.6%/100.0%
[R3] pos=(1925,1425) state=exploring leader=None trust=1.00 susp=0.00 cov=28.6%/100.0%
[R3] pos=(1925,1425) state=exploring leader=None trust=1.00 susp=0.00 cov=28.6%/100.0%
[R3] pos=(1925,1425) state=exploring leader=None trust=1.00 susp=0.00 cov=28.6%/100.0%
[R3] pos=(1925,1425) state=exploring leader=None trust=1.00 susp=0.00 cov=28.6%/100.0%
[R3] pos=(1925,1425) state=exploring leader=None trust=1.00 susp=0.00 cov=28.6%/100.0%
