[WARN] Hardware modules not available - running in simulation mode
=== REIP Node - Robot 4 [SIM (unique ports)] ===
Trust Model: Three-tier confidence-weighted
  Personal: 1.0, ToF: 1.0, Peer: 0.3
  Suspicion threshold: 1.5, Recovery: 0.1

  Logging to: logs/robot_4_20260226_212307.jsonl
Initializing hardware...
  Hardware: SIMULATED
[INFO] Position socket listening on port 14104
[INFO] Peer socket listening on port 14204
[INFO] Fault socket listening on port 14304
Ready!

=== Detection Bounds: T1=2 cmds, T3=8 cmds | Impeachment: T1=8 cmds, T3=32 cmds ===
Running... Press Ctrl+C to stop

[ELECTION] New leader: 4
[R4] pos=(0,0) state=leader leader=4 trust=1.00 susp=0.00 cov=0.0%/0.0%
[ELECTION] New leader: 1
[R4] pos=(732,190) state=follower leader=1 trust=1.00 susp=0.00 cov=0.5%/0.5%
[R4] pos=(740,75) state=follower leader=1 trust=1.00 susp=0.00 cov=2.1%/13.5%
[R4] pos=(858,378) state=follower leader=1 trust=1.00 susp=0.00 cov=4.7%/22.9%
[R4] pos=(921,495) state=follower leader=1 trust=1.00 susp=0.00 cov=6.2%/31.2%
[R4] pos=(921,562) state=follower leader=1 trust=1.00 susp=0.00 cov=6.2%/38.5%
[R4] pos=(921,598) state=follower leader=1 trust=1.00 susp=0.00 cov=6.8%/43.2%
[R4] pos=(921,531) state=follower leader=1 trust=1.00 susp=0.00 cov=6.8%/45.8%
[R4] pos=(920,662) state=follower leader=1 trust=1.00 susp=0.00 cov=6.8%/46.9%
[R4] pos=(920,662) state=follower leader=1 trust=1.00 susp=0.00 cov=6.8%/46.9%
[R4] pos=(920,662) state=follower leader=1 trust=1.00 susp=0.00 cov=6.8%/46.9%
[R4] pos=(920,662) state=follower leader=1 trust=1.00 susp=0.00 cov=6.8%/46.9%
[R4] pos=(920,662) state=follower leader=1 trust=1.00 susp=0.00 cov=6.8%/46.9%
[R4] pos=(920,662) state=follower leader=1 trust=1.00 susp=0.00 cov=6.8%/46.9%
[R4] pos=(920,662) state=follower leader=1 trust=1.00 susp=0.00 cov=6.8%/46.9%
[R4] pos=(920,662) state=follower leader=1 trust=1.00 susp=0.00 cov=6.8%/46.9%
[R4] pos=(920,662) state=follower leader=1 trust=1.00 susp=0.00 cov=6.8%/46.9%
[R4] pos=(920,687) state=follower leader=1 trust=1.00 susp=0.00 cov=6.8%/47.4%
[R4] pos=(920,688) state=follower leader=1 trust=1.00 susp=0.00 cov=7.3%/49.0%
[R4] pos=(920,659) state=follower leader=1 trust=1.00 susp=0.00 cov=7.3%/50.5%
[R4] pos=(920,664) state=follower leader=1 trust=1.00 susp=0.00 cov=7.3%/53.1%
[R4] pos=(919,735) state=follower leader=1 trust=1.00 susp=0.00 cov=7.3%/57.3%
[R4] pos=(919,721) state=follower leader=1 trust=1.00 susp=0.00 cov=7.3%/62.0%
[R4] pos=(919,679) state=follower leader=1 trust=1.00 susp=0.00 cov=7.3%/66.7%
[R4] pos=(919,587) state=follower leader=1 trust=1.00 susp=0.00 cov=7.3%/70.3%
[R4] pos=(919,690) state=follower leader=1 trust=1.00 susp=0.00 cov=7.3%/76.0%
[R4] pos=(919,649) state=follower leader=1 trust=1.00 susp=0.00 cov=7.3%/79.7%
[R4] pos=(919,688) state=follower leader=1 trust=1.00 susp=0.00 cov=7.3%/83.9%
[R4] pos=(919,700) state=follower leader=1 trust=1.00 susp=0.00 cov=7.3%/88.5%
[R4] pos=(919,586) state=follower leader=1 trust=1.00 susp=0.00 cov=7.3%/92.7%
[R4] pos=(919,692) state=follower leader=1 trust=1.00 susp=0.00 cov=7.3%/95.3%
[R4] pos=(919,789) state=follower leader=1 trust=1.00 susp=0.00 cov=7.3%/97.4%
[R4] pos=(919,699) state=follower leader=1 trust=1.00 susp=0.00 cov=7.3%/99.0%
[R4] pos=(919,687) state=follower leader=1 trust=1.00 susp=0.00 cov=7.3%/99.5%
[R4] pos=(919,701) state=follower leader=1 trust=1.00 susp=0.00 cov=7.3%/100.0%
[R4] pos=(919,687) state=follower leader=1 trust=1.00 susp=0.00 cov=7.3%/100.0%
[R4] pos=(919,691) state=follower leader=1 trust=1.00 susp=0.00 cov=7.3%/100.0%
[R4] pos=(919,641) state=follower leader=1 trust=1.00 susp=0.00 cov=7.3%/100.0%
[R4] pos=(919,688) state=follower leader=1 trust=1.00 susp=0.00 cov=7.3%/100.0%
[R4] pos=(918,700) state=follower leader=1 trust=1.00 susp=0.00 cov=7.3%/100.0%
[R4] pos=(918,789) state=follower leader=1 trust=1.00 susp=0.00 cov=7.3%/100.0%
[R4] pos=(918,684) state=follower leader=1 trust=1.00 susp=0.00 cov=7.3%/100.0%
[R4] pos=(918,647) state=follower leader=1 trust=1.00 susp=0.00 cov=7.3%/100.0%
[R4] pos=(918,688) state=follower leader=1 trust=1.00 susp=0.00 cov=7.3%/100.0%
[R4] pos=(918,674) state=follower leader=1 trust=1.00 susp=0.00 cov=7.3%/100.0%
[R4] pos=(918,787) state=follower leader=1 trust=1.00 susp=0.00 cov=7.3%/100.0%
[R4] pos=(918,684) state=follower leader=1 trust=1.00 susp=0.00 cov=7.3%/100.0%
[R4] pos=(918,729) state=follower leader=1 trust=1.00 susp=0.00 cov=7.3%/100.0%
[R4] pos=(918,688) state=follower leader=1 trust=1.00 susp=0.00 cov=7.3%/100.0%
[R4] pos=(918,579) state=follower leader=1 trust=1.00 susp=0.00 cov=7.3%/100.0%
[R4] pos=(918,640) state=follower leader=1 trust=1.00 susp=0.00 cov=7.3%/100.0%
[R4] pos=(918,644) state=follower leader=1 trust=1.00 susp=0.00 cov=7.3%/100.0%
[R4] pos=(918,726) state=follower leader=1 trust=1.00 susp=0.00 cov=7.3%/100.0%
[R4] pos=(918,688) state=follower leader=1 trust=1.00 susp=0.00 cov=7.3%/100.0%
[R4] pos=(918,702) state=follower leader=1 trust=1.00 susp=0.00 cov=7.3%/100.0%
[R4] pos=(918,679) state=follower leader=1 trust=1.00 susp=0.00 cov=7.3%/100.0%
[R4] pos=(918,726) state=follower leader=1 trust=1.00 susp=0.00 cov=7.3%/100.0%
[R4] pos=(918,688) state=follower leader=1 trust=1.00 susp=0.00 cov=7.3%/100.0%
[R4] pos=(918,676) state=follower leader=1 trust=1.00 susp=0.00 cov=7.3%/100.0%
[R4] pos=(918,795) state=follower leader=1 trust=1.00 susp=0.00 cov=7.3%/100.0%
[R4] pos=(918,684) state=follower leader=1 trust=1.00 susp=0.00 cov=7.3%/100.0%
