[WARN] Hardware modules not available - running in simulation mode
=== REIP Node - Robot 3 [SIM (unique ports)] ===
Trust Model: Three-tier confidence-weighted
  Personal: 1.0, ToF: 1.0, Peer: 0.3
  Suspicion threshold: 1.5, Recovery: 0.1

  Logging to: logs/robot_3_20260226_002008.jsonl
Initializing hardware...
  Hardware: SIMULATED
[INFO] Position socket listening on port 7103
[INFO] Peer socket listening on port 7203
[INFO] Fault socket listening on port 7303
Ready!

=== DECENTRALIZED MODE - No leader coordination ===
=== Detection Bounds: T1=2 cmds, T3=8 cmds | Impeachment: T1=8 cmds, T3=32 cmds ===
Running... Press Ctrl+C to stop

[R3] pos=(0,0) state=exploring leader=None trust=1.00 susp=0.00 cov=0.0%/0.0%
[R3] pos=(606,1076) state=exploring leader=None trust=1.00 susp=0.00 cov=0.5%/0.5%
[R3] pos=(472,947) state=exploring leader=None trust=1.00 susp=0.00 cov=1.6%/7.8%
[R3] pos=(236,916) state=exploring leader=None trust=1.00 susp=0.00 cov=2.6%/12.5%
[R3] pos=(186,717) state=exploring leader=None trust=1.00 susp=0.00 cov=3.6%/17.7%
[R3] pos=(187,467) state=exploring leader=None trust=1.00 susp=0.00 cov=4.7%/23.4%
[R3] pos=(185,263) state=exploring leader=None trust=1.00 susp=0.00 cov=5.2%/27.6%
[R3] pos=(262,78) state=exploring leader=None trust=1.00 susp=0.00 cov=6.8%/33.3%
[R3] pos=(499,75) state=exploring leader=None trust=1.00 susp=0.00 cov=7.3%/37.0%
[R3] pos=(694,102) state=exploring leader=None trust=1.00 susp=0.00 cov=8.3%/40.6%
[R3] pos=(938,75) state=exploring leader=None trust=1.00 susp=0.00 cov=9.4%/44.8%
[R3] pos=(1160,75) state=exploring leader=None trust=1.00 susp=0.00 cov=10.4%/50.0%
[R3] pos=(1386,75) state=exploring leader=None trust=1.00 susp=0.00 cov=11.5%/54.2%
[R3] pos=(1633,75) state=exploring leader=None trust=1.00 susp=0.00 cov=12.5%/58.3%
[R3] pos=(1801,147) state=exploring leader=None trust=1.00 susp=0.00 cov=13.5%/63.0%
[R3] pos=(1812,396) state=exploring leader=None trust=1.00 susp=0.00 cov=14.6%/67.2%
[R3] pos=(1713,559) state=exploring leader=None trust=1.00 susp=0.00 cov=15.6%/72.4%
[R3] pos=(1488,562) state=exploring leader=None trust=1.00 susp=0.00 cov=16.7%/77.1%
[R3] pos=(1238,562) state=exploring leader=None trust=1.00 susp=0.00 cov=17.7%/81.2%
[R3] pos=(1302,735) state=exploring leader=None trust=1.00 susp=0.00 cov=18.2%/84.4%
[R3] pos=(1427,758) state=exploring leader=None trust=1.00 susp=0.00 cov=19.8%/86.5%
[R3] pos=(1535,953) state=exploring leader=None trust=1.00 susp=0.00 cov=20.3%/88.0%
[R3] pos=(1658,986) state=exploring leader=None trust=1.00 susp=0.00 cov=21.9%/90.1%
[R3] pos=(1769,847) state=exploring leader=None trust=1.00 susp=0.00 cov=22.9%/91.7%
[R3] pos=(1906,851) state=exploring leader=None trust=1.00 susp=0.00 cov=23.4%/92.7%
[R3] pos=(1925,1044) state=exploring leader=None trust=1.00 susp=0.00 cov=24.5%/95.3%
[R3] pos=(1925,1291) state=exploring leader=None trust=1.00 susp=0.00 cov=25.5%/97.4%
[R3] pos=(1818,1384) state=exploring leader=None trust=1.00 susp=0.00 cov=26.6%/99.5%
[R3] pos=(1925,1425) state=exploring leader=None trust=1.00 susp=0.00 cov=27.1%/100.0%
[R3] pos=(1925,1425) state=exploring leader=None trust=1.00 susp=0.00 cov=27.1%/100.0%
[R3] pos=(1925,1425) state=exploring leader=None trust=1.00 susp=0.00 cov=27.1%/100.0%
[R3] pos=(1925,1425) state=exploring leader=None trust=1.00 susp=0.00 cov=27.1%/100.0%
[R3] pos=(1925,1425) state=exploring leader=None trust=1.00 susp=0.00 cov=27.1%/100.0%
[R3] pos=(1925,1425) state=exploring leader=None trust=1.00 susp=0.00 cov=27.1%/100.0%
[R3] pos=(1925,1425) state=exploring leader=None trust=1.00 susp=0.00 cov=27.1%/100.0%
[R3] pos=(1925,1425) state=exploring leader=None trust=1.00 susp=0.00 cov=27.1%/100.0%
[R3] pos=(1925,1425) state=exploring leader=None trust=1.00 susp=0.00 cov=27.1%/100.0%
[R3] pos=(1925,1425) state=exploring leader=None trust=1.00 susp=0.00 cov=27.1%/100.0%
[R3] pos=(1925,1425) state=exploring leader=None trust=1.00 susp=0.00 cov=27.1%/100.0%
[R3] pos=(1925,1425) state=exploring leader=None trust=1.00 susp=0.00 cov=27.1%/100.0%
[R3] pos=(1925,1425) state=exploring leader=None trust=1.00 susp=0.00 cov=27.1%/100.0%
[R3] pos=(1925,1425) state=exploring leader=None trust=1.00 susp=0.00 cov=27.1%/100.0%
[R3] pos=(1925,1425) state=exploring leader=None trust=1.00 susp=0.00 cov=27.1%/100.0%
[R3] pos=(1925,1425) state=exploring leader=None trust=1.00 susp=0.00 cov=27.1%/100.0%
[R3] pos=(1925,1425) state=exploring leader=None trust=1.00 susp=0.00 cov=27.1%/100.0%
[R3] pos=(1925,1425) state=exploring leader=None trust=1.00 susp=0.00 cov=27.1%/100.0%
[R3] pos=(1925,1425) state=exploring leader=None trust=1.00 susp=0.00 cov=27.1%/100.0%
[R3] pos=(1925,1425) state=exploring leader=None trust=1.00 susp=0.00 cov=27.1%/100.0%
[R3] pos=(1925,1425) state=exploring leader=None trust=1.00 susp=0.00 cov=27.1%/100.0%
[R3] pos=(1925,1425) state=exploring leader=None trust=1.00 susp=0.00 cov=27.1%/100.0%
[R3] pos=(1925,1425) state=exploring leader=None trust=1.00 susp=0.00 cov=27.1%/100.0%
[R3] pos=(1925,1425) state=exploring leader=None trust=1.00 susp=0.00 cov=27.1%/100.0%
[R3] pos=(1925,1425) state=exploring leader=None trust=1.00 susp=0.00 cov=27.1%/100.0%
[R3] pos=(1925,1425) state=exploring leader=None trust=1.00 susp=0.00 cov=27.1%/100.0%
[R3] pos=(1925,1425) state=exploring leader=None trust=1.00 susp=0.00 cov=27.1%/100.0%
[R3] pos=(1925,1425) state=exploring leader=None trust=1.00 susp=0.00 cov=27.1%/100.0%
[R3] pos=(1925,1425) state=exploring leader=None trust=1.00 susp=0.00 cov=27.1%/100.0%
[R3] pos=(1925,1425) state=exploring leader=None trust=1.00 susp=0.00 cov=27.1%/100.0%
[R3] pos=(1925,1425) state=exploring leader=None trust=1.00 susp=0.00 cov=27.1%/100.0%
[R3] pos=(1925,1425) state=exploring leader=None trust=1.00 susp=0.00 cov=27.1%/100.0%
[R3] pos=(1925,1425) state=exploring leader=None trust=1.00 susp=0.00 cov=27.1%/100.0%
