[WARN] Hardware modules not available - simulation mode
=== RAFT Baseline - Robot 2 [SIM] ===
NO TRUST. Heartbeat timeout only.

  Logging to: logs/raft_2_20260227_181504.jsonl
Initializing hardware...
  Hardware: SIMULATED
[INFO] Position socket listening on port 6102
[INFO] Peer socket listening on port 6202
[INFO] Fault socket listening on port 6302
Ready!

Running RAFT baseline... Press Ctrl+C to stop

[R2] state=follower leader=None term=0 cov=0.0%/0.0%
[R2] state=follower leader=5 term=1 cov=0.5%/0.5%
[R2] state=follower leader=5 term=1 cov=3.1%/10.4%
[R2] state=follower leader=5 term=1 cov=4.7%/14.6%
[R2] state=follower leader=5 term=1 cov=5.7%/19.3%
[R2] state=follower leader=5 term=1 cov=6.8%/22.4%
[R2] state=follower leader=5 term=1 cov=8.3%/25.0%
[R2] state=follower leader=5 term=1 cov=8.9%/28.6%
[R2] state=follower leader=5 term=1 cov=9.4%/30.2%
[R2] state=follower leader=5 term=1 cov=9.4%/30.2%
[R2] state=follower leader=5 term=1 cov=9.4%/30.2%
[R2] state=follower leader=5 term=1 cov=9.4%/30.2%
[R2] state=follower leader=5 term=1 cov=9.4%/30.2%
[R2] state=follower leader=5 term=1 cov=9.4%/30.2%
[R2] state=follower leader=5 term=1 cov=9.4%/30.2%
[R2] state=follower leader=5 term=1 cov=9.4%/30.2%
[R2] state=follower leader=5 term=1 cov=9.9%/31.2%
[R2] state=follower leader=5 term=1 cov=9.9%/31.2%
[RAFT] Starting election, term 2
[R2] state=follower leader=4 term=3 cov=10.9%/32.8%
[R2] state=follower leader=4 term=3 cov=12.0%/35.4%
[R2] state=follower leader=4 term=3 cov=12.5%/37.0%
[R2] state=follower leader=4 term=3 cov=12.5%/38.5%
[R2] state=follower leader=4 term=3 cov=12.5%/39.6%
[R2] state=follower leader=4 term=3 cov=13.0%/41.1%
[R2] state=follower leader=4 term=3 cov=13.0%/41.7%
[R2] state=follower leader=4 term=3 cov=14.6%/44.3%
[R2] state=follower leader=4 term=3 cov=16.7%/46.9%
[R2] state=follower leader=4 term=3 cov=17.7%/48.4%
[R2] state=follower leader=4 term=3 cov=17.7%/48.4%
[R2] state=follower leader=4 term=3 cov=17.7%/48.4%
[R2] state=follower leader=4 term=3 cov=17.7%/48.4%
[R2] state=follower leader=4 term=3 cov=18.2%/49.5%
[R2] state=follower leader=4 term=3 cov=18.2%/50.0%
[R2] state=follower leader=4 term=3 cov=18.2%/50.0%
[R2] state=follower leader=4 term=3 cov=18.2%/50.0%
[R2] state=follower leader=4 term=3 cov=18.2%/50.0%
[R2] state=follower leader=4 term=3 cov=18.2%/50.0%
[R2] state=follower leader=4 term=3 cov=18.2%/50.0%
[R2] state=follower leader=4 term=3 cov=18.2%/50.0%
[R2] state=follower leader=4 term=3 cov=18.2%/50.0%
[R2] state=follower leader=4 term=3 cov=18.2%/50.0%
[R2] state=follower leader=4 term=3 cov=18.2%/50.0%
[R2] state=follower leader=4 term=3 cov=18.2%/50.0%
[R2] state=follower leader=4 term=3 cov=18.2%/50.0%
[R2] state=follower leader=4 term=3 cov=18.2%/50.0%
[R2] state=follower leader=4 term=3 cov=18.2%/50.0%
[R2] state=follower leader=4 term=3 cov=18.2%/50.5%
[R2] state=follower leader=4 term=3 cov=18.2%/50.5%
[R2] state=follower leader=4 term=3 cov=18.2%/50.5%
[R2] state=follower leader=4 term=3 cov=18.2%/53.1%
[R2] state=follower leader=4 term=3 cov=18.2%/54.2%
[R2] state=follower leader=4 term=3 cov=18.2%/55.2%
[R2] state=follower leader=4 term=3 cov=18.2%/56.2%
[R2] state=follower leader=4 term=3 cov=18.2%/57.8%
[R2] state=follower leader=4 term=3 cov=18.2%/58.9%
[R2] state=follower leader=4 term=3 cov=18.2%/59.9%
[R2] state=follower leader=4 term=3 cov=18.2%/60.9%
[R2] state=follower leader=4 term=3 cov=18.2%/62.5%
[R2] state=follower leader=4 term=3 cov=18.2%/64.6%
[R2] state=follower leader=4 term=3 cov=18.2%/66.7%
[R2] state=follower leader=4 term=3 cov=18.2%/68.8%
