[WARN] Hardware modules not available - simulation mode
=== RAFT Baseline - Robot 1 [SIM] ===
NO TRUST. Heartbeat timeout only.

  Logging to: logs/raft_1_20260226_212553.jsonl
Initializing hardware...
  Hardware: SIMULATED
[INFO] Position socket listening on port 17101
[INFO] Peer socket listening on port 17201
[INFO] Fault socket listening on port 17301
Ready!

Running RAFT baseline... Press Ctrl+C to stop

[R1] state=follower leader=None term=0 cov=0.0%/0.0%
[R1] state=follower leader=3 term=1 cov=0.5%/2.1%
[R1] state=follower leader=3 term=1 cov=2.6%/13.0%
[R1] state=follower leader=3 term=1 cov=4.7%/22.4%
[R1] state=follower leader=3 term=1 cov=6.8%/30.2%
[R1] state=follower leader=3 term=1 cov=8.9%/38.0%
[FAULT] BAD_LEADER mode - will send bad assignments (Raft CANNOT detect this)
[R1] state=follower leader=3 term=1 cov=11.5%/45.8%
[R1] state=follower leader=3 term=1 cov=12.0%/50.0%
[R1] state=follower leader=3 term=1 cov=12.0%/54.2%
[R1] state=follower leader=3 term=1 cov=12.0%/59.4%
[R1] state=follower leader=3 term=1 cov=12.0%/64.6%
[R1] state=follower leader=3 term=1 cov=12.0%/68.2%
[R1] state=follower leader=3 term=1 cov=13.0%/71.4%
[R1] state=follower leader=3 term=1 cov=13.0%/76.6%
[R1] state=follower leader=3 term=1 cov=13.0%/80.2%
[R1] state=follower leader=3 term=1 cov=13.0%/83.3%
[R1] state=follower leader=3 term=1 cov=13.5%/88.0%
[R1] state=follower leader=3 term=1 cov=14.6%/88.0%
[R1] state=follower leader=3 term=1 cov=14.6%/88.0%
[R1] state=follower leader=3 term=1 cov=14.6%/88.0%
[R1] state=follower leader=3 term=1 cov=14.6%/88.0%
[R1] state=follower leader=3 term=1 cov=14.6%/89.1%
[R1] state=follower leader=3 term=1 cov=14.6%/89.1%
[R1] state=follower leader=3 term=1 cov=14.6%/89.1%
[R1] state=follower leader=3 term=1 cov=14.6%/89.6%
[R1] state=follower leader=3 term=1 cov=14.6%/89.6%
[R1] state=follower leader=3 term=1 cov=14.6%/90.1%
[R1] state=follower leader=3 term=1 cov=14.6%/90.1%
[R1] state=follower leader=3 term=1 cov=14.6%/90.1%
[R1] state=follower leader=3 term=1 cov=14.6%/90.1%
[R1] state=follower leader=3 term=1 cov=14.6%/90.1%
[R1] state=follower leader=3 term=1 cov=14.6%/90.1%
[R1] state=follower leader=3 term=1 cov=14.6%/90.1%
[R1] state=follower leader=3 term=1 cov=14.6%/90.1%
[R1] state=follower leader=3 term=1 cov=14.6%/90.6%
[R1] state=follower leader=3 term=1 cov=14.6%/90.6%
[R1] state=follower leader=3 term=1 cov=14.6%/90.6%
[R1] state=follower leader=3 term=1 cov=14.6%/90.6%
[R1] state=follower leader=3 term=1 cov=14.6%/90.6%
[R1] state=follower leader=3 term=1 cov=14.6%/90.6%
[R1] state=follower leader=3 term=1 cov=14.6%/90.6%
[R1] state=follower leader=3 term=1 cov=14.6%/90.6%
[R1] state=follower leader=3 term=1 cov=14.6%/90.6%
[R1] state=follower leader=3 term=1 cov=14.6%/90.6%
[R1] state=follower leader=3 term=1 cov=14.6%/90.6%
[R1] state=follower leader=3 term=1 cov=14.6%/90.6%
[R1] state=follower leader=3 term=1 cov=14.6%/90.6%
[R1] state=follower leader=3 term=1 cov=14.6%/90.6%
[R1] state=follower leader=3 term=1 cov=14.6%/91.1%
[R1] state=follower leader=3 term=1 cov=14.6%/91.1%
[R1] state=follower leader=3 term=1 cov=14.6%/91.1%
[R1] state=follower leader=3 term=1 cov=14.6%/91.1%
[R1] state=follower leader=3 term=1 cov=14.6%/91.1%
[R1] state=follower leader=3 term=1 cov=14.6%/91.1%
[R1] state=follower leader=3 term=1 cov=14.6%/91.7%
[R1] state=follower leader=3 term=1 cov=14.6%/91.7%
[R1] state=follower leader=3 term=1 cov=14.6%/91.7%
[R1] state=follower leader=3 term=1 cov=14.6%/91.7%
[R1] state=follower leader=3 term=1 cov=14.6%/92.2%
[R1] state=follower leader=3 term=1 cov=14.6%/92.2%
[R1] state=follower leader=3 term=1 cov=14.6%/92.2%
