[WARN] Hardware modules not available - simulation mode
=== RAFT Baseline - Robot 4 [SIM] ===
NO TRUST. Heartbeat timeout only.

  Logging to: logs/raft_4_20260226_194442.jsonl
Initializing hardware...
  Hardware: SIMULATED
[INFO] Position socket listening on port 12104
[INFO] Peer socket listening on port 12204
[INFO] Fault socket listening on port 12304
Ready!

Running RAFT baseline... Press Ctrl+C to stop

[R4] state=follower leader=None term=0 cov=0.0%/0.0%
[RAFT] Starting election, term 1
[RAFT] Became leader, term 1
[R4] state=leader leader=4 term=1 cov=0.5%/0.5%
[R4] state=leader leader=4 term=1 cov=3.6%/13.5%
[R4] state=leader leader=4 term=1 cov=6.2%/24.5%
[R4] state=leader leader=4 term=1 cov=8.9%/34.4%
[R4] state=leader leader=4 term=1 cov=12.0%/44.3%
[R4] state=leader leader=4 term=1 cov=13.0%/47.9%
[R4] state=leader leader=4 term=1 cov=14.1%/52.6%
[R4] state=leader leader=4 term=1 cov=14.1%/56.2%
[R4] state=leader leader=4 term=1 cov=14.1%/60.9%
[R4] state=leader leader=4 term=1 cov=14.6%/65.1%
[R4] state=leader leader=4 term=1 cov=14.6%/69.3%
[R4] state=leader leader=4 term=1 cov=14.6%/74.5%
[R4] state=leader leader=4 term=1 cov=14.6%/77.6%
[R4] state=leader leader=4 term=1 cov=14.6%/79.2%
[R4] state=leader leader=4 term=1 cov=14.6%/81.8%
[R4] state=leader leader=4 term=1 cov=14.6%/85.4%
[R4] state=leader leader=4 term=1 cov=14.6%/88.5%
[R4] state=leader leader=4 term=1 cov=15.6%/92.7%
[R4] state=leader leader=4 term=1 cov=16.1%/95.3%
[R4] state=leader leader=4 term=1 cov=16.1%/99.5%
[R4] state=leader leader=4 term=1 cov=16.1%/99.5%
[R4] state=leader leader=4 term=1 cov=16.1%/99.5%
[R4] state=leader leader=4 term=1 cov=16.1%/99.5%
[R4] state=leader leader=4 term=1 cov=16.1%/99.5%
[R4] state=leader leader=4 term=1 cov=16.1%/99.5%
[R4] state=leader leader=4 term=1 cov=16.1%/99.5%
[R4] state=leader leader=4 term=1 cov=16.1%/99.5%
[R4] state=leader leader=4 term=1 cov=16.1%/99.5%
[R4] state=leader leader=4 term=1 cov=16.1%/99.5%
[R4] state=leader leader=4 term=1 cov=16.1%/99.5%
[R4] state=leader leader=4 term=1 cov=16.1%/99.5%
[R4] state=leader leader=4 term=1 cov=16.1%/99.5%
[R4] state=leader leader=4 term=1 cov=16.1%/99.5%
[R4] state=leader leader=4 term=1 cov=16.1%/99.5%
[R4] state=leader leader=4 term=1 cov=16.1%/99.5%
[R4] state=leader leader=4 term=1 cov=16.1%/99.5%
[R4] state=leader leader=4 term=1 cov=16.1%/99.5%
[R4] state=leader leader=4 term=1 cov=16.1%/99.5%
[R4] state=leader leader=4 term=1 cov=16.1%/99.5%
[R4] state=leader leader=4 term=1 cov=16.1%/99.5%
[R4] state=leader leader=4 term=1 cov=16.1%/99.5%
[R4] state=leader leader=4 term=1 cov=16.1%/99.5%
[R4] state=leader leader=4 term=1 cov=16.1%/99.5%
[R4] state=leader leader=4 term=1 cov=16.1%/99.5%
[R4] state=leader leader=4 term=1 cov=16.1%/99.5%
[R4] state=leader leader=4 term=1 cov=16.1%/99.5%
[R4] state=leader leader=4 term=1 cov=16.1%/99.5%
[R4] state=leader leader=4 term=1 cov=16.1%/99.5%
[R4] state=leader leader=4 term=1 cov=16.1%/99.5%
[R4] state=leader leader=4 term=1 cov=16.1%/99.5%
[R4] state=leader leader=4 term=1 cov=16.1%/99.5%
[R4] state=leader leader=4 term=1 cov=16.1%/99.5%
[R4] state=leader leader=4 term=1 cov=16.1%/99.5%
[R4] state=leader leader=4 term=1 cov=16.1%/99.5%
[R4] state=leader leader=4 term=1 cov=16.1%/99.5%
[R4] state=leader leader=4 term=1 cov=16.1%/99.5%
[R4] state=leader leader=4 term=1 cov=16.1%/99.5%
[R4] state=leader leader=4 term=1 cov=16.1%/99.5%
[R4] state=leader leader=4 term=1 cov=16.1%/99.5%
[R4] state=leader leader=4 term=1 cov=16.1%/99.5%
[R4] state=leader leader=4 term=1 cov=16.1%/99.5%
