[WARN] Hardware modules not available - simulation mode
=== RAFT Baseline - Robot 3 [SIM] ===
NO TRUST. Heartbeat timeout only.

  Logging to: logs/raft_3_20260226_194442.jsonl
Initializing hardware...
  Hardware: SIMULATED
[INFO] Position socket listening on port 12103
[INFO] Peer socket listening on port 12203
[INFO] Fault socket listening on port 12303
Ready!

Running RAFT baseline... Press Ctrl+C to stop

[R3] state=follower leader=None term=0 cov=0.0%/0.0%
[R3] state=follower leader=4 term=1 cov=0.5%/0.5%
[R3] state=follower leader=4 term=1 cov=3.6%/13.5%
[R3] state=follower leader=4 term=1 cov=5.2%/23.4%
[R3] state=follower leader=4 term=1 cov=7.8%/34.4%
[R3] state=follower leader=4 term=1 cov=10.4%/44.3%
[R3] state=follower leader=4 term=1 cov=12.0%/47.9%
[R3] state=follower leader=4 term=1 cov=13.5%/52.6%
[R3] state=follower leader=4 term=1 cov=13.5%/55.7%
[R3] state=follower leader=4 term=1 cov=14.1%/60.9%
[R3] state=follower leader=4 term=1 cov=14.6%/65.1%
[R3] state=follower leader=4 term=1 cov=15.1%/69.3%
[R3] state=follower leader=4 term=1 cov=15.1%/74.5%
[R3] state=follower leader=4 term=1 cov=15.6%/77.6%
[R3] state=follower leader=4 term=1 cov=16.7%/79.2%
[R3] state=follower leader=4 term=1 cov=17.2%/81.8%
[R3] state=follower leader=4 term=1 cov=17.7%/85.4%
[R3] state=follower leader=4 term=1 cov=19.3%/88.5%
[R3] state=follower leader=4 term=1 cov=19.8%/92.7%
[R3] state=follower leader=4 term=1 cov=19.8%/95.3%
[R3] state=follower leader=4 term=1 cov=19.8%/99.5%
[R3] state=follower leader=4 term=1 cov=19.8%/99.5%
[R3] state=follower leader=4 term=1 cov=19.8%/99.5%
[R3] state=follower leader=4 term=1 cov=19.8%/99.5%
[R3] state=follower leader=4 term=1 cov=19.8%/99.5%
[R3] state=follower leader=4 term=1 cov=19.8%/99.5%
[R3] state=follower leader=4 term=1 cov=19.8%/99.5%
[R3] state=follower leader=4 term=1 cov=19.8%/99.5%
[R3] state=follower leader=4 term=1 cov=19.8%/99.5%
[R3] state=follower leader=4 term=1 cov=19.8%/99.5%
[R3] state=follower leader=4 term=1 cov=20.3%/99.5%
[R3] state=follower leader=4 term=1 cov=20.3%/99.5%
[R3] state=follower leader=4 term=1 cov=20.3%/99.5%
[R3] state=follower leader=4 term=1 cov=20.3%/99.5%
[R3] state=follower leader=4 term=1 cov=20.3%/99.5%
[R3] state=follower leader=4 term=1 cov=20.3%/99.5%
[R3] state=follower leader=4 term=1 cov=20.3%/99.5%
[R3] state=follower leader=4 term=1 cov=20.3%/99.5%
[R3] state=follower leader=4 term=1 cov=20.3%/99.5%
[R3] state=follower leader=4 term=1 cov=20.3%/99.5%
[R3] state=follower leader=4 term=1 cov=20.3%/99.5%
[R3] state=follower leader=4 term=1 cov=20.3%/99.5%
[R3] state=follower leader=4 term=1 cov=20.3%/99.5%
[R3] state=follower leader=4 term=1 cov=20.3%/99.5%
[R3] state=follower leader=4 term=1 cov=20.3%/99.5%
[R3] state=follower leader=4 term=1 cov=20.3%/99.5%
[R3] state=follower leader=4 term=1 cov=20.3%/99.5%
[R3] state=follower leader=4 term=1 cov=20.3%/99.5%
[R3] state=follower leader=4 term=1 cov=20.3%/99.5%
[R3] state=follower leader=4 term=1 cov=20.3%/99.5%
[R3] state=follower leader=4 term=1 cov=20.3%/99.5%
[R3] state=follower leader=4 term=1 cov=20.3%/99.5%
[R3] state=follower leader=4 term=1 cov=20.3%/99.5%
[R3] state=follower leader=4 term=1 cov=20.3%/99.5%
[R3] state=follower leader=4 term=1 cov=20.3%/99.5%
[R3] state=follower leader=4 term=1 cov=20.3%/99.5%
[R3] state=follower leader=4 term=1 cov=20.3%/99.5%
[R3] state=follower leader=4 term=1 cov=20.3%/99.5%
[R3] state=follower leader=4 term=1 cov=20.3%/99.5%
[R3] state=follower leader=4 term=1 cov=20.3%/99.5%
[R3] state=follower leader=4 term=1 cov=20.3%/99.5%
[R3] state=follower leader=4 term=1 cov=20.3%/99.5%
