[WARN] Hardware modules not available - simulation mode
=== RAFT Baseline - Robot 4 [SIM] ===
NO TRUST. Heartbeat timeout only.

  Logging to: logs/raft_4_20260227_181148.jsonl
Initializing hardware...
  Hardware: SIMULATED
[INFO] Position socket listening on port 6104
[INFO] Peer socket listening on port 6204
[INFO] Fault socket listening on port 6304
Ready!

Running RAFT baseline... Press Ctrl+C to stop

[R4] state=follower leader=None term=0 cov=0.0%/0.0%
[R4] state=follower leader=5 term=1 cov=0.5%/0.5%
[R4] state=follower leader=5 term=1 cov=2.1%/8.3%
[R4] state=follower leader=5 term=1 cov=4.7%/14.1%
[R4] state=follower leader=5 term=1 cov=7.3%/20.8%
[R4] state=follower leader=5 term=1 cov=8.9%/28.1%
[R4] state=follower leader=5 term=1 cov=10.4%/35.9%
[R4] state=follower leader=5 term=1 cov=12.5%/42.7%
[R4] state=follower leader=5 term=1 cov=14.6%/47.9%
[R4] state=follower leader=5 term=1 cov=16.1%/51.0%
[R4] state=follower leader=5 term=1 cov=18.2%/54.2%
[R4] state=follower leader=5 term=1 cov=20.3%/58.3%
[R4] state=follower leader=5 term=1 cov=22.4%/61.5%
[R4] state=follower leader=5 term=1 cov=24.5%/64.6%
[R4] state=follower leader=5 term=1 cov=25.5%/67.2%
[R4] state=follower leader=5 term=1 cov=27.6%/69.8%
[R4] state=follower leader=5 term=1 cov=29.7%/73.4%
[R4] state=follower leader=5 term=1 cov=31.8%/76.6%
[R4] state=follower leader=5 term=1 cov=33.9%/80.2%
[R4] state=follower leader=5 term=1 cov=35.9%/83.3%
[R4] state=follower leader=5 term=1 cov=38.0%/85.9%
[R4] state=follower leader=5 term=1 cov=39.1%/87.5%
[R4] state=follower leader=5 term=1 cov=39.1%/87.5%
[R4] state=follower leader=5 term=1 cov=39.1%/87.5%
[R4] state=follower leader=5 term=1 cov=39.1%/87.5%
[R4] state=follower leader=5 term=1 cov=39.1%/87.5%
[R4] state=follower leader=5 term=1 cov=39.1%/87.5%
[R4] state=follower leader=5 term=1 cov=39.1%/87.5%
[R4] state=follower leader=5 term=1 cov=39.1%/87.5%
[R4] state=follower leader=5 term=1 cov=39.1%/87.5%
[R4] state=follower leader=5 term=1 cov=39.6%/88.0%
[R4] state=follower leader=5 term=1 cov=40.1%/88.5%
[R4] state=follower leader=5 term=1 cov=40.1%/88.5%
[R4] state=follower leader=5 term=1 cov=40.1%/88.5%
[R4] state=follower leader=5 term=1 cov=40.1%/88.5%
[R4] state=follower leader=5 term=1 cov=40.1%/88.5%
[R4] state=follower leader=5 term=1 cov=40.1%/88.5%
[R4] state=follower leader=5 term=1 cov=40.1%/88.5%
[R4] state=follower leader=5 term=1 cov=40.1%/88.5%
[R4] state=follower leader=5 term=1 cov=40.1%/88.5%
[R4] state=follower leader=5 term=1 cov=40.1%/88.5%
[R4] state=follower leader=5 term=1 cov=40.1%/88.5%
[R4] state=follower leader=5 term=1 cov=40.1%/88.5%
[R4] state=follower leader=5 term=1 cov=40.1%/88.5%
[R4] state=follower leader=5 term=1 cov=40.1%/88.5%
[R4] state=follower leader=5 term=1 cov=40.1%/88.5%
[R4] state=follower leader=5 term=1 cov=40.1%/88.5%
[R4] state=follower leader=5 term=1 cov=40.1%/88.5%
[R4] state=follower leader=5 term=1 cov=40.1%/88.5%
[R4] state=follower leader=5 term=1 cov=40.1%/88.5%
[R4] state=follower leader=5 term=1 cov=40.1%/88.5%
[R4] state=follower leader=5 term=1 cov=40.1%/88.5%
[R4] state=follower leader=5 term=1 cov=40.1%/88.5%
[R4] state=follower leader=5 term=1 cov=40.1%/88.5%
[R4] state=follower leader=5 term=1 cov=40.1%/88.5%
[R4] state=follower leader=5 term=1 cov=40.1%/88.5%
[R4] state=follower leader=5 term=1 cov=40.1%/88.5%
[R4] state=follower leader=5 term=1 cov=40.1%/88.5%
[R4] state=follower leader=5 term=1 cov=40.1%/88.5%
[R4] state=follower leader=5 term=1 cov=40.1%/88.5%
[R4] state=follower leader=5 term=1 cov=40.1%/89.1%
