[WARN] Hardware modules not available - running in simulation mode
=== REIP Node - Robot 1 [SIM (unique ports)] ===
Trust Model: Three-tier confidence-weighted
  Personal: 1.0, ToF: 1.0, Peer: 0.3
  Suspicion threshold: 1.5, Recovery: 0.1

  Logging to: logs/robot_1_20260226_163240.jsonl
Initializing hardware...
  Hardware: SIMULATED
[INFO] Position socket listening on port 13101
[INFO] Peer socket listening on port 13201
[INFO] Fault socket listening on port 13301
Ready!

=== Detection Bounds: T1=2 cmds, T3=8 cmds | Impeachment: T1=8 cmds, T3=32 cmds ===
Running... Press Ctrl+C to stop

[ELECTION] New leader: 1
[R1] pos=(0,0) state=leader leader=1 trust=1.00 susp=0.00 cov=0.0%/0.0%
[R1] pos=(856,660) state=leader leader=1 trust=1.00 susp=0.00 cov=0.5%/2.6%
[R1] pos=(980,676) state=leader leader=1 trust=1.00 susp=0.00 cov=1.0%/7.3%
[R1] pos=(1063,693) state=leader leader=1 trust=1.00 susp=0.00 cov=2.6%/14.1%
[R1] pos=(1438,687) state=leader leader=1 trust=1.00 susp=0.00 cov=4.2%/23.4%
[R1] pos=(1441,910) state=leader leader=1 trust=1.00 susp=0.00 cov=6.8%/33.3%
[R1] pos=(1245,926) state=leader leader=1 trust=1.00 susp=0.00 cov=8.9%/40.6%
[R1] pos=(1436,1179) state=leader leader=1 trust=1.00 susp=0.00 cov=10.9%/49.0%
[R1] pos=(1684,958) state=leader leader=1 trust=1.00 susp=0.00 cov=13.5%/58.9%
[R1] pos=(1842,1209) state=leader leader=1 trust=1.00 susp=0.00 cov=17.2%/70.8%
[R1] pos=(1530,1425) state=leader leader=1 trust=1.00 susp=0.00 cov=18.8%/77.6%
[R1] pos=(809,1195) state=leader leader=1 trust=1.00 susp=0.00 cov=22.9%/87.5%
[R1] pos=(192,1425) state=leader leader=1 trust=1.00 susp=0.00 cov=26.0%/92.2%
[R1] pos=(89,906) state=leader leader=1 trust=1.00 susp=0.00 cov=28.6%/99.0%
[R1] pos=(187,189) state=leader leader=1 trust=1.00 susp=0.00 cov=31.8%/100.0%
[R1] pos=(187,189) state=leader leader=1 trust=1.00 susp=0.00 cov=31.8%/100.0%
[FAULT] BAD_LEADER mode activated - will send bad assignments
[BAD_LEADER] Sending 5 robots to EXPLORED cells: [(1312.5, 312.5), (1187.5, 812.5), (562.5, 937.5)]...
[R1] pos=(187,189) state=leader leader=1 trust=1.00 susp=0.00 cov=31.8%/100.0%
[BAD_LEADER] Sending 5 robots to EXPLORED cells: [(1687.5, 1437.5), (187.5, 62.5), (1437.5, 1062.5)]...
[BAD_LEADER] Sending 5 robots to EXPLORED cells: [(437.5, 1312.5), (1937.5, 812.5), (1937.5, 812.5)]...
[BAD_LEADER] Sending 5 robots to EXPLORED cells: [(1312.5, 437.5), (1562.5, 562.5), (437.5, 312.5)]...
[BAD_LEADER] Sending 5 robots to EXPLORED cells: [(62.5, 1062.5), (937.5, 687.5), (812.5, 1312.5)]...
[BAD_LEADER] Sending 5 robots to EXPLORED cells: [(562.5, 187.5), (312.5, 812.5), (187.5, 187.5)]...
[BAD_LEADER] Sending 5 robots to EXPLORED cells: [(937.5, 1437.5), (312.5, 1062.5), (937.5, 1312.5)]...
[BAD_LEADER] Sending 5 robots to EXPLORED cells: [(1687.5, 312.5), (1437.5, 562.5), (312.5, 1187.5)]...
[BAD_LEADER] Sending 5 robots to EXPLORED cells: [(1437.5, 437.5), (312.5, 1312.5), (1062.5, 62.5)]...
[BAD_LEADER] Sending 5 robots to EXPLORED cells: [(62.5, 1062.5), (687.5, 1062.5), (437.5, 187.5)]...
[BAD_LEADER] Sending 5 robots to EXPLORED cells: [(1687.5, 1187.5), (1687.5, 687.5), (437.5, 187.5)]...
[R1] pos=(726,442) state=leader leader=1 trust=1.00 susp=0.00 cov=34.9%/100.0%
[BAD_LEADER] Sending 5 robots to EXPLORED cells: [(62.5, 937.5), (312.5, 562.5), (1937.5, 62.5)]...
[BAD_LEADER] Sending 5 robots to EXPLORED cells: [(687.5, 62.5), (562.5, 812.5), (562.5, 937.5)]...
[BAD_LEADER] Sending 5 robots to EXPLORED cells: [(562.5, 1437.5), (1562.5, 937.5), (187.5, 187.5)]...
[BAD_LEADER] Sending 5 robots to EXPLORED cells: [(1312.5, 1437.5), (812.5, 1187.5), (1312.5, 312.5)]...
[BAD_LEADER] Sending 5 robots to EXPLORED cells: [(1312.5, 437.5), (1687.5, 1437.5), (1437.5, 562.5)]...
[BAD_LEADER] Sending 5 robots to EXPLORED cells: [(1312.5, 312.5), (937.5, 812.5), (437.5, 562.5)]...
[BAD_LEADER] Sending 5 robots to EXPLORED cells: [(1187.5, 1062.5), (312.5, 1312.5), (937.5, 312.5)]...
[BAD_LEADER] Sending 5 robots to EXPLORED cells: [(812.5, 562.5), (1562.5, 812.5), (1312.5, 312.5)]...
[BAD_LEADER] Sending 5 robots to EXPLORED cells: [(1687.5, 1312.5), (937.5, 1312.5), (1062.5, 187.5)]...
[R1] pos=(950,691) state=leader leader=1 trust=1.00 susp=0.00 cov=36.5%/100.0%
[BAD_LEADER] Sending 5 robots to EXPLORED cells: [(1312.5, 562.5), (62.5, 1437.5), (1062.5, 187.5)]...
[BAD_LEADER] Sending 5 robots to EXPLORED cells: [(1187.5, 562.5), (687.5, 687.5), (437.5, 437.5)]...
[BAD_LEADER] Sending 5 robots to EXPLORED cells: [(562.5, 187.5), (1562.5, 1062.5), (1437.5, 687.5)]...
[BAD_LEADER] Sending 5 robots to EXPLORED cells: [(1562.5, 62.5), (812.5, 937.5), (562.5, 437.5)]...
[BAD_LEADER] Sending 5 robots to EXPLORED cells: [(1437.5, 812.5), (187.5, 1437.5), (62.5, 687.5)]...
[BAD_LEADER] Sending 5 robots to EXPLORED cells: [(1312.5, 562.5), (62.5, 1187.5), (1562.5, 1437.5)]...
[BAD_LEADER] Sending 5 robots to EXPLORED cells: [(1937.5, 312.5), (1812.5, 937.5), (1812.5, 937.5)]...
[BAD_LEADER] Sending 5 robots to EXPLORED cells: [(62.5, 1062.5), (1187.5, 1062.5), (1312.5, 62.5)]...
[BAD_LEADER] Sending 5 robots to EXPLORED cells: [(437.5, 437.5), (1937.5, 812.5), (812.5, 1187.5)]...
[BAD_LEADER] Sending 5 robots to EXPLORED cells: [(687.5, 62.5), (1562.5, 437.5), (1312.5, 562.5)]...
[ELECTION] New leader: 4
[R1] pos=(1399,522) state=follower leader=4 trust=1.00 susp=0.00 cov=39.6%/100.0%
[ELECTION] Leader 4 impeached (failures=1)
[ELECTION] New leader: 2
[R1] pos=(532,446) state=follower leader=2 trust=1.00 susp=0.00 cov=41.1%/100.0%
[R1] pos=(423,436) state=follower leader=2 trust=1.00 susp=0.00 cov=41.1%/100.0%
[R1] pos=(423,436) state=follower leader=2 trust=1.00 susp=0.00 cov=41.1%/100.0%
[R1] pos=(423,436) state=follower leader=2 trust=1.00 susp=0.00 cov=41.1%/100.0%
[R1] pos=(423,436) state=follower leader=2 trust=1.00 susp=0.00 cov=41.1%/100.0%
[R1] pos=(423,436) state=follower leader=2 trust=1.00 susp=0.00 cov=41.1%/100.0%
[R1] pos=(423,436) state=follower leader=2 trust=1.00 susp=0.00 cov=41.1%/100.0%
[R1] pos=(423,436) state=follower leader=2 trust=1.00 susp=0.00 cov=41.1%/100.0%
[R1] pos=(423,436) state=follower leader=2 trust=1.00 susp=0.00 cov=41.1%/100.0%
[R1] pos=(423,436) state=follower leader=2 trust=1.00 susp=0.00 cov=41.1%/100.0%
[R1] pos=(423,436) state=follower leader=2 trust=1.00 susp=0.00 cov=41.1%/100.0%
[R1] pos=(423,436) state=follower leader=2 trust=1.00 susp=0.00 cov=41.1%/100.0%
[R1] pos=(423,436) state=follower leader=2 trust=1.00 susp=0.00 cov=41.1%/100.0%
[R1] pos=(423,436) state=follower leader=2 trust=1.00 susp=0.00 cov=41.1%/100.0%
[R1] pos=(423,436) state=follower leader=2 trust=1.00 susp=0.00 cov=41.1%/100.0%
[R1] pos=(423,436) state=follower leader=2 trust=1.00 susp=0.00 cov=41.1%/100.0%
[R1] pos=(423,436) state=follower leader=2 trust=1.00 susp=0.00 cov=41.1%/100.0%
[R1] pos=(423,436) state=follower leader=2 trust=1.00 susp=0.00 cov=41.1%/100.0%
[R1] pos=(423,436) state=follower leader=2 trust=1.00 susp=0.00 cov=41.1%/100.0%
[R1] pos=(423,436) state=follower leader=2 trust=1.00 susp=0.00 cov=41.1%/100.0%
[R1] pos=(423,436) state=follower leader=2 trust=1.00 susp=0.00 cov=41.1%/100.0%
[R1] pos=(423,436) state=follower leader=2 trust=1.00 susp=0.00 cov=41.1%/100.0%
[R1] pos=(423,436) state=follower leader=2 trust=1.00 susp=0.00 cov=41.1%/100.0%
[R1] pos=(423,436) state=follower leader=2 trust=1.00 susp=0.00 cov=41.1%/100.0%
[R1] pos=(423,436) state=follower leader=2 trust=1.00 susp=0.00 cov=41.1%/100.0%
[R1] pos=(423,436) state=follower leader=2 trust=1.00 susp=0.00 cov=41.1%/100.0%
[R1] pos=(423,436) state=follower leader=2 trust=1.00 susp=0.00 cov=41.1%/100.0%
[R1] pos=(423,436) state=follower leader=2 trust=1.00 susp=0.00 cov=41.1%/100.0%
[R1] pos=(423,436) state=follower leader=2 trust=1.00 susp=0.00 cov=41.1%/100.0%
[R1] pos=(423,436) state=follower leader=2 trust=1.00 susp=0.00 cov=41.1%/100.0%
[R1] pos=(423,436) state=follower leader=2 trust=1.00 susp=0.00 cov=41.1%/100.0%
[R1] pos=(423,436) state=follower leader=2 trust=1.00 susp=0.00 cov=41.1%/100.0%
[R1] pos=(423,436) state=follower leader=2 trust=1.00 susp=0.00 cov=41.1%/100.0%
[R1] pos=(423,436) state=follower leader=2 trust=1.00 susp=0.00 cov=41.1%/100.0%
[R1] pos=(423,436) state=follower leader=2 trust=1.00 susp=0.00 cov=41.1%/100.0%
[R1] pos=(423,436) state=follower leader=2 trust=1.00 susp=0.00 cov=41.1%/100.0%
[R1] pos=(423,436) state=follower leader=2 trust=1.00 susp=0.00 cov=41.1%/100.0%
[R1] pos=(423,436) state=follower leader=2 trust=1.00 susp=0.00 cov=41.1%/100.0%
[R1] pos=(423,436) state=follower leader=2 trust=1.00 susp=0.00 cov=41.1%/100.0%
[R1] pos=(423,436) state=follower leader=2 trust=1.00 susp=0.00 cov=41.1%/100.0%
[R1] pos=(423,436) state=follower leader=2 trust=1.00 susp=0.00 cov=41.1%/100.0%
[R1] pos=(423,436) state=follower leader=2 trust=1.00 susp=0.00 cov=41.1%/100.0%
[R1] pos=(423,436) state=follower leader=2 trust=1.00 susp=0.00 cov=41.1%/100.0%
[R1] pos=(423,436) state=follower leader=2 trust=1.00 susp=0.00 cov=41.1%/100.0%
[R1] pos=(423,436) state=follower leader=2 trust=1.00 susp=0.00 cov=41.1%/100.0%
[R1] pos=(423,436) state=follower leader=2 trust=1.00 susp=0.00 cov=41.1%/100.0%
[R1] pos=(423,436) state=follower leader=2 trust=1.00 susp=0.00 cov=41.1%/100.0%
[R1] pos=(423,436) state=follower leader=2 trust=1.00 susp=0.00 cov=41.1%/100.0%
[R1] pos=(423,436) state=follower leader=2 trust=1.00 susp=0.00 cov=41.1%/100.0%
[R1] pos=(423,436) state=follower leader=2 trust=1.00 susp=0.00 cov=41.1%/100.0%
[R1] pos=(423,436) state=follower leader=2 trust=1.00 susp=0.00 cov=41.1%/100.0%
[R1] pos=(423,436) state=follower leader=2 trust=1.00 susp=0.00 cov=41.1%/100.0%
[R1] pos=(423,436) state=follower leader=2 trust=1.00 susp=0.00 cov=41.1%/100.0%
