[WARN] Hardware modules not available - running in simulation mode
=== REIP Node - Robot 2 [SIM (unique ports)] ===
Trust Model: Three-tier confidence-weighted
  Personal: 1.0, ToF: 1.0, Peer: 0.3
  Suspicion threshold: 1.5, Recovery: 0.1

  Logging to: logs/robot_2_20260226_163240.jsonl
Initializing hardware...
  Hardware: SIMULATED
[INFO] Position socket listening on port 13102
[INFO] Peer socket listening on port 13202
[INFO] Fault socket listening on port 13302
Ready!

=== Detection Bounds: T1=2 cmds, T3=8 cmds | Impeachment: T1=8 cmds, T3=32 cmds ===
Running... Press Ctrl+C to stop

[ELECTION] New leader: 2
[R2] pos=(0,0) state=leader leader=2 trust=1.00 susp=0.00 cov=0.0%/0.0%
[ELECTION] New leader: 1
[R2] pos=(1714,758) state=follower leader=1 trust=1.00 susp=0.00 cov=0.5%/2.6%
[R2] pos=(1697,634) state=follower leader=1 trust=1.00 susp=0.00 cov=1.0%/7.3%
[R2] pos=(1801,614) state=follower leader=1 trust=1.00 susp=0.00 cov=2.6%/14.1%
[R2] pos=(1925,765) state=follower leader=1 trust=1.00 susp=0.00 cov=4.2%/23.4%
[R2] pos=(1925,624) state=follower leader=1 trust=1.00 susp=0.00 cov=5.2%/33.3%
[R2] pos=(1700,167) state=follower leader=1 trust=1.00 susp=0.00 cov=6.8%/41.1%
[R2] pos=(1556,296) state=follower leader=1 trust=1.00 susp=0.00 cov=8.9%/49.0%
[R2] pos=(1201,353) state=follower leader=1 trust=1.00 susp=0.00 cov=11.5%/58.9%
[R2] pos=(839,431) state=follower leader=1 trust=1.00 susp=0.00 cov=14.1%/71.4%
[R2] pos=(691,413) state=follower leader=1 trust=1.00 susp=0.00 cov=15.6%/78.1%
[R2] pos=(499,251) state=follower leader=1 trust=1.00 susp=0.00 cov=17.7%/87.0%
[R2] pos=(315,290) state=follower leader=1 trust=1.00 susp=0.00 cov=19.8%/92.7%
[R2] pos=(80,437) state=follower leader=1 trust=1.00 susp=0.00 cov=21.9%/99.0%
[R2] pos=(75,261) state=follower leader=1 trust=1.00 susp=0.00 cov=22.9%/100.0%
[R2] pos=(75,279) state=follower leader=1 trust=1.00 susp=0.00 cov=22.9%/100.0%
[TRUST] Bad command #1 (peer_reported): suspicion +0.30 = 0.30
[R2] pos=(75,367) state=follower leader=1 trust=1.00 susp=0.30 cov=22.9%/100.0%
[TRUST] Bad command #2 (peer_reported): suspicion +0.30 = 0.60
[TRUST] Bad command #3 (personal_visited): suspicion +1.00 = 1.60
[DETECT] First trust decay after 3 bad commands (0.42s) [Theoretical bound: T1=2, T3=8]
[TRUST] Trust decayed: trust=0.80, remaining suspicion=0.10
[TRUST] Bad command #4 (peer_reported): suspicion +0.30 = 0.40
[TRUST] Bad command #5 (peer_reported): suspicion +0.30 = 0.70
[TRUST] Bad command #6 (peer_reported): suspicion +0.30 = 1.00
[TRUST] Bad command #7 (peer_reported): suspicion +0.30 = 1.30
[TRUST] Bad command #8 (peer_reported): suspicion +0.30 = 1.60
[TRUST] Trust decayed: trust=0.60, remaining suspicion=0.10
[TRUST] Bad command #9 (peer_reported): suspicion +0.30 = 0.40
[TRUST] Bad command #10 (peer_reported): suspicion +0.30 = 0.70
[TRUST] Bad command #11 (personal_visited): suspicion +1.00 = 1.70
[TRUST] Trust decayed: trust=0.40, remaining suspicion=0.20
[ELECTION] Leader 1 impeached (failures=1)
[ELECTION] New leader: 2
[R2] pos=(487,625) state=leader leader=2 trust=1.00 susp=0.00 cov=25.5%/100.0%
[R2] pos=(1475,693) state=leader leader=2 trust=1.00 susp=0.00 cov=29.7%/100.0%
[ELECTION] Leader 2 impeached (failures=1)
[ELECTION] New leader: 4
[R2] pos=(1684,688) state=follower leader=4 trust=1.00 susp=0.00 cov=30.2%/100.0%
[ELECTION] Leader 4 impeached (failures=1)
[ELECTION] New leader: 2
[R2] pos=(1684,688) state=leader leader=2 trust=1.00 susp=0.00 cov=30.2%/100.0%
[R2] pos=(1684,688) state=leader leader=2 trust=1.00 susp=0.00 cov=30.2%/100.0%
[R2] pos=(1684,688) state=leader leader=2 trust=1.00 susp=0.00 cov=30.2%/100.0%
[R2] pos=(1684,688) state=leader leader=2 trust=1.00 susp=0.00 cov=30.2%/100.0%
[R2] pos=(1684,688) state=leader leader=2 trust=1.00 susp=0.00 cov=30.2%/100.0%
[R2] pos=(1684,688) state=leader leader=2 trust=1.00 susp=0.00 cov=30.2%/100.0%
[R2] pos=(1684,688) state=leader leader=2 trust=1.00 susp=0.00 cov=30.2%/100.0%
[R2] pos=(1684,688) state=leader leader=2 trust=1.00 susp=0.00 cov=30.2%/100.0%
[R2] pos=(1684,688) state=leader leader=2 trust=1.00 susp=0.00 cov=30.2%/100.0%
[R2] pos=(1684,688) state=leader leader=2 trust=1.00 susp=0.00 cov=30.2%/100.0%
[R2] pos=(1684,688) state=leader leader=2 trust=1.00 susp=0.00 cov=30.2%/100.0%
[R2] pos=(1684,688) state=leader leader=2 trust=1.00 susp=0.00 cov=30.2%/100.0%
[R2] pos=(1684,688) state=leader leader=2 trust=1.00 susp=0.00 cov=30.2%/100.0%
[R2] pos=(1684,688) state=leader leader=2 trust=1.00 susp=0.00 cov=30.2%/100.0%
[R2] pos=(1684,688) state=leader leader=2 trust=1.00 susp=0.00 cov=30.2%/100.0%
[R2] pos=(1684,688) state=leader leader=2 trust=1.00 susp=0.00 cov=30.2%/100.0%
[R2] pos=(1684,688) state=leader leader=2 trust=1.00 susp=0.00 cov=30.2%/100.0%
[R2] pos=(1684,688) state=leader leader=2 trust=1.00 susp=0.00 cov=30.2%/100.0%
[R2] pos=(1684,688) state=leader leader=2 trust=1.00 susp=0.00 cov=30.2%/100.0%
[R2] pos=(1684,688) state=leader leader=2 trust=1.00 susp=0.00 cov=30.2%/100.0%
[R2] pos=(1684,688) state=leader leader=2 trust=1.00 susp=0.00 cov=30.2%/100.0%
[R2] pos=(1684,688) state=leader leader=2 trust=1.00 susp=0.00 cov=30.2%/100.0%
[R2] pos=(1684,688) state=leader leader=2 trust=1.00 susp=0.00 cov=30.2%/100.0%
[R2] pos=(1684,688) state=leader leader=2 trust=1.00 susp=0.00 cov=30.2%/100.0%
[R2] pos=(1684,688) state=leader leader=2 trust=1.00 susp=0.00 cov=30.2%/100.0%
[R2] pos=(1684,688) state=leader leader=2 trust=1.00 susp=0.00 cov=30.2%/100.0%
[R2] pos=(1684,688) state=leader leader=2 trust=1.00 susp=0.00 cov=30.2%/100.0%
[R2] pos=(1684,688) state=leader leader=2 trust=1.00 susp=0.00 cov=30.2%/100.0%
[R2] pos=(1684,688) state=leader leader=2 trust=1.00 susp=0.00 cov=30.2%/100.0%
[R2] pos=(1684,688) state=leader leader=2 trust=1.00 susp=0.00 cov=30.2%/100.0%
[R2] pos=(1684,688) state=leader leader=2 trust=1.00 susp=0.00 cov=30.2%/100.0%
[R2] pos=(1684,688) state=leader leader=2 trust=1.00 susp=0.00 cov=30.2%/100.0%
[R2] pos=(1684,688) state=leader leader=2 trust=1.00 susp=0.00 cov=30.2%/100.0%
[R2] pos=(1684,688) state=leader leader=2 trust=1.00 susp=0.00 cov=30.2%/100.0%
[R2] pos=(1684,688) state=leader leader=2 trust=1.00 susp=0.00 cov=30.2%/100.0%
[R2] pos=(1684,688) state=leader leader=2 trust=1.00 susp=0.00 cov=30.2%/100.0%
[R2] pos=(1684,688) state=leader leader=2 trust=1.00 susp=0.00 cov=30.2%/100.0%
[R2] pos=(1684,688) state=leader leader=2 trust=1.00 susp=0.00 cov=30.2%/100.0%
[R2] pos=(1684,688) state=leader leader=2 trust=1.00 susp=0.00 cov=30.2%/100.0%
[R2] pos=(1684,688) state=leader leader=2 trust=1.00 susp=0.00 cov=30.2%/100.0%
[R2] pos=(1684,688) state=leader leader=2 trust=1.00 susp=0.00 cov=30.2%/100.0%
[R2] pos=(1684,688) state=leader leader=2 trust=1.00 susp=0.00 cov=30.2%/100.0%
[R2] pos=(1684,688) state=leader leader=2 trust=1.00 susp=0.00 cov=30.2%/100.0%
[R2] pos=(1684,688) state=leader leader=2 trust=1.00 susp=0.00 cov=30.2%/100.0%
[R2] pos=(1684,688) state=leader leader=2 trust=1.00 susp=0.00 cov=30.2%/100.0%
[R2] pos=(1684,688) state=leader leader=2 trust=1.00 susp=0.00 cov=30.2%/100.0%
[R2] pos=(1684,688) state=leader leader=2 trust=1.00 susp=0.00 cov=30.2%/100.0%
[R2] pos=(1684,688) state=leader leader=2 trust=1.00 susp=0.00 cov=30.2%/100.0%
[R2] pos=(1684,688) state=leader leader=2 trust=1.00 susp=0.00 cov=30.2%/100.0%
[R2] pos=(1684,688) state=leader leader=2 trust=1.00 susp=0.00 cov=30.2%/100.0%
[R2] pos=(1684,688) state=leader leader=2 trust=1.00 susp=0.00 cov=30.2%/100.0%
[R2] pos=(1684,688) state=leader leader=2 trust=1.00 susp=0.00 cov=30.2%/100.0%
[R2] pos=(1684,688) state=leader leader=2 trust=1.00 susp=0.00 cov=30.2%/100.0%
