[WARN] Hardware modules not available - running in simulation mode
=== REIP Node - Robot 5 [SIM (unique ports)] ===
Trust Model: Three-tier confidence-weighted
  Personal: 1.0, ToF: 1.0, Peer: 0.3
  Suspicion threshold: 1.5, Recovery: 0.1

  Logging to: logs/robot_5_20260226_001100.jsonl
Initializing hardware...
  Hardware: SIMULATED
[INFO] Position socket listening on port 11105
[INFO] Peer socket listening on port 11205
[INFO] Fault socket listening on port 11305
Ready!

=== Detection Bounds: T1=2 cmds, T3=8 cmds | Impeachment: T1=8 cmds, T3=32 cmds ===
Running... Press Ctrl+C to stop

[ELECTION] New leader: 5
[R5] pos=(0,0) state=leader leader=5 trust=1.00 susp=0.00 cov=0.0%/0.0%
[ELECTION] New leader: 1
[R5] pos=(1134,230) state=follower leader=1 trust=1.00 susp=0.00 cov=0.5%/0.5%
[R5] pos=(1087,314) state=follower leader=1 trust=1.00 susp=0.00 cov=1.6%/7.8%
[R5] pos=(1161,420) state=follower leader=1 trust=1.00 susp=0.00 cov=2.6%/12.5%
[R5] pos=(1053,526) state=follower leader=1 trust=1.00 susp=0.00 cov=3.6%/18.8%
[R5] pos=(912,434) state=follower leader=1 trust=1.00 susp=0.00 cov=4.7%/22.9%
[R5] pos=(818,331) state=follower leader=1 trust=1.00 susp=0.00 cov=5.7%/27.6%
[R5] pos=(914,207) state=follower leader=1 trust=1.00 susp=0.00 cov=6.8%/32.8%
[R5] pos=(862,78) state=follower leader=1 trust=1.00 susp=0.00 cov=7.8%/38.0%
[R5] pos=(1082,75) state=follower leader=1 trust=1.00 susp=0.00 cov=8.9%/42.7%
[R5] pos=(1304,100) state=follower leader=1 trust=1.00 susp=0.00 cov=9.9%/47.4%
[R5] pos=(1421,136) state=follower leader=1 trust=1.00 susp=0.00 cov=10.9%/53.6%
[R5] pos=(1560,100) state=follower leader=1 trust=1.00 susp=0.00 cov=12.0%/58.9%
[R5] pos=(1687,137) state=follower leader=1 trust=1.00 susp=0.00 cov=13.0%/63.5%
[R5] pos=(1834,75) state=follower leader=1 trust=1.00 susp=0.00 cov=14.1%/68.8%
[MPC] Moderate mismatch: best alignment 130ｰ, error=0.27
[R5] pos=(1794,148) state=follower leader=1 trust=1.00 susp=0.00 cov=15.1%/71.4%
[R5] pos=(1561,237) state=follower leader=1 trust=1.00 susp=0.00 cov=15.1%/75.0%
[R5] pos=(1341,243) state=follower leader=1 trust=1.00 susp=0.00 cov=16.1%/77.1%
[R5] pos=(1092,222) state=follower leader=1 trust=1.00 susp=0.00 cov=16.1%/78.1%
[R5] pos=(843,201) state=follower leader=1 trust=1.00 susp=0.00 cov=16.1%/81.8%
[R5] pos=(695,93) state=follower leader=1 trust=1.00 susp=0.00 cov=17.2%/85.9%
[R5] pos=(558,220) state=follower leader=1 trust=1.00 susp=0.00 cov=18.2%/90.1%
[R5] pos=(462,451) state=follower leader=1 trust=1.00 susp=0.00 cov=19.3%/92.7%
[R5] pos=(446,674) state=follower leader=1 trust=1.00 susp=0.00 cov=20.3%/96.4%
[R5] pos=(442,924) state=follower leader=1 trust=1.00 susp=0.00 cov=21.4%/99.0%
[R5] pos=(438,1149) state=follower leader=1 trust=1.00 susp=0.00 cov=22.4%/100.0%
[R5] pos=(438,1174) state=follower leader=1 trust=1.00 susp=0.00 cov=22.4%/100.0%
[R5] pos=(438,1174) state=follower leader=1 trust=1.00 susp=0.00 cov=22.4%/100.0%
[R5] pos=(438,1174) state=follower leader=1 trust=1.00 susp=0.00 cov=22.4%/100.0%
[R5] pos=(438,1174) state=follower leader=1 trust=1.00 susp=0.00 cov=22.4%/100.0%
[R5] pos=(438,1174) state=follower leader=1 trust=1.00 susp=0.00 cov=22.4%/100.0%
