[WARN] Hardware modules not available - running in simulation mode
=== REIP Node - Robot 1 [SIM (unique ports)] ===
Trust Model: Three-tier confidence-weighted
  Personal: 1.0, ToF: 1.0, Peer: 0.3
  Suspicion threshold: 1.5, Recovery: 0.1

  Logging to: logs/robot_1_20260226_183943.jsonl
Initializing hardware...
  Hardware: SIMULATED
[INFO] Position socket listening on port 10101
[INFO] Peer socket listening on port 10201
[INFO] Fault socket listening on port 10301
Ready!

=== Detection Bounds: T1=2 cmds, T3=8 cmds | Impeachment: T1=8 cmds, T3=32 cmds ===
Running... Press Ctrl+C to stop

[ELECTION] New leader: 1
[R1] pos=(0,0) state=leader leader=1 trust=1.00 susp=0.00 cov=0.0%/0.0%
[R1] pos=(1222,544) state=leader leader=1 trust=1.00 susp=0.00 cov=0.5%/0.5%
[R1] pos=(968,585) state=leader leader=1 trust=1.00 susp=0.00 cov=3.1%/15.1%
[R1] pos=(914,934) state=leader leader=1 trust=1.00 susp=0.00 cov=6.2%/26.0%
[R1] pos=(1344,1251) state=leader leader=1 trust=1.00 susp=0.00 cov=10.4%/38.0%
[R1] pos=(1751,1251) state=leader leader=1 trust=1.00 susp=0.00 cov=14.1%/49.5%
[R1] pos=(1723,1366) state=leader leader=1 trust=1.00 susp=0.00 cov=14.1%/60.4%
[R1] pos=(1747,1365) state=leader leader=1 trust=1.00 susp=0.00 cov=14.6%/68.2%
[R1] pos=(1788,1425) state=leader leader=1 trust=1.00 susp=0.00 cov=16.1%/76.0%
[R1] pos=(1253,1425) state=leader leader=1 trust=1.00 susp=0.00 cov=18.8%/85.4%
[R1] pos=(1484,1030) state=leader leader=1 trust=1.00 susp=0.00 cov=20.8%/92.7%
[R1] pos=(1836,1117) state=leader leader=1 trust=1.00 susp=0.00 cov=23.4%/98.4%
[R1] pos=(1835,1131) state=leader leader=1 trust=1.00 susp=0.00 cov=24.0%/99.0%
[R1] pos=(915,641) state=leader leader=1 trust=1.00 susp=0.00 cov=25.5%/100.0%
[R1] pos=(86,200) state=leader leader=1 trust=1.00 susp=0.00 cov=29.7%/100.0%
[R1] pos=(75,261) state=leader leader=1 trust=1.00 susp=0.00 cov=30.2%/100.0%
[FAULT] BAD_LEADER mode activated - will send bad assignments
[R1] pos=(75,243) state=leader leader=1 trust=1.00 susp=0.00 cov=30.2%/100.0%
[BAD_LEADER] Sending 5 robots to EXPLORED cells (persistent): [(562.5, 437.5), (1312.5, 1062.5), (1062.5, 812.5)]...
[BAD_LEADER] Sending 5 robots to EXPLORED cells (persistent): [(562.5, 437.5), (1312.5, 1062.5), (1062.5, 812.5)]...
[BAD_LEADER] Sending 5 robots to EXPLORED cells (persistent): [(562.5, 437.5), (1312.5, 1062.5), (1062.5, 812.5)]...
[BAD_LEADER] Sending 5 robots to EXPLORED cells (persistent): [(562.5, 437.5), (1312.5, 1062.5), (1062.5, 812.5)]...
[BAD_LEADER] Sending 5 robots to EXPLORED cells (persistent): [(562.5, 437.5), (1312.5, 1062.5), (1062.5, 812.5)]...
[BAD_LEADER] Sending 5 robots to EXPLORED cells (persistent): [(562.5, 437.5), (1312.5, 1062.5), (1062.5, 812.5)]...
[BAD_LEADER] Sending 5 robots to EXPLORED cells (persistent): [(562.5, 437.5), (1312.5, 1062.5), (1062.5, 812.5)]...
[BAD_LEADER] Sending 5 robots to EXPLORED cells (persistent): [(562.5, 437.5), (1312.5, 1062.5), (1062.5, 812.5)]...
[BAD_LEADER] Sending 5 robots to EXPLORED cells (persistent): [(562.5, 437.5), (1312.5, 1062.5), (1062.5, 812.5)]...
[BAD_LEADER] Sending 5 robots to EXPLORED cells (persistent): [(562.5, 437.5), (1312.5, 1062.5), (1062.5, 812.5)]...
[R1] pos=(619,471) state=leader leader=1 trust=1.00 susp=0.00 cov=30.7%/100.0%
[BAD_LEADER] Sending 5 robots to EXPLORED cells (persistent): [(562.5, 437.5), (1312.5, 1062.5), (1062.5, 812.5)]...
[BAD_LEADER] Sending 5 robots to EXPLORED cells (persistent): [(562.5, 437.5), (1312.5, 1062.5), (1062.5, 812.5)]...
[BAD_LEADER] Sending 5 robots to EXPLORED cells (persistent): [(562.5, 437.5), (1312.5, 1062.5), (1062.5, 812.5)]...
[BAD_LEADER] Sending 5 robots to EXPLORED cells (persistent): [(562.5, 437.5), (1312.5, 1062.5), (1062.5, 812.5)]...
[BAD_LEADER] Sending 5 robots to EXPLORED cells (persistent): [(562.5, 437.5), (1312.5, 1062.5), (1062.5, 812.5)]...
[BAD_LEADER] Sending 5 robots to EXPLORED cells (persistent): [(562.5, 437.5), (1312.5, 1062.5), (1062.5, 812.5)]...
[BAD_LEADER] Sending 5 robots to EXPLORED cells (persistent): [(562.5, 437.5), (1312.5, 1062.5), (1062.5, 812.5)]...
[BAD_LEADER] Sending 5 robots to EXPLORED cells (persistent): [(562.5, 437.5), (1312.5, 1062.5), (1062.5, 812.5)]...
[BAD_LEADER] Sending 5 robots to EXPLORED cells (persistent): [(562.5, 437.5), (1312.5, 1062.5), (1062.5, 812.5)]...
[BAD_LEADER] Sending 5 robots to EXPLORED cells (persistent): [(562.5, 437.5), (1312.5, 1062.5), (1062.5, 812.5)]...
[R1] pos=(620,472) state=leader leader=1 trust=1.00 susp=0.00 cov=30.7%/100.0%
[BAD_LEADER] Sending 5 robots to EXPLORED cells (persistent): [(562.5, 437.5), (1312.5, 1062.5), (1062.5, 812.5)]...
[BAD_LEADER] Sending 5 robots to EXPLORED cells (persistent): [(562.5, 437.5), (1312.5, 1062.5), (1062.5, 812.5)]...
[BAD_LEADER] Sending 5 robots to EXPLORED cells (persistent): [(562.5, 437.5), (1312.5, 1062.5), (1062.5, 812.5)]...
[BAD_LEADER] Sending 5 robots to EXPLORED cells (persistent): [(562.5, 437.5), (1312.5, 1062.5), (1062.5, 812.5)]...
[BAD_LEADER] Sending 5 robots to EXPLORED cells (persistent): [(562.5, 437.5), (1312.5, 1062.5), (1062.5, 812.5)]...
[BAD_LEADER] Sending 5 robots to EXPLORED cells (persistent): [(562.5, 437.5), (1312.5, 1062.5), (1062.5, 812.5)]...
[BAD_LEADER] Sending 5 robots to EXPLORED cells (persistent): [(562.5, 437.5), (1312.5, 1062.5), (1062.5, 812.5)]...
[BAD_LEADER] Sending 5 robots to EXPLORED cells (persistent): [(562.5, 437.5), (1312.5, 1062.5), (1062.5, 812.5)]...
[BAD_LEADER] Sending 5 robots to EXPLORED cells (persistent): [(562.5, 437.5), (1312.5, 1062.5), (1062.5, 812.5)]...
[R1] pos=(537,422) state=leader leader=1 trust=1.00 susp=0.00 cov=30.7%/100.0%
[BAD_LEADER] Sending 5 robots to EXPLORED cells (persistent): [(562.5, 437.5), (1312.5, 1062.5), (1062.5, 812.5)]...
[BAD_LEADER] Sending 5 robots to EXPLORED cells (persistent): [(562.5, 437.5), (1312.5, 1062.5), (1062.5, 812.5)]...
[BAD_LEADER] Sending 5 robots to EXPLORED cells (persistent): [(562.5, 437.5), (1312.5, 1062.5), (1062.5, 812.5)]...
[BAD_LEADER] Sending 5 robots to EXPLORED cells (persistent): [(562.5, 437.5), (1312.5, 1062.5), (1062.5, 812.5)]...
[BAD_LEADER] Sending 5 robots to EXPLORED cells (persistent): [(562.5, 437.5), (1312.5, 1062.5), (1062.5, 812.5)]...
[BAD_LEADER] Sending 5 robots to EXPLORED cells (persistent): [(562.5, 437.5), (1312.5, 1062.5), (1062.5, 812.5)]...
[BAD_LEADER] Sending 5 robots to EXPLORED cells (persistent): [(562.5, 437.5), (1312.5, 1062.5), (1062.5, 812.5)]...
[BAD_LEADER] Sending 5 robots to EXPLORED cells (persistent): [(562.5, 437.5), (1312.5, 1062.5), (1062.5, 812.5)]...
[BAD_LEADER] Sending 5 robots to EXPLORED cells (persistent): [(562.5, 437.5), (1312.5, 1062.5), (1062.5, 812.5)]...
[BAD_LEADER] Sending 5 robots to EXPLORED cells (persistent): [(562.5, 437.5), (1312.5, 1062.5), (1062.5, 812.5)]...
[ELECTION] New leader: 2
[R1] pos=(551,431) state=follower leader=2 trust=1.00 susp=0.00 cov=30.7%/100.0%
[R1] pos=(551,431) state=follower leader=2 trust=1.00 susp=0.00 cov=30.7%/100.0%
[R1] pos=(551,431) state=follower leader=2 trust=1.00 susp=0.00 cov=30.7%/100.0%
[R1] pos=(551,431) state=follower leader=2 trust=1.00 susp=0.00 cov=30.7%/100.0%
[R1] pos=(551,431) state=follower leader=2 trust=1.00 susp=0.00 cov=30.7%/100.0%
[R1] pos=(551,431) state=follower leader=2 trust=1.00 susp=0.00 cov=30.7%/100.0%
[R1] pos=(551,431) state=follower leader=2 trust=1.00 susp=0.00 cov=30.7%/100.0%
[R1] pos=(551,431) state=follower leader=2 trust=1.00 susp=0.00 cov=30.7%/100.0%
[R1] pos=(551,431) state=follower leader=2 trust=1.00 susp=0.00 cov=30.7%/100.0%
[R1] pos=(551,431) state=follower leader=2 trust=1.00 susp=0.00 cov=30.7%/100.0%
[R1] pos=(551,431) state=follower leader=2 trust=1.00 susp=0.00 cov=30.7%/100.0%
[R1] pos=(551,431) state=follower leader=2 trust=1.00 susp=0.00 cov=30.7%/100.0%
[R1] pos=(551,431) state=follower leader=2 trust=1.00 susp=0.00 cov=30.7%/100.0%
[R1] pos=(551,431) state=follower leader=2 trust=1.00 susp=0.00 cov=30.7%/100.0%
[R1] pos=(551,431) state=follower leader=2 trust=1.00 susp=0.00 cov=30.7%/100.0%
[R1] pos=(551,431) state=follower leader=2 trust=1.00 susp=0.00 cov=30.7%/100.0%
[R1] pos=(551,431) state=follower leader=2 trust=1.00 susp=0.00 cov=30.7%/100.0%
[R1] pos=(551,431) state=follower leader=2 trust=1.00 susp=0.00 cov=30.7%/100.0%
[R1] pos=(551,431) state=follower leader=2 trust=1.00 susp=0.00 cov=30.7%/100.0%
[R1] pos=(551,431) state=follower leader=2 trust=1.00 susp=0.00 cov=30.7%/100.0%
[R1] pos=(551,431) state=follower leader=2 trust=1.00 susp=0.00 cov=30.7%/100.0%
[R1] pos=(551,431) state=follower leader=2 trust=1.00 susp=0.00 cov=30.7%/100.0%
[R1] pos=(551,431) state=follower leader=2 trust=1.00 susp=0.00 cov=30.7%/100.0%
[R1] pos=(551,431) state=follower leader=2 trust=1.00 susp=0.00 cov=30.7%/100.0%
[R1] pos=(551,431) state=follower leader=2 trust=1.00 susp=0.00 cov=30.7%/100.0%
[R1] pos=(551,431) state=follower leader=2 trust=1.00 susp=0.00 cov=30.7%/100.0%
[R1] pos=(551,431) state=follower leader=2 trust=1.00 susp=0.00 cov=30.7%/100.0%
[R1] pos=(551,431) state=follower leader=2 trust=1.00 susp=0.00 cov=30.7%/100.0%
[R1] pos=(551,431) state=follower leader=2 trust=1.00 susp=0.00 cov=30.7%/100.0%
[R1] pos=(551,431) state=follower leader=2 trust=1.00 susp=0.00 cov=30.7%/100.0%
[R1] pos=(551,431) state=follower leader=2 trust=1.00 susp=0.00 cov=30.7%/100.0%
[R1] pos=(551,431) state=follower leader=2 trust=1.00 susp=0.00 cov=30.7%/100.0%
[R1] pos=(551,431) state=follower leader=2 trust=1.00 susp=0.00 cov=30.7%/100.0%
[R1] pos=(551,431) state=follower leader=2 trust=1.00 susp=0.00 cov=30.7%/100.0%
[R1] pos=(551,431) state=follower leader=2 trust=1.00 susp=0.00 cov=30.7%/100.0%
[R1] pos=(551,431) state=follower leader=2 trust=1.00 susp=0.00 cov=30.7%/100.0%
[R1] pos=(551,431) state=follower leader=2 trust=1.00 susp=0.00 cov=30.7%/100.0%
[R1] pos=(551,431) state=follower leader=2 trust=1.00 susp=0.00 cov=30.7%/100.0%
[R1] pos=(551,431) state=follower leader=2 trust=1.00 susp=0.00 cov=30.7%/100.0%
[R1] pos=(551,431) state=follower leader=2 trust=1.00 susp=0.00 cov=30.7%/100.0%
[R1] pos=(551,431) state=follower leader=2 trust=1.00 susp=0.00 cov=30.7%/100.0%
