[WARN] Hardware modules not available - running in simulation mode
=== REIP Node - Robot 2 [SIM (unique ports)] ===
Trust Model: Three-tier confidence-weighted
  Personal: 1.0, ToF: 1.0, Peer: 0.3
  Suspicion threshold: 1.5, Recovery: 0.1

  Logging to: logs/robot_2_20260226_191711.jsonl
Initializing hardware...
  Hardware: SIMULATED
[INFO] Position socket listening on port 8102
[INFO] Peer socket listening on port 8202
[INFO] Fault socket listening on port 8302
Ready!

=== DECENTRALIZED MODE - No leader coordination ===
=== Detection Bounds: T1=2 cmds, T3=8 cmds | Impeachment: T1=8 cmds, T3=32 cmds ===
Running... Press Ctrl+C to stop

[R2] pos=(0,0) state=exploring leader=None trust=1.00 susp=0.00 cov=0.0%/0.0%
[R2] pos=(1714,758) state=exploring leader=None trust=1.00 susp=0.00 cov=0.5%/0.5%
[R2] pos=(1142,812) state=exploring leader=None trust=1.00 susp=0.00 cov=2.6%/16.7%
[R2] pos=(937,578) state=exploring leader=None trust=1.00 susp=0.00 cov=5.7%/29.2%
[R2] pos=(646,321) state=exploring leader=None trust=1.00 susp=0.00 cov=9.9%/40.1%
[R2] pos=(1063,308) state=exploring leader=None trust=1.00 susp=0.00 cov=14.6%/51.0%
[R2] pos=(1365,308) state=exploring leader=None trust=1.00 susp=0.00 cov=17.2%/58.9%
[R2] pos=(1189,616) state=exploring leader=None trust=1.00 susp=0.00 cov=20.8%/65.6%
[R2] pos=(1560,145) state=exploring leader=None trust=1.00 susp=0.00 cov=24.0%/75.5%
[R2] pos=(1925,82) state=exploring leader=None trust=1.00 susp=0.00 cov=27.1%/87.5%
[R2] pos=(1925,994) state=exploring leader=None trust=1.00 susp=0.00 cov=30.2%/96.9%
[R2] pos=(1925,1425) state=exploring leader=None trust=1.00 susp=0.00 cov=32.3%/100.0%
[R2] pos=(1925,1425) state=exploring leader=None trust=1.00 susp=0.00 cov=32.3%/100.0%
[R2] pos=(1925,1425) state=exploring leader=None trust=1.00 susp=0.00 cov=32.3%/100.0%
[R2] pos=(1925,1425) state=exploring leader=None trust=1.00 susp=0.00 cov=32.3%/100.0%
[R2] pos=(1925,1425) state=exploring leader=None trust=1.00 susp=0.00 cov=32.3%/100.0%
[R2] pos=(1925,1425) state=exploring leader=None trust=1.00 susp=0.00 cov=32.3%/100.0%
[R2] pos=(1925,1425) state=exploring leader=None trust=1.00 susp=0.00 cov=32.3%/100.0%
[R2] pos=(1925,1425) state=exploring leader=None trust=1.00 susp=0.00 cov=32.3%/100.0%
[R2] pos=(1925,1425) state=exploring leader=None trust=1.00 susp=0.00 cov=32.3%/100.0%
[R2] pos=(1925,1425) state=exploring leader=None trust=1.00 susp=0.00 cov=32.3%/100.0%
[R2] pos=(1925,1425) state=exploring leader=None trust=1.00 susp=0.00 cov=32.3%/100.0%
[R2] pos=(1925,1425) state=exploring leader=None trust=1.00 susp=0.00 cov=32.3%/100.0%
[R2] pos=(1925,1425) state=exploring leader=None trust=1.00 susp=0.00 cov=32.3%/100.0%
[R2] pos=(1925,1425) state=exploring leader=None trust=1.00 susp=0.00 cov=32.3%/100.0%
[R2] pos=(1925,1425) state=exploring leader=None trust=1.00 susp=0.00 cov=32.3%/100.0%
[R2] pos=(1925,1425) state=exploring leader=None trust=1.00 susp=0.00 cov=32.3%/100.0%
[R2] pos=(1925,1425) state=exploring leader=None trust=1.00 susp=0.00 cov=32.3%/100.0%
[R2] pos=(1925,1425) state=exploring leader=None trust=1.00 susp=0.00 cov=32.3%/100.0%
[R2] pos=(1925,1425) state=exploring leader=None trust=1.00 susp=0.00 cov=32.3%/100.0%
[R2] pos=(1925,1425) state=exploring leader=None trust=1.00 susp=0.00 cov=32.3%/100.0%
[R2] pos=(1925,1425) state=exploring leader=None trust=1.00 susp=0.00 cov=32.3%/100.0%
[R2] pos=(1925,1425) state=exploring leader=None trust=1.00 susp=0.00 cov=32.3%/100.0%
[R2] pos=(1925,1425) state=exploring leader=None trust=1.00 susp=0.00 cov=32.3%/100.0%
[R2] pos=(1925,1425) state=exploring leader=None trust=1.00 susp=0.00 cov=32.3%/100.0%
[R2] pos=(1925,1425) state=exploring leader=None trust=1.00 susp=0.00 cov=32.3%/100.0%
[R2] pos=(1925,1425) state=exploring leader=None trust=1.00 susp=0.00 cov=32.3%/100.0%
[R2] pos=(1925,1425) state=exploring leader=None trust=1.00 susp=0.00 cov=32.3%/100.0%
[R2] pos=(1925,1425) state=exploring leader=None trust=1.00 susp=0.00 cov=32.3%/100.0%
[R2] pos=(1925,1425) state=exploring leader=None trust=1.00 susp=0.00 cov=32.3%/100.0%
[R2] pos=(1925,1425) state=exploring leader=None trust=1.00 susp=0.00 cov=32.3%/100.0%
[R2] pos=(1925,1425) state=exploring leader=None trust=1.00 susp=0.00 cov=32.3%/100.0%
[R2] pos=(1925,1425) state=exploring leader=None trust=1.00 susp=0.00 cov=32.3%/100.0%
[R2] pos=(1925,1425) state=exploring leader=None trust=1.00 susp=0.00 cov=32.3%/100.0%
[R2] pos=(1925,1425) state=exploring leader=None trust=1.00 susp=0.00 cov=32.3%/100.0%
[R2] pos=(1925,1425) state=exploring leader=None trust=1.00 susp=0.00 cov=32.3%/100.0%
[R2] pos=(1925,1425) state=exploring leader=None trust=1.00 susp=0.00 cov=32.3%/100.0%
[R2] pos=(1925,1425) state=exploring leader=None trust=1.00 susp=0.00 cov=32.3%/100.0%
[R2] pos=(1925,1425) state=exploring leader=None trust=1.00 susp=0.00 cov=32.3%/100.0%
[R2] pos=(1925,1425) state=exploring leader=None trust=1.00 susp=0.00 cov=32.3%/100.0%
[R2] pos=(1925,1425) state=exploring leader=None trust=1.00 susp=0.00 cov=32.3%/100.0%
[R2] pos=(1925,1425) state=exploring leader=None trust=1.00 susp=0.00 cov=32.3%/100.0%
[R2] pos=(1925,1425) state=exploring leader=None trust=1.00 susp=0.00 cov=32.3%/100.0%
[R2] pos=(1925,1425) state=exploring leader=None trust=1.00 susp=0.00 cov=32.3%/100.0%
[R2] pos=(1925,1425) state=exploring leader=None trust=1.00 susp=0.00 cov=32.3%/100.0%
[R2] pos=(1925,1425) state=exploring leader=None trust=1.00 susp=0.00 cov=32.3%/100.0%
[R2] pos=(1925,1425) state=exploring leader=None trust=1.00 susp=0.00 cov=32.3%/100.0%
[R2] pos=(1925,1425) state=exploring leader=None trust=1.00 susp=0.00 cov=32.3%/100.0%
[R2] pos=(1925,1425) state=exploring leader=None trust=1.00 susp=0.00 cov=32.3%/100.0%
[R2] pos=(1925,1425) state=exploring leader=None trust=1.00 susp=0.00 cov=32.3%/100.0%
[R2] pos=(1925,1425) state=exploring leader=None trust=1.00 susp=0.00 cov=32.3%/100.0%
