[WARN] Hardware modules not available - simulation mode
=== RAFT Baseline - Robot 4 [SIM] ===
NO TRUST. Heartbeat timeout only.

  Logging to: logs/raft_4_20260226_162715.jsonl
Initializing hardware...
  Hardware: SIMULATED
[INFO] Position socket listening on port 15104
[INFO] Peer socket listening on port 15204
[INFO] Fault socket listening on port 15304
Ready!

Running RAFT baseline... Press Ctrl+C to stop

[R4] state=follower leader=None term=0 cov=0.0%/0.0%
[R4] state=follower leader=2 term=1 cov=0.5%/0.5%
[R4] state=follower leader=2 term=1 cov=2.1%/14.6%
[R4] state=follower leader=2 term=1 cov=3.6%/24.0%
[R4] state=follower leader=2 term=1 cov=5.7%/33.9%
[R4] state=follower leader=2 term=1 cov=8.9%/46.4%
[R4] state=follower leader=2 term=1 cov=10.9%/56.2%
[R4] state=follower leader=2 term=1 cov=13.5%/65.1%
[R4] state=follower leader=2 term=1 cov=15.1%/72.4%
