[WARN] Hardware modules not available - running in simulation mode
=== REIP Node - Robot 4 [SIM (unique ports)] ===
Trust Model: Three-tier confidence-weighted
  Personal: 1.0, ToF: 1.0, Peer: 0.3
  Suspicion threshold: 1.5, Recovery: 0.1

  Logging to: logs/robot_4_20260226_082834.jsonl
Initializing hardware...
  Hardware: SIMULATED
[INFO] Position socket listening on port 6104
[INFO] Peer socket listening on port 6204
[INFO] Fault socket listening on port 6304
Ready!

=== Detection Bounds: T1=2 cmds, T3=8 cmds | Impeachment: T1=8 cmds, T3=32 cmds ===
Running... Press Ctrl+C to stop

[ELECTION] New leader: 4
[R4] pos=(0,0) state=leader leader=4 trust=1.00 susp=0.00 cov=0.0%/0.0%
[ELECTION] New leader: 1
[R4] pos=(314,624) state=follower leader=1 trust=1.00 susp=0.00 cov=0.5%/2.1%
[R4] pos=(75,470) state=follower leader=1 trust=1.00 susp=0.00 cov=3.1%/13.0%
[R4] pos=(75,471) state=follower leader=1 trust=1.00 susp=0.00 cov=3.1%/17.7%
[R4] pos=(75,573) state=follower leader=1 trust=1.00 susp=0.00 cov=3.1%/24.5%
[R4] pos=(75,566) state=follower leader=1 trust=1.00 susp=0.00 cov=3.1%/30.7%
[R4] pos=(75,426) state=follower leader=1 trust=1.00 susp=0.00 cov=3.1%/35.9%
[R4] pos=(75,440) state=follower leader=1 trust=1.00 susp=0.00 cov=3.1%/40.1%
[R4] pos=(187,818) state=follower leader=1 trust=1.00 susp=0.00 cov=4.7%/45.3%
[R4] pos=(553,681) state=follower leader=1 trust=1.00 susp=0.00 cov=7.8%/53.1%
[R4] pos=(286,393) state=follower leader=1 trust=1.00 susp=0.00 cov=12.0%/66.7%
[R4] pos=(273,430) state=follower leader=1 trust=1.00 susp=0.00 cov=13.5%/76.0%
[R4] pos=(1181,655) state=follower leader=1 trust=1.00 susp=0.00 cov=16.1%/84.9%
[R4] pos=(1925,561) state=follower leader=1 trust=1.00 susp=0.00 cov=19.3%/95.8%
[R4] pos=(1925,1070) state=follower leader=1 trust=1.00 susp=0.00 cov=21.4%/100.0%
[R4] pos=(1925,1070) state=follower leader=1 trust=1.00 susp=0.00 cov=21.4%/100.0%
[TRUST] Bad command #1 (peer_reported): suspicion +0.30 = 0.30
[TRUST] Bad command #2 (peer_reported): suspicion +0.30 = 0.60
[R4] pos=(1925,1070) state=follower leader=1 trust=1.00 susp=0.60 cov=21.4%/100.0%
[TRUST] Bad command #3 (peer_reported): suspicion +0.30 = 0.90
[TRUST] Bad command #4 (peer_reported): suspicion +0.30 = 1.20
[TRUST] Bad command #5 (peer_reported): suspicion +0.30 = 1.50
[DETECT] First trust decay after 5 bad commands (0.84s) [Theoretical bound: T1=2, T3=8]
[TRUST] Trust decayed: trust=0.80, remaining suspicion=0.00
[TRUST] Bad command #6 (peer_reported): suspicion +0.30 = 0.30
[TRUST] Bad command #7 (peer_reported): suspicion +0.30 = 0.60
[TRUST] Bad command #8 (personal_visited): suspicion +1.00 = 1.60
[TRUST] Trust decayed: trust=0.60, remaining suspicion=0.10
[TRUST] Bad command #9 (peer_reported): suspicion +0.30 = 0.40
[TRUST] Bad command #10 (personal_visited): suspicion +1.00 = 1.40
[TRUST] Bad command #11 (peer_reported): suspicion +0.30 = 1.70
[TRUST] Trust decayed: trust=0.40, remaining suspicion=0.20
[ELECTION] Leader 1 impeached (failures=1)
[ELECTION] New leader: 4
[R4] pos=(1536,748) state=leader leader=4 trust=1.00 susp=0.00 cov=24.0%/100.0%
[ELECTION] Leader 4 impeached (failures=1)
[ELECTION] New leader: 2
[R4] pos=(495,697) state=follower leader=2 trust=1.00 susp=0.00 cov=25.5%/100.0%
[R4] pos=(277,686) state=follower leader=2 trust=1.00 susp=0.00 cov=25.5%/100.0%
[R4] pos=(388,691) state=follower leader=2 trust=1.00 susp=0.00 cov=25.5%/100.0%
[R4] pos=(298,687) state=follower leader=2 trust=1.00 susp=0.00 cov=25.5%/100.0%
[R4] pos=(298,687) state=follower leader=2 trust=1.00 susp=0.00 cov=25.5%/100.0%
[R4] pos=(298,687) state=follower leader=2 trust=1.00 susp=0.00 cov=25.5%/100.0%
[R4] pos=(298,687) state=follower leader=2 trust=1.00 susp=0.00 cov=25.5%/100.0%
[R4] pos=(298,687) state=follower leader=2 trust=1.00 susp=0.00 cov=25.5%/100.0%
[R4] pos=(298,687) state=follower leader=2 trust=1.00 susp=0.00 cov=25.5%/100.0%
[R4] pos=(298,687) state=follower leader=2 trust=1.00 susp=0.00 cov=25.5%/100.0%
[R4] pos=(298,687) state=follower leader=2 trust=1.00 susp=0.00 cov=25.5%/100.0%
[R4] pos=(298,687) state=follower leader=2 trust=1.00 susp=0.00 cov=25.5%/100.0%
[R4] pos=(298,687) state=follower leader=2 trust=1.00 susp=0.00 cov=25.5%/100.0%
[R4] pos=(298,687) state=follower leader=2 trust=1.00 susp=0.00 cov=25.5%/100.0%
[R4] pos=(298,687) state=follower leader=2 trust=1.00 susp=0.00 cov=25.5%/100.0%
[R4] pos=(298,687) state=follower leader=2 trust=1.00 susp=0.00 cov=25.5%/100.0%
[R4] pos=(298,687) state=follower leader=2 trust=1.00 susp=0.00 cov=25.5%/100.0%
[R4] pos=(298,687) state=follower leader=2 trust=1.00 susp=0.00 cov=25.5%/100.0%
[R4] pos=(298,687) state=follower leader=2 trust=1.00 susp=0.00 cov=25.5%/100.0%
[R4] pos=(298,687) state=follower leader=2 trust=1.00 susp=0.00 cov=25.5%/100.0%
[R4] pos=(298,687) state=follower leader=2 trust=1.00 susp=0.00 cov=25.5%/100.0%
[R4] pos=(298,687) state=follower leader=2 trust=1.00 susp=0.00 cov=25.5%/100.0%
[R4] pos=(298,687) state=follower leader=2 trust=1.00 susp=0.00 cov=25.5%/100.0%
[R4] pos=(298,687) state=follower leader=2 trust=1.00 susp=0.00 cov=25.5%/100.0%
[R4] pos=(298,687) state=follower leader=2 trust=1.00 susp=0.00 cov=25.5%/100.0%
[R4] pos=(298,687) state=follower leader=2 trust=1.00 susp=0.00 cov=25.5%/100.0%
[R4] pos=(298,687) state=follower leader=2 trust=1.00 susp=0.00 cov=25.5%/100.0%
[R4] pos=(298,687) state=follower leader=2 trust=1.00 susp=0.00 cov=25.5%/100.0%
[R4] pos=(298,687) state=follower leader=2 trust=1.00 susp=0.00 cov=25.5%/100.0%
[R4] pos=(298,687) state=follower leader=2 trust=1.00 susp=0.00 cov=25.5%/100.0%
[R4] pos=(298,687) state=follower leader=2 trust=1.00 susp=0.00 cov=25.5%/100.0%
[R4] pos=(298,687) state=follower leader=2 trust=1.00 susp=0.00 cov=25.5%/100.0%
[R4] pos=(298,687) state=follower leader=2 trust=1.00 susp=0.00 cov=25.5%/100.0%
[R4] pos=(298,687) state=follower leader=2 trust=1.00 susp=0.00 cov=25.5%/100.0%
[R4] pos=(298,687) state=follower leader=2 trust=1.00 susp=0.00 cov=25.5%/100.0%
[R4] pos=(298,687) state=follower leader=2 trust=1.00 susp=0.00 cov=25.5%/100.0%
[R4] pos=(298,687) state=follower leader=2 trust=1.00 susp=0.00 cov=25.5%/100.0%
[R4] pos=(298,687) state=follower leader=2 trust=1.00 susp=0.00 cov=25.5%/100.0%
[R4] pos=(298,687) state=follower leader=2 trust=1.00 susp=0.00 cov=25.5%/100.0%
[R4] pos=(298,687) state=follower leader=2 trust=1.00 susp=0.00 cov=25.5%/100.0%
[R4] pos=(298,687) state=follower leader=2 trust=1.00 susp=0.00 cov=25.5%/100.0%
[R4] pos=(298,687) state=follower leader=2 trust=1.00 susp=0.00 cov=25.5%/100.0%
[R4] pos=(298,687) state=follower leader=2 trust=1.00 susp=0.00 cov=25.5%/100.0%
