[WARN] Hardware modules not available - running in simulation mode
=== REIP Node - Robot 1 [SIM (unique ports)] ===
Trust Model: Three-tier confidence-weighted
  Personal: 1.0, ToF: 1.0, Peer: 0.3
  Suspicion threshold: 1.5, Recovery: 0.1

  Logging to: logs/robot_1_20260226_185323.jsonl
Initializing hardware...
  Hardware: SIMULATED
[INFO] Position socket listening on port 9101
[INFO] Peer socket listening on port 9201
[INFO] Fault socket listening on port 9301
Ready!

=== DECENTRALIZED MODE - No leader coordination ===
=== Detection Bounds: T1=2 cmds, T3=8 cmds | Impeachment: T1=8 cmds, T3=32 cmds ===
Running... Press Ctrl+C to stop

[R1] pos=(0,0) state=exploring leader=None trust=1.00 susp=0.00 cov=0.0%/0.0%
[R1] pos=(1124,254) state=exploring leader=None trust=1.00 susp=0.00 cov=0.5%/0.5%
[R1] pos=(863,246) state=exploring leader=None trust=1.00 susp=0.00 cov=2.1%/15.6%
[R1] pos=(328,314) state=exploring leader=None trust=1.00 susp=0.00 cov=5.7%/29.7%
[R1] pos=(725,436) state=exploring leader=None trust=1.00 susp=0.00 cov=9.4%/39.1%
[R1] pos=(687,813) state=exploring leader=None trust=1.00 susp=0.00 cov=12.5%/47.9%
[R1] pos=(468,962) state=exploring leader=None trust=1.00 susp=0.00 cov=15.1%/55.7%
[R1] pos=(735,718) state=exploring leader=None trust=1.00 susp=0.00 cov=17.2%/68.2%
[R1] pos=(1426,438) state=exploring leader=None trust=1.00 susp=0.00 cov=19.8%/75.5%
[R1] pos=(1685,813) state=exploring leader=None trust=1.00 susp=0.00 cov=24.0%/84.9%
[R1] pos=(1819,1039) state=exploring leader=None trust=1.00 susp=0.00 cov=26.0%/94.8%
[R1] pos=(1717,1425) state=exploring leader=None trust=1.00 susp=0.00 cov=29.7%/99.5%
[R1] pos=(1626,1425) state=exploring leader=None trust=1.00 susp=0.00 cov=30.2%/100.0%
[R1] pos=(1623,1425) state=exploring leader=None trust=1.00 susp=0.00 cov=30.2%/100.0%
[R1] pos=(1527,1425) state=exploring leader=None trust=1.00 susp=0.00 cov=30.2%/100.0%
[R1] pos=(1517,1425) state=exploring leader=None trust=1.00 susp=0.00 cov=30.2%/100.0%
[FAULT] BAD_LEADER mode activated - will send bad assignments
[R1] pos=(1511,1425) state=exploring leader=None trust=1.00 susp=0.00 cov=30.2%/100.0%
[R1] pos=(1606,1425) state=exploring leader=None trust=1.00 susp=0.00 cov=30.2%/100.0%
[R1] pos=(1622,1425) state=exploring leader=None trust=1.00 susp=0.00 cov=30.2%/100.0%
[R1] pos=(1615,1425) state=exploring leader=None trust=1.00 susp=0.00 cov=30.2%/100.0%
[R1] pos=(1509,1425) state=exploring leader=None trust=1.00 susp=0.00 cov=30.2%/100.0%
[R1] pos=(1500,1425) state=exploring leader=None trust=1.00 susp=0.00 cov=30.7%/100.0%
[R1] pos=(1522,1425) state=exploring leader=None trust=1.00 susp=0.00 cov=30.7%/100.0%
[R1] pos=(1629,1425) state=exploring leader=None trust=1.00 susp=0.00 cov=30.7%/100.0%
[R1] pos=(1611,1425) state=exploring leader=None trust=1.00 susp=0.00 cov=30.7%/100.0%
[R1] pos=(1513,1425) state=exploring leader=None trust=1.00 susp=0.00 cov=30.7%/100.0%
[R1] pos=(1514,1425) state=exploring leader=None trust=1.00 susp=0.00 cov=30.7%/100.0%
[R1] pos=(1508,1425) state=exploring leader=None trust=1.00 susp=0.00 cov=30.7%/100.0%
[R1] pos=(1603,1425) state=exploring leader=None trust=1.00 susp=0.00 cov=30.7%/100.0%
[R1] pos=(1625,1425) state=exploring leader=None trust=1.00 susp=0.00 cov=30.7%/100.0%
[R1] pos=(1604,1425) state=exploring leader=None trust=1.00 susp=0.00 cov=30.7%/100.0%
[R1] pos=(1499,1425) state=exploring leader=None trust=1.00 susp=0.00 cov=30.7%/100.0%
[R1] pos=(1527,1425) state=exploring leader=None trust=1.00 susp=0.00 cov=30.7%/100.0%
[R1] pos=(1522,1425) state=exploring leader=None trust=1.00 susp=0.00 cov=30.7%/100.0%
[R1] pos=(1618,1425) state=exploring leader=None trust=1.00 susp=0.00 cov=30.7%/100.0%
[R1] pos=(1624,1425) state=exploring leader=None trust=1.00 susp=0.00 cov=30.7%/100.0%
[R1] pos=(1501,1425) state=exploring leader=None trust=1.00 susp=0.00 cov=30.7%/100.0%
[R1] pos=(1498,1425) state=exploring leader=None trust=1.00 susp=0.00 cov=30.7%/100.0%
[R1] pos=(1510,1425) state=exploring leader=None trust=1.00 susp=0.00 cov=30.7%/100.0%
[R1] pos=(1624,1425) state=exploring leader=None trust=1.00 susp=0.00 cov=30.7%/100.0%
[R1] pos=(1601,1425) state=exploring leader=None trust=1.00 susp=0.00 cov=30.7%/100.0%
[R1] pos=(1625,1425) state=exploring leader=None trust=1.00 susp=0.00 cov=30.7%/100.0%
[R1] pos=(1502,1425) state=exploring leader=None trust=1.00 susp=0.00 cov=30.7%/100.0%
[R1] pos=(1524,1425) state=exploring leader=None trust=1.00 susp=0.00 cov=30.7%/100.0%
[R1] pos=(1622,1425) state=exploring leader=None trust=1.00 susp=0.00 cov=30.7%/100.0%
[R1] pos=(1624,1425) state=exploring leader=None trust=1.00 susp=0.00 cov=30.7%/100.0%
[R1] pos=(1620,1425) state=exploring leader=None trust=1.00 susp=0.00 cov=30.7%/100.0%
[R1] pos=(1493,1425) state=exploring leader=None trust=1.00 susp=0.00 cov=30.7%/100.0%
[R1] pos=(1621,1425) state=exploring leader=None trust=1.00 susp=0.00 cov=30.7%/100.0%
[R1] pos=(1621,1425) state=exploring leader=None trust=1.00 susp=0.00 cov=30.7%/100.0%
[R1] pos=(1621,1425) state=exploring leader=None trust=1.00 susp=0.00 cov=30.7%/100.0%
[R1] pos=(1621,1425) state=exploring leader=None trust=1.00 susp=0.00 cov=30.7%/100.0%
[R1] pos=(1621,1425) state=exploring leader=None trust=1.00 susp=0.00 cov=30.7%/100.0%
[R1] pos=(1621,1425) state=exploring leader=None trust=1.00 susp=0.00 cov=30.7%/100.0%
[R1] pos=(1621,1425) state=exploring leader=None trust=1.00 susp=0.00 cov=30.7%/100.0%
[R1] pos=(1621,1425) state=exploring leader=None trust=1.00 susp=0.00 cov=30.7%/100.0%
[R1] pos=(1621,1425) state=exploring leader=None trust=1.00 susp=0.00 cov=30.7%/100.0%
[R1] pos=(1621,1425) state=exploring leader=None trust=1.00 susp=0.00 cov=30.7%/100.0%
[R1] pos=(1638,1425) state=exploring leader=None trust=1.00 susp=0.00 cov=30.7%/100.0%
[R1] pos=(1649,1425) state=exploring leader=None trust=1.00 susp=0.00 cov=30.7%/100.0%
[R1] pos=(1626,1425) state=exploring leader=None trust=1.00 susp=0.00 cov=30.7%/100.0%
