[WARN] Hardware modules not available - running in simulation mode
=== REIP Node - Robot 4 [SIM (unique ports)] ===
Trust Model: Three-tier confidence-weighted
  Personal: 1.0, ToF: 1.0, Peer: 0.3
  Suspicion threshold: 1.5, Recovery: 0.1

  Logging to: logs/robot_4_20260226_185323.jsonl
Initializing hardware...
  Hardware: SIMULATED
[INFO] Position socket listening on port 9104
[INFO] Peer socket listening on port 9204
[INFO] Fault socket listening on port 9304
Ready!

=== DECENTRALIZED MODE - No leader coordination ===
=== Detection Bounds: T1=2 cmds, T3=8 cmds | Impeachment: T1=8 cmds, T3=32 cmds ===
Running... Press Ctrl+C to stop

[R4] pos=(0,0) state=exploring leader=None trust=1.00 susp=0.00 cov=0.0%/0.0%
[R4] pos=(1693,316) state=exploring leader=None trust=1.00 susp=0.00 cov=0.5%/0.5%
[R4] pos=(1082,191) state=exploring leader=None trust=1.00 susp=0.00 cov=3.6%/15.6%
[R4] pos=(453,75) state=exploring leader=None trust=1.00 susp=0.00 cov=6.8%/30.2%
[R4] pos=(698,439) state=exploring leader=None trust=1.00 susp=0.00 cov=9.9%/39.1%
[R4] pos=(510,692) state=exploring leader=None trust=1.00 susp=0.00 cov=13.0%/48.4%
[R4] pos=(712,946) state=exploring leader=None trust=1.00 susp=0.00 cov=15.1%/55.7%
[R4] pos=(1068,656) state=exploring leader=None trust=1.00 susp=0.00 cov=18.2%/68.2%
[R4] pos=(1440,431) state=exploring leader=None trust=1.00 susp=0.00 cov=22.4%/75.5%
[R4] pos=(1687,806) state=exploring leader=None trust=1.00 susp=0.00 cov=25.5%/84.9%
[R4] pos=(1808,1142) state=exploring leader=None trust=1.00 susp=0.00 cov=28.1%/94.8%
[R4] pos=(1700,1425) state=exploring leader=None trust=1.00 susp=0.00 cov=29.7%/99.5%
[R4] pos=(1621,1425) state=exploring leader=None trust=1.00 susp=0.00 cov=30.7%/100.0%
[R4] pos=(1622,1425) state=exploring leader=None trust=1.00 susp=0.00 cov=30.7%/100.0%
[R4] pos=(1629,1425) state=exploring leader=None trust=1.00 susp=0.00 cov=30.7%/100.0%
[R4] pos=(1517,1425) state=exploring leader=None trust=1.00 susp=0.00 cov=30.7%/100.0%
[R4] pos=(1511,1425) state=exploring leader=None trust=1.00 susp=0.00 cov=30.7%/100.0%
[R4] pos=(1606,1425) state=exploring leader=None trust=1.00 susp=0.00 cov=30.7%/100.0%
[R4] pos=(1622,1425) state=exploring leader=None trust=1.00 susp=0.00 cov=30.7%/100.0%
[R4] pos=(1615,1425) state=exploring leader=None trust=1.00 susp=0.00 cov=30.7%/100.0%
[R4] pos=(1509,1425) state=exploring leader=None trust=1.00 susp=0.00 cov=30.7%/100.0%
[R4] pos=(1500,1425) state=exploring leader=None trust=1.00 susp=0.00 cov=30.7%/100.0%
[R4] pos=(1522,1425) state=exploring leader=None trust=1.00 susp=0.00 cov=30.7%/100.0%
[R4] pos=(1629,1425) state=exploring leader=None trust=1.00 susp=0.00 cov=30.7%/100.0%
[R4] pos=(1611,1425) state=exploring leader=None trust=1.00 susp=0.00 cov=30.7%/100.0%
[R4] pos=(1618,1425) state=exploring leader=None trust=1.00 susp=0.00 cov=30.7%/100.0%
[R4] pos=(1514,1425) state=exploring leader=None trust=1.00 susp=0.00 cov=30.7%/100.0%
[R4] pos=(1508,1425) state=exploring leader=None trust=1.00 susp=0.00 cov=30.7%/100.0%
[R4] pos=(1603,1425) state=exploring leader=None trust=1.00 susp=0.00 cov=30.7%/100.0%
[R4] pos=(1625,1425) state=exploring leader=None trust=1.00 susp=0.00 cov=30.7%/100.0%
[R4] pos=(1604,1425) state=exploring leader=None trust=1.00 susp=0.00 cov=30.7%/100.0%
[R4] pos=(1499,1425) state=exploring leader=None trust=1.00 susp=0.00 cov=30.7%/100.0%
[R4] pos=(1527,1425) state=exploring leader=None trust=1.00 susp=0.00 cov=30.7%/100.0%
[R4] pos=(1522,1425) state=exploring leader=None trust=1.00 susp=0.00 cov=30.7%/100.0%
[R4] pos=(1618,1425) state=exploring leader=None trust=1.00 susp=0.00 cov=30.7%/100.0%
[R4] pos=(1624,1425) state=exploring leader=None trust=1.00 susp=0.00 cov=30.7%/100.0%
[R4] pos=(1600,1425) state=exploring leader=None trust=1.00 susp=0.00 cov=30.7%/100.0%
[R4] pos=(1498,1425) state=exploring leader=None trust=1.00 susp=0.00 cov=30.7%/100.0%
[R4] pos=(1510,1425) state=exploring leader=None trust=1.00 susp=0.00 cov=30.7%/100.0%
[R4] pos=(1624,1425) state=exploring leader=None trust=1.00 susp=0.00 cov=30.7%/100.0%
[R4] pos=(1601,1425) state=exploring leader=None trust=1.00 susp=0.00 cov=30.7%/100.0%
[R4] pos=(1625,1425) state=exploring leader=None trust=1.00 susp=0.00 cov=30.7%/100.0%
[R4] pos=(1502,1425) state=exploring leader=None trust=1.00 susp=0.00 cov=30.7%/100.0%
[R4] pos=(1524,1425) state=exploring leader=None trust=1.00 susp=0.00 cov=30.7%/100.0%
[R4] pos=(1522,1425) state=exploring leader=None trust=1.00 susp=0.00 cov=30.7%/100.0%
[R4] pos=(1624,1425) state=exploring leader=None trust=1.00 susp=0.00 cov=30.7%/100.0%
[R4] pos=(1620,1425) state=exploring leader=None trust=1.00 susp=0.00 cov=30.7%/100.0%
[R4] pos=(1493,1425) state=exploring leader=None trust=1.00 susp=0.00 cov=30.7%/100.0%
[R4] pos=(1621,1425) state=exploring leader=None trust=1.00 susp=0.00 cov=30.7%/100.0%
[R4] pos=(1621,1425) state=exploring leader=None trust=1.00 susp=0.00 cov=30.7%/100.0%
[R4] pos=(1621,1425) state=exploring leader=None trust=1.00 susp=0.00 cov=30.7%/100.0%
[R4] pos=(1621,1425) state=exploring leader=None trust=1.00 susp=0.00 cov=30.7%/100.0%
[R4] pos=(1621,1425) state=exploring leader=None trust=1.00 susp=0.00 cov=30.7%/100.0%
[R4] pos=(1621,1425) state=exploring leader=None trust=1.00 susp=0.00 cov=30.7%/100.0%
[R4] pos=(1621,1425) state=exploring leader=None trust=1.00 susp=0.00 cov=30.7%/100.0%
[R4] pos=(1621,1425) state=exploring leader=None trust=1.00 susp=0.00 cov=30.7%/100.0%
[R4] pos=(1621,1425) state=exploring leader=None trust=1.00 susp=0.00 cov=30.7%/100.0%
[R4] pos=(1621,1425) state=exploring leader=None trust=1.00 susp=0.00 cov=30.7%/100.0%
[R4] pos=(1638,1425) state=exploring leader=None trust=1.00 susp=0.00 cov=30.7%/100.0%
[R4] pos=(1649,1425) state=exploring leader=None trust=1.00 susp=0.00 cov=30.7%/100.0%
[R4] pos=(1626,1425) state=exploring leader=None trust=1.00 susp=0.00 cov=30.7%/100.0%
