[WARN] Hardware modules not available - simulation mode
=== RAFT Baseline - Robot 2 [SIM] ===
NO TRUST. Heartbeat timeout only.

  Logging to: logs/raft_2_20260226_222028.jsonl
Initializing hardware...
  Hardware: SIMULATED
[INFO] Position socket listening on port 5102
[INFO] Peer socket listening on port 5202
[INFO] Fault socket listening on port 5302
Ready!

Running RAFT baseline... Press Ctrl+C to stop

[R2] state=follower leader=None term=0 cov=0.0%/0.0%
[RAFT] Starting election, term 1
[RAFT] Became leader, term 1
[R2] state=leader leader=2 term=1 cov=0.5%/0.5%
[R2] state=leader leader=2 term=1 cov=3.1%/13.0%
[R2] state=leader leader=2 term=1 cov=4.7%/19.3%
[R2] state=leader leader=2 term=1 cov=5.7%/20.3%
[R2] state=leader leader=2 term=1 cov=5.7%/20.3%
[R2] state=leader leader=2 term=1 cov=5.7%/20.3%
[R2] state=leader leader=2 term=1 cov=5.7%/20.3%
[R2] state=leader leader=2 term=1 cov=5.7%/20.3%
[R2] state=leader leader=2 term=1 cov=5.7%/20.3%
[R2] state=leader leader=2 term=1 cov=5.7%/20.3%
[R2] state=leader leader=2 term=1 cov=6.8%/24.5%
[R2] state=leader leader=2 term=1 cov=9.4%/31.8%
[R2] state=leader leader=2 term=1 cov=12.5%/39.6%
[R2] state=leader leader=2 term=1 cov=15.6%/43.8%
[R2] state=leader leader=2 term=1 cov=19.3%/49.0%
[FAULT] BAD_LEADER mode - will send bad assignments (Raft CANNOT detect this)
[BAD_LEADER] Raft leader sending 5 robots to EXPLORED cells (persistent, no detection possible)
[R2] state=leader leader=2 term=1 cov=20.3%/51.6%
[BAD_LEADER] Raft leader sending 5 robots to EXPLORED cells (persistent, no detection possible)
[BAD_LEADER] Raft leader sending 5 robots to EXPLORED cells (persistent, no detection possible)
[BAD_LEADER] Raft leader sending 5 robots to EXPLORED cells (persistent, no detection possible)
[BAD_LEADER] Raft leader sending 5 robots to EXPLORED cells (persistent, no detection possible)
[BAD_LEADER] Raft leader sending 5 robots to EXPLORED cells (persistent, no detection possible)
[BAD_LEADER] Raft leader sending 5 robots to EXPLORED cells (persistent, no detection possible)
[BAD_LEADER] Raft leader sending 5 robots to EXPLORED cells (persistent, no detection possible)
[BAD_LEADER] Raft leader sending 5 robots to EXPLORED cells (persistent, no detection possible)
[BAD_LEADER] Raft leader sending 5 robots to EXPLORED cells (persistent, no detection possible)
[BAD_LEADER] Raft leader sending 5 robots to EXPLORED cells (persistent, no detection possible)
[BAD_LEADER] Raft leader sending 5 robots to EXPLORED cells (persistent, no detection possible)
[BAD_LEADER] Raft leader sending 5 robots to EXPLORED cells (persistent, no detection possible)
[BAD_LEADER] Raft leader sending 5 robots to EXPLORED cells (persistent, no detection possible)
[R2] state=leader leader=2 term=1 cov=20.8%/54.7%
[BAD_LEADER] Raft leader sending 5 robots to EXPLORED cells (persistent, no detection possible)
[BAD_LEADER] Raft leader sending 5 robots to EXPLORED cells (persistent, no detection possible)
[BAD_LEADER] Raft leader sending 5 robots to EXPLORED cells (persistent, no detection possible)
[BAD_LEADER] Raft leader sending 5 robots to EXPLORED cells (persistent, no detection possible)
[BAD_LEADER] Raft leader sending 5 robots to EXPLORED cells (persistent, no detection possible)
[BAD_LEADER] Raft leader sending 5 robots to EXPLORED cells (persistent, no detection possible)
[BAD_LEADER] Raft leader sending 5 robots to EXPLORED cells (persistent, no detection possible)
[BAD_LEADER] Raft leader sending 5 robots to EXPLORED cells (persistent, no detection possible)
[BAD_LEADER] Raft leader sending 5 robots to EXPLORED cells (persistent, no detection possible)
[BAD_LEADER] Raft leader sending 5 robots to EXPLORED cells (persistent, no detection possible)
[BAD_LEADER] Raft leader sending 5 robots to EXPLORED cells (persistent, no detection possible)
[BAD_LEADER] Raft leader sending 5 robots to EXPLORED cells (persistent, no detection possible)
[BAD_LEADER] Raft leader sending 5 robots to EXPLORED cells (persistent, no detection possible)
[BAD_LEADER] Raft leader sending 5 robots to EXPLORED cells (persistent, no detection possible)
[R2] state=leader leader=2 term=1 cov=20.8%/57.3%
[BAD_LEADER] Raft leader sending 5 robots to EXPLORED cells (persistent, no detection possible)
[BAD_LEADER] Raft leader sending 5 robots to EXPLORED cells (persistent, no detection possible)
[BAD_LEADER] Raft leader sending 5 robots to EXPLORED cells (persistent, no detection possible)
[BAD_LEADER] Raft leader sending 5 robots to EXPLORED cells (persistent, no detection possible)
[BAD_LEADER] Raft leader sending 5 robots to EXPLORED cells (persistent, no detection possible)
[BAD_LEADER] Raft leader sending 5 robots to EXPLORED cells (persistent, no detection possible)
[BAD_LEADER] Raft leader sending 5 robots to EXPLORED cells (persistent, no detection possible)
[BAD_LEADER] Raft leader sending 5 robots to EXPLORED cells (persistent, no detection possible)
[BAD_LEADER] Raft leader sending 5 robots to EXPLORED cells (persistent, no detection possible)
[BAD_LEADER] Raft leader sending 5 robots to EXPLORED cells (persistent, no detection possible)
[BAD_LEADER] Raft leader sending 5 robots to EXPLORED cells (persistent, no detection possible)
[BAD_LEADER] Raft leader sending 5 robots to EXPLORED cells (persistent, no detection possible)
[BAD_LEADER] Raft leader sending 5 robots to EXPLORED cells (persistent, no detection possible)
[BAD_LEADER] Raft leader sending 5 robots to EXPLORED cells (persistent, no detection possible)
[R2] state=leader leader=2 term=1 cov=20.8%/57.3%
[BAD_LEADER] Raft leader sending 5 robots to EXPLORED cells (persistent, no detection possible)
[BAD_LEADER] Raft leader sending 5 robots to EXPLORED cells (persistent, no detection possible)
[BAD_LEADER] Raft leader sending 5 robots to EXPLORED cells (persistent, no detection possible)
[BAD_LEADER] Raft leader sending 5 robots to EXPLORED cells (persistent, no detection possible)
[BAD_LEADER] Raft leader sending 5 robots to EXPLORED cells (persistent, no detection possible)
[BAD_LEADER] Raft leader sending 5 robots to EXPLORED cells (persistent, no detection possible)
[BAD_LEADER] Raft leader sending 5 robots to EXPLORED cells (persistent, no detection possible)
[BAD_LEADER] Raft leader sending 5 robots to EXPLORED cells (persistent, no detection possible)
[BAD_LEADER] Raft leader sending 5 robots to EXPLORED cells (persistent, no detection possible)
[BAD_LEADER] Raft leader sending 5 robots to EXPLORED cells (persistent, no detection possible)
[BAD_LEADER] Raft leader sending 5 robots to EXPLORED cells (persistent, no detection possible)
[BAD_LEADER] Raft leader sending 5 robots to EXPLORED cells (persistent, no detection possible)
[BAD_LEADER] Raft leader sending 5 robots to EXPLORED cells (persistent, no detection possible)
[BAD_LEADER] Raft leader sending 5 robots to EXPLORED cells (persistent, no detection possible)
[R2] state=leader leader=2 term=1 cov=20.8%/57.3%
[BAD_LEADER] Raft leader sending 5 robots to EXPLORED cells (persistent, no detection possible)
[BAD_LEADER] Raft leader sending 5 robots to EXPLORED cells (persistent, no detection possible)
[BAD_LEADER] Raft leader sending 5 robots to EXPLORED cells (persistent, no detection possible)
[BAD_LEADER] Raft leader sending 5 robots to EXPLORED cells (persistent, no detection possible)
[BAD_LEADER] Raft leader sending 5 robots to EXPLORED cells (persistent, no detection possible)
[BAD_LEADER] Raft leader sending 5 robots to EXPLORED cells (persistent, no detection possible)
[BAD_LEADER] Raft leader sending 5 robots to EXPLORED cells (persistent, no detection possible)
[BAD_LEADER] Raft leader sending 5 robots to EXPLORED cells (persistent, no detection possible)
[BAD_LEADER] Raft leader sending 5 robots to EXPLORED cells (persistent, no detection possible)
[BAD_LEADER] Raft leader sending 5 robots to EXPLORED cells (persistent, no detection possible)
[BAD_LEADER] Raft leader sending 5 robots to EXPLORED cells (persistent, no detection possible)
[BAD_LEADER] Raft leader sending 5 robots to EXPLORED cells (persistent, no detection possible)
[BAD_LEADER] Raft leader sending 5 robots to EXPLORED cells (persistent, no detection possible)
[R2] state=leader leader=2 term=1 cov=20.8%/57.3%
[BAD_LEADER] Raft leader sending 5 robots to EXPLORED cells (persistent, no detection possible)
[BAD_LEADER] Raft leader sending 5 robots to EXPLORED cells (persistent, no detection possible)
[BAD_LEADER] Raft leader sending 5 robots to EXPLORED cells (persistent, no detection possible)
[BAD_LEADER] Raft leader sending 5 robots to EXPLORED cells (persistent, no detection possible)
[BAD_LEADER] Raft leader sending 5 robots to EXPLORED cells (persistent, no detection possible)
[BAD_LEADER] Raft leader sending 5 robots to EXPLORED cells (persistent, no detection possible)
[BAD_LEADER] Raft leader sending 5 robots to EXPLORED cells (persistent, no detection possible)
[BAD_LEADER] Raft leader sending 5 robots to EXPLORED cells (persistent, no detection possible)
[BAD_LEADER] Raft leader sending 5 robots to EXPLORED cells (persistent, no detection possible)
[BAD_LEADER] Raft leader sending 5 robots to EXPLORED cells (persistent, no detection possible)
[BAD_LEADER] Raft leader sending 5 robots to EXPLORED cells (persistent, no detection possible)
[BAD_LEADER] Raft leader sending 5 robots to EXPLORED cells (persistent, no detection possible)
[BAD_LEADER] Raft leader sending 5 robots to EXPLORED cells (persistent, no detection possible)
[BAD_LEADER] Raft leader sending 5 robots to EXPLORED cells (persistent, no detection possible)
[R2] state=leader leader=2 term=1 cov=20.8%/57.3%
[BAD_LEADER] Raft leader sending 5 robots to EXPLORED cells (persistent, no detection possible)
[BAD_LEADER] Raft leader sending 5 robots to EXPLORED cells (persistent, no detection possible)
[BAD_LEADER] Raft leader sending 5 robots to EXPLORED cells (persistent, no detection possible)
[BAD_LEADER] Raft leader sending 5 robots to EXPLORED cells (persistent, no detection possible)
[BAD_LEADER] Raft leader sending 5 robots to EXPLORED cells (persistent, no detection possible)
[BAD_LEADER] Raft leader sending 5 robots to EXPLORED cells (persistent, no detection possible)
[BAD_LEADER] Raft leader sending 5 robots to EXPLORED cells (persistent, no detection possible)
[BAD_LEADER] Raft leader sending 5 robots to EXPLORED cells (persistent, no detection possible)
[BAD_LEADER] Raft leader sending 5 robots to EXPLORED cells (persistent, no detection possible)
[BAD_LEADER] Raft leader sending 5 robots to EXPLORED cells (persistent, no detection possible)
[BAD_LEADER] Raft leader sending 5 robots to EXPLORED cells (persistent, no detection possible)
[BAD_LEADER] Raft leader sending 5 robots to EXPLORED cells (persistent, no detection possible)
[BAD_LEADER] Raft leader sending 5 robots to EXPLORED cells (persistent, no detection possible)
[BAD_LEADER] Raft leader sending 5 robots to EXPLORED cells (persistent, no detection possible)
[R2] state=leader leader=2 term=1 cov=20.8%/57.3%
[BAD_LEADER] Raft leader sending 5 robots to EXPLORED cells (persistent, no detection possible)
[BAD_LEADER] Raft leader sending 5 robots to EXPLORED cells (persistent, no detection possible)
[BAD_LEADER] Raft leader sending 5 robots to EXPLORED cells (persistent, no detection possible)
[BAD_LEADER] Raft leader sending 5 robots to EXPLORED cells (persistent, no detection possible)
[BAD_LEADER] Raft leader sending 5 robots to EXPLORED cells (persistent, no detection possible)
[BAD_LEADER] Raft leader sending 5 robots to EXPLORED cells (persistent, no detection possible)
[BAD_LEADER] Raft leader sending 5 robots to EXPLORED cells (persistent, no detection possible)
[BAD_LEADER] Raft leader sending 5 robots to EXPLORED cells (persistent, no detection possible)
[BAD_LEADER] Raft leader sending 5 robots to EXPLORED cells (persistent, no detection possible)
[BAD_LEADER] Raft leader sending 5 robots to EXPLORED cells (persistent, no detection possible)
[BAD_LEADER] Raft leader sending 5 robots to EXPLORED cells (persistent, no detection possible)
[BAD_LEADER] Raft leader sending 5 robots to EXPLORED cells (persistent, no detection possible)
[BAD_LEADER] Raft leader sending 5 robots to EXPLORED cells (persistent, no detection possible)
[R2] state=leader leader=2 term=1 cov=20.8%/57.3%
[BAD_LEADER] Raft leader sending 5 robots to EXPLORED cells (persistent, no detection possible)
[BAD_LEADER] Raft leader sending 5 robots to EXPLORED cells (persistent, no detection possible)
[BAD_LEADER] Raft leader sending 5 robots to EXPLORED cells (persistent, no detection possible)
[BAD_LEADER] Raft leader sending 5 robots to EXPLORED cells (persistent, no detection possible)
[BAD_LEADER] Raft leader sending 5 robots to EXPLORED cells (persistent, no detection possible)
[BAD_LEADER] Raft leader sending 5 robots to EXPLORED cells (persistent, no detection possible)
[BAD_LEADER] Raft leader sending 5 robots to EXPLORED cells (persistent, no detection possible)
[BAD_LEADER] Raft leader sending 5 robots to EXPLORED cells (persistent, no detection possible)
[BAD_LEADER] Raft leader sending 5 robots to EXPLORED cells (persistent, no detection possible)
[BAD_LEADER] Raft leader sending 5 robots to EXPLORED cells (persistent, no detection possible)
[BAD_LEADER] Raft leader sending 5 robots to EXPLORED cells (persistent, no detection possible)
[BAD_LEADER] Raft leader sending 5 robots to EXPLORED cells (persistent, no detection possible)
[BAD_LEADER] Raft leader sending 5 robots to EXPLORED cells (persistent, no detection possible)
[BAD_LEADER] Raft leader sending 5 robots to EXPLORED cells (persistent, no detection possible)
[R2] state=leader leader=2 term=1 cov=20.8%/57.3%
[BAD_LEADER] Raft leader sending 5 robots to EXPLORED cells (persistent, no detection possible)
[BAD_LEADER] Raft leader sending 5 robots to EXPLORED cells (persistent, no detection possible)
[BAD_LEADER] Raft leader sending 5 robots to EXPLORED cells (persistent, no detection possible)
[BAD_LEADER] Raft leader sending 5 robots to EXPLORED cells (persistent, no detection possible)
[BAD_LEADER] Raft leader sending 5 robots to EXPLORED cells (persistent, no detection possible)
[BAD_LEADER] Raft leader sending 5 robots to EXPLORED cells (persistent, no detection possible)
[BAD_LEADER] Raft leader sending 5 robots to EXPLORED cells (persistent, no detection possible)
[BAD_LEADER] Raft leader sending 5 robots to EXPLORED cells (persistent, no detection possible)
[BAD_LEADER] Raft leader sending 5 robots to EXPLORED cells (persistent, no detection possible)
[BAD_LEADER] Raft leader sending 5 robots to EXPLORED cells (persistent, no detection possible)
[BAD_LEADER] Raft leader sending 5 robots to EXPLORED cells (persistent, no detection possible)
[BAD_LEADER] Raft leader sending 5 robots to EXPLORED cells (persistent, no detection possible)
[BAD_LEADER] Raft leader sending 5 robots to EXPLORED cells (persistent, no detection possible)
[BAD_LEADER] Raft leader sending 5 robots to EXPLORED cells (persistent, no detection possible)
[R2] state=leader leader=2 term=1 cov=20.8%/57.3%
[BAD_LEADER] Raft leader sending 5 robots to EXPLORED cells (persistent, no detection possible)
[BAD_LEADER] Raft leader sending 5 robots to EXPLORED cells (persistent, no detection possible)
[BAD_LEADER] Raft leader sending 5 robots to EXPLORED cells (persistent, no detection possible)
[BAD_LEADER] Raft leader sending 5 robots to EXPLORED cells (persistent, no detection possible)
[BAD_LEADER] Raft leader sending 5 robots to EXPLORED cells (persistent, no detection possible)
[BAD_LEADER] Raft leader sending 5 robots to EXPLORED cells (persistent, no detection possible)
[BAD_LEADER] Raft leader sending 5 robots to EXPLORED cells (persistent, no detection possible)
[BAD_LEADER] Raft leader sending 5 robots to EXPLORED cells (persistent, no detection possible)
[BAD_LEADER] Raft leader sending 5 robots to EXPLORED cells (persistent, no detection possible)
[BAD_LEADER] Raft leader sending 5 robots to EXPLORED cells (persistent, no detection possible)
[BAD_LEADER] Raft leader sending 5 robots to EXPLORED cells (persistent, no detection possible)
[BAD_LEADER] Raft leader sending 5 robots to EXPLORED cells (persistent, no detection possible)
[BAD_LEADER] Raft leader sending 5 robots to EXPLORED cells (persistent, no detection possible)
[R2] state=leader leader=2 term=1 cov=20.8%/57.3%
[BAD_LEADER] Raft leader sending 5 robots to EXPLORED cells (persistent, no detection possible)
[BAD_LEADER] Raft leader sending 5 robots to EXPLORED cells (persistent, no detection possible)
[BAD_LEADER] Raft leader sending 5 robots to EXPLORED cells (persistent, no detection possible)
[BAD_LEADER] Raft leader sending 5 robots to EXPLORED cells (persistent, no detection possible)
[BAD_LEADER] Raft leader sending 5 robots to EXPLORED cells (persistent, no detection possible)
[BAD_LEADER] Raft leader sending 5 robots to EXPLORED cells (persistent, no detection possible)
[BAD_LEADER] Raft leader sending 5 robots to EXPLORED cells (persistent, no detection possible)
[BAD_LEADER] Raft leader sending 5 robots to EXPLORED cells (persistent, no detection possible)
[BAD_LEADER] Raft leader sending 5 robots to EXPLORED cells (persistent, no detection possible)
[BAD_LEADER] Raft leader sending 5 robots to EXPLORED cells (persistent, no detection possible)
[BAD_LEADER] Raft leader sending 5 robots to EXPLORED cells (persistent, no detection possible)
[BAD_LEADER] Raft leader sending 5 robots to EXPLORED cells (persistent, no detection possible)
[BAD_LEADER] Raft leader sending 5 robots to EXPLORED cells (persistent, no detection possible)
[BAD_LEADER] Raft leader sending 5 robots to EXPLORED cells (persistent, no detection possible)
[R2] state=leader leader=2 term=1 cov=20.8%/57.3%
[BAD_LEADER] Raft leader sending 5 robots to EXPLORED cells (persistent, no detection possible)
[BAD_LEADER] Raft leader sending 5 robots to EXPLORED cells (persistent, no detection possible)
[BAD_LEADER] Raft leader sending 5 robots to EXPLORED cells (persistent, no detection possible)
[BAD_LEADER] Raft leader sending 5 robots to EXPLORED cells (persistent, no detection possible)
[BAD_LEADER] Raft leader sending 5 robots to EXPLORED cells (persistent, no detection possible)
[BAD_LEADER] Raft leader sending 5 robots to EXPLORED cells (persistent, no detection possible)
[BAD_LEADER] Raft leader sending 5 robots to EXPLORED cells (persistent, no detection possible)
[BAD_LEADER] Raft leader sending 5 robots to EXPLORED cells (persistent, no detection possible)
[BAD_LEADER] Raft leader sending 5 robots to EXPLORED cells (persistent, no detection possible)
[BAD_LEADER] Raft leader sending 5 robots to EXPLORED cells (persistent, no detection possible)
[BAD_LEADER] Raft leader sending 5 robots to EXPLORED cells (persistent, no detection possible)
[BAD_LEADER] Raft leader sending 5 robots to EXPLORED cells (persistent, no detection possible)
[BAD_LEADER] Raft leader sending 5 robots to EXPLORED cells (persistent, no detection possible)
[BAD_LEADER] Raft leader sending 5 robots to EXPLORED cells (persistent, no detection possible)
[R2] state=leader leader=2 term=1 cov=20.8%/57.3%
[BAD_LEADER] Raft leader sending 5 robots to EXPLORED cells (persistent, no detection possible)
[BAD_LEADER] Raft leader sending 5 robots to EXPLORED cells (persistent, no detection possible)
[BAD_LEADER] Raft leader sending 5 robots to EXPLORED cells (persistent, no detection possible)
[BAD_LEADER] Raft leader sending 5 robots to EXPLORED cells (persistent, no detection possible)
[BAD_LEADER] Raft leader sending 5 robots to EXPLORED cells (persistent, no detection possible)
[BAD_LEADER] Raft leader sending 5 robots to EXPLORED cells (persistent, no detection possible)
[BAD_LEADER] Raft leader sending 5 robots to EXPLORED cells (persistent, no detection possible)
[BAD_LEADER] Raft leader sending 5 robots to EXPLORED cells (persistent, no detection possible)
[BAD_LEADER] Raft leader sending 5 robots to EXPLORED cells (persistent, no detection possible)
[BAD_LEADER] Raft leader sending 5 robots to EXPLORED cells (persistent, no detection possible)
[BAD_LEADER] Raft leader sending 5 robots to EXPLORED cells (persistent, no detection possible)
[BAD_LEADER] Raft leader sending 5 robots to EXPLORED cells (persistent, no detection possible)
[BAD_LEADER] Raft leader sending 5 robots to EXPLORED cells (persistent, no detection possible)
[R2] state=leader leader=2 term=1 cov=20.8%/57.3%
[BAD_LEADER] Raft leader sending 5 robots to EXPLORED cells (persistent, no detection possible)
[BAD_LEADER] Raft leader sending 5 robots to EXPLORED cells (persistent, no detection possible)
[BAD_LEADER] Raft leader sending 5 robots to EXPLORED cells (persistent, no detection possible)
[BAD_LEADER] Raft leader sending 5 robots to EXPLORED cells (persistent, no detection possible)
[BAD_LEADER] Raft leader sending 5 robots to EXPLORED cells (persistent, no detection possible)
[BAD_LEADER] Raft leader sending 5 robots to EXPLORED cells (persistent, no detection possible)
[BAD_LEADER] Raft leader sending 5 robots to EXPLORED cells (persistent, no detection possible)
[BAD_LEADER] Raft leader sending 5 robots to EXPLORED cells (persistent, no detection possible)
[BAD_LEADER] Raft leader sending 5 robots to EXPLORED cells (persistent, no detection possible)
[BAD_LEADER] Raft leader sending 5 robots to EXPLORED cells (persistent, no detection possible)
[BAD_LEADER] Raft leader sending 5 robots to EXPLORED cells (persistent, no detection possible)
[BAD_LEADER] Raft leader sending 5 robots to EXPLORED cells (persistent, no detection possible)
[BAD_LEADER] Raft leader sending 5 robots to EXPLORED cells (persistent, no detection possible)
[BAD_LEADER] Raft leader sending 5 robots to EXPLORED cells (persistent, no detection possible)
[R2] state=leader leader=2 term=1 cov=20.8%/57.3%
[BAD_LEADER] Raft leader sending 5 robots to EXPLORED cells (persistent, no detection possible)
[BAD_LEADER] Raft leader sending 5 robots to EXPLORED cells (persistent, no detection possible)
[BAD_LEADER] Raft leader sending 5 robots to EXPLORED cells (persistent, no detection possible)
[BAD_LEADER] Raft leader sending 5 robots to EXPLORED cells (persistent, no detection possible)
[BAD_LEADER] Raft leader sending 5 robots to EXPLORED cells (persistent, no detection possible)
[BAD_LEADER] Raft leader sending 5 robots to EXPLORED cells (persistent, no detection possible)
[BAD_LEADER] Raft leader sending 5 robots to EXPLORED cells (persistent, no detection possible)
[BAD_LEADER] Raft leader sending 5 robots to EXPLORED cells (persistent, no detection possible)
[BAD_LEADER] Raft leader sending 5 robots to EXPLORED cells (persistent, no detection possible)
[BAD_LEADER] Raft leader sending 5 robots to EXPLORED cells (persistent, no detection possible)
[BAD_LEADER] Raft leader sending 5 robots to EXPLORED cells (persistent, no detection possible)
[BAD_LEADER] Raft leader sending 5 robots to EXPLORED cells (persistent, no detection possible)
[BAD_LEADER] Raft leader sending 5 robots to EXPLORED cells (persistent, no detection possible)
[R2] state=leader leader=2 term=1 cov=20.8%/57.3%
[BAD_LEADER] Raft leader sending 5 robots to EXPLORED cells (persistent, no detection possible)
[BAD_LEADER] Raft leader sending 5 robots to EXPLORED cells (persistent, no detection possible)
[BAD_LEADER] Raft leader sending 5 robots to EXPLORED cells (persistent, no detection possible)
[BAD_LEADER] Raft leader sending 5 robots to EXPLORED cells (persistent, no detection possible)
[BAD_LEADER] Raft leader sending 5 robots to EXPLORED cells (persistent, no detection possible)
[BAD_LEADER] Raft leader sending 5 robots to EXPLORED cells (persistent, no detection possible)
[BAD_LEADER] Raft leader sending 5 robots to EXPLORED cells (persistent, no detection possible)
[BAD_LEADER] Raft leader sending 5 robots to EXPLORED cells (persistent, no detection possible)
[BAD_LEADER] Raft leader sending 5 robots to EXPLORED cells (persistent, no detection possible)
[BAD_LEADER] Raft leader sending 5 robots to EXPLORED cells (persistent, no detection possible)
[BAD_LEADER] Raft leader sending 5 robots to EXPLORED cells (persistent, no detection possible)
[BAD_LEADER] Raft leader sending 5 robots to EXPLORED cells (persistent, no detection possible)
[BAD_LEADER] Raft leader sending 5 robots to EXPLORED cells (persistent, no detection possible)
[BAD_LEADER] Raft leader sending 5 robots to EXPLORED cells (persistent, no detection possible)
[R2] state=leader leader=2 term=1 cov=20.8%/57.3%
[BAD_LEADER] Raft leader sending 5 robots to EXPLORED cells (persistent, no detection possible)
[BAD_LEADER] Raft leader sending 5 robots to EXPLORED cells (persistent, no detection possible)
[BAD_LEADER] Raft leader sending 5 robots to EXPLORED cells (persistent, no detection possible)
[BAD_LEADER] Raft leader sending 5 robots to EXPLORED cells (persistent, no detection possible)
[BAD_LEADER] Raft leader sending 5 robots to EXPLORED cells (persistent, no detection possible)
[BAD_LEADER] Raft leader sending 5 robots to EXPLORED cells (persistent, no detection possible)
[BAD_LEADER] Raft leader sending 5 robots to EXPLORED cells (persistent, no detection possible)
[BAD_LEADER] Raft leader sending 5 robots to EXPLORED cells (persistent, no detection possible)
[BAD_LEADER] Raft leader sending 5 robots to EXPLORED cells (persistent, no detection possible)
[BAD_LEADER] Raft leader sending 5 robots to EXPLORED cells (persistent, no detection possible)
[BAD_LEADER] Raft leader sending 5 robots to EXPLORED cells (persistent, no detection possible)
[BAD_LEADER] Raft leader sending 5 robots to EXPLORED cells (persistent, no detection possible)
[BAD_LEADER] Raft leader sending 5 robots to EXPLORED cells (persistent, no detection possible)
[BAD_LEADER] Raft leader sending 5 robots to EXPLORED cells (persistent, no detection possible)
[R2] state=leader leader=2 term=1 cov=20.8%/57.3%
[BAD_LEADER] Raft leader sending 5 robots to EXPLORED cells (persistent, no detection possible)
[BAD_LEADER] Raft leader sending 5 robots to EXPLORED cells (persistent, no detection possible)
[BAD_LEADER] Raft leader sending 5 robots to EXPLORED cells (persistent, no detection possible)
[BAD_LEADER] Raft leader sending 5 robots to EXPLORED cells (persistent, no detection possible)
[BAD_LEADER] Raft leader sending 5 robots to EXPLORED cells (persistent, no detection possible)
[BAD_LEADER] Raft leader sending 5 robots to EXPLORED cells (persistent, no detection possible)
[BAD_LEADER] Raft leader sending 5 robots to EXPLORED cells (persistent, no detection possible)
[BAD_LEADER] Raft leader sending 5 robots to EXPLORED cells (persistent, no detection possible)
[BAD_LEADER] Raft leader sending 5 robots to EXPLORED cells (persistent, no detection possible)
[BAD_LEADER] Raft leader sending 5 robots to EXPLORED cells (persistent, no detection possible)
[BAD_LEADER] Raft leader sending 5 robots to EXPLORED cells (persistent, no detection possible)
[BAD_LEADER] Raft leader sending 5 robots to EXPLORED cells (persistent, no detection possible)
[BAD_LEADER] Raft leader sending 5 robots to EXPLORED cells (persistent, no detection possible)
[BAD_LEADER] Raft leader sending 5 robots to EXPLORED cells (persistent, no detection possible)
[R2] state=leader leader=2 term=1 cov=20.8%/57.3%
[BAD_LEADER] Raft leader sending 5 robots to EXPLORED cells (persistent, no detection possible)
[BAD_LEADER] Raft leader sending 5 robots to EXPLORED cells (persistent, no detection possible)
[BAD_LEADER] Raft leader sending 5 robots to EXPLORED cells (persistent, no detection possible)
[BAD_LEADER] Raft leader sending 5 robots to EXPLORED cells (persistent, no detection possible)
[BAD_LEADER] Raft leader sending 5 robots to EXPLORED cells (persistent, no detection possible)
[BAD_LEADER] Raft leader sending 5 robots to EXPLORED cells (persistent, no detection possible)
[BAD_LEADER] Raft leader sending 5 robots to EXPLORED cells (persistent, no detection possible)
[BAD_LEADER] Raft leader sending 5 robots to EXPLORED cells (persistent, no detection possible)
[BAD_LEADER] Raft leader sending 5 robots to EXPLORED cells (persistent, no detection possible)
[BAD_LEADER] Raft leader sending 5 robots to EXPLORED cells (persistent, no detection possible)
[BAD_LEADER] Raft leader sending 5 robots to EXPLORED cells (persistent, no detection possible)
[BAD_LEADER] Raft leader sending 5 robots to EXPLORED cells (persistent, no detection possible)
[BAD_LEADER] Raft leader sending 5 robots to EXPLORED cells (persistent, no detection possible)
[R2] state=leader leader=2 term=1 cov=20.8%/57.3%
[BAD_LEADER] Raft leader sending 5 robots to EXPLORED cells (persistent, no detection possible)
[BAD_LEADER] Raft leader sending 5 robots to EXPLORED cells (persistent, no detection possible)
[BAD_LEADER] Raft leader sending 5 robots to EXPLORED cells (persistent, no detection possible)
[BAD_LEADER] Raft leader sending 5 robots to EXPLORED cells (persistent, no detection possible)
[BAD_LEADER] Raft leader sending 5 robots to EXPLORED cells (persistent, no detection possible)
[BAD_LEADER] Raft leader sending 5 robots to EXPLORED cells (persistent, no detection possible)
[BAD_LEADER] Raft leader sending 5 robots to EXPLORED cells (persistent, no detection possible)
[BAD_LEADER] Raft leader sending 5 robots to EXPLORED cells (persistent, no detection possible)
[BAD_LEADER] Raft leader sending 5 robots to EXPLORED cells (persistent, no detection possible)
[BAD_LEADER] Raft leader sending 5 robots to EXPLORED cells (persistent, no detection possible)
[BAD_LEADER] Raft leader sending 5 robots to EXPLORED cells (persistent, no detection possible)
[BAD_LEADER] Raft leader sending 5 robots to EXPLORED cells (persistent, no detection possible)
[BAD_LEADER] Raft leader sending 5 robots to EXPLORED cells (persistent, no detection possible)
[BAD_LEADER] Raft leader sending 5 robots to EXPLORED cells (persistent, no detection possible)
[R2] state=leader leader=2 term=1 cov=20.8%/57.3%
[BAD_LEADER] Raft leader sending 5 robots to EXPLORED cells (persistent, no detection possible)
[BAD_LEADER] Raft leader sending 5 robots to EXPLORED cells (persistent, no detection possible)
[BAD_LEADER] Raft leader sending 5 robots to EXPLORED cells (persistent, no detection possible)
[BAD_LEADER] Raft leader sending 5 robots to EXPLORED cells (persistent, no detection possible)
[BAD_LEADER] Raft leader sending 5 robots to EXPLORED cells (persistent, no detection possible)
[BAD_LEADER] Raft leader sending 5 robots to EXPLORED cells (persistent, no detection possible)
[BAD_LEADER] Raft leader sending 5 robots to EXPLORED cells (persistent, no detection possible)
[BAD_LEADER] Raft leader sending 5 robots to EXPLORED cells (persistent, no detection possible)
[BAD_LEADER] Raft leader sending 5 robots to EXPLORED cells (persistent, no detection possible)
[BAD_LEADER] Raft leader sending 5 robots to EXPLORED cells (persistent, no detection possible)
[BAD_LEADER] Raft leader sending 5 robots to EXPLORED cells (persistent, no detection possible)
[BAD_LEADER] Raft leader sending 5 robots to EXPLORED cells (persistent, no detection possible)
[BAD_LEADER] Raft leader sending 5 robots to EXPLORED cells (persistent, no detection possible)
[BAD_LEADER] Raft leader sending 5 robots to EXPLORED cells (persistent, no detection possible)
[R2] state=leader leader=2 term=1 cov=20.8%/57.3%
[BAD_LEADER] Raft leader sending 5 robots to EXPLORED cells (persistent, no detection possible)
[BAD_LEADER] Raft leader sending 5 robots to EXPLORED cells (persistent, no detection possible)
[BAD_LEADER] Raft leader sending 5 robots to EXPLORED cells (persistent, no detection possible)
[BAD_LEADER] Raft leader sending 5 robots to EXPLORED cells (persistent, no detection possible)
[BAD_LEADER] Raft leader sending 5 robots to EXPLORED cells (persistent, no detection possible)
[BAD_LEADER] Raft leader sending 5 robots to EXPLORED cells (persistent, no detection possible)
[BAD_LEADER] Raft leader sending 5 robots to EXPLORED cells (persistent, no detection possible)
[BAD_LEADER] Raft leader sending 5 robots to EXPLORED cells (persistent, no detection possible)
[BAD_LEADER] Raft leader sending 5 robots to EXPLORED cells (persistent, no detection possible)
[BAD_LEADER] Raft leader sending 5 robots to EXPLORED cells (persistent, no detection possible)
[BAD_LEADER] Raft leader sending 5 robots to EXPLORED cells (persistent, no detection possible)
[BAD_LEADER] Raft leader sending 5 robots to EXPLORED cells (persistent, no detection possible)
[BAD_LEADER] Raft leader sending 5 robots to EXPLORED cells (persistent, no detection possible)
[R2] state=leader leader=2 term=1 cov=20.8%/57.3%
[BAD_LEADER] Raft leader sending 5 robots to EXPLORED cells (persistent, no detection possible)
[BAD_LEADER] Raft leader sending 5 robots to EXPLORED cells (persistent, no detection possible)
[BAD_LEADER] Raft leader sending 5 robots to EXPLORED cells (persistent, no detection possible)
[BAD_LEADER] Raft leader sending 5 robots to EXPLORED cells (persistent, no detection possible)
[BAD_LEADER] Raft leader sending 5 robots to EXPLORED cells (persistent, no detection possible)
[BAD_LEADER] Raft leader sending 5 robots to EXPLORED cells (persistent, no detection possible)
[BAD_LEADER] Raft leader sending 5 robots to EXPLORED cells (persistent, no detection possible)
[BAD_LEADER] Raft leader sending 5 robots to EXPLORED cells (persistent, no detection possible)
[BAD_LEADER] Raft leader sending 5 robots to EXPLORED cells (persistent, no detection possible)
[BAD_LEADER] Raft leader sending 5 robots to EXPLORED cells (persistent, no detection possible)
[BAD_LEADER] Raft leader sending 5 robots to EXPLORED cells (persistent, no detection possible)
[BAD_LEADER] Raft leader sending 5 robots to EXPLORED cells (persistent, no detection possible)
[BAD_LEADER] Raft leader sending 5 robots to EXPLORED cells (persistent, no detection possible)
[BAD_LEADER] Raft leader sending 5 robots to EXPLORED cells (persistent, no detection possible)
[R2] state=leader leader=2 term=1 cov=20.8%/57.3%
[BAD_LEADER] Raft leader sending 5 robots to EXPLORED cells (persistent, no detection possible)
[BAD_LEADER] Raft leader sending 5 robots to EXPLORED cells (persistent, no detection possible)
[BAD_LEADER] Raft leader sending 5 robots to EXPLORED cells (persistent, no detection possible)
[BAD_LEADER] Raft leader sending 5 robots to EXPLORED cells (persistent, no detection possible)
[BAD_LEADER] Raft leader sending 5 robots to EXPLORED cells (persistent, no detection possible)
[BAD_LEADER] Raft leader sending 5 robots to EXPLORED cells (persistent, no detection possible)
[BAD_LEADER] Raft leader sending 5 robots to EXPLORED cells (persistent, no detection possible)
[BAD_LEADER] Raft leader sending 5 robots to EXPLORED cells (persistent, no detection possible)
[BAD_LEADER] Raft leader sending 5 robots to EXPLORED cells (persistent, no detection possible)
[BAD_LEADER] Raft leader sending 5 robots to EXPLORED cells (persistent, no detection possible)
[BAD_LEADER] Raft leader sending 5 robots to EXPLORED cells (persistent, no detection possible)
[BAD_LEADER] Raft leader sending 5 robots to EXPLORED cells (persistent, no detection possible)
[BAD_LEADER] Raft leader sending 5 robots to EXPLORED cells (persistent, no detection possible)
[BAD_LEADER] Raft leader sending 5 robots to EXPLORED cells (persistent, no detection possible)
[R2] state=leader leader=2 term=1 cov=20.8%/57.3%
[BAD_LEADER] Raft leader sending 5 robots to EXPLORED cells (persistent, no detection possible)
[BAD_LEADER] Raft leader sending 5 robots to EXPLORED cells (persistent, no detection possible)
[BAD_LEADER] Raft leader sending 5 robots to EXPLORED cells (persistent, no detection possible)
[BAD_LEADER] Raft leader sending 5 robots to EXPLORED cells (persistent, no detection possible)
[BAD_LEADER] Raft leader sending 5 robots to EXPLORED cells (persistent, no detection possible)
[BAD_LEADER] Raft leader sending 5 robots to EXPLORED cells (persistent, no detection possible)
[BAD_LEADER] Raft leader sending 5 robots to EXPLORED cells (persistent, no detection possible)
[BAD_LEADER] Raft leader sending 5 robots to EXPLORED cells (persistent, no detection possible)
[BAD_LEADER] Raft leader sending 5 robots to EXPLORED cells (persistent, no detection possible)
[BAD_LEADER] Raft leader sending 5 robots to EXPLORED cells (persistent, no detection possible)
[BAD_LEADER] Raft leader sending 5 robots to EXPLORED cells (persistent, no detection possible)
[BAD_LEADER] Raft leader sending 5 robots to EXPLORED cells (persistent, no detection possible)
[BAD_LEADER] Raft leader sending 5 robots to EXPLORED cells (persistent, no detection possible)
[R2] state=leader leader=2 term=1 cov=20.8%/57.3%
[BAD_LEADER] Raft leader sending 5 robots to EXPLORED cells (persistent, no detection possible)
[BAD_LEADER] Raft leader sending 5 robots to EXPLORED cells (persistent, no detection possible)
[BAD_LEADER] Raft leader sending 5 robots to EXPLORED cells (persistent, no detection possible)
[BAD_LEADER] Raft leader sending 5 robots to EXPLORED cells (persistent, no detection possible)
[BAD_LEADER] Raft leader sending 5 robots to EXPLORED cells (persistent, no detection possible)
[BAD_LEADER] Raft leader sending 5 robots to EXPLORED cells (persistent, no detection possible)
[BAD_LEADER] Raft leader sending 5 robots to EXPLORED cells (persistent, no detection possible)
[BAD_LEADER] Raft leader sending 5 robots to EXPLORED cells (persistent, no detection possible)
[BAD_LEADER] Raft leader sending 5 robots to EXPLORED cells (persistent, no detection possible)
[BAD_LEADER] Raft leader sending 5 robots to EXPLORED cells (persistent, no detection possible)
[BAD_LEADER] Raft leader sending 5 robots to EXPLORED cells (persistent, no detection possible)
[BAD_LEADER] Raft leader sending 5 robots to EXPLORED cells (persistent, no detection possible)
[BAD_LEADER] Raft leader sending 5 robots to EXPLORED cells (persistent, no detection possible)
[BAD_LEADER] Raft leader sending 5 robots to EXPLORED cells (persistent, no detection possible)
[R2] state=leader leader=2 term=1 cov=20.8%/57.3%
[BAD_LEADER] Raft leader sending 5 robots to EXPLORED cells (persistent, no detection possible)
[BAD_LEADER] Raft leader sending 5 robots to EXPLORED cells (persistent, no detection possible)
[BAD_LEADER] Raft leader sending 5 robots to EXPLORED cells (persistent, no detection possible)
[BAD_LEADER] Raft leader sending 5 robots to EXPLORED cells (persistent, no detection possible)
[BAD_LEADER] Raft leader sending 5 robots to EXPLORED cells (persistent, no detection possible)
[BAD_LEADER] Raft leader sending 5 robots to EXPLORED cells (persistent, no detection possible)
[BAD_LEADER] Raft leader sending 5 robots to EXPLORED cells (persistent, no detection possible)
[BAD_LEADER] Raft leader sending 5 robots to EXPLORED cells (persistent, no detection possible)
[BAD_LEADER] Raft leader sending 5 robots to EXPLORED cells (persistent, no detection possible)
[BAD_LEADER] Raft leader sending 5 robots to EXPLORED cells (persistent, no detection possible)
[BAD_LEADER] Raft leader sending 5 robots to EXPLORED cells (persistent, no detection possible)
[BAD_LEADER] Raft leader sending 5 robots to EXPLORED cells (persistent, no detection possible)
[BAD_LEADER] Raft leader sending 5 robots to EXPLORED cells (persistent, no detection possible)
[R2] state=leader leader=2 term=1 cov=20.8%/57.3%
[BAD_LEADER] Raft leader sending 5 robots to EXPLORED cells (persistent, no detection possible)
[BAD_LEADER] Raft leader sending 5 robots to EXPLORED cells (persistent, no detection possible)
[BAD_LEADER] Raft leader sending 5 robots to EXPLORED cells (persistent, no detection possible)
[BAD_LEADER] Raft leader sending 5 robots to EXPLORED cells (persistent, no detection possible)
[BAD_LEADER] Raft leader sending 5 robots to EXPLORED cells (persistent, no detection possible)
[BAD_LEADER] Raft leader sending 5 robots to EXPLORED cells (persistent, no detection possible)
[BAD_LEADER] Raft leader sending 5 robots to EXPLORED cells (persistent, no detection possible)
[BAD_LEADER] Raft leader sending 5 robots to EXPLORED cells (persistent, no detection possible)
[BAD_LEADER] Raft leader sending 5 robots to EXPLORED cells (persistent, no detection possible)
[BAD_LEADER] Raft leader sending 5 robots to EXPLORED cells (persistent, no detection possible)
[BAD_LEADER] Raft leader sending 5 robots to EXPLORED cells (persistent, no detection possible)
[BAD_LEADER] Raft leader sending 5 robots to EXPLORED cells (persistent, no detection possible)
[BAD_LEADER] Raft leader sending 5 robots to EXPLORED cells (persistent, no detection possible)
[BAD_LEADER] Raft leader sending 5 robots to EXPLORED cells (persistent, no detection possible)
[R2] state=leader leader=2 term=1 cov=20.8%/57.3%
[BAD_LEADER] Raft leader sending 5 robots to EXPLORED cells (persistent, no detection possible)
[BAD_LEADER] Raft leader sending 5 robots to EXPLORED cells (persistent, no detection possible)
[BAD_LEADER] Raft leader sending 5 robots to EXPLORED cells (persistent, no detection possible)
[BAD_LEADER] Raft leader sending 5 robots to EXPLORED cells (persistent, no detection possible)
[BAD_LEADER] Raft leader sending 5 robots to EXPLORED cells (persistent, no detection possible)
[BAD_LEADER] Raft leader sending 5 robots to EXPLORED cells (persistent, no detection possible)
[BAD_LEADER] Raft leader sending 5 robots to EXPLORED cells (persistent, no detection possible)
[BAD_LEADER] Raft leader sending 5 robots to EXPLORED cells (persistent, no detection possible)
[BAD_LEADER] Raft leader sending 5 robots to EXPLORED cells (persistent, no detection possible)
[BAD_LEADER] Raft leader sending 5 robots to EXPLORED cells (persistent, no detection possible)
[BAD_LEADER] Raft leader sending 5 robots to EXPLORED cells (persistent, no detection possible)
[BAD_LEADER] Raft leader sending 5 robots to EXPLORED cells (persistent, no detection possible)
[BAD_LEADER] Raft leader sending 5 robots to EXPLORED cells (persistent, no detection possible)
[BAD_LEADER] Raft leader sending 5 robots to EXPLORED cells (persistent, no detection possible)
[R2] state=leader leader=2 term=1 cov=20.8%/57.3%
[BAD_LEADER] Raft leader sending 5 robots to EXPLORED cells (persistent, no detection possible)
[BAD_LEADER] Raft leader sending 5 robots to EXPLORED cells (persistent, no detection possible)
[BAD_LEADER] Raft leader sending 5 robots to EXPLORED cells (persistent, no detection possible)
[BAD_LEADER] Raft leader sending 5 robots to EXPLORED cells (persistent, no detection possible)
[BAD_LEADER] Raft leader sending 5 robots to EXPLORED cells (persistent, no detection possible)
[BAD_LEADER] Raft leader sending 5 robots to EXPLORED cells (persistent, no detection possible)
[BAD_LEADER] Raft leader sending 5 robots to EXPLORED cells (persistent, no detection possible)
[BAD_LEADER] Raft leader sending 5 robots to EXPLORED cells (persistent, no detection possible)
[BAD_LEADER] Raft leader sending 5 robots to EXPLORED cells (persistent, no detection possible)
[BAD_LEADER] Raft leader sending 5 robots to EXPLORED cells (persistent, no detection possible)
[BAD_LEADER] Raft leader sending 5 robots to EXPLORED cells (persistent, no detection possible)
[BAD_LEADER] Raft leader sending 5 robots to EXPLORED cells (persistent, no detection possible)
[BAD_LEADER] Raft leader sending 5 robots to EXPLORED cells (persistent, no detection possible)
[R2] state=leader leader=2 term=1 cov=20.8%/57.3%
[BAD_LEADER] Raft leader sending 5 robots to EXPLORED cells (persistent, no detection possible)
[BAD_LEADER] Raft leader sending 5 robots to EXPLORED cells (persistent, no detection possible)
[BAD_LEADER] Raft leader sending 5 robots to EXPLORED cells (persistent, no detection possible)
[BAD_LEADER] Raft leader sending 5 robots to EXPLORED cells (persistent, no detection possible)
[BAD_LEADER] Raft leader sending 5 robots to EXPLORED cells (persistent, no detection possible)
[BAD_LEADER] Raft leader sending 5 robots to EXPLORED cells (persistent, no detection possible)
[BAD_LEADER] Raft leader sending 5 robots to EXPLORED cells (persistent, no detection possible)
[BAD_LEADER] Raft leader sending 5 robots to EXPLORED cells (persistent, no detection possible)
[BAD_LEADER] Raft leader sending 5 robots to EXPLORED cells (persistent, no detection possible)
[BAD_LEADER] Raft leader sending 5 robots to EXPLORED cells (persistent, no detection possible)
[BAD_LEADER] Raft leader sending 5 robots to EXPLORED cells (persistent, no detection possible)
[BAD_LEADER] Raft leader sending 5 robots to EXPLORED cells (persistent, no detection possible)
[BAD_LEADER] Raft leader sending 5 robots to EXPLORED cells (persistent, no detection possible)
[BAD_LEADER] Raft leader sending 5 robots to EXPLORED cells (persistent, no detection possible)
[R2] state=leader leader=2 term=1 cov=20.8%/57.3%
[BAD_LEADER] Raft leader sending 5 robots to EXPLORED cells (persistent, no detection possible)
[BAD_LEADER] Raft leader sending 5 robots to EXPLORED cells (persistent, no detection possible)
[BAD_LEADER] Raft leader sending 5 robots to EXPLORED cells (persistent, no detection possible)
[BAD_LEADER] Raft leader sending 5 robots to EXPLORED cells (persistent, no detection possible)
[BAD_LEADER] Raft leader sending 5 robots to EXPLORED cells (persistent, no detection possible)
[BAD_LEADER] Raft leader sending 5 robots to EXPLORED cells (persistent, no detection possible)
[BAD_LEADER] Raft leader sending 5 robots to EXPLORED cells (persistent, no detection possible)
[BAD_LEADER] Raft leader sending 5 robots to EXPLORED cells (persistent, no detection possible)
[BAD_LEADER] Raft leader sending 5 robots to EXPLORED cells (persistent, no detection possible)
[BAD_LEADER] Raft leader sending 5 robots to EXPLORED cells (persistent, no detection possible)
[BAD_LEADER] Raft leader sending 5 robots to EXPLORED cells (persistent, no detection possible)
[BAD_LEADER] Raft leader sending 5 robots to EXPLORED cells (persistent, no detection possible)
[BAD_LEADER] Raft leader sending 5 robots to EXPLORED cells (persistent, no detection possible)
[R2] state=leader leader=2 term=1 cov=20.8%/57.3%
[BAD_LEADER] Raft leader sending 5 robots to EXPLORED cells (persistent, no detection possible)
[BAD_LEADER] Raft leader sending 5 robots to EXPLORED cells (persistent, no detection possible)
[BAD_LEADER] Raft leader sending 5 robots to EXPLORED cells (persistent, no detection possible)
[BAD_LEADER] Raft leader sending 5 robots to EXPLORED cells (persistent, no detection possible)
[BAD_LEADER] Raft leader sending 5 robots to EXPLORED cells (persistent, no detection possible)
[BAD_LEADER] Raft leader sending 5 robots to EXPLORED cells (persistent, no detection possible)
[BAD_LEADER] Raft leader sending 5 robots to EXPLORED cells (persistent, no detection possible)
[BAD_LEADER] Raft leader sending 5 robots to EXPLORED cells (persistent, no detection possible)
[BAD_LEADER] Raft leader sending 5 robots to EXPLORED cells (persistent, no detection possible)
[BAD_LEADER] Raft leader sending 5 robots to EXPLORED cells (persistent, no detection possible)
[BAD_LEADER] Raft leader sending 5 robots to EXPLORED cells (persistent, no detection possible)
[BAD_LEADER] Raft leader sending 5 robots to EXPLORED cells (persistent, no detection possible)
[BAD_LEADER] Raft leader sending 5 robots to EXPLORED cells (persistent, no detection possible)
[BAD_LEADER] Raft leader sending 5 robots to EXPLORED cells (persistent, no detection possible)
[R2] state=leader leader=2 term=1 cov=20.8%/57.3%
[BAD_LEADER] Raft leader sending 5 robots to EXPLORED cells (persistent, no detection possible)
[BAD_LEADER] Raft leader sending 5 robots to EXPLORED cells (persistent, no detection possible)
[BAD_LEADER] Raft leader sending 5 robots to EXPLORED cells (persistent, no detection possible)
[BAD_LEADER] Raft leader sending 5 robots to EXPLORED cells (persistent, no detection possible)
[BAD_LEADER] Raft leader sending 5 robots to EXPLORED cells (persistent, no detection possible)
[BAD_LEADER] Raft leader sending 5 robots to EXPLORED cells (persistent, no detection possible)
[BAD_LEADER] Raft leader sending 5 robots to EXPLORED cells (persistent, no detection possible)
[BAD_LEADER] Raft leader sending 5 robots to EXPLORED cells (persistent, no detection possible)
[BAD_LEADER] Raft leader sending 5 robots to EXPLORED cells (persistent, no detection possible)
[BAD_LEADER] Raft leader sending 5 robots to EXPLORED cells (persistent, no detection possible)
[BAD_LEADER] Raft leader sending 5 robots to EXPLORED cells (persistent, no detection possible)
[BAD_LEADER] Raft leader sending 5 robots to EXPLORED cells (persistent, no detection possible)
[BAD_LEADER] Raft leader sending 5 robots to EXPLORED cells (persistent, no detection possible)
[BAD_LEADER] Raft leader sending 5 robots to EXPLORED cells (persistent, no detection possible)
[R2] state=leader leader=2 term=1 cov=20.8%/57.3%
[BAD_LEADER] Raft leader sending 5 robots to EXPLORED cells (persistent, no detection possible)
[BAD_LEADER] Raft leader sending 5 robots to EXPLORED cells (persistent, no detection possible)
[BAD_LEADER] Raft leader sending 5 robots to EXPLORED cells (persistent, no detection possible)
[BAD_LEADER] Raft leader sending 5 robots to EXPLORED cells (persistent, no detection possible)
[BAD_LEADER] Raft leader sending 5 robots to EXPLORED cells (persistent, no detection possible)
[BAD_LEADER] Raft leader sending 5 robots to EXPLORED cells (persistent, no detection possible)
[BAD_LEADER] Raft leader sending 5 robots to EXPLORED cells (persistent, no detection possible)
[BAD_LEADER] Raft leader sending 5 robots to EXPLORED cells (persistent, no detection possible)
[BAD_LEADER] Raft leader sending 5 robots to EXPLORED cells (persistent, no detection possible)
[BAD_LEADER] Raft leader sending 5 robots to EXPLORED cells (persistent, no detection possible)
[BAD_LEADER] Raft leader sending 5 robots to EXPLORED cells (persistent, no detection possible)
[BAD_LEADER] Raft leader sending 5 robots to EXPLORED cells (persistent, no detection possible)
[BAD_LEADER] Raft leader sending 5 robots to EXPLORED cells (persistent, no detection possible)
[R2] state=leader leader=2 term=1 cov=20.8%/57.3%
[BAD_LEADER] Raft leader sending 5 robots to EXPLORED cells (persistent, no detection possible)
[BAD_LEADER] Raft leader sending 5 robots to EXPLORED cells (persistent, no detection possible)
[BAD_LEADER] Raft leader sending 5 robots to EXPLORED cells (persistent, no detection possible)
[BAD_LEADER] Raft leader sending 5 robots to EXPLORED cells (persistent, no detection possible)
[BAD_LEADER] Raft leader sending 5 robots to EXPLORED cells (persistent, no detection possible)
[BAD_LEADER] Raft leader sending 5 robots to EXPLORED cells (persistent, no detection possible)
[BAD_LEADER] Raft leader sending 5 robots to EXPLORED cells (persistent, no detection possible)
[BAD_LEADER] Raft leader sending 5 robots to EXPLORED cells (persistent, no detection possible)
[BAD_LEADER] Raft leader sending 5 robots to EXPLORED cells (persistent, no detection possible)
[BAD_LEADER] Raft leader sending 5 robots to EXPLORED cells (persistent, no detection possible)
[BAD_LEADER] Raft leader sending 5 robots to EXPLORED cells (persistent, no detection possible)
[BAD_LEADER] Raft leader sending 5 robots to EXPLORED cells (persistent, no detection possible)
[BAD_LEADER] Raft leader sending 5 robots to EXPLORED cells (persistent, no detection possible)
[BAD_LEADER] Raft leader sending 5 robots to EXPLORED cells (persistent, no detection possible)
[R2] state=leader leader=2 term=1 cov=20.8%/57.3%
[BAD_LEADER] Raft leader sending 5 robots to EXPLORED cells (persistent, no detection possible)
[BAD_LEADER] Raft leader sending 5 robots to EXPLORED cells (persistent, no detection possible)
[BAD_LEADER] Raft leader sending 5 robots to EXPLORED cells (persistent, no detection possible)
[BAD_LEADER] Raft leader sending 5 robots to EXPLORED cells (persistent, no detection possible)
[BAD_LEADER] Raft leader sending 5 robots to EXPLORED cells (persistent, no detection possible)
[BAD_LEADER] Raft leader sending 5 robots to EXPLORED cells (persistent, no detection possible)
[BAD_LEADER] Raft leader sending 5 robots to EXPLORED cells (persistent, no detection possible)
[BAD_LEADER] Raft leader sending 5 robots to EXPLORED cells (persistent, no detection possible)
[BAD_LEADER] Raft leader sending 5 robots to EXPLORED cells (persistent, no detection possible)
[BAD_LEADER] Raft leader sending 5 robots to EXPLORED cells (persistent, no detection possible)
[BAD_LEADER] Raft leader sending 5 robots to EXPLORED cells (persistent, no detection possible)
[BAD_LEADER] Raft leader sending 5 robots to EXPLORED cells (persistent, no detection possible)
[BAD_LEADER] Raft leader sending 5 robots to EXPLORED cells (persistent, no detection possible)
[BAD_LEADER] Raft leader sending 5 robots to EXPLORED cells (persistent, no detection possible)
[R2] state=leader leader=2 term=1 cov=20.8%/57.3%
[BAD_LEADER] Raft leader sending 5 robots to EXPLORED cells (persistent, no detection possible)
[BAD_LEADER] Raft leader sending 5 robots to EXPLORED cells (persistent, no detection possible)
[BAD_LEADER] Raft leader sending 5 robots to EXPLORED cells (persistent, no detection possible)
[BAD_LEADER] Raft leader sending 5 robots to EXPLORED cells (persistent, no detection possible)
[BAD_LEADER] Raft leader sending 5 robots to EXPLORED cells (persistent, no detection possible)
[BAD_LEADER] Raft leader sending 5 robots to EXPLORED cells (persistent, no detection possible)
[BAD_LEADER] Raft leader sending 5 robots to EXPLORED cells (persistent, no detection possible)
[BAD_LEADER] Raft leader sending 5 robots to EXPLORED cells (persistent, no detection possible)
[BAD_LEADER] Raft leader sending 5 robots to EXPLORED cells (persistent, no detection possible)
[BAD_LEADER] Raft leader sending 5 robots to EXPLORED cells (persistent, no detection possible)
[BAD_LEADER] Raft leader sending 5 robots to EXPLORED cells (persistent, no detection possible)
[BAD_LEADER] Raft leader sending 5 robots to EXPLORED cells (persistent, no detection possible)
[BAD_LEADER] Raft leader sending 5 robots to EXPLORED cells (persistent, no detection possible)
[R2] state=leader leader=2 term=1 cov=20.8%/57.3%
[BAD_LEADER] Raft leader sending 5 robots to EXPLORED cells (persistent, no detection possible)
[BAD_LEADER] Raft leader sending 5 robots to EXPLORED cells (persistent, no detection possible)
[BAD_LEADER] Raft leader sending 5 robots to EXPLORED cells (persistent, no detection possible)
[BAD_LEADER] Raft leader sending 5 robots to EXPLORED cells (persistent, no detection possible)
[BAD_LEADER] Raft leader sending 5 robots to EXPLORED cells (persistent, no detection possible)
[BAD_LEADER] Raft leader sending 5 robots to EXPLORED cells (persistent, no detection possible)
[BAD_LEADER] Raft leader sending 5 robots to EXPLORED cells (persistent, no detection possible)
[BAD_LEADER] Raft leader sending 5 robots to EXPLORED cells (persistent, no detection possible)
[BAD_LEADER] Raft leader sending 5 robots to EXPLORED cells (persistent, no detection possible)
[BAD_LEADER] Raft leader sending 5 robots to EXPLORED cells (persistent, no detection possible)
[BAD_LEADER] Raft leader sending 5 robots to EXPLORED cells (persistent, no detection possible)
[BAD_LEADER] Raft leader sending 5 robots to EXPLORED cells (persistent, no detection possible)
[BAD_LEADER] Raft leader sending 5 robots to EXPLORED cells (persistent, no detection possible)
[BAD_LEADER] Raft leader sending 5 robots to EXPLORED cells (persistent, no detection possible)
[R2] state=leader leader=2 term=1 cov=20.8%/57.3%
[BAD_LEADER] Raft leader sending 5 robots to EXPLORED cells (persistent, no detection possible)
[BAD_LEADER] Raft leader sending 5 robots to EXPLORED cells (persistent, no detection possible)
[BAD_LEADER] Raft leader sending 5 robots to EXPLORED cells (persistent, no detection possible)
[BAD_LEADER] Raft leader sending 5 robots to EXPLORED cells (persistent, no detection possible)
[BAD_LEADER] Raft leader sending 5 robots to EXPLORED cells (persistent, no detection possible)
[BAD_LEADER] Raft leader sending 5 robots to EXPLORED cells (persistent, no detection possible)
[BAD_LEADER] Raft leader sending 5 robots to EXPLORED cells (persistent, no detection possible)
[BAD_LEADER] Raft leader sending 5 robots to EXPLORED cells (persistent, no detection possible)
[BAD_LEADER] Raft leader sending 5 robots to EXPLORED cells (persistent, no detection possible)
[BAD_LEADER] Raft leader sending 5 robots to EXPLORED cells (persistent, no detection possible)
[BAD_LEADER] Raft leader sending 5 robots to EXPLORED cells (persistent, no detection possible)
[BAD_LEADER] Raft leader sending 5 robots to EXPLORED cells (persistent, no detection possible)
[BAD_LEADER] Raft leader sending 5 robots to EXPLORED cells (persistent, no detection possible)
[BAD_LEADER] Raft leader sending 5 robots to EXPLORED cells (persistent, no detection possible)
[R2] state=leader leader=2 term=1 cov=20.8%/57.3%
[BAD_LEADER] Raft leader sending 5 robots to EXPLORED cells (persistent, no detection possible)
[BAD_LEADER] Raft leader sending 5 robots to EXPLORED cells (persistent, no detection possible)
[BAD_LEADER] Raft leader sending 5 robots to EXPLORED cells (persistent, no detection possible)
[BAD_LEADER] Raft leader sending 5 robots to EXPLORED cells (persistent, no detection possible)
[BAD_LEADER] Raft leader sending 5 robots to EXPLORED cells (persistent, no detection possible)
[BAD_LEADER] Raft leader sending 5 robots to EXPLORED cells (persistent, no detection possible)
[BAD_LEADER] Raft leader sending 5 robots to EXPLORED cells (persistent, no detection possible)
[BAD_LEADER] Raft leader sending 5 robots to EXPLORED cells (persistent, no detection possible)
[BAD_LEADER] Raft leader sending 5 robots to EXPLORED cells (persistent, no detection possible)
[BAD_LEADER] Raft leader sending 5 robots to EXPLORED cells (persistent, no detection possible)
[BAD_LEADER] Raft leader sending 5 robots to EXPLORED cells (persistent, no detection possible)
[BAD_LEADER] Raft leader sending 5 robots to EXPLORED cells (persistent, no detection possible)
[BAD_LEADER] Raft leader sending 5 robots to EXPLORED cells (persistent, no detection possible)
[R2] state=leader leader=2 term=1 cov=20.8%/57.3%
[BAD_LEADER] Raft leader sending 5 robots to EXPLORED cells (persistent, no detection possible)
[BAD_LEADER] Raft leader sending 5 robots to EXPLORED cells (persistent, no detection possible)
[BAD_LEADER] Raft leader sending 5 robots to EXPLORED cells (persistent, no detection possible)
[BAD_LEADER] Raft leader sending 5 robots to EXPLORED cells (persistent, no detection possible)
[BAD_LEADER] Raft leader sending 5 robots to EXPLORED cells (persistent, no detection possible)
[BAD_LEADER] Raft leader sending 5 robots to EXPLORED cells (persistent, no detection possible)
[BAD_LEADER] Raft leader sending 5 robots to EXPLORED cells (persistent, no detection possible)
[BAD_LEADER] Raft leader sending 5 robots to EXPLORED cells (persistent, no detection possible)
[BAD_LEADER] Raft leader sending 5 robots to EXPLORED cells (persistent, no detection possible)
[BAD_LEADER] Raft leader sending 5 robots to EXPLORED cells (persistent, no detection possible)
[BAD_LEADER] Raft leader sending 5 robots to EXPLORED cells (persistent, no detection possible)
[BAD_LEADER] Raft leader sending 5 robots to EXPLORED cells (persistent, no detection possible)
[BAD_LEADER] Raft leader sending 5 robots to EXPLORED cells (persistent, no detection possible)
[BAD_LEADER] Raft leader sending 5 robots to EXPLORED cells (persistent, no detection possible)
[R2] state=leader leader=2 term=1 cov=20.8%/57.3%
[BAD_LEADER] Raft leader sending 5 robots to EXPLORED cells (persistent, no detection possible)
[BAD_LEADER] Raft leader sending 5 robots to EXPLORED cells (persistent, no detection possible)
[BAD_LEADER] Raft leader sending 5 robots to EXPLORED cells (persistent, no detection possible)
[BAD_LEADER] Raft leader sending 5 robots to EXPLORED cells (persistent, no detection possible)
[BAD_LEADER] Raft leader sending 5 robots to EXPLORED cells (persistent, no detection possible)
[BAD_LEADER] Raft leader sending 5 robots to EXPLORED cells (persistent, no detection possible)
[BAD_LEADER] Raft leader sending 5 robots to EXPLORED cells (persistent, no detection possible)
[BAD_LEADER] Raft leader sending 5 robots to EXPLORED cells (persistent, no detection possible)
[BAD_LEADER] Raft leader sending 5 robots to EXPLORED cells (persistent, no detection possible)
[BAD_LEADER] Raft leader sending 5 robots to EXPLORED cells (persistent, no detection possible)
[BAD_LEADER] Raft leader sending 5 robots to EXPLORED cells (persistent, no detection possible)
[BAD_LEADER] Raft leader sending 5 robots to EXPLORED cells (persistent, no detection possible)
[BAD_LEADER] Raft leader sending 5 robots to EXPLORED cells (persistent, no detection possible)
[BAD_LEADER] Raft leader sending 5 robots to EXPLORED cells (persistent, no detection possible)
[R2] state=leader leader=2 term=1 cov=20.8%/57.3%
[BAD_LEADER] Raft leader sending 5 robots to EXPLORED cells (persistent, no detection possible)
[BAD_LEADER] Raft leader sending 5 robots to EXPLORED cells (persistent, no detection possible)
[BAD_LEADER] Raft leader sending 5 robots to EXPLORED cells (persistent, no detection possible)
[BAD_LEADER] Raft leader sending 5 robots to EXPLORED cells (persistent, no detection possible)
[BAD_LEADER] Raft leader sending 5 robots to EXPLORED cells (persistent, no detection possible)
[BAD_LEADER] Raft leader sending 5 robots to EXPLORED cells (persistent, no detection possible)
[BAD_LEADER] Raft leader sending 5 robots to EXPLORED cells (persistent, no detection possible)
[BAD_LEADER] Raft leader sending 5 robots to EXPLORED cells (persistent, no detection possible)
[BAD_LEADER] Raft leader sending 5 robots to EXPLORED cells (persistent, no detection possible)
[BAD_LEADER] Raft leader sending 5 robots to EXPLORED cells (persistent, no detection possible)
[BAD_LEADER] Raft leader sending 5 robots to EXPLORED cells (persistent, no detection possible)
[BAD_LEADER] Raft leader sending 5 robots to EXPLORED cells (persistent, no detection possible)
