[WARN] Hardware modules not available - simulation mode
=== RAFT Baseline - Robot 1 [SIM] ===
NO TRUST. Heartbeat timeout only.

  Logging to: logs/raft_1_20260226_162614.jsonl
Initializing hardware...
  Hardware: SIMULATED
[INFO] Position socket listening on port 24101
[INFO] Peer socket listening on port 24201
[INFO] Fault socket listening on port 24301
Ready!

Running RAFT baseline... Press Ctrl+C to stop

[R1] state=follower leader=None term=0 cov=0.0%/0.0%
[R1] state=follower leader=2 term=1 cov=0.0%/0.0%
[R1] state=follower leader=2 term=1 cov=0.0%/7.8%
[R1] state=follower leader=2 term=1 cov=0.0%/13.0%
[R1] state=follower leader=2 term=1 cov=0.0%/19.3%
[R1] state=follower leader=2 term=1 cov=0.0%/27.1%
[R1] state=follower leader=2 term=1 cov=0.0%/33.3%
[R1] state=follower leader=2 term=1 cov=0.0%/40.1%
[R1] state=follower leader=2 term=1 cov=0.0%/47.9%
[R1] state=follower leader=2 term=1 cov=0.0%/51.6%
[R1] state=follower leader=2 term=1 cov=0.0%/57.8%
[R1] state=follower leader=2 term=1 cov=0.0%/63.5%
[R1] state=follower leader=2 term=1 cov=0.0%/68.8%
[R1] state=follower leader=2 term=1 cov=0.0%/75.0%
[R1] state=follower leader=2 term=1 cov=0.0%/78.1%
[R1] state=follower leader=2 term=1 cov=0.0%/81.8%
[R1] state=follower leader=2 term=1 cov=0.0%/84.9%
[FAULT] BAD_LEADER mode - will send bad assignments (Raft CANNOT detect this)
[R1] state=follower leader=2 term=1 cov=0.0%/88.5%
[R1] state=follower leader=2 term=1 cov=0.0%/91.7%
[R1] state=follower leader=2 term=1 cov=0.0%/95.3%
[R1] state=follower leader=2 term=1 cov=0.0%/99.0%
[R1] state=follower leader=2 term=1 cov=0.0%/99.0%
[R1] state=follower leader=2 term=1 cov=0.0%/99.0%
[R1] state=follower leader=2 term=1 cov=0.0%/99.0%
[R1] state=follower leader=2 term=1 cov=0.0%/99.0%
[R1] state=follower leader=2 term=1 cov=0.0%/99.0%
[R1] state=follower leader=2 term=1 cov=0.0%/99.0%
[R1] state=follower leader=2 term=1 cov=0.0%/99.0%
[R1] state=follower leader=2 term=1 cov=0.0%/99.0%
[R1] state=follower leader=2 term=1 cov=0.0%/99.0%
[R1] state=follower leader=2 term=1 cov=0.0%/99.0%
[R1] state=follower leader=2 term=1 cov=0.0%/99.0%
[R1] state=follower leader=2 term=1 cov=0.0%/99.0%
[R1] state=follower leader=2 term=1 cov=0.0%/99.0%
[R1] state=follower leader=2 term=1 cov=0.0%/99.0%
[R1] state=follower leader=2 term=1 cov=0.0%/99.0%
[R1] state=follower leader=2 term=1 cov=0.0%/99.0%
[R1] state=follower leader=2 term=1 cov=0.0%/99.0%
[R1] state=follower leader=2 term=1 cov=0.0%/99.0%
