[WARN] Hardware modules not available - simulation mode
=== RAFT Baseline - Robot 4 [SIM] ===
NO TRUST. Heartbeat timeout only.

  Logging to: logs/raft_4_20260226_002504.jsonl
Initializing hardware...
  Hardware: SIMULATED
[INFO] Position socket listening on port 9104
[INFO] Peer socket listening on port 9204
[INFO] Fault socket listening on port 9304
Ready!

Running RAFT baseline... Press Ctrl+C to stop

[R4] state=follower leader=None term=0 cov=0.0%/0.0%
[R4] state=follower leader=1 term=1 cov=0.5%/0.5%
[R4] state=follower leader=1 term=1 cov=1.6%/7.8%
[R4] state=follower leader=1 term=1 cov=2.6%/13.0%
[R4] state=follower leader=1 term=1 cov=3.1%/16.1%
[R4] state=follower leader=1 term=1 cov=4.2%/21.4%
[R4] state=follower leader=1 term=1 cov=5.2%/26.6%
[R4] state=follower leader=1 term=1 cov=5.7%/30.2%
[R4] state=follower leader=1 term=1 cov=6.8%/35.9%
[R4] state=follower leader=1 term=1 cov=7.8%/39.1%
[R4] state=follower leader=1 term=1 cov=8.3%/42.7%
[R4] state=follower leader=1 term=1 cov=9.4%/47.9%
[R4] state=follower leader=1 term=1 cov=9.4%/52.1%
[R4] state=follower leader=1 term=1 cov=10.9%/57.3%
[R4] state=follower leader=1 term=1 cov=11.5%/59.4%
[R4] state=follower leader=1 term=1 cov=12.5%/64.1%
[R4] state=follower leader=1 term=1 cov=13.0%/67.2%
[R4] state=follower leader=1 term=1 cov=14.1%/71.4%
[R4] state=follower leader=1 term=1 cov=14.6%/73.4%
[R4] state=follower leader=1 term=1 cov=15.1%/76.6%
[R4] state=follower leader=1 term=1 cov=15.6%/78.6%
[R4] state=follower leader=1 term=1 cov=16.1%/80.2%
[R4] state=follower leader=1 term=1 cov=16.1%/81.2%
[R4] state=follower leader=1 term=1 cov=16.7%/82.3%
[R4] state=follower leader=1 term=1 cov=16.7%/82.8%
[R4] state=follower leader=1 term=1 cov=17.2%/83.3%
[R4] state=follower leader=1 term=1 cov=17.2%/84.4%
[R4] state=follower leader=1 term=1 cov=17.2%/84.9%
[R4] state=follower leader=1 term=1 cov=17.7%/85.4%
[R4] state=follower leader=1 term=1 cov=17.7%/85.9%
[R4] state=follower leader=1 term=1 cov=17.7%/85.9%
[R4] state=follower leader=1 term=1 cov=17.7%/85.9%
[R4] state=follower leader=1 term=1 cov=17.7%/86.5%
[R4] state=follower leader=1 term=1 cov=17.7%/87.5%
[R4] state=follower leader=1 term=1 cov=17.7%/88.0%
[R4] state=follower leader=1 term=1 cov=17.7%/89.1%
[R4] state=follower leader=1 term=1 cov=17.7%/90.1%
[R4] state=follower leader=1 term=1 cov=17.7%/91.1%
[R4] state=follower leader=1 term=1 cov=17.7%/91.7%
[R4] state=follower leader=1 term=1 cov=17.7%/92.7%
[R4] state=follower leader=1 term=1 cov=18.2%/93.8%
[R4] state=follower leader=1 term=1 cov=18.8%/94.3%
[R4] state=follower leader=1 term=1 cov=18.8%/95.8%
[R4] state=follower leader=1 term=1 cov=18.8%/96.9%
[R4] state=follower leader=1 term=1 cov=18.8%/97.9%
[R4] state=follower leader=1 term=1 cov=18.8%/99.0%
[R4] state=follower leader=1 term=1 cov=18.8%/100.0%
[R4] state=follower leader=1 term=1 cov=18.8%/100.0%
[R4] state=follower leader=1 term=1 cov=18.8%/100.0%
[R4] state=follower leader=1 term=1 cov=18.8%/100.0%
[R4] state=follower leader=1 term=1 cov=18.8%/100.0%
[R4] state=follower leader=1 term=1 cov=18.8%/100.0%
[R4] state=follower leader=1 term=1 cov=18.8%/100.0%
[R4] state=follower leader=1 term=1 cov=18.8%/100.0%
[R4] state=follower leader=1 term=1 cov=18.8%/100.0%
[R4] state=follower leader=1 term=1 cov=18.8%/100.0%
[R4] state=follower leader=1 term=1 cov=18.8%/100.0%
[R4] state=follower leader=1 term=1 cov=18.8%/100.0%
[R4] state=follower leader=1 term=1 cov=18.8%/100.0%
[R4] state=follower leader=1 term=1 cov=18.8%/100.0%
[R4] state=follower leader=1 term=1 cov=18.8%/100.0%
[R4] state=follower leader=1 term=1 cov=18.8%/100.0%
