[WARN] Hardware modules not available - simulation mode
=== RAFT Baseline - Robot 2 [SIM] ===
NO TRUST. Heartbeat timeout only.

  Logging to: logs/raft_2_20260226_211657.jsonl
Initializing hardware...
  Hardware: SIMULATED
[INFO] Position socket listening on port 18102
[INFO] Peer socket listening on port 18202
[INFO] Fault socket listening on port 18302
Ready!

Running RAFT baseline... Press Ctrl+C to stop

[R2] state=follower leader=None term=0 cov=0.0%/0.0%
[R2] state=follower leader=3 term=1 cov=0.5%/0.5%
[R2] state=follower leader=3 term=1 cov=3.1%/13.0%
[R2] state=follower leader=3 term=1 cov=4.7%/24.0%
[R2] state=follower leader=3 term=1 cov=7.8%/32.8%
[R2] state=follower leader=3 term=1 cov=9.9%/42.7%
[R2] state=follower leader=3 term=1 cov=9.9%/51.6%
[R2] state=follower leader=3 term=1 cov=12.0%/55.7%
[R2] state=follower leader=3 term=1 cov=14.1%/58.3%
[R2] state=follower leader=3 term=1 cov=16.1%/60.4%
[R2] state=follower leader=3 term=1 cov=18.8%/63.0%
[R2] state=follower leader=3 term=1 cov=20.3%/64.6%
[R2] state=follower leader=3 term=1 cov=20.8%/65.1%
[R2] state=follower leader=3 term=1 cov=21.4%/65.6%
[R2] state=follower leader=3 term=1 cov=23.4%/67.7%
[R2] state=follower leader=3 term=1 cov=24.5%/68.8%
[R2] state=follower leader=3 term=1 cov=25.5%/69.8%
[R2] state=follower leader=3 term=1 cov=27.1%/71.4%
[R2] state=follower leader=3 term=1 cov=28.1%/72.4%
[R2] state=follower leader=3 term=1 cov=28.6%/72.9%
[R2] state=follower leader=3 term=1 cov=29.7%/74.0%
[R2] state=follower leader=3 term=1 cov=32.3%/76.6%
[R2] state=follower leader=3 term=1 cov=34.9%/79.2%
[R2] state=follower leader=3 term=1 cov=37.5%/81.8%
[R2] state=follower leader=3 term=1 cov=40.1%/84.4%
[R2] state=follower leader=3 term=1 cov=41.7%/85.9%
[R2] state=follower leader=3 term=1 cov=43.2%/87.5%
[R2] state=follower leader=3 term=1 cov=44.3%/88.5%
[R2] state=follower leader=3 term=1 cov=46.9%/91.1%
[R2] state=follower leader=3 term=1 cov=47.9%/92.2%
[R2] state=follower leader=3 term=1 cov=47.9%/92.2%
[R2] state=follower leader=3 term=1 cov=47.9%/92.2%
[R2] state=follower leader=3 term=1 cov=47.9%/92.2%
[R2] state=follower leader=3 term=1 cov=47.9%/92.2%
[R2] state=follower leader=3 term=1 cov=47.9%/92.2%
[R2] state=follower leader=3 term=1 cov=47.9%/92.2%
[R2] state=follower leader=3 term=1 cov=47.9%/92.2%
[R2] state=follower leader=3 term=1 cov=47.9%/92.2%
[R2] state=follower leader=3 term=1 cov=47.9%/92.2%
[R2] state=follower leader=3 term=1 cov=47.9%/92.2%
[R2] state=follower leader=3 term=1 cov=47.9%/92.2%
[R2] state=follower leader=3 term=1 cov=47.9%/92.2%
[R2] state=follower leader=3 term=1 cov=47.9%/92.2%
[R2] state=follower leader=3 term=1 cov=47.9%/92.2%
[R2] state=follower leader=3 term=1 cov=49.0%/93.2%
[R2] state=follower leader=3 term=1 cov=49.0%/93.2%
[R2] state=follower leader=3 term=1 cov=49.5%/93.8%
[R2] state=follower leader=3 term=1 cov=50.0%/94.3%
[R2] state=follower leader=3 term=1 cov=51.0%/95.3%
[R2] state=follower leader=3 term=1 cov=51.6%/95.8%
[R2] state=follower leader=3 term=1 cov=52.1%/96.4%
[R2] state=follower leader=3 term=1 cov=52.1%/96.4%
[R2] state=follower leader=3 term=1 cov=52.1%/96.4%
[R2] state=follower leader=3 term=1 cov=52.1%/96.4%
[R2] state=follower leader=3 term=1 cov=52.1%/96.4%
[R2] state=follower leader=3 term=1 cov=52.1%/96.4%
[R2] state=follower leader=3 term=1 cov=52.1%/96.4%
[R2] state=follower leader=3 term=1 cov=52.1%/96.4%
[R2] state=follower leader=3 term=1 cov=52.1%/96.4%
[R2] state=follower leader=3 term=1 cov=52.1%/96.4%
[R2] state=follower leader=3 term=1 cov=52.1%/96.4%
[R2] state=follower leader=3 term=1 cov=52.1%/96.4%
[R2] state=follower leader=3 term=1 cov=52.1%/96.4%
[R2] state=follower leader=3 term=1 cov=52.1%/96.4%
