[WARN] Hardware modules not available - running in simulation mode
=== REIP Node - Robot 1 [SIM (unique ports)] ===
Trust Model: Three-tier confidence-weighted
  Personal: 1.0, ToF: 1.0, Peer: 0.3
  Suspicion threshold: 1.5, Recovery: 0.1

  Logging to: logs/robot_1_20260226_180417.jsonl
Initializing hardware...
  Hardware: SIMULATED
[INFO] Position socket listening on port 10101
[INFO] Peer socket listening on port 10201
[INFO] Fault socket listening on port 10301
Ready!

=== DECENTRALIZED MODE - No leader coordination ===
=== Detection Bounds: T1=2 cmds, T3=8 cmds | Impeachment: T1=8 cmds, T3=32 cmds ===
Running... Press Ctrl+C to stop

[R1] pos=(0,0) state=exploring leader=None trust=1.00 susp=0.00 cov=0.0%/0.0%
[R1] pos=(478,387) state=exploring leader=None trust=1.00 susp=0.00 cov=0.5%/0.5%
[R1] pos=(75,142) state=exploring leader=None trust=1.00 susp=0.00 cov=3.1%/16.1%
[R1] pos=(389,334) state=exploring leader=None trust=1.00 susp=0.00 cov=6.2%/29.2%
[R1] pos=(691,178) state=exploring leader=None trust=1.00 susp=0.00 cov=9.4%/40.1%
[R1] pos=(1279,187) state=exploring leader=None trust=1.00 susp=0.00 cov=13.0%/51.6%
[R1] pos=(1679,185) state=exploring leader=None trust=1.00 susp=0.00 cov=16.7%/63.5%
[R1] pos=(1815,75) state=exploring leader=None trust=1.00 susp=0.00 cov=19.8%/74.0%
[R1] pos=(1925,795) state=exploring leader=None trust=1.00 susp=0.00 cov=23.4%/83.9%
[R1] pos=(1555,1064) state=exploring leader=None trust=1.00 susp=0.00 cov=26.0%/94.3%
[R1] pos=(1925,1425) state=exploring leader=None trust=1.00 susp=0.00 cov=29.2%/100.0%
[R1] pos=(1925,1425) state=exploring leader=None trust=1.00 susp=0.00 cov=29.2%/100.0%
[R1] pos=(1925,1425) state=exploring leader=None trust=1.00 susp=0.00 cov=29.2%/100.0%
[R1] pos=(1925,1425) state=exploring leader=None trust=1.00 susp=0.00 cov=29.2%/100.0%
[R1] pos=(1925,1425) state=exploring leader=None trust=1.00 susp=0.00 cov=29.2%/100.0%
[R1] pos=(1925,1425) state=exploring leader=None trust=1.00 susp=0.00 cov=29.2%/100.0%
[FAULT] Motor fault injected: spin
[R1] pos=(1925,1425) state=exploring leader=None trust=1.00 susp=0.00 cov=29.2%/100.0%
[R1] pos=(1925,1425) state=exploring leader=None trust=1.00 susp=0.00 cov=29.2%/100.0%
[R1] pos=(1925,1425) state=exploring leader=None trust=1.00 susp=0.00 cov=29.2%/100.0%
[R1] pos=(1925,1425) state=exploring leader=None trust=1.00 susp=0.00 cov=29.2%/100.0%
[R1] pos=(1925,1425) state=exploring leader=None trust=1.00 susp=0.00 cov=29.2%/100.0%
[R1] pos=(1925,1425) state=exploring leader=None trust=1.00 susp=0.00 cov=29.2%/100.0%
[R1] pos=(1925,1425) state=exploring leader=None trust=1.00 susp=0.00 cov=29.2%/100.0%
[R1] pos=(1925,1425) state=exploring leader=None trust=1.00 susp=0.00 cov=29.2%/100.0%
[R1] pos=(1925,1425) state=exploring leader=None trust=1.00 susp=0.00 cov=29.2%/100.0%
[R1] pos=(1925,1425) state=exploring leader=None trust=1.00 susp=0.00 cov=29.2%/100.0%
[R1] pos=(1925,1425) state=exploring leader=None trust=1.00 susp=0.00 cov=29.2%/100.0%
[R1] pos=(1925,1425) state=exploring leader=None trust=1.00 susp=0.00 cov=29.2%/100.0%
[R1] pos=(1925,1425) state=exploring leader=None trust=1.00 susp=0.00 cov=29.2%/100.0%
[R1] pos=(1925,1425) state=exploring leader=None trust=1.00 susp=0.00 cov=29.2%/100.0%
[R1] pos=(1925,1425) state=exploring leader=None trust=1.00 susp=0.00 cov=29.2%/100.0%
[R1] pos=(1925,1425) state=exploring leader=None trust=1.00 susp=0.00 cov=29.2%/100.0%
[R1] pos=(1925,1425) state=exploring leader=None trust=1.00 susp=0.00 cov=29.2%/100.0%
[R1] pos=(1925,1425) state=exploring leader=None trust=1.00 susp=0.00 cov=29.2%/100.0%
[R1] pos=(1925,1425) state=exploring leader=None trust=1.00 susp=0.00 cov=29.2%/100.0%
[R1] pos=(1925,1425) state=exploring leader=None trust=1.00 susp=0.00 cov=29.2%/100.0%
[R1] pos=(1925,1425) state=exploring leader=None trust=1.00 susp=0.00 cov=29.2%/100.0%
[R1] pos=(1925,1425) state=exploring leader=None trust=1.00 susp=0.00 cov=29.2%/100.0%
[R1] pos=(1925,1425) state=exploring leader=None trust=1.00 susp=0.00 cov=29.2%/100.0%
[R1] pos=(1925,1425) state=exploring leader=None trust=1.00 susp=0.00 cov=29.2%/100.0%
[R1] pos=(1925,1425) state=exploring leader=None trust=1.00 susp=0.00 cov=29.2%/100.0%
[R1] pos=(1925,1425) state=exploring leader=None trust=1.00 susp=0.00 cov=29.2%/100.0%
[R1] pos=(1925,1425) state=exploring leader=None trust=1.00 susp=0.00 cov=29.2%/100.0%
[R1] pos=(1925,1425) state=exploring leader=None trust=1.00 susp=0.00 cov=29.2%/100.0%
[R1] pos=(1925,1425) state=exploring leader=None trust=1.00 susp=0.00 cov=29.2%/100.0%
[R1] pos=(1925,1425) state=exploring leader=None trust=1.00 susp=0.00 cov=29.2%/100.0%
[R1] pos=(1925,1425) state=exploring leader=None trust=1.00 susp=0.00 cov=29.2%/100.0%
[R1] pos=(1925,1425) state=exploring leader=None trust=1.00 susp=0.00 cov=29.2%/100.0%
[R1] pos=(1925,1425) state=exploring leader=None trust=1.00 susp=0.00 cov=29.2%/100.0%
[R1] pos=(1925,1425) state=exploring leader=None trust=1.00 susp=0.00 cov=29.2%/100.0%
[R1] pos=(1925,1425) state=exploring leader=None trust=1.00 susp=0.00 cov=29.2%/100.0%
[R1] pos=(1925,1425) state=exploring leader=None trust=1.00 susp=0.00 cov=29.2%/100.0%
[R1] pos=(1925,1425) state=exploring leader=None trust=1.00 susp=0.00 cov=29.2%/100.0%
[R1] pos=(1925,1425) state=exploring leader=None trust=1.00 susp=0.00 cov=29.2%/100.0%
[R1] pos=(1925,1425) state=exploring leader=None trust=1.00 susp=0.00 cov=29.2%/100.0%
[R1] pos=(1925,1425) state=exploring leader=None trust=1.00 susp=0.00 cov=29.2%/100.0%
[R1] pos=(1925,1425) state=exploring leader=None trust=1.00 susp=0.00 cov=29.2%/100.0%
[R1] pos=(1925,1425) state=exploring leader=None trust=1.00 susp=0.00 cov=29.2%/100.0%
[R1] pos=(1925,1425) state=exploring leader=None trust=1.00 susp=0.00 cov=29.2%/100.0%
[R1] pos=(1925,1425) state=exploring leader=None trust=1.00 susp=0.00 cov=29.2%/100.0%
[R1] pos=(1925,1425) state=exploring leader=None trust=1.00 susp=0.00 cov=29.2%/100.0%
