[WARN] Hardware modules not available - running in simulation mode
=== REIP Node - Robot 2 [SIM (unique ports)] ===
Trust Model: Three-tier confidence-weighted
  Personal: 1.0, ToF: 1.0, Peer: 0.3
  Suspicion threshold: 1.5, Recovery: 0.1

  Logging to: logs/robot_2_20260226_184146.jsonl
Initializing hardware...
  Hardware: SIMULATED
[INFO] Position socket listening on port 10102
[INFO] Peer socket listening on port 10202
[INFO] Fault socket listening on port 10302
Ready!

=== DECENTRALIZED MODE - No leader coordination ===
=== Detection Bounds: T1=2 cmds, T3=8 cmds | Impeachment: T1=8 cmds, T3=32 cmds ===
Running... Press Ctrl+C to stop

[R2] pos=(0,0) state=exploring leader=None trust=1.00 susp=0.00 cov=0.0%/0.0%
[R2] pos=(1714,758) state=exploring leader=None trust=1.00 susp=0.00 cov=0.5%/0.5%
[R2] pos=(1039,813) state=exploring leader=None trust=1.00 susp=0.00 cov=3.1%/18.2%
[R2] pos=(842,572) state=exploring leader=None trust=1.00 susp=0.00 cov=5.7%/28.1%
[R2] pos=(888,181) state=exploring leader=None trust=1.00 susp=0.00 cov=9.9%/41.7%
[R2] pos=(1226,447) state=exploring leader=None trust=1.00 susp=0.00 cov=13.5%/50.0%
[R2] pos=(1434,587) state=exploring leader=None trust=1.00 susp=0.00 cov=16.7%/61.5%
[R2] pos=(1674,357) state=exploring leader=None trust=1.00 susp=0.00 cov=19.3%/72.4%
[R2] pos=(1925,733) state=exploring leader=None trust=1.00 susp=0.00 cov=22.4%/83.3%
[R2] pos=(1812,1187) state=exploring leader=None trust=1.00 susp=0.00 cov=26.0%/95.3%
[R2] pos=(1925,1125) state=exploring leader=None trust=1.00 susp=0.00 cov=29.7%/100.0%
[R2] pos=(1925,1230) state=exploring leader=None trust=1.00 susp=0.00 cov=29.7%/100.0%
[R2] pos=(1925,1235) state=exploring leader=None trust=1.00 susp=0.00 cov=29.7%/100.0%
[R2] pos=(1925,1218) state=exploring leader=None trust=1.00 susp=0.00 cov=29.7%/100.0%
[R2] pos=(1925,1145) state=exploring leader=None trust=1.00 susp=0.00 cov=29.7%/100.0%
[R2] pos=(1925,1159) state=exploring leader=None trust=1.00 susp=0.00 cov=29.7%/100.0%
[R2] pos=(1925,1225) state=exploring leader=None trust=1.00 susp=0.00 cov=29.7%/100.0%
[R2] pos=(1925,1253) state=exploring leader=None trust=1.00 susp=0.00 cov=29.7%/100.0%
[R2] pos=(1925,1236) state=exploring leader=None trust=1.00 susp=0.00 cov=29.7%/100.0%
[R2] pos=(1925,1130) state=exploring leader=None trust=1.00 susp=0.00 cov=29.7%/100.0%
[R2] pos=(1925,1201) state=exploring leader=None trust=1.00 susp=0.00 cov=29.7%/100.0%
[R2] pos=(1925,1201) state=exploring leader=None trust=1.00 susp=0.00 cov=29.7%/100.0%
[R2] pos=(1925,1201) state=exploring leader=None trust=1.00 susp=0.00 cov=29.7%/100.0%
[R2] pos=(1925,1201) state=exploring leader=None trust=1.00 susp=0.00 cov=29.7%/100.0%
[R2] pos=(1925,1201) state=exploring leader=None trust=1.00 susp=0.00 cov=29.7%/100.0%
[R2] pos=(1925,1201) state=exploring leader=None trust=1.00 susp=0.00 cov=29.7%/100.0%
[R2] pos=(1925,1201) state=exploring leader=None trust=1.00 susp=0.00 cov=29.7%/100.0%
[R2] pos=(1925,1201) state=exploring leader=None trust=1.00 susp=0.00 cov=29.7%/100.0%
[R2] pos=(1925,1201) state=exploring leader=None trust=1.00 susp=0.00 cov=29.7%/100.0%
[R2] pos=(1925,1201) state=exploring leader=None trust=1.00 susp=0.00 cov=29.7%/100.0%
[R2] pos=(1925,1201) state=exploring leader=None trust=1.00 susp=0.00 cov=29.7%/100.0%
[R2] pos=(1925,1201) state=exploring leader=None trust=1.00 susp=0.00 cov=29.7%/100.0%
[R2] pos=(1925,1201) state=exploring leader=None trust=1.00 susp=0.00 cov=29.7%/100.0%
[R2] pos=(1925,1201) state=exploring leader=None trust=1.00 susp=0.00 cov=29.7%/100.0%
[R2] pos=(1925,1201) state=exploring leader=None trust=1.00 susp=0.00 cov=29.7%/100.0%
[R2] pos=(1925,1201) state=exploring leader=None trust=1.00 susp=0.00 cov=29.7%/100.0%
[R2] pos=(1925,1201) state=exploring leader=None trust=1.00 susp=0.00 cov=29.7%/100.0%
[R2] pos=(1925,1201) state=exploring leader=None trust=1.00 susp=0.00 cov=29.7%/100.0%
[R2] pos=(1925,1201) state=exploring leader=None trust=1.00 susp=0.00 cov=29.7%/100.0%
[R2] pos=(1925,1201) state=exploring leader=None trust=1.00 susp=0.00 cov=29.7%/100.0%
[R2] pos=(1925,1201) state=exploring leader=None trust=1.00 susp=0.00 cov=29.7%/100.0%
[R2] pos=(1925,1201) state=exploring leader=None trust=1.00 susp=0.00 cov=29.7%/100.0%
[R2] pos=(1925,1201) state=exploring leader=None trust=1.00 susp=0.00 cov=29.7%/100.0%
[R2] pos=(1925,1201) state=exploring leader=None trust=1.00 susp=0.00 cov=29.7%/100.0%
[R2] pos=(1925,1201) state=exploring leader=None trust=1.00 susp=0.00 cov=29.7%/100.0%
[R2] pos=(1925,1201) state=exploring leader=None trust=1.00 susp=0.00 cov=29.7%/100.0%
[R2] pos=(1925,1201) state=exploring leader=None trust=1.00 susp=0.00 cov=29.7%/100.0%
[R2] pos=(1925,1201) state=exploring leader=None trust=1.00 susp=0.00 cov=29.7%/100.0%
[R2] pos=(1925,1201) state=exploring leader=None trust=1.00 susp=0.00 cov=29.7%/100.0%
[R2] pos=(1925,1201) state=exploring leader=None trust=1.00 susp=0.00 cov=29.7%/100.0%
[R2] pos=(1925,1201) state=exploring leader=None trust=1.00 susp=0.00 cov=29.7%/100.0%
[R2] pos=(1925,1201) state=exploring leader=None trust=1.00 susp=0.00 cov=29.7%/100.0%
[R2] pos=(1925,1201) state=exploring leader=None trust=1.00 susp=0.00 cov=29.7%/100.0%
[R2] pos=(1925,1201) state=exploring leader=None trust=1.00 susp=0.00 cov=29.7%/100.0%
[R2] pos=(1925,1201) state=exploring leader=None trust=1.00 susp=0.00 cov=29.7%/100.0%
[R2] pos=(1925,1201) state=exploring leader=None trust=1.00 susp=0.00 cov=29.7%/100.0%
[R2] pos=(1925,1201) state=exploring leader=None trust=1.00 susp=0.00 cov=29.7%/100.0%
[R2] pos=(1925,1201) state=exploring leader=None trust=1.00 susp=0.00 cov=29.7%/100.0%
[R2] pos=(1925,1201) state=exploring leader=None trust=1.00 susp=0.00 cov=29.7%/100.0%
[R2] pos=(1925,1201) state=exploring leader=None trust=1.00 susp=0.00 cov=29.7%/100.0%
[R2] pos=(1925,1201) state=exploring leader=None trust=1.00 susp=0.00 cov=29.7%/100.0%
