[WARN] Hardware modules not available - running in simulation mode
=== REIP Node - Robot 3 [SIM (unique ports)] ===
Trust Model: Three-tier confidence-weighted
  Personal: 1.0, ToF: 1.0, Peer: 0.3
  Suspicion threshold: 1.5, Recovery: 0.1

  Logging to: logs/robot_3_20260226_212339.jsonl
Initializing hardware...
  Hardware: SIMULATED
[INFO] Position socket listening on port 17103
[INFO] Peer socket listening on port 17203
[INFO] Fault socket listening on port 17303
Ready!

=== Detection Bounds: T1=2 cmds, T3=8 cmds | Impeachment: T1=8 cmds, T3=32 cmds ===
Running... Press Ctrl+C to stop

[ELECTION] New leader: 3
[R3] pos=(0,0) state=leader leader=3 trust=1.00 susp=0.00 cov=0.0%/0.0%
[ELECTION] New leader: 1
[R3] pos=(544,631) state=follower leader=1 trust=1.00 susp=0.00 cov=0.5%/0.5%
[R3] pos=(311,360) state=follower leader=1 trust=1.00 susp=0.00 cov=3.1%/14.1%
[R3] pos=(119,546) state=follower leader=1 trust=1.00 susp=0.00 cov=5.7%/22.4%
[R3] pos=(127,464) state=follower leader=1 trust=1.00 susp=0.00 cov=6.8%/30.2%
[R3] pos=(290,75) state=follower leader=1 trust=1.00 susp=0.00 cov=9.9%/43.2%
[R3] pos=(904,75) state=follower leader=1 trust=1.00 susp=0.00 cov=12.5%/48.4%
[R3] pos=(660,540) state=follower leader=1 trust=1.00 susp=0.00 cov=14.6%/54.7%
[R3] pos=(176,1425) state=follower leader=1 trust=1.00 susp=0.00 cov=18.2%/60.4%
[R3] pos=(654,1182) state=follower leader=1 trust=1.00 susp=0.00 cov=20.3%/66.7%
[R3] pos=(919,901) state=follower leader=1 trust=1.00 susp=0.00 cov=22.4%/73.4%
[R3] pos=(919,908) state=follower leader=1 trust=1.00 susp=0.00 cov=22.9%/78.6%
[R3] pos=(919,907) state=follower leader=1 trust=1.00 susp=0.00 cov=22.9%/80.2%
[R3] pos=(919,903) state=follower leader=1 trust=1.00 susp=0.00 cov=22.9%/82.3%
[R3] pos=(919,851) state=follower leader=1 trust=1.00 susp=0.00 cov=22.9%/84.9%
[R3] pos=(919,843) state=follower leader=1 trust=1.00 susp=0.00 cov=22.9%/87.5%
[R3] pos=(919,1002) state=follower leader=1 trust=1.00 susp=0.00 cov=22.9%/89.1%
[R3] pos=(1377,1425) state=follower leader=1 trust=1.00 susp=0.00 cov=25.5%/91.7%
[R3] pos=(1545,844) state=follower leader=1 trust=1.00 susp=0.00 cov=29.2%/94.3%
[R3] pos=(1459,75) state=follower leader=1 trust=1.00 susp=0.00 cov=32.8%/96.4%
[R3] pos=(1090,355) state=follower leader=1 trust=1.00 susp=0.00 cov=35.4%/100.0%
[R3] pos=(1090,360) state=follower leader=1 trust=1.00 susp=0.00 cov=35.4%/100.0%
[R3] pos=(1090,262) state=follower leader=1 trust=1.00 susp=0.00 cov=35.4%/100.0%
[R3] pos=(1090,264) state=follower leader=1 trust=1.00 susp=0.00 cov=35.4%/100.0%
[R3] pos=(1090,264) state=follower leader=1 trust=1.00 susp=0.00 cov=35.4%/100.0%
[R3] pos=(1090,362) state=follower leader=1 trust=1.00 susp=0.00 cov=35.4%/100.0%
[R3] pos=(1090,263) state=follower leader=1 trust=1.00 susp=0.00 cov=35.9%/100.0%
[R3] pos=(1090,351) state=follower leader=1 trust=1.00 susp=0.00 cov=35.9%/100.0%
[R3] pos=(1090,250) state=follower leader=1 trust=1.00 susp=0.00 cov=35.9%/100.0%
[R3] pos=(1090,250) state=follower leader=1 trust=1.00 susp=0.00 cov=35.9%/100.0%
[R3] pos=(1090,250) state=follower leader=1 trust=1.00 susp=0.00 cov=35.9%/100.0%
[R3] pos=(1090,262) state=follower leader=1 trust=1.00 susp=0.00 cov=35.9%/100.0%
[R3] pos=(1090,273) state=follower leader=1 trust=1.00 susp=0.00 cov=35.9%/100.0%
[R3] pos=(1090,267) state=follower leader=1 trust=1.00 susp=0.00 cov=35.9%/100.0%
[R3] pos=(1090,362) state=follower leader=1 trust=1.00 susp=0.00 cov=35.9%/100.0%
[R3] pos=(1090,351) state=follower leader=1 trust=1.00 susp=0.00 cov=35.9%/100.0%
[R3] pos=(1090,273) state=follower leader=1 trust=1.00 susp=0.00 cov=35.9%/100.0%
[R3] pos=(1090,265) state=follower leader=1 trust=1.00 susp=0.00 cov=35.9%/100.0%
[R3] pos=(1090,264) state=follower leader=1 trust=1.00 susp=0.00 cov=35.9%/100.0%
[R3] pos=(1090,363) state=follower leader=1 trust=1.00 susp=0.00 cov=35.9%/100.0%
[R3] pos=(1090,352) state=follower leader=1 trust=1.00 susp=0.00 cov=35.9%/100.0%
[R3] pos=(1090,253) state=follower leader=1 trust=1.00 susp=0.00 cov=35.9%/100.0%
[R3] pos=(1090,253) state=follower leader=1 trust=1.00 susp=0.00 cov=35.9%/100.0%
[R3] pos=(1090,270) state=follower leader=1 trust=1.00 susp=0.00 cov=35.9%/100.0%
[R3] pos=(1090,268) state=follower leader=1 trust=1.00 susp=0.00 cov=35.9%/100.0%
[R3] pos=(1090,353) state=follower leader=1 trust=1.00 susp=0.00 cov=35.9%/100.0%
[R3] pos=(1090,262) state=follower leader=1 trust=1.00 susp=0.00 cov=35.9%/100.0%
[R3] pos=(1090,351) state=follower leader=1 trust=1.00 susp=0.00 cov=35.9%/100.0%
[R3] pos=(1090,351) state=follower leader=1 trust=1.00 susp=0.00 cov=35.9%/100.0%
[R3] pos=(1090,351) state=follower leader=1 trust=1.00 susp=0.00 cov=35.9%/100.0%
[R3] pos=(1090,367) state=follower leader=1 trust=1.00 susp=0.00 cov=35.9%/100.0%
[R3] pos=(1090,362) state=follower leader=1 trust=1.00 susp=0.00 cov=35.9%/100.0%
[R3] pos=(1090,352) state=follower leader=1 trust=1.00 susp=0.00 cov=35.9%/100.0%
[R3] pos=(1090,362) state=follower leader=1 trust=1.00 susp=0.00 cov=35.9%/100.0%
[R3] pos=(1090,361) state=follower leader=1 trust=1.00 susp=0.00 cov=35.9%/100.0%
[R3] pos=(1090,273) state=follower leader=1 trust=1.00 susp=0.00 cov=35.9%/100.0%
[R3] pos=(1090,362) state=follower leader=1 trust=1.00 susp=0.00 cov=35.9%/100.0%
[R3] pos=(1090,362) state=follower leader=1 trust=1.00 susp=0.00 cov=35.9%/100.0%
[R3] pos=(1090,362) state=follower leader=1 trust=1.00 susp=0.00 cov=35.9%/100.0%
[R3] pos=(1090,362) state=follower leader=1 trust=1.00 susp=0.00 cov=35.9%/100.0%
[R3] pos=(1090,362) state=follower leader=1 trust=1.00 susp=0.00 cov=35.9%/100.0%
[R3] pos=(1090,362) state=follower leader=1 trust=1.00 susp=0.00 cov=35.9%/100.0%
[R3] pos=(1090,362) state=follower leader=1 trust=1.00 susp=0.00 cov=35.9%/100.0%
[R3] pos=(1090,362) state=follower leader=1 trust=1.00 susp=0.00 cov=35.9%/100.0%
[R3] pos=(1090,362) state=follower leader=1 trust=1.00 susp=0.00 cov=35.9%/100.0%
[R3] pos=(1090,362) state=follower leader=1 trust=1.00 susp=0.00 cov=35.9%/100.0%
