[WARN] Hardware modules not available - running in simulation mode
=== REIP Node - Robot 2 [SIM (unique ports)] ===
Trust Model: Three-tier confidence-weighted
  Personal: 1.0, ToF: 1.0, Peer: 0.3
  Suspicion threshold: 1.5, Recovery: 0.1

  Logging to: logs/robot_2_20260226_173855.jsonl
Initializing hardware...
  Hardware: SIMULATED
[INFO] Position socket listening on port 18102
[INFO] Peer socket listening on port 18202
[INFO] Fault socket listening on port 18302
Ready!

=== DECENTRALIZED MODE - No leader coordination ===
=== Detection Bounds: T1=2 cmds, T3=8 cmds | Impeachment: T1=8 cmds, T3=32 cmds ===
Running... Press Ctrl+C to stop

[R2] pos=(0,0) state=exploring leader=None trust=1.00 susp=0.00 cov=0.0%/0.0%
[R2] pos=(1714,758) state=exploring leader=None trust=1.00 susp=0.00 cov=0.5%/0.5%
[R2] pos=(1291,817) state=exploring leader=None trust=1.00 susp=0.00 cov=2.1%/13.5%
[R2] pos=(933,715) state=exploring leader=None trust=1.00 susp=0.00 cov=5.7%/26.0%
[R2] pos=(541,348) state=exploring leader=None trust=1.00 susp=0.00 cov=9.9%/37.5%
[R2] pos=(818,170) state=exploring leader=None trust=1.00 susp=0.00 cov=12.5%/46.4%
[R2] pos=(1010,388) state=exploring leader=None trust=1.00 susp=0.00 cov=15.1%/54.7%
[R2] pos=(1383,75) state=exploring leader=None trust=1.00 susp=0.00 cov=18.2%/65.6%
[R2] pos=(1444,579) state=exploring leader=None trust=1.00 susp=0.00 cov=21.9%/74.5%
[R2] pos=(1688,437) state=exploring leader=None trust=1.00 susp=0.00 cov=25.0%/85.9%
[R2] pos=(1925,75) state=exploring leader=None trust=1.00 susp=0.00 cov=28.1%/97.9%
[R2] pos=(1925,1003) state=exploring leader=None trust=1.00 susp=0.00 cov=31.2%/100.0%
[R2] pos=(1925,971) state=exploring leader=None trust=1.00 susp=0.00 cov=31.2%/100.0%
[R2] pos=(1925,896) state=exploring leader=None trust=1.00 susp=0.00 cov=31.2%/100.0%
[R2] pos=(1925,897) state=exploring leader=None trust=1.00 susp=0.00 cov=31.2%/100.0%
[R2] pos=(1925,892) state=exploring leader=None trust=1.00 susp=0.00 cov=31.2%/100.0%
[R2] pos=(1925,981) state=exploring leader=None trust=1.00 susp=0.00 cov=31.2%/100.0%
[R2] pos=(1925,967) state=exploring leader=None trust=1.00 susp=0.00 cov=31.2%/100.0%
[R2] pos=(1925,996) state=exploring leader=None trust=1.00 susp=0.00 cov=31.2%/100.0%
[R2] pos=(1925,911) state=exploring leader=None trust=1.00 susp=0.00 cov=31.2%/100.0%
[R2] pos=(1925,885) state=exploring leader=None trust=1.00 susp=0.00 cov=31.2%/100.0%
[R2] pos=(1925,992) state=exploring leader=None trust=1.00 susp=0.00 cov=31.2%/100.0%
[R2] pos=(1925,1007) state=exploring leader=None trust=1.00 susp=0.00 cov=31.2%/100.0%
[R2] pos=(1925,1003) state=exploring leader=None trust=1.00 susp=0.00 cov=31.2%/100.0%
[R2] pos=(1925,892) state=exploring leader=None trust=1.00 susp=0.00 cov=31.2%/100.0%
[R2] pos=(1925,883) state=exploring leader=None trust=1.00 susp=0.00 cov=31.2%/100.0%
[R2] pos=(1925,872) state=exploring leader=None trust=1.00 susp=0.00 cov=31.2%/100.0%
[R2] pos=(1925,975) state=exploring leader=None trust=1.00 susp=0.00 cov=31.2%/100.0%
[R2] pos=(1925,968) state=exploring leader=None trust=1.00 susp=0.00 cov=31.2%/100.0%
[R2] pos=(1925,869) state=exploring leader=None trust=1.00 susp=0.00 cov=31.2%/100.0%
[R2] pos=(1925,896) state=exploring leader=None trust=1.00 susp=0.00 cov=31.2%/100.0%
[R2] pos=(1925,882) state=exploring leader=None trust=1.00 susp=0.00 cov=31.2%/100.0%
[R2] pos=(1925,967) state=exploring leader=None trust=1.00 susp=0.00 cov=31.2%/100.0%
[R2] pos=(1925,911) state=exploring leader=None trust=1.00 susp=0.00 cov=31.2%/100.0%
[R2] pos=(1925,1007) state=exploring leader=None trust=1.00 susp=0.00 cov=31.2%/100.0%
[R2] pos=(1925,1006) state=exploring leader=None trust=1.00 susp=0.00 cov=31.2%/100.0%
[R2] pos=(1925,906) state=exploring leader=None trust=1.00 susp=0.00 cov=31.2%/100.0%
[R2] pos=(1925,969) state=exploring leader=None trust=1.00 susp=0.00 cov=31.2%/100.0%
[R2] pos=(1925,997) state=exploring leader=None trust=1.00 susp=0.00 cov=31.2%/100.0%
[R2] pos=(1925,969) state=exploring leader=None trust=1.00 susp=0.00 cov=31.2%/100.0%
[R2] pos=(1925,890) state=exploring leader=None trust=1.00 susp=0.00 cov=31.2%/100.0%
[R2] pos=(1925,979) state=exploring leader=None trust=1.00 susp=0.00 cov=31.2%/100.0%
[R2] pos=(1925,883) state=exploring leader=None trust=1.00 susp=0.00 cov=31.2%/100.0%
[R2] pos=(1925,883) state=exploring leader=None trust=1.00 susp=0.00 cov=31.2%/100.0%
[R2] pos=(1925,882) state=exploring leader=None trust=1.00 susp=0.00 cov=31.2%/100.0%
[R2] pos=(1925,1005) state=exploring leader=None trust=1.00 susp=0.00 cov=31.2%/100.0%
[R2] pos=(1925,1017) state=exploring leader=None trust=1.00 susp=0.00 cov=31.2%/100.0%
[R2] pos=(1925,1017) state=exploring leader=None trust=1.00 susp=0.00 cov=31.2%/100.0%
[R2] pos=(1925,894) state=exploring leader=None trust=1.00 susp=0.00 cov=31.2%/100.0%
[R2] pos=(1925,894) state=exploring leader=None trust=1.00 susp=0.00 cov=31.2%/100.0%
[R2] pos=(1925,1014) state=exploring leader=None trust=1.00 susp=0.00 cov=31.2%/100.0%
[R2] pos=(1925,891) state=exploring leader=None trust=1.00 susp=0.00 cov=31.2%/100.0%
[R2] pos=(1925,891) state=exploring leader=None trust=1.00 susp=0.00 cov=31.2%/100.0%
[R2] pos=(1925,986) state=exploring leader=None trust=1.00 susp=0.00 cov=31.2%/100.0%
[R2] pos=(1925,999) state=exploring leader=None trust=1.00 susp=0.00 cov=31.2%/100.0%
[R2] pos=(1925,986) state=exploring leader=None trust=1.00 susp=0.00 cov=31.2%/100.0%
[R2] pos=(1925,905) state=exploring leader=None trust=1.00 susp=0.00 cov=31.2%/100.0%
[R2] pos=(1925,873) state=exploring leader=None trust=1.00 susp=0.00 cov=31.2%/100.0%
[R2] pos=(1925,891) state=exploring leader=None trust=1.00 susp=0.00 cov=31.2%/100.0%
[R2] pos=(1925,978) state=exploring leader=None trust=1.00 susp=0.00 cov=31.2%/100.0%
[R2] pos=(1925,994) state=exploring leader=None trust=1.00 susp=0.00 cov=31.2%/100.0%
