[WARN] Hardware modules not available - simulation mode
=== RAFT Baseline - Robot 2 [SIM] ===
NO TRUST. Heartbeat timeout only.

  Logging to: logs/raft_2_20260226_172142.jsonl
Initializing hardware...
  Hardware: SIMULATED
[INFO] Position socket listening on port 24102
[INFO] Peer socket listening on port 24202
[INFO] Fault socket listening on port 24302
Ready!

Running RAFT baseline... Press Ctrl+C to stop

[R2] state=follower leader=None term=0 cov=0.0%/0.0%
[R2] state=follower leader=5 term=1 cov=0.0%/1.6%
[R2] state=follower leader=5 term=1 cov=0.0%/8.3%
[R2] state=follower leader=5 term=1 cov=0.0%/15.1%
[R2] state=follower leader=5 term=1 cov=0.0%/24.0%
[R2] state=follower leader=5 term=1 cov=0.0%/29.7%
[R2] state=follower leader=5 term=1 cov=0.0%/32.3%
[R2] state=follower leader=5 term=1 cov=0.0%/35.9%
[R2] state=follower leader=5 term=1 cov=0.0%/41.1%
[R2] state=follower leader=5 term=1 cov=0.0%/44.8%
[R2] state=follower leader=5 term=1 cov=0.0%/50.0%
[R2] state=follower leader=5 term=1 cov=0.0%/54.2%
[R2] state=follower leader=5 term=1 cov=0.0%/58.3%
[R2] state=follower leader=5 term=1 cov=0.0%/62.5%
[R2] state=follower leader=5 term=1 cov=0.0%/65.1%
[R2] state=follower leader=5 term=1 cov=0.0%/67.2%
[R2] state=follower leader=5 term=1 cov=0.0%/69.8%
[R2] state=follower leader=5 term=1 cov=0.0%/71.9%
[R2] state=follower leader=5 term=1 cov=0.0%/76.0%
[R2] state=follower leader=5 term=1 cov=0.0%/77.1%
[R2] state=follower leader=5 term=1 cov=0.0%/80.2%
[R2] state=follower leader=5 term=1 cov=0.0%/83.3%
[R2] state=follower leader=5 term=1 cov=0.0%/88.5%
[R2] state=follower leader=5 term=1 cov=0.0%/95.3%
[R2] state=follower leader=5 term=1 cov=0.0%/97.9%
[R2] state=follower leader=5 term=1 cov=0.0%/98.4%
[R2] state=follower leader=5 term=1 cov=0.0%/100.0%
[R2] state=follower leader=5 term=1 cov=0.0%/100.0%
[R2] state=follower leader=5 term=1 cov=0.0%/100.0%
[R2] state=follower leader=5 term=1 cov=0.0%/100.0%
[R2] state=follower leader=5 term=1 cov=0.0%/100.0%
[R2] state=follower leader=5 term=1 cov=0.0%/100.0%
[R2] state=follower leader=5 term=1 cov=0.0%/100.0%
[R2] state=follower leader=5 term=1 cov=0.0%/100.0%
[R2] state=follower leader=5 term=1 cov=0.0%/100.0%
[R2] state=follower leader=5 term=1 cov=0.0%/100.0%
[R2] state=follower leader=5 term=1 cov=0.0%/100.0%
[R2] state=follower leader=5 term=1 cov=0.0%/100.0%
[R2] state=follower leader=5 term=1 cov=0.0%/100.0%
[R2] state=follower leader=5 term=1 cov=0.0%/100.0%
[R2] state=follower leader=5 term=1 cov=0.0%/100.0%
[R2] state=follower leader=5 term=1 cov=0.0%/100.0%
[R2] state=follower leader=5 term=1 cov=0.0%/100.0%
[R2] state=follower leader=5 term=1 cov=0.0%/100.0%
[R2] state=follower leader=5 term=1 cov=0.0%/100.0%
[R2] state=follower leader=5 term=1 cov=0.0%/100.0%
[R2] state=follower leader=5 term=1 cov=0.0%/100.0%
[R2] state=follower leader=5 term=1 cov=0.0%/100.0%
[R2] state=follower leader=5 term=1 cov=0.0%/100.0%
[R2] state=follower leader=5 term=1 cov=0.0%/100.0%
[R2] state=follower leader=5 term=1 cov=0.0%/100.0%
[R2] state=follower leader=5 term=1 cov=0.0%/100.0%
[R2] state=follower leader=5 term=1 cov=0.0%/100.0%
[R2] state=follower leader=5 term=1 cov=0.0%/100.0%
[R2] state=follower leader=5 term=1 cov=0.0%/100.0%
[R2] state=follower leader=5 term=1 cov=0.0%/100.0%
[R2] state=follower leader=5 term=1 cov=0.0%/100.0%
[R2] state=follower leader=5 term=1 cov=0.0%/100.0%
[R2] state=follower leader=5 term=1 cov=0.0%/100.0%
[R2] state=follower leader=5 term=1 cov=0.0%/100.0%
[R2] state=follower leader=5 term=1 cov=0.0%/100.0%
[R2] state=follower leader=5 term=1 cov=0.0%/100.0%
[R2] state=follower leader=5 term=1 cov=0.0%/100.0%
