[WARN] Hardware modules not available - simulation mode
=== RAFT Baseline - Robot 3 [SIM] ===
NO TRUST. Heartbeat timeout only.

  Logging to: logs/raft_3_20260226_173817.jsonl
Initializing hardware...
  Hardware: SIMULATED
[INFO] Position socket listening on port 11103
[INFO] Peer socket listening on port 11203
[INFO] Fault socket listening on port 11303
Ready!

Running RAFT baseline... Press Ctrl+C to stop

[R3] state=follower leader=None term=0 cov=0.0%/0.0%
[R3] state=follower leader=5 term=1 cov=0.5%/2.6%
[R3] state=follower leader=5 term=1 cov=0.5%/2.6%
[R3] state=follower leader=5 term=1 cov=0.5%/2.6%
[R3] state=follower leader=5 term=1 cov=0.5%/2.6%
[R3] state=follower leader=5 term=1 cov=1.0%/5.2%
[R3] state=follower leader=5 term=1 cov=2.6%/16.1%
[R3] state=follower leader=5 term=1 cov=3.6%/24.5%
[R3] state=follower leader=5 term=1 cov=3.6%/24.5%
[R3] state=follower leader=5 term=1 cov=3.6%/24.5%
[R3] state=follower leader=5 term=1 cov=3.6%/24.5%
[R3] state=follower leader=5 term=1 cov=3.6%/24.5%
[R3] state=follower leader=5 term=1 cov=3.6%/24.5%
[R3] state=follower leader=5 term=1 cov=3.6%/24.5%
[R3] state=follower leader=5 term=1 cov=3.6%/24.5%
[R3] state=follower leader=5 term=1 cov=3.6%/24.5%
[R3] state=follower leader=5 term=1 cov=3.6%/24.5%
[R3] state=follower leader=5 term=1 cov=3.6%/24.5%
[R3] state=follower leader=5 term=1 cov=3.6%/24.5%
[R3] state=follower leader=5 term=1 cov=3.6%/24.5%
[R3] state=follower leader=5 term=1 cov=3.6%/24.5%
[R3] state=follower leader=5 term=1 cov=3.6%/24.5%
[R3] state=follower leader=5 term=1 cov=3.6%/24.5%
[R3] state=follower leader=5 term=1 cov=3.6%/24.5%
[R3] state=follower leader=5 term=1 cov=3.6%/24.5%
[R3] state=follower leader=5 term=1 cov=4.7%/30.2%
[R3] state=follower leader=5 term=1 cov=4.7%/30.2%
[R3] state=follower leader=5 term=1 cov=4.7%/30.2%
[R3] state=follower leader=5 term=1 cov=4.7%/30.2%
[R3] state=follower leader=5 term=1 cov=4.7%/30.2%
[R3] state=follower leader=5 term=1 cov=4.7%/30.2%
[R3] state=follower leader=5 term=1 cov=4.7%/30.2%
[R3] state=follower leader=5 term=1 cov=4.7%/30.2%
[R3] state=follower leader=5 term=1 cov=4.7%/30.2%
[R3] state=follower leader=5 term=1 cov=4.7%/30.2%
[R3] state=follower leader=5 term=1 cov=4.7%/30.2%
[R3] state=follower leader=5 term=1 cov=4.7%/30.2%
[R3] state=follower leader=5 term=1 cov=5.2%/32.8%
[R3] state=follower leader=5 term=1 cov=5.7%/35.9%
[R3] state=follower leader=5 term=1 cov=5.7%/35.9%
[R3] state=follower leader=5 term=1 cov=8.3%/48.4%
[R3] state=follower leader=5 term=1 cov=9.9%/60.9%
[R3] state=follower leader=5 term=1 cov=12.5%/70.8%
[R3] state=follower leader=5 term=1 cov=14.1%/75.0%
[R3] state=follower leader=5 term=1 cov=15.6%/81.8%
[R3] state=follower leader=5 term=1 cov=17.7%/87.5%
[R3] state=follower leader=5 term=1 cov=18.8%/93.8%
[R3] state=follower leader=5 term=1 cov=21.4%/98.4%
[R3] state=follower leader=5 term=1 cov=24.5%/100.0%
[R3] state=follower leader=5 term=1 cov=25.0%/100.0%
[R3] state=follower leader=5 term=1 cov=25.0%/100.0%
[R3] state=follower leader=5 term=1 cov=25.0%/100.0%
[R3] state=follower leader=5 term=1 cov=25.0%/100.0%
[R3] state=follower leader=5 term=1 cov=25.0%/100.0%
[R3] state=follower leader=5 term=1 cov=25.0%/100.0%
[R3] state=follower leader=5 term=1 cov=25.0%/100.0%
[R3] state=follower leader=5 term=1 cov=25.0%/100.0%
[R3] state=follower leader=5 term=1 cov=25.0%/100.0%
[R3] state=follower leader=5 term=1 cov=25.0%/100.0%
[R3] state=follower leader=5 term=1 cov=25.0%/100.0%
[R3] state=follower leader=5 term=1 cov=25.0%/100.0%
[R3] state=follower leader=5 term=1 cov=25.0%/100.0%
