[WARN] Hardware modules not available - simulation mode
=== RAFT Baseline - Robot 4 [SIM] ===
NO TRUST. Heartbeat timeout only.

  Logging to: logs/raft_4_20260226_212842.jsonl
Initializing hardware...
  Hardware: SIMULATED
[INFO] Position socket listening on port 9104
[INFO] Peer socket listening on port 9204
[INFO] Fault socket listening on port 9304
Ready!

Running RAFT baseline... Press Ctrl+C to stop

[R4] state=follower leader=None term=0 cov=0.0%/0.0%
[R4] state=follower leader=3 term=2 cov=0.5%/2.6%
[R4] state=follower leader=3 term=2 cov=2.6%/14.6%
[R4] state=follower leader=3 term=2 cov=3.1%/24.5%
[R4] state=follower leader=3 term=2 cov=3.6%/30.7%
[R4] state=follower leader=3 term=2 cov=5.2%/38.5%
[R4] state=follower leader=3 term=2 cov=7.3%/46.4%
[R4] state=follower leader=3 term=2 cov=8.9%/50.5%
[R4] state=follower leader=3 term=2 cov=10.9%/55.7%
[R4] state=follower leader=3 term=2 cov=13.0%/61.5%
[R4] state=follower leader=3 term=2 cov=15.1%/68.2%
[R4] state=follower leader=3 term=2 cov=17.7%/76.6%
[R4] state=follower leader=3 term=2 cov=18.8%/82.3%
[R4] state=follower leader=3 term=2 cov=20.8%/88.5%
[R4] state=follower leader=3 term=2 cov=20.8%/89.1%
[R4] state=follower leader=3 term=2 cov=20.8%/89.1%
[R4] state=follower leader=3 term=2 cov=20.8%/89.1%
[R4] state=follower leader=3 term=2 cov=20.8%/89.1%
[R4] state=follower leader=3 term=2 cov=20.8%/89.1%
[R4] state=follower leader=3 term=2 cov=20.8%/89.1%
[R4] state=follower leader=3 term=2 cov=20.8%/89.1%
[R4] state=follower leader=3 term=2 cov=20.8%/89.1%
[R4] state=follower leader=3 term=2 cov=20.8%/89.1%
[R4] state=follower leader=3 term=2 cov=20.8%/89.1%
[R4] state=follower leader=3 term=2 cov=20.8%/89.1%
[R4] state=follower leader=3 term=2 cov=20.8%/89.1%
[R4] state=follower leader=3 term=2 cov=20.8%/89.1%
[R4] state=follower leader=3 term=2 cov=20.8%/89.1%
[R4] state=follower leader=3 term=2 cov=20.8%/89.1%
[R4] state=follower leader=3 term=2 cov=20.8%/89.1%
[R4] state=follower leader=3 term=2 cov=21.4%/91.1%
[R4] state=follower leader=3 term=2 cov=21.9%/91.7%
[R4] state=follower leader=3 term=2 cov=23.4%/93.8%
[R4] state=follower leader=3 term=2 cov=24.5%/93.8%
[R4] state=follower leader=3 term=2 cov=25.0%/94.8%
[R4] state=follower leader=3 term=2 cov=25.0%/94.8%
[R4] state=follower leader=3 term=2 cov=26.6%/95.3%
[R4] state=follower leader=3 term=2 cov=26.6%/95.3%
[R4] state=follower leader=3 term=2 cov=27.1%/95.8%
[R4] state=follower leader=3 term=2 cov=27.6%/96.4%
[R4] state=follower leader=3 term=2 cov=27.6%/96.4%
[R4] state=follower leader=3 term=2 cov=28.1%/96.9%
[R4] state=follower leader=3 term=2 cov=28.1%/96.9%
[R4] state=follower leader=3 term=2 cov=28.6%/96.9%
[R4] state=follower leader=3 term=2 cov=29.2%/97.4%
[R4] state=follower leader=3 term=2 cov=29.2%/97.4%
[R4] state=follower leader=3 term=2 cov=30.2%/97.9%
[R4] state=follower leader=3 term=2 cov=31.2%/97.9%
[R4] state=follower leader=3 term=2 cov=31.2%/97.9%
[R4] state=follower leader=3 term=2 cov=31.8%/98.4%
[R4] state=follower leader=3 term=2 cov=31.8%/98.4%
[R4] state=follower leader=3 term=2 cov=32.3%/99.0%
[R4] state=follower leader=3 term=2 cov=32.3%/99.0%
[R4] state=follower leader=3 term=2 cov=32.3%/99.0%
[R4] state=follower leader=3 term=2 cov=34.4%/99.0%
[R4] state=follower leader=3 term=2 cov=36.5%/99.5%
[R4] state=follower leader=3 term=2 cov=36.5%/99.5%
[R4] state=follower leader=3 term=2 cov=37.0%/99.5%
[R4] state=follower leader=3 term=2 cov=39.6%/100.0%
[R4] state=follower leader=3 term=2 cov=41.1%/100.0%
[R4] state=follower leader=3 term=2 cov=41.1%/100.0%
