[WARN] Hardware modules not available - running in simulation mode
=== REIP Node - Robot 4 [SIM (unique ports)] ===
Trust Model: Three-tier confidence-weighted
  Personal: 1.0, ToF: 1.0, Peer: 0.3
  Suspicion threshold: 1.5, Recovery: 0.1

  Logging to: logs/robot_4_20260227_180010.jsonl
Initializing hardware...
  Hardware: SIMULATED
[INFO] Position socket listening on port 8104
[INFO] Peer socket listening on port 8204
[INFO] Fault socket listening on port 8304
Ready!

=== Detection Bounds: T1=2 cmds, T3=8 cmds | Impeachment: T1=8 cmds, T3=32 cmds ===
Running... Press Ctrl+C to stop

[ELECTION] New leader: 4
[R4] pos=(0,0) state=leader leader=4 trust=1.00 susp=0.00 cov=0.0%/0.0%
[ELECTION] New leader: 1
[R4] pos=(405,737) state=follower leader=1 trust=1.00 susp=0.00 cov=0.5%/2.1%
[R4] pos=(353,933) state=follower leader=1 trust=1.00 susp=0.00 cov=2.6%/11.5%
[R4] pos=(189,1150) state=follower leader=1 trust=1.00 susp=0.00 cov=4.7%/23.4%
[R4] pos=(75,1201) state=follower leader=1 trust=1.00 susp=0.00 cov=5.7%/33.9%
[R4] pos=(383,1278) state=follower leader=1 trust=1.00 susp=0.00 cov=8.3%/44.3%
[TRUST] Bad command #1 (peer_reported): suspicion +0.30 = 0.30 omega=0.605
[R4] pos=(173,1425) state=follower leader=1 trust=1.00 susp=0.30 cov=9.9%/52.6%
[TRUST] Bad command #2 (peer_reported): suspicion +0.30 = 0.60 omega=0.607
[TRUST] Bad command #3 (peer_reported): suspicion +0.30 = 0.90 omega=0.607
[TRUST] Bad command #4 (peer_reported): suspicion +0.30 = 1.20 omega=0.419
[TRUST] Bad command #5 (peer_reported): suspicion +0.30 = 1.50 omega=0.419
[DETECT] First trust decay after 5 bad commands (0.83s) [Theoretical bound: T1=2, T3=8]
[CLASSIFY] Fault type: byzantine_assignment (omega=0.419, threshold=0.785)
[TRUST] Trust decayed: trust=0.80, remaining suspicion=0.00, omega=0.419, class=byzantine_assignment
[TRUST] Bad command #6 (peer_reported): suspicion +0.30 = 0.30 omega=0.401
[TRUST] Bad command #7 (peer_reported): suspicion +0.30 = 0.60 omega=0.384
[TRUST] Bad command #8 (peer_reported): suspicion +0.30 = 0.90 omega=0.384
[TRUST] Bad command #9 (peer_reported): suspicion +0.30 = 1.20 omega=0.002
[R4] pos=(823,1311) state=follower leader=1 trust=0.80 susp=1.00 cov=11.5%/56.8%
[TRUST] Bad command #10 (personal_visited): suspicion +1.00 = 1.90 omega=0.393
[TRUST] Trust decayed: trust=0.60, remaining suspicion=0.40, omega=0.393, class=byzantine_assignment
[TRUST] Bad command #11 (personal_visited): suspicion +1.00 = 1.40 omega=0.393
[TRUST] Bad command #12 (personal_visited): suspicion +1.00 = 2.40 omega=0.393
[TRUST] Trust decayed: trust=0.40, remaining suspicion=0.90, omega=0.393, class=byzantine_assignment
[TRUST] Bad command #13 (personal_visited): suspicion +1.00 = 1.90 omega=0.393
[TRUST] Trust decayed: trust=0.20, remaining suspicion=0.40, omega=0.393, class=byzantine_assignment
[DETECT] IMPEACHMENT after 13 bad commands, 3.21s from first bad command [Bound: T1=8 cmds, T3=32 cmds]
[IMPEACH] Trust too low (0.20), excluding leader 1 from candidates
[ELECTION] Leader 1 impeached (failures=1)
[ELECTION] New leader: 2
[R4] pos=(914,1172) state=follower leader=2 trust=1.00 susp=0.00 cov=13.0%/59.9%
[R4] pos=(914,1178) state=follower leader=2 trust=1.00 susp=0.00 cov=13.0%/64.1%
[R4] pos=(1394,1425) state=follower leader=2 trust=1.00 susp=0.00 cov=15.6%/67.2%
[R4] pos=(1564,1425) state=follower leader=2 trust=1.00 susp=0.00 cov=17.2%/70.8%
[R4] pos=(1863,1247) state=follower leader=2 trust=1.00 susp=0.00 cov=19.3%/75.5%
[R4] pos=(1925,1061) state=follower leader=2 trust=1.00 susp=0.00 cov=20.8%/78.1%
[R4] pos=(1572,1176) state=follower leader=2 trust=1.00 susp=0.00 cov=22.9%/80.2%
[R4] pos=(1079,839) state=follower leader=2 trust=1.00 susp=0.00 cov=26.0%/84.9%
[TRUST] Bad command #1 (peer_reported): suspicion +0.30 = 0.30 omega=0.813
[TRUST] Bad command #2 (peer_reported): suspicion +0.30 = 0.60 omega=0.857
[R4] pos=(1141,412) state=follower leader=2 trust=1.00 susp=0.60 cov=28.6%/88.5%
[TRUST] Bad command #3 (personal_visited): suspicion +1.00 = 1.30 omega=0.823
[TRUST] Bad command #4 (personal_visited): suspicion +1.00 = 2.30 omega=0.817
[DETECT] First trust decay after 4 bad commands (1.26s) [Theoretical bound: T1=2, T3=8]
[CLASSIFY] Fault type: byzantine_oscillation (omega=0.817, threshold=0.785)
[TRUST] Trust decayed: trust=0.80, remaining suspicion=0.80, omega=0.817, class=byzantine_oscillation
[TRUST] Bad command #5 (personal_visited): suspicion +1.00 = 1.80 omega=0.743
[TRUST] Trust decayed: trust=0.60, remaining suspicion=0.30, omega=0.743, class=byzantine_oscillation
[TRUST] Bad command #6 (personal_visited): suspicion +1.00 = 1.30 omega=0.442
[TRUST] Bad command #7 (personal_visited): suspicion +1.00 = 2.30 omega=0.393
[TRUST] Trust decayed: trust=0.40, remaining suspicion=0.80, omega=0.393, class=byzantine_oscillation
[TRUST] Bad command #8 (personal_visited): suspicion +1.00 = 1.80 omega=0.393
[TRUST] Trust decayed: trust=0.20, remaining suspicion=0.30, omega=0.393, class=byzantine_oscillation
[TRUST] Bad command #9 (personal_visited): suspicion +1.00 = 1.30 omega=0.355
[R4] pos=(1140,388) state=follower leader=2 trust=0.20 susp=1.30 cov=28.6%/88.5%
[TRUST] Bad command #10 (personal_visited): suspicion +1.00 = 2.30 omega=0.357
[TRUST] Trust decayed: trust=0.10, remaining suspicion=0.80, omega=0.357, class=byzantine_oscillation
[TRUST] Bad command #11 (personal_visited): suspicion +1.00 = 1.80 omega=0.381
[TRUST] Trust decayed: trust=0.10, remaining suspicion=0.30, omega=0.381, class=byzantine_oscillation
[TRUST] Bad command #12 (personal_visited): suspicion +1.00 = 1.30 omega=0.393
[TRUST] Bad command #13 (personal_visited): suspicion +1.00 = 2.30 omega=0.400
[TRUST] Trust decayed: trust=0.10, remaining suspicion=0.80, omega=0.400, class=byzantine_oscillation
[TRUST] Bad command #14 (personal_visited): suspicion +1.00 = 1.80 omega=0.403
[TRUST] Trust decayed: trust=0.10, remaining suspicion=0.30, omega=0.403, class=byzantine_oscillation
[DETECT] IMPEACHMENT after 14 bad commands, 3.40s from first bad command [Bound: T1=8 cmds, T3=32 cmds]
[IMPEACH] Trust too low (0.10), excluding leader 2 from candidates
[ELECTION] Leader 2 impeached (failures=1)
[ELECTION] New leader: 4
[R4] pos=(1150,75) state=leader leader=4 trust=1.00 susp=0.00 cov=30.7%/90.6%
[R4] pos=(1757,76) state=leader leader=4 trust=1.00 susp=0.00 cov=34.4%/94.3%
[R4] pos=(1743,430) state=leader leader=4 trust=1.00 susp=0.00 cov=37.0%/96.4%
[R4] pos=(1727,1107) state=leader leader=4 trust=1.00 susp=0.00 cov=40.1%/96.9%
[R4] pos=(1817,1425) state=leader leader=4 trust=1.00 susp=0.00 cov=40.6%/98.4%
[R4] pos=(1817,1425) state=leader leader=4 trust=1.00 susp=0.00 cov=40.6%/98.4%
[R4] pos=(1817,1425) state=leader leader=4 trust=1.00 susp=0.00 cov=40.6%/100.0%
[R4] pos=(1817,1425) state=leader leader=4 trust=1.00 susp=0.00 cov=40.6%/100.0%
[R4] pos=(1817,1425) state=leader leader=4 trust=1.00 susp=0.00 cov=40.6%/100.0%
[R4] pos=(1817,1425) state=leader leader=4 trust=1.00 susp=0.00 cov=40.6%/100.0%
[R4] pos=(1817,1425) state=leader leader=4 trust=1.00 susp=0.00 cov=40.6%/100.0%
[R4] pos=(1817,1425) state=leader leader=4 trust=1.00 susp=0.00 cov=40.6%/100.0%
[R4] pos=(1817,1425) state=leader leader=4 trust=1.00 susp=0.00 cov=40.6%/100.0%
[R4] pos=(1817,1425) state=leader leader=4 trust=1.00 susp=0.00 cov=40.6%/100.0%
[R4] pos=(1817,1425) state=leader leader=4 trust=1.00 susp=0.00 cov=40.6%/100.0%
[R4] pos=(1817,1425) state=leader leader=4 trust=1.00 susp=0.00 cov=40.6%/100.0%
[R4] pos=(1817,1425) state=leader leader=4 trust=1.00 susp=0.00 cov=40.6%/100.0%
[R4] pos=(1817,1425) state=leader leader=4 trust=1.00 susp=0.00 cov=40.6%/100.0%
[R4] pos=(1817,1425) state=leader leader=4 trust=1.00 susp=0.00 cov=40.6%/100.0%
[R4] pos=(1817,1425) state=leader leader=4 trust=1.00 susp=0.00 cov=40.6%/100.0%
[R4] pos=(1817,1425) state=leader leader=4 trust=1.00 susp=0.00 cov=40.6%/100.0%
[R4] pos=(1817,1425) state=leader leader=4 trust=1.00 susp=0.00 cov=40.6%/100.0%
[R4] pos=(1817,1425) state=leader leader=4 trust=1.00 susp=0.00 cov=40.6%/100.0%
[R4] pos=(1817,1425) state=leader leader=4 trust=1.00 susp=0.00 cov=40.6%/100.0%
[R4] pos=(1817,1425) state=leader leader=4 trust=1.00 susp=0.00 cov=40.6%/100.0%
[R4] pos=(1817,1425) state=leader leader=4 trust=1.00 susp=0.00 cov=40.6%/100.0%
[R4] pos=(1817,1425) state=leader leader=4 trust=1.00 susp=0.00 cov=40.6%/100.0%
[R4] pos=(1817,1425) state=leader leader=4 trust=1.00 susp=0.00 cov=40.6%/100.0%
[R4] pos=(1817,1425) state=leader leader=4 trust=1.00 susp=0.00 cov=40.6%/100.0%
[R4] pos=(1817,1425) state=leader leader=4 trust=1.00 susp=0.00 cov=40.6%/100.0%
[R4] pos=(1817,1425) state=leader leader=4 trust=1.00 susp=0.00 cov=40.6%/100.0%
[R4] pos=(1817,1425) state=leader leader=4 trust=1.00 susp=0.00 cov=40.6%/100.0%
[R4] pos=(1817,1425) state=leader leader=4 trust=1.00 susp=0.00 cov=40.6%/100.0%
[R4] pos=(1817,1425) state=leader leader=4 trust=1.00 susp=0.00 cov=40.6%/100.0%
[R4] pos=(1817,1425) state=leader leader=4 trust=1.00 susp=0.00 cov=40.6%/100.0%
[R4] pos=(1817,1425) state=leader leader=4 trust=1.00 susp=0.00 cov=40.6%/100.0%
[R4] pos=(1817,1425) state=leader leader=4 trust=1.00 susp=0.00 cov=40.6%/100.0%
[R4] pos=(1817,1425) state=leader leader=4 trust=1.00 susp=0.00 cov=40.6%/100.0%
[R4] pos=(1817,1425) state=leader leader=4 trust=1.00 susp=0.00 cov=40.6%/100.0%
[R4] pos=(1817,1425) state=leader leader=4 trust=1.00 susp=0.00 cov=40.6%/100.0%
[R4] pos=(1817,1425) state=leader leader=4 trust=1.00 susp=0.00 cov=40.6%/100.0%
[R4] pos=(1817,1425) state=leader leader=4 trust=1.00 susp=0.00 cov=40.6%/100.0%
[R4] pos=(1817,1425) state=leader leader=4 trust=1.00 susp=0.00 cov=40.6%/100.0%
[R4] pos=(1817,1425) state=leader leader=4 trust=1.00 susp=0.00 cov=40.6%/100.0%
