[WARN] Hardware modules not available - running in simulation mode
=== REIP Node - Robot 3 [SIM (unique ports)] ===
Trust Model: Three-tier confidence-weighted
  Personal: 1.0, ToF: 1.0, Peer: 0.3
  Suspicion threshold: 1.5, Recovery: 0.1

  Logging to: logs/robot_3_20260226_000855.jsonl
Initializing hardware...
  Hardware: SIMULATED
[INFO] Position socket listening on port 10103
[INFO] Peer socket listening on port 10203
[INFO] Fault socket listening on port 10303
Ready!

=== DECENTRALIZED MODE - No leader coordination ===
=== Detection Bounds: T1=2 cmds, T3=8 cmds | Impeachment: T1=8 cmds, T3=32 cmds ===
Running... Press Ctrl+C to stop

[R3] pos=(0,0) state=exploring leader=None trust=1.00 susp=0.00 cov=0.0%/0.0%
[R3] pos=(908,443) state=exploring leader=None trust=1.00 susp=0.00 cov=0.5%/0.5%
[R3] pos=(704,413) state=exploring leader=None trust=1.00 susp=0.00 cov=1.6%/7.3%
[R3] pos=(544,317) state=exploring leader=None trust=1.00 susp=0.00 cov=2.6%/12.0%
[R3] pos=(319,313) state=exploring leader=None trust=1.00 susp=0.00 cov=3.6%/17.2%
[R3] pos=(243,204) state=exploring leader=None trust=1.00 susp=0.00 cov=4.7%/22.4%
[R3] pos=(411,88) state=exploring leader=None trust=1.00 susp=0.00 cov=6.2%/26.0%
[R3] pos=(422,338) state=exploring leader=None trust=1.00 susp=0.00 cov=6.8%/27.1%
[R3] pos=(433,588) state=exploring leader=None trust=1.00 susp=0.00 cov=7.8%/28.6%
[R3] pos=(313,680) state=exploring leader=None trust=1.00 susp=0.00 cov=8.9%/32.3%
[R3] pos=(193,784) state=exploring leader=None trust=1.00 susp=0.00 cov=9.9%/35.4%
[R3] pos=(188,984) state=exploring leader=None trust=1.00 susp=0.00 cov=10.4%/37.5%
[R3] pos=(302,960) state=exploring leader=None trust=1.00 susp=0.00 cov=12.0%/41.1%
[R3] pos=(406,867) state=exploring leader=None trust=1.00 susp=0.00 cov=13.0%/44.8%
[R3] pos=(461,1083) state=exploring leader=None trust=1.00 susp=0.00 cov=14.1%/47.9%
[R3] pos=(667,1066) state=exploring leader=None trust=1.00 susp=0.00 cov=15.1%/52.6%
[R3] pos=(710,837) state=exploring leader=None trust=1.00 susp=0.00 cov=16.1%/56.8%
[R3] pos=(853,709) state=exploring leader=None trust=1.00 susp=0.00 cov=17.2%/60.4%
[R3] pos=(936,892) state=exploring leader=None trust=1.00 susp=0.00 cov=18.8%/64.1%
[R3] pos=(936,967) state=exploring leader=None trust=1.00 susp=0.00 cov=18.8%/64.6%
[R3] pos=(960,982) state=exploring leader=None trust=1.00 susp=0.00 cov=18.8%/65.1%
[R3] pos=(1014,939) state=exploring leader=None trust=1.00 susp=0.00 cov=19.3%/66.1%
[R3] pos=(1032,892) state=exploring leader=None trust=1.00 susp=0.00 cov=19.3%/67.2%
[R3] pos=(1032,892) state=exploring leader=None trust=1.00 susp=0.00 cov=19.3%/67.2%
[R3] pos=(1032,892) state=exploring leader=None trust=1.00 susp=0.00 cov=19.3%/67.2%
[R3] pos=(1032,892) state=exploring leader=None trust=1.00 susp=0.00 cov=19.3%/67.2%
[R3] pos=(1032,892) state=exploring leader=None trust=1.00 susp=0.00 cov=19.3%/67.2%
[R3] pos=(1032,892) state=exploring leader=None trust=1.00 susp=0.00 cov=19.3%/67.2%
[R3] pos=(1032,892) state=exploring leader=None trust=1.00 susp=0.00 cov=19.3%/67.2%
[R3] pos=(1032,892) state=exploring leader=None trust=1.00 susp=0.00 cov=19.3%/67.2%
[R3] pos=(1032,892) state=exploring leader=None trust=1.00 susp=0.00 cov=19.3%/67.2%
[R3] pos=(1032,892) state=exploring leader=None trust=1.00 susp=0.00 cov=19.3%/67.2%
[R3] pos=(1037,917) state=exploring leader=None trust=1.00 susp=0.00 cov=19.3%/67.2%
[R3] pos=(1045,966) state=exploring leader=None trust=1.00 susp=0.00 cov=19.3%/67.7%
[R3] pos=(1054,1015) state=exploring leader=None trust=1.00 susp=0.00 cov=19.8%/68.8%
[R3] pos=(1060,1140) state=exploring leader=None trust=1.00 susp=0.00 cov=20.3%/70.3%
[R3] pos=(1061,1190) state=exploring leader=None trust=1.00 susp=0.00 cov=20.3%/71.4%
[R3] pos=(1062,1315) state=exploring leader=None trust=1.00 susp=0.00 cov=20.8%/72.9%
[R3] pos=(1210,1425) state=exploring leader=None trust=1.00 susp=0.00 cov=21.9%/75.0%
[R3] pos=(1414,1401) state=exploring leader=None trust=1.00 susp=0.00 cov=22.9%/77.1%
[R3] pos=(1437,1178) state=exploring leader=None trust=1.00 susp=0.00 cov=24.0%/78.6%
[R3] pos=(1462,950) state=exploring leader=None trust=1.00 susp=0.00 cov=25.0%/80.7%
[R3] pos=(1539,874) state=exploring leader=None trust=1.00 susp=0.00 cov=26.0%/81.8%
[R3] pos=(1585,855) state=exploring leader=None trust=1.00 susp=0.00 cov=26.0%/81.8%
[R3] pos=(1667,742) state=exploring leader=None trust=1.00 susp=0.00 cov=27.1%/82.8%
[R3] pos=(1780,634) state=exploring leader=None trust=1.00 susp=0.00 cov=27.6%/83.3%
[R3] pos=(1811,389) state=exploring leader=None trust=1.00 susp=0.00 cov=28.6%/84.4%
[R3] pos=(1812,314) state=exploring leader=None trust=1.00 susp=0.00 cov=29.2%/84.9%
[R3] pos=(1812,314) state=exploring leader=None trust=1.00 susp=0.00 cov=29.2%/84.9%
[R3] pos=(1812,314) state=exploring leader=None trust=1.00 susp=0.00 cov=29.2%/84.9%
[R3] pos=(1812,314) state=exploring leader=None trust=1.00 susp=0.00 cov=29.2%/84.9%
[R3] pos=(1812,314) state=exploring leader=None trust=1.00 susp=0.00 cov=29.2%/84.9%
[R3] pos=(1812,314) state=exploring leader=None trust=1.00 susp=0.00 cov=29.2%/84.9%
[R3] pos=(1812,314) state=exploring leader=None trust=1.00 susp=0.00 cov=29.2%/84.9%
[R3] pos=(1812,314) state=exploring leader=None trust=1.00 susp=0.00 cov=29.2%/84.9%
[R3] pos=(1812,314) state=exploring leader=None trust=1.00 susp=0.00 cov=29.2%/84.9%
[R3] pos=(1812,314) state=exploring leader=None trust=1.00 susp=0.00 cov=29.2%/84.9%
[R3] pos=(1812,314) state=exploring leader=None trust=1.00 susp=0.00 cov=29.2%/84.9%
[R3] pos=(1812,314) state=exploring leader=None trust=1.00 susp=0.00 cov=29.2%/84.9%
[R3] pos=(1812,314) state=exploring leader=None trust=1.00 susp=0.00 cov=29.2%/84.9%
[R3] pos=(1812,314) state=exploring leader=None trust=1.00 susp=0.00 cov=29.2%/84.9%
[R3] pos=(1812,314) state=exploring leader=None trust=1.00 susp=0.00 cov=29.2%/84.9%
[R3] pos=(1812,314) state=exploring leader=None trust=1.00 susp=0.00 cov=29.2%/84.9%
[R3] pos=(1812,314) state=exploring leader=None trust=1.00 susp=0.00 cov=29.2%/84.9%
[R3] pos=(1812,314) state=exploring leader=None trust=1.00 susp=0.00 cov=29.2%/84.9%
[R3] pos=(1812,314) state=exploring leader=None trust=1.00 susp=0.00 cov=29.2%/84.9%
[R3] pos=(1812,314) state=exploring leader=None trust=1.00 susp=0.00 cov=29.2%/84.9%
[R3] pos=(1812,314) state=exploring leader=None trust=1.00 susp=0.00 cov=29.2%/84.9%
[R3] pos=(1812,314) state=exploring leader=None trust=1.00 susp=0.00 cov=29.2%/84.9%
[R3] pos=(1812,314) state=exploring leader=None trust=1.00 susp=0.00 cov=29.2%/84.9%
[R3] pos=(1812,314) state=exploring leader=None trust=1.00 susp=0.00 cov=29.2%/84.9%
[R3] pos=(1812,314) state=exploring leader=None trust=1.00 susp=0.00 cov=29.2%/84.9%
[R3] pos=(1812,314) state=exploring leader=None trust=1.00 susp=0.00 cov=29.2%/84.9%
[R3] pos=(1812,314) state=exploring leader=None trust=1.00 susp=0.00 cov=29.2%/84.9%
[R3] pos=(1812,314) state=exploring leader=None trust=1.00 susp=0.00 cov=29.2%/84.9%
[R3] pos=(1812,314) state=exploring leader=None trust=1.00 susp=0.00 cov=29.2%/84.9%
[R3] pos=(1812,314) state=exploring leader=None trust=1.00 susp=0.00 cov=29.2%/84.9%
[R3] pos=(1812,314) state=exploring leader=None trust=1.00 susp=0.00 cov=29.2%/84.9%
[R3] pos=(1812,314) state=exploring leader=None trust=1.00 susp=0.00 cov=29.2%/84.9%
