[WARN] Hardware modules not available - running in simulation mode
=== REIP Node - Robot 2 [SIM (unique ports)] ===
Trust Model: Three-tier confidence-weighted
  Personal: 1.0, ToF: 1.0, Peer: 0.3
  Suspicion threshold: 1.5, Recovery: 0.1

  Logging to: logs/robot_2_20260226_000855.jsonl
Initializing hardware...
  Hardware: SIMULATED
[INFO] Position socket listening on port 10102
[INFO] Peer socket listening on port 10202
[INFO] Fault socket listening on port 10302
Ready!

=== DECENTRALIZED MODE - No leader coordination ===
=== Detection Bounds: T1=2 cmds, T3=8 cmds | Impeachment: T1=8 cmds, T3=32 cmds ===
Running... Press Ctrl+C to stop

[R2] pos=(0,0) state=exploring leader=None trust=1.00 susp=0.00 cov=0.0%/0.0%
[R2] pos=(1236,355) state=exploring leader=None trust=1.00 susp=0.00 cov=0.5%/0.5%
[R2] pos=(1015,316) state=exploring leader=None trust=1.00 susp=0.00 cov=1.0%/7.3%
[R2] pos=(829,264) state=exploring leader=None trust=1.00 susp=0.00 cov=2.1%/12.0%
[R2] pos=(646,191) state=exploring leader=None trust=1.00 susp=0.00 cov=3.1%/17.2%
[R2] pos=(396,188) state=exploring leader=None trust=1.00 susp=0.00 cov=4.2%/22.4%
[R2] pos=(438,77) state=exploring leader=None trust=1.00 susp=0.00 cov=5.7%/26.0%
[R2] pos=(438,327) state=exploring leader=None trust=1.00 susp=0.00 cov=6.2%/27.1%
[R2] pos=(438,577) state=exploring leader=None trust=1.00 susp=0.00 cov=7.3%/28.6%
[R2] pos=(316,677) state=exploring leader=None trust=1.00 susp=0.00 cov=8.3%/32.3%
[R2] pos=(194,783) state=exploring leader=None trust=1.00 susp=0.00 cov=9.4%/35.4%
[R2] pos=(188,983) state=exploring leader=None trust=1.00 susp=0.00 cov=9.9%/37.5%
[R2] pos=(302,959) state=exploring leader=None trust=1.00 susp=0.00 cov=11.5%/41.1%
[R2] pos=(415,842) state=exploring leader=None trust=1.00 susp=0.00 cov=12.5%/44.8%
[R2] pos=(490,962) state=exploring leader=None trust=1.00 susp=0.00 cov=13.0%/47.9%
[R2] pos=(560,748) state=exploring leader=None trust=1.00 susp=0.00 cov=14.6%/53.1%
[R2] pos=(707,796) state=exploring leader=None trust=1.00 susp=0.00 cov=15.6%/56.8%
[R2] pos=(856,702) state=exploring leader=None trust=1.00 susp=0.00 cov=16.7%/60.4%
[R2] pos=(935,890) state=exploring leader=None trust=1.00 susp=0.00 cov=18.2%/64.1%
[R2] pos=(936,965) state=exploring leader=None trust=1.00 susp=0.00 cov=18.2%/64.6%
[R2] pos=(960,980) state=exploring leader=None trust=1.00 susp=0.00 cov=18.2%/65.1%
[R2] pos=(1015,938) state=exploring leader=None trust=1.00 susp=0.00 cov=18.8%/66.1%
[R2] pos=(1033,891) state=exploring leader=None trust=1.00 susp=0.00 cov=18.8%/67.2%
[R2] pos=(1033,891) state=exploring leader=None trust=1.00 susp=0.00 cov=18.8%/67.2%
[R2] pos=(1033,891) state=exploring leader=None trust=1.00 susp=0.00 cov=18.8%/67.2%
[R2] pos=(1033,891) state=exploring leader=None trust=1.00 susp=0.00 cov=18.8%/67.2%
[R2] pos=(1033,891) state=exploring leader=None trust=1.00 susp=0.00 cov=18.8%/67.2%
[R2] pos=(1033,891) state=exploring leader=None trust=1.00 susp=0.00 cov=18.8%/67.2%
[R2] pos=(1033,891) state=exploring leader=None trust=1.00 susp=0.00 cov=18.8%/67.2%
[R2] pos=(1033,891) state=exploring leader=None trust=1.00 susp=0.00 cov=18.8%/67.2%
[R2] pos=(1033,891) state=exploring leader=None trust=1.00 susp=0.00 cov=18.8%/67.2%
[R2] pos=(1033,891) state=exploring leader=None trust=1.00 susp=0.00 cov=18.8%/67.2%
[R2] pos=(1037,916) state=exploring leader=None trust=1.00 susp=0.00 cov=18.8%/67.2%
[R2] pos=(1045,965) state=exploring leader=None trust=1.00 susp=0.00 cov=18.8%/67.7%
[R2] pos=(1054,1014) state=exploring leader=None trust=1.00 susp=0.00 cov=19.3%/68.8%
[R2] pos=(1060,1139) state=exploring leader=None trust=1.00 susp=0.00 cov=19.8%/70.3%
[R2] pos=(1061,1189) state=exploring leader=None trust=1.00 susp=0.00 cov=19.8%/71.4%
[R2] pos=(1062,1314) state=exploring leader=None trust=1.00 susp=0.00 cov=20.3%/72.9%
[R2] pos=(1222,1425) state=exploring leader=None trust=1.00 susp=0.00 cov=21.4%/74.5%
[R2] pos=(1423,1400) state=exploring leader=None trust=1.00 susp=0.00 cov=22.4%/77.1%
[R2] pos=(1437,1176) state=exploring leader=None trust=1.00 susp=0.00 cov=23.4%/78.6%
[R2] pos=(1462,949) state=exploring leader=None trust=1.00 susp=0.00 cov=24.5%/80.7%
[R2] pos=(1539,873) state=exploring leader=None trust=1.00 susp=0.00 cov=25.5%/81.8%
[R2] pos=(1585,854) state=exploring leader=None trust=1.00 susp=0.00 cov=25.5%/81.8%
[R2] pos=(1667,742) state=exploring leader=None trust=1.00 susp=0.00 cov=26.6%/82.8%
[R2] pos=(1780,634) state=exploring leader=None trust=1.00 susp=0.00 cov=27.1%/83.3%
[R2] pos=(1811,388) state=exploring leader=None trust=1.00 susp=0.00 cov=28.1%/84.4%
[R2] pos=(1812,313) state=exploring leader=None trust=1.00 susp=0.00 cov=28.6%/84.9%
[R2] pos=(1812,313) state=exploring leader=None trust=1.00 susp=0.00 cov=28.6%/84.9%
[R2] pos=(1812,313) state=exploring leader=None trust=1.00 susp=0.00 cov=28.6%/84.9%
[R2] pos=(1812,313) state=exploring leader=None trust=1.00 susp=0.00 cov=28.6%/84.9%
[R2] pos=(1812,313) state=exploring leader=None trust=1.00 susp=0.00 cov=28.6%/84.9%
[R2] pos=(1812,313) state=exploring leader=None trust=1.00 susp=0.00 cov=28.6%/84.9%
[R2] pos=(1812,313) state=exploring leader=None trust=1.00 susp=0.00 cov=28.6%/84.9%
[R2] pos=(1812,313) state=exploring leader=None trust=1.00 susp=0.00 cov=28.6%/84.9%
[R2] pos=(1812,313) state=exploring leader=None trust=1.00 susp=0.00 cov=28.6%/84.9%
[R2] pos=(1812,313) state=exploring leader=None trust=1.00 susp=0.00 cov=28.6%/84.9%
[R2] pos=(1812,313) state=exploring leader=None trust=1.00 susp=0.00 cov=28.6%/84.9%
[R2] pos=(1812,313) state=exploring leader=None trust=1.00 susp=0.00 cov=28.6%/84.9%
[R2] pos=(1812,313) state=exploring leader=None trust=1.00 susp=0.00 cov=28.6%/84.9%
[R2] pos=(1812,313) state=exploring leader=None trust=1.00 susp=0.00 cov=28.6%/84.9%
[R2] pos=(1812,313) state=exploring leader=None trust=1.00 susp=0.00 cov=28.6%/84.9%
[R2] pos=(1812,313) state=exploring leader=None trust=1.00 susp=0.00 cov=28.6%/84.9%
[R2] pos=(1812,313) state=exploring leader=None trust=1.00 susp=0.00 cov=28.6%/84.9%
[R2] pos=(1812,313) state=exploring leader=None trust=1.00 susp=0.00 cov=28.6%/84.9%
[R2] pos=(1812,313) state=exploring leader=None trust=1.00 susp=0.00 cov=28.6%/84.9%
[R2] pos=(1812,313) state=exploring leader=None trust=1.00 susp=0.00 cov=28.6%/84.9%
[R2] pos=(1812,313) state=exploring leader=None trust=1.00 susp=0.00 cov=28.6%/84.9%
[R2] pos=(1812,313) state=exploring leader=None trust=1.00 susp=0.00 cov=28.6%/84.9%
[R2] pos=(1812,313) state=exploring leader=None trust=1.00 susp=0.00 cov=28.6%/84.9%
[R2] pos=(1812,313) state=exploring leader=None trust=1.00 susp=0.00 cov=28.6%/84.9%
[R2] pos=(1812,313) state=exploring leader=None trust=1.00 susp=0.00 cov=28.6%/84.9%
[R2] pos=(1812,313) state=exploring leader=None trust=1.00 susp=0.00 cov=28.6%/84.9%
[R2] pos=(1812,313) state=exploring leader=None trust=1.00 susp=0.00 cov=28.6%/84.9%
[R2] pos=(1812,313) state=exploring leader=None trust=1.00 susp=0.00 cov=28.6%/84.9%
[R2] pos=(1812,313) state=exploring leader=None trust=1.00 susp=0.00 cov=28.6%/84.9%
[R2] pos=(1812,313) state=exploring leader=None trust=1.00 susp=0.00 cov=28.6%/84.9%
[R2] pos=(1812,313) state=exploring leader=None trust=1.00 susp=0.00 cov=28.6%/84.9%
[R2] pos=(1812,313) state=exploring leader=None trust=1.00 susp=0.00 cov=28.6%/84.9%
