[WARN] Hardware modules not available - simulation mode
=== RAFT Baseline - Robot 2 [SIM] ===
NO TRUST. Heartbeat timeout only.

  Logging to: logs/raft_2_20260226_173614.jsonl
Initializing hardware...
  Hardware: SIMULATED
[INFO] Position socket listening on port 15102
[INFO] Peer socket listening on port 15202
[INFO] Fault socket listening on port 15302
Ready!

Running RAFT baseline... Press Ctrl+C to stop

[R2] state=follower leader=None term=0 cov=0.0%/0.0%
[R2] state=follower leader=1 term=1 cov=0.5%/2.6%
[R2] state=follower leader=1 term=1 cov=0.5%/2.6%
[R2] state=follower leader=1 term=1 cov=0.5%/2.6%
[R2] state=follower leader=1 term=1 cov=0.5%/2.6%
[R2] state=follower leader=1 term=1 cov=0.5%/2.6%
[R2] state=follower leader=1 term=1 cov=0.5%/2.6%
[R2] state=follower leader=1 term=1 cov=0.5%/2.6%
[R2] state=follower leader=1 term=1 cov=0.5%/2.6%
[R2] state=follower leader=1 term=1 cov=0.5%/2.6%
[R2] state=follower leader=1 term=1 cov=0.5%/2.6%
[R2] state=follower leader=1 term=1 cov=0.5%/2.6%
[R2] state=follower leader=1 term=1 cov=0.5%/2.6%
[R2] state=follower leader=1 term=1 cov=0.5%/2.6%
[R2] state=follower leader=1 term=1 cov=0.5%/2.6%
[R2] state=follower leader=1 term=1 cov=1.6%/8.3%
[R2] state=follower leader=1 term=1 cov=2.1%/10.9%
[R2] state=follower leader=1 term=1 cov=2.6%/13.5%
[R2] state=follower leader=1 term=1 cov=2.6%/13.5%
[R2] state=follower leader=1 term=1 cov=2.6%/13.5%
[R2] state=follower leader=1 term=1 cov=2.6%/13.5%
[R2] state=follower leader=1 term=1 cov=2.6%/13.5%
[R2] state=follower leader=1 term=1 cov=2.6%/13.5%
[R2] state=follower leader=1 term=1 cov=2.6%/13.5%
[R2] state=follower leader=1 term=1 cov=2.6%/13.5%
[R2] state=follower leader=1 term=1 cov=2.6%/13.5%
[R2] state=follower leader=1 term=1 cov=3.1%/16.1%
[R2] state=follower leader=1 term=1 cov=3.1%/16.1%
[R2] state=follower leader=1 term=1 cov=3.1%/16.1%
[R2] state=follower leader=1 term=1 cov=3.1%/16.1%
[R2] state=follower leader=1 term=1 cov=3.1%/16.1%
[R2] state=follower leader=1 term=1 cov=3.1%/16.1%
[R2] state=follower leader=1 term=1 cov=3.1%/16.1%
[R2] state=follower leader=1 term=1 cov=3.6%/18.8%
[R2] state=follower leader=1 term=1 cov=3.6%/18.8%
[R2] state=follower leader=1 term=1 cov=3.6%/18.8%
[R2] state=follower leader=1 term=1 cov=4.2%/21.9%
[R2] state=follower leader=1 term=1 cov=5.2%/26.0%
[R2] state=follower leader=1 term=1 cov=6.8%/35.4%
[R2] state=follower leader=1 term=1 cov=7.8%/43.2%
[R2] state=follower leader=1 term=1 cov=9.9%/53.6%
[R2] state=follower leader=1 term=1 cov=12.0%/61.5%
[R2] state=follower leader=1 term=1 cov=13.5%/71.4%
[R2] state=follower leader=1 term=1 cov=15.1%/79.2%
[R2] state=follower leader=1 term=1 cov=17.2%/88.0%
[R2] state=follower leader=1 term=1 cov=19.3%/93.8%
[R2] state=follower leader=1 term=1 cov=20.8%/98.4%
[R2] state=follower leader=1 term=1 cov=23.4%/100.0%
[R2] state=follower leader=1 term=1 cov=23.4%/100.0%
[R2] state=follower leader=1 term=1 cov=23.4%/100.0%
[R2] state=follower leader=1 term=1 cov=23.4%/100.0%
[R2] state=follower leader=1 term=1 cov=23.4%/100.0%
[R2] state=follower leader=1 term=1 cov=23.4%/100.0%
[R2] state=follower leader=1 term=1 cov=23.4%/100.0%
[R2] state=follower leader=1 term=1 cov=23.4%/100.0%
[R2] state=follower leader=1 term=1 cov=23.4%/100.0%
[R2] state=follower leader=1 term=1 cov=23.4%/100.0%
[R2] state=follower leader=1 term=1 cov=23.4%/100.0%
[R2] state=follower leader=1 term=1 cov=23.4%/100.0%
[R2] state=follower leader=1 term=1 cov=23.4%/100.0%
[R2] state=follower leader=1 term=1 cov=23.4%/100.0%
