[WARN] Hardware modules not available - running in simulation mode
=== REIP Node - Robot 5 [SIM (unique ports)] ===
Trust Model: Three-tier confidence-weighted
  Personal: 1.0, ToF: 1.0, Peer: 0.3
  Suspicion threshold: 1.5, Recovery: 0.1

  Logging to: logs/robot_5_20260226_000855.jsonl
Initializing hardware...
  Hardware: SIMULATED
[INFO] Position socket listening on port 19105
[INFO] Peer socket listening on port 19205
[INFO] Fault socket listening on port 19305
Ready!

=== DECENTRALIZED MODE - No leader coordination ===
=== Detection Bounds: T1=2 cmds, T3=8 cmds | Impeachment: T1=8 cmds, T3=32 cmds ===
Running... Press Ctrl+C to stop

[R5] pos=(0,0) state=exploring leader=None trust=1.00 susp=0.00 cov=0.0%/0.0%
[R5] pos=(1178,931) state=exploring leader=None trust=1.00 susp=0.00 cov=0.5%/0.5%
[R5] pos=(953,937) state=exploring leader=None trust=1.00 susp=0.00 cov=1.6%/6.8%
[R5] pos=(772,845) state=exploring leader=None trust=1.00 susp=0.00 cov=2.6%/12.0%
[R5] pos=(550,816) state=exploring leader=None trust=1.00 susp=0.00 cov=3.6%/16.7%
[R5] pos=(357,886) state=exploring leader=None trust=1.00 susp=0.00 cov=5.2%/21.4%
[R5] pos=(304,1111) state=exploring leader=None trust=1.00 susp=0.00 cov=5.7%/25.0%
[R5] pos=(195,1274) state=exploring leader=None trust=1.00 susp=0.00 cov=7.3%/30.2%
[R5] pos=(287,1425) state=exploring leader=None trust=1.00 susp=0.00 cov=8.3%/34.4%
[R5] pos=(405,1262) state=exploring leader=None trust=1.00 susp=0.00 cov=9.4%/37.5%
[R5] pos=(508,1075) state=exploring leader=None trust=1.00 susp=0.00 cov=10.9%/40.6%
[R5] pos=(627,1212) state=exploring leader=None trust=1.00 susp=0.00 cov=12.0%/44.8%
[R5] pos=(757,1071) state=exploring leader=None trust=1.00 susp=0.00 cov=13.0%/49.0%
[R5] pos=(911,1158) state=exploring leader=None trust=1.00 susp=0.00 cov=14.1%/53.1%
[R5] pos=(1043,1116) state=exploring leader=None trust=1.00 susp=0.00 cov=15.1%/57.3%
[R5] pos=(1181,1085) state=exploring leader=None trust=1.00 susp=0.00 cov=16.7%/62.5%
[R5] pos=(1353,959) state=exploring leader=None trust=1.00 susp=0.00 cov=17.7%/67.2%
[R5] pos=(1482,1065) state=exploring leader=None trust=1.00 susp=0.00 cov=18.8%/71.4%
[R5] pos=(1653,945) state=exploring leader=None trust=1.00 susp=0.00 cov=20.3%/77.1%
[R5] pos=(1662,1170) state=exploring leader=None trust=1.00 susp=0.00 cov=21.4%/81.2%
[R5] pos=(1681,1368) state=exploring leader=None trust=1.00 susp=0.00 cov=21.9%/83.9%
[R5] pos=(1804,1327) state=exploring leader=None trust=1.00 susp=0.00 cov=23.4%/88.0%
[R5] pos=(1812,1103) state=exploring leader=None trust=1.00 susp=0.00 cov=24.5%/91.7%
[R5] pos=(1812,1078) state=exploring leader=None trust=1.00 susp=0.00 cov=24.5%/91.7%
[R5] pos=(1812,1078) state=exploring leader=None trust=1.00 susp=0.00 cov=24.5%/91.7%
[R5] pos=(1812,1053) state=exploring leader=None trust=1.00 susp=0.00 cov=24.5%/91.7%
[R5] pos=(1880,1035) state=exploring leader=None trust=1.00 susp=0.00 cov=25.0%/94.3%
[R5] pos=(1923,948) state=exploring leader=None trust=1.00 susp=0.00 cov=25.5%/96.4%
[R5] pos=(1925,949) state=exploring leader=None trust=1.00 susp=0.00 cov=25.5%/97.9%
[R5] pos=(1925,949) state=exploring leader=None trust=1.00 susp=0.00 cov=25.5%/97.9%
[R5] pos=(1925,949) state=exploring leader=None trust=1.00 susp=0.00 cov=25.5%/97.9%
[R5] pos=(1925,949) state=exploring leader=None trust=1.00 susp=0.00 cov=25.5%/97.9%
[R5] pos=(1925,949) state=exploring leader=None trust=1.00 susp=0.00 cov=25.5%/97.9%
[R5] pos=(1925,949) state=exploring leader=None trust=1.00 susp=0.00 cov=25.5%/97.9%
[R5] pos=(1925,949) state=exploring leader=None trust=1.00 susp=0.00 cov=25.5%/97.9%
[R5] pos=(1925,949) state=exploring leader=None trust=1.00 susp=0.00 cov=25.5%/97.9%
[R5] pos=(1925,949) state=exploring leader=None trust=1.00 susp=0.00 cov=25.5%/97.9%
[R5] pos=(1925,949) state=exploring leader=None trust=1.00 susp=0.00 cov=25.5%/97.9%
[R5] pos=(1925,949) state=exploring leader=None trust=1.00 susp=0.00 cov=25.5%/97.9%
[R5] pos=(1925,949) state=exploring leader=None trust=1.00 susp=0.00 cov=25.5%/97.9%
[R5] pos=(1925,949) state=exploring leader=None trust=1.00 susp=0.00 cov=25.5%/97.9%
[R5] pos=(1925,949) state=exploring leader=None trust=1.00 susp=0.00 cov=25.5%/97.9%
[R5] pos=(1925,949) state=exploring leader=None trust=1.00 susp=0.00 cov=25.5%/97.9%
[R5] pos=(1925,949) state=exploring leader=None trust=1.00 susp=0.00 cov=25.5%/97.9%
[R5] pos=(1925,949) state=exploring leader=None trust=1.00 susp=0.00 cov=25.5%/97.9%
[R5] pos=(1925,949) state=exploring leader=None trust=1.00 susp=0.00 cov=25.5%/97.9%
[R5] pos=(1925,949) state=exploring leader=None trust=1.00 susp=0.00 cov=25.5%/97.9%
[R5] pos=(1925,949) state=exploring leader=None trust=1.00 susp=0.00 cov=25.5%/97.9%
[R5] pos=(1925,949) state=exploring leader=None trust=1.00 susp=0.00 cov=25.5%/97.9%
[R5] pos=(1925,949) state=exploring leader=None trust=1.00 susp=0.00 cov=25.5%/97.9%
[R5] pos=(1925,949) state=exploring leader=None trust=1.00 susp=0.00 cov=25.5%/97.9%
[R5] pos=(1925,949) state=exploring leader=None trust=1.00 susp=0.00 cov=25.5%/97.9%
[R5] pos=(1925,949) state=exploring leader=None trust=1.00 susp=0.00 cov=25.5%/97.9%
[R5] pos=(1925,949) state=exploring leader=None trust=1.00 susp=0.00 cov=25.5%/97.9%
[R5] pos=(1925,949) state=exploring leader=None trust=1.00 susp=0.00 cov=25.5%/97.9%
[R5] pos=(1925,949) state=exploring leader=None trust=1.00 susp=0.00 cov=25.5%/97.9%
[R5] pos=(1925,999) state=exploring leader=None trust=1.00 susp=0.00 cov=25.5%/97.9%
[R5] pos=(1925,1073) state=exploring leader=None trust=1.00 susp=0.00 cov=25.5%/98.4%
[R5] pos=(1925,1073) state=exploring leader=None trust=1.00 susp=0.00 cov=25.5%/98.4%
[R5] pos=(1925,1073) state=exploring leader=None trust=1.00 susp=0.00 cov=25.5%/98.4%
[R5] pos=(1925,1073) state=exploring leader=None trust=1.00 susp=0.00 cov=25.5%/98.4%
[R5] pos=(1925,1073) state=exploring leader=None trust=1.00 susp=0.00 cov=25.5%/98.4%
