[WARN] Hardware modules not available - simulation mode
=== RAFT Baseline - Robot 1 [SIM] ===
NO TRUST. Heartbeat timeout only.

  Logging to: logs/raft_1_20260226_193727.jsonl
Initializing hardware...
  Hardware: SIMULATED
[INFO] Position socket listening on port 12101
[INFO] Peer socket listening on port 12201
[INFO] Fault socket listening on port 12301
Ready!

Running RAFT baseline... Press Ctrl+C to stop

[R1] state=follower leader=None term=0 cov=0.0%/0.0%
[R1] state=follower leader=5 term=1 cov=0.5%/0.5%
[R1] state=follower leader=5 term=1 cov=2.1%/14.6%
[R1] state=follower leader=5 term=1 cov=3.1%/21.9%
[R1] state=follower leader=5 term=1 cov=4.7%/32.8%
[R1] state=follower leader=5 term=1 cov=6.2%/37.0%
[R1] state=follower leader=5 term=1 cov=7.3%/40.1%
[R1] state=follower leader=5 term=1 cov=8.3%/41.7%
[R1] state=follower leader=5 term=1 cov=8.3%/44.8%
[R1] state=follower leader=5 term=1 cov=8.3%/49.0%
[R1] state=follower leader=5 term=1 cov=8.3%/50.0%
[R1] state=follower leader=5 term=1 cov=8.9%/54.2%
[R1] state=follower leader=5 term=1 cov=8.9%/58.9%
[R1] state=follower leader=5 term=1 cov=8.9%/64.6%
[R1] state=follower leader=5 term=1 cov=8.9%/68.8%
[R1] state=follower leader=5 term=1 cov=8.9%/72.4%
[R1] state=follower leader=5 term=1 cov=9.4%/76.0%
[R1] state=follower leader=5 term=1 cov=9.4%/80.2%
[R1] state=follower leader=5 term=1 cov=9.4%/82.8%
[R1] state=follower leader=5 term=1 cov=9.4%/82.8%
[R1] state=follower leader=5 term=1 cov=9.4%/82.8%
[R1] state=follower leader=5 term=1 cov=9.4%/85.4%
[R1] state=follower leader=5 term=1 cov=9.4%/87.5%
[R1] state=follower leader=5 term=1 cov=9.4%/88.5%
[R1] state=follower leader=5 term=1 cov=9.4%/89.1%
[R1] state=follower leader=5 term=1 cov=9.4%/89.1%
[R1] state=follower leader=5 term=1 cov=9.4%/89.1%
[R1] state=follower leader=5 term=1 cov=9.4%/89.1%
[R1] state=follower leader=5 term=1 cov=9.4%/89.1%
[R1] state=follower leader=5 term=1 cov=9.4%/89.1%
[R1] state=follower leader=5 term=1 cov=9.4%/89.1%
[R1] state=follower leader=5 term=1 cov=9.4%/89.1%
[R1] state=follower leader=5 term=1 cov=9.4%/89.1%
[R1] state=follower leader=5 term=1 cov=9.4%/89.1%
[R1] state=follower leader=5 term=1 cov=9.4%/89.1%
[R1] state=follower leader=5 term=1 cov=9.4%/89.1%
[R1] state=follower leader=5 term=1 cov=9.4%/89.1%
[R1] state=follower leader=5 term=1 cov=9.4%/89.1%
[R1] state=follower leader=5 term=1 cov=9.4%/89.1%
[R1] state=follower leader=5 term=1 cov=9.4%/89.1%
[R1] state=follower leader=5 term=1 cov=9.4%/89.1%
[R1] state=follower leader=5 term=1 cov=9.4%/89.1%
[R1] state=follower leader=5 term=1 cov=9.4%/89.1%
[R1] state=follower leader=5 term=1 cov=9.4%/89.1%
[R1] state=follower leader=5 term=1 cov=9.4%/89.1%
[R1] state=follower leader=5 term=1 cov=9.4%/89.1%
[R1] state=follower leader=5 term=1 cov=9.4%/89.1%
[R1] state=follower leader=5 term=1 cov=9.4%/89.1%
[R1] state=follower leader=5 term=1 cov=9.4%/89.6%
[R1] state=follower leader=5 term=1 cov=9.4%/94.3%
[R1] state=follower leader=5 term=1 cov=9.4%/97.9%
[R1] state=follower leader=5 term=1 cov=9.4%/99.5%
[R1] state=follower leader=5 term=1 cov=9.4%/99.5%
[R1] state=follower leader=5 term=1 cov=9.4%/99.5%
[R1] state=follower leader=5 term=1 cov=10.4%/99.5%
[R1] state=follower leader=5 term=1 cov=10.9%/100.0%
[R1] state=follower leader=5 term=1 cov=10.9%/100.0%
[R1] state=follower leader=5 term=1 cov=10.9%/100.0%
[R1] state=follower leader=5 term=1 cov=10.9%/100.0%
[R1] state=follower leader=5 term=1 cov=10.9%/100.0%
[R1] state=follower leader=5 term=1 cov=10.9%/100.0%
[R1] state=follower leader=5 term=1 cov=10.9%/100.0%
[R1] state=follower leader=5 term=1 cov=10.9%/100.0%
[R1] state=follower leader=5 term=1 cov=10.9%/100.0%
[R1] state=follower leader=5 term=1 cov=10.9%/100.0%
