[WARN] Hardware modules not available - simulation mode
=== RAFT Baseline - Robot 2 [SIM] ===
NO TRUST. Heartbeat timeout only.

  Logging to: logs/raft_2_20260226_210234.jsonl
Initializing hardware...
  Hardware: SIMULATED
[INFO] Position socket listening on port 6102
[INFO] Peer socket listening on port 6202
[INFO] Fault socket listening on port 6302
Ready!

Running RAFT baseline... Press Ctrl+C to stop

[R2] state=follower leader=None term=0 cov=0.0%/0.0%
[R2] state=follower leader=1 term=1 cov=0.5%/0.5%
[R2] state=follower leader=1 term=1 cov=2.6%/13.5%
[R2] state=follower leader=1 term=1 cov=4.2%/24.0%
[R2] state=follower leader=1 term=1 cov=6.8%/32.3%
[R2] state=follower leader=1 term=1 cov=9.4%/40.6%
[R2] state=follower leader=1 term=1 cov=9.9%/46.4%
[R2] state=follower leader=1 term=1 cov=13.0%/50.0%
[R2] state=follower leader=1 term=1 cov=15.1%/50.0%
[R2] state=follower leader=1 term=1 cov=15.1%/50.0%
[R2] state=follower leader=1 term=1 cov=15.1%/50.0%
[R2] state=follower leader=1 term=1 cov=15.1%/50.0%
[R2] state=follower leader=1 term=1 cov=15.1%/50.0%
[R2] state=follower leader=1 term=1 cov=15.1%/50.0%
[R2] state=follower leader=1 term=1 cov=15.1%/50.0%
[R2] state=follower leader=1 term=1 cov=15.1%/50.0%
[R2] state=follower leader=1 term=1 cov=15.1%/50.0%
[R2] state=follower leader=1 term=1 cov=15.1%/50.0%
[R2] state=follower leader=1 term=1 cov=15.1%/50.0%
[R2] state=follower leader=1 term=1 cov=15.1%/50.0%
[R2] state=follower leader=1 term=1 cov=15.1%/50.0%
[R2] state=follower leader=1 term=1 cov=15.1%/50.0%
[R2] state=follower leader=1 term=1 cov=15.1%/50.0%
[R2] state=follower leader=1 term=1 cov=15.1%/50.0%
[R2] state=follower leader=1 term=1 cov=15.1%/50.0%
[R2] state=follower leader=1 term=1 cov=15.1%/50.0%
[R2] state=follower leader=1 term=1 cov=15.1%/50.0%
[R2] state=follower leader=1 term=1 cov=15.1%/50.0%
[R2] state=follower leader=1 term=1 cov=15.1%/50.0%
[R2] state=follower leader=1 term=1 cov=15.1%/50.0%
[R2] state=follower leader=1 term=1 cov=15.1%/50.0%
[R2] state=follower leader=1 term=1 cov=15.1%/50.0%
[R2] state=follower leader=1 term=1 cov=15.1%/50.0%
[R2] state=follower leader=1 term=1 cov=15.1%/50.0%
[R2] state=follower leader=1 term=1 cov=15.1%/50.0%
[R2] state=follower leader=1 term=1 cov=15.1%/50.0%
[R2] state=follower leader=1 term=1 cov=15.1%/50.0%
[R2] state=follower leader=1 term=1 cov=15.1%/50.0%
[R2] state=follower leader=1 term=1 cov=15.1%/50.0%
[R2] state=follower leader=1 term=1 cov=15.1%/50.0%
[R2] state=follower leader=1 term=1 cov=15.1%/50.0%
[R2] state=follower leader=1 term=1 cov=15.1%/50.0%
[R2] state=follower leader=1 term=1 cov=15.1%/50.0%
[R2] state=follower leader=1 term=1 cov=15.1%/50.0%
[R2] state=follower leader=1 term=1 cov=15.1%/50.0%
[R2] state=follower leader=1 term=1 cov=15.1%/50.0%
[R2] state=follower leader=1 term=1 cov=15.1%/50.0%
[R2] state=follower leader=1 term=1 cov=15.1%/50.0%
[R2] state=follower leader=1 term=1 cov=15.1%/50.0%
[R2] state=follower leader=1 term=1 cov=15.1%/50.0%
[R2] state=follower leader=1 term=1 cov=15.1%/50.0%
[R2] state=follower leader=1 term=1 cov=15.1%/50.0%
[R2] state=follower leader=1 term=1 cov=15.1%/50.0%
[R2] state=follower leader=1 term=1 cov=15.1%/50.0%
[R2] state=follower leader=1 term=1 cov=15.1%/50.0%
[R2] state=follower leader=1 term=1 cov=15.1%/50.0%
[R2] state=follower leader=1 term=1 cov=15.1%/50.0%
[R2] state=follower leader=1 term=1 cov=15.1%/50.0%
[R2] state=follower leader=1 term=1 cov=15.1%/50.0%
[R2] state=follower leader=1 term=1 cov=15.1%/50.0%
[R2] state=follower leader=1 term=1 cov=15.1%/50.0%
