[WARN] Hardware modules not available - simulation mode
=== RAFT Baseline - Robot 2 [SIM] ===
NO TRUST. Heartbeat timeout only.

  Logging to: logs/raft_2_20260226_184155.jsonl
Initializing hardware...
  Hardware: SIMULATED
[INFO] Position socket listening on port 9102
[INFO] Peer socket listening on port 9202
[INFO] Fault socket listening on port 9302
Ready!

Running RAFT baseline... Press Ctrl+C to stop

[R2] state=follower leader=None term=0 cov=0.0%/0.0%
[R2] state=follower leader=5 term=1 cov=0.5%/0.5%
[R2] state=follower leader=5 term=1 cov=2.6%/13.5%
[R2] state=follower leader=5 term=1 cov=4.7%/24.0%
[R2] state=follower leader=5 term=1 cov=6.8%/38.0%
[R2] state=follower leader=5 term=1 cov=8.9%/49.0%
[R2] state=follower leader=5 term=1 cov=11.5%/59.9%
[R2] state=follower leader=5 term=1 cov=13.5%/71.9%
[R2] state=follower leader=5 term=1 cov=15.6%/83.3%
[R2] state=follower leader=5 term=1 cov=16.7%/93.8%
[R2] state=follower leader=5 term=1 cov=18.2%/99.5%
[R2] state=follower leader=5 term=1 cov=18.8%/100.0%
[R2] state=follower leader=5 term=1 cov=18.8%/100.0%
[R2] state=follower leader=5 term=1 cov=18.8%/100.0%
[R2] state=follower leader=5 term=1 cov=18.8%/100.0%
[R2] state=follower leader=5 term=1 cov=18.8%/100.0%
[R2] state=follower leader=5 term=1 cov=18.8%/100.0%
[R2] state=follower leader=5 term=1 cov=18.8%/100.0%
[R2] state=follower leader=5 term=1 cov=18.8%/100.0%
[R2] state=follower leader=5 term=1 cov=18.8%/100.0%
[R2] state=follower leader=5 term=1 cov=18.8%/100.0%
[R2] state=follower leader=5 term=1 cov=18.8%/100.0%
[R2] state=follower leader=5 term=1 cov=18.8%/100.0%
[R2] state=follower leader=5 term=1 cov=18.8%/100.0%
[R2] state=follower leader=5 term=1 cov=18.8%/100.0%
[R2] state=follower leader=5 term=1 cov=18.8%/100.0%
[R2] state=follower leader=5 term=1 cov=18.8%/100.0%
[R2] state=follower leader=5 term=1 cov=18.8%/100.0%
[R2] state=follower leader=5 term=1 cov=18.8%/100.0%
[R2] state=follower leader=5 term=1 cov=18.8%/100.0%
[R2] state=follower leader=5 term=1 cov=18.8%/100.0%
[R2] state=follower leader=5 term=1 cov=18.8%/100.0%
[R2] state=follower leader=5 term=1 cov=18.8%/100.0%
[R2] state=follower leader=5 term=1 cov=18.8%/100.0%
[R2] state=follower leader=5 term=1 cov=18.8%/100.0%
[R2] state=follower leader=5 term=1 cov=18.8%/100.0%
[R2] state=follower leader=5 term=1 cov=18.8%/100.0%
[R2] state=follower leader=5 term=1 cov=18.8%/100.0%
[R2] state=follower leader=5 term=1 cov=18.8%/100.0%
[R2] state=follower leader=5 term=1 cov=18.8%/100.0%
[R2] state=follower leader=5 term=1 cov=18.8%/100.0%
[R2] state=follower leader=5 term=1 cov=18.8%/100.0%
[R2] state=follower leader=5 term=1 cov=18.8%/100.0%
[R2] state=follower leader=5 term=1 cov=18.8%/100.0%
[R2] state=follower leader=5 term=1 cov=18.8%/100.0%
[R2] state=follower leader=5 term=1 cov=18.8%/100.0%
[R2] state=follower leader=5 term=1 cov=18.8%/100.0%
[R2] state=follower leader=5 term=1 cov=18.8%/100.0%
[R2] state=follower leader=5 term=1 cov=18.8%/100.0%
[R2] state=follower leader=5 term=1 cov=18.8%/100.0%
[R2] state=follower leader=5 term=1 cov=18.8%/100.0%
[R2] state=follower leader=5 term=1 cov=18.8%/100.0%
[R2] state=follower leader=5 term=1 cov=18.8%/100.0%
[R2] state=follower leader=5 term=1 cov=18.8%/100.0%
[R2] state=follower leader=5 term=1 cov=18.8%/100.0%
[R2] state=follower leader=5 term=1 cov=18.8%/100.0%
[R2] state=follower leader=5 term=1 cov=18.8%/100.0%
[R2] state=follower leader=5 term=1 cov=18.8%/100.0%
[R2] state=follower leader=5 term=1 cov=18.8%/100.0%
[R2] state=follower leader=5 term=1 cov=18.8%/100.0%
[R2] state=follower leader=5 term=1 cov=18.8%/100.0%
