[WARN] Hardware modules not available - running in simulation mode
=== REIP Node - Robot 3 [SIM (unique ports)] ===
Trust Model: Three-tier confidence-weighted
  Personal: 1.0, ToF: 1.0, Peer: 0.3
  Suspicion threshold: 1.5, Recovery: 0.1

  Logging to: logs/robot_3_20260226_212949.jsonl
Initializing hardware...
  Hardware: SIMULATED
[INFO] Position socket listening on port 16103
[INFO] Peer socket listening on port 16203
[INFO] Fault socket listening on port 16303
Ready!

=== DECENTRALIZED MODE - No leader coordination ===
=== Detection Bounds: T1=2 cmds, T3=8 cmds | Impeachment: T1=8 cmds, T3=32 cmds ===
Running... Press Ctrl+C to stop

[R3] pos=(0,0) state=exploring leader=None trust=1.00 susp=0.00 cov=0.0%/0.0%
[R3] pos=(274,293) state=exploring leader=None trust=1.00 susp=0.00 cov=0.5%/0.5%
[R3] pos=(256,172) state=exploring leader=None trust=1.00 susp=0.00 cov=4.2%/9.4%
[R3] pos=(629,562) state=exploring leader=None trust=1.00 susp=0.00 cov=6.8%/17.7%
[R3] pos=(878,229) state=exploring leader=None trust=1.00 susp=0.00 cov=9.4%/29.2%
[R3] pos=(900,898) state=exploring leader=None trust=1.00 susp=0.00 cov=13.0%/39.1%
[R3] pos=(810,1168) state=exploring leader=None trust=1.00 susp=0.00 cov=15.6%/46.9%
[R3] pos=(1078,1312) state=exploring leader=None trust=1.00 susp=0.00 cov=18.2%/50.5%
[R3] pos=(1344,1059) state=exploring leader=None trust=1.00 susp=0.00 cov=20.8%/55.7%
[R3] pos=(1246,717) state=exploring leader=None trust=1.00 susp=0.00 cov=22.9%/64.1%
[R3] pos=(1191,261) state=exploring leader=None trust=1.00 susp=0.00 cov=26.0%/69.8%
[R3] pos=(1415,344) state=exploring leader=None trust=1.00 susp=0.00 cov=29.2%/73.4%
[R3] pos=(1813,314) state=exploring leader=None trust=1.00 susp=0.00 cov=32.8%/80.7%
[R3] pos=(1813,834) state=exploring leader=None trust=1.00 susp=0.00 cov=34.9%/90.1%
[R3] pos=(1925,1248) state=exploring leader=None trust=1.00 susp=0.00 cov=38.0%/98.4%
[R3] pos=(1925,1346) state=exploring leader=None trust=1.00 susp=0.00 cov=38.5%/99.5%
[R3] pos=(1925,1425) state=exploring leader=None trust=1.00 susp=0.00 cov=39.1%/100.0%
[R3] pos=(1925,1425) state=exploring leader=None trust=1.00 susp=0.00 cov=39.1%/100.0%
[R3] pos=(1925,1425) state=exploring leader=None trust=1.00 susp=0.00 cov=39.1%/100.0%
[R3] pos=(1925,1425) state=exploring leader=None trust=1.00 susp=0.00 cov=39.1%/100.0%
[R3] pos=(1925,1425) state=exploring leader=None trust=1.00 susp=0.00 cov=39.1%/100.0%
[R3] pos=(1925,1425) state=exploring leader=None trust=1.00 susp=0.00 cov=39.1%/100.0%
[R3] pos=(1925,1425) state=exploring leader=None trust=1.00 susp=0.00 cov=39.1%/100.0%
[R3] pos=(1925,1425) state=exploring leader=None trust=1.00 susp=0.00 cov=39.1%/100.0%
[R3] pos=(1925,1425) state=exploring leader=None trust=1.00 susp=0.00 cov=39.1%/100.0%
[R3] pos=(1925,1425) state=exploring leader=None trust=1.00 susp=0.00 cov=39.1%/100.0%
[R3] pos=(1925,1425) state=exploring leader=None trust=1.00 susp=0.00 cov=39.1%/100.0%
[R3] pos=(1925,1425) state=exploring leader=None trust=1.00 susp=0.00 cov=39.1%/100.0%
[R3] pos=(1925,1425) state=exploring leader=None trust=1.00 susp=0.00 cov=39.1%/100.0%
[R3] pos=(1925,1425) state=exploring leader=None trust=1.00 susp=0.00 cov=39.1%/100.0%
[R3] pos=(1925,1425) state=exploring leader=None trust=1.00 susp=0.00 cov=39.1%/100.0%
[R3] pos=(1925,1425) state=exploring leader=None trust=1.00 susp=0.00 cov=39.1%/100.0%
[R3] pos=(1925,1425) state=exploring leader=None trust=1.00 susp=0.00 cov=39.1%/100.0%
[R3] pos=(1925,1425) state=exploring leader=None trust=1.00 susp=0.00 cov=39.1%/100.0%
[R3] pos=(1925,1425) state=exploring leader=None trust=1.00 susp=0.00 cov=39.1%/100.0%
[R3] pos=(1925,1425) state=exploring leader=None trust=1.00 susp=0.00 cov=39.1%/100.0%
[R3] pos=(1925,1425) state=exploring leader=None trust=1.00 susp=0.00 cov=39.1%/100.0%
[R3] pos=(1925,1425) state=exploring leader=None trust=1.00 susp=0.00 cov=39.1%/100.0%
[R3] pos=(1925,1425) state=exploring leader=None trust=1.00 susp=0.00 cov=39.1%/100.0%
[R3] pos=(1925,1425) state=exploring leader=None trust=1.00 susp=0.00 cov=39.1%/100.0%
[R3] pos=(1925,1425) state=exploring leader=None trust=1.00 susp=0.00 cov=39.1%/100.0%
[R3] pos=(1925,1425) state=exploring leader=None trust=1.00 susp=0.00 cov=39.1%/100.0%
[R3] pos=(1925,1425) state=exploring leader=None trust=1.00 susp=0.00 cov=39.1%/100.0%
[R3] pos=(1925,1425) state=exploring leader=None trust=1.00 susp=0.00 cov=39.1%/100.0%
[R3] pos=(1925,1425) state=exploring leader=None trust=1.00 susp=0.00 cov=39.1%/100.0%
[R3] pos=(1925,1425) state=exploring leader=None trust=1.00 susp=0.00 cov=39.1%/100.0%
[R3] pos=(1925,1425) state=exploring leader=None trust=1.00 susp=0.00 cov=39.1%/100.0%
[R3] pos=(1925,1425) state=exploring leader=None trust=1.00 susp=0.00 cov=39.1%/100.0%
[R3] pos=(1925,1425) state=exploring leader=None trust=1.00 susp=0.00 cov=39.1%/100.0%
[R3] pos=(1925,1425) state=exploring leader=None trust=1.00 susp=0.00 cov=39.1%/100.0%
[R3] pos=(1925,1425) state=exploring leader=None trust=1.00 susp=0.00 cov=39.1%/100.0%
[R3] pos=(1925,1425) state=exploring leader=None trust=1.00 susp=0.00 cov=39.1%/100.0%
[R3] pos=(1925,1425) state=exploring leader=None trust=1.00 susp=0.00 cov=39.1%/100.0%
[R3] pos=(1925,1425) state=exploring leader=None trust=1.00 susp=0.00 cov=39.1%/100.0%
[R3] pos=(1925,1425) state=exploring leader=None trust=1.00 susp=0.00 cov=39.1%/100.0%
[R3] pos=(1925,1425) state=exploring leader=None trust=1.00 susp=0.00 cov=39.1%/100.0%
[R3] pos=(1925,1425) state=exploring leader=None trust=1.00 susp=0.00 cov=39.1%/100.0%
[R3] pos=(1925,1425) state=exploring leader=None trust=1.00 susp=0.00 cov=39.1%/100.0%
[R3] pos=(1925,1425) state=exploring leader=None trust=1.00 susp=0.00 cov=39.1%/100.0%
[R3] pos=(1925,1425) state=exploring leader=None trust=1.00 susp=0.00 cov=39.1%/100.0%
[R3] pos=(1925,1425) state=exploring leader=None trust=1.00 susp=0.00 cov=39.1%/100.0%
[R3] pos=(1925,1425) state=exploring leader=None trust=1.00 susp=0.00 cov=39.1%/100.0%
[R3] pos=(1925,1425) state=exploring leader=None trust=1.00 susp=0.00 cov=39.1%/100.0%
[R3] pos=(1925,1425) state=exploring leader=None trust=1.00 susp=0.00 cov=39.1%/100.0%
[R3] pos=(1925,1425) state=exploring leader=None trust=1.00 susp=0.00 cov=39.1%/100.0%
[R3] pos=(1925,1425) state=exploring leader=None trust=1.00 susp=0.00 cov=39.1%/100.0%
[R3] pos=(1925,1425) state=exploring leader=None trust=1.00 susp=0.00 cov=39.1%/100.0%
[R3] pos=(1925,1425) state=exploring leader=None trust=1.00 susp=0.00 cov=39.1%/100.0%
[R3] pos=(1925,1425) state=exploring leader=None trust=1.00 susp=0.00 cov=39.1%/100.0%
[R3] pos=(1925,1425) state=exploring leader=None trust=1.00 susp=0.00 cov=39.1%/100.0%
[R3] pos=(1925,1425) state=exploring leader=None trust=1.00 susp=0.00 cov=39.1%/100.0%
[R3] pos=(1925,1425) state=exploring leader=None trust=1.00 susp=0.00 cov=39.1%/100.0%
[R3] pos=(1925,1425) state=exploring leader=None trust=1.00 susp=0.00 cov=39.1%/100.0%
[R3] pos=(1925,1425) state=exploring leader=None trust=1.00 susp=0.00 cov=39.1%/100.0%
[R3] pos=(1925,1425) state=exploring leader=None trust=1.00 susp=0.00 cov=39.1%/100.0%
[R3] pos=(1925,1425) state=exploring leader=None trust=1.00 susp=0.00 cov=39.1%/100.0%
[R3] pos=(1925,1425) state=exploring leader=None trust=1.00 susp=0.00 cov=39.1%/100.0%
[R3] pos=(1925,1425) state=exploring leader=None trust=1.00 susp=0.00 cov=39.1%/100.0%
[R3] pos=(1925,1425) state=exploring leader=None trust=1.00 susp=0.00 cov=39.1%/100.0%
[R3] pos=(1925,1425) state=exploring leader=None trust=1.00 susp=0.00 cov=39.1%/100.0%
[R3] pos=(1925,1425) state=exploring leader=None trust=1.00 susp=0.00 cov=39.1%/100.0%
[R3] pos=(1925,1425) state=exploring leader=None trust=1.00 susp=0.00 cov=39.1%/100.0%
[R3] pos=(1925,1425) state=exploring leader=None trust=1.00 susp=0.00 cov=39.1%/100.0%
[R3] pos=(1925,1425) state=exploring leader=None trust=1.00 susp=0.00 cov=39.1%/100.0%
[R3] pos=(1925,1425) state=exploring leader=None trust=1.00 susp=0.00 cov=39.1%/100.0%
[R3] pos=(1925,1425) state=exploring leader=None trust=1.00 susp=0.00 cov=39.1%/100.0%
