[WARN] Hardware modules not available - simulation mode
=== RAFT Baseline - Robot 2 [SIM] ===
NO TRUST. Heartbeat timeout only.

  Logging to: logs/raft_2_20260226_175052.jsonl
Initializing hardware...
  Hardware: SIMULATED
[INFO] Position socket listening on port 9102
[INFO] Peer socket listening on port 9202
[INFO] Fault socket listening on port 9302
Ready!

Running RAFT baseline... Press Ctrl+C to stop

[R2] state=follower leader=None term=0 cov=0.0%/0.0%
[R2] state=follower leader=5 term=1 cov=0.5%/2.1%
[R2] state=follower leader=5 term=1 cov=2.6%/12.0%
[R2] state=follower leader=5 term=1 cov=4.7%/21.9%
[R2] state=follower leader=5 term=1 cov=6.2%/33.3%
[R2] state=follower leader=5 term=1 cov=7.3%/43.2%
[R2] state=follower leader=5 term=1 cov=8.9%/55.2%
[R2] state=follower leader=5 term=1 cov=9.9%/66.1%
[R2] state=follower leader=5 term=1 cov=10.9%/72.4%
[R2] state=follower leader=5 term=1 cov=12.0%/79.2%
[R2] state=follower leader=5 term=1 cov=14.1%/88.5%
[R2] state=follower leader=5 term=1 cov=16.1%/95.3%
[R2] state=follower leader=5 term=1 cov=16.7%/97.9%
[R2] state=follower leader=5 term=1 cov=17.7%/100.0%
[R2] state=follower leader=5 term=1 cov=17.7%/100.0%
[R2] state=follower leader=5 term=1 cov=19.8%/100.0%
[R2] state=follower leader=5 term=1 cov=20.8%/100.0%
[R2] state=follower leader=5 term=1 cov=20.8%/100.0%
[R2] state=follower leader=5 term=1 cov=20.8%/100.0%
[R2] state=follower leader=5 term=1 cov=20.8%/100.0%
[R2] state=follower leader=5 term=1 cov=20.8%/100.0%
[R2] state=follower leader=5 term=1 cov=20.8%/100.0%
[R2] state=follower leader=5 term=1 cov=20.8%/100.0%
[R2] state=follower leader=5 term=1 cov=20.8%/100.0%
[R2] state=follower leader=5 term=1 cov=20.8%/100.0%
[R2] state=follower leader=5 term=1 cov=20.8%/100.0%
[R2] state=follower leader=5 term=1 cov=20.8%/100.0%
[R2] state=follower leader=5 term=1 cov=20.8%/100.0%
[R2] state=follower leader=5 term=1 cov=20.8%/100.0%
[R2] state=follower leader=5 term=1 cov=20.8%/100.0%
[R2] state=follower leader=5 term=1 cov=20.8%/100.0%
[R2] state=follower leader=5 term=1 cov=20.8%/100.0%
[R2] state=follower leader=5 term=1 cov=20.8%/100.0%
[R2] state=follower leader=5 term=1 cov=20.8%/100.0%
[R2] state=follower leader=5 term=1 cov=20.8%/100.0%
[R2] state=follower leader=5 term=1 cov=20.8%/100.0%
[R2] state=follower leader=5 term=1 cov=20.8%/100.0%
[R2] state=follower leader=5 term=1 cov=20.8%/100.0%
[R2] state=follower leader=5 term=1 cov=20.8%/100.0%
[R2] state=follower leader=5 term=1 cov=20.8%/100.0%
[R2] state=follower leader=5 term=1 cov=20.8%/100.0%
[R2] state=follower leader=5 term=1 cov=20.8%/100.0%
[R2] state=follower leader=5 term=1 cov=20.8%/100.0%
[R2] state=follower leader=5 term=1 cov=20.8%/100.0%
[R2] state=follower leader=5 term=1 cov=20.8%/100.0%
[R2] state=follower leader=5 term=1 cov=20.8%/100.0%
[R2] state=follower leader=5 term=1 cov=20.8%/100.0%
[R2] state=follower leader=5 term=1 cov=20.8%/100.0%
[R2] state=follower leader=5 term=1 cov=20.8%/100.0%
[R2] state=follower leader=5 term=1 cov=20.8%/100.0%
[R2] state=follower leader=5 term=1 cov=20.8%/100.0%
[R2] state=follower leader=5 term=1 cov=20.8%/100.0%
[R2] state=follower leader=5 term=1 cov=20.8%/100.0%
[R2] state=follower leader=5 term=1 cov=20.8%/100.0%
[R2] state=follower leader=5 term=1 cov=20.8%/100.0%
[R2] state=follower leader=5 term=1 cov=20.8%/100.0%
[R2] state=follower leader=5 term=1 cov=20.8%/100.0%
[R2] state=follower leader=5 term=1 cov=20.8%/100.0%
[R2] state=follower leader=5 term=1 cov=20.8%/100.0%
[R2] state=follower leader=5 term=1 cov=20.8%/100.0%
[R2] state=follower leader=5 term=1 cov=20.8%/100.0%
