[WARN] Hardware modules not available - simulation mode
=== RAFT Baseline - Robot 1 [SIM] ===
NO TRUST. Heartbeat timeout only.

  Logging to: logs/raft_1_20260226_001105.jsonl
Initializing hardware...
  Hardware: SIMULATED
[INFO] Position socket listening on port 6101
[INFO] Peer socket listening on port 6201
[INFO] Fault socket listening on port 6301
Ready!

Running RAFT baseline... Press Ctrl+C to stop

[R1] state=follower leader=None term=0 cov=0.0%/0.0%
[R1] state=follower leader=2 term=1 cov=0.5%/0.5%
[R1] state=follower leader=2 term=1 cov=2.1%/7.8%
[R1] state=follower leader=2 term=1 cov=2.1%/11.5%
[R1] state=follower leader=2 term=1 cov=3.1%/15.6%
[R1] state=follower leader=2 term=1 cov=3.6%/18.8%
[R1] state=follower leader=2 term=1 cov=4.7%/23.4%
[R1] state=follower leader=2 term=1 cov=5.2%/25.5%
[R1] state=follower leader=2 term=1 cov=6.2%/28.1%
[R1] state=follower leader=2 term=1 cov=6.2%/28.6%
[R1] state=follower leader=2 term=1 cov=6.2%/28.6%
[R1] state=follower leader=2 term=1 cov=6.2%/29.7%
[R1] state=follower leader=2 term=1 cov=7.8%/34.4%
[R1] state=follower leader=2 term=1 cov=9.4%/38.5%
[R1] state=follower leader=2 term=1 cov=9.9%/41.1%
[R1] state=follower leader=2 term=1 cov=10.9%/45.3%
[R1] state=follower leader=2 term=1 cov=10.9%/46.4%
[FAULT] BAD_LEADER mode - will send bad assignments (Raft CANNOT detect this)
[R1] state=follower leader=2 term=1 cov=12.0%/49.5%
[R1] state=follower leader=2 term=1 cov=12.0%/51.6%
[R1] state=follower leader=2 term=1 cov=12.5%/53.1%
[R1] state=follower leader=2 term=1 cov=12.5%/53.6%
[R1] state=follower leader=2 term=1 cov=12.5%/53.6%
[R1] state=follower leader=2 term=1 cov=12.5%/53.6%
[R1] state=follower leader=2 term=1 cov=12.5%/53.6%
[R1] state=follower leader=2 term=1 cov=12.5%/53.6%
[R1] state=follower leader=2 term=1 cov=13.0%/54.2%
[R1] state=follower leader=2 term=1 cov=13.0%/55.2%
[R1] state=follower leader=2 term=1 cov=13.0%/55.2%
[R1] state=follower leader=2 term=1 cov=13.0%/55.2%
