[WARN] Hardware modules not available - simulation mode
=== RAFT Baseline - Robot 3 [SIM] ===
NO TRUST. Heartbeat timeout only.

  Logging to: logs/raft_3_20260226_171107.jsonl
Initializing hardware...
  Hardware: SIMULATED
[INFO] Position socket listening on port 20103
[INFO] Peer socket listening on port 20203
[INFO] Fault socket listening on port 20303
Ready!

Running RAFT baseline... Press Ctrl+C to stop

[R3] state=follower leader=None term=0 cov=0.0%/0.0%
[R3] state=follower leader=1 term=1 cov=0.5%/0.5%
[R3] state=follower leader=1 term=1 cov=2.6%/13.0%
[R3] state=follower leader=1 term=1 cov=5.2%/24.0%
[R3] state=follower leader=1 term=1 cov=7.8%/34.9%
[R3] state=follower leader=1 term=1 cov=10.4%/45.3%
[R3] state=follower leader=1 term=1 cov=13.0%/55.2%
[R3] state=follower leader=1 term=1 cov=13.5%/58.9%
[R3] state=follower leader=1 term=1 cov=13.5%/59.4%
[R3] state=follower leader=1 term=1 cov=14.1%/62.5%
[R3] state=follower leader=1 term=1 cov=15.6%/68.8%
[R3] state=follower leader=1 term=1 cov=16.1%/74.0%
[R3] state=follower leader=1 term=1 cov=17.2%/78.6%
[R3] state=follower leader=1 term=1 cov=18.8%/85.9%
[R3] state=follower leader=1 term=1 cov=19.3%/88.0%
[R3] state=follower leader=1 term=1 cov=19.3%/91.7%
[R3] state=follower leader=1 term=1 cov=19.3%/91.7%
[R3] state=follower leader=1 term=1 cov=19.3%/91.7%
[R3] state=follower leader=1 term=1 cov=19.3%/91.7%
[R3] state=follower leader=1 term=1 cov=19.3%/91.7%
[R3] state=follower leader=1 term=1 cov=19.3%/91.7%
[R3] state=follower leader=1 term=1 cov=19.3%/91.7%
[R3] state=follower leader=1 term=1 cov=19.3%/91.7%
[R3] state=follower leader=1 term=1 cov=19.8%/94.3%
[R3] state=follower leader=1 term=1 cov=20.8%/97.4%
[R3] state=follower leader=1 term=1 cov=20.8%/97.4%
[R3] state=follower leader=1 term=1 cov=20.8%/97.4%
[R3] state=follower leader=1 term=1 cov=20.8%/97.4%
[R3] state=follower leader=1 term=1 cov=20.8%/97.4%
[R3] state=follower leader=1 term=1 cov=20.8%/97.4%
[R3] state=follower leader=1 term=1 cov=20.8%/97.4%
[R3] state=follower leader=1 term=1 cov=20.8%/97.4%
[R3] state=follower leader=1 term=1 cov=20.8%/97.4%
[R3] state=follower leader=1 term=1 cov=20.8%/97.4%
[R3] state=follower leader=1 term=1 cov=20.8%/97.4%
[R3] state=follower leader=1 term=1 cov=20.8%/97.4%
[R3] state=follower leader=1 term=1 cov=20.8%/97.4%
[R3] state=follower leader=1 term=1 cov=23.4%/100.0%
[R3] state=follower leader=1 term=1 cov=23.4%/100.0%
[R3] state=follower leader=1 term=1 cov=23.4%/100.0%
[R3] state=follower leader=1 term=1 cov=23.4%/100.0%
[R3] state=follower leader=1 term=1 cov=23.4%/100.0%
[R3] state=follower leader=1 term=1 cov=23.4%/100.0%
[R3] state=follower leader=1 term=1 cov=23.4%/100.0%
[R3] state=follower leader=1 term=1 cov=24.0%/100.0%
[R3] state=follower leader=1 term=1 cov=24.0%/100.0%
[R3] state=follower leader=1 term=1 cov=24.0%/100.0%
[R3] state=follower leader=1 term=1 cov=24.0%/100.0%
[R3] state=follower leader=1 term=1 cov=24.0%/100.0%
[R3] state=follower leader=1 term=1 cov=24.0%/100.0%
[R3] state=follower leader=1 term=1 cov=24.0%/100.0%
[R3] state=follower leader=1 term=1 cov=24.0%/100.0%
[R3] state=follower leader=1 term=1 cov=24.0%/100.0%
[R3] state=follower leader=1 term=1 cov=24.0%/100.0%
[R3] state=follower leader=1 term=1 cov=24.0%/100.0%
[R3] state=follower leader=1 term=1 cov=24.0%/100.0%
[R3] state=follower leader=1 term=1 cov=24.0%/100.0%
[R3] state=follower leader=1 term=1 cov=24.0%/100.0%
[R3] state=follower leader=1 term=1 cov=24.0%/100.0%
[R3] state=follower leader=1 term=1 cov=24.0%/100.0%
[R3] state=follower leader=1 term=1 cov=24.0%/100.0%
