[WARN] Hardware modules not available - simulation mode
=== RAFT Baseline - Robot 2 [SIM] ===
NO TRUST. Heartbeat timeout only.

  Logging to: logs/raft_2_20260226_162542.jsonl
Initializing hardware...
  Hardware: SIMULATED
[INFO] Position socket listening on port 6102
[INFO] Peer socket listening on port 6202
[INFO] Fault socket listening on port 6302
Ready!

Running RAFT baseline... Press Ctrl+C to stop

[R2] state=follower leader=None term=0 cov=0.0%/0.0%
[R2] state=follower leader=1 term=1 cov=0.5%/0.5%
[R2] state=follower leader=1 term=1 cov=3.1%/14.1%
[R2] state=follower leader=1 term=1 cov=6.2%/24.5%
[R2] state=follower leader=1 term=1 cov=7.8%/37.0%
[R2] state=follower leader=1 term=1 cov=10.4%/47.4%
[R2] state=follower leader=1 term=1 cov=12.5%/56.2%
[R2] state=follower leader=1 term=1 cov=15.1%/68.2%
[R2] state=follower leader=1 term=1 cov=17.7%/80.7%
[R2] state=follower leader=1 term=1 cov=20.3%/89.6%
[R2] state=follower leader=1 term=1 cov=22.4%/97.9%
[R2] state=follower leader=1 term=1 cov=24.5%/99.5%
[R2] state=follower leader=1 term=1 cov=25.0%/100.0%
[R2] state=follower leader=1 term=1 cov=25.0%/100.0%
[R2] state=follower leader=1 term=1 cov=25.5%/100.0%
[R2] state=follower leader=1 term=1 cov=25.5%/100.0%
[R2] state=follower leader=1 term=1 cov=25.5%/100.0%
[R2] state=follower leader=1 term=1 cov=27.6%/100.0%
[R2] state=follower leader=1 term=1 cov=30.7%/100.0%
[R2] state=follower leader=1 term=1 cov=33.3%/100.0%
[R2] state=follower leader=1 term=1 cov=34.4%/100.0%
[R2] state=follower leader=1 term=1 cov=37.5%/100.0%
[R2] state=follower leader=1 term=1 cov=41.1%/100.0%
[R2] state=follower leader=1 term=1 cov=41.1%/100.0%
[R2] state=follower leader=1 term=1 cov=41.7%/100.0%
[R2] state=follower leader=1 term=1 cov=42.7%/100.0%
[R2] state=follower leader=1 term=1 cov=42.7%/100.0%
[R2] state=follower leader=1 term=1 cov=43.2%/100.0%
[R2] state=follower leader=1 term=1 cov=43.8%/100.0%
[R2] state=follower leader=1 term=1 cov=44.3%/100.0%
[R2] state=follower leader=1 term=1 cov=44.3%/100.0%
[R2] state=follower leader=1 term=1 cov=44.3%/100.0%
[R2] state=follower leader=1 term=1 cov=44.3%/100.0%
[R2] state=follower leader=1 term=1 cov=44.3%/100.0%
[R2] state=follower leader=1 term=1 cov=44.3%/100.0%
[R2] state=follower leader=1 term=1 cov=44.3%/100.0%
[R2] state=follower leader=1 term=1 cov=44.3%/100.0%
[R2] state=follower leader=1 term=1 cov=44.3%/100.0%
[R2] state=follower leader=1 term=1 cov=44.3%/100.0%
[R2] state=follower leader=1 term=1 cov=44.3%/100.0%
[R2] state=follower leader=1 term=1 cov=44.3%/100.0%
[R2] state=follower leader=1 term=1 cov=44.3%/100.0%
[R2] state=follower leader=1 term=1 cov=44.3%/100.0%
[R2] state=follower leader=1 term=1 cov=44.3%/100.0%
[R2] state=follower leader=1 term=1 cov=44.8%/100.0%
[R2] state=follower leader=1 term=1 cov=44.8%/100.0%
[R2] state=follower leader=1 term=1 cov=44.8%/100.0%
[R2] state=follower leader=1 term=1 cov=44.8%/100.0%
[R2] state=follower leader=1 term=1 cov=44.8%/100.0%
[R2] state=follower leader=1 term=1 cov=46.4%/100.0%
[R2] state=follower leader=1 term=1 cov=47.9%/100.0%
[R2] state=follower leader=1 term=1 cov=48.4%/100.0%
[R2] state=follower leader=1 term=1 cov=49.5%/100.0%
[R2] state=follower leader=1 term=1 cov=49.5%/100.0%
[R2] state=follower leader=1 term=1 cov=49.5%/100.0%
