[WARN] Hardware modules not available - running in simulation mode
=== REIP Node - Robot 2 [SIM (unique ports)] ===
Trust Model: Three-tier confidence-weighted
  Personal: 1.0, ToF: 1.0, Peer: 0.3
  Suspicion threshold: 1.5, Recovery: 0.1

  Logging to: logs/robot_2_20260226_003019.jsonl
Initializing hardware...
  Hardware: SIMULATED
[INFO] Position socket listening on port 16102
[INFO] Peer socket listening on port 16202
[INFO] Fault socket listening on port 16302
Ready!

=== DECENTRALIZED MODE - No leader coordination ===
=== Detection Bounds: T1=2 cmds, T3=8 cmds | Impeachment: T1=8 cmds, T3=32 cmds ===
Running... Press Ctrl+C to stop

[R2] pos=(0,0) state=exploring leader=None trust=1.00 susp=0.00 cov=0.0%/0.0%
[R2] pos=(707,583) state=exploring leader=None trust=1.00 susp=0.00 cov=0.5%/0.5%
[R2] pos=(483,563) state=exploring leader=None trust=1.00 susp=0.00 cov=1.6%/7.3%
[R2] pos=(258,563) state=exploring leader=None trust=1.00 susp=0.00 cov=2.1%/12.0%
[R2] pos=(75,488) state=exploring leader=None trust=1.00 susp=0.00 cov=3.6%/17.2%
[R2] pos=(75,241) state=exploring leader=None trust=1.00 susp=0.00 cov=4.7%/21.9%
[R2] pos=(147,75) state=exploring leader=None trust=1.00 susp=0.00 cov=5.7%/26.6%
[R2] pos=(352,106) state=exploring leader=None trust=1.00 susp=0.00 cov=6.8%/30.2%
[R2] pos=(595,75) state=exploring leader=None trust=1.00 susp=0.00 cov=7.8%/33.3%
[R2] pos=(818,75) state=exploring leader=None trust=1.00 susp=0.00 cov=8.9%/36.5%
[R2] pos=(1066,75) state=exploring leader=None trust=1.00 susp=0.00 cov=9.9%/40.1%
[R2] pos=(1274,98) state=exploring leader=None trust=1.00 susp=0.00 cov=10.9%/43.2%
[R2] pos=(1424,110) state=exploring leader=None trust=1.00 susp=0.00 cov=12.5%/44.8%
[R2] pos=(1594,144) state=exploring leader=None trust=1.00 susp=0.00 cov=13.5%/46.4%
[R2] pos=(1734,75) state=exploring leader=None trust=1.00 susp=0.00 cov=14.6%/50.5%
[R2] pos=(1810,290) state=exploring leader=None trust=1.00 susp=0.00 cov=16.1%/53.6%
[R2] pos=(1689,434) state=exploring leader=None trust=1.00 susp=0.00 cov=17.2%/57.8%
[R2] pos=(1464,437) state=exploring leader=None trust=1.00 susp=0.00 cov=18.2%/61.5%
[R2] pos=(1214,437) state=exploring leader=None trust=1.00 susp=0.00 cov=19.3%/65.1%
[R2] pos=(1246,596) state=exploring leader=None trust=1.00 susp=0.00 cov=19.8%/68.8%
[R2] pos=(1309,778) state=exploring leader=None trust=1.00 susp=0.00 cov=21.4%/74.0%
[R2] pos=(1312,1028) state=exploring leader=None trust=1.00 susp=0.00 cov=22.4%/77.6%
[R2] pos=(1430,932) state=exploring leader=None trust=1.00 susp=0.00 cov=23.4%/80.7%
[R2] pos=(1462,703) state=exploring leader=None trust=1.00 susp=0.00 cov=24.5%/83.9%
[R2] pos=(1656,676) state=exploring leader=None trust=1.00 susp=0.00 cov=25.5%/87.0%
[R2] pos=(1799,592) state=exploring leader=None trust=1.00 susp=0.00 cov=26.6%/90.6%
[R2] pos=(1925,610) state=exploring leader=None trust=1.00 susp=0.00 cov=28.1%/94.3%
[R2] pos=(1925,363) state=exploring leader=None trust=1.00 susp=0.00 cov=29.2%/96.4%
[R2] pos=(1925,140) state=exploring leader=None trust=1.00 susp=0.00 cov=29.7%/99.5%
[R2] pos=(1925,75) state=exploring leader=None trust=1.00 susp=0.00 cov=30.2%/100.0%
[R2] pos=(1925,75) state=exploring leader=None trust=1.00 susp=0.00 cov=30.2%/100.0%
[R2] pos=(1925,75) state=exploring leader=None trust=1.00 susp=0.00 cov=30.2%/100.0%
[R2] pos=(1925,75) state=exploring leader=None trust=1.00 susp=0.00 cov=30.2%/100.0%
[R2] pos=(1925,75) state=exploring leader=None trust=1.00 susp=0.00 cov=30.2%/100.0%
[R2] pos=(1925,75) state=exploring leader=None trust=1.00 susp=0.00 cov=30.2%/100.0%
[R2] pos=(1925,75) state=exploring leader=None trust=1.00 susp=0.00 cov=30.2%/100.0%
[R2] pos=(1925,75) state=exploring leader=None trust=1.00 susp=0.00 cov=30.2%/100.0%
[R2] pos=(1925,75) state=exploring leader=None trust=1.00 susp=0.00 cov=30.2%/100.0%
[R2] pos=(1925,75) state=exploring leader=None trust=1.00 susp=0.00 cov=30.2%/100.0%
[R2] pos=(1925,75) state=exploring leader=None trust=1.00 susp=0.00 cov=30.2%/100.0%
[R2] pos=(1925,75) state=exploring leader=None trust=1.00 susp=0.00 cov=30.2%/100.0%
[R2] pos=(1925,75) state=exploring leader=None trust=1.00 susp=0.00 cov=30.2%/100.0%
[R2] pos=(1925,75) state=exploring leader=None trust=1.00 susp=0.00 cov=30.2%/100.0%
[R2] pos=(1925,75) state=exploring leader=None trust=1.00 susp=0.00 cov=30.2%/100.0%
[R2] pos=(1925,75) state=exploring leader=None trust=1.00 susp=0.00 cov=30.2%/100.0%
[R2] pos=(1925,75) state=exploring leader=None trust=1.00 susp=0.00 cov=30.2%/100.0%
[R2] pos=(1925,75) state=exploring leader=None trust=1.00 susp=0.00 cov=30.2%/100.0%
[R2] pos=(1925,75) state=exploring leader=None trust=1.00 susp=0.00 cov=30.2%/100.0%
[R2] pos=(1925,75) state=exploring leader=None trust=1.00 susp=0.00 cov=30.2%/100.0%
[R2] pos=(1925,75) state=exploring leader=None trust=1.00 susp=0.00 cov=30.2%/100.0%
[R2] pos=(1925,75) state=exploring leader=None trust=1.00 susp=0.00 cov=30.2%/100.0%
[R2] pos=(1925,75) state=exploring leader=None trust=1.00 susp=0.00 cov=30.2%/100.0%
[R2] pos=(1925,75) state=exploring leader=None trust=1.00 susp=0.00 cov=30.2%/100.0%
[R2] pos=(1925,75) state=exploring leader=None trust=1.00 susp=0.00 cov=30.2%/100.0%
[R2] pos=(1925,75) state=exploring leader=None trust=1.00 susp=0.00 cov=30.2%/100.0%
[R2] pos=(1925,75) state=exploring leader=None trust=1.00 susp=0.00 cov=30.2%/100.0%
[R2] pos=(1925,75) state=exploring leader=None trust=1.00 susp=0.00 cov=30.2%/100.0%
[R2] pos=(1925,75) state=exploring leader=None trust=1.00 susp=0.00 cov=30.2%/100.0%
[R2] pos=(1925,75) state=exploring leader=None trust=1.00 susp=0.00 cov=30.2%/100.0%
[R2] pos=(1925,75) state=exploring leader=None trust=1.00 susp=0.00 cov=30.2%/100.0%
[R2] pos=(1925,75) state=exploring leader=None trust=1.00 susp=0.00 cov=30.2%/100.0%
