[WARN] Hardware modules not available - running in simulation mode
=== REIP Node - Robot 1 [SIM (unique ports)] ===
Trust Model: Three-tier confidence-weighted
  Personal: 1.0, ToF: 1.0, Peer: 0.3
  Suspicion threshold: 1.5, Recovery: 0.1

  Logging to: logs/robot_1_20260226_205705.jsonl
Initializing hardware...
  Hardware: SIMULATED
[INFO] Position socket listening on port 22101
[INFO] Peer socket listening on port 22201
[INFO] Fault socket listening on port 22301
Ready!

=== Detection Bounds: T1=2 cmds, T3=8 cmds | Impeachment: T1=8 cmds, T3=32 cmds ===
Running... Press Ctrl+C to stop

[ELECTION] New leader: 1
[R1] pos=(0,0) state=leader leader=1 trust=1.00 susp=0.00 cov=0.0%/0.0%
[R1] pos=(313,1090) state=leader leader=1 trust=1.00 susp=0.00 cov=0.5%/0.5%
[R1] pos=(236,1032) state=leader leader=1 trust=1.00 susp=0.00 cov=1.6%/12.5%
[R1] pos=(75,1121) state=leader leader=1 trust=1.00 susp=0.00 cov=3.6%/20.8%
[R1] pos=(382,1425) state=leader leader=1 trust=1.00 susp=0.00 cov=6.8%/31.8%
[R1] pos=(805,1313) state=leader leader=1 trust=1.00 susp=0.00 cov=9.4%/40.1%
[R1] pos=(1320,1425) state=leader leader=1 trust=1.00 susp=0.00 cov=12.0%/48.4%
[FAULT] BAD_LEADER mode activated - will send bad assignments
[BAD_LEADER] Sending 5 robots to EXPLORED cells (persistent): [(62.5, 687.5), (437.5, 1312.5), (62.5, 437.5)]...
[BAD_LEADER] Sending 5 robots to EXPLORED cells (persistent): [(62.5, 687.5), (437.5, 1312.5), (62.5, 437.5)]...
[BAD_LEADER] Sending 5 robots to EXPLORED cells (persistent): [(62.5, 687.5), (437.5, 1312.5), (62.5, 437.5)]...
[BAD_LEADER] Sending 5 robots to EXPLORED cells (persistent): [(62.5, 687.5), (437.5, 1312.5), (62.5, 437.5)]...
[BAD_LEADER] Sending 5 robots to EXPLORED cells (persistent): [(62.5, 687.5), (437.5, 1312.5), (62.5, 437.5)]...
[BAD_LEADER] Sending 5 robots to EXPLORED cells (persistent): [(62.5, 687.5), (437.5, 1312.5), (62.5, 437.5)]...
[BAD_LEADER] Sending 5 robots to EXPLORED cells (persistent): [(62.5, 687.5), (437.5, 1312.5), (62.5, 437.5)]...
[BAD_LEADER] Sending 5 robots to EXPLORED cells (persistent): [(62.5, 687.5), (437.5, 1312.5), (62.5, 437.5)]...
[BAD_LEADER] Sending 5 robots to EXPLORED cells (persistent): [(62.5, 687.5), (437.5, 1312.5), (62.5, 437.5)]...
[BAD_LEADER] Sending 5 robots to EXPLORED cells (persistent): [(62.5, 687.5), (437.5, 1312.5), (62.5, 437.5)]...
[R1] pos=(1127,1182) state=leader leader=1 trust=1.00 susp=0.00 cov=13.5%/53.1%
[BAD_LEADER] Sending 5 robots to EXPLORED cells (persistent): [(62.5, 687.5), (437.5, 1312.5), (62.5, 437.5)]...
[BAD_LEADER] Sending 5 robots to EXPLORED cells (persistent): [(62.5, 687.5), (437.5, 1312.5), (62.5, 437.5)]...
[BAD_LEADER] Sending 5 robots to EXPLORED cells (persistent): [(62.5, 687.5), (437.5, 1312.5), (62.5, 437.5)]...
[BAD_LEADER] Sending 5 robots to EXPLORED cells (persistent): [(62.5, 687.5), (437.5, 1312.5), (62.5, 437.5)]...
[BAD_LEADER] Sending 5 robots to EXPLORED cells (persistent): [(62.5, 687.5), (437.5, 1312.5), (62.5, 437.5)]...
[ELECTION] New leader: 2
[R1] pos=(1127,1082) state=follower leader=2 trust=1.00 susp=0.00 cov=14.1%/54.2%
[R1] pos=(1127,1082) state=follower leader=2 trust=1.00 susp=0.00 cov=14.1%/54.2%
[R1] pos=(1127,1082) state=follower leader=2 trust=1.00 susp=0.00 cov=14.1%/54.2%
[R1] pos=(1127,1082) state=follower leader=2 trust=1.00 susp=0.00 cov=14.1%/54.2%
[R1] pos=(1127,1082) state=follower leader=2 trust=1.00 susp=0.00 cov=14.1%/54.2%
[R1] pos=(1127,1082) state=follower leader=2 trust=1.00 susp=0.00 cov=14.1%/54.2%
[R1] pos=(1127,1082) state=follower leader=2 trust=1.00 susp=0.00 cov=14.1%/54.2%
[R1] pos=(1127,1082) state=follower leader=2 trust=1.00 susp=0.00 cov=14.1%/54.2%
[R1] pos=(1127,1082) state=follower leader=2 trust=1.00 susp=0.00 cov=14.1%/54.2%
[TRUST] Bad command #1 (peer_reported): suspicion +0.30 = 0.30
[TRUST] Bad command #2 (peer_reported): suspicion +0.30 = 0.60
[TRUST] Bad command #3 (peer_reported): suspicion +0.30 = 0.90
[TRUST] Bad command #4 (peer_reported): suspicion +0.30 = 1.20
[TRUST] Bad command #5 (peer_reported): suspicion +0.30 = 1.50
[DETECT] First trust decay after 5 bad commands (0.83s) [Theoretical bound: T1=2, T3=8]
[TRUST] Trust decayed: trust=0.80, remaining suspicion=0.00
[TRUST] Bad command #6 (peer_reported): suspicion +0.30 = 0.30
[TRUST] Bad command #7 (peer_reported): suspicion +0.30 = 0.60
[R1] pos=(1127,637) state=follower leader=2 trust=0.80 susp=0.60 cov=15.6%/56.8%
[TRUST] Bad command #8 (peer_reported): suspicion +0.30 = 0.90
[TRUST] Bad command #9 (peer_reported): suspicion +0.30 = 1.20
[TRUST] Bad command #10 (peer_reported): suspicion +0.30 = 1.50
[TRUST] Trust decayed: trust=0.60, remaining suspicion=0.00
[TRUST] Bad command #11 (peer_reported): suspicion +0.30 = 0.30
[TRUST] Bad command #12 (peer_reported): suspicion +0.30 = 0.60
[TRUST] Bad command #13 (peer_reported): suspicion +0.30 = 0.90
[TRUST] Bad command #14 (peer_reported): suspicion +0.30 = 1.20
[TRUST] Bad command #15 (peer_reported): suspicion +0.30 = 1.50
[TRUST] Trust decayed: trust=0.40, remaining suspicion=0.00
[TRUST] Bad command #16 (peer_reported): suspicion +0.30 = 0.30
[R1] pos=(1127,359) state=follower leader=2 trust=0.40 susp=0.30 cov=17.2%/58.9%
[TRUST] Bad command #17 (peer_reported): suspicion +0.30 = 0.60
[TRUST] Bad command #18 (peer_reported): suspicion +0.30 = 0.90
[TRUST] Bad command #19 (peer_reported): suspicion +0.30 = 1.20
[TRUST] Bad command #20 (peer_reported): suspicion +0.30 = 1.50
[TRUST] Trust decayed: trust=0.20, remaining suspicion=0.00
[TRUST] Bad command #21 (peer_reported): suspicion +0.30 = 0.30
[DETECT] IMPEACHMENT after 21 bad commands, 4.26s from first bad command [Bound: T1=8 cmds, T3=32 cmds]
[IMPEACH] Trust too low (0.20), excluding leader 2 from candidates
[ELECTION] Leader 2 impeached (failures=1)
[ELECTION] New leader: 1
[R1] pos=(1127,306) state=leader leader=1 trust=1.00 susp=0.00 cov=17.2%/60.9%
[R1] pos=(1126,322) state=leader leader=1 trust=1.00 susp=0.00 cov=17.2%/63.5%
[R1] pos=(1126,322) state=leader leader=1 trust=1.00 susp=0.00 cov=17.2%/63.5%
[R1] pos=(1126,316) state=leader leader=1 trust=1.00 susp=0.00 cov=17.2%/65.1%
[R1] pos=(1126,310) state=leader leader=1 trust=1.00 susp=0.00 cov=17.2%/65.6%
[R1] pos=(1126,310) state=leader leader=1 trust=1.00 susp=0.00 cov=17.2%/65.6%
[R1] pos=(1126,310) state=leader leader=1 trust=1.00 susp=0.00 cov=17.2%/65.6%
[R1] pos=(1126,310) state=leader leader=1 trust=1.00 susp=0.00 cov=17.2%/65.6%
[R1] pos=(1126,310) state=leader leader=1 trust=1.00 susp=0.00 cov=17.2%/65.6%
[R1] pos=(1126,310) state=leader leader=1 trust=1.00 susp=0.00 cov=17.2%/65.6%
[R1] pos=(1126,310) state=leader leader=1 trust=1.00 susp=0.00 cov=17.2%/65.6%
[R1] pos=(1126,315) state=leader leader=1 trust=1.00 susp=0.00 cov=17.2%/66.1%
[R1] pos=(1126,315) state=leader leader=1 trust=1.00 susp=0.00 cov=17.2%/66.1%
[R1] pos=(1126,315) state=leader leader=1 trust=1.00 susp=0.00 cov=17.2%/66.1%
[R1] pos=(1126,315) state=leader leader=1 trust=1.00 susp=0.00 cov=17.2%/66.1%
[R1] pos=(1126,315) state=leader leader=1 trust=1.00 susp=0.00 cov=17.2%/66.1%
[R1] pos=(1126,315) state=leader leader=1 trust=1.00 susp=0.00 cov=17.2%/66.1%
[R1] pos=(1126,315) state=leader leader=1 trust=1.00 susp=0.00 cov=17.2%/66.1%
[R1] pos=(1126,315) state=leader leader=1 trust=1.00 susp=0.00 cov=17.2%/66.1%
[R1] pos=(1126,315) state=leader leader=1 trust=1.00 susp=0.00 cov=17.2%/66.1%
[R1] pos=(1126,315) state=leader leader=1 trust=1.00 susp=0.00 cov=17.2%/66.1%
[R1] pos=(1126,315) state=leader leader=1 trust=1.00 susp=0.00 cov=17.2%/66.1%
[R1] pos=(1126,315) state=leader leader=1 trust=1.00 susp=0.00 cov=17.2%/66.1%
[R1] pos=(1126,315) state=leader leader=1 trust=1.00 susp=0.00 cov=17.2%/66.1%
[R1] pos=(1126,315) state=leader leader=1 trust=1.00 susp=0.00 cov=17.2%/66.1%
[R1] pos=(1126,315) state=leader leader=1 trust=1.00 susp=0.00 cov=17.2%/66.1%
[R1] pos=(1126,315) state=leader leader=1 trust=1.00 susp=0.00 cov=17.2%/66.1%
[R1] pos=(1126,315) state=leader leader=1 trust=1.00 susp=0.00 cov=17.2%/66.1%
[R1] pos=(1126,315) state=leader leader=1 trust=1.00 susp=0.00 cov=17.2%/66.1%
[R1] pos=(1126,315) state=leader leader=1 trust=1.00 susp=0.00 cov=17.2%/66.1%
[R1] pos=(1180,202) state=leader leader=1 trust=1.00 susp=0.00 cov=17.7%/67.2%
[R1] pos=(1180,312) state=leader leader=1 trust=1.00 susp=0.00 cov=17.7%/69.3%
[R1] pos=(1095,728) state=leader leader=1 trust=1.00 susp=0.00 cov=19.8%/75.0%
[R1] pos=(1306,447) state=leader leader=1 trust=1.00 susp=0.00 cov=20.3%/76.6%
[R1] pos=(1315,213) state=leader leader=1 trust=1.00 susp=0.00 cov=23.4%/81.8%
[R1] pos=(1078,75) state=leader leader=1 trust=1.00 susp=0.00 cov=24.5%/83.3%
[R1] pos=(1470,653) state=leader leader=1 trust=1.00 susp=0.00 cov=26.0%/87.0%
[R1] pos=(1562,1043) state=leader leader=1 trust=1.00 susp=0.00 cov=28.1%/91.1%
[R1] pos=(1563,1171) state=leader leader=1 trust=1.00 susp=0.00 cov=31.2%/95.8%
[R1] pos=(1687,873) state=leader leader=1 trust=1.00 susp=0.00 cov=33.9%/100.0%
[R1] pos=(1687,887) state=leader leader=1 trust=1.00 susp=0.00 cov=33.9%/100.0%
[ELECTION] Leader 1 impeached (failures=1)
[ELECTION] New leader: 4
[R1] pos=(1688,1009) state=follower leader=4 trust=1.00 susp=0.00 cov=33.9%/100.0%
