[WARN] Hardware modules not available - running in simulation mode
=== REIP Node - Robot 5 [SIM (unique ports)] ===
Trust Model: Three-tier confidence-weighted
  Personal: 1.0, ToF: 1.0, Peer: 0.3
  Suspicion threshold: 1.5, Recovery: 0.1

  Logging to: logs/robot_5_20260226_211618.jsonl
Initializing hardware...
  Hardware: SIMULATED
[INFO] Position socket listening on port 13105
[INFO] Peer socket listening on port 13205
[INFO] Fault socket listening on port 13305
Ready!

=== DECENTRALIZED MODE - No leader coordination ===
=== Detection Bounds: T1=2 cmds, T3=8 cmds | Impeachment: T1=8 cmds, T3=32 cmds ===
Running... Press Ctrl+C to stop

[R5] pos=(0,0) state=exploring leader=None trust=1.00 susp=0.00 cov=0.0%/0.0%
[R5] pos=(203,1171) state=exploring leader=None trust=1.00 susp=0.00 cov=0.5%/0.5%
[R5] pos=(409,943) state=exploring leader=None trust=1.00 susp=0.00 cov=4.7%/16.1%
[R5] pos=(562,1425) state=exploring leader=None trust=1.00 susp=0.00 cov=7.8%/29.2%
[R5] pos=(663,1425) state=exploring leader=None trust=1.00 susp=0.00 cov=9.9%/38.5%
[R5] pos=(913,1064) state=exploring leader=None trust=1.00 susp=0.00 cov=13.0%/47.4%
[R5] pos=(898,1210) state=exploring leader=None trust=1.00 susp=0.00 cov=14.6%/49.5%
[R5] pos=(897,1148) state=exploring leader=None trust=1.00 susp=0.00 cov=14.6%/49.5%
[R5] pos=(898,1095) state=exploring leader=None trust=1.00 susp=0.00 cov=14.6%/49.5%
[R5] pos=(898,1152) state=exploring leader=None trust=1.00 susp=0.00 cov=14.6%/49.5%
[R5] pos=(898,1064) state=exploring leader=None trust=1.00 susp=0.00 cov=14.6%/49.5%
[R5] pos=(898,1174) state=exploring leader=None trust=1.00 susp=0.00 cov=14.6%/49.5%
[R5] pos=(899,1106) state=exploring leader=None trust=1.00 susp=0.00 cov=14.6%/49.5%
[R5] pos=(899,1018) state=exploring leader=None trust=1.00 susp=0.00 cov=15.1%/49.5%
[R5] pos=(899,939) state=exploring leader=None trust=1.00 susp=0.00 cov=15.1%/49.5%
[R5] pos=(898,826) state=exploring leader=None trust=1.00 susp=0.00 cov=15.6%/49.5%
[R5] pos=(898,722) state=exploring leader=None trust=1.00 susp=0.00 cov=16.1%/49.5%
[R5] pos=(898,901) state=exploring leader=None trust=1.00 susp=0.00 cov=16.1%/49.5%
[R5] pos=(898,814) state=exploring leader=None trust=1.00 susp=0.00 cov=16.1%/49.5%
[R5] pos=(898,900) state=exploring leader=None trust=1.00 susp=0.00 cov=16.1%/49.5%
[R5] pos=(899,850) state=exploring leader=None trust=1.00 susp=0.00 cov=16.1%/49.5%
[R5] pos=(899,936) state=exploring leader=None trust=1.00 susp=0.00 cov=16.1%/49.5%
[R5] pos=(898,974) state=exploring leader=None trust=1.00 susp=0.00 cov=16.1%/49.5%
[R5] pos=(899,952) state=exploring leader=None trust=1.00 susp=0.00 cov=16.1%/49.5%
[R5] pos=(898,903) state=exploring leader=None trust=1.00 susp=0.00 cov=16.1%/49.5%
[R5] pos=(899,836) state=exploring leader=None trust=1.00 susp=0.00 cov=16.1%/49.5%
[R5] pos=(899,816) state=exploring leader=None trust=1.00 susp=0.00 cov=16.1%/49.5%
[R5] pos=(899,813) state=exploring leader=None trust=1.00 susp=0.00 cov=16.1%/49.5%
[R5] pos=(899,596) state=exploring leader=None trust=1.00 susp=0.00 cov=16.7%/49.5%
[R5] pos=(899,687) state=exploring leader=None trust=1.00 susp=0.00 cov=16.7%/49.5%
[R5] pos=(899,807) state=exploring leader=None trust=1.00 susp=0.00 cov=16.7%/49.5%
[R5] pos=(899,775) state=exploring leader=None trust=1.00 susp=0.00 cov=16.7%/49.5%
[R5] pos=(899,591) state=exploring leader=None trust=1.00 susp=0.00 cov=16.7%/49.5%
[R5] pos=(899,565) state=exploring leader=None trust=1.00 susp=0.00 cov=16.7%/49.5%
[R5] pos=(899,565) state=exploring leader=None trust=1.00 susp=0.00 cov=16.7%/49.5%
[R5] pos=(899,565) state=exploring leader=None trust=1.00 susp=0.00 cov=16.7%/49.5%
[R5] pos=(899,565) state=exploring leader=None trust=1.00 susp=0.00 cov=16.7%/49.5%
[R5] pos=(899,565) state=exploring leader=None trust=1.00 susp=0.00 cov=16.7%/49.5%
[R5] pos=(899,565) state=exploring leader=None trust=1.00 susp=0.00 cov=16.7%/49.5%
[R5] pos=(899,565) state=exploring leader=None trust=1.00 susp=0.00 cov=16.7%/49.5%
[R5] pos=(899,565) state=exploring leader=None trust=1.00 susp=0.00 cov=16.7%/49.5%
[R5] pos=(899,565) state=exploring leader=None trust=1.00 susp=0.00 cov=16.7%/49.5%
[R5] pos=(899,565) state=exploring leader=None trust=1.00 susp=0.00 cov=16.7%/49.5%
[R5] pos=(899,565) state=exploring leader=None trust=1.00 susp=0.00 cov=16.7%/49.5%
[R5] pos=(899,565) state=exploring leader=None trust=1.00 susp=0.00 cov=16.7%/49.5%
[R5] pos=(899,565) state=exploring leader=None trust=1.00 susp=0.00 cov=16.7%/49.5%
[R5] pos=(899,565) state=exploring leader=None trust=1.00 susp=0.00 cov=16.7%/49.5%
[R5] pos=(899,565) state=exploring leader=None trust=1.00 susp=0.00 cov=16.7%/49.5%
[R5] pos=(899,565) state=exploring leader=None trust=1.00 susp=0.00 cov=16.7%/49.5%
[R5] pos=(899,565) state=exploring leader=None trust=1.00 susp=0.00 cov=16.7%/49.5%
[R5] pos=(899,565) state=exploring leader=None trust=1.00 susp=0.00 cov=16.7%/49.5%
[R5] pos=(899,565) state=exploring leader=None trust=1.00 susp=0.00 cov=16.7%/49.5%
[R5] pos=(898,438) state=exploring leader=None trust=1.00 susp=0.00 cov=17.2%/49.5%
[R5] pos=(898,397) state=exploring leader=None trust=1.00 susp=0.00 cov=17.7%/49.5%
[R5] pos=(898,347) state=exploring leader=None trust=1.00 susp=0.00 cov=17.7%/49.5%
[R5] pos=(898,350) state=exploring leader=None trust=1.00 susp=0.00 cov=17.7%/49.5%
[R5] pos=(898,403) state=exploring leader=None trust=1.00 susp=0.00 cov=17.7%/49.5%
[R5] pos=(898,437) state=exploring leader=None trust=1.00 susp=0.00 cov=17.7%/49.5%
[R5] pos=(897,659) state=exploring leader=None trust=1.00 susp=0.00 cov=17.7%/52.1%
[R5] pos=(897,685) state=exploring leader=None trust=1.00 susp=0.00 cov=17.7%/52.6%
[R5] pos=(897,628) state=exploring leader=None trust=1.00 susp=0.00 cov=17.7%/54.2%
[R5] pos=(897,628) state=exploring leader=None trust=1.00 susp=0.00 cov=17.7%/54.2%
[R5] pos=(897,628) state=exploring leader=None trust=1.00 susp=0.00 cov=17.7%/54.2%
[R5] pos=(897,628) state=exploring leader=None trust=1.00 susp=0.00 cov=17.7%/54.2%
[R5] pos=(897,628) state=exploring leader=None trust=1.00 susp=0.00 cov=17.7%/54.2%
[R5] pos=(897,628) state=exploring leader=None trust=1.00 susp=0.00 cov=17.7%/54.2%
[R5] pos=(897,628) state=exploring leader=None trust=1.00 susp=0.00 cov=17.7%/54.2%
[R5] pos=(897,628) state=exploring leader=None trust=1.00 susp=0.00 cov=17.7%/54.2%
[R5] pos=(897,628) state=exploring leader=None trust=1.00 susp=0.00 cov=17.7%/54.2%
