[WARN] Hardware modules not available - running in simulation mode
=== REIP Node - Robot 4 [SIM (unique ports)] ===
Trust Model: Three-tier confidence-weighted
  Personal: 1.0, ToF: 1.0, Peer: 0.3
  Suspicion threshold: 1.5, Recovery: 0.1

  Logging to: logs/robot_4_20260226_162143.jsonl
Initializing hardware...
  Hardware: SIMULATED
[INFO] Position socket listening on port 13104
[INFO] Peer socket listening on port 13204
[INFO] Fault socket listening on port 13304
Ready!

=== Detection Bounds: T1=2 cmds, T3=8 cmds | Impeachment: T1=8 cmds, T3=32 cmds ===
Running... Press Ctrl+C to stop

[ELECTION] New leader: 4
[R4] pos=(0,0) state=leader leader=4 trust=1.00 susp=0.00 cov=0.0%/0.0%
[ELECTION] New leader: 1
[R4] pos=(744,553) state=follower leader=1 trust=1.00 susp=0.00 cov=0.5%/0.5%
[R4] pos=(684,314) state=follower leader=1 trust=1.00 susp=0.00 cov=3.1%/14.6%
[R4] pos=(716,75) state=follower leader=1 trust=1.00 susp=0.00 cov=5.2%/21.4%
[R4] pos=(607,75) state=follower leader=1 trust=1.00 susp=0.00 cov=5.2%/26.6%
[R4] pos=(584,75) state=follower leader=1 trust=1.00 susp=0.00 cov=5.2%/33.9%
[R4] pos=(722,75) state=follower leader=1 trust=1.00 susp=0.00 cov=5.2%/42.7%
[R4] pos=(966,75) state=follower leader=1 trust=1.00 susp=0.00 cov=6.2%/54.7%
[R4] pos=(812,421) state=follower leader=1 trust=1.00 susp=0.00 cov=9.4%/68.2%
[R4] pos=(325,687) state=follower leader=1 trust=1.00 susp=0.00 cov=10.9%/76.0%
[R4] pos=(435,457) state=follower leader=1 trust=1.00 susp=0.00 cov=12.5%/84.9%
[R4] pos=(202,437) state=follower leader=1 trust=1.00 susp=0.00 cov=13.5%/88.5%
[R4] pos=(202,437) state=follower leader=1 trust=1.00 susp=0.00 cov=13.5%/88.5%
[R4] pos=(202,437) state=follower leader=1 trust=1.00 susp=0.00 cov=13.5%/88.5%
[R4] pos=(202,437) state=follower leader=1 trust=1.00 susp=0.00 cov=13.5%/88.5%
[R4] pos=(438,313) state=follower leader=1 trust=1.00 susp=0.00 cov=15.1%/90.6%
[R4] pos=(601,119) state=follower leader=1 trust=1.00 susp=0.00 cov=17.2%/96.4%
[TRUST] Bad command #1 (peer_reported): suspicion +0.30 = 0.30
[TRUST] Bad command #2 (peer_reported): suspicion +0.30 = 0.60
[TRUST] Bad command #3 (personal_visited, mpc_direction(0.04)): suspicion +1.04 = 1.64
[DETECT] First trust decay after 3 bad commands (0.42s) [Theoretical bound: T1=2, T3=8]
[TRUST] Trust decayed: trust=0.80, remaining suspicion=0.14
[TRUST] Bad command #4 (peer_reported): suspicion +0.30 = 0.44
[MPC] Moderate mismatch: best alignment 132°, error=0.28
[TRUST] Bad command #5 (peer_reported, mpc_direction(0.28)): suspicion +0.58 = 1.03
[MPC SEVERE] No frontier within 135° of cmd! Best alignment: 138°, error=0.52
[TRUST] Bad command #6 (peer_reported, mpc_severe(0.52)): suspicion +0.82 = 1.85
[TRUST] Trust decayed: trust=0.60, remaining suspicion=0.35
[TRUST] Bad command #7 (peer_reported): suspicion +0.30 = 0.65
[MPC] Moderate mismatch: best alignment 122°, error=0.22
[TRUST] Bad command #8 (personal_visited, mpc_direction(0.22)): suspicion +1.22 = 1.86
[TRUST] Trust decayed: trust=0.40, remaining suspicion=0.36
[TRUST] Bad command #9 (personal_visited): suspicion +1.00 = 1.36
[TRUST] Bad command #10 (peer_reported, mpc_direction(0.01)): suspicion +0.31 = 1.67
[TRUST] Trust decayed: trust=0.20, remaining suspicion=0.17
[DETECT] IMPEACHMENT after 10 bad commands, 1.96s from first bad command [Bound: T1=8 cmds, T3=32 cmds]
[IMPEACH] Trust too low (0.20), excluding leader 1 from candidates
[ELECTION] Leader 1 impeached (failures=1)
[ELECTION] New leader: 4
[R4] pos=(681,384) state=leader leader=4 trust=1.00 susp=0.00 cov=17.2%/97.4%
[ELECTION] Leader 4 impeached (failures=1)
[ELECTION] New leader: 2
[R4] pos=(681,384) state=follower leader=2 trust=1.00 susp=0.00 cov=17.2%/97.4%
[R4] pos=(906,403) state=follower leader=2 trust=1.00 susp=0.00 cov=17.7%/97.4%
[R4] pos=(1280,435) state=follower leader=2 trust=1.00 susp=0.00 cov=19.3%/97.9%
[R4] pos=(1504,326) state=follower leader=2 trust=1.00 susp=0.00 cov=20.3%/99.0%
[R4] pos=(1717,196) state=follower leader=2 trust=1.00 susp=0.00 cov=20.8%/99.0%
[R4] pos=(1824,131) state=follower leader=2 trust=1.00 susp=0.00 cov=21.4%/99.5%
[R4] pos=(1824,131) state=follower leader=2 trust=1.00 susp=0.00 cov=21.4%/99.5%
[R4] pos=(1824,131) state=follower leader=2 trust=1.00 susp=0.00 cov=21.4%/99.5%
[R4] pos=(1824,131) state=follower leader=2 trust=1.00 susp=0.00 cov=21.4%/99.5%
[R4] pos=(1824,131) state=follower leader=2 trust=1.00 susp=0.00 cov=21.4%/99.5%
[R4] pos=(1824,131) state=follower leader=2 trust=1.00 susp=0.00 cov=21.4%/99.5%
[R4] pos=(1824,131) state=follower leader=2 trust=1.00 susp=0.00 cov=21.4%/99.5%
[R4] pos=(1824,131) state=follower leader=2 trust=1.00 susp=0.00 cov=21.4%/99.5%
[R4] pos=(1824,131) state=follower leader=2 trust=1.00 susp=0.00 cov=21.4%/99.5%
[R4] pos=(1824,131) state=follower leader=2 trust=1.00 susp=0.00 cov=21.4%/99.5%
[R4] pos=(1824,131) state=follower leader=2 trust=1.00 susp=0.00 cov=21.4%/99.5%
[R4] pos=(1824,131) state=follower leader=2 trust=1.00 susp=0.00 cov=21.4%/99.5%
[R4] pos=(1824,131) state=follower leader=2 trust=1.00 susp=0.00 cov=21.4%/99.5%
[R4] pos=(1824,131) state=follower leader=2 trust=1.00 susp=0.00 cov=21.4%/99.5%
[R4] pos=(1925,75) state=follower leader=2 trust=1.00 susp=0.00 cov=21.9%/100.0%
[R4] pos=(1925,75) state=follower leader=2 trust=1.00 susp=0.00 cov=21.9%/100.0%
[R4] pos=(1925,75) state=follower leader=2 trust=1.00 susp=0.00 cov=21.9%/100.0%
[R4] pos=(1925,75) state=follower leader=2 trust=1.00 susp=0.00 cov=21.9%/100.0%
[R4] pos=(1925,75) state=follower leader=2 trust=1.00 susp=0.00 cov=21.9%/100.0%
[R4] pos=(1925,75) state=follower leader=2 trust=1.00 susp=0.00 cov=21.9%/100.0%
[R4] pos=(1925,75) state=follower leader=2 trust=1.00 susp=0.00 cov=21.9%/100.0%
[R4] pos=(1925,75) state=follower leader=2 trust=1.00 susp=0.00 cov=21.9%/100.0%
[R4] pos=(1925,75) state=follower leader=2 trust=1.00 susp=0.00 cov=21.9%/100.0%
[R4] pos=(1925,75) state=follower leader=2 trust=1.00 susp=0.00 cov=21.9%/100.0%
[R4] pos=(1925,75) state=follower leader=2 trust=1.00 susp=0.00 cov=21.9%/100.0%
[R4] pos=(1925,75) state=follower leader=2 trust=1.00 susp=0.00 cov=21.9%/100.0%
[R4] pos=(1925,75) state=follower leader=2 trust=1.00 susp=0.00 cov=21.9%/100.0%
[R4] pos=(1925,75) state=follower leader=2 trust=1.00 susp=0.00 cov=21.9%/100.0%
[R4] pos=(1925,75) state=follower leader=2 trust=1.00 susp=0.00 cov=21.9%/100.0%
[R4] pos=(1925,75) state=follower leader=2 trust=1.00 susp=0.00 cov=21.9%/100.0%
[R4] pos=(1925,75) state=follower leader=2 trust=1.00 susp=0.00 cov=21.9%/100.0%
[R4] pos=(1925,75) state=follower leader=2 trust=1.00 susp=0.00 cov=21.9%/100.0%
[R4] pos=(1925,75) state=follower leader=2 trust=1.00 susp=0.00 cov=21.9%/100.0%
[R4] pos=(1925,75) state=follower leader=2 trust=1.00 susp=0.00 cov=21.9%/100.0%
[R4] pos=(1925,75) state=follower leader=2 trust=1.00 susp=0.00 cov=21.9%/100.0%
[R4] pos=(1925,75) state=follower leader=2 trust=1.00 susp=0.00 cov=21.9%/100.0%
[R4] pos=(1925,75) state=follower leader=2 trust=1.00 susp=0.00 cov=21.9%/100.0%
[R4] pos=(1925,75) state=follower leader=2 trust=1.00 susp=0.00 cov=21.9%/100.0%
