[WARN] Hardware modules not available - running in simulation mode
=== REIP Node - Robot 3 [SIM (unique ports)] ===
Trust Model: Three-tier confidence-weighted
  Personal: 1.0, ToF: 1.0, Peer: 0.3
  Suspicion threshold: 1.5, Recovery: 0.1

  Logging to: logs/robot_3_20260226_185141.jsonl
Initializing hardware...
  Hardware: SIMULATED
[INFO] Position socket listening on port 12103
[INFO] Peer socket listening on port 12203
[INFO] Fault socket listening on port 12303
Ready!

=== Detection Bounds: T1=2 cmds, T3=8 cmds | Impeachment: T1=8 cmds, T3=32 cmds ===
Running... Press Ctrl+C to stop

[ELECTION] New leader: 3
[R3] pos=(0,0) state=leader leader=3 trust=1.00 susp=0.00 cov=0.0%/0.0%
[ELECTION] New leader: 1
[R3] pos=(378,991) state=follower leader=1 trust=1.00 susp=0.00 cov=0.5%/0.5%
[R3] pos=(312,1171) state=follower leader=1 trust=1.00 susp=0.00 cov=2.6%/10.9%
[R3] pos=(75,952) state=follower leader=1 trust=1.00 susp=0.00 cov=5.2%/19.3%
[R3] pos=(88,816) state=follower leader=1 trust=1.00 susp=0.00 cov=6.8%/30.7%
[R3] pos=(195,478) state=follower leader=1 trust=1.00 susp=0.00 cov=8.9%/39.6%
[R3] pos=(312,449) state=follower leader=1 trust=1.00 susp=0.00 cov=10.9%/47.4%
[R3] pos=(560,702) state=follower leader=1 trust=1.00 susp=0.00 cov=13.5%/56.8%
[R3] pos=(813,930) state=follower leader=1 trust=1.00 susp=0.00 cov=16.7%/68.2%
[R3] pos=(932,1241) state=follower leader=1 trust=1.00 susp=0.00 cov=19.3%/78.6%
[R3] pos=(667,1246) state=follower leader=1 trust=1.00 susp=0.00 cov=21.9%/90.1%
[R3] pos=(416,995) state=follower leader=1 trust=1.00 susp=0.00 cov=23.4%/98.4%
[R3] pos=(75,1250) state=follower leader=1 trust=1.00 susp=0.00 cov=24.0%/100.0%
[R3] pos=(75,1258) state=follower leader=1 trust=1.00 susp=0.00 cov=24.0%/100.0%
[R3] pos=(75,1280) state=follower leader=1 trust=1.00 susp=0.00 cov=24.5%/100.0%
[R3] pos=(75,1372) state=follower leader=1 trust=1.00 susp=0.00 cov=24.5%/100.0%
[R3] pos=(75,1371) state=follower leader=1 trust=1.00 susp=0.00 cov=24.5%/100.0%
[R3] pos=(75,1264) state=follower leader=1 trust=1.00 susp=0.00 cov=24.5%/100.0%
[R3] pos=(75,1257) state=follower leader=1 trust=1.00 susp=0.00 cov=24.5%/100.0%
[R3] pos=(75,1275) state=follower leader=1 trust=1.00 susp=0.00 cov=24.5%/100.0%
[R3] pos=(75,1378) state=follower leader=1 trust=1.00 susp=0.00 cov=24.5%/100.0%
[R3] pos=(75,1371) state=follower leader=1 trust=1.00 susp=0.00 cov=24.5%/100.0%
[R3] pos=(75,1359) state=follower leader=1 trust=1.00 susp=0.00 cov=24.5%/100.0%
[R3] pos=(75,1262) state=follower leader=1 trust=1.00 susp=0.00 cov=24.5%/100.0%
[R3] pos=(75,1264) state=follower leader=1 trust=1.00 susp=0.00 cov=24.5%/100.0%
[R3] pos=(75,1363) state=follower leader=1 trust=1.00 susp=0.00 cov=24.5%/100.0%
[R3] pos=(75,1349) state=follower leader=1 trust=1.00 susp=0.00 cov=24.5%/100.0%
[R3] pos=(75,1351) state=follower leader=1 trust=1.00 susp=0.00 cov=24.5%/100.0%
[R3] pos=(75,1243) state=follower leader=1 trust=1.00 susp=0.00 cov=24.5%/100.0%
[R3] pos=(75,1262) state=follower leader=1 trust=1.00 susp=0.00 cov=24.5%/100.0%
[R3] pos=(75,1265) state=follower leader=1 trust=1.00 susp=0.00 cov=24.5%/100.0%
[R3] pos=(75,1372) state=follower leader=1 trust=1.00 susp=0.00 cov=24.5%/100.0%
[R3] pos=(75,1355) state=follower leader=1 trust=1.00 susp=0.00 cov=24.5%/100.0%
[R3] pos=(75,1358) state=follower leader=1 trust=1.00 susp=0.00 cov=24.5%/100.0%
[R3] pos=(75,1274) state=follower leader=1 trust=1.00 susp=0.00 cov=24.5%/100.0%
[R3] pos=(75,1278) state=follower leader=1 trust=1.00 susp=0.00 cov=24.5%/100.0%
[R3] pos=(75,1370) state=follower leader=1 trust=1.00 susp=0.00 cov=24.5%/100.0%
[R3] pos=(75,1358) state=follower leader=1 trust=1.00 susp=0.00 cov=24.5%/100.0%
[R3] pos=(75,1361) state=follower leader=1 trust=1.00 susp=0.00 cov=24.5%/100.0%
[R3] pos=(75,1264) state=follower leader=1 trust=1.00 susp=0.00 cov=24.5%/100.0%
[R3] pos=(75,1263) state=follower leader=1 trust=1.00 susp=0.00 cov=24.5%/100.0%
[R3] pos=(75,1271) state=follower leader=1 trust=1.00 susp=0.00 cov=24.5%/100.0%
[R3] pos=(75,1363) state=follower leader=1 trust=1.00 susp=0.00 cov=24.5%/100.0%
[R3] pos=(75,1362) state=follower leader=1 trust=1.00 susp=0.00 cov=24.5%/100.0%
[R3] pos=(75,1364) state=follower leader=1 trust=1.00 susp=0.00 cov=24.5%/100.0%
[R3] pos=(75,1258) state=follower leader=1 trust=1.00 susp=0.00 cov=24.5%/100.0%
[R3] pos=(75,1265) state=follower leader=1 trust=1.00 susp=0.00 cov=24.5%/100.0%
[R3] pos=(75,1264) state=follower leader=1 trust=1.00 susp=0.00 cov=24.5%/100.0%
[R3] pos=(75,1369) state=follower leader=1 trust=1.00 susp=0.00 cov=24.5%/100.0%
[R3] pos=(75,1358) state=follower leader=1 trust=1.00 susp=0.00 cov=24.5%/100.0%
[R3] pos=(75,1266) state=follower leader=1 trust=1.00 susp=0.00 cov=24.5%/100.0%
[R3] pos=(75,1266) state=follower leader=1 trust=1.00 susp=0.00 cov=24.5%/100.0%
[R3] pos=(75,1271) state=follower leader=1 trust=1.00 susp=0.00 cov=24.5%/100.0%
[R3] pos=(75,1377) state=follower leader=1 trust=1.00 susp=0.00 cov=24.5%/100.0%
[R3] pos=(75,1371) state=follower leader=1 trust=1.00 susp=0.00 cov=24.5%/100.0%
[R3] pos=(75,1375) state=follower leader=1 trust=1.00 susp=0.00 cov=24.5%/100.0%
[R3] pos=(75,1259) state=follower leader=1 trust=1.00 susp=0.00 cov=24.5%/100.0%
[R3] pos=(75,1256) state=follower leader=1 trust=1.00 susp=0.00 cov=24.5%/100.0%
[R3] pos=(75,1346) state=follower leader=1 trust=1.00 susp=0.00 cov=24.5%/100.0%
[R3] pos=(75,1358) state=follower leader=1 trust=1.00 susp=0.00 cov=24.5%/100.0%
[R3] pos=(75,1366) state=follower leader=1 trust=1.00 susp=0.00 cov=24.5%/100.0%
