[WARN] Hardware modules not available - simulation mode
=== RAFT Baseline - Robot 4 [SIM] ===
NO TRUST. Heartbeat timeout only.

  Logging to: logs/raft_4_20260226_000652.jsonl
Initializing hardware...
  Hardware: SIMULATED
[INFO] Position socket listening on port 15104
[INFO] Peer socket listening on port 15204
[INFO] Fault socket listening on port 15304
Ready!

Running RAFT baseline... Press Ctrl+C to stop

[R4] state=follower leader=None term=0 cov=0.0%/0.0%
[R4] state=follower leader=1 term=1 cov=0.5%/2.6%
[R4] state=follower leader=1 term=1 cov=0.5%/2.6%
[R4] state=follower leader=1 term=1 cov=0.5%/2.6%
[R4] state=follower leader=1 term=1 cov=0.5%/2.6%
[R4] state=follower leader=1 term=1 cov=0.5%/2.6%
[R4] state=follower leader=1 term=1 cov=0.5%/2.6%
[R4] state=follower leader=1 term=1 cov=0.5%/2.6%
[R4] state=follower leader=1 term=1 cov=0.5%/2.6%
[R4] state=follower leader=1 term=1 cov=0.5%/2.6%
[R4] state=follower leader=1 term=1 cov=0.5%/2.6%
[R4] state=follower leader=1 term=1 cov=0.5%/2.6%
[R4] state=follower leader=1 term=1 cov=0.5%/2.6%
[R4] state=follower leader=1 term=1 cov=0.5%/2.6%
[R4] state=follower leader=1 term=1 cov=0.5%/2.6%
[R4] state=follower leader=1 term=1 cov=0.5%/2.6%
[R4] state=follower leader=1 term=1 cov=0.5%/2.6%
[R4] state=follower leader=1 term=1 cov=1.0%/5.7%
[R4] state=follower leader=1 term=1 cov=1.6%/8.9%
[R4] state=follower leader=1 term=1 cov=2.1%/12.5%
[R4] state=follower leader=1 term=1 cov=3.1%/17.7%
[R4] state=follower leader=1 term=1 cov=3.1%/18.2%
[R4] state=follower leader=1 term=1 cov=3.6%/20.3%
[R4] state=follower leader=1 term=1 cov=4.7%/25.5%
[R4] state=follower leader=1 term=1 cov=5.7%/29.2%
[R4] state=follower leader=1 term=1 cov=6.8%/34.4%
[R4] state=follower leader=1 term=1 cov=7.3%/37.0%
[R4] state=follower leader=1 term=1 cov=7.8%/39.6%
[R4] state=follower leader=1 term=1 cov=7.8%/40.6%
[R4] state=follower leader=1 term=1 cov=8.9%/43.2%
[R4] state=follower leader=1 term=1 cov=9.4%/46.4%
[R4] state=follower leader=1 term=1 cov=9.4%/46.4%
[R4] state=follower leader=1 term=1 cov=9.4%/46.4%
[R4] state=follower leader=1 term=1 cov=9.4%/46.4%
[R4] state=follower leader=1 term=1 cov=9.4%/46.4%
[R4] state=follower leader=1 term=1 cov=9.4%/46.4%
[R4] state=follower leader=1 term=1 cov=9.4%/46.4%
[R4] state=follower leader=1 term=1 cov=9.4%/46.4%
[R4] state=follower leader=1 term=1 cov=9.4%/46.4%
[R4] state=follower leader=1 term=1 cov=9.4%/46.4%
[R4] state=follower leader=1 term=1 cov=9.4%/46.4%
[R4] state=follower leader=1 term=1 cov=9.4%/46.4%
[R4] state=follower leader=1 term=1 cov=9.4%/46.4%
[R4] state=follower leader=1 term=1 cov=9.4%/46.4%
[R4] state=follower leader=1 term=1 cov=9.4%/46.4%
[R4] state=follower leader=1 term=1 cov=9.4%/46.4%
[R4] state=follower leader=1 term=1 cov=9.4%/46.4%
[R4] state=follower leader=1 term=1 cov=9.4%/46.4%
[R4] state=follower leader=1 term=1 cov=9.4%/46.4%
[R4] state=follower leader=1 term=1 cov=9.4%/46.4%
[R4] state=follower leader=1 term=1 cov=9.4%/46.4%
[R4] state=follower leader=1 term=1 cov=9.4%/46.4%
[R4] state=follower leader=1 term=1 cov=9.4%/47.4%
[R4] state=follower leader=1 term=1 cov=9.4%/47.4%
[R4] state=follower leader=1 term=1 cov=9.4%/47.4%
[R4] state=follower leader=1 term=1 cov=9.4%/47.4%
[R4] state=follower leader=1 term=1 cov=9.4%/47.4%
[R4] state=follower leader=1 term=1 cov=9.4%/47.4%
[R4] state=follower leader=1 term=1 cov=9.4%/47.4%
[R4] state=follower leader=1 term=1 cov=9.4%/47.4%
[R4] state=follower leader=1 term=1 cov=9.4%/47.4%
[R4] state=follower leader=1 term=1 cov=9.4%/47.4%
[R4] state=follower leader=1 term=1 cov=9.4%/47.4%
[R4] state=follower leader=1 term=1 cov=9.4%/47.4%
[R4] state=follower leader=1 term=1 cov=9.4%/47.4%
[R4] state=follower leader=1 term=1 cov=9.4%/47.4%
[R4] state=follower leader=1 term=1 cov=9.4%/47.4%
