[WARN] Hardware modules not available - running in simulation mode
=== REIP Node - Robot 5 [SIM (unique ports)] ===
Trust Model: Three-tier confidence-weighted
  Personal: 1.0, ToF: 1.0, Peer: 0.3
  Suspicion threshold: 1.5, Recovery: 0.1

  Logging to: logs/robot_5_20260226_081544.jsonl
Initializing hardware...
  Hardware: SIMULATED
[INFO] Position socket listening on port 6105
[INFO] Peer socket listening on port 6205
[INFO] Fault socket listening on port 6305
Ready!

=== Detection Bounds: T1=2 cmds, T3=8 cmds | Impeachment: T1=8 cmds, T3=32 cmds ===
Running... Press Ctrl+C to stop

[ELECTION] New leader: 5
[R5] pos=(0,0) state=leader leader=5 trust=1.00 susp=0.00 cov=0.0%/0.0%
[ELECTION] New leader: 1
[R5] pos=(1178,931) state=follower leader=1 trust=1.00 susp=0.00 cov=0.5%/0.5%
[R5] pos=(1191,1062) state=follower leader=1 trust=1.00 susp=0.00 cov=2.6%/14.1%
[R5] pos=(1517,926) state=follower leader=1 trust=1.00 susp=0.00 cov=4.7%/27.6%
[R5] pos=(1673,1074) state=follower leader=1 trust=1.00 susp=0.00 cov=6.8%/36.5%
[R5] pos=(1732,1098) state=follower leader=1 trust=1.00 susp=0.00 cov=7.8%/43.8%
[R5] pos=(1735,1093) state=follower leader=1 trust=1.00 susp=0.00 cov=7.8%/51.6%
[R5] pos=(1925,1193) state=follower leader=1 trust=1.00 susp=0.00 cov=9.9%/62.0%
[R5] pos=(1899,699) state=follower leader=1 trust=1.00 susp=0.00 cov=11.5%/67.2%
[R5] pos=(1560,999) state=follower leader=1 trust=1.00 susp=0.00 cov=13.0%/70.8%
[R5] pos=(780,1425) state=follower leader=1 trust=1.00 susp=0.00 cov=16.7%/76.0%
[R5] pos=(324,1315) state=follower leader=1 trust=1.00 susp=0.00 cov=20.3%/86.5%
[R5] pos=(123,1263) state=follower leader=1 trust=1.00 susp=0.00 cov=23.4%/94.3%
[R5] pos=(248,454) state=follower leader=1 trust=1.00 susp=0.00 cov=26.6%/99.0%
[R5] pos=(385,75) state=follower leader=1 trust=1.00 susp=0.00 cov=28.1%/100.0%
[R5] pos=(487,75) state=follower leader=1 trust=1.00 susp=0.00 cov=28.1%/100.0%
[R5] pos=(475,75) state=follower leader=1 trust=1.00 susp=0.00 cov=28.1%/100.0%
[R5] pos=(484,75) state=follower leader=1 trust=1.00 susp=0.00 cov=28.6%/100.0%
[R5] pos=(393,75) state=follower leader=1 trust=1.00 susp=0.00 cov=28.6%/100.0%
[R5] pos=(380,75) state=follower leader=1 trust=1.00 susp=0.00 cov=28.6%/100.0%
[R5] pos=(381,75) state=follower leader=1 trust=1.00 susp=0.00 cov=28.6%/100.0%
[R5] pos=(492,75) state=follower leader=1 trust=1.00 susp=0.00 cov=28.6%/100.0%
[R5] pos=(473,75) state=follower leader=1 trust=1.00 susp=0.00 cov=28.6%/100.0%
[R5] pos=(403,75) state=follower leader=1 trust=1.00 susp=0.00 cov=29.2%/100.0%
[R5] pos=(406,75) state=follower leader=1 trust=1.00 susp=0.00 cov=29.2%/100.0%
[R5] pos=(401,75) state=follower leader=1 trust=1.00 susp=0.00 cov=29.2%/100.0%
[R5] pos=(495,75) state=follower leader=1 trust=1.00 susp=0.00 cov=29.2%/100.0%
[R5] pos=(471,75) state=follower leader=1 trust=1.00 susp=0.00 cov=29.2%/100.0%
[R5] pos=(497,75) state=follower leader=1 trust=1.00 susp=0.00 cov=29.2%/100.0%
[R5] pos=(384,75) state=follower leader=1 trust=1.00 susp=0.00 cov=29.2%/100.0%
[R5] pos=(389,75) state=follower leader=1 trust=1.00 susp=0.00 cov=29.2%/100.0%
[R5] pos=(483,75) state=follower leader=1 trust=1.00 susp=0.00 cov=29.2%/100.0%
[R5] pos=(495,75) state=follower leader=1 trust=1.00 susp=0.00 cov=29.2%/100.0%
[R5] pos=(480,75) state=follower leader=1 trust=1.00 susp=0.00 cov=29.2%/100.0%
[R5] pos=(406,75) state=follower leader=1 trust=1.00 susp=0.00 cov=29.2%/100.0%
[R5] pos=(379,75) state=follower leader=1 trust=1.00 susp=0.00 cov=29.2%/100.0%
[R5] pos=(387,75) state=follower leader=1 trust=1.00 susp=0.00 cov=29.2%/100.0%
[R5] pos=(492,75) state=follower leader=1 trust=1.00 susp=0.00 cov=29.2%/100.0%
[R5] pos=(395,75) state=follower leader=1 trust=1.00 susp=0.00 cov=29.2%/100.0%
[R5] pos=(481,75) state=follower leader=1 trust=1.00 susp=0.00 cov=29.2%/100.0%
[R5] pos=(503,75) state=follower leader=1 trust=1.00 susp=0.00 cov=29.2%/100.0%
[R5] pos=(368,75) state=follower leader=1 trust=1.00 susp=0.00 cov=29.2%/100.0%
[R5] pos=(473,75) state=follower leader=1 trust=1.00 susp=0.00 cov=29.2%/100.0%
[R5] pos=(391,75) state=follower leader=1 trust=1.00 susp=0.00 cov=29.2%/100.0%
[R5] pos=(489,75) state=follower leader=1 trust=1.00 susp=0.00 cov=29.2%/100.0%
[R5] pos=(388,75) state=follower leader=1 trust=1.00 susp=0.00 cov=29.2%/100.0%
[R5] pos=(488,75) state=follower leader=1 trust=1.00 susp=0.00 cov=29.2%/100.0%
[R5] pos=(488,75) state=follower leader=1 trust=1.00 susp=0.00 cov=29.2%/100.0%
[R5] pos=(488,75) state=follower leader=1 trust=1.00 susp=0.00 cov=29.2%/100.0%
[R5] pos=(488,75) state=follower leader=1 trust=1.00 susp=0.00 cov=29.2%/100.0%
[R5] pos=(366,75) state=follower leader=1 trust=1.00 susp=0.00 cov=29.2%/100.0%
[R5] pos=(366,75) state=follower leader=1 trust=1.00 susp=0.00 cov=29.2%/100.0%
[R5] pos=(383,75) state=follower leader=1 trust=1.00 susp=0.00 cov=29.2%/100.0%
[R5] pos=(389,75) state=follower leader=1 trust=1.00 susp=0.00 cov=29.2%/100.0%
[R5] pos=(493,75) state=follower leader=1 trust=1.00 susp=0.00 cov=29.2%/100.0%
[R5] pos=(403,75) state=follower leader=1 trust=1.00 susp=0.00 cov=29.2%/100.0%
[R5] pos=(500,75) state=follower leader=1 trust=1.00 susp=0.00 cov=29.2%/100.0%
[R5] pos=(500,75) state=follower leader=1 trust=1.00 susp=0.00 cov=29.2%/100.0%
[R5] pos=(393,75) state=follower leader=1 trust=1.00 susp=0.00 cov=29.2%/100.0%
[R5] pos=(467,75) state=follower leader=1 trust=1.00 susp=0.00 cov=29.2%/100.0%
[R5] pos=(384,75) state=follower leader=1 trust=1.00 susp=0.00 cov=29.2%/100.0%
