[WARN] Hardware modules not available - running in simulation mode
=== REIP Node - Robot 2 [SIM (unique ports)] ===
Trust Model: Three-tier confidence-weighted
  Personal: 1.0, ToF: 1.0, Peer: 0.3
  Suspicion threshold: 1.5, Recovery: 0.1

  Logging to: logs/robot_2_20260226_191907.jsonl
Initializing hardware...
  Hardware: SIMULATED
[INFO] Position socket listening on port 12102
[INFO] Peer socket listening on port 12202
[INFO] Fault socket listening on port 12302
Ready!

=== DECENTRALIZED MODE - No leader coordination ===
=== Detection Bounds: T1=2 cmds, T3=8 cmds | Impeachment: T1=8 cmds, T3=32 cmds ===
Running... Press Ctrl+C to stop

[R2] pos=(0,0) state=exploring leader=None trust=1.00 susp=0.00 cov=0.0%/0.0%
[R2] pos=(1383,259) state=exploring leader=None trust=1.00 susp=0.00 cov=0.5%/0.5%
[R2] pos=(996,243) state=exploring leader=None trust=1.00 susp=0.00 cov=3.1%/17.2%
[R2] pos=(507,208) state=exploring leader=None trust=1.00 susp=0.00 cov=6.2%/30.7%
[R2] pos=(733,75) state=exploring leader=None trust=1.00 susp=0.00 cov=8.3%/39.6%
[R2] pos=(1339,103) state=exploring leader=None trust=1.00 susp=0.00 cov=13.0%/51.6%
[R2] pos=(1404,566) state=exploring leader=None trust=1.00 susp=0.00 cov=17.2%/62.0%
[R2] pos=(801,812) state=exploring leader=None trust=1.00 susp=0.00 cov=20.8%/73.4%
[R2] pos=(570,936) state=exploring leader=None trust=1.00 susp=0.00 cov=24.0%/82.3%
[R2] pos=(1482,1098) state=exploring leader=None trust=1.00 susp=0.00 cov=27.6%/88.5%
[R2] pos=(1925,508) state=exploring leader=None trust=1.00 susp=0.00 cov=31.2%/94.8%
[R2] pos=(1791,128) state=exploring leader=None trust=1.00 susp=0.00 cov=34.4%/100.0%
[R2] pos=(1925,75) state=exploring leader=None trust=1.00 susp=0.00 cov=34.9%/100.0%
[R2] pos=(1925,75) state=exploring leader=None trust=1.00 susp=0.00 cov=34.9%/100.0%
[R2] pos=(1925,75) state=exploring leader=None trust=1.00 susp=0.00 cov=34.9%/100.0%
[R2] pos=(1925,75) state=exploring leader=None trust=1.00 susp=0.00 cov=34.9%/100.0%
[R2] pos=(1925,75) state=exploring leader=None trust=1.00 susp=0.00 cov=34.9%/100.0%
[R2] pos=(1925,75) state=exploring leader=None trust=1.00 susp=0.00 cov=34.9%/100.0%
[R2] pos=(1925,75) state=exploring leader=None trust=1.00 susp=0.00 cov=34.9%/100.0%
[R2] pos=(1925,75) state=exploring leader=None trust=1.00 susp=0.00 cov=34.9%/100.0%
[R2] pos=(1925,75) state=exploring leader=None trust=1.00 susp=0.00 cov=34.9%/100.0%
[R2] pos=(1925,75) state=exploring leader=None trust=1.00 susp=0.00 cov=34.9%/100.0%
[R2] pos=(1925,75) state=exploring leader=None trust=1.00 susp=0.00 cov=34.9%/100.0%
[R2] pos=(1925,75) state=exploring leader=None trust=1.00 susp=0.00 cov=34.9%/100.0%
[R2] pos=(1925,75) state=exploring leader=None trust=1.00 susp=0.00 cov=34.9%/100.0%
[R2] pos=(1925,75) state=exploring leader=None trust=1.00 susp=0.00 cov=34.9%/100.0%
[R2] pos=(1925,75) state=exploring leader=None trust=1.00 susp=0.00 cov=34.9%/100.0%
[R2] pos=(1925,75) state=exploring leader=None trust=1.00 susp=0.00 cov=34.9%/100.0%
[R2] pos=(1925,75) state=exploring leader=None trust=1.00 susp=0.00 cov=34.9%/100.0%
[R2] pos=(1925,75) state=exploring leader=None trust=1.00 susp=0.00 cov=34.9%/100.0%
[R2] pos=(1925,75) state=exploring leader=None trust=1.00 susp=0.00 cov=34.9%/100.0%
[R2] pos=(1925,75) state=exploring leader=None trust=1.00 susp=0.00 cov=34.9%/100.0%
[R2] pos=(1925,75) state=exploring leader=None trust=1.00 susp=0.00 cov=34.9%/100.0%
[R2] pos=(1925,75) state=exploring leader=None trust=1.00 susp=0.00 cov=34.9%/100.0%
[R2] pos=(1925,75) state=exploring leader=None trust=1.00 susp=0.00 cov=34.9%/100.0%
[R2] pos=(1925,75) state=exploring leader=None trust=1.00 susp=0.00 cov=34.9%/100.0%
[R2] pos=(1925,75) state=exploring leader=None trust=1.00 susp=0.00 cov=34.9%/100.0%
[R2] pos=(1925,75) state=exploring leader=None trust=1.00 susp=0.00 cov=34.9%/100.0%
[R2] pos=(1925,75) state=exploring leader=None trust=1.00 susp=0.00 cov=34.9%/100.0%
[R2] pos=(1925,75) state=exploring leader=None trust=1.00 susp=0.00 cov=34.9%/100.0%
[R2] pos=(1925,75) state=exploring leader=None trust=1.00 susp=0.00 cov=34.9%/100.0%
[R2] pos=(1925,75) state=exploring leader=None trust=1.00 susp=0.00 cov=34.9%/100.0%
[R2] pos=(1925,75) state=exploring leader=None trust=1.00 susp=0.00 cov=34.9%/100.0%
[R2] pos=(1925,75) state=exploring leader=None trust=1.00 susp=0.00 cov=34.9%/100.0%
[R2] pos=(1925,75) state=exploring leader=None trust=1.00 susp=0.00 cov=34.9%/100.0%
[R2] pos=(1925,75) state=exploring leader=None trust=1.00 susp=0.00 cov=34.9%/100.0%
[R2] pos=(1925,75) state=exploring leader=None trust=1.00 susp=0.00 cov=34.9%/100.0%
[R2] pos=(1925,75) state=exploring leader=None trust=1.00 susp=0.00 cov=34.9%/100.0%
[R2] pos=(1925,75) state=exploring leader=None trust=1.00 susp=0.00 cov=34.9%/100.0%
[R2] pos=(1925,75) state=exploring leader=None trust=1.00 susp=0.00 cov=34.9%/100.0%
[R2] pos=(1925,75) state=exploring leader=None trust=1.00 susp=0.00 cov=34.9%/100.0%
[R2] pos=(1925,75) state=exploring leader=None trust=1.00 susp=0.00 cov=34.9%/100.0%
[R2] pos=(1925,75) state=exploring leader=None trust=1.00 susp=0.00 cov=34.9%/100.0%
[R2] pos=(1925,75) state=exploring leader=None trust=1.00 susp=0.00 cov=34.9%/100.0%
[R2] pos=(1925,75) state=exploring leader=None trust=1.00 susp=0.00 cov=34.9%/100.0%
[R2] pos=(1925,75) state=exploring leader=None trust=1.00 susp=0.00 cov=34.9%/100.0%
[R2] pos=(1925,75) state=exploring leader=None trust=1.00 susp=0.00 cov=34.9%/100.0%
[R2] pos=(1925,75) state=exploring leader=None trust=1.00 susp=0.00 cov=34.9%/100.0%
[R2] pos=(1925,75) state=exploring leader=None trust=1.00 susp=0.00 cov=34.9%/100.0%
[R2] pos=(1925,75) state=exploring leader=None trust=1.00 susp=0.00 cov=34.9%/100.0%
[R2] pos=(1925,75) state=exploring leader=None trust=1.00 susp=0.00 cov=34.9%/100.0%
[R2] pos=(1925,75) state=exploring leader=None trust=1.00 susp=0.00 cov=34.9%/100.0%
