[WARN] Hardware modules not available - simulation mode
=== RAFT Baseline - Robot 1 [SIM] ===
NO TRUST. Heartbeat timeout only.

  Logging to: logs/raft_1_20260226_171305.jsonl
Initializing hardware...
  Hardware: SIMULATED
[INFO] Position socket listening on port 19101
[INFO] Peer socket listening on port 19201
[INFO] Fault socket listening on port 19301
Ready!

Running RAFT baseline... Press Ctrl+C to stop

[R1] state=follower leader=None term=0 cov=0.0%/0.0%
[R1] state=follower leader=2 term=1 cov=0.5%/2.1%
[R1] state=follower leader=2 term=1 cov=0.5%/2.1%
[R1] state=follower leader=2 term=1 cov=0.5%/2.1%
[R1] state=follower leader=2 term=1 cov=0.5%/2.1%
[R1] state=follower leader=2 term=1 cov=0.5%/2.1%
[R1] state=follower leader=2 term=1 cov=0.5%/2.1%
[R1] state=follower leader=2 term=1 cov=0.5%/2.1%
[R1] state=follower leader=2 term=1 cov=0.5%/2.1%
[R1] state=follower leader=2 term=1 cov=0.5%/2.1%
[R1] state=follower leader=2 term=1 cov=0.5%/2.1%
[R1] state=follower leader=2 term=1 cov=0.5%/2.1%
[R1] state=follower leader=2 term=1 cov=0.5%/2.1%
[R1] state=follower leader=2 term=1 cov=0.5%/2.1%
[R1] state=follower leader=2 term=1 cov=0.5%/2.1%
[R1] state=follower leader=2 term=1 cov=0.5%/2.1%
[R1] state=follower leader=2 term=1 cov=0.5%/2.1%
[R1] state=follower leader=2 term=1 cov=0.5%/2.1%
[R1] state=follower leader=2 term=1 cov=0.5%/2.1%
[R1] state=follower leader=2 term=1 cov=0.5%/2.1%
[R1] state=follower leader=2 term=1 cov=0.5%/2.1%
[R1] state=follower leader=2 term=1 cov=0.5%/2.1%
[R1] state=follower leader=2 term=1 cov=0.5%/2.1%
[FAULT] BAD_LEADER mode - will send bad assignments (Raft CANNOT detect this)
[R1] state=follower leader=2 term=1 cov=1.6%/6.2%
[R1] state=follower leader=2 term=1 cov=3.6%/18.2%
[R1] state=follower leader=2 term=1 cov=5.2%/25.5%
[R1] state=follower leader=2 term=1 cov=6.2%/32.3%
[R1] state=follower leader=2 term=1 cov=8.9%/43.2%
[R1] state=follower leader=2 term=1 cov=9.9%/47.4%
[R1] state=follower leader=2 term=1 cov=10.9%/53.1%
[R1] state=follower leader=2 term=1 cov=13.0%/63.5%
[R1] state=follower leader=2 term=1 cov=15.6%/72.9%
[R1] state=follower leader=2 term=1 cov=17.7%/83.3%
[R1] state=follower leader=2 term=1 cov=18.8%/89.1%
[R1] state=follower leader=2 term=1 cov=20.3%/94.3%
[R1] state=follower leader=2 term=1 cov=20.8%/95.3%
[R1] state=follower leader=2 term=1 cov=20.8%/95.3%
[R1] state=follower leader=2 term=1 cov=20.8%/95.3%
[R1] state=follower leader=2 term=1 cov=20.8%/95.3%
[R1] state=follower leader=2 term=1 cov=20.8%/95.3%
[R1] state=follower leader=2 term=1 cov=20.8%/95.3%
[R1] state=follower leader=2 term=1 cov=20.8%/95.3%
[R1] state=follower leader=2 term=1 cov=20.8%/95.3%
[R1] state=follower leader=2 term=1 cov=20.8%/95.3%
[R1] state=follower leader=2 term=1 cov=20.8%/95.3%
[R1] state=follower leader=2 term=1 cov=20.8%/95.3%
[R1] state=follower leader=2 term=1 cov=22.4%/100.0%
[R1] state=follower leader=2 term=1 cov=22.4%/100.0%
[R1] state=follower leader=2 term=1 cov=22.4%/100.0%
[R1] state=follower leader=2 term=1 cov=22.4%/100.0%
[R1] state=follower leader=2 term=1 cov=22.4%/100.0%
[R1] state=follower leader=2 term=1 cov=22.4%/100.0%
[R1] state=follower leader=2 term=1 cov=22.4%/100.0%
[R1] state=follower leader=2 term=1 cov=22.4%/100.0%
[R1] state=follower leader=2 term=1 cov=22.4%/100.0%
[R1] state=follower leader=2 term=1 cov=22.4%/100.0%
[R1] state=follower leader=2 term=1 cov=22.4%/100.0%
[R1] state=follower leader=2 term=1 cov=22.4%/100.0%
[R1] state=follower leader=2 term=1 cov=22.4%/100.0%
[R1] state=follower leader=2 term=1 cov=22.4%/100.0%
[R1] state=follower leader=2 term=1 cov=22.4%/100.0%
[R1] state=follower leader=2 term=1 cov=22.4%/100.0%
[R1] state=follower leader=2 term=1 cov=22.4%/100.0%
[R1] state=follower leader=2 term=1 cov=22.4%/100.0%
[R1] state=follower leader=2 term=1 cov=22.4%/100.0%
[R1] state=follower leader=2 term=1 cov=22.4%/100.0%
[R1] state=follower leader=2 term=1 cov=22.4%/100.0%
[R1] state=follower leader=2 term=1 cov=22.4%/100.0%
[R1] state=follower leader=2 term=1 cov=22.4%/100.0%
[R1] state=follower leader=2 term=1 cov=22.4%/100.0%
[R1] state=follower leader=2 term=1 cov=22.4%/100.0%
[R1] state=follower leader=2 term=1 cov=22.4%/100.0%
[R1] state=follower leader=2 term=1 cov=22.4%/100.0%
