[WARN] Hardware modules not available - running in simulation mode
=== REIP Node - Robot 1 [SIM (unique ports)] ===
Trust Model: Three-tier confidence-weighted
  Personal: 1.0, ToF: 1.0, Peer: 0.3
  Suspicion threshold: 1.5, Recovery: 0.1

  Logging to: logs/robot_1_20260226_174058.jsonl
Initializing hardware...
  Hardware: SIMULATED
[INFO] Position socket listening on port 18101
[INFO] Peer socket listening on port 18201
[INFO] Fault socket listening on port 18301
Ready!

=== Detection Bounds: T1=2 cmds, T3=8 cmds | Impeachment: T1=8 cmds, T3=32 cmds ===
Running... Press Ctrl+C to stop

[ELECTION] New leader: 1
[R1] pos=(0,0) state=leader leader=1 trust=1.00 susp=0.00 cov=0.0%/0.0%
[R1] pos=(716,574) state=leader leader=1 trust=1.00 susp=0.00 cov=0.5%/0.5%
[R1] pos=(827,328) state=leader leader=1 trust=1.00 susp=0.00 cov=3.1%/12.5%
[R1] pos=(1178,688) state=leader leader=1 trust=1.00 susp=0.00 cov=5.7%/24.0%
[R1] pos=(1274,974) state=leader leader=1 trust=1.00 susp=0.00 cov=8.9%/35.9%
[R1] pos=(1643,1053) state=leader leader=1 trust=1.00 susp=0.00 cov=12.0%/47.4%
[R1] pos=(1925,1063) state=leader leader=1 trust=1.00 susp=0.00 cov=14.6%/62.0%
[R1] pos=(1621,1425) state=leader leader=1 trust=1.00 susp=0.00 cov=18.2%/76.6%
[R1] pos=(1017,1425) state=leader leader=1 trust=1.00 susp=0.00 cov=22.4%/88.0%
[R1] pos=(1053,1070) state=leader leader=1 trust=1.00 susp=0.00 cov=25.0%/95.3%
[R1] pos=(1750,536) state=leader leader=1 trust=1.00 susp=0.00 cov=27.6%/99.0%
[R1] pos=(1925,565) state=leader leader=1 trust=1.00 susp=0.00 cov=28.1%/100.0%
[R1] pos=(1925,565) state=leader leader=1 trust=1.00 susp=0.00 cov=28.1%/100.0%
[R1] pos=(1925,565) state=leader leader=1 trust=1.00 susp=0.00 cov=28.1%/100.0%
[R1] pos=(1925,565) state=leader leader=1 trust=1.00 susp=0.00 cov=28.1%/100.0%
[R1] pos=(1925,565) state=leader leader=1 trust=1.00 susp=0.00 cov=28.1%/100.0%
[R1] pos=(1925,565) state=leader leader=1 trust=1.00 susp=0.00 cov=28.1%/100.0%
[FAULT] BAD_LEADER mode activated - will send bad assignments
[BAD_LEADER] Sending 5 robots to EXPLORED cells: [(62.5, 312.5), (1312.5, 937.5), (312.5, 187.5)]...
[BAD_LEADER] Sending 5 robots to EXPLORED cells: [(1687.5, 1187.5), (812.5, 1437.5), (1187.5, 687.5)]...
[BAD_LEADER] Sending 5 robots to EXPLORED cells: [(1562.5, 1187.5), (1812.5, 437.5), (312.5, 687.5)]...
[BAD_LEADER] Sending 5 robots to EXPLORED cells: [(1562.5, 312.5), (62.5, 562.5), (1562.5, 812.5)]...
[BAD_LEADER] Sending 5 robots to EXPLORED cells: [(1437.5, 437.5), (1062.5, 1187.5), (1687.5, 1062.5)]...
[BAD_LEADER] Sending 5 robots to EXPLORED cells: [(1437.5, 312.5), (1562.5, 937.5), (1937.5, 812.5)]...
[BAD_LEADER] Sending 5 robots to EXPLORED cells: [(1687.5, 1187.5), (562.5, 937.5), (937.5, 937.5)]...
[BAD_LEADER] Sending 5 robots to EXPLORED cells: [(1062.5, 62.5), (437.5, 62.5), (812.5, 562.5)]...
[BAD_LEADER] Sending 5 robots to EXPLORED cells: [(1562.5, 187.5), (1187.5, 812.5), (312.5, 1312.5)]...
[BAD_LEADER] Sending 5 robots to EXPLORED cells: [(1437.5, 437.5), (687.5, 62.5), (1812.5, 187.5)]...
[R1] pos=(1523,540) state=leader leader=1 trust=1.00 susp=0.00 cov=29.2%/100.0%
[BAD_LEADER] Sending 5 robots to EXPLORED cells: [(812.5, 1312.5), (687.5, 312.5), (1687.5, 312.5)]...
[BAD_LEADER] Sending 5 robots to EXPLORED cells: [(1437.5, 1312.5), (1437.5, 687.5), (1062.5, 1312.5)]...
[BAD_LEADER] Sending 5 robots to EXPLORED cells: [(1562.5, 1062.5), (812.5, 1062.5), (1562.5, 437.5)]...
[BAD_LEADER] Sending 5 robots to EXPLORED cells: [(1062.5, 437.5), (812.5, 1187.5), (62.5, 812.5)]...
[BAD_LEADER] Sending 5 robots to EXPLORED cells: [(1937.5, 437.5), (1062.5, 1187.5), (187.5, 1437.5)]...
[BAD_LEADER] Sending 5 robots to EXPLORED cells: [(1187.5, 562.5), (1187.5, 1312.5), (937.5, 812.5)]...
[BAD_LEADER] Sending 5 robots to EXPLORED cells: [(1687.5, 312.5), (1937.5, 812.5), (437.5, 312.5)]...
[BAD_LEADER] Sending 5 robots to EXPLORED cells: [(1687.5, 562.5), (1187.5, 687.5), (1312.5, 812.5)]...
[BAD_LEADER] Sending 5 robots to EXPLORED cells: [(1312.5, 1437.5), (937.5, 1187.5), (562.5, 1062.5)]...
[BAD_LEADER] Sending 5 robots to EXPLORED cells: [(187.5, 1062.5), (1812.5, 812.5), (1437.5, 312.5)]...
[R1] pos=(1521,547) state=leader leader=1 trust=1.00 susp=0.00 cov=31.8%/100.0%
[BAD_LEADER] Sending 5 robots to EXPLORED cells: [(1937.5, 687.5), (1187.5, 1187.5), (187.5, 937.5)]...
[BAD_LEADER] Sending 5 robots to EXPLORED cells: [(437.5, 1062.5), (312.5, 1187.5), (1187.5, 1187.5)]...
[BAD_LEADER] Sending 5 robots to EXPLORED cells: [(812.5, 1312.5), (687.5, 812.5), (1312.5, 812.5)]...
[BAD_LEADER] Sending 5 robots to EXPLORED cells: [(687.5, 1312.5), (1937.5, 1312.5), (187.5, 812.5)]...
[BAD_LEADER] Sending 5 robots to EXPLORED cells: [(62.5, 687.5), (1187.5, 1062.5), (1937.5, 1437.5)]...
[BAD_LEADER] Sending 5 robots to EXPLORED cells: [(437.5, 812.5), (1937.5, 1437.5), (812.5, 62.5)]...
[BAD_LEADER] Sending 5 robots to EXPLORED cells: [(437.5, 437.5), (687.5, 1437.5), (937.5, 812.5)]...
[BAD_LEADER] Sending 5 robots to EXPLORED cells: [(1812.5, 1312.5), (1937.5, 1437.5), (1562.5, 562.5)]...
[BAD_LEADER] Sending 5 robots to EXPLORED cells: [(1187.5, 312.5), (1687.5, 1062.5), (562.5, 187.5)]...
[R1] pos=(968,780) state=leader leader=1 trust=1.00 susp=0.00 cov=32.8%/100.0%
[BAD_LEADER] Sending 5 robots to EXPLORED cells: [(562.5, 1062.5), (1937.5, 1312.5), (1687.5, 562.5)]...
[BAD_LEADER] Sending 5 robots to EXPLORED cells: [(1812.5, 1187.5), (437.5, 687.5), (1437.5, 562.5)]...
[BAD_LEADER] Sending 5 robots to EXPLORED cells: [(562.5, 1437.5), (812.5, 437.5), (187.5, 1062.5)]...
[BAD_LEADER] Sending 5 robots to EXPLORED cells: [(187.5, 187.5), (1937.5, 937.5), (812.5, 1437.5)]...
[BAD_LEADER] Sending 5 robots to EXPLORED cells: [(1687.5, 62.5), (1437.5, 937.5), (1937.5, 1187.5)]...
[BAD_LEADER] Sending 5 robots to EXPLORED cells: [(187.5, 562.5), (437.5, 1312.5), (1062.5, 437.5)]...
[BAD_LEADER] Sending 5 robots to EXPLORED cells: [(1937.5, 62.5), (562.5, 937.5), (687.5, 812.5)]...
[BAD_LEADER] Sending 5 robots to EXPLORED cells: [(1687.5, 562.5), (937.5, 187.5), (1062.5, 687.5)]...
[BAD_LEADER] Sending 5 robots to EXPLORED cells: [(1687.5, 812.5), (1812.5, 1437.5), (1562.5, 1312.5)]...
[BAD_LEADER] Sending 5 robots to EXPLORED cells: [(1437.5, 687.5), (1312.5, 312.5), (1312.5, 812.5)]...
[R1] pos=(1099,669) state=leader leader=1 trust=1.00 susp=0.00 cov=32.8%/100.0%
[BAD_LEADER] Sending 5 robots to EXPLORED cells: [(312.5, 1312.5), (812.5, 687.5), (687.5, 1437.5)]...
[BAD_LEADER] Sending 5 robots to EXPLORED cells: [(562.5, 187.5), (437.5, 1187.5), (1812.5, 1312.5)]...
[BAD_LEADER] Sending 5 robots to EXPLORED cells: [(437.5, 312.5), (562.5, 312.5), (1187.5, 1312.5)]...
[BAD_LEADER] Sending 5 robots to EXPLORED cells: [(812.5, 312.5), (1062.5, 1062.5), (1562.5, 187.5)]...
[BAD_LEADER] Sending 5 robots to EXPLORED cells: [(1562.5, 312.5), (1437.5, 312.5), (1437.5, 312.5)]...
[BAD_LEADER] Sending 5 robots to EXPLORED cells: [(437.5, 312.5), (187.5, 1312.5), (1437.5, 1062.5)]...
[BAD_LEADER] Sending 5 robots to EXPLORED cells: [(312.5, 687.5), (1812.5, 312.5), (1312.5, 1437.5)]...
[BAD_LEADER] Sending 5 robots to EXPLORED cells: [(1312.5, 1312.5), (1687.5, 437.5), (1312.5, 687.5)]...
[BAD_LEADER] Sending 5 robots to EXPLORED cells: [(812.5, 1312.5), (312.5, 687.5), (1812.5, 187.5)]...
[R1] pos=(924,594) state=leader leader=1 trust=1.00 susp=0.00 cov=32.8%/100.0%
[BAD_LEADER] Sending 5 robots to EXPLORED cells: [(937.5, 812.5), (1937.5, 62.5), (62.5, 937.5)]...
[BAD_LEADER] Sending 5 robots to EXPLORED cells: [(937.5, 187.5), (1937.5, 687.5), (437.5, 1437.5)]...
[BAD_LEADER] Sending 5 robots to EXPLORED cells: [(62.5, 1437.5), (937.5, 687.5), (1187.5, 937.5)]...
[BAD_LEADER] Sending 5 robots to EXPLORED cells: [(687.5, 187.5), (1937.5, 312.5), (1687.5, 312.5)]...
[BAD_LEADER] Sending 5 robots to EXPLORED cells: [(687.5, 1062.5), (687.5, 1312.5), (1562.5, 562.5)]...
[BAD_LEADER] Sending 5 robots to EXPLORED cells: [(937.5, 937.5), (1187.5, 687.5), (1312.5, 687.5)]...
[BAD_LEADER] Sending 5 robots to EXPLORED cells: [(62.5, 312.5), (62.5, 812.5), (1687.5, 1062.5)]...
[BAD_LEADER] Sending 5 robots to EXPLORED cells: [(62.5, 562.5), (812.5, 312.5), (1062.5, 812.5)]...
[BAD_LEADER] Sending 5 robots to EXPLORED cells: [(1062.5, 62.5), (187.5, 1312.5), (1937.5, 1062.5)]...
[BAD_LEADER] Sending 5 robots to EXPLORED cells: [(1812.5, 1312.5), (1687.5, 562.5), (937.5, 1437.5)]...
[R1] pos=(671,747) state=leader leader=1 trust=1.00 susp=0.00 cov=34.4%/100.0%
[BAD_LEADER] Sending 5 robots to EXPLORED cells: [(1687.5, 1312.5), (1187.5, 812.5), (62.5, 187.5)]...
[BAD_LEADER] Sending 5 robots to EXPLORED cells: [(812.5, 687.5), (187.5, 437.5), (312.5, 1312.5)]...
[BAD_LEADER] Sending 5 robots to EXPLORED cells: [(1187.5, 187.5), (312.5, 1062.5), (312.5, 1187.5)]...
[BAD_LEADER] Sending 5 robots to EXPLORED cells: [(187.5, 1312.5), (1062.5, 62.5), (62.5, 1062.5)]...
[BAD_LEADER] Sending 5 robots to EXPLORED cells: [(437.5, 62.5), (62.5, 312.5), (1562.5, 437.5)]...
[BAD_LEADER] Sending 5 robots to EXPLORED cells: [(187.5, 937.5), (562.5, 562.5), (312.5, 1312.5)]...
[BAD_LEADER] Sending 5 robots to EXPLORED cells: [(62.5, 62.5), (1187.5, 687.5), (187.5, 1187.5)]...
[BAD_LEADER] Sending 5 robots to EXPLORED cells: [(1937.5, 1062.5), (1812.5, 187.5), (62.5, 437.5)]...
[BAD_LEADER] Sending 5 robots to EXPLORED cells: [(437.5, 687.5), (1937.5, 937.5), (1187.5, 312.5)]...
[BAD_LEADER] Sending 5 robots to EXPLORED cells: [(62.5, 562.5), (1562.5, 1062.5), (1187.5, 62.5)]...
[R1] pos=(684,613) state=leader leader=1 trust=1.00 susp=0.00 cov=34.9%/100.0%
[BAD_LEADER] Sending 5 robots to EXPLORED cells: [(1062.5, 312.5), (187.5, 437.5), (62.5, 937.5)]...
[BAD_LEADER] Sending 5 robots to EXPLORED cells: [(187.5, 437.5), (812.5, 562.5), (687.5, 187.5)]...
[BAD_LEADER] Sending 5 robots to EXPLORED cells: [(437.5, 187.5), (187.5, 1187.5), (1937.5, 1312.5)]...
[BAD_LEADER] Sending 5 robots to EXPLORED cells: [(1312.5, 62.5), (812.5, 1187.5), (437.5, 937.5)]...
[BAD_LEADER] Sending 5 robots to EXPLORED cells: [(1312.5, 1437.5), (937.5, 312.5), (1812.5, 562.5)]...
[BAD_LEADER] Sending 5 robots to EXPLORED cells: [(62.5, 687.5), (187.5, 437.5), (1562.5, 937.5)]...
[BAD_LEADER] Sending 5 robots to EXPLORED cells: [(62.5, 1312.5), (437.5, 937.5), (1187.5, 687.5)]...
[BAD_LEADER] Sending 5 robots to EXPLORED cells: [(687.5, 562.5), (1062.5, 937.5), (1312.5, 437.5)]...
[BAD_LEADER] Sending 5 robots to EXPLORED cells: [(1437.5, 812.5), (937.5, 312.5), (1562.5, 187.5)]...
[R1] pos=(467,605) state=leader leader=1 trust=1.00 susp=0.00 cov=37.5%/100.0%
[BAD_LEADER] Sending 5 robots to EXPLORED cells: [(1687.5, 1062.5), (1687.5, 62.5), (1187.5, 937.5)]...
[BAD_LEADER] Sending 5 robots to EXPLORED cells: [(62.5, 62.5), (1812.5, 937.5), (562.5, 312.5)]...
[BAD_LEADER] Sending 5 robots to EXPLORED cells: [(187.5, 562.5), (1187.5, 1187.5), (1187.5, 937.5)]...
[BAD_LEADER] Sending 5 robots to EXPLORED cells: [(1687.5, 937.5), (1812.5, 1312.5), (687.5, 687.5)]...
[BAD_LEADER] Sending 5 robots to EXPLORED cells: [(687.5, 187.5), (1312.5, 312.5), (1562.5, 437.5)]...
[BAD_LEADER] Sending 5 robots to EXPLORED cells: [(62.5, 1312.5), (1937.5, 1312.5), (187.5, 937.5)]...
[BAD_LEADER] Sending 5 robots to EXPLORED cells: [(1437.5, 937.5), (187.5, 1312.5), (1187.5, 437.5)]...
[BAD_LEADER] Sending 5 robots to EXPLORED cells: [(1187.5, 937.5), (812.5, 1437.5), (1312.5, 1437.5)]...
[BAD_LEADER] Sending 5 robots to EXPLORED cells: [(1562.5, 1062.5), (187.5, 62.5), (687.5, 1437.5)]...
[BAD_LEADER] Sending 5 robots to EXPLORED cells: [(1812.5, 1062.5), (1437.5, 562.5), (687.5, 437.5)]...
[R1] pos=(802,682) state=leader leader=1 trust=1.00 susp=0.00 cov=37.5%/100.0%
[BAD_LEADER] Sending 5 robots to EXPLORED cells: [(1687.5, 437.5), (62.5, 1437.5), (562.5, 562.5)]...
[BAD_LEADER] Sending 5 robots to EXPLORED cells: [(62.5, 312.5), (1187.5, 687.5), (1312.5, 312.5)]...
[BAD_LEADER] Sending 5 robots to EXPLORED cells: [(187.5, 1187.5), (62.5, 1437.5), (812.5, 312.5)]...
[BAD_LEADER] Sending 5 robots to EXPLORED cells: [(1187.5, 1312.5), (562.5, 812.5), (1812.5, 312.5)]...
[BAD_LEADER] Sending 5 robots to EXPLORED cells: [(562.5, 187.5), (1187.5, 1437.5), (62.5, 1437.5)]...
[BAD_LEADER] Sending 5 robots to EXPLORED cells: [(1437.5, 1437.5), (1562.5, 1312.5), (1812.5, 1312.5)]...
[BAD_LEADER] Sending 5 robots to EXPLORED cells: [(1312.5, 812.5), (1562.5, 1062.5), (312.5, 937.5)]...
[BAD_LEADER] Sending 5 robots to EXPLORED cells: [(937.5, 687.5), (562.5, 1187.5), (1562.5, 1437.5)]...
[BAD_LEADER] Sending 5 robots to EXPLORED cells: [(1687.5, 1437.5), (1062.5, 62.5), (1062.5, 1062.5)]...
[R1] pos=(985,737) state=leader leader=1 trust=1.00 susp=0.00 cov=37.5%/100.0%
[BAD_LEADER] Sending 5 robots to EXPLORED cells: [(1562.5, 1062.5), (812.5, 937.5), (187.5, 187.5)]...
[BAD_LEADER] Sending 5 robots to EXPLORED cells: [(1687.5, 937.5), (1062.5, 562.5), (562.5, 1187.5)]...
[BAD_LEADER] Sending 5 robots to EXPLORED cells: [(562.5, 1312.5), (187.5, 187.5), (1312.5, 562.5)]...
[BAD_LEADER] Sending 5 robots to EXPLORED cells: [(312.5, 1187.5), (1187.5, 1312.5), (1937.5, 187.5)]...
[BAD_LEADER] Sending 5 robots to EXPLORED cells: [(1437.5, 1187.5), (1312.5, 937.5), (937.5, 437.5)]...
[BAD_LEADER] Sending 5 robots to EXPLORED cells: [(62.5, 187.5), (437.5, 437.5), (562.5, 687.5)]...
[BAD_LEADER] Sending 5 robots to EXPLORED cells: [(687.5, 1437.5), (1562.5, 1187.5), (437.5, 312.5)]...
[BAD_LEADER] Sending 5 robots to EXPLORED cells: [(1062.5, 562.5), (1937.5, 1187.5), (1812.5, 937.5)]...
[BAD_LEADER] Sending 5 robots to EXPLORED cells: [(187.5, 1187.5), (312.5, 1062.5), (187.5, 1187.5)]...
[BAD_LEADER] Sending 5 robots to EXPLORED cells: [(562.5, 1187.5), (1062.5, 1062.5), (562.5, 562.5)]...
[R1] pos=(1011,929) state=leader leader=1 trust=1.00 susp=0.00 cov=38.0%/100.0%
[BAD_LEADER] Sending 5 robots to EXPLORED cells: [(62.5, 437.5), (1937.5, 312.5), (1312.5, 1437.5)]...
[BAD_LEADER] Sending 5 robots to EXPLORED cells: [(1187.5, 187.5), (1812.5, 1312.5), (687.5, 812.5)]...
[BAD_LEADER] Sending 5 robots to EXPLORED cells: [(812.5, 937.5), (1562.5, 1062.5), (1562.5, 187.5)]...
[BAD_LEADER] Sending 5 robots to EXPLORED cells: [(312.5, 1312.5), (1562.5, 1437.5), (1687.5, 1312.5)]...
[BAD_LEADER] Sending 5 robots to EXPLORED cells: [(562.5, 1187.5), (1187.5, 937.5), (187.5, 1312.5)]...
[BAD_LEADER] Sending 5 robots to EXPLORED cells: [(562.5, 1312.5), (62.5, 1437.5), (1437.5, 812.5)]...
[BAD_LEADER] Sending 5 robots to EXPLORED cells: [(562.5, 937.5), (687.5, 937.5), (1437.5, 437.5)]...
[BAD_LEADER] Sending 5 robots to EXPLORED cells: [(1187.5, 1062.5), (312.5, 937.5), (562.5, 437.5)]...
[BAD_LEADER] Sending 5 robots to EXPLORED cells: [(1062.5, 437.5), (1562.5, 312.5), (437.5, 312.5)]...
[BAD_LEADER] Sending 5 robots to EXPLORED cells: [(1312.5, 1312.5), (1937.5, 1312.5), (1312.5, 562.5)]...
[R1] pos=(703,1089) state=leader leader=1 trust=1.00 susp=0.00 cov=41.7%/100.0%
[BAD_LEADER] Sending 5 robots to EXPLORED cells: [(1437.5, 1062.5), (1562.5, 1187.5), (812.5, 1062.5)]...
[BAD_LEADER] Sending 5 robots to EXPLORED cells: [(312.5, 312.5), (1687.5, 437.5), (687.5, 1062.5)]...
[BAD_LEADER] Sending 5 robots to EXPLORED cells: [(1312.5, 812.5), (812.5, 437.5), (937.5, 687.5)]...
[BAD_LEADER] Sending 5 robots to EXPLORED cells: [(1812.5, 437.5), (937.5, 562.5), (1437.5, 937.5)]...
[BAD_LEADER] Sending 5 robots to EXPLORED cells: [(812.5, 62.5), (1187.5, 312.5), (1187.5, 1437.5)]...
[BAD_LEADER] Sending 5 robots to EXPLORED cells: [(62.5, 937.5), (812.5, 937.5), (1812.5, 1187.5)]...
[BAD_LEADER] Sending 5 robots to EXPLORED cells: [(1312.5, 1187.5), (687.5, 437.5), (1437.5, 562.5)]...
[BAD_LEADER] Sending 5 robots to EXPLORED cells: [(1562.5, 687.5), (1187.5, 1062.5), (187.5, 437.5)]...
[BAD_LEADER] Sending 5 robots to EXPLORED cells: [(1812.5, 1187.5), (1437.5, 1312.5), (562.5, 687.5)]...
[R1] pos=(1015,873) state=leader leader=1 trust=1.00 susp=0.00 cov=41.7%/100.0%
[BAD_LEADER] Sending 5 robots to EXPLORED cells: [(1437.5, 187.5), (62.5, 1437.5), (187.5, 1062.5)]...
[BAD_LEADER] Sending 5 robots to EXPLORED cells: [(1437.5, 937.5), (1562.5, 1437.5), (1187.5, 1312.5)]...
[BAD_LEADER] Sending 5 robots to EXPLORED cells: [(687.5, 312.5), (812.5, 562.5), (1062.5, 62.5)]...
[BAD_LEADER] Sending 5 robots to EXPLORED cells: [(687.5, 687.5), (437.5, 1062.5), (1437.5, 437.5)]...
[BAD_LEADER] Sending 5 robots to EXPLORED cells: [(1937.5, 1437.5), (312.5, 562.5), (687.5, 937.5)]...
[BAD_LEADER] Sending 5 robots to EXPLORED cells: [(437.5, 562.5), (1437.5, 1187.5), (312.5, 437.5)]...
[BAD_LEADER] Sending 5 robots to EXPLORED cells: [(1687.5, 937.5), (312.5, 1312.5), (1062.5, 937.5)]...
[BAD_LEADER] Sending 5 robots to EXPLORED cells: [(1812.5, 687.5), (687.5, 187.5), (187.5, 1437.5)]...
[BAD_LEADER] Sending 5 robots to EXPLORED cells: [(1562.5, 937.5), (812.5, 437.5), (562.5, 812.5)]...
[BAD_LEADER] Sending 5 robots to EXPLORED cells: [(437.5, 1437.5), (562.5, 562.5), (562.5, 312.5)]...
[R1] pos=(1312,791) state=leader leader=1 trust=1.00 susp=0.00 cov=41.7%/100.0%
[BAD_LEADER] Sending 5 robots to EXPLORED cells: [(937.5, 1187.5), (1687.5, 562.5), (62.5, 437.5)]...
[BAD_LEADER] Sending 5 robots to EXPLORED cells: [(1687.5, 312.5), (1062.5, 437.5), (1687.5, 1062.5)]...
[BAD_LEADER] Sending 5 robots to EXPLORED cells: [(1937.5, 1437.5), (687.5, 1437.5), (1187.5, 562.5)]...
[BAD_LEADER] Sending 5 robots to EXPLORED cells: [(1812.5, 937.5), (1812.5, 937.5), (1937.5, 937.5)]...
[BAD_LEADER] Sending 5 robots to EXPLORED cells: [(437.5, 312.5), (937.5, 1437.5), (1812.5, 937.5)]...
[BAD_LEADER] Sending 5 robots to EXPLORED cells: [(812.5, 312.5), (62.5, 562.5), (1312.5, 1062.5)]...
[BAD_LEADER] Sending 5 robots to EXPLORED cells: [(1812.5, 937.5), (1687.5, 62.5), (1812.5, 812.5)]...
[BAD_LEADER] Sending 5 robots to EXPLORED cells: [(1812.5, 187.5), (1062.5, 1312.5), (1062.5, 687.5)]...
[BAD_LEADER] Sending 5 robots to EXPLORED cells: [(1937.5, 1062.5), (312.5, 937.5), (1187.5, 1062.5)]...
[R1] pos=(1475,744) state=leader leader=1 trust=1.00 susp=0.00 cov=42.7%/100.0%
[BAD_LEADER] Sending 5 robots to EXPLORED cells: [(812.5, 312.5), (312.5, 1312.5), (187.5, 437.5)]...
[BAD_LEADER] Sending 5 robots to EXPLORED cells: [(312.5, 62.5), (937.5, 62.5), (1437.5, 187.5)]...
[BAD_LEADER] Sending 5 robots to EXPLORED cells: [(437.5, 812.5), (1937.5, 687.5), (62.5, 312.5)]...
[BAD_LEADER] Sending 5 robots to EXPLORED cells: [(1687.5, 1187.5), (1812.5, 187.5), (1312.5, 437.5)]...
[BAD_LEADER] Sending 5 robots to EXPLORED cells: [(1062.5, 812.5), (1687.5, 1062.5), (1312.5, 1187.5)]...
[BAD_LEADER] Sending 5 robots to EXPLORED cells: [(1437.5, 312.5), (1062.5, 1437.5), (937.5, 312.5)]...
[BAD_LEADER] Sending 5 robots to EXPLORED cells: [(937.5, 62.5), (1312.5, 312.5), (437.5, 62.5)]...
[BAD_LEADER] Sending 5 robots to EXPLORED cells: [(1062.5, 62.5), (1687.5, 1437.5), (187.5, 687.5)]...
[BAD_LEADER] Sending 5 robots to EXPLORED cells: [(812.5, 937.5), (1312.5, 562.5), (437.5, 187.5)]...
[BAD_LEADER] Sending 5 robots to EXPLORED cells: [(687.5, 1312.5), (1687.5, 687.5), (62.5, 937.5)]...
[R1] pos=(1201,504) state=leader leader=1 trust=1.00 susp=0.00 cov=43.8%/100.0%
[BAD_LEADER] Sending 5 robots to EXPLORED cells: [(1687.5, 937.5), (1437.5, 562.5), (1687.5, 62.5)]...
[BAD_LEADER] Sending 5 robots to EXPLORED cells: [(437.5, 62.5), (937.5, 812.5), (187.5, 562.5)]...
[BAD_LEADER] Sending 5 robots to EXPLORED cells: [(62.5, 187.5), (312.5, 187.5), (437.5, 1062.5)]...
[BAD_LEADER] Sending 5 robots to EXPLORED cells: [(1187.5, 312.5), (1437.5, 62.5), (1687.5, 62.5)]...
[BAD_LEADER] Sending 5 robots to EXPLORED cells: [(437.5, 312.5), (62.5, 437.5), (562.5, 437.5)]...
[BAD_LEADER] Sending 5 robots to EXPLORED cells: [(437.5, 937.5), (62.5, 437.5), (1312.5, 1062.5)]...
[BAD_LEADER] Sending 5 robots to EXPLORED cells: [(187.5, 1437.5), (187.5, 937.5), (1437.5, 687.5)]...
[BAD_LEADER] Sending 5 robots to EXPLORED cells: [(812.5, 1312.5), (1687.5, 1187.5), (1437.5, 312.5)]...
[BAD_LEADER] Sending 5 robots to EXPLORED cells: [(1812.5, 937.5), (1562.5, 1187.5), (437.5, 187.5)]...
[BAD_LEADER] Sending 5 robots to EXPLORED cells: [(437.5, 687.5), (437.5, 937.5), (1687.5, 1062.5)]...
[R1] pos=(822,732) state=leader leader=1 trust=1.00 susp=0.00 cov=43.8%/100.0%
[BAD_LEADER] Sending 5 robots to EXPLORED cells: [(312.5, 812.5), (1187.5, 1312.5), (1562.5, 1312.5)]...
[BAD_LEADER] Sending 5 robots to EXPLORED cells: [(1312.5, 437.5), (437.5, 1062.5), (312.5, 562.5)]...
[BAD_LEADER] Sending 5 robots to EXPLORED cells: [(1812.5, 1437.5), (937.5, 62.5), (312.5, 562.5)]...
[BAD_LEADER] Sending 5 robots to EXPLORED cells: [(1937.5, 62.5), (937.5, 687.5), (187.5, 1312.5)]...
[BAD_LEADER] Sending 5 robots to EXPLORED cells: [(1437.5, 562.5), (437.5, 687.5), (562.5, 312.5)]...
[BAD_LEADER] Sending 5 robots to EXPLORED cells: [(187.5, 1312.5), (62.5, 1312.5), (1937.5, 1437.5)]...
[BAD_LEADER] Sending 5 robots to EXPLORED cells: [(1312.5, 1437.5), (1437.5, 1187.5), (312.5, 687.5)]...
[BAD_LEADER] Sending 5 robots to EXPLORED cells: [(1937.5, 1437.5), (1687.5, 437.5), (1812.5, 812.5)]...
[BAD_LEADER] Sending 5 robots to EXPLORED cells: [(1812.5, 62.5), (1812.5, 937.5), (937.5, 312.5)]...
[R1] pos=(1129,893) state=leader leader=1 trust=1.00 susp=0.00 cov=44.3%/100.0%
[BAD_LEADER] Sending 5 robots to EXPLORED cells: [(62.5, 437.5), (62.5, 687.5), (1687.5, 1062.5)]...
[BAD_LEADER] Sending 5 robots to EXPLORED cells: [(312.5, 187.5), (687.5, 1312.5), (1812.5, 562.5)]...
[BAD_LEADER] Sending 5 robots to EXPLORED cells: [(1562.5, 1187.5), (937.5, 812.5), (1437.5, 812.5)]...
[BAD_LEADER] Sending 5 robots to EXPLORED cells: [(437.5, 562.5), (62.5, 812.5), (687.5, 312.5)]...
[BAD_LEADER] Sending 5 robots to EXPLORED cells: [(187.5, 812.5), (937.5, 1437.5), (437.5, 62.5)]...
[BAD_LEADER] Sending 5 robots to EXPLORED cells: [(562.5, 62.5), (62.5, 812.5), (1937.5, 1437.5)]...
[BAD_LEADER] Sending 5 robots to EXPLORED cells: [(1812.5, 1187.5), (562.5, 1187.5), (937.5, 1312.5)]...
[BAD_LEADER] Sending 5 robots to EXPLORED cells: [(1312.5, 62.5), (1062.5, 1312.5), (1937.5, 1187.5)]...
[BAD_LEADER] Sending 5 robots to EXPLORED cells: [(437.5, 187.5), (62.5, 562.5), (1562.5, 1437.5)]...
[BAD_LEADER] Sending 5 robots to EXPLORED cells: [(187.5, 1187.5), (1812.5, 1062.5), (312.5, 62.5)]...
[R1] pos=(987,610) state=leader leader=1 trust=1.00 susp=0.00 cov=44.3%/100.0%
[BAD_LEADER] Sending 5 robots to EXPLORED cells: [(562.5, 562.5), (562.5, 687.5), (187.5, 1437.5)]...
[BAD_LEADER] Sending 5 robots to EXPLORED cells: [(437.5, 187.5), (312.5, 1187.5), (312.5, 1187.5)]...
[BAD_LEADER] Sending 5 robots to EXPLORED cells: [(812.5, 187.5), (437.5, 1187.5), (1062.5, 187.5)]...
[BAD_LEADER] Sending 5 robots to EXPLORED cells: [(187.5, 187.5), (1812.5, 812.5), (1437.5, 62.5)]...
[BAD_LEADER] Sending 5 robots to EXPLORED cells: [(1437.5, 562.5), (1312.5, 312.5), (1812.5, 1312.5)]...
[BAD_LEADER] Sending 5 robots to EXPLORED cells: [(312.5, 1437.5), (1312.5, 937.5), (937.5, 62.5)]...
[BAD_LEADER] Sending 5 robots to EXPLORED cells: [(437.5, 1437.5), (1812.5, 437.5), (1437.5, 1062.5)]...
[BAD_LEADER] Sending 5 robots to EXPLORED cells: [(1562.5, 187.5), (187.5, 1312.5), (562.5, 937.5)]...
[BAD_LEADER] Sending 5 robots to EXPLORED cells: [(1437.5, 312.5), (687.5, 1437.5), (1312.5, 62.5)]...
[BAD_LEADER] Sending 5 robots to EXPLORED cells: [(1562.5, 437.5), (1437.5, 437.5), (562.5, 1312.5)]...
[R1] pos=(761,549) state=leader leader=1 trust=1.00 susp=0.00 cov=44.3%/100.0%
[BAD_LEADER] Sending 5 robots to EXPLORED cells: [(1812.5, 1437.5), (1187.5, 437.5), (187.5, 1437.5)]...
[BAD_LEADER] Sending 5 robots to EXPLORED cells: [(1062.5, 437.5), (1812.5, 312.5), (437.5, 812.5)]...
[BAD_LEADER] Sending 5 robots to EXPLORED cells: [(1937.5, 1437.5), (1687.5, 1437.5), (1562.5, 687.5)]...
[BAD_LEADER] Sending 5 robots to EXPLORED cells: [(1687.5, 62.5), (1187.5, 62.5), (62.5, 562.5)]...
[BAD_LEADER] Sending 5 robots to EXPLORED cells: [(937.5, 1187.5), (1812.5, 1437.5), (812.5, 687.5)]...
[BAD_LEADER] Sending 5 robots to EXPLORED cells: [(1812.5, 187.5), (1687.5, 437.5), (812.5, 562.5)]...
[BAD_LEADER] Sending 5 robots to EXPLORED cells: [(62.5, 62.5), (1687.5, 812.5), (1062.5, 312.5)]...
[BAD_LEADER] Sending 5 robots to EXPLORED cells: [(1687.5, 1062.5), (812.5, 1437.5), (312.5, 1437.5)]...
[BAD_LEADER] Sending 5 robots to EXPLORED cells: [(1312.5, 562.5), (187.5, 437.5), (1187.5, 312.5)]...
[R1] pos=(1151,500) state=leader leader=1 trust=1.00 susp=0.00 cov=45.3%/100.0%
[BAD_LEADER] Sending 5 robots to EXPLORED cells: [(1062.5, 437.5), (62.5, 1062.5), (187.5, 62.5)]...
[BAD_LEADER] Sending 5 robots to EXPLORED cells: [(1812.5, 1062.5), (62.5, 937.5), (1437.5, 1062.5)]...
[BAD_LEADER] Sending 5 robots to EXPLORED cells: [(1687.5, 937.5), (562.5, 1312.5), (437.5, 62.5)]...
[BAD_LEADER] Sending 5 robots to EXPLORED cells: [(1812.5, 437.5), (1812.5, 1312.5), (312.5, 1062.5)]...
[BAD_LEADER] Sending 5 robots to EXPLORED cells: [(1812.5, 437.5), (437.5, 937.5), (62.5, 187.5)]...
[BAD_LEADER] Sending 5 robots to EXPLORED cells: [(1562.5, 1062.5), (62.5, 1437.5), (1812.5, 187.5)]...
[BAD_LEADER] Sending 5 robots to EXPLORED cells: [(562.5, 1437.5), (1187.5, 937.5), (1937.5, 937.5)]...
[BAD_LEADER] Sending 5 robots to EXPLORED cells: [(1312.5, 687.5), (1937.5, 312.5), (187.5, 187.5)]...
[BAD_LEADER] Sending 5 robots to EXPLORED cells: [(187.5, 937.5), (1312.5, 812.5), (187.5, 937.5)]...
[BAD_LEADER] Sending 5 robots to EXPLORED cells: [(1937.5, 437.5), (1687.5, 1437.5), (1687.5, 812.5)]...
[R1] pos=(1385,706) state=leader leader=1 trust=1.00 susp=0.00 cov=45.3%/100.0%
[BAD_LEADER] Sending 5 robots to EXPLORED cells: [(1562.5, 1187.5), (312.5, 187.5), (1562.5, 312.5)]...
[BAD_LEADER] Sending 5 robots to EXPLORED cells: [(1687.5, 687.5), (1437.5, 1187.5), (437.5, 437.5)]...
[BAD_LEADER] Sending 5 robots to EXPLORED cells: [(562.5, 937.5), (812.5, 562.5), (812.5, 62.5)]...
[BAD_LEADER] Sending 5 robots to EXPLORED cells: [(1062.5, 937.5), (62.5, 687.5), (1312.5, 1062.5)]...
[BAD_LEADER] Sending 5 robots to EXPLORED cells: [(437.5, 1437.5), (1437.5, 1437.5), (187.5, 62.5)]...
[BAD_LEADER] Sending 5 robots to EXPLORED cells: [(687.5, 1062.5), (437.5, 62.5), (1687.5, 437.5)]...
[BAD_LEADER] Sending 5 robots to EXPLORED cells: [(1062.5, 937.5), (812.5, 437.5), (687.5, 937.5)]...
[BAD_LEADER] Sending 5 robots to EXPLORED cells: [(1187.5, 437.5), (187.5, 1437.5), (1062.5, 437.5)]...
[BAD_LEADER] Sending 5 robots to EXPLORED cells: [(1312.5, 437.5), (62.5, 562.5), (562.5, 62.5)]...
[BAD_LEADER] Sending 5 robots to EXPLORED cells: [(687.5, 1312.5), (1687.5, 187.5), (1312.5, 187.5)]...
[R1] pos=(1077,839) state=leader leader=1 trust=1.00 susp=0.00 cov=45.3%/100.0%
[BAD_LEADER] Sending 5 robots to EXPLORED cells: [(1562.5, 562.5), (812.5, 437.5), (562.5, 437.5)]...
[BAD_LEADER] Sending 5 robots to EXPLORED cells: [(437.5, 187.5), (1937.5, 187.5), (937.5, 812.5)]...
[BAD_LEADER] Sending 5 robots to EXPLORED cells: [(437.5, 1437.5), (687.5, 437.5), (1187.5, 1437.5)]...
[BAD_LEADER] Sending 5 robots to EXPLORED cells: [(687.5, 937.5), (1812.5, 187.5), (1312.5, 62.5)]...
[BAD_LEADER] Sending 5 robots to EXPLORED cells: [(1312.5, 62.5), (1812.5, 1437.5), (1937.5, 312.5)]...
[BAD_LEADER] Sending 5 robots to EXPLORED cells: [(1937.5, 1062.5), (1312.5, 937.5), (1812.5, 187.5)]...
[BAD_LEADER] Sending 5 robots to EXPLORED cells: [(1187.5, 187.5), (812.5, 562.5), (687.5, 1437.5)]...
[BAD_LEADER] Sending 5 robots to EXPLORED cells: [(1687.5, 562.5), (62.5, 937.5), (1062.5, 187.5)]...
[BAD_LEADER] Sending 5 robots to EXPLORED cells: [(1937.5, 312.5), (1062.5, 812.5), (1562.5, 687.5)]...
[R1] pos=(1083,685) state=leader leader=1 trust=1.00 susp=0.00 cov=45.3%/100.0%
[BAD_LEADER] Sending 5 robots to EXPLORED cells: [(1312.5, 1187.5), (1062.5, 1187.5), (312.5, 562.5)]...
[BAD_LEADER] Sending 5 robots to EXPLORED cells: [(312.5, 1437.5), (1437.5, 937.5), (187.5, 687.5)]...
[BAD_LEADER] Sending 5 robots to EXPLORED cells: [(437.5, 1062.5), (1437.5, 1312.5), (687.5, 687.5)]...
[BAD_LEADER] Sending 5 robots to EXPLORED cells: [(1312.5, 312.5), (1687.5, 1437.5), (1062.5, 812.5)]...
[BAD_LEADER] Sending 5 robots to EXPLORED cells: [(1312.5, 62.5), (1187.5, 437.5), (312.5, 1437.5)]...
[BAD_LEADER] Sending 5 robots to EXPLORED cells: [(1562.5, 1312.5), (1312.5, 62.5), (1687.5, 187.5)]...
[BAD_LEADER] Sending 5 robots to EXPLORED cells: [(1812.5, 62.5), (687.5, 187.5), (312.5, 1187.5)]...
[BAD_LEADER] Sending 5 robots to EXPLORED cells: [(62.5, 62.5), (1937.5, 312.5), (62.5, 1437.5)]...
[BAD_LEADER] Sending 5 robots to EXPLORED cells: [(937.5, 1062.5), (1937.5, 62.5), (1812.5, 62.5)]...
[BAD_LEADER] Sending 5 robots to EXPLORED cells: [(437.5, 687.5), (1312.5, 1062.5), (312.5, 1187.5)]...
[R1] pos=(1200,591) state=leader leader=1 trust=1.00 susp=0.00 cov=45.3%/100.0%
[BAD_LEADER] Sending 5 robots to EXPLORED cells: [(1437.5, 937.5), (687.5, 1312.5), (687.5, 1187.5)]...
[BAD_LEADER] Sending 5 robots to EXPLORED cells: [(562.5, 812.5), (1312.5, 1187.5), (1562.5, 62.5)]...
[BAD_LEADER] Sending 5 robots to EXPLORED cells: [(437.5, 562.5), (187.5, 312.5), (187.5, 687.5)]...
[BAD_LEADER] Sending 5 robots to EXPLORED cells: [(312.5, 937.5), (1812.5, 62.5), (937.5, 1312.5)]...
[BAD_LEADER] Sending 5 robots to EXPLORED cells: [(1812.5, 437.5), (1687.5, 312.5), (187.5, 1312.5)]...
[BAD_LEADER] Sending 5 robots to EXPLORED cells: [(187.5, 562.5), (1187.5, 1062.5), (1812.5, 687.5)]...
[BAD_LEADER] Sending 5 robots to EXPLORED cells: [(1312.5, 937.5), (1437.5, 937.5), (1687.5, 1062.5)]...
[BAD_LEADER] Sending 5 robots to EXPLORED cells: [(437.5, 812.5), (1437.5, 812.5), (1562.5, 1312.5)]...
[BAD_LEADER] Sending 5 robots to EXPLORED cells: [(1437.5, 562.5), (687.5, 562.5), (1687.5, 437.5)]...
[R1] pos=(925,745) state=leader leader=1 trust=1.00 susp=0.00 cov=45.3%/100.0%
[BAD_LEADER] Sending 5 robots to EXPLORED cells: [(1312.5, 1062.5), (1687.5, 62.5), (937.5, 1437.5)]...
[BAD_LEADER] Sending 5 robots to EXPLORED cells: [(1437.5, 437.5), (1687.5, 312.5), (1187.5, 687.5)]...
[BAD_LEADER] Sending 5 robots to EXPLORED cells: [(937.5, 312.5), (687.5, 812.5), (687.5, 1187.5)]...
[BAD_LEADER] Sending 5 robots to EXPLORED cells: [(1687.5, 312.5), (187.5, 1187.5), (1187.5, 1437.5)]...
[BAD_LEADER] Sending 5 robots to EXPLORED cells: [(187.5, 937.5), (1312.5, 1187.5), (562.5, 937.5)]...
[BAD_LEADER] Sending 5 robots to EXPLORED cells: [(1812.5, 1437.5), (62.5, 187.5), (1812.5, 187.5)]...
[BAD_LEADER] Sending 5 robots to EXPLORED cells: [(62.5, 687.5), (1312.5, 437.5), (687.5, 812.5)]...
[BAD_LEADER] Sending 5 robots to EXPLORED cells: [(1937.5, 562.5), (187.5, 1437.5), (562.5, 312.5)]...
[BAD_LEADER] Sending 5 robots to EXPLORED cells: [(1062.5, 62.5), (1812.5, 437.5), (62.5, 687.5)]...
[BAD_LEADER] Sending 5 robots to EXPLORED cells: [(1687.5, 62.5), (312.5, 687.5), (1062.5, 937.5)]...
[R1] pos=(1093,682) state=leader leader=1 trust=1.00 susp=0.00 cov=45.3%/100.0%
[BAD_LEADER] Sending 5 robots to EXPLORED cells: [(437.5, 1062.5), (312.5, 187.5), (937.5, 437.5)]...
[BAD_LEADER] Sending 5 robots to EXPLORED cells: [(812.5, 1062.5), (437.5, 1187.5), (312.5, 562.5)]...
[BAD_LEADER] Sending 5 robots to EXPLORED cells: [(1187.5, 812.5), (1562.5, 1312.5), (687.5, 312.5)]...
[BAD_LEADER] Sending 5 robots to EXPLORED cells: [(937.5, 1062.5), (187.5, 437.5), (812.5, 937.5)]...
[BAD_LEADER] Sending 5 robots to EXPLORED cells: [(62.5, 187.5), (1687.5, 1437.5), (437.5, 1437.5)]...
[BAD_LEADER] Sending 5 robots to EXPLORED cells: [(812.5, 1312.5), (1687.5, 1312.5), (1312.5, 1312.5)]...
[BAD_LEADER] Sending 5 robots to EXPLORED cells: [(1312.5, 62.5), (1187.5, 1062.5), (187.5, 312.5)]...
[BAD_LEADER] Sending 5 robots to EXPLORED cells: [(1062.5, 1187.5), (1562.5, 937.5), (437.5, 1062.5)]...
[BAD_LEADER] Sending 5 robots to EXPLORED cells: [(687.5, 1312.5), (62.5, 687.5), (1187.5, 1312.5)]...
[BAD_LEADER] Sending 5 robots to EXPLORED cells: [(1687.5, 62.5), (562.5, 437.5), (1312.5, 1312.5)]...
[R1] pos=(988,766) state=leader leader=1 trust=1.00 susp=0.00 cov=45.3%/100.0%
[BAD_LEADER] Sending 5 robots to EXPLORED cells: [(937.5, 1437.5), (1312.5, 1312.5), (562.5, 1062.5)]...
[BAD_LEADER] Sending 5 robots to EXPLORED cells: [(312.5, 62.5), (687.5, 812.5), (437.5, 62.5)]...
[BAD_LEADER] Sending 5 robots to EXPLORED cells: [(1562.5, 62.5), (187.5, 937.5), (1437.5, 1312.5)]...
[BAD_LEADER] Sending 5 robots to EXPLORED cells: [(62.5, 1312.5), (1437.5, 312.5), (1312.5, 687.5)]...
[BAD_LEADER] Sending 5 robots to EXPLORED cells: [(62.5, 812.5), (62.5, 187.5), (1187.5, 687.5)]...
[BAD_LEADER] Sending 5 robots to EXPLORED cells: [(1937.5, 187.5), (687.5, 937.5), (562.5, 562.5)]...
[BAD_LEADER] Sending 5 robots to EXPLORED cells: [(1937.5, 312.5), (1812.5, 1437.5), (937.5, 1437.5)]...
[BAD_LEADER] Sending 5 robots to EXPLORED cells: [(1062.5, 1187.5), (437.5, 562.5), (1312.5, 1437.5)]...
[BAD_LEADER] Sending 5 robots to EXPLORED cells: [(1312.5, 312.5), (1937.5, 812.5), (812.5, 937.5)]...
[R1] pos=(977,810) state=leader leader=1 trust=1.00 susp=0.00 cov=45.3%/100.0%
[BAD_LEADER] Sending 5 robots to EXPLORED cells: [(937.5, 437.5), (937.5, 437.5), (1562.5, 437.5)]...
[BAD_LEADER] Sending 5 robots to EXPLORED cells: [(1687.5, 812.5), (437.5, 1062.5), (562.5, 62.5)]...
[BAD_LEADER] Sending 5 robots to EXPLORED cells: [(1312.5, 1062.5), (62.5, 562.5), (1187.5, 187.5)]...
[BAD_LEADER] Sending 5 robots to EXPLORED cells: [(187.5, 1312.5), (1062.5, 187.5), (1687.5, 1437.5)]...
[BAD_LEADER] Sending 5 robots to EXPLORED cells: [(62.5, 1062.5), (62.5, 312.5), (812.5, 812.5)]...
[BAD_LEADER] Sending 5 robots to EXPLORED cells: [(812.5, 812.5), (62.5, 1312.5), (812.5, 937.5)]...
[BAD_LEADER] Sending 5 robots to EXPLORED cells: [(1437.5, 62.5), (62.5, 1312.5), (812.5, 1062.5)]...
[BAD_LEADER] Sending 5 robots to EXPLORED cells: [(1812.5, 62.5), (1187.5, 437.5), (937.5, 937.5)]...
[BAD_LEADER] Sending 5 robots to EXPLORED cells: [(312.5, 1062.5), (1437.5, 937.5), (1312.5, 937.5)]...
[BAD_LEADER] Sending 5 robots to EXPLORED cells: [(187.5, 1312.5), (1187.5, 937.5), (812.5, 312.5)]...
[R1] pos=(1025,692) state=leader leader=1 trust=1.00 susp=0.00 cov=45.3%/100.0%
[BAD_LEADER] Sending 5 robots to EXPLORED cells: [(437.5, 312.5), (312.5, 687.5), (812.5, 1312.5)]...
[BAD_LEADER] Sending 5 robots to EXPLORED cells: [(937.5, 187.5), (1812.5, 812.5), (312.5, 1062.5)]...
[BAD_LEADER] Sending 5 robots to EXPLORED cells: [(812.5, 1062.5), (187.5, 1187.5), (312.5, 312.5)]...
[BAD_LEADER] Sending 5 robots to EXPLORED cells: [(187.5, 62.5), (187.5, 312.5), (1437.5, 312.5)]...
[BAD_LEADER] Sending 5 robots to EXPLORED cells: [(1687.5, 437.5), (1687.5, 187.5), (812.5, 562.5)]...
[BAD_LEADER] Sending 5 robots to EXPLORED cells: [(1187.5, 687.5), (312.5, 437.5), (187.5, 312.5)]...
[BAD_LEADER] Sending 5 robots to EXPLORED cells: [(1687.5, 1187.5), (1312.5, 1437.5), (562.5, 62.5)]...
[BAD_LEADER] Sending 5 robots to EXPLORED cells: [(187.5, 1187.5), (1687.5, 1062.5), (1062.5, 62.5)]...
[BAD_LEADER] Sending 5 robots to EXPLORED cells: [(687.5, 1187.5), (687.5, 687.5), (312.5, 812.5)]...
[R1] pos=(1037,716) state=leader leader=1 trust=1.00 susp=0.00 cov=45.3%/100.0%[BAD_LEADER] Sending 5 robots to EXPLORED cells: [(187.5, 1187.5), (1687.5, 1187.5), (312.5, 62.5)]...

[BAD_LEADER] Sending 5 robots to EXPLORED cells: [(312.5, 687.5), (437.5, 1437.5), (1187.5, 1312.5)]...
[BAD_LEADER] Sending 5 robots to EXPLORED cells: [(1187.5, 1312.5), (1437.5, 937.5), (1687.5, 1312.5)]...
[BAD_LEADER] Sending 5 robots to EXPLORED cells: [(62.5, 812.5), (1187.5, 437.5), (1437.5, 562.5)]...
[BAD_LEADER] Sending 5 robots to EXPLORED cells: [(1812.5, 812.5), (812.5, 1312.5), (1687.5, 62.5)]...
[BAD_LEADER] Sending 5 robots to EXPLORED cells: [(687.5, 937.5), (937.5, 1312.5), (62.5, 1437.5)]...
[BAD_LEADER] Sending 5 robots to EXPLORED cells: [(1812.5, 562.5), (1687.5, 1187.5), (1187.5, 937.5)]...
[BAD_LEADER] Sending 5 robots to EXPLORED cells: [(687.5, 1437.5), (1687.5, 1187.5), (1062.5, 312.5)]...
[BAD_LEADER] Sending 5 robots to EXPLORED cells: [(687.5, 1062.5), (62.5, 937.5), (312.5, 62.5)]...
[BAD_LEADER] Sending 5 robots to EXPLORED cells: [(62.5, 312.5), (687.5, 812.5), (1437.5, 1062.5)]...
[R1] pos=(844,931) state=leader leader=1 trust=1.00 susp=0.00 cov=45.3%/100.0%
[BAD_LEADER] Sending 5 robots to EXPLORED cells: [(562.5, 812.5), (562.5, 312.5), (1062.5, 437.5)]...
[BAD_LEADER] Sending 5 robots to EXPLORED cells: [(187.5, 437.5), (437.5, 562.5), (562.5, 1312.5)]...
[BAD_LEADER] Sending 5 robots to EXPLORED cells: [(562.5, 437.5), (187.5, 62.5), (562.5, 187.5)]...
[BAD_LEADER] Sending 5 robots to EXPLORED cells: [(62.5, 1062.5), (187.5, 187.5), (1312.5, 1062.5)]...
[BAD_LEADER] Sending 5 robots to EXPLORED cells: [(1937.5, 562.5), (1437.5, 1437.5), (312.5, 187.5)]...
[BAD_LEADER] Sending 5 robots to EXPLORED cells: [(312.5, 1062.5), (1312.5, 1437.5), (1687.5, 437.5)]...
[BAD_LEADER] Sending 5 robots to EXPLORED cells: [(1812.5, 562.5), (1687.5, 937.5), (562.5, 812.5)]...
[BAD_LEADER] Sending 5 robots to EXPLORED cells: [(187.5, 437.5), (62.5, 1187.5), (1937.5, 562.5)]...
[BAD_LEADER] Sending 5 robots to EXPLORED cells: [(1312.5, 1187.5), (1187.5, 312.5), (437.5, 437.5)]...
[BAD_LEADER] Sending 5 robots to EXPLORED cells: [(812.5, 687.5), (437.5, 562.5), (1062.5, 937.5)]...
[R1] pos=(518,727) state=leader leader=1 trust=1.00 susp=0.00 cov=46.4%/100.0%
[BAD_LEADER] Sending 5 robots to EXPLORED cells: [(1062.5, 937.5), (1687.5, 1437.5), (562.5, 1312.5)]...
[BAD_LEADER] Sending 5 robots to EXPLORED cells: [(1187.5, 1062.5), (1312.5, 937.5), (1062.5, 312.5)]...
[BAD_LEADER] Sending 5 robots to EXPLORED cells: [(1312.5, 1062.5), (62.5, 1312.5), (1687.5, 562.5)]...
[BAD_LEADER] Sending 5 robots to EXPLORED cells: [(687.5, 687.5), (1187.5, 687.5), (1812.5, 437.5)]...
[BAD_LEADER] Sending 5 robots to EXPLORED cells: [(812.5, 937.5), (1187.5, 187.5), (937.5, 687.5)]...
[BAD_LEADER] Sending 5 robots to EXPLORED cells: [(62.5, 1312.5), (812.5, 937.5), (437.5, 1187.5)]...
[BAD_LEADER] Sending 5 robots to EXPLORED cells: [(1062.5, 1187.5), (437.5, 1062.5), (1687.5, 1187.5)]...
[BAD_LEADER] Sending 5 robots to EXPLORED cells: [(1312.5, 1437.5), (312.5, 687.5), (62.5, 312.5)]...
[BAD_LEADER] Sending 5 robots to EXPLORED cells: [(687.5, 1437.5), (1312.5, 1062.5), (687.5, 312.5)]...
[R1] pos=(824,1027) state=leader leader=1 trust=1.00 susp=0.00 cov=46.4%/100.0%
[BAD_LEADER] Sending 5 robots to EXPLORED cells: [(312.5, 1437.5), (812.5, 1062.5), (1437.5, 187.5)]...
[BAD_LEADER] Sending 5 robots to EXPLORED cells: [(437.5, 687.5), (437.5, 1312.5), (687.5, 562.5)]...
[BAD_LEADER] Sending 5 robots to EXPLORED cells: [(1812.5, 62.5), (1937.5, 812.5), (437.5, 1312.5)]...
[BAD_LEADER] Sending 5 robots to EXPLORED cells: [(937.5, 687.5), (1062.5, 562.5), (1812.5, 937.5)]...
[BAD_LEADER] Sending 5 robots to EXPLORED cells: [(187.5, 187.5), (1187.5, 437.5), (312.5, 312.5)]...
[BAD_LEADER] Sending 5 robots to EXPLORED cells: [(562.5, 62.5), (687.5, 937.5), (1687.5, 562.5)]...
[BAD_LEADER] Sending 5 robots to EXPLORED cells: [(1687.5, 562.5), (937.5, 937.5), (312.5, 1187.5)]...
[BAD_LEADER] Sending 5 robots to EXPLORED cells: [(1937.5, 1062.5), (687.5, 687.5), (1062.5, 562.5)]...
[BAD_LEADER] Sending 5 robots to EXPLORED cells: [(312.5, 687.5), (1312.5, 62.5), (937.5, 62.5)]...
[BAD_LEADER] Sending 5 robots to EXPLORED cells: [(1312.5, 62.5), (62.5, 562.5), (187.5, 687.5)]...
[R1] pos=(929,790) state=leader leader=1 trust=1.00 susp=0.00 cov=47.4%/100.0%
[BAD_LEADER] Sending 5 robots to EXPLORED cells: [(812.5, 437.5), (937.5, 312.5), (62.5, 562.5)]...
[BAD_LEADER] Sending 5 robots to EXPLORED cells: [(1312.5, 562.5), (937.5, 1062.5), (562.5, 187.5)]...
[BAD_LEADER] Sending 5 robots to EXPLORED cells: [(812.5, 187.5), (62.5, 1187.5), (312.5, 187.5)]...
[BAD_LEADER] Sending 5 robots to EXPLORED cells: [(1562.5, 812.5), (1312.5, 62.5), (1187.5, 437.5)]...
[BAD_LEADER] Sending 5 robots to EXPLORED cells: [(187.5, 1187.5), (1062.5, 312.5), (187.5, 1062.5)]...
[BAD_LEADER] Sending 5 robots to EXPLORED cells: [(687.5, 312.5), (1562.5, 812.5), (437.5, 1062.5)]...
[BAD_LEADER] Sending 5 robots to EXPLORED cells: [(62.5, 562.5), (187.5, 937.5), (687.5, 437.5)]...
[BAD_LEADER] Sending 5 robots to EXPLORED cells: [(312.5, 1062.5), (1812.5, 1062.5), (1812.5, 312.5)]...
[BAD_LEADER] Sending 5 robots to EXPLORED cells: [(562.5, 937.5), (1687.5, 1437.5), (937.5, 1437.5)]...
[BAD_LEADER] Sending 5 robots to EXPLORED cells: [(187.5, 562.5), (62.5, 1437.5), (1687.5, 62.5)]...
[R1] pos=(695,606) state=leader leader=1 trust=1.00 susp=0.00 cov=47.4%/100.0%
[BAD_LEADER] Sending 5 robots to EXPLORED cells: [(1937.5, 687.5), (1687.5, 1437.5), (1562.5, 1062.5)]...
[BAD_LEADER] Sending 5 robots to EXPLORED cells: [(1562.5, 312.5), (1687.5, 1312.5), (687.5, 187.5)]...
[BAD_LEADER] Sending 5 robots to EXPLORED cells: [(812.5, 1437.5), (1812.5, 1187.5), (1187.5, 687.5)]...
[BAD_LEADER] Sending 5 robots to EXPLORED cells: [(1187.5, 1062.5), (1312.5, 187.5), (187.5, 437.5)]...
[BAD_LEADER] Sending 5 robots to EXPLORED cells: [(562.5, 1187.5), (562.5, 687.5), (1812.5, 62.5)]...
[BAD_LEADER] Sending 5 robots to EXPLORED cells: [(187.5, 1437.5), (1937.5, 1312.5), (312.5, 937.5)]...
[BAD_LEADER] Sending 5 robots to EXPLORED cells: [(1687.5, 1062.5), (1437.5, 812.5), (437.5, 187.5)]...
[BAD_LEADER] Sending 5 robots to EXPLORED cells: [(562.5, 1187.5), (1437.5, 562.5), (937.5, 1187.5)]...
[BAD_LEADER] Sending 5 robots to EXPLORED cells: [(1562.5, 437.5), (812.5, 812.5), (187.5, 1062.5)]...
[R1] pos=(804,965) state=leader leader=1 trust=1.00 susp=0.00 cov=47.4%/100.0%
[BAD_LEADER] Sending 5 robots to EXPLORED cells: [(562.5, 1437.5), (1187.5, 562.5), (937.5, 937.5)]...
[BAD_LEADER] Sending 5 robots to EXPLORED cells: [(562.5, 937.5), (1187.5, 1437.5), (1562.5, 187.5)]...
[BAD_LEADER] Sending 5 robots to EXPLORED cells: [(187.5, 937.5), (1562.5, 62.5), (437.5, 312.5)]...
[BAD_LEADER] Sending 5 robots to EXPLORED cells: [(437.5, 437.5), (1312.5, 187.5), (62.5, 312.5)]...
[BAD_LEADER] Sending 5 robots to EXPLORED cells: [(1937.5, 62.5), (187.5, 562.5), (1187.5, 62.5)]...
[BAD_LEADER] Sending 5 robots to EXPLORED cells: [(687.5, 1062.5), (812.5, 1062.5), (687.5, 1312.5)]...
[BAD_LEADER] Sending 5 robots to EXPLORED cells: [(1812.5, 937.5), (1937.5, 1062.5), (62.5, 562.5)]...
[BAD_LEADER] Sending 5 robots to EXPLORED cells: [(937.5, 62.5), (1187.5, 937.5), (187.5, 1437.5)]...
[BAD_LEADER] Sending 5 robots to EXPLORED cells: [(1812.5, 812.5), (1437.5, 937.5), (1437.5, 437.5)]...
[BAD_LEADER] Sending 5 robots to EXPLORED cells: [(937.5, 1437.5), (187.5, 437.5), (1937.5, 1312.5)]...
[R1] pos=(782,841) state=leader leader=1 trust=1.00 susp=0.00 cov=47.9%/100.0%
[BAD_LEADER] Sending 5 robots to EXPLORED cells: [(187.5, 1312.5), (1187.5, 62.5), (1187.5, 562.5)]...
[BAD_LEADER] Sending 5 robots to EXPLORED cells: [(312.5, 1062.5), (1062.5, 1062.5), (1437.5, 812.5)]...
[BAD_LEADER] Sending 5 robots to EXPLORED cells: [(62.5, 1437.5), (687.5, 1437.5), (937.5, 812.5)]...
[BAD_LEADER] Sending 5 robots to EXPLORED cells: [(1812.5, 812.5), (687.5, 812.5), (562.5, 187.5)]...
[BAD_LEADER] Sending 5 robots to EXPLORED cells: [(1562.5, 312.5), (1187.5, 1187.5), (1687.5, 687.5)]...
[BAD_LEADER] Sending 5 robots to EXPLORED cells: [(437.5, 812.5), (1312.5, 312.5), (1187.5, 187.5)]...
[BAD_LEADER] Sending 5 robots to EXPLORED cells: [(312.5, 687.5), (1937.5, 1437.5), (937.5, 62.5)]...
[BAD_LEADER] Sending 5 robots to EXPLORED cells: [(62.5, 312.5), (562.5, 1187.5), (1937.5, 1437.5)]...
[BAD_LEADER] Sending 5 robots to EXPLORED cells: [(812.5, 562.5), (562.5, 1437.5), (1437.5, 687.5)]...
[R1] pos=(611,880) state=leader leader=1 trust=1.00 susp=0.00 cov=47.9%/100.0%
[BAD_LEADER] Sending 5 robots to EXPLORED cells: [(1312.5, 62.5), (812.5, 187.5), (1187.5, 687.5)]...
[BAD_LEADER] Sending 5 robots to EXPLORED cells: [(1687.5, 562.5), (1562.5, 312.5), (1937.5, 1187.5)]...
[BAD_LEADER] Sending 5 robots to EXPLORED cells: [(1562.5, 1437.5), (1687.5, 437.5), (1062.5, 437.5)]...
[BAD_LEADER] Sending 5 robots to EXPLORED cells: [(1312.5, 687.5), (812.5, 1312.5), (1937.5, 437.5)]...
[BAD_LEADER] Sending 5 robots to EXPLORED cells: [(1437.5, 1187.5), (562.5, 812.5), (1562.5, 62.5)]...
[BAD_LEADER] Sending 5 robots to EXPLORED cells: [(562.5, 437.5), (1812.5, 1312.5), (562.5, 1437.5)]...
[BAD_LEADER] Sending 5 robots to EXPLORED cells: [(312.5, 937.5), (1312.5, 812.5), (1312.5, 1062.5)]...
[BAD_LEADER] Sending 5 robots to EXPLORED cells: [(1812.5, 1437.5), (1812.5, 437.5), (1187.5, 1187.5)]...
[BAD_LEADER] Sending 5 robots to EXPLORED cells: [(312.5, 562.5), (812.5, 1187.5), (312.5, 1312.5)]...
[BAD_LEADER] Sending 5 robots to EXPLORED cells: [(1187.5, 1062.5), (1062.5, 312.5), (1437.5, 62.5)]...
[R1] pos=(956,820) state=leader leader=1 trust=1.00 susp=0.00 cov=47.9%/100.0%
[BAD_LEADER] Sending 5 robots to EXPLORED cells: [(1687.5, 1437.5), (562.5, 812.5), (187.5, 812.5)]...
[BAD_LEADER] Sending 5 robots to EXPLORED cells: [(1437.5, 437.5), (62.5, 562.5), (1812.5, 312.5)]...
[BAD_LEADER] Sending 5 robots to EXPLORED cells: [(1812.5, 62.5), (1687.5, 187.5), (1062.5, 812.5)]...
[BAD_LEADER] Sending 5 robots to EXPLORED cells: [(1937.5, 1437.5), (437.5, 1187.5), (312.5, 312.5)]...
[BAD_LEADER] Sending 5 robots to EXPLORED cells: [(687.5, 1437.5), (687.5, 937.5), (687.5, 312.5)]...
[BAD_LEADER] Sending 5 robots to EXPLORED cells: [(1437.5, 187.5), (562.5, 312.5), (312.5, 1437.5)]...
[BAD_LEADER] Sending 5 robots to EXPLORED cells: [(1687.5, 1312.5), (937.5, 1187.5), (187.5, 687.5)]...
[BAD_LEADER] Sending 5 robots to EXPLORED cells: [(812.5, 62.5), (187.5, 187.5), (1812.5, 1187.5)]...
[BAD_LEADER] Sending 5 robots to EXPLORED cells: [(1187.5, 937.5), (1437.5, 562.5), (1312.5, 1187.5)]...
[BAD_LEADER] Sending 5 robots to EXPLORED cells: [(687.5, 1437.5), (437.5, 437.5), (687.5, 812.5)]...
[R1] pos=(1229,801) state=leader leader=1 trust=1.00 susp=0.00 cov=47.9%/100.0%
[BAD_LEADER] Sending 5 robots to EXPLORED cells: [(1687.5, 1312.5), (1687.5, 1312.5), (62.5, 812.5)]...
[BAD_LEADER] Sending 5 robots to EXPLORED cells: [(1187.5, 1312.5), (1437.5, 1062.5), (1437.5, 62.5)]...
[BAD_LEADER] Sending 5 robots to EXPLORED cells: [(1812.5, 562.5), (1187.5, 1312.5), (937.5, 687.5)]...
[BAD_LEADER] Sending 5 robots to EXPLORED cells: [(1937.5, 62.5), (62.5, 687.5), (1937.5, 312.5)]...
[BAD_LEADER] Sending 5 robots to EXPLORED cells: [(562.5, 437.5), (812.5, 1187.5), (437.5, 312.5)]...
[BAD_LEADER] Sending 5 robots to EXPLORED cells: [(687.5, 1062.5), (1312.5, 562.5), (937.5, 937.5)]...
[BAD_LEADER] Sending 5 robots to EXPLORED cells: [(562.5, 62.5), (687.5, 1312.5), (437.5, 812.5)]...
[BAD_LEADER] Sending 5 robots to EXPLORED cells: [(1312.5, 812.5), (437.5, 187.5), (1687.5, 437.5)]...
[BAD_LEADER] Sending 5 robots to EXPLORED cells: [(562.5, 812.5), (562.5, 562.5), (562.5, 812.5)]...
[R1] pos=(1098,860) state=leader leader=1 trust=1.00 susp=0.00 cov=48.4%/100.0%
[BAD_LEADER] Sending 5 robots to EXPLORED cells: [(1187.5, 437.5), (187.5, 312.5), (812.5, 312.5)]...
[BAD_LEADER] Sending 5 robots to EXPLORED cells: [(1062.5, 187.5), (62.5, 62.5), (1062.5, 187.5)]...
[BAD_LEADER] Sending 5 robots to EXPLORED cells: [(1187.5, 937.5), (937.5, 562.5), (1187.5, 187.5)]...
[BAD_LEADER] Sending 5 robots to EXPLORED cells: [(1937.5, 562.5), (187.5, 62.5), (562.5, 437.5)]...
[BAD_LEADER] Sending 5 robots to EXPLORED cells: [(812.5, 687.5), (687.5, 187.5), (1937.5, 937.5)]...
[BAD_LEADER] Sending 5 robots to EXPLORED cells: [(1187.5, 1187.5), (62.5, 687.5), (1312.5, 1437.5)]...
[BAD_LEADER] Sending 5 robots to EXPLORED cells: [(1437.5, 562.5), (1812.5, 937.5), (1687.5, 937.5)]...
[BAD_LEADER] Sending 5 robots to EXPLORED cells: [(1937.5, 312.5), (1687.5, 437.5), (1312.5, 687.5)]...
[BAD_LEADER] Sending 5 robots to EXPLORED cells: [(1187.5, 1437.5), (437.5, 312.5), (187.5, 812.5)]...
[BAD_LEADER] Sending 5 robots to EXPLORED cells: [(187.5, 1437.5), (187.5, 1312.5), (937.5, 1312.5)]...
[R1] pos=(1316,688) state=leader leader=1 trust=1.00 susp=0.00 cov=48.4%/100.0%
[BAD_LEADER] Sending 5 robots to EXPLORED cells: [(1812.5, 562.5), (312.5, 62.5), (687.5, 937.5)]...
[BAD_LEADER] Sending 5 robots to EXPLORED cells: [(312.5, 937.5), (1562.5, 62.5), (312.5, 62.5)]...
[BAD_LEADER] Sending 5 robots to EXPLORED cells: [(937.5, 437.5), (312.5, 312.5), (437.5, 437.5)]...
[BAD_LEADER] Sending 5 robots to EXPLORED cells: [(1812.5, 1187.5), (437.5, 312.5), (312.5, 1437.5)]...
[BAD_LEADER] Sending 5 robots to EXPLORED cells: [(562.5, 562.5), (1812.5, 437.5), (187.5, 687.5)]...
[BAD_LEADER] Sending 5 robots to EXPLORED cells: [(1437.5, 562.5), (1812.5, 1312.5), (562.5, 1437.5)]...
[BAD_LEADER] Sending 5 robots to EXPLORED cells: [(1437.5, 1312.5), (1187.5, 187.5), (1812.5, 437.5)]...
[BAD_LEADER] Sending 5 robots to EXPLORED cells: [(1187.5, 1312.5), (1437.5, 937.5), (1437.5, 937.5)]...
[BAD_LEADER] Sending 5 robots to EXPLORED cells: [(1937.5, 687.5), (1937.5, 62.5), (62.5, 812.5)]...
[BAD_LEADER] Sending 5 robots to EXPLORED cells: [(1687.5, 437.5), (187.5, 937.5), (1187.5, 1187.5)]...
[R1] pos=(1249,799) state=leader leader=1 trust=1.00 susp=0.00 cov=48.4%/100.0%
[BAD_LEADER] Sending 5 robots to EXPLORED cells: [(1562.5, 62.5), (812.5, 1312.5), (1812.5, 1062.5)]...
[BAD_LEADER] Sending 5 robots to EXPLORED cells: [(1437.5, 1437.5), (187.5, 312.5), (687.5, 1187.5)]...
[BAD_LEADER] Sending 5 robots to EXPLORED cells: [(562.5, 1437.5), (937.5, 1187.5), (562.5, 312.5)]...
[BAD_LEADER] Sending 5 robots to EXPLORED cells: [(437.5, 1312.5), (562.5, 812.5), (1687.5, 1187.5)]...
[BAD_LEADER] Sending 5 robots to EXPLORED cells: [(687.5, 187.5), (437.5, 1437.5), (937.5, 187.5)]...
[BAD_LEADER] Sending 5 robots to EXPLORED cells: [(62.5, 1187.5), (687.5, 437.5), (937.5, 937.5)]...
[BAD_LEADER] Sending 5 robots to EXPLORED cells: [(1312.5, 187.5), (187.5, 1437.5), (312.5, 1437.5)]...
[BAD_LEADER] Sending 5 robots to EXPLORED cells: [(812.5, 1062.5), (312.5, 812.5), (312.5, 812.5)]...
