[WARN] Hardware modules not available - simulation mode
=== RAFT Baseline - Robot 1 [SIM] ===
NO TRUST. Heartbeat timeout only.

  Logging to: logs/raft_1_20260226_184910.jsonl
Initializing hardware...
  Hardware: SIMULATED
[INFO] Position socket listening on port 9101
[INFO] Peer socket listening on port 9201
[INFO] Fault socket listening on port 9301
Ready!

Running RAFT baseline... Press Ctrl+C to stop

[R1] state=follower leader=None term=0 cov=0.0%/0.0%
[R1] state=follower leader=2 term=1 cov=0.5%/0.5%
[R1] state=follower leader=2 term=1 cov=2.6%/14.1%
[R1] state=follower leader=2 term=1 cov=5.2%/25.5%
[R1] state=follower leader=2 term=1 cov=7.8%/38.0%
[R1] state=follower leader=2 term=1 cov=10.9%/49.0%
[R1] state=follower leader=2 term=1 cov=13.0%/56.8%
[R1] state=follower leader=2 term=1 cov=15.6%/67.7%
[R1] state=follower leader=2 term=1 cov=18.2%/77.6%
[R1] state=follower leader=2 term=1 cov=19.8%/84.9%
[R1] state=follower leader=2 term=1 cov=21.4%/94.3%
[R1] state=follower leader=2 term=1 cov=22.9%/100.0%
[R1] state=follower leader=2 term=1 cov=24.0%/100.0%
[R1] state=follower leader=2 term=1 cov=24.5%/100.0%
[R1] state=follower leader=2 term=1 cov=24.5%/100.0%
[R1] state=follower leader=2 term=1 cov=24.5%/100.0%
[R1] state=follower leader=2 term=1 cov=24.5%/100.0%
[FAULT] Injected: spin
[R1] state=follower leader=2 term=1 cov=24.5%/100.0%
[R1] state=follower leader=2 term=1 cov=24.5%/100.0%
[R1] state=follower leader=2 term=1 cov=24.5%/100.0%
[R1] state=follower leader=2 term=1 cov=24.5%/100.0%
[R1] state=follower leader=2 term=1 cov=24.5%/100.0%
[R1] state=follower leader=2 term=1 cov=24.5%/100.0%
[R1] state=follower leader=2 term=1 cov=24.5%/100.0%
[R1] state=follower leader=2 term=1 cov=24.5%/100.0%
[R1] state=follower leader=2 term=1 cov=24.5%/100.0%
[R1] state=follower leader=2 term=1 cov=24.5%/100.0%
[R1] state=follower leader=2 term=1 cov=24.5%/100.0%
[R1] state=follower leader=2 term=1 cov=24.5%/100.0%
[R1] state=follower leader=2 term=1 cov=24.5%/100.0%
[R1] state=follower leader=2 term=1 cov=24.5%/100.0%
[R1] state=follower leader=2 term=1 cov=24.5%/100.0%
[R1] state=follower leader=2 term=1 cov=24.5%/100.0%
[R1] state=follower leader=2 term=1 cov=24.5%/100.0%
[R1] state=follower leader=2 term=1 cov=24.5%/100.0%
[R1] state=follower leader=2 term=1 cov=24.5%/100.0%
[R1] state=follower leader=2 term=1 cov=24.5%/100.0%
[R1] state=follower leader=2 term=1 cov=24.5%/100.0%
[R1] state=follower leader=2 term=1 cov=24.5%/100.0%
[R1] state=follower leader=2 term=1 cov=24.5%/100.0%
[R1] state=follower leader=2 term=1 cov=24.5%/100.0%
[R1] state=follower leader=2 term=1 cov=24.5%/100.0%
[R1] state=follower leader=2 term=1 cov=24.5%/100.0%
[R1] state=follower leader=2 term=1 cov=24.5%/100.0%
[R1] state=follower leader=2 term=1 cov=24.5%/100.0%
[R1] state=follower leader=2 term=1 cov=24.5%/100.0%
[R1] state=follower leader=2 term=1 cov=24.5%/100.0%
[R1] state=follower leader=2 term=1 cov=24.5%/100.0%
[R1] state=follower leader=2 term=1 cov=24.5%/100.0%
[R1] state=follower leader=2 term=1 cov=24.5%/100.0%
[R1] state=follower leader=2 term=1 cov=24.5%/100.0%
[R1] state=follower leader=2 term=1 cov=24.5%/100.0%
[R1] state=follower leader=2 term=1 cov=24.5%/100.0%
[R1] state=follower leader=2 term=1 cov=24.5%/100.0%
[R1] state=follower leader=2 term=1 cov=24.5%/100.0%
[R1] state=follower leader=2 term=1 cov=24.5%/100.0%
[R1] state=follower leader=2 term=1 cov=24.5%/100.0%
[R1] state=follower leader=2 term=1 cov=24.5%/100.0%
[R1] state=follower leader=2 term=1 cov=24.5%/100.0%
[R1] state=follower leader=2 term=1 cov=24.5%/100.0%
[R1] state=follower leader=2 term=1 cov=24.5%/100.0%
[R1] state=follower leader=2 term=1 cov=24.5%/100.0%
[R1] state=follower leader=2 term=1 cov=24.5%/100.0%
[R1] state=follower leader=2 term=1 cov=24.5%/100.0%
[R1] state=follower leader=2 term=1 cov=24.5%/100.0%
