[WARN] Hardware modules not available - simulation mode
=== RAFT Baseline - Robot 2 [SIM] ===
NO TRUST. Heartbeat timeout only.

  Logging to: logs/raft_2_20260226_184910.jsonl
Initializing hardware...
  Hardware: SIMULATED
[INFO] Position socket listening on port 9102
[INFO] Peer socket listening on port 9202
[INFO] Fault socket listening on port 9302
Ready!

Running RAFT baseline... Press Ctrl+C to stop

[R2] state=follower leader=None term=0 cov=0.0%/0.0%
[RAFT] Starting election, term 1
[RAFT] Became leader, term 1
[R2] state=leader leader=2 term=1 cov=0.5%/0.5%
[R2] state=leader leader=2 term=1 cov=3.1%/14.1%
[R2] state=leader leader=2 term=1 cov=5.7%/25.0%
[R2] state=leader leader=2 term=1 cov=8.3%/38.0%
[R2] state=leader leader=2 term=1 cov=10.4%/49.5%
[R2] state=leader leader=2 term=1 cov=12.0%/56.8%
[R2] state=leader leader=2 term=1 cov=15.1%/68.2%
[R2] state=leader leader=2 term=1 cov=17.2%/77.6%
[R2] state=leader leader=2 term=1 cov=18.8%/84.9%
[R2] state=leader leader=2 term=1 cov=22.4%/94.8%
[R2] state=leader leader=2 term=1 cov=24.5%/100.0%
[R2] state=leader leader=2 term=1 cov=24.5%/100.0%
[R2] state=leader leader=2 term=1 cov=24.5%/100.0%
[R2] state=leader leader=2 term=1 cov=24.5%/100.0%
[R2] state=leader leader=2 term=1 cov=24.5%/100.0%
[R2] state=leader leader=2 term=1 cov=24.5%/100.0%
[R2] state=leader leader=2 term=1 cov=24.5%/100.0%
[R2] state=leader leader=2 term=1 cov=24.5%/100.0%
[R2] state=leader leader=2 term=1 cov=24.5%/100.0%
[R2] state=leader leader=2 term=1 cov=24.5%/100.0%
[R2] state=leader leader=2 term=1 cov=24.5%/100.0%
[R2] state=leader leader=2 term=1 cov=24.5%/100.0%
[R2] state=leader leader=2 term=1 cov=24.5%/100.0%
[R2] state=leader leader=2 term=1 cov=24.5%/100.0%
[R2] state=leader leader=2 term=1 cov=24.5%/100.0%
[R2] state=leader leader=2 term=1 cov=24.5%/100.0%
[R2] state=leader leader=2 term=1 cov=24.5%/100.0%
[R2] state=leader leader=2 term=1 cov=24.5%/100.0%
[R2] state=leader leader=2 term=1 cov=24.5%/100.0%
[R2] state=leader leader=2 term=1 cov=24.5%/100.0%
[R2] state=leader leader=2 term=1 cov=24.5%/100.0%
[R2] state=leader leader=2 term=1 cov=24.5%/100.0%
[R2] state=leader leader=2 term=1 cov=24.5%/100.0%
[R2] state=leader leader=2 term=1 cov=24.5%/100.0%
[R2] state=leader leader=2 term=1 cov=24.5%/100.0%
[R2] state=leader leader=2 term=1 cov=24.5%/100.0%
[R2] state=leader leader=2 term=1 cov=24.5%/100.0%
[R2] state=leader leader=2 term=1 cov=24.5%/100.0%
[R2] state=leader leader=2 term=1 cov=24.5%/100.0%
[R2] state=leader leader=2 term=1 cov=24.5%/100.0%
[R2] state=leader leader=2 term=1 cov=24.5%/100.0%
[R2] state=leader leader=2 term=1 cov=24.5%/100.0%
[R2] state=leader leader=2 term=1 cov=24.5%/100.0%
[R2] state=leader leader=2 term=1 cov=24.5%/100.0%
[R2] state=leader leader=2 term=1 cov=24.5%/100.0%
[R2] state=leader leader=2 term=1 cov=24.5%/100.0%
[R2] state=leader leader=2 term=1 cov=24.5%/100.0%
[R2] state=leader leader=2 term=1 cov=24.5%/100.0%
[R2] state=leader leader=2 term=1 cov=24.5%/100.0%
[R2] state=leader leader=2 term=1 cov=24.5%/100.0%
[R2] state=leader leader=2 term=1 cov=24.5%/100.0%
[R2] state=leader leader=2 term=1 cov=24.5%/100.0%
[R2] state=leader leader=2 term=1 cov=24.5%/100.0%
[R2] state=leader leader=2 term=1 cov=24.5%/100.0%
[R2] state=leader leader=2 term=1 cov=24.5%/100.0%
[R2] state=leader leader=2 term=1 cov=24.5%/100.0%
[R2] state=leader leader=2 term=1 cov=24.5%/100.0%
[R2] state=leader leader=2 term=1 cov=24.5%/100.0%
[R2] state=leader leader=2 term=1 cov=24.5%/100.0%
[R2] state=leader leader=2 term=1 cov=24.5%/100.0%
[R2] state=leader leader=2 term=1 cov=24.5%/100.0%
[R2] state=leader leader=2 term=1 cov=24.5%/100.0%
[R2] state=leader leader=2 term=1 cov=24.5%/100.0%
[R2] state=leader leader=2 term=1 cov=24.5%/100.0%
