[WARN] Hardware modules not available - running in simulation mode
=== REIP Node - Robot 1 [SIM (unique ports)] ===
Trust Model: Three-tier confidence-weighted
  Personal: 1.0, ToF: 1.0, Peer: 0.3
  Suspicion threshold: 1.5, Recovery: 0.1

  Logging to: logs/robot_1_20260226_213648.jsonl
Initializing hardware...
  Hardware: SIMULATED
[INFO] Position socket listening on port 11101
[INFO] Peer socket listening on port 11201
[INFO] Fault socket listening on port 11301
Ready!

=== DECENTRALIZED MODE - No leader coordination ===
=== Detection Bounds: T1=2 cmds, T3=8 cmds | Impeachment: T1=8 cmds, T3=32 cmds ===
Running... Press Ctrl+C to stop

[R1] pos=(0,0) state=exploring leader=None trust=1.00 susp=0.00 cov=0.0%/0.0%
[R1] pos=(513,650) state=exploring leader=None trust=1.00 susp=0.00 cov=0.5%/0.5%
[R1] pos=(122,562) state=exploring leader=None trust=1.00 susp=0.00 cov=3.1%/14.6%
[R1] pos=(309,806) state=exploring leader=None trust=1.00 susp=0.00 cov=4.7%/24.0%
[R1] pos=(682,605) state=exploring leader=None trust=1.00 susp=0.00 cov=7.8%/31.8%
[R1] pos=(720,1042) state=exploring leader=None trust=1.00 susp=0.00 cov=11.5%/37.0%
[R1] pos=(169,1187) state=exploring leader=None trust=1.00 susp=0.00 cov=14.1%/42.7%
[FAULT] BAD_LEADER mode activated - will send bad assignments
[R1] pos=(591,1425) state=exploring leader=None trust=1.00 susp=0.00 cov=17.7%/46.9%
[R1] pos=(903,1183) state=exploring leader=None trust=1.00 susp=0.00 cov=20.3%/51.0%
[R1] pos=(904,1104) state=exploring leader=None trust=1.00 susp=0.00 cov=20.8%/52.1%
[R1] pos=(904,754) state=exploring leader=None trust=1.00 susp=0.00 cov=21.9%/63.5%
[R1] pos=(904,329) state=exploring leader=None trust=1.00 susp=0.00 cov=24.0%/71.9%
[R1] pos=(904,174) state=exploring leader=None trust=1.00 susp=0.00 cov=24.5%/78.6%
[R1] pos=(904,560) state=exploring leader=None trust=1.00 susp=0.00 cov=24.5%/82.8%
[R1] pos=(904,811) state=exploring leader=None trust=1.00 susp=0.00 cov=24.5%/88.5%
[R1] pos=(1107,1324) state=exploring leader=None trust=1.00 susp=0.00 cov=25.0%/95.3%
[FAULT] BAD_LEADER mode activated - will send bad assignments
[R1] pos=(1925,1425) state=exploring leader=None trust=1.00 susp=0.00 cov=28.6%/100.0%
[R1] pos=(1925,1425) state=exploring leader=None trust=1.00 susp=0.00 cov=28.6%/100.0%
[R1] pos=(1925,1425) state=exploring leader=None trust=1.00 susp=0.00 cov=28.6%/100.0%
[R1] pos=(1925,1425) state=exploring leader=None trust=1.00 susp=0.00 cov=28.6%/100.0%
[R1] pos=(1925,1425) state=exploring leader=None trust=1.00 susp=0.00 cov=28.6%/100.0%
[R1] pos=(1925,1425) state=exploring leader=None trust=1.00 susp=0.00 cov=28.6%/100.0%
[R1] pos=(1925,1425) state=exploring leader=None trust=1.00 susp=0.00 cov=28.6%/100.0%
[R1] pos=(1925,1425) state=exploring leader=None trust=1.00 susp=0.00 cov=28.6%/100.0%
[R1] pos=(1925,1425) state=exploring leader=None trust=1.00 susp=0.00 cov=28.6%/100.0%
[R1] pos=(1925,1425) state=exploring leader=None trust=1.00 susp=0.00 cov=28.6%/100.0%
[R1] pos=(1925,1425) state=exploring leader=None trust=1.00 susp=0.00 cov=28.6%/100.0%
[R1] pos=(1925,1425) state=exploring leader=None trust=1.00 susp=0.00 cov=28.6%/100.0%
[R1] pos=(1925,1425) state=exploring leader=None trust=1.00 susp=0.00 cov=28.6%/100.0%
[R1] pos=(1925,1425) state=exploring leader=None trust=1.00 susp=0.00 cov=28.6%/100.0%
[R1] pos=(1925,1425) state=exploring leader=None trust=1.00 susp=0.00 cov=28.6%/100.0%
[R1] pos=(1925,1425) state=exploring leader=None trust=1.00 susp=0.00 cov=28.6%/100.0%
[R1] pos=(1925,1425) state=exploring leader=None trust=1.00 susp=0.00 cov=28.6%/100.0%
[R1] pos=(1925,1425) state=exploring leader=None trust=1.00 susp=0.00 cov=28.6%/100.0%
[R1] pos=(1925,1425) state=exploring leader=None trust=1.00 susp=0.00 cov=28.6%/100.0%
[R1] pos=(1925,1425) state=exploring leader=None trust=1.00 susp=0.00 cov=28.6%/100.0%
[R1] pos=(1925,1425) state=exploring leader=None trust=1.00 susp=0.00 cov=28.6%/100.0%
[R1] pos=(1925,1425) state=exploring leader=None trust=1.00 susp=0.00 cov=28.6%/100.0%
[R1] pos=(1925,1425) state=exploring leader=None trust=1.00 susp=0.00 cov=28.6%/100.0%
[R1] pos=(1925,1425) state=exploring leader=None trust=1.00 susp=0.00 cov=28.6%/100.0%
[R1] pos=(1925,1425) state=exploring leader=None trust=1.00 susp=0.00 cov=28.6%/100.0%
[R1] pos=(1925,1425) state=exploring leader=None trust=1.00 susp=0.00 cov=28.6%/100.0%
[R1] pos=(1925,1425) state=exploring leader=None trust=1.00 susp=0.00 cov=28.6%/100.0%
[R1] pos=(1925,1425) state=exploring leader=None trust=1.00 susp=0.00 cov=28.6%/100.0%
[R1] pos=(1925,1425) state=exploring leader=None trust=1.00 susp=0.00 cov=28.6%/100.0%
[R1] pos=(1925,1425) state=exploring leader=None trust=1.00 susp=0.00 cov=28.6%/100.0%
[R1] pos=(1925,1425) state=exploring leader=None trust=1.00 susp=0.00 cov=28.6%/100.0%
[R1] pos=(1925,1425) state=exploring leader=None trust=1.00 susp=0.00 cov=28.6%/100.0%
[R1] pos=(1925,1425) state=exploring leader=None trust=1.00 susp=0.00 cov=28.6%/100.0%
[R1] pos=(1925,1425) state=exploring leader=None trust=1.00 susp=0.00 cov=28.6%/100.0%
[R1] pos=(1925,1425) state=exploring leader=None trust=1.00 susp=0.00 cov=28.6%/100.0%
[R1] pos=(1925,1425) state=exploring leader=None trust=1.00 susp=0.00 cov=28.6%/100.0%
[R1] pos=(1925,1425) state=exploring leader=None trust=1.00 susp=0.00 cov=28.6%/100.0%
[R1] pos=(1925,1425) state=exploring leader=None trust=1.00 susp=0.00 cov=28.6%/100.0%
[R1] pos=(1925,1425) state=exploring leader=None trust=1.00 susp=0.00 cov=28.6%/100.0%
[R1] pos=(1925,1425) state=exploring leader=None trust=1.00 susp=0.00 cov=28.6%/100.0%
[R1] pos=(1925,1425) state=exploring leader=None trust=1.00 susp=0.00 cov=28.6%/100.0%
[R1] pos=(1925,1425) state=exploring leader=None trust=1.00 susp=0.00 cov=28.6%/100.0%
[R1] pos=(1925,1425) state=exploring leader=None trust=1.00 susp=0.00 cov=28.6%/100.0%
[R1] pos=(1925,1425) state=exploring leader=None trust=1.00 susp=0.00 cov=28.6%/100.0%
[R1] pos=(1925,1425) state=exploring leader=None trust=1.00 susp=0.00 cov=28.6%/100.0%
[R1] pos=(1925,1425) state=exploring leader=None trust=1.00 susp=0.00 cov=28.6%/100.0%
[R1] pos=(1925,1425) state=exploring leader=None trust=1.00 susp=0.00 cov=28.6%/100.0%
[R1] pos=(1925,1425) state=exploring leader=None trust=1.00 susp=0.00 cov=28.6%/100.0%
[R1] pos=(1925,1425) state=exploring leader=None trust=1.00 susp=0.00 cov=28.6%/100.0%
[R1] pos=(1925,1425) state=exploring leader=None trust=1.00 susp=0.00 cov=28.6%/100.0%
[R1] pos=(1925,1425) state=exploring leader=None trust=1.00 susp=0.00 cov=28.6%/100.0%
[R1] pos=(1925,1425) state=exploring leader=None trust=1.00 susp=0.00 cov=28.6%/100.0%
[R1] pos=(1925,1425) state=exploring leader=None trust=1.00 susp=0.00 cov=28.6%/100.0%
[R1] pos=(1925,1425) state=exploring leader=None trust=1.00 susp=0.00 cov=28.6%/100.0%
[R1] pos=(1925,1425) state=exploring leader=None trust=1.00 susp=0.00 cov=28.6%/100.0%
[R1] pos=(1925,1425) state=exploring leader=None trust=1.00 susp=0.00 cov=28.6%/100.0%
[R1] pos=(1925,1425) state=exploring leader=None trust=1.00 susp=0.00 cov=28.6%/100.0%
[R1] pos=(1925,1425) state=exploring leader=None trust=1.00 susp=0.00 cov=28.6%/100.0%
[R1] pos=(1925,1425) state=exploring leader=None trust=1.00 susp=0.00 cov=28.6%/100.0%
[R1] pos=(1925,1425) state=exploring leader=None trust=1.00 susp=0.00 cov=28.6%/100.0%
[R1] pos=(1925,1425) state=exploring leader=None trust=1.00 susp=0.00 cov=28.6%/100.0%
[R1] pos=(1925,1425) state=exploring leader=None trust=1.00 susp=0.00 cov=28.6%/100.0%
[R1] pos=(1925,1425) state=exploring leader=None trust=1.00 susp=0.00 cov=28.6%/100.0%
[R1] pos=(1925,1425) state=exploring leader=None trust=1.00 susp=0.00 cov=28.6%/100.0%
[R1] pos=(1925,1425) state=exploring leader=None trust=1.00 susp=0.00 cov=28.6%/100.0%
[R1] pos=(1925,1425) state=exploring leader=None trust=1.00 susp=0.00 cov=28.6%/100.0%
[R1] pos=(1925,1425) state=exploring leader=None trust=1.00 susp=0.00 cov=28.6%/100.0%
[R1] pos=(1925,1425) state=exploring leader=None trust=1.00 susp=0.00 cov=28.6%/100.0%
[R1] pos=(1925,1425) state=exploring leader=None trust=1.00 susp=0.00 cov=28.6%/100.0%
[R1] pos=(1925,1425) state=exploring leader=None trust=1.00 susp=0.00 cov=28.6%/100.0%
[R1] pos=(1925,1425) state=exploring leader=None trust=1.00 susp=0.00 cov=28.6%/100.0%
[R1] pos=(1925,1425) state=exploring leader=None trust=1.00 susp=0.00 cov=28.6%/100.0%
[R1] pos=(1925,1425) state=exploring leader=None trust=1.00 susp=0.00 cov=28.6%/100.0%
[R1] pos=(1925,1425) state=exploring leader=None trust=1.00 susp=0.00 cov=28.6%/100.0%
[R1] pos=(1925,1425) state=exploring leader=None trust=1.00 susp=0.00 cov=28.6%/100.0%
[R1] pos=(1925,1425) state=exploring leader=None trust=1.00 susp=0.00 cov=28.6%/100.0%
[R1] pos=(1925,1425) state=exploring leader=None trust=1.00 susp=0.00 cov=28.6%/100.0%
[R1] pos=(1925,1425) state=exploring leader=None trust=1.00 susp=0.00 cov=28.6%/100.0%
[R1] pos=(1925,1425) state=exploring leader=None trust=1.00 susp=0.00 cov=28.6%/100.0%
