[WARN] Hardware modules not available - simulation mode
=== RAFT Baseline - Robot 3 [SIM] ===
NO TRUST. Heartbeat timeout only.

  Logging to: logs/raft_3_20260226_181715.jsonl
Initializing hardware...
  Hardware: SIMULATED
[INFO] Position socket listening on port 5103
[INFO] Peer socket listening on port 5203
[INFO] Fault socket listening on port 5303
Ready!

Running RAFT baseline... Press Ctrl+C to stop

[R3] state=follower leader=None term=0 cov=0.0%/0.0%
[R3] state=follower leader=1 term=1 cov=0.5%/2.6%
[R3] state=follower leader=1 term=1 cov=0.5%/2.6%
[R3] state=follower leader=1 term=1 cov=0.5%/2.6%
[R3] state=follower leader=1 term=1 cov=0.5%/2.6%
[R3] state=follower leader=1 term=1 cov=0.5%/2.6%
[R3] state=follower leader=1 term=1 cov=0.5%/2.6%
[R3] state=follower leader=1 term=1 cov=0.5%/2.6%
[R3] state=follower leader=1 term=1 cov=0.5%/2.6%
[R3] state=follower leader=1 term=1 cov=0.5%/2.6%
[R3] state=follower leader=1 term=1 cov=0.5%/2.6%
[R3] state=follower leader=1 term=1 cov=0.5%/2.6%
[R3] state=follower leader=1 term=1 cov=0.5%/2.6%
[R3] state=follower leader=1 term=1 cov=0.5%/2.6%
[R3] state=follower leader=1 term=1 cov=1.6%/7.8%
[R3] state=follower leader=1 term=1 cov=2.6%/18.8%
[R3] state=follower leader=1 term=1 cov=4.2%/29.7%
[R3] state=follower leader=1 term=1 cov=6.2%/37.0%
[R3] state=follower leader=1 term=1 cov=8.3%/44.3%
[R3] state=follower leader=1 term=1 cov=9.9%/51.0%
[R3] state=follower leader=1 term=1 cov=11.5%/58.9%
[R3] state=follower leader=1 term=1 cov=12.5%/66.7%
[R3] state=follower leader=1 term=1 cov=14.6%/73.4%
[R3] state=follower leader=1 term=1 cov=15.6%/79.7%
[R3] state=follower leader=1 term=1 cov=17.7%/85.9%
[R3] state=follower leader=1 term=1 cov=18.8%/90.1%
[R3] state=follower leader=1 term=1 cov=20.3%/91.7%
[R3] state=follower leader=1 term=1 cov=22.4%/93.8%
[R3] state=follower leader=1 term=1 cov=24.5%/96.9%
[R3] state=follower leader=1 term=1 cov=25.5%/97.9%
[R3] state=follower leader=1 term=1 cov=27.6%/98.4%
[R3] state=follower leader=1 term=1 cov=29.2%/99.5%
[R3] state=follower leader=1 term=1 cov=29.2%/100.0%
[R3] state=follower leader=1 term=1 cov=29.2%/100.0%
[R3] state=follower leader=1 term=1 cov=29.2%/100.0%
[R3] state=follower leader=1 term=1 cov=29.2%/100.0%
[R3] state=follower leader=1 term=1 cov=29.2%/100.0%
[R3] state=follower leader=1 term=1 cov=29.2%/100.0%
[R3] state=follower leader=1 term=1 cov=29.2%/100.0%
[R3] state=follower leader=1 term=1 cov=29.2%/100.0%
[R3] state=follower leader=1 term=1 cov=29.2%/100.0%
[R3] state=follower leader=1 term=1 cov=29.2%/100.0%
[R3] state=follower leader=1 term=1 cov=29.2%/100.0%
[R3] state=follower leader=1 term=1 cov=29.2%/100.0%
[R3] state=follower leader=1 term=1 cov=29.2%/100.0%
[R3] state=follower leader=1 term=1 cov=29.2%/100.0%
[R3] state=follower leader=1 term=1 cov=29.2%/100.0%
[R3] state=follower leader=1 term=1 cov=29.2%/100.0%
[R3] state=follower leader=1 term=1 cov=29.2%/100.0%
[R3] state=follower leader=1 term=1 cov=29.2%/100.0%
[R3] state=follower leader=1 term=1 cov=29.2%/100.0%
[R3] state=follower leader=1 term=1 cov=29.2%/100.0%
[R3] state=follower leader=1 term=1 cov=29.2%/100.0%
[R3] state=follower leader=1 term=1 cov=29.2%/100.0%
[R3] state=follower leader=1 term=1 cov=29.2%/100.0%
[R3] state=follower leader=1 term=1 cov=29.2%/100.0%
[R3] state=follower leader=1 term=1 cov=29.2%/100.0%
[R3] state=follower leader=1 term=1 cov=29.2%/100.0%
[R3] state=follower leader=1 term=1 cov=29.2%/100.0%
[R3] state=follower leader=1 term=1 cov=29.2%/100.0%
[R3] state=follower leader=1 term=1 cov=29.2%/100.0%
