[WARN] Hardware modules not available - running in simulation mode
=== REIP Node - Robot 4 [SIM (unique ports)] ===
Trust Model: Three-tier confidence-weighted
  Personal: 1.0, ToF: 1.0, Peer: 0.3
  Suspicion threshold: 1.5, Recovery: 0.1

  Logging to: logs/robot_4_20260226_203636.jsonl
Initializing hardware...
  Hardware: SIMULATED
[INFO] Position socket listening on port 21104
[INFO] Peer socket listening on port 21204
[INFO] Fault socket listening on port 21304
Ready!

=== DECENTRALIZED MODE - No leader coordination ===
=== Detection Bounds: T1=2 cmds, T3=8 cmds | Impeachment: T1=8 cmds, T3=32 cmds ===
Running... Press Ctrl+C to stop

[R4] pos=(0,0) state=exploring leader=None trust=1.00 susp=0.00 cov=0.0%/0.0%
[R4] pos=(195,737) state=exploring leader=None trust=1.00 susp=0.00 cov=0.5%/0.5%
[R4] pos=(203,421) state=exploring leader=None trust=1.00 susp=0.00 cov=4.2%/18.2%
[R4] pos=(559,421) state=exploring leader=None trust=1.00 susp=0.00 cov=8.3%/31.8%
[R4] pos=(920,211) state=exploring leader=None trust=1.00 susp=0.00 cov=10.9%/43.2%
[R4] pos=(920,75) state=exploring leader=None trust=1.00 susp=0.00 cov=11.5%/50.5%
[R4] pos=(920,75) state=exploring leader=None trust=1.00 susp=0.00 cov=11.5%/51.0%
[R4] pos=(920,75) state=exploring leader=None trust=1.00 susp=0.00 cov=11.5%/56.2%
[R4] pos=(920,75) state=exploring leader=None trust=1.00 susp=0.00 cov=11.5%/62.5%
[R4] pos=(920,75) state=exploring leader=None trust=1.00 susp=0.00 cov=11.5%/69.8%
[R4] pos=(920,75) state=exploring leader=None trust=1.00 susp=0.00 cov=11.5%/76.6%
[R4] pos=(920,478) state=exploring leader=None trust=1.00 susp=0.00 cov=12.0%/83.3%
[R4] pos=(920,554) state=exploring leader=None trust=1.00 susp=0.00 cov=12.5%/92.7%
[R4] pos=(919,617) state=exploring leader=None trust=1.00 susp=0.00 cov=13.0%/97.4%
[R4] pos=(919,570) state=exploring leader=None trust=1.00 susp=0.00 cov=13.0%/100.0%
[R4] pos=(919,519) state=exploring leader=None trust=1.00 susp=0.00 cov=13.0%/100.0%
[R4] pos=(919,557) state=exploring leader=None trust=1.00 susp=0.00 cov=13.0%/100.0%
[R4] pos=(919,595) state=exploring leader=None trust=1.00 susp=0.00 cov=13.0%/100.0%
[R4] pos=(919,566) state=exploring leader=None trust=1.00 susp=0.00 cov=13.0%/100.0%
[R4] pos=(919,592) state=exploring leader=None trust=1.00 susp=0.00 cov=13.0%/100.0%
[R4] pos=(919,566) state=exploring leader=None trust=1.00 susp=0.00 cov=13.0%/100.0%
[R4] pos=(919,546) state=exploring leader=None trust=1.00 susp=0.00 cov=13.0%/100.0%
[R4] pos=(919,560) state=exploring leader=None trust=1.00 susp=0.00 cov=13.0%/100.0%
[R4] pos=(919,549) state=exploring leader=None trust=1.00 susp=0.00 cov=13.0%/100.0%
[R4] pos=(918,668) state=exploring leader=None trust=1.00 susp=0.00 cov=13.0%/100.0%
[R4] pos=(918,574) state=exploring leader=None trust=1.00 susp=0.00 cov=13.0%/100.0%
[R4] pos=(918,484) state=exploring leader=None trust=1.00 susp=0.00 cov=13.0%/100.0%
[R4] pos=(918,552) state=exploring leader=None trust=1.00 susp=0.00 cov=13.0%/100.0%
[R4] pos=(918,631) state=exploring leader=None trust=1.00 susp=0.00 cov=13.0%/100.0%
[R4] pos=(918,570) state=exploring leader=None trust=1.00 susp=0.00 cov=13.0%/100.0%
[R4] pos=(917,513) state=exploring leader=None trust=1.00 susp=0.00 cov=13.0%/100.0%
[R4] pos=(917,557) state=exploring leader=None trust=1.00 susp=0.00 cov=13.0%/100.0%
[R4] pos=(917,606) state=exploring leader=None trust=1.00 susp=0.00 cov=13.0%/100.0%
[R4] pos=(917,567) state=exploring leader=None trust=1.00 susp=0.00 cov=13.0%/100.0%
[R4] pos=(916,530) state=exploring leader=None trust=1.00 susp=0.00 cov=13.0%/100.0%
[R4] pos=(916,558) state=exploring leader=None trust=1.00 susp=0.00 cov=13.0%/100.0%
[R4] pos=(917,533) state=exploring leader=None trust=1.00 susp=0.00 cov=13.0%/100.0%
[R4] pos=(917,559) state=exploring leader=None trust=1.00 susp=0.00 cov=13.0%/100.0%
[R4] pos=(916,662) state=exploring leader=None trust=1.00 susp=0.00 cov=13.0%/100.0%
[R4] pos=(916,662) state=exploring leader=None trust=1.00 susp=0.00 cov=13.0%/100.0%
[R4] pos=(916,662) state=exploring leader=None trust=1.00 susp=0.00 cov=13.0%/100.0%
[R4] pos=(916,662) state=exploring leader=None trust=1.00 susp=0.00 cov=13.0%/100.0%
[R4] pos=(916,662) state=exploring leader=None trust=1.00 susp=0.00 cov=13.0%/100.0%
[R4] pos=(916,662) state=exploring leader=None trust=1.00 susp=0.00 cov=13.0%/100.0%
[R4] pos=(916,591) state=exploring leader=None trust=1.00 susp=0.00 cov=13.0%/100.0%
[R4] pos=(916,572) state=exploring leader=None trust=1.00 susp=0.00 cov=13.0%/100.0%
[R4] pos=(916,565) state=exploring leader=None trust=1.00 susp=0.00 cov=13.0%/100.0%
[R4] pos=(916,526) state=exploring leader=None trust=1.00 susp=0.00 cov=13.0%/100.0%
[R4] pos=(916,549) state=exploring leader=None trust=1.00 susp=0.00 cov=13.0%/100.0%
[R4] pos=(916,552) state=exploring leader=None trust=1.00 susp=0.00 cov=13.0%/100.0%
[R4] pos=(916,552) state=exploring leader=None trust=1.00 susp=0.00 cov=13.0%/100.0%
[R4] pos=(916,552) state=exploring leader=None trust=1.00 susp=0.00 cov=13.0%/100.0%
[R4] pos=(916,552) state=exploring leader=None trust=1.00 susp=0.00 cov=13.0%/100.0%
[R4] pos=(916,552) state=exploring leader=None trust=1.00 susp=0.00 cov=13.0%/100.0%
[R4] pos=(916,552) state=exploring leader=None trust=1.00 susp=0.00 cov=13.0%/100.0%
[R4] pos=(916,552) state=exploring leader=None trust=1.00 susp=0.00 cov=13.0%/100.0%
[R4] pos=(916,552) state=exploring leader=None trust=1.00 susp=0.00 cov=13.0%/100.0%
[R4] pos=(916,552) state=exploring leader=None trust=1.00 susp=0.00 cov=13.0%/100.0%
[R4] pos=(916,552) state=exploring leader=None trust=1.00 susp=0.00 cov=13.0%/100.0%
[R4] pos=(916,552) state=exploring leader=None trust=1.00 susp=0.00 cov=13.0%/100.0%
[R4] pos=(916,552) state=exploring leader=None trust=1.00 susp=0.00 cov=13.0%/100.0%
[R4] pos=(916,552) state=exploring leader=None trust=1.00 susp=0.00 cov=13.0%/100.0%
[R4] pos=(916,552) state=exploring leader=None trust=1.00 susp=0.00 cov=13.0%/100.0%
[R4] pos=(916,552) state=exploring leader=None trust=1.00 susp=0.00 cov=13.0%/100.0%
[R4] pos=(916,552) state=exploring leader=None trust=1.00 susp=0.00 cov=13.0%/100.0%
[R4] pos=(916,552) state=exploring leader=None trust=1.00 susp=0.00 cov=13.0%/100.0%
[R4] pos=(916,552) state=exploring leader=None trust=1.00 susp=0.00 cov=13.0%/100.0%
[R4] pos=(916,552) state=exploring leader=None trust=1.00 susp=0.00 cov=13.0%/100.0%
[R4] pos=(916,552) state=exploring leader=None trust=1.00 susp=0.00 cov=13.0%/100.0%
[R4] pos=(916,552) state=exploring leader=None trust=1.00 susp=0.00 cov=13.0%/100.0%
[R4] pos=(916,552) state=exploring leader=None trust=1.00 susp=0.00 cov=13.0%/100.0%
[R4] pos=(916,552) state=exploring leader=None trust=1.00 susp=0.00 cov=13.0%/100.0%
[R4] pos=(916,552) state=exploring leader=None trust=1.00 susp=0.00 cov=13.0%/100.0%
[R4] pos=(916,552) state=exploring leader=None trust=1.00 susp=0.00 cov=13.0%/100.0%
[R4] pos=(916,552) state=exploring leader=None trust=1.00 susp=0.00 cov=13.0%/100.0%
[R4] pos=(916,552) state=exploring leader=None trust=1.00 susp=0.00 cov=13.0%/100.0%
