[WARN] Hardware modules not available - running in simulation mode
=== REIP Node - Robot 4 [SIM (unique ports)] ===
Trust Model: Three-tier confidence-weighted
  Personal: 1.0, ToF: 1.0, Peer: 0.3
  Suspicion threshold: 1.5, Recovery: 0.1

  Logging to: logs/robot_4_20260226_212102.jsonl
Initializing hardware...
  Hardware: SIMULATED
[INFO] Position socket listening on port 24104
[INFO] Peer socket listening on port 24204
[INFO] Fault socket listening on port 24304
Ready!

=== Detection Bounds: T1=2 cmds, T3=8 cmds | Impeachment: T1=8 cmds, T3=32 cmds ===
Running... Press Ctrl+C to stop

[ELECTION] New leader: 4
[R4] pos=(0,0) state=leader leader=4 trust=1.00 susp=0.00 cov=0.0%/0.0%
[ELECTION] New leader: 1
[R4] pos=(421,1020) state=follower leader=1 trust=1.00 susp=0.00 cov=0.5%/0.5%
[R4] pos=(478,968) state=follower leader=1 trust=1.00 susp=0.00 cov=2.6%/7.8%
[R4] pos=(484,977) state=follower leader=1 trust=1.00 susp=0.00 cov=2.6%/10.9%
[R4] pos=(394,1022) state=follower leader=1 trust=1.00 susp=0.00 cov=2.6%/17.2%
[R4] pos=(187,1272) state=follower leader=1 trust=1.00 susp=0.00 cov=4.7%/22.9%
[R4] pos=(519,1318) state=follower leader=1 trust=1.00 susp=0.00 cov=6.8%/30.7%
[TRUST] Bad command #1 (peer_reported): suspicion +0.30 = 0.30
[TRUST] Bad command #2 (peer_reported): suspicion +0.30 = 0.60
[TRUST] Bad command #3 (peer_reported): suspicion +0.30 = 0.90
[TRUST] Bad command #4 (peer_reported): suspicion +0.30 = 1.20
[TRUST] Bad command #5 (peer_reported): suspicion +0.30 = 1.50
[DETECT] First trust decay after 5 bad commands (0.84s) [Theoretical bound: T1=2, T3=8]
[TRUST] Trust decayed: trust=0.80, remaining suspicion=0.00
[TRUST] Bad command #6 (peer_reported): suspicion +0.30 = 0.30
[TRUST] Bad command #7 (peer_reported): suspicion +0.30 = 0.60
[TRUST] Bad command #8 (peer_reported): suspicion +0.30 = 0.90
[TRUST] Bad command #9 (peer_reported): suspicion +0.30 = 1.20
[R4] pos=(317,712) state=follower leader=1 trust=0.80 susp=1.10 cov=7.8%/33.3%
[TRUST] Bad command #10 (personal_visited): suspicion +1.00 = 1.90
[TRUST] Trust decayed: trust=0.60, remaining suspicion=0.40
[TRUST] Bad command #11 (personal_visited): suspicion +1.00 = 1.40
[ELECTION] Leader 1 impeached (failures=1)
[ELECTION] New leader: 3
[R4] pos=(186,818) state=follower leader=3 trust=1.00 susp=0.00 cov=9.4%/37.5%
[R4] pos=(75,938) state=follower leader=3 trust=1.00 susp=0.00 cov=10.4%/43.2%
[R4] pos=(178,1425) state=follower leader=3 trust=1.00 susp=0.00 cov=12.5%/48.4%
[R4] pos=(178,1425) state=follower leader=3 trust=1.00 susp=0.00 cov=12.5%/48.4%
[R4] pos=(427,1425) state=follower leader=3 trust=1.00 susp=0.00 cov=13.5%/50.0%
[R4] pos=(902,1117) state=follower leader=3 trust=1.00 susp=0.00 cov=16.1%/52.1%
[R4] pos=(902,1073) state=follower leader=3 trust=1.00 susp=0.00 cov=16.1%/54.7%
[R4] pos=(901,1030) state=follower leader=3 trust=1.00 susp=0.00 cov=16.7%/57.3%
[R4] pos=(901,1030) state=follower leader=3 trust=1.00 susp=0.00 cov=16.7%/57.3%
[R4] pos=(901,1030) state=follower leader=3 trust=1.00 susp=0.00 cov=16.7%/57.3%
[R4] pos=(901,1030) state=follower leader=3 trust=1.00 susp=0.00 cov=16.7%/57.3%
[R4] pos=(901,1030) state=follower leader=3 trust=1.00 susp=0.00 cov=16.7%/57.3%
[R4] pos=(901,1030) state=follower leader=3 trust=1.00 susp=0.00 cov=16.7%/57.3%
[R4] pos=(901,1030) state=follower leader=3 trust=1.00 susp=0.00 cov=16.7%/57.3%
[R4] pos=(901,1030) state=follower leader=3 trust=1.00 susp=0.00 cov=16.7%/57.3%
[R4] pos=(901,1030) state=follower leader=3 trust=1.00 susp=0.00 cov=16.7%/57.3%
[R4] pos=(901,1030) state=follower leader=3 trust=1.00 susp=0.00 cov=16.7%/57.3%
[R4] pos=(901,1030) state=follower leader=3 trust=1.00 susp=0.00 cov=16.7%/57.3%
[R4] pos=(901,1030) state=follower leader=3 trust=1.00 susp=0.00 cov=16.7%/57.3%
[TRUST] Bad command #1 (personal_visited): suspicion +1.00 = 1.00
[TRUST] Bad command #2 (personal_visited): suspicion +1.00 = 2.00
[DETECT] First trust decay after 2 bad commands (0.21s) [Theoretical bound: T1=2, T3=8]
[TRUST] Trust decayed: trust=0.80, remaining suspicion=0.50
[R4] pos=(901,1055) state=follower leader=3 trust=0.80 susp=0.50 cov=16.7%/57.8%[TRUST] Bad command #3 (personal_visited): suspicion +1.00 = 1.50

[TRUST] Trust decayed: trust=0.60, remaining suspicion=0.00
[TRUST] Bad command #4 (personal_visited): suspicion +1.00 = 1.00
[TRUST] Bad command #5 (personal_visited): suspicion +1.00 = 2.00
[TRUST] Trust decayed: trust=0.40, remaining suspicion=0.50
[TRUST] Bad command #6 (personal_visited): suspicion +1.00 = 1.50
[TRUST] Trust decayed: trust=0.20, remaining suspicion=0.00
[TRUST] Bad command #7 (personal_visited, mpc_direction(0.03)): suspicion +1.03 = 1.03
[DETECT] IMPEACHMENT after 7 bad commands, 1.42s from first bad command [Bound: T1=8 cmds, T3=32 cmds]
[IMPEACH] Trust too low (0.20), excluding leader 3 from candidates
[ELECTION] Leader 3 impeached (failures=1)
[ELECTION] New leader: 4
[R4] pos=(848,1067) state=leader leader=4 trust=1.00 susp=0.00 cov=18.2%/60.9%
[R4] pos=(847,1042) state=leader leader=4 trust=1.00 susp=0.00 cov=18.8%/62.5%
[R4] pos=(847,996) state=leader leader=4 trust=1.00 susp=0.00 cov=18.8%/65.1%
[R4] pos=(847,996) state=leader leader=4 trust=1.00 susp=0.00 cov=18.8%/66.1%
[R4] pos=(847,951) state=leader leader=4 trust=1.00 susp=0.00 cov=18.8%/67.2%
[R4] pos=(847,890) state=leader leader=4 trust=1.00 susp=0.00 cov=19.3%/69.8%
[R4] pos=(923,920) state=leader leader=4 trust=1.00 susp=0.00 cov=19.8%/72.4%
[R4] pos=(923,923) state=leader leader=4 trust=1.00 susp=0.00 cov=19.8%/75.0%
[R4] pos=(923,923) state=leader leader=4 trust=1.00 susp=0.00 cov=19.8%/75.0%
[R4] pos=(923,923) state=leader leader=4 trust=1.00 susp=0.00 cov=19.8%/75.0%
[R4] pos=(923,923) state=leader leader=4 trust=1.00 susp=0.00 cov=19.8%/75.0%
[R4] pos=(923,923) state=leader leader=4 trust=1.00 susp=0.00 cov=19.8%/75.0%
[R4] pos=(923,923) state=leader leader=4 trust=1.00 susp=0.00 cov=19.8%/75.0%
[R4] pos=(923,923) state=leader leader=4 trust=1.00 susp=0.00 cov=19.8%/75.0%
[R4] pos=(923,923) state=leader leader=4 trust=1.00 susp=0.00 cov=19.8%/75.0%
[R4] pos=(923,923) state=leader leader=4 trust=1.00 susp=0.00 cov=19.8%/75.0%
[R4] pos=(923,923) state=leader leader=4 trust=1.00 susp=0.00 cov=19.8%/75.0%
[R4] pos=(923,923) state=leader leader=4 trust=1.00 susp=0.00 cov=19.8%/75.0%
[R4] pos=(923,923) state=leader leader=4 trust=1.00 susp=0.00 cov=19.8%/75.0%
[R4] pos=(922,1062) state=leader leader=4 trust=1.00 susp=0.00 cov=19.8%/76.0%
[R4] pos=(922,1062) state=leader leader=4 trust=1.00 susp=0.00 cov=19.8%/76.0%
[R4] pos=(922,1062) state=leader leader=4 trust=1.00 susp=0.00 cov=19.8%/76.0%
[R4] pos=(922,1062) state=leader leader=4 trust=1.00 susp=0.00 cov=19.8%/76.0%
[R4] pos=(922,1062) state=leader leader=4 trust=1.00 susp=0.00 cov=19.8%/76.0%
[R4] pos=(923,688) state=leader leader=4 trust=1.00 susp=0.00 cov=20.3%/77.1%
[R4] pos=(919,429) state=leader leader=4 trust=1.00 susp=0.00 cov=22.4%/80.7%
[R4] pos=(919,456) state=leader leader=4 trust=1.00 susp=0.00 cov=22.4%/82.8%
[R4] pos=(919,300) state=leader leader=4 trust=1.00 susp=0.00 cov=23.4%/84.4%
[R4] pos=(919,311) state=leader leader=4 trust=1.00 susp=0.00 cov=23.4%/84.9%
[R4] pos=(919,311) state=leader leader=4 trust=1.00 susp=0.00 cov=23.4%/84.9%
[R4] pos=(919,311) state=leader leader=4 trust=1.00 susp=0.00 cov=23.4%/84.9%
[R4] pos=(919,311) state=leader leader=4 trust=1.00 susp=0.00 cov=23.4%/84.9%
[R4] pos=(919,311) state=leader leader=4 trust=1.00 susp=0.00 cov=23.4%/84.9%
[R4] pos=(919,311) state=leader leader=4 trust=1.00 susp=0.00 cov=23.4%/84.9%
[R4] pos=(919,311) state=leader leader=4 trust=1.00 susp=0.00 cov=23.4%/84.9%
[R4] pos=(919,311) state=leader leader=4 trust=1.00 susp=0.00 cov=23.4%/84.9%
[R4] pos=(919,311) state=leader leader=4 trust=1.00 susp=0.00 cov=23.4%/84.9%
[R4] pos=(919,311) state=leader leader=4 trust=1.00 susp=0.00 cov=23.4%/84.9%
[R4] pos=(919,311) state=leader leader=4 trust=1.00 susp=0.00 cov=23.4%/84.9%
[R4] pos=(919,311) state=leader leader=4 trust=1.00 susp=0.00 cov=23.4%/84.9%
[R4] pos=(919,311) state=leader leader=4 trust=1.00 susp=0.00 cov=23.4%/84.9%
[R4] pos=(919,311) state=leader leader=4 trust=1.00 susp=0.00 cov=23.4%/84.9%
[R4] pos=(919,311) state=leader leader=4 trust=1.00 susp=0.00 cov=23.4%/84.9%
