[WARN] Hardware modules not available - running in simulation mode
=== REIP Node - Robot 3 [SIM (unique ports)] ===
Trust Model: Three-tier confidence-weighted
  Personal: 1.0, ToF: 1.0, Peer: 0.3
  Suspicion threshold: 1.5, Recovery: 0.1

  Logging to: logs/robot_3_20260226_075029.jsonl
Initializing hardware...
  Hardware: SIMULATED
[INFO] Position socket listening on port 5103
[INFO] Peer socket listening on port 5203
[INFO] Fault socket listening on port 5303
Ready!

=== Detection Bounds: T1=2 cmds, T3=8 cmds | Impeachment: T1=8 cmds, T3=32 cmds ===
Running... Press Ctrl+C to stop

[ELECTION] New leader: 3
[R3] pos=(0,0) state=leader leader=3 trust=1.00 susp=0.00 cov=0.0%/0.0%
[ELECTION] New leader: 1
[R3] pos=(1765,343) state=follower leader=1 trust=1.00 susp=0.00 cov=0.5%/0.5%
[R3] pos=(1514,386) state=follower leader=1 trust=1.00 susp=0.00 cov=3.1%/12.5%
[R3] pos=(1560,793) state=follower leader=1 trust=1.00 susp=0.00 cov=6.2%/26.0%
[R3] pos=(1293,1015) state=follower leader=1 trust=1.00 susp=0.00 cov=8.9%/37.0%
[R3] pos=(1186,1296) state=follower leader=1 trust=1.00 susp=0.00 cov=11.5%/49.5%
[R3] pos=(950,1425) state=follower leader=1 trust=1.00 susp=0.00 cov=13.5%/59.4%
[R3] pos=(772,1200) state=follower leader=1 trust=1.00 susp=0.00 cov=15.6%/68.2%
[R3] pos=(648,997) state=follower leader=1 trust=1.00 susp=0.00 cov=17.7%/76.0%
[R3] pos=(282,699) state=follower leader=1 trust=1.00 susp=0.00 cov=20.3%/85.9%
[R3] pos=(75,877) state=follower leader=1 trust=1.00 susp=0.00 cov=22.4%/95.8%
[R3] pos=(145,795) state=follower leader=1 trust=1.00 susp=0.00 cov=23.4%/99.0%
[R3] pos=(195,574) state=follower leader=1 trust=1.00 susp=0.00 cov=24.0%/100.0%
[R3] pos=(195,574) state=follower leader=1 trust=1.00 susp=0.00 cov=24.0%/100.0%
[R3] pos=(223,452) state=follower leader=1 trust=1.00 susp=0.00 cov=24.5%/100.0%
[R3] pos=(326,75) state=follower leader=1 trust=1.00 susp=0.00 cov=26.0%/100.0%
[R3] pos=(326,75) state=follower leader=1 trust=1.00 susp=0.00 cov=26.0%/100.0%
[TRUST] Bad command #1 (peer_reported): suspicion +0.30 = 0.30
[TRUST] Bad command #2 (peer_reported): suspicion +0.30 = 0.60
[TRUST] Bad command #3 (peer_reported): suspicion +0.30 = 0.90
[TRUST] Bad command #4 (peer_reported): suspicion +0.30 = 1.20
[TRUST] Bad command #5 (peer_reported): suspicion +0.30 = 1.50
[DETECT] First trust decay after 5 bad commands (0.84s) [Theoretical bound: T1=2, T3=8]
[TRUST] Trust decayed: trust=0.80, remaining suspicion=0.00
[TRUST] Bad command #6 (personal_visited): suspicion +1.00 = 1.00
[TRUST] Bad command #7 (personal_visited): suspicion +1.00 = 2.00
[TRUST] Trust decayed: trust=0.60, remaining suspicion=0.50
[TRUST] Bad command #8 (peer_reported): suspicion +0.30 = 0.80
[TRUST] Bad command #9 (peer_reported): suspicion +0.30 = 1.10
[R3] pos=(679,427) state=follower leader=1 trust=0.60 susp=1.10 cov=28.6%/100.0%
[TRUST] Bad command #10 (peer_reported): suspicion +0.30 = 1.40
[TRUST] Bad command #11 (peer_reported): suspicion +0.30 = 1.70
[TRUST] Trust decayed: trust=0.40, remaining suspicion=0.20
[TRUST] Bad command #12 (peer_reported): suspicion +0.30 = 0.50
[TRUST] Bad command #13 (peer_reported): suspicion +0.30 = 0.80
[TRUST] Bad command #14 (peer_reported): suspicion +0.30 = 1.10
[TRUST] Bad command #15 (personal_visited): suspicion +1.00 = 2.10
[TRUST] Trust decayed: trust=0.20, remaining suspicion=0.60
[TRUST] Bad command #16 (peer_reported): suspicion +0.30 = 0.90
[TRUST] Bad command #17 (peer_reported): suspicion +0.30 = 1.20
[TRUST] Bad command #18 (personal_visited): suspicion +1.00 = 2.20
[TRUST] Trust decayed: trust=0.10, remaining suspicion=0.70
[DETECT] IMPEACHMENT after 18 bad commands, 3.76s from first bad command [Bound: T1=8 cmds, T3=32 cmds]
[IMPEACH] Trust too low (0.10), excluding leader 1 from candidates
[ELECTION] Leader 1 impeached (failures=1)
[ELECTION] New leader: 3
[R3] pos=(679,427) state=leader leader=3 trust=1.00 susp=0.00 cov=28.6%/100.0%
[R3] pos=(592,375) state=leader leader=3 trust=1.00 susp=0.00 cov=28.6%/100.0%
[R3] pos=(592,375) state=leader leader=3 trust=1.00 susp=0.00 cov=28.6%/100.0%
[R3] pos=(592,375) state=leader leader=3 trust=1.00 susp=0.00 cov=28.6%/100.0%
[R3] pos=(592,375) state=leader leader=3 trust=1.00 susp=0.00 cov=28.6%/100.0%
[R3] pos=(592,375) state=leader leader=3 trust=1.00 susp=0.00 cov=28.6%/100.0%
[R3] pos=(592,375) state=leader leader=3 trust=1.00 susp=0.00 cov=28.6%/100.0%
[R3] pos=(592,375) state=leader leader=3 trust=1.00 susp=0.00 cov=28.6%/100.0%
[R3] pos=(592,375) state=leader leader=3 trust=1.00 susp=0.00 cov=28.6%/100.0%
[R3] pos=(592,375) state=leader leader=3 trust=1.00 susp=0.00 cov=28.6%/100.0%
[R3] pos=(75,75) state=leader leader=3 trust=1.00 susp=0.00 cov=30.2%/100.0%
[R3] pos=(75,75) state=leader leader=3 trust=1.00 susp=0.00 cov=30.2%/100.0%
[R3] pos=(75,75) state=leader leader=3 trust=1.00 susp=0.00 cov=30.2%/100.0%
[R3] pos=(75,75) state=leader leader=3 trust=1.00 susp=0.00 cov=30.2%/100.0%
[R3] pos=(75,75) state=leader leader=3 trust=1.00 susp=0.00 cov=30.2%/100.0%
[R3] pos=(75,75) state=leader leader=3 trust=1.00 susp=0.00 cov=30.2%/100.0%
[R3] pos=(75,75) state=leader leader=3 trust=1.00 susp=0.00 cov=30.2%/100.0%
[R3] pos=(75,75) state=leader leader=3 trust=1.00 susp=0.00 cov=30.2%/100.0%
[R3] pos=(75,75) state=leader leader=3 trust=1.00 susp=0.00 cov=30.2%/100.0%
[R3] pos=(75,75) state=leader leader=3 trust=1.00 susp=0.00 cov=30.2%/100.0%
[R3] pos=(75,75) state=leader leader=3 trust=1.00 susp=0.00 cov=30.2%/100.0%
[R3] pos=(75,75) state=leader leader=3 trust=1.00 susp=0.00 cov=30.2%/100.0%
[R3] pos=(75,75) state=leader leader=3 trust=1.00 susp=0.00 cov=30.2%/100.0%
[R3] pos=(75,75) state=leader leader=3 trust=1.00 susp=0.00 cov=30.2%/100.0%
[R3] pos=(75,75) state=leader leader=3 trust=1.00 susp=0.00 cov=30.2%/100.0%
[R3] pos=(75,75) state=leader leader=3 trust=1.00 susp=0.00 cov=30.2%/100.0%
[R3] pos=(75,75) state=leader leader=3 trust=1.00 susp=0.00 cov=30.2%/100.0%
[R3] pos=(75,75) state=leader leader=3 trust=1.00 susp=0.00 cov=30.2%/100.0%
[R3] pos=(75,75) state=leader leader=3 trust=1.00 susp=0.00 cov=30.2%/100.0%
[R3] pos=(75,75) state=leader leader=3 trust=1.00 susp=0.00 cov=30.2%/100.0%
[R3] pos=(75,75) state=leader leader=3 trust=1.00 susp=0.00 cov=30.2%/100.0%
[R3] pos=(75,75) state=leader leader=3 trust=1.00 susp=0.00 cov=30.2%/100.0%
[R3] pos=(75,75) state=leader leader=3 trust=1.00 susp=0.00 cov=30.2%/100.0%
[R3] pos=(75,75) state=leader leader=3 trust=1.00 susp=0.00 cov=30.2%/100.0%
[R3] pos=(75,75) state=leader leader=3 trust=1.00 susp=0.00 cov=30.2%/100.0%
[R3] pos=(75,75) state=leader leader=3 trust=1.00 susp=0.00 cov=30.2%/100.0%
[R3] pos=(75,75) state=leader leader=3 trust=1.00 susp=0.00 cov=30.2%/100.0%
[R3] pos=(75,75) state=leader leader=3 trust=1.00 susp=0.00 cov=30.2%/100.0%
[R3] pos=(75,75) state=leader leader=3 trust=1.00 susp=0.00 cov=30.2%/100.0%
[R3] pos=(75,75) state=leader leader=3 trust=1.00 susp=0.00 cov=30.2%/100.0%
[R3] pos=(75,75) state=leader leader=3 trust=1.00 susp=0.00 cov=30.2%/100.0%
[R3] pos=(75,75) state=leader leader=3 trust=1.00 susp=0.00 cov=30.2%/100.0%
[R3] pos=(75,75) state=leader leader=3 trust=1.00 susp=0.00 cov=30.2%/100.0%
[R3] pos=(75,75) state=leader leader=3 trust=1.00 susp=0.00 cov=30.2%/100.0%
[R3] pos=(75,75) state=leader leader=3 trust=1.00 susp=0.00 cov=30.2%/100.0%
[R3] pos=(75,75) state=leader leader=3 trust=1.00 susp=0.00 cov=30.2%/100.0%
[R3] pos=(75,75) state=leader leader=3 trust=1.00 susp=0.00 cov=30.2%/100.0%
[R3] pos=(75,75) state=leader leader=3 trust=1.00 susp=0.00 cov=30.2%/100.0%
[R3] pos=(75,75) state=leader leader=3 trust=1.00 susp=0.00 cov=30.2%/100.0%
