[WARN] Hardware modules not available - simulation mode
=== RAFT Baseline - Robot 1 [SIM] ===
NO TRUST. Heartbeat timeout only.

  Logging to: logs/raft_1_20260226_001944.jsonl
Initializing hardware...
  Hardware: SIMULATED
[INFO] Position socket listening on port 12101
[INFO] Peer socket listening on port 12201
[INFO] Fault socket listening on port 12301
Ready!

Running RAFT baseline... Press Ctrl+C to stop

[R1] state=follower leader=None term=0 cov=0.0%/0.0%
[R1] state=follower leader=2 term=2 cov=0.5%/0.5%
[R1] state=follower leader=2 term=2 cov=1.0%/7.3%
[R1] state=follower leader=2 term=2 cov=1.6%/11.5%
[R1] state=follower leader=2 term=2 cov=2.6%/16.1%
[R1] state=follower leader=2 term=2 cov=3.1%/19.3%
[R1] state=follower leader=2 term=2 cov=4.2%/22.4%
[R1] state=follower leader=2 term=2 cov=5.2%/27.6%
[R1] state=follower leader=2 term=2 cov=5.7%/30.2%
[R1] state=follower leader=2 term=2 cov=6.8%/35.4%
[R1] state=follower leader=2 term=2 cov=7.8%/40.6%
[R1] state=follower leader=2 term=2 cov=8.3%/42.7%
[R1] state=follower leader=2 term=2 cov=9.4%/47.9%
[R1] state=follower leader=2 term=2 cov=10.9%/53.6%
[R1] state=follower leader=2 term=2 cov=11.5%/56.2%
[R1] state=follower leader=2 term=2 cov=12.5%/60.9%
[FAULT] BAD_LEADER mode - will send bad assignments (Raft CANNOT detect this)
[R1] state=follower leader=2 term=2 cov=13.0%/63.5%
[R1] state=follower leader=2 term=2 cov=14.1%/66.1%
[R1] state=follower leader=2 term=2 cov=14.6%/69.3%
[R1] state=follower leader=2 term=2 cov=15.6%/73.4%
[R1] state=follower leader=2 term=2 cov=16.1%/76.0%
[R1] state=follower leader=2 term=2 cov=16.7%/79.7%
[R1] state=follower leader=2 term=2 cov=18.2%/83.9%
[R1] state=follower leader=2 term=2 cov=18.8%/87.5%
[R1] state=follower leader=2 term=2 cov=19.3%/88.0%
[R1] state=follower leader=2 term=2 cov=20.3%/89.1%
[R1] state=follower leader=2 term=2 cov=20.8%/91.1%
[R1] state=follower leader=2 term=2 cov=20.8%/94.8%
[R1] state=follower leader=2 term=2 cov=21.9%/96.9%
[R1] state=follower leader=2 term=2 cov=22.9%/98.4%
[R1] state=follower leader=2 term=2 cov=22.9%/98.4%
[R1] state=follower leader=2 term=2 cov=23.4%/99.5%
[R1] state=follower leader=2 term=2 cov=23.4%/99.5%
[R1] state=follower leader=2 term=2 cov=23.4%/99.5%
[R1] state=follower leader=2 term=2 cov=23.4%/99.5%
[R1] state=follower leader=2 term=2 cov=23.4%/99.5%
[R1] state=follower leader=2 term=2 cov=23.4%/99.5%
[R1] state=follower leader=2 term=2 cov=23.4%/99.5%
[R1] state=follower leader=2 term=2 cov=23.4%/99.5%
[R1] state=follower leader=2 term=2 cov=23.4%/99.5%
[R1] state=follower leader=2 term=2 cov=23.4%/99.5%
[R1] state=follower leader=2 term=2 cov=23.4%/99.5%
[R1] state=follower leader=2 term=2 cov=23.4%/99.5%
[R1] state=follower leader=2 term=2 cov=23.4%/99.5%
[R1] state=follower leader=2 term=2 cov=23.4%/99.5%
[R1] state=follower leader=2 term=2 cov=23.4%/99.5%
[R1] state=follower leader=2 term=2 cov=23.4%/99.5%
[R1] state=follower leader=2 term=2 cov=23.4%/99.5%
[R1] state=follower leader=2 term=2 cov=23.4%/99.5%
[R1] state=follower leader=2 term=2 cov=23.4%/99.5%
[R1] state=follower leader=2 term=2 cov=23.4%/99.5%
[R1] state=follower leader=2 term=2 cov=23.4%/99.5%
[R1] state=follower leader=2 term=2 cov=23.4%/99.5%
[R1] state=follower leader=2 term=2 cov=23.4%/99.5%
[R1] state=follower leader=2 term=2 cov=23.4%/99.5%
[R1] state=follower leader=2 term=2 cov=23.4%/99.5%
[R1] state=follower leader=2 term=2 cov=23.4%/99.5%
[R1] state=follower leader=2 term=2 cov=23.4%/99.5%
[R1] state=follower leader=2 term=2 cov=23.4%/99.5%
[R1] state=follower leader=2 term=2 cov=23.4%/99.5%
[R1] state=follower leader=2 term=2 cov=23.4%/99.5%
[R1] state=follower leader=2 term=2 cov=23.4%/99.5%
[R1] state=follower leader=2 term=2 cov=23.4%/99.5%
