[WARN] Hardware modules not available - simulation mode
=== RAFT Baseline - Robot 2 [SIM] ===
NO TRUST. Heartbeat timeout only.

  Logging to: logs/raft_2_20260226_181141.jsonl
Initializing hardware...
  Hardware: SIMULATED
[INFO] Position socket listening on port 11102
[INFO] Peer socket listening on port 11202
[INFO] Fault socket listening on port 11302
Ready!

Running RAFT baseline... Press Ctrl+C to stop

[R2] state=follower leader=None term=0 cov=0.0%/0.0%
[R2] state=follower leader=5 term=1 cov=0.5%/0.5%
[R2] state=follower leader=5 term=1 cov=2.6%/13.0%
[R2] state=follower leader=5 term=1 cov=5.2%/24.5%
[R2] state=follower leader=5 term=1 cov=8.3%/36.5%
[R2] state=follower leader=5 term=1 cov=9.9%/46.9%
[R2] state=follower leader=5 term=1 cov=12.5%/58.3%
[R2] state=follower leader=5 term=1 cov=15.1%/67.7%
[R2] state=follower leader=5 term=1 cov=17.7%/79.2%
[R2] state=follower leader=5 term=1 cov=19.8%/88.0%
[R2] state=follower leader=5 term=1 cov=21.9%/96.9%
[R2] state=follower leader=5 term=1 cov=25.5%/99.0%
[R2] state=follower leader=5 term=1 cov=29.2%/100.0%
[R2] state=follower leader=5 term=1 cov=30.2%/100.0%
[R2] state=follower leader=5 term=1 cov=30.2%/100.0%
[R2] state=follower leader=5 term=1 cov=30.2%/100.0%
[R2] state=follower leader=5 term=1 cov=30.2%/100.0%
[R2] state=follower leader=5 term=1 cov=30.2%/100.0%
[R2] state=follower leader=5 term=1 cov=30.2%/100.0%
[R2] state=follower leader=5 term=1 cov=30.2%/100.0%
[R2] state=follower leader=5 term=1 cov=30.2%/100.0%
[R2] state=follower leader=5 term=1 cov=30.2%/100.0%
[R2] state=follower leader=5 term=1 cov=30.2%/100.0%
[R2] state=follower leader=5 term=1 cov=30.2%/100.0%
[R2] state=follower leader=5 term=1 cov=30.2%/100.0%
[R2] state=follower leader=5 term=1 cov=30.2%/100.0%
[R2] state=follower leader=5 term=1 cov=30.2%/100.0%
[R2] state=follower leader=5 term=1 cov=30.2%/100.0%
[R2] state=follower leader=5 term=1 cov=30.2%/100.0%
[R2] state=follower leader=5 term=1 cov=30.2%/100.0%
[R2] state=follower leader=5 term=1 cov=30.2%/100.0%
[R2] state=follower leader=5 term=1 cov=30.2%/100.0%
[R2] state=follower leader=5 term=1 cov=30.2%/100.0%
[R2] state=follower leader=5 term=1 cov=30.2%/100.0%
[R2] state=follower leader=5 term=1 cov=30.2%/100.0%
[R2] state=follower leader=5 term=1 cov=30.2%/100.0%
[R2] state=follower leader=5 term=1 cov=30.2%/100.0%
[R2] state=follower leader=5 term=1 cov=30.2%/100.0%
[R2] state=follower leader=5 term=1 cov=30.2%/100.0%
[R2] state=follower leader=5 term=1 cov=30.2%/100.0%
[R2] state=follower leader=5 term=1 cov=30.2%/100.0%
[R2] state=follower leader=5 term=1 cov=30.2%/100.0%
[R2] state=follower leader=5 term=1 cov=30.2%/100.0%
[R2] state=follower leader=5 term=1 cov=30.2%/100.0%
[R2] state=follower leader=5 term=1 cov=30.2%/100.0%
[R2] state=follower leader=5 term=1 cov=30.2%/100.0%
[R2] state=follower leader=5 term=1 cov=30.2%/100.0%
[R2] state=follower leader=5 term=1 cov=30.2%/100.0%
[R2] state=follower leader=5 term=1 cov=30.2%/100.0%
[R2] state=follower leader=5 term=1 cov=30.2%/100.0%
[R2] state=follower leader=5 term=1 cov=30.2%/100.0%
[R2] state=follower leader=5 term=1 cov=30.2%/100.0%
[R2] state=follower leader=5 term=1 cov=30.2%/100.0%
[R2] state=follower leader=5 term=1 cov=30.2%/100.0%
[R2] state=follower leader=5 term=1 cov=30.2%/100.0%
[R2] state=follower leader=5 term=1 cov=30.2%/100.0%
[R2] state=follower leader=5 term=1 cov=30.2%/100.0%
[R2] state=follower leader=5 term=1 cov=30.2%/100.0%
[R2] state=follower leader=5 term=1 cov=30.2%/100.0%
[R2] state=follower leader=5 term=1 cov=30.2%/100.0%
[R2] state=follower leader=5 term=1 cov=30.2%/100.0%
[R2] state=follower leader=5 term=1 cov=30.2%/100.0%
[R2] state=follower leader=5 term=1 cov=30.2%/100.0%
[R2] state=follower leader=5 term=1 cov=30.2%/100.0%
[R2] state=follower leader=5 term=1 cov=30.2%/100.0%
