[WARN] Hardware modules not available - running in simulation mode
=== REIP Node - Robot 1 [SIM (unique ports)] ===
Trust Model: Three-tier confidence-weighted
  Personal: 1.0, ToF: 1.0, Peer: 0.3
  Suspicion threshold: 1.5, Recovery: 0.1

  Logging to: logs/robot_1_20260226_183537.jsonl
Initializing hardware...
  Hardware: SIMULATED
[INFO] Position socket listening on port 10101
[INFO] Peer socket listening on port 10201
[INFO] Fault socket listening on port 10301
Ready!

=== DECENTRALIZED MODE - No leader coordination ===
=== Detection Bounds: T1=2 cmds, T3=8 cmds | Impeachment: T1=8 cmds, T3=32 cmds ===
Running... Press Ctrl+C to stop

[R1] pos=(0,0) state=exploring leader=None trust=1.00 susp=0.00 cov=0.0%/0.0%
[R1] pos=(1444,937) state=exploring leader=None trust=1.00 susp=0.00 cov=0.5%/2.1%
[R1] pos=(785,938) state=exploring leader=None trust=1.00 susp=0.00 cov=3.1%/14.1%
[R1] pos=(581,829) state=exploring leader=None trust=1.00 susp=0.00 cov=4.7%/24.5%
[R1] pos=(221,1114) state=exploring leader=None trust=1.00 susp=0.00 cov=8.3%/37.5%
[R1] pos=(440,1183) state=exploring leader=None trust=1.00 susp=0.00 cov=10.9%/48.4%
[R1] pos=(601,1110) state=exploring leader=None trust=1.00 susp=0.00 cov=13.5%/60.4%
[R1] pos=(799,294) state=exploring leader=None trust=1.00 susp=0.00 cov=17.7%/69.3%
[R1] pos=(1342,75) state=exploring leader=None trust=1.00 susp=0.00 cov=20.3%/80.2%
[R1] pos=(1854,252) state=exploring leader=None trust=1.00 susp=0.00 cov=23.4%/88.5%
[R1] pos=(1925,277) state=exploring leader=None trust=1.00 susp=0.00 cov=24.5%/97.9%
[R1] pos=(1925,699) state=exploring leader=None trust=1.00 susp=0.00 cov=26.6%/99.0%
[R1] pos=(1925,1424) state=exploring leader=None trust=1.00 susp=0.00 cov=29.7%/100.0%
[R1] pos=(1925,1424) state=exploring leader=None trust=1.00 susp=0.00 cov=29.7%/100.0%
[R1] pos=(1925,1424) state=exploring leader=None trust=1.00 susp=0.00 cov=29.7%/100.0%
[R1] pos=(1925,1424) state=exploring leader=None trust=1.00 susp=0.00 cov=29.7%/100.0%
[FAULT] BAD_LEADER mode activated - will send bad assignments
[R1] pos=(1925,1424) state=exploring leader=None trust=1.00 susp=0.00 cov=29.7%/100.0%
[R1] pos=(1925,1424) state=exploring leader=None trust=1.00 susp=0.00 cov=29.7%/100.0%
[R1] pos=(1925,1424) state=exploring leader=None trust=1.00 susp=0.00 cov=29.7%/100.0%
[R1] pos=(1925,1424) state=exploring leader=None trust=1.00 susp=0.00 cov=29.7%/100.0%
[R1] pos=(1925,1424) state=exploring leader=None trust=1.00 susp=0.00 cov=29.7%/100.0%
[R1] pos=(1925,1424) state=exploring leader=None trust=1.00 susp=0.00 cov=29.7%/100.0%
[R1] pos=(1925,1424) state=exploring leader=None trust=1.00 susp=0.00 cov=29.7%/100.0%
[R1] pos=(1925,1424) state=exploring leader=None trust=1.00 susp=0.00 cov=29.7%/100.0%
[R1] pos=(1925,1424) state=exploring leader=None trust=1.00 susp=0.00 cov=29.7%/100.0%
[R1] pos=(1925,1424) state=exploring leader=None trust=1.00 susp=0.00 cov=29.7%/100.0%
[R1] pos=(1925,1424) state=exploring leader=None trust=1.00 susp=0.00 cov=29.7%/100.0%
[R1] pos=(1925,1424) state=exploring leader=None trust=1.00 susp=0.00 cov=29.7%/100.0%
[R1] pos=(1925,1424) state=exploring leader=None trust=1.00 susp=0.00 cov=29.7%/100.0%
[R1] pos=(1925,1424) state=exploring leader=None trust=1.00 susp=0.00 cov=29.7%/100.0%
[R1] pos=(1925,1424) state=exploring leader=None trust=1.00 susp=0.00 cov=29.7%/100.0%
[R1] pos=(1925,1424) state=exploring leader=None trust=1.00 susp=0.00 cov=29.7%/100.0%
[R1] pos=(1925,1424) state=exploring leader=None trust=1.00 susp=0.00 cov=29.7%/100.0%
[R1] pos=(1925,1424) state=exploring leader=None trust=1.00 susp=0.00 cov=29.7%/100.0%
[R1] pos=(1925,1424) state=exploring leader=None trust=1.00 susp=0.00 cov=29.7%/100.0%
[R1] pos=(1925,1424) state=exploring leader=None trust=1.00 susp=0.00 cov=29.7%/100.0%
[R1] pos=(1925,1424) state=exploring leader=None trust=1.00 susp=0.00 cov=29.7%/100.0%
[R1] pos=(1925,1424) state=exploring leader=None trust=1.00 susp=0.00 cov=29.7%/100.0%
[R1] pos=(1925,1424) state=exploring leader=None trust=1.00 susp=0.00 cov=29.7%/100.0%
[R1] pos=(1925,1424) state=exploring leader=None trust=1.00 susp=0.00 cov=29.7%/100.0%
[R1] pos=(1925,1424) state=exploring leader=None trust=1.00 susp=0.00 cov=29.7%/100.0%
[R1] pos=(1925,1424) state=exploring leader=None trust=1.00 susp=0.00 cov=29.7%/100.0%
[R1] pos=(1925,1424) state=exploring leader=None trust=1.00 susp=0.00 cov=29.7%/100.0%
[R1] pos=(1925,1424) state=exploring leader=None trust=1.00 susp=0.00 cov=29.7%/100.0%
[R1] pos=(1925,1424) state=exploring leader=None trust=1.00 susp=0.00 cov=29.7%/100.0%
[R1] pos=(1925,1424) state=exploring leader=None trust=1.00 susp=0.00 cov=29.7%/100.0%
[R1] pos=(1925,1424) state=exploring leader=None trust=1.00 susp=0.00 cov=29.7%/100.0%
[R1] pos=(1925,1424) state=exploring leader=None trust=1.00 susp=0.00 cov=29.7%/100.0%
[R1] pos=(1925,1424) state=exploring leader=None trust=1.00 susp=0.00 cov=29.7%/100.0%
[R1] pos=(1925,1424) state=exploring leader=None trust=1.00 susp=0.00 cov=29.7%/100.0%
[R1] pos=(1925,1424) state=exploring leader=None trust=1.00 susp=0.00 cov=29.7%/100.0%
[R1] pos=(1925,1424) state=exploring leader=None trust=1.00 susp=0.00 cov=29.7%/100.0%
[R1] pos=(1925,1424) state=exploring leader=None trust=1.00 susp=0.00 cov=29.7%/100.0%
[R1] pos=(1925,1424) state=exploring leader=None trust=1.00 susp=0.00 cov=29.7%/100.0%
[R1] pos=(1925,1424) state=exploring leader=None trust=1.00 susp=0.00 cov=29.7%/100.0%
[R1] pos=(1925,1424) state=exploring leader=None trust=1.00 susp=0.00 cov=29.7%/100.0%
[R1] pos=(1925,1424) state=exploring leader=None trust=1.00 susp=0.00 cov=29.7%/100.0%
[R1] pos=(1925,1424) state=exploring leader=None trust=1.00 susp=0.00 cov=29.7%/100.0%
[R1] pos=(1925,1424) state=exploring leader=None trust=1.00 susp=0.00 cov=29.7%/100.0%
[R1] pos=(1925,1424) state=exploring leader=None trust=1.00 susp=0.00 cov=29.7%/100.0%
[R1] pos=(1925,1424) state=exploring leader=None trust=1.00 susp=0.00 cov=29.7%/100.0%
