[WARN] Hardware modules not available - running in simulation mode
=== REIP Node - Robot 5 [SIM (unique ports)] ===
Trust Model: Three-tier confidence-weighted
  Personal: 1.0, ToF: 1.0, Peer: 0.3
  Suspicion threshold: 1.5, Recovery: 0.1

  Logging to: logs/robot_5_20260226_002209.jsonl
Initializing hardware...
  Hardware: SIMULATED
[INFO] Position socket listening on port 16105
[INFO] Peer socket listening on port 16205
[INFO] Fault socket listening on port 16305
Ready!

=== DECENTRALIZED MODE - No leader coordination ===
=== Detection Bounds: T1=2 cmds, T3=8 cmds | Impeachment: T1=8 cmds, T3=32 cmds ===
Running... Press Ctrl+C to stop

[R5] pos=(0,0) state=exploring leader=None trust=1.00 susp=0.00 cov=0.0%/0.0%
[R5] pos=(1112,217) state=exploring leader=None trust=1.00 susp=0.00 cov=1.0%/3.6%
[R5] pos=(867,189) state=exploring leader=None trust=1.00 susp=0.00 cov=2.1%/9.4%
[R5] pos=(617,188) state=exploring leader=None trust=1.00 susp=0.00 cov=3.1%/13.5%
[R5] pos=(392,188) state=exploring leader=None trust=1.00 susp=0.00 cov=3.6%/18.2%
[R5] pos=(200,261) state=exploring leader=None trust=1.00 susp=0.00 cov=5.2%/21.9%
[R5] pos=(188,510) state=exploring leader=None trust=1.00 susp=0.00 cov=6.2%/26.0%
[R5] pos=(309,428) state=exploring leader=None trust=1.00 susp=0.00 cov=7.3%/29.7%
[R5] pos=(426,395) state=exploring leader=None trust=1.00 susp=0.00 cov=8.9%/33.3%
[R5] pos=(437,619) state=exploring leader=None trust=1.00 susp=0.00 cov=9.4%/36.5%
[R5] pos=(557,586) state=exploring leader=None trust=1.00 susp=0.00 cov=10.9%/40.6%
[R5] pos=(562,336) state=exploring leader=None trust=1.00 susp=0.00 cov=12.0%/44.8%
[R5] pos=(683,440) state=exploring leader=None trust=1.00 susp=0.00 cov=13.0%/49.0%
[R5] pos=(712,669) state=exploring leader=None trust=1.00 susp=0.00 cov=14.1%/53.6%
[R5] pos=(808,831) state=exploring leader=None trust=1.00 susp=0.00 cov=15.1%/57.8%
[R5] pos=(926,857) state=exploring leader=None trust=1.00 susp=0.00 cov=16.7%/63.0%
[R5] pos=(1036,700) state=exploring leader=None trust=1.00 susp=0.00 cov=17.7%/65.6%
[R5] pos=(1170,556) state=exploring leader=None trust=1.00 susp=0.00 cov=18.8%/68.2%
[R5] pos=(1367,433) state=exploring leader=None trust=1.00 susp=0.00 cov=19.8%/69.3%
[R5] pos=(1442,406) state=exploring leader=None trust=1.00 susp=0.00 cov=20.8%/70.3%
[R5] pos=(1467,552) state=exploring leader=None trust=1.00 susp=0.00 cov=21.4%/72.4%
[R5] pos=(1632,448) state=exploring leader=None trust=1.00 susp=0.00 cov=22.9%/76.6%
[R5] pos=(1686,640) state=exploring leader=None trust=1.00 susp=0.00 cov=24.0%/79.7%
[R5] pos=(1568,806) state=exploring leader=None trust=1.00 susp=0.00 cov=25.0%/82.8%
[R5] pos=(1563,1056) state=exploring leader=None trust=1.00 susp=0.00 cov=26.0%/85.9%
[R5] pos=(1665,1156) state=exploring leader=None trust=1.00 susp=0.00 cov=27.1%/88.0%
[R5] pos=(1736,950) state=exploring leader=None trust=1.00 susp=0.00 cov=28.1%/90.1%
[R5] pos=(1811,1139) state=exploring leader=None trust=1.00 susp=0.00 cov=29.7%/92.2%
[R5] pos=(1739,1303) state=exploring leader=None trust=1.00 susp=0.00 cov=30.7%/94.3%
[R5] pos=(1815,1425) state=exploring leader=None trust=1.00 susp=0.00 cov=31.8%/96.4%
[R5] pos=(1925,1302) state=exploring leader=None trust=1.00 susp=0.00 cov=32.8%/98.4%
[R5] pos=(1925,1059) state=exploring leader=None trust=1.00 susp=0.00 cov=33.9%/100.0%
[R5] pos=(1925,1059) state=exploring leader=None trust=1.00 susp=0.00 cov=33.9%/100.0%
[R5] pos=(1925,1059) state=exploring leader=None trust=1.00 susp=0.00 cov=33.9%/100.0%
[R5] pos=(1925,1059) state=exploring leader=None trust=1.00 susp=0.00 cov=33.9%/100.0%
[R5] pos=(1925,1059) state=exploring leader=None trust=1.00 susp=0.00 cov=33.9%/100.0%
[R5] pos=(1925,1059) state=exploring leader=None trust=1.00 susp=0.00 cov=33.9%/100.0%
[R5] pos=(1925,1059) state=exploring leader=None trust=1.00 susp=0.00 cov=33.9%/100.0%
[R5] pos=(1925,1059) state=exploring leader=None trust=1.00 susp=0.00 cov=33.9%/100.0%
[R5] pos=(1925,1059) state=exploring leader=None trust=1.00 susp=0.00 cov=33.9%/100.0%
[R5] pos=(1925,1059) state=exploring leader=None trust=1.00 susp=0.00 cov=33.9%/100.0%
[R5] pos=(1925,1059) state=exploring leader=None trust=1.00 susp=0.00 cov=33.9%/100.0%
[R5] pos=(1925,1059) state=exploring leader=None trust=1.00 susp=0.00 cov=33.9%/100.0%
[R5] pos=(1925,1059) state=exploring leader=None trust=1.00 susp=0.00 cov=33.9%/100.0%
[R5] pos=(1925,1059) state=exploring leader=None trust=1.00 susp=0.00 cov=33.9%/100.0%
[R5] pos=(1925,1059) state=exploring leader=None trust=1.00 susp=0.00 cov=33.9%/100.0%
[R5] pos=(1925,1059) state=exploring leader=None trust=1.00 susp=0.00 cov=33.9%/100.0%
[R5] pos=(1925,1059) state=exploring leader=None trust=1.00 susp=0.00 cov=33.9%/100.0%
[R5] pos=(1925,1059) state=exploring leader=None trust=1.00 susp=0.00 cov=33.9%/100.0%
[R5] pos=(1925,1059) state=exploring leader=None trust=1.00 susp=0.00 cov=33.9%/100.0%
[R5] pos=(1925,1059) state=exploring leader=None trust=1.00 susp=0.00 cov=33.9%/100.0%
[R5] pos=(1925,1059) state=exploring leader=None trust=1.00 susp=0.00 cov=33.9%/100.0%
[R5] pos=(1925,1059) state=exploring leader=None trust=1.00 susp=0.00 cov=33.9%/100.0%
[R5] pos=(1925,1059) state=exploring leader=None trust=1.00 susp=0.00 cov=33.9%/100.0%
[R5] pos=(1925,1059) state=exploring leader=None trust=1.00 susp=0.00 cov=33.9%/100.0%
[R5] pos=(1925,1059) state=exploring leader=None trust=1.00 susp=0.00 cov=33.9%/100.0%
[R5] pos=(1925,1059) state=exploring leader=None trust=1.00 susp=0.00 cov=33.9%/100.0%
[R5] pos=(1925,1059) state=exploring leader=None trust=1.00 susp=0.00 cov=33.9%/100.0%
[R5] pos=(1925,1059) state=exploring leader=None trust=1.00 susp=0.00 cov=33.9%/100.0%
[R5] pos=(1925,1059) state=exploring leader=None trust=1.00 susp=0.00 cov=33.9%/100.0%
[R5] pos=(1925,1059) state=exploring leader=None trust=1.00 susp=0.00 cov=33.9%/100.0%
