[WARN] Hardware modules not available - running in simulation mode
=== REIP Node - Robot 2 [SIM (unique ports)] ===
Trust Model: Three-tier confidence-weighted
  Personal: 1.0, ToF: 1.0, Peer: 0.3
  Suspicion threshold: 1.5, Recovery: 0.1

  Logging to: logs/robot_2_20260226_001741.jsonl
Initializing hardware...
  Hardware: SIMULATED
[INFO] Position socket listening on port 11102
[INFO] Peer socket listening on port 11202
[INFO] Fault socket listening on port 11302
Ready!

=== Detection Bounds: T1=2 cmds, T3=8 cmds | Impeachment: T1=8 cmds, T3=32 cmds ===
Running... Press Ctrl+C to stop

[ELECTION] New leader: 2
[R2] pos=(0,0) state=leader leader=2 trust=1.00 susp=0.00 cov=0.0%/0.0%
[ELECTION] New leader: 1
[R2] pos=(765,715) state=follower leader=1 trust=1.00 susp=0.00 cov=0.5%/2.1%
[R2] pos=(732,683) state=follower leader=1 trust=1.00 susp=0.00 cov=1.0%/4.2%
[R2] pos=(689,566) state=follower leader=1 trust=1.00 susp=0.00 cov=1.6%/6.8%
[R2] pos=(836,522) state=follower leader=1 trust=1.00 susp=0.00 cov=2.1%/10.9%
[R2] pos=(847,466) state=follower leader=1 trust=1.00 susp=0.00 cov=2.6%/13.5%
[R2] pos=(940,486) state=follower leader=1 trust=1.00 susp=0.00 cov=3.1%/17.7%
[R2] pos=(1020,548) state=follower leader=1 trust=1.00 susp=0.00 cov=4.2%/21.9%
[R2] pos=(1063,433) state=follower leader=1 trust=1.00 susp=0.00 cov=4.7%/25.5%
[R2] pos=(1094,263) state=follower leader=1 trust=1.00 susp=0.00 cov=5.2%/29.7%
[R2] pos=(1120,198) state=follower leader=1 trust=1.00 susp=0.00 cov=6.8%/35.4%
[R2] pos=(1112,75) state=follower leader=1 trust=1.00 susp=0.00 cov=7.3%/40.1%
[R2] pos=(1309,125) state=follower leader=1 trust=1.00 susp=0.00 cov=8.3%/44.8%
[R2] pos=(1312,275) state=follower leader=1 trust=1.00 susp=0.00 cov=9.4%/48.4%
[R2] pos=(1138,306) state=follower leader=1 trust=1.00 susp=0.00 cov=9.4%/52.6%
[R2] pos=(953,263) state=follower leader=1 trust=1.00 susp=0.00 cov=9.9%/56.8%
[R2] pos=(863,188) state=follower leader=1 trust=1.00 susp=0.00 cov=10.9%/59.9%
[R2] pos=(769,296) state=follower leader=1 trust=1.00 susp=0.00 cov=11.5%/61.5%
[R2] pos=(662,186) state=follower leader=1 trust=1.00 susp=0.00 cov=12.5%/63.5%
[R2] pos=(538,167) state=follower leader=1 trust=1.00 susp=0.00 cov=13.0%/66.1%
[R2] pos=(484,78) state=follower leader=1 trust=1.00 susp=0.00 cov=14.1%/69.3%
[R2] pos=(656,120) state=follower leader=1 trust=1.00 susp=0.00 cov=15.1%/74.0%
[R2] pos=(579,284) state=follower leader=1 trust=1.00 susp=0.00 cov=15.6%/77.1%
[R2] pos=(438,412) state=follower leader=1 trust=1.00 susp=0.00 cov=16.7%/82.8%
[R2] pos=(579,502) state=follower leader=1 trust=1.00 susp=0.00 cov=17.7%/86.5%
[R2] pos=(483,549) state=follower leader=1 trust=1.00 susp=0.00 cov=18.2%/88.5%
[R2] pos=(384,680) state=follower leader=1 trust=1.00 susp=0.00 cov=18.8%/90.6%
[R2] pos=(313,813) state=follower leader=1 trust=1.00 susp=0.00 cov=19.8%/94.3%
[R2] pos=(438,912) state=follower leader=1 trust=1.00 susp=0.00 cov=20.8%/96.9%
[R2] pos=(563,810) state=follower leader=1 trust=1.00 susp=0.00 cov=21.9%/99.5%
[R2] pos=(563,810) state=follower leader=1 trust=1.00 susp=0.00 cov=21.9%/100.0%
[R2] pos=(563,810) state=follower leader=1 trust=1.00 susp=0.00 cov=21.9%/100.0%
[R2] pos=(563,810) state=follower leader=1 trust=1.00 susp=0.00 cov=21.9%/100.0%
[R2] pos=(563,810) state=follower leader=1 trust=1.00 susp=0.00 cov=21.9%/100.0%
[R2] pos=(563,810) state=follower leader=1 trust=1.00 susp=0.00 cov=21.9%/100.0%
[R2] pos=(563,810) state=follower leader=1 trust=1.00 susp=0.00 cov=21.9%/100.0%
[R2] pos=(563,810) state=follower leader=1 trust=1.00 susp=0.00 cov=21.9%/100.0%
[R2] pos=(563,810) state=follower leader=1 trust=1.00 susp=0.00 cov=21.9%/100.0%
[R2] pos=(563,810) state=follower leader=1 trust=1.00 susp=0.00 cov=21.9%/100.0%
[R2] pos=(563,810) state=follower leader=1 trust=1.00 susp=0.00 cov=21.9%/100.0%
[R2] pos=(563,810) state=follower leader=1 trust=1.00 susp=0.00 cov=21.9%/100.0%
[R2] pos=(563,810) state=follower leader=1 trust=1.00 susp=0.00 cov=21.9%/100.0%
[R2] pos=(563,810) state=follower leader=1 trust=1.00 susp=0.00 cov=21.9%/100.0%
[R2] pos=(563,810) state=follower leader=1 trust=1.00 susp=0.00 cov=21.9%/100.0%
[R2] pos=(563,810) state=follower leader=1 trust=1.00 susp=0.00 cov=21.9%/100.0%
[R2] pos=(563,810) state=follower leader=1 trust=1.00 susp=0.00 cov=21.9%/100.0%
[R2] pos=(563,810) state=follower leader=1 trust=1.00 susp=0.00 cov=21.9%/100.0%
[R2] pos=(563,810) state=follower leader=1 trust=1.00 susp=0.00 cov=21.9%/100.0%
[R2] pos=(563,810) state=follower leader=1 trust=1.00 susp=0.00 cov=21.9%/100.0%
[R2] pos=(563,810) state=follower leader=1 trust=1.00 susp=0.00 cov=21.9%/100.0%
[R2] pos=(563,810) state=follower leader=1 trust=1.00 susp=0.00 cov=21.9%/100.0%
[R2] pos=(563,810) state=follower leader=1 trust=1.00 susp=0.00 cov=21.9%/100.0%
[R2] pos=(563,810) state=follower leader=1 trust=1.00 susp=0.00 cov=21.9%/100.0%
[R2] pos=(563,810) state=follower leader=1 trust=1.00 susp=0.00 cov=21.9%/100.0%
[R2] pos=(563,810) state=follower leader=1 trust=1.00 susp=0.00 cov=21.9%/100.0%
[R2] pos=(563,810) state=follower leader=1 trust=1.00 susp=0.00 cov=21.9%/100.0%
[R2] pos=(563,810) state=follower leader=1 trust=1.00 susp=0.00 cov=21.9%/100.0%
[R2] pos=(563,810) state=follower leader=1 trust=1.00 susp=0.00 cov=21.9%/100.0%
[R2] pos=(563,810) state=follower leader=1 trust=1.00 susp=0.00 cov=21.9%/100.0%
[R2] pos=(563,810) state=follower leader=1 trust=1.00 susp=0.00 cov=21.9%/100.0%
[R2] pos=(563,810) state=follower leader=1 trust=1.00 susp=0.00 cov=21.9%/100.0%
