[WARN] Hardware modules not available - running in simulation mode
=== REIP Node - Robot 1 [SIM (unique ports)] ===
Trust Model: Three-tier confidence-weighted
  Personal: 1.0, ToF: 1.0, Peer: 0.3
  Suspicion threshold: 1.5, Recovery: 0.1

  Logging to: logs/robot_1_20260226_172412.jsonl
Initializing hardware...
  Hardware: SIMULATED
[INFO] Position socket listening on port 13101
[INFO] Peer socket listening on port 13201
[INFO] Fault socket listening on port 13301
Ready!

=== Detection Bounds: T1=2 cmds, T3=8 cmds | Impeachment: T1=8 cmds, T3=32 cmds ===
Running... Press Ctrl+C to stop

[ELECTION] New leader: 1
[R1] pos=(0,0) state=leader leader=1 trust=1.00 susp=0.00 cov=0.0%/0.0%
[R1] pos=(856,660) state=leader leader=1 trust=1.00 susp=0.00 cov=0.5%/0.5%
[R1] pos=(773,647) state=leader leader=1 trust=1.00 susp=0.00 cov=1.6%/13.5%
[R1] pos=(971,406) state=leader leader=1 trust=1.00 susp=0.00 cov=3.1%/21.9%
[R1] pos=(915,112) state=leader leader=1 trust=1.00 susp=0.00 cov=6.2%/31.2%
[R1] pos=(561,75) state=leader leader=1 trust=1.00 susp=0.00 cov=9.9%/40.6%
[R1] pos=(903,581) state=leader leader=1 trust=1.00 susp=0.00 cov=11.5%/50.5%
[R1] pos=(1314,941) state=leader leader=1 trust=1.00 susp=0.00 cov=14.6%/63.0%
[R1] pos=(1567,929) state=leader leader=1 trust=1.00 susp=0.00 cov=17.7%/74.5%
[R1] pos=(1787,935) state=leader leader=1 trust=1.00 susp=0.00 cov=19.8%/82.8%
[R1] pos=(1702,677) state=leader leader=1 trust=1.00 susp=0.00 cov=22.9%/91.7%
[R1] pos=(956,1025) state=leader leader=1 trust=1.00 susp=0.00 cov=24.5%/95.8%
[R1] pos=(939,1425) state=leader leader=1 trust=1.00 susp=0.00 cov=28.1%/100.0%
[R1] pos=(939,1425) state=leader leader=1 trust=1.00 susp=0.00 cov=28.1%/100.0%
[R1] pos=(939,1425) state=leader leader=1 trust=1.00 susp=0.00 cov=28.1%/100.0%
[R1] pos=(939,1425) state=leader leader=1 trust=1.00 susp=0.00 cov=28.1%/100.0%
[R1] pos=(939,1425) state=leader leader=1 trust=1.00 susp=0.00 cov=28.1%/100.0%
[FAULT] BAD_LEADER mode activated - will send bad assignments
[BAD_LEADER] Sending 5 robots to EXPLORED cells: [(187.5, 437.5), (687.5, 687.5), (1937.5, 187.5)]...
[BAD_LEADER] Sending 5 robots to EXPLORED cells: [(1562.5, 1437.5), (1562.5, 812.5), (812.5, 562.5)]...
[BAD_LEADER] Sending 5 robots to EXPLORED cells: [(1562.5, 1437.5), (812.5, 1062.5), (1687.5, 937.5)]...
[BAD_LEADER] Sending 5 robots to EXPLORED cells: [(1937.5, 1312.5), (1062.5, 812.5), (312.5, 312.5)]...
[BAD_LEADER] Sending 5 robots to EXPLORED cells: [(562.5, 1437.5), (1187.5, 937.5), (1187.5, 1062.5)]...
[BAD_LEADER] Sending 5 robots to EXPLORED cells: [(562.5, 1187.5), (437.5, 62.5), (1062.5, 562.5)]...
[BAD_LEADER] Sending 5 robots to EXPLORED cells: [(687.5, 562.5), (1687.5, 62.5), (562.5, 312.5)]...
[BAD_LEADER] Sending 5 robots to EXPLORED cells: [(812.5, 687.5), (187.5, 1312.5), (687.5, 687.5)]...
[BAD_LEADER] Sending 5 robots to EXPLORED cells: [(1562.5, 937.5), (1937.5, 1437.5), (937.5, 1062.5)]...
[BAD_LEADER] Sending 5 robots to EXPLORED cells: [(187.5, 1187.5), (1562.5, 937.5), (1937.5, 562.5)]...
[R1] pos=(929,1142) state=leader leader=1 trust=1.00 susp=0.00 cov=29.7%/100.0%
[BAD_LEADER] Sending 5 robots to EXPLORED cells: [(937.5, 312.5), (687.5, 687.5), (562.5, 562.5)]...
[BAD_LEADER] Sending 5 robots to EXPLORED cells: [(1937.5, 937.5), (437.5, 1437.5), (1812.5, 1437.5)]...
[BAD_LEADER] Sending 5 robots to EXPLORED cells: [(1062.5, 687.5), (687.5, 687.5), (1562.5, 937.5)]...
[BAD_LEADER] Sending 5 robots to EXPLORED cells: [(1312.5, 187.5), (437.5, 62.5), (62.5, 937.5)]...
[BAD_LEADER] Sending 5 robots to EXPLORED cells: [(562.5, 62.5), (1062.5, 937.5), (187.5, 1437.5)]...
[BAD_LEADER] Sending 5 robots to EXPLORED cells: [(437.5, 812.5), (1437.5, 562.5), (812.5, 937.5)]...
[BAD_LEADER] Sending 5 robots to EXPLORED cells: [(1687.5, 437.5), (1312.5, 312.5), (562.5, 937.5)]...
[BAD_LEADER] Sending 5 robots to EXPLORED cells: [(187.5, 1437.5), (1937.5, 1187.5), (187.5, 562.5)]...
[BAD_LEADER] Sending 5 robots to EXPLORED cells: [(937.5, 1312.5), (1062.5, 937.5), (1562.5, 812.5)]...
[R1] pos=(785,809) state=leader leader=1 trust=1.00 susp=0.00 cov=31.2%/100.0%
[BAD_LEADER] Sending 5 robots to EXPLORED cells: [(812.5, 1437.5), (1312.5, 1187.5), (937.5, 562.5)]...
[BAD_LEADER] Sending 5 robots to EXPLORED cells: [(1937.5, 687.5), (1562.5, 437.5), (1312.5, 1062.5)]...
[BAD_LEADER] Sending 5 robots to EXPLORED cells: [(1937.5, 62.5), (1562.5, 1312.5), (437.5, 562.5)]...
[BAD_LEADER] Sending 5 robots to EXPLORED cells: [(687.5, 312.5), (62.5, 812.5), (312.5, 1062.5)]...
[BAD_LEADER] Sending 5 robots to EXPLORED cells: [(812.5, 1312.5), (937.5, 62.5), (1812.5, 1187.5)]...
[BAD_LEADER] Sending 5 robots to EXPLORED cells: [(562.5, 562.5), (687.5, 312.5), (1062.5, 187.5)]...
[BAD_LEADER] Sending 5 robots to EXPLORED cells: [(437.5, 1312.5), (1187.5, 1312.5), (1812.5, 937.5)]...
[BAD_LEADER] Sending 5 robots to EXPLORED cells: [(562.5, 562.5), (1187.5, 562.5), (1312.5, 687.5)]...
[BAD_LEADER] Sending 5 robots to EXPLORED cells: [(1687.5, 437.5), (812.5, 1187.5), (1687.5, 562.5)]...
[BAD_LEADER] Sending 5 robots to EXPLORED cells: [(1812.5, 562.5), (687.5, 437.5), (437.5, 312.5)]...
[R1] pos=(632,640) state=leader leader=1 trust=1.00 susp=0.00 cov=31.8%/100.0%
[BAD_LEADER] Sending 5 robots to EXPLORED cells: [(562.5, 687.5), (1562.5, 1437.5), (937.5, 1062.5)]...
[BAD_LEADER] Sending 5 robots to EXPLORED cells: [(312.5, 1187.5), (562.5, 62.5), (1312.5, 187.5)]...
[BAD_LEADER] Sending 5 robots to EXPLORED cells: [(812.5, 187.5), (1687.5, 687.5), (562.5, 312.5)]...
[BAD_LEADER] Sending 5 robots to EXPLORED cells: [(1687.5, 312.5), (812.5, 687.5), (1187.5, 687.5)]...
[BAD_LEADER] Sending 5 robots to EXPLORED cells: [(1312.5, 1437.5), (62.5, 437.5), (437.5, 687.5)]...
[BAD_LEADER] Sending 5 robots to EXPLORED cells: [(187.5, 562.5), (1437.5, 312.5), (1562.5, 1312.5)]...
[BAD_LEADER] Sending 5 robots to EXPLORED cells: [(1187.5, 1187.5), (1687.5, 437.5), (1937.5, 1187.5)]...
[BAD_LEADER] Sending 5 robots to EXPLORED cells: [(1687.5, 937.5), (62.5, 1312.5), (1562.5, 312.5)]...
[BAD_LEADER] Sending 5 robots to EXPLORED cells: [(1437.5, 687.5), (1812.5, 1437.5), (312.5, 1437.5)]...
[BAD_LEADER] Sending 5 robots to EXPLORED cells: [(1437.5, 812.5), (1187.5, 812.5), (1562.5, 812.5)]...
[ELECTION] New leader: 2
[R1] pos=(694,718) state=follower leader=2 trust=1.00 susp=0.00 cov=32.3%/100.0%
[R1] pos=(1281,848) state=follower leader=2 trust=1.00 susp=0.00 cov=32.8%/100.0%
[R1] pos=(1281,848) state=follower leader=2 trust=1.00 susp=0.00 cov=32.8%/100.0%
[R1] pos=(1281,848) state=follower leader=2 trust=1.00 susp=0.00 cov=32.8%/100.0%
[R1] pos=(1281,848) state=follower leader=2 trust=1.00 susp=0.00 cov=32.8%/100.0%
[R1] pos=(1281,848) state=follower leader=2 trust=1.00 susp=0.00 cov=32.8%/100.0%
[R1] pos=(1525,902) state=follower leader=2 trust=1.00 susp=0.00 cov=32.8%/100.0%
[R1] pos=(1769,955) state=follower leader=2 trust=1.00 susp=0.00 cov=32.8%/100.0%
[R1] pos=(1769,955) state=follower leader=2 trust=1.00 susp=0.00 cov=32.8%/100.0%
[R1] pos=(1769,955) state=follower leader=2 trust=1.00 susp=0.00 cov=32.8%/100.0%
[R1] pos=(1769,955) state=follower leader=2 trust=1.00 susp=0.00 cov=32.8%/100.0%
[R1] pos=(1769,955) state=follower leader=2 trust=1.00 susp=0.00 cov=32.8%/100.0%
[R1] pos=(1769,955) state=follower leader=2 trust=1.00 susp=0.00 cov=32.8%/100.0%
[R1] pos=(1769,955) state=follower leader=2 trust=1.00 susp=0.00 cov=32.8%/100.0%
[R1] pos=(1647,929) state=follower leader=2 trust=1.00 susp=0.00 cov=32.8%/100.0%
[R1] pos=(1671,934) state=follower leader=2 trust=1.00 susp=0.00 cov=32.8%/100.0%
[R1] pos=(1671,934) state=follower leader=2 trust=1.00 susp=0.00 cov=32.8%/100.0%
[R1] pos=(1671,934) state=follower leader=2 trust=1.00 susp=0.00 cov=32.8%/100.0%
[R1] pos=(1671,934) state=follower leader=2 trust=1.00 susp=0.00 cov=32.8%/100.0%
[R1] pos=(1671,934) state=follower leader=2 trust=1.00 susp=0.00 cov=32.8%/100.0%
[R1] pos=(1671,934) state=follower leader=2 trust=1.00 susp=0.00 cov=32.8%/100.0%
[R1] pos=(1671,934) state=follower leader=2 trust=1.00 susp=0.00 cov=32.8%/100.0%
[R1] pos=(1671,934) state=follower leader=2 trust=1.00 susp=0.00 cov=32.8%/100.0%
[R1] pos=(1671,934) state=follower leader=2 trust=1.00 susp=0.00 cov=32.8%/100.0%
[R1] pos=(1671,934) state=follower leader=2 trust=1.00 susp=0.00 cov=32.8%/100.0%
[R1] pos=(1671,934) state=follower leader=2 trust=1.00 susp=0.00 cov=32.8%/100.0%
[R1] pos=(1671,934) state=follower leader=2 trust=1.00 susp=0.00 cov=32.8%/100.0%
[R1] pos=(1671,934) state=follower leader=2 trust=1.00 susp=0.00 cov=32.8%/100.0%
[R1] pos=(1671,934) state=follower leader=2 trust=1.00 susp=0.00 cov=32.8%/100.0%
[R1] pos=(1671,934) state=follower leader=2 trust=1.00 susp=0.00 cov=32.8%/100.0%
[R1] pos=(1671,934) state=follower leader=2 trust=1.00 susp=0.00 cov=32.8%/100.0%
[R1] pos=(1671,934) state=follower leader=2 trust=1.00 susp=0.00 cov=32.8%/100.0%
[R1] pos=(1671,934) state=follower leader=2 trust=1.00 susp=0.00 cov=32.8%/100.0%
[R1] pos=(1671,934) state=follower leader=2 trust=1.00 susp=0.00 cov=32.8%/100.0%
[R1] pos=(1671,934) state=follower leader=2 trust=1.00 susp=0.00 cov=32.8%/100.0%
[R1] pos=(1671,934) state=follower leader=2 trust=1.00 susp=0.00 cov=32.8%/100.0%
[R1] pos=(1671,934) state=follower leader=2 trust=1.00 susp=0.00 cov=32.8%/100.0%
[R1] pos=(1671,934) state=follower leader=2 trust=1.00 susp=0.00 cov=32.8%/100.0%
[R1] pos=(1671,934) state=follower leader=2 trust=1.00 susp=0.00 cov=32.8%/100.0%
[R1] pos=(1671,934) state=follower leader=2 trust=1.00 susp=0.00 cov=32.8%/100.0%
[R1] pos=(1671,934) state=follower leader=2 trust=1.00 susp=0.00 cov=32.8%/100.0%
