[WARN] Hardware modules not available - simulation mode
=== RAFT Baseline - Robot 3 [SIM] ===
NO TRUST. Heartbeat timeout only.

  Logging to: logs/raft_3_20260226_205733.jsonl
Initializing hardware...
  Hardware: SIMULATED
[INFO] Position socket listening on port 20103
[INFO] Peer socket listening on port 20203
[INFO] Fault socket listening on port 20303
Ready!

Running RAFT baseline... Press Ctrl+C to stop

[R3] state=follower leader=None term=0 cov=0.0%/0.0%
[R3] state=follower leader=5 term=1 cov=0.5%/0.5%
[R3] state=follower leader=5 term=1 cov=2.6%/13.5%
[R3] state=follower leader=5 term=1 cov=4.2%/24.0%
[R3] state=follower leader=5 term=1 cov=5.2%/30.2%
[R3] state=follower leader=5 term=1 cov=7.3%/39.1%
[R3] state=follower leader=5 term=1 cov=9.4%/50.0%
[R3] state=follower leader=5 term=1 cov=10.9%/54.2%
[R3] state=follower leader=5 term=1 cov=10.9%/58.3%
[R3] state=follower leader=5 term=1 cov=11.5%/60.9%
[R3] state=follower leader=5 term=1 cov=11.5%/63.5%
[R3] state=follower leader=5 term=1 cov=12.0%/66.7%
[R3] state=follower leader=5 term=1 cov=12.0%/68.8%
[R3] state=follower leader=5 term=1 cov=12.5%/71.4%
[R3] state=follower leader=5 term=1 cov=12.5%/75.0%
[R3] state=follower leader=5 term=1 cov=12.5%/78.1%
[R3] state=follower leader=5 term=1 cov=12.5%/80.2%
[R3] state=follower leader=5 term=1 cov=12.5%/83.9%
[R3] state=follower leader=5 term=1 cov=12.5%/86.5%
[R3] state=follower leader=5 term=1 cov=12.5%/86.5%
[R3] state=follower leader=5 term=1 cov=12.5%/88.0%
[R3] state=follower leader=5 term=1 cov=12.5%/91.1%
[R3] state=follower leader=5 term=1 cov=12.5%/93.2%
[R3] state=follower leader=5 term=1 cov=12.5%/94.3%
[R3] state=follower leader=5 term=1 cov=12.5%/94.8%
[R3] state=follower leader=5 term=1 cov=12.5%/94.8%
[R3] state=follower leader=5 term=1 cov=12.5%/94.8%
[R3] state=follower leader=5 term=1 cov=12.5%/94.8%
[R3] state=follower leader=5 term=1 cov=12.5%/94.8%
[R3] state=follower leader=5 term=1 cov=12.5%/94.8%
[R3] state=follower leader=5 term=1 cov=12.5%/94.8%
[R3] state=follower leader=5 term=1 cov=12.5%/95.3%
[R3] state=follower leader=5 term=1 cov=12.5%/95.3%
[R3] state=follower leader=5 term=1 cov=12.5%/95.3%
[R3] state=follower leader=5 term=1 cov=12.5%/95.3%
[R3] state=follower leader=5 term=1 cov=12.5%/95.3%
[R3] state=follower leader=5 term=1 cov=12.5%/95.3%
[R3] state=follower leader=5 term=1 cov=12.5%/95.3%
[R3] state=follower leader=5 term=1 cov=12.5%/95.3%
[R3] state=follower leader=5 term=1 cov=12.5%/95.3%
[R3] state=follower leader=5 term=1 cov=12.5%/95.3%
[R3] state=follower leader=5 term=1 cov=12.5%/95.3%
[R3] state=follower leader=5 term=1 cov=12.5%/95.3%
[R3] state=follower leader=5 term=1 cov=12.5%/95.3%
[R3] state=follower leader=5 term=1 cov=14.1%/97.4%
[R3] state=follower leader=5 term=1 cov=14.1%/99.5%
[R3] state=follower leader=5 term=1 cov=14.1%/99.5%
[R3] state=follower leader=5 term=1 cov=14.1%/99.5%
[R3] state=follower leader=5 term=1 cov=14.1%/99.5%
[R3] state=follower leader=5 term=1 cov=14.1%/99.5%
[R3] state=follower leader=5 term=1 cov=14.1%/100.0%
[R3] state=follower leader=5 term=1 cov=14.1%/100.0%
[R3] state=follower leader=5 term=1 cov=14.1%/100.0%
[R3] state=follower leader=5 term=1 cov=14.1%/100.0%
[R3] state=follower leader=5 term=1 cov=14.1%/100.0%
[R3] state=follower leader=5 term=1 cov=14.1%/100.0%
[R3] state=follower leader=5 term=1 cov=14.1%/100.0%
[R3] state=follower leader=5 term=1 cov=14.1%/100.0%
[R3] state=follower leader=5 term=1 cov=14.1%/100.0%
[R3] state=follower leader=5 term=1 cov=14.1%/100.0%
[R3] state=follower leader=5 term=1 cov=14.1%/100.0%
