[WARN] Hardware modules not available - simulation mode
=== RAFT Baseline - Robot 4 [SIM] ===
NO TRUST. Heartbeat timeout only.

  Logging to: logs/raft_4_20260225_235955.jsonl
Initializing hardware...
  Hardware: SIMULATED
[INFO] Position socket listening on port 15104
[INFO] Peer socket listening on port 15204
[INFO] Fault socket listening on port 15304
Ready!

Running RAFT baseline... Press Ctrl+C to stop

[R4] state=follower leader=None term=0 cov=0.0%/0.0%
[R4] state=follower leader=1 term=1 cov=0.5%/2.6%
[R4] state=follower leader=1 term=1 cov=0.5%/2.6%
[R4] state=follower leader=1 term=1 cov=0.5%/2.6%
[R4] state=follower leader=1 term=1 cov=0.5%/2.6%
[R4] state=follower leader=1 term=1 cov=0.5%/2.6%
[R4] state=follower leader=1 term=1 cov=0.5%/2.6%
[R4] state=follower leader=1 term=1 cov=0.5%/2.6%
[R4] state=follower leader=1 term=1 cov=0.5%/2.6%
[R4] state=follower leader=1 term=1 cov=0.5%/2.6%
[R4] state=follower leader=1 term=1 cov=0.5%/2.6%
[R4] state=follower leader=1 term=1 cov=0.5%/2.6%
[R4] state=follower leader=1 term=1 cov=0.5%/2.6%
[R4] state=follower leader=1 term=1 cov=0.5%/2.6%
[R4] state=follower leader=1 term=1 cov=0.5%/2.6%
[R4] state=follower leader=1 term=1 cov=1.0%/3.6%
[R4] state=follower leader=1 term=1 cov=1.0%/4.7%
[R4] state=follower leader=1 term=1 cov=1.0%/4.7%
[R4] state=follower leader=1 term=1 cov=1.0%/4.7%
[R4] state=follower leader=1 term=1 cov=1.0%/4.7%
[R4] state=follower leader=1 term=1 cov=1.0%/4.7%
[R4] state=follower leader=1 term=1 cov=1.0%/4.7%
[R4] state=follower leader=1 term=1 cov=1.0%/4.7%
[R4] state=follower leader=1 term=1 cov=1.0%/4.7%
[R4] state=follower leader=1 term=1 cov=1.0%/4.7%
[R4] state=follower leader=1 term=1 cov=1.0%/4.7%
[R4] state=follower leader=1 term=1 cov=1.0%/4.7%
[R4] state=follower leader=1 term=1 cov=1.0%/4.7%
[R4] state=follower leader=1 term=1 cov=1.0%/4.7%
[R4] state=follower leader=1 term=1 cov=1.0%/4.7%
[R4] state=follower leader=1 term=1 cov=1.0%/4.7%
[R4] state=follower leader=1 term=1 cov=1.0%/4.7%
[R4] state=follower leader=1 term=1 cov=1.0%/4.7%
[R4] state=follower leader=1 term=1 cov=1.0%/4.7%
[R4] state=follower leader=1 term=1 cov=1.0%/4.7%
[R4] state=follower leader=1 term=1 cov=1.0%/4.7%
[R4] state=follower leader=1 term=1 cov=1.0%/4.7%
[R4] state=follower leader=1 term=1 cov=1.0%/4.7%
[R4] state=follower leader=1 term=1 cov=1.0%/4.7%
[R4] state=follower leader=1 term=1 cov=1.0%/4.7%
[R4] state=follower leader=1 term=1 cov=1.0%/4.7%
[R4] state=follower leader=1 term=1 cov=1.0%/4.7%
[R4] state=follower leader=1 term=1 cov=1.0%/7.3%
[R4] state=follower leader=1 term=1 cov=1.6%/8.9%
[R4] state=follower leader=1 term=1 cov=2.6%/14.6%
[R4] state=follower leader=1 term=1 cov=3.1%/16.7%
[R4] state=follower leader=1 term=1 cov=3.1%/18.2%
[R4] state=follower leader=1 term=1 cov=4.7%/19.8%
[R4] state=follower leader=1 term=1 cov=4.7%/20.3%
[R4] state=follower leader=1 term=1 cov=4.7%/21.4%
[R4] state=follower leader=1 term=1 cov=4.7%/21.4%
[R4] state=follower leader=1 term=1 cov=4.7%/21.4%
[R4] state=follower leader=1 term=1 cov=4.7%/21.4%
[R4] state=follower leader=1 term=1 cov=4.7%/21.4%
[R4] state=follower leader=1 term=1 cov=4.7%/21.4%
[R4] state=follower leader=1 term=1 cov=4.7%/21.4%
[R4] state=follower leader=1 term=1 cov=4.7%/21.4%
[R4] state=follower leader=1 term=1 cov=4.7%/21.4%
[R4] state=follower leader=1 term=1 cov=4.7%/21.9%
[R4] state=follower leader=1 term=1 cov=4.7%/22.4%
[R4] state=follower leader=1 term=1 cov=4.7%/22.9%
