[WARN] Hardware modules not available - simulation mode
=== RAFT Baseline - Robot 2 [SIM] ===
NO TRUST. Heartbeat timeout only.

  Logging to: logs/raft_2_20260226_160333.jsonl
Initializing hardware...
  Hardware: SIMULATED
[INFO] Position socket listening on port 5102
[INFO] Peer socket listening on port 5202
[INFO] Fault socket listening on port 5302
Ready!

Running RAFT baseline... Press Ctrl+C to stop

[R2] state=follower leader=None term=0 cov=0.0%/0.0%
[R2] state=follower leader=4 term=1 cov=0.5%/0.5%
[R2] state=follower leader=4 term=1 cov=3.1%/12.5%
[R2] state=follower leader=4 term=1 cov=5.7%/24.0%
[R2] state=follower leader=4 term=1 cov=7.8%/36.5%
[R2] state=follower leader=4 term=1 cov=10.4%/46.9%
[R2] state=follower leader=4 term=1 cov=12.0%/55.2%
[R2] state=follower leader=4 term=1 cov=14.1%/64.6%
[R2] state=follower leader=4 term=1 cov=16.1%/69.8%
[R2] state=follower leader=4 term=1 cov=17.7%/76.6%
[R2] state=follower leader=4 term=1 cov=18.8%/83.9%
[R2] state=follower leader=4 term=1 cov=20.8%/92.7%
[R2] state=follower leader=4 term=1 cov=22.4%/96.9%
[R2] state=follower leader=4 term=1 cov=24.5%/100.0%
[R2] state=follower leader=4 term=1 cov=24.5%/100.0%
[R2] state=follower leader=4 term=1 cov=24.5%/100.0%
[R2] state=follower leader=4 term=1 cov=24.5%/100.0%
[R2] state=follower leader=4 term=1 cov=24.5%/100.0%
[R2] state=follower leader=4 term=1 cov=24.5%/100.0%
[R2] state=follower leader=4 term=1 cov=24.5%/100.0%
[R2] state=follower leader=4 term=1 cov=24.5%/100.0%
[R2] state=follower leader=4 term=1 cov=24.5%/100.0%
[R2] state=follower leader=4 term=1 cov=24.5%/100.0%
[R2] state=follower leader=4 term=1 cov=24.5%/100.0%
[R2] state=follower leader=4 term=1 cov=24.5%/100.0%
[R2] state=follower leader=4 term=1 cov=24.5%/100.0%
[R2] state=follower leader=4 term=1 cov=24.5%/100.0%
[R2] state=follower leader=4 term=1 cov=24.5%/100.0%
[R2] state=follower leader=4 term=1 cov=24.5%/100.0%
[R2] state=follower leader=4 term=1 cov=24.5%/100.0%
[R2] state=follower leader=4 term=1 cov=24.5%/100.0%
[R2] state=follower leader=4 term=1 cov=24.5%/100.0%
[R2] state=follower leader=4 term=1 cov=24.5%/100.0%
[R2] state=follower leader=4 term=1 cov=24.5%/100.0%
[R2] state=follower leader=4 term=1 cov=24.5%/100.0%
[R2] state=follower leader=4 term=1 cov=24.5%/100.0%
[R2] state=follower leader=4 term=1 cov=24.5%/100.0%
[R2] state=follower leader=4 term=1 cov=24.5%/100.0%
[R2] state=follower leader=4 term=1 cov=24.5%/100.0%
[R2] state=follower leader=4 term=1 cov=24.5%/100.0%
[R2] state=follower leader=4 term=1 cov=24.5%/100.0%
[R2] state=follower leader=4 term=1 cov=24.5%/100.0%
[R2] state=follower leader=4 term=1 cov=24.5%/100.0%
[R2] state=follower leader=4 term=1 cov=24.5%/100.0%
[R2] state=follower leader=4 term=1 cov=24.5%/100.0%
[R2] state=follower leader=4 term=1 cov=24.5%/100.0%
[R2] state=follower leader=4 term=1 cov=24.5%/100.0%
[R2] state=follower leader=4 term=1 cov=24.5%/100.0%
[R2] state=follower leader=4 term=1 cov=24.5%/100.0%
[R2] state=follower leader=4 term=1 cov=24.5%/100.0%
[R2] state=follower leader=4 term=1 cov=24.5%/100.0%
[R2] state=follower leader=4 term=1 cov=24.5%/100.0%
[R2] state=follower leader=4 term=1 cov=24.5%/100.0%
[R2] state=follower leader=4 term=1 cov=24.5%/100.0%
[R2] state=follower leader=4 term=1 cov=24.5%/100.0%
[R2] state=follower leader=4 term=1 cov=24.5%/100.0%
[R2] state=follower leader=4 term=1 cov=24.5%/100.0%
[R2] state=follower leader=4 term=1 cov=24.5%/100.0%
[R2] state=follower leader=4 term=1 cov=24.5%/100.0%
[R2] state=follower leader=4 term=1 cov=24.5%/100.0%
[R2] state=follower leader=4 term=1 cov=24.5%/100.0%
