[WARN] Hardware modules not available - simulation mode
=== RAFT Baseline - Robot 3 [SIM] ===
NO TRUST. Heartbeat timeout only.

  Logging to: logs/raft_3_20260226_160333.jsonl
Initializing hardware...
  Hardware: SIMULATED
[INFO] Position socket listening on port 5103
[INFO] Peer socket listening on port 5203
[INFO] Fault socket listening on port 5303
Ready!

Running RAFT baseline... Press Ctrl+C to stop

[R3] state=follower leader=None term=0 cov=0.0%/0.0%
[R3] state=follower leader=4 term=1 cov=0.5%/0.5%
[R3] state=follower leader=4 term=1 cov=2.6%/12.5%
[R3] state=follower leader=4 term=1 cov=5.2%/24.5%
[R3] state=follower leader=4 term=1 cov=7.8%/36.5%
[R3] state=follower leader=4 term=1 cov=10.4%/46.9%
[R3] state=follower leader=4 term=1 cov=12.0%/55.2%
[R3] state=follower leader=4 term=1 cov=13.5%/64.6%
[R3] state=follower leader=4 term=1 cov=14.1%/69.8%
[R3] state=follower leader=4 term=1 cov=14.6%/76.6%
[R3] state=follower leader=4 term=1 cov=16.1%/84.4%
[R3] state=follower leader=4 term=1 cov=18.2%/93.2%
[R3] state=follower leader=4 term=1 cov=19.8%/96.9%
[R3] state=follower leader=4 term=1 cov=20.8%/100.0%
[R3] state=follower leader=4 term=1 cov=20.8%/100.0%
[R3] state=follower leader=4 term=1 cov=20.8%/100.0%
[R3] state=follower leader=4 term=1 cov=20.8%/100.0%
[R3] state=follower leader=4 term=1 cov=20.8%/100.0%
[R3] state=follower leader=4 term=1 cov=20.8%/100.0%
[R3] state=follower leader=4 term=1 cov=20.8%/100.0%
[R3] state=follower leader=4 term=1 cov=20.8%/100.0%
[R3] state=follower leader=4 term=1 cov=20.8%/100.0%
[R3] state=follower leader=4 term=1 cov=20.8%/100.0%
[R3] state=follower leader=4 term=1 cov=20.8%/100.0%
[R3] state=follower leader=4 term=1 cov=20.8%/100.0%
[R3] state=follower leader=4 term=1 cov=20.8%/100.0%
[R3] state=follower leader=4 term=1 cov=20.8%/100.0%
[R3] state=follower leader=4 term=1 cov=20.8%/100.0%
[R3] state=follower leader=4 term=1 cov=20.8%/100.0%
[R3] state=follower leader=4 term=1 cov=20.8%/100.0%
[R3] state=follower leader=4 term=1 cov=20.8%/100.0%
[R3] state=follower leader=4 term=1 cov=20.8%/100.0%
[R3] state=follower leader=4 term=1 cov=20.8%/100.0%
[R3] state=follower leader=4 term=1 cov=20.8%/100.0%
[R3] state=follower leader=4 term=1 cov=20.8%/100.0%
[R3] state=follower leader=4 term=1 cov=20.8%/100.0%
[R3] state=follower leader=4 term=1 cov=20.8%/100.0%
[R3] state=follower leader=4 term=1 cov=20.8%/100.0%
[R3] state=follower leader=4 term=1 cov=20.8%/100.0%
[R3] state=follower leader=4 term=1 cov=20.8%/100.0%
[R3] state=follower leader=4 term=1 cov=20.8%/100.0%
[R3] state=follower leader=4 term=1 cov=20.8%/100.0%
[R3] state=follower leader=4 term=1 cov=20.8%/100.0%
[R3] state=follower leader=4 term=1 cov=20.8%/100.0%
[R3] state=follower leader=4 term=1 cov=20.8%/100.0%
[R3] state=follower leader=4 term=1 cov=20.8%/100.0%
[R3] state=follower leader=4 term=1 cov=20.8%/100.0%
[R3] state=follower leader=4 term=1 cov=20.8%/100.0%
[R3] state=follower leader=4 term=1 cov=20.8%/100.0%
[R3] state=follower leader=4 term=1 cov=20.8%/100.0%
[R3] state=follower leader=4 term=1 cov=20.8%/100.0%
[R3] state=follower leader=4 term=1 cov=20.8%/100.0%
[R3] state=follower leader=4 term=1 cov=20.8%/100.0%
[R3] state=follower leader=4 term=1 cov=20.8%/100.0%
[R3] state=follower leader=4 term=1 cov=20.8%/100.0%
[R3] state=follower leader=4 term=1 cov=20.8%/100.0%
[R3] state=follower leader=4 term=1 cov=20.8%/100.0%
[R3] state=follower leader=4 term=1 cov=20.8%/100.0%
[R3] state=follower leader=4 term=1 cov=20.8%/100.0%
[R3] state=follower leader=4 term=1 cov=20.8%/100.0%
[R3] state=follower leader=4 term=1 cov=20.8%/100.0%
