[WARN] Hardware modules not available - running in simulation mode
=== REIP Node - Robot 4 [SIM (unique ports)] ===
Trust Model: Three-tier confidence-weighted
  Personal: 1.0, ToF: 1.0, Peer: 0.3
  Suspicion threshold: 1.5, Recovery: 0.1

  Logging to: logs/robot_4_20260226_082900.jsonl
Initializing hardware...
  Hardware: SIMULATED
[INFO] Position socket listening on port 8104
[INFO] Peer socket listening on port 8204
[INFO] Fault socket listening on port 8304
Ready!

=== DECENTRALIZED MODE - No leader coordination ===
=== Detection Bounds: T1=2 cmds, T3=8 cmds | Impeachment: T1=8 cmds, T3=32 cmds ===
Running... Press Ctrl+C to stop

[R4] pos=(0,0) state=exploring leader=None trust=1.00 susp=0.00 cov=0.0%/0.0%
[R4] pos=(314,624) state=exploring leader=None trust=1.00 susp=0.00 cov=0.5%/0.5%
[R4] pos=(75,75) state=exploring leader=None trust=1.00 susp=0.00 cov=3.6%/16.7%
[R4] pos=(903,75) state=exploring leader=None trust=1.00 susp=0.00 cov=7.3%/24.0%
[R4] pos=(1238,259) state=exploring leader=None trust=1.00 susp=0.00 cov=11.5%/31.8%
[R4] pos=(797,782) state=exploring leader=None trust=1.00 susp=0.00 cov=15.6%/42.7%
[R4] pos=(365,1185) state=exploring leader=None trust=1.00 susp=0.00 cov=19.3%/53.1%
[R4] pos=(946,1425) state=exploring leader=None trust=1.00 susp=0.00 cov=22.9%/59.4%
[R4] pos=(1091,892) state=exploring leader=None trust=1.00 susp=0.00 cov=26.0%/65.1%
[R4] pos=(1562,586) state=exploring leader=None trust=1.00 susp=0.00 cov=29.2%/71.4%
[R4] pos=(1811,181) state=exploring leader=None trust=1.00 susp=0.00 cov=33.3%/83.9%
[R4] pos=(1925,712) state=exploring leader=None trust=1.00 susp=0.00 cov=35.9%/92.7%
[R4] pos=(1925,1121) state=exploring leader=None trust=1.00 susp=0.00 cov=39.1%/100.0%
[R4] pos=(1925,1132) state=exploring leader=None trust=1.00 susp=0.00 cov=39.1%/100.0%
[R4] pos=(1925,1227) state=exploring leader=None trust=1.00 susp=0.00 cov=39.1%/100.0%
[R4] pos=(1925,1247) state=exploring leader=None trust=1.00 susp=0.00 cov=39.6%/100.0%
[R4] pos=(1925,1250) state=exploring leader=None trust=1.00 susp=0.00 cov=39.6%/100.0%
[R4] pos=(1925,1129) state=exploring leader=None trust=1.00 susp=0.00 cov=39.6%/100.0%
[R4] pos=(1925,1133) state=exploring leader=None trust=1.00 susp=0.00 cov=39.6%/100.0%
[R4] pos=(1925,1241) state=exploring leader=None trust=1.00 susp=0.00 cov=39.6%/100.0%
[R4] pos=(1925,1233) state=exploring leader=None trust=1.00 susp=0.00 cov=39.6%/100.0%
[R4] pos=(1925,1243) state=exploring leader=None trust=1.00 susp=0.00 cov=39.6%/100.0%
[R4] pos=(1925,1137) state=exploring leader=None trust=1.00 susp=0.00 cov=39.6%/100.0%
[R4] pos=(1925,1127) state=exploring leader=None trust=1.00 susp=0.00 cov=39.6%/100.0%
[R4] pos=(1925,1239) state=exploring leader=None trust=1.00 susp=0.00 cov=39.6%/100.0%
[R4] pos=(1925,1259) state=exploring leader=None trust=1.00 susp=0.00 cov=39.6%/100.0%
[R4] pos=(1925,1251) state=exploring leader=None trust=1.00 susp=0.00 cov=39.6%/100.0%
[R4] pos=(1925,1236) state=exploring leader=None trust=1.00 susp=0.00 cov=39.6%/100.0%
[R4] pos=(1925,1120) state=exploring leader=None trust=1.00 susp=0.00 cov=39.6%/100.0%
[R4] pos=(1925,1133) state=exploring leader=None trust=1.00 susp=0.00 cov=39.6%/100.0%
[R4] pos=(1925,1254) state=exploring leader=None trust=1.00 susp=0.00 cov=39.6%/100.0%
[R4] pos=(1925,1249) state=exploring leader=None trust=1.00 susp=0.00 cov=39.6%/100.0%
[R4] pos=(1925,1251) state=exploring leader=None trust=1.00 susp=0.00 cov=39.6%/100.0%
[R4] pos=(1925,1138) state=exploring leader=None trust=1.00 susp=0.00 cov=39.6%/100.0%
[R4] pos=(1925,1117) state=exploring leader=None trust=1.00 susp=0.00 cov=39.6%/100.0%
[R4] pos=(1925,1221) state=exploring leader=None trust=1.00 susp=0.00 cov=39.6%/100.0%
[R4] pos=(1925,1244) state=exploring leader=None trust=1.00 susp=0.00 cov=39.6%/100.0%
[R4] pos=(1925,1226) state=exploring leader=None trust=1.00 susp=0.00 cov=39.6%/100.0%
[R4] pos=(1925,1140) state=exploring leader=None trust=1.00 susp=0.00 cov=39.6%/100.0%
[R4] pos=(1925,1140) state=exploring leader=None trust=1.00 susp=0.00 cov=39.6%/100.0%
[R4] pos=(1925,1131) state=exploring leader=None trust=1.00 susp=0.00 cov=39.6%/100.0%
[R4] pos=(1925,1232) state=exploring leader=None trust=1.00 susp=0.00 cov=39.6%/100.0%
[R4] pos=(1925,1116) state=exploring leader=None trust=1.00 susp=0.00 cov=39.6%/100.0%
[R4] pos=(1925,1223) state=exploring leader=None trust=1.00 susp=0.00 cov=39.6%/100.0%
[R4] pos=(1925,1258) state=exploring leader=None trust=1.00 susp=0.00 cov=39.6%/100.0%
[R4] pos=(1925,1258) state=exploring leader=None trust=1.00 susp=0.00 cov=39.6%/100.0%
[R4] pos=(1925,1258) state=exploring leader=None trust=1.00 susp=0.00 cov=39.6%/100.0%
[R4] pos=(1925,1258) state=exploring leader=None trust=1.00 susp=0.00 cov=39.6%/100.0%
[R4] pos=(1925,1258) state=exploring leader=None trust=1.00 susp=0.00 cov=39.6%/100.0%
[R4] pos=(1925,1258) state=exploring leader=None trust=1.00 susp=0.00 cov=39.6%/100.0%
[R4] pos=(1925,1258) state=exploring leader=None trust=1.00 susp=0.00 cov=39.6%/100.0%
[R4] pos=(1925,1258) state=exploring leader=None trust=1.00 susp=0.00 cov=39.6%/100.0%
[R4] pos=(1925,1258) state=exploring leader=None trust=1.00 susp=0.00 cov=39.6%/100.0%
[R4] pos=(1925,1258) state=exploring leader=None trust=1.00 susp=0.00 cov=39.6%/100.0%
[R4] pos=(1925,1258) state=exploring leader=None trust=1.00 susp=0.00 cov=39.6%/100.0%
[R4] pos=(1925,1258) state=exploring leader=None trust=1.00 susp=0.00 cov=39.6%/100.0%
[R4] pos=(1925,1258) state=exploring leader=None trust=1.00 susp=0.00 cov=39.6%/100.0%
[R4] pos=(1925,1258) state=exploring leader=None trust=1.00 susp=0.00 cov=39.6%/100.0%
[R4] pos=(1925,1258) state=exploring leader=None trust=1.00 susp=0.00 cov=39.6%/100.0%
[R4] pos=(1925,1258) state=exploring leader=None trust=1.00 susp=0.00 cov=39.6%/100.0%
[R4] pos=(1925,1159) state=exploring leader=None trust=1.00 susp=0.00 cov=39.6%/100.0%
[R4] pos=(1925,1159) state=exploring leader=None trust=1.00 susp=0.00 cov=39.6%/100.0%
[R4] pos=(1925,1159) state=exploring leader=None trust=1.00 susp=0.00 cov=39.6%/100.0%
[R4] pos=(1925,1159) state=exploring leader=None trust=1.00 susp=0.00 cov=39.6%/100.0%
[R4] pos=(1925,1159) state=exploring leader=None trust=1.00 susp=0.00 cov=39.6%/100.0%
[R4] pos=(1925,1159) state=exploring leader=None trust=1.00 susp=0.00 cov=39.6%/100.0%
[R4] pos=(1925,1159) state=exploring leader=None trust=1.00 susp=0.00 cov=39.6%/100.0%
[R4] pos=(1925,1159) state=exploring leader=None trust=1.00 susp=0.00 cov=39.6%/100.0%
[R4] pos=(1925,1159) state=exploring leader=None trust=1.00 susp=0.00 cov=39.6%/100.0%
[R4] pos=(1925,1159) state=exploring leader=None trust=1.00 susp=0.00 cov=39.6%/100.0%
[R4] pos=(1925,1159) state=exploring leader=None trust=1.00 susp=0.00 cov=39.6%/100.0%
[R4] pos=(1925,1159) state=exploring leader=None trust=1.00 susp=0.00 cov=39.6%/100.0%
[R4] pos=(1925,1159) state=exploring leader=None trust=1.00 susp=0.00 cov=39.6%/100.0%
[R4] pos=(1925,1159) state=exploring leader=None trust=1.00 susp=0.00 cov=39.6%/100.0%
[R4] pos=(1925,1159) state=exploring leader=None trust=1.00 susp=0.00 cov=39.6%/100.0%
[R4] pos=(1925,1159) state=exploring leader=None trust=1.00 susp=0.00 cov=39.6%/100.0%
[R4] pos=(1925,1159) state=exploring leader=None trust=1.00 susp=0.00 cov=39.6%/100.0%
[R4] pos=(1925,1159) state=exploring leader=None trust=1.00 susp=0.00 cov=39.6%/100.0%
[R4] pos=(1925,1159) state=exploring leader=None trust=1.00 susp=0.00 cov=39.6%/100.0%
[R4] pos=(1925,1159) state=exploring leader=None trust=1.00 susp=0.00 cov=39.6%/100.0%
[R4] pos=(1925,1159) state=exploring leader=None trust=1.00 susp=0.00 cov=39.6%/100.0%
[R4] pos=(1925,1159) state=exploring leader=None trust=1.00 susp=0.00 cov=39.6%/100.0%
[R4] pos=(1925,1159) state=exploring leader=None trust=1.00 susp=0.00 cov=39.6%/100.0%
[R4] pos=(1925,1159) state=exploring leader=None trust=1.00 susp=0.00 cov=39.6%/100.0%
[R4] pos=(1925,1159) state=exploring leader=None trust=1.00 susp=0.00 cov=39.6%/100.0%
