[WARN] Hardware modules not available - running in simulation mode
=== REIP Node - Robot 3 [SIM (unique ports)] ===
Trust Model: Three-tier confidence-weighted
  Personal: 1.0, ToF: 1.0, Peer: 0.3
  Suspicion threshold: 1.5, Recovery: 0.1

  Logging to: logs/robot_3_20260226_082900.jsonl
Initializing hardware...
  Hardware: SIMULATED
[INFO] Position socket listening on port 8103
[INFO] Peer socket listening on port 8203
[INFO] Fault socket listening on port 8303
Ready!

=== DECENTRALIZED MODE - No leader coordination ===
=== Detection Bounds: T1=2 cmds, T3=8 cmds | Impeachment: T1=8 cmds, T3=32 cmds ===
Running... Press Ctrl+C to stop

[R3] pos=(0,0) state=exploring leader=None trust=1.00 susp=0.00 cov=0.0%/0.0%
[R3] pos=(1482,507) state=exploring leader=None trust=1.00 susp=0.00 cov=0.5%/0.5%
[R3] pos=(795,472) state=exploring leader=None trust=1.00 susp=0.00 cov=4.2%/16.7%
[R3] pos=(425,821) state=exploring leader=None trust=1.00 susp=0.00 cov=8.3%/24.0%
[R3] pos=(338,669) state=exploring leader=None trust=1.00 susp=0.00 cov=12.0%/31.8%
[R3] pos=(75,1234) state=exploring leader=None trust=1.00 susp=0.00 cov=14.6%/42.7%
[R3] pos=(109,1344) state=exploring leader=None trust=1.00 susp=0.00 cov=15.6%/53.1%
[R3] pos=(808,1425) state=exploring leader=None trust=1.00 susp=0.00 cov=19.3%/59.4%
[R3] pos=(1187,989) state=exploring leader=None trust=1.00 susp=0.00 cov=23.4%/65.1%
[R3] pos=(1536,660) state=exploring leader=None trust=1.00 susp=0.00 cov=27.6%/71.4%
[R3] pos=(1688,1239) state=exploring leader=None trust=1.00 susp=0.00 cov=30.2%/83.9%
[R3] pos=(1729,1425) state=exploring leader=None trust=1.00 susp=0.00 cov=33.3%/92.2%
[R3] pos=(1925,1122) state=exploring leader=None trust=1.00 susp=0.00 cov=37.0%/100.0%
[R3] pos=(1925,1133) state=exploring leader=None trust=1.00 susp=0.00 cov=37.0%/100.0%
[R3] pos=(1925,1227) state=exploring leader=None trust=1.00 susp=0.00 cov=37.0%/100.0%
[R3] pos=(1925,1247) state=exploring leader=None trust=1.00 susp=0.00 cov=37.0%/100.0%
[R3] pos=(1925,1250) state=exploring leader=None trust=1.00 susp=0.00 cov=37.0%/100.0%
[R3] pos=(1925,1129) state=exploring leader=None trust=1.00 susp=0.00 cov=37.0%/100.0%
[R3] pos=(1925,1133) state=exploring leader=None trust=1.00 susp=0.00 cov=37.0%/100.0%
[R3] pos=(1925,1241) state=exploring leader=None trust=1.00 susp=0.00 cov=37.0%/100.0%
[R3] pos=(1925,1233) state=exploring leader=None trust=1.00 susp=0.00 cov=37.0%/100.0%
[R3] pos=(1925,1243) state=exploring leader=None trust=1.00 susp=0.00 cov=37.0%/100.0%
[R3] pos=(1925,1137) state=exploring leader=None trust=1.00 susp=0.00 cov=37.0%/100.0%
[R3] pos=(1925,1127) state=exploring leader=None trust=1.00 susp=0.00 cov=37.0%/100.0%
[R3] pos=(1925,1141) state=exploring leader=None trust=1.00 susp=0.00 cov=37.0%/100.0%
[R3] pos=(1925,1259) state=exploring leader=None trust=1.00 susp=0.00 cov=37.0%/100.0%
[R3] pos=(1925,1251) state=exploring leader=None trust=1.00 susp=0.00 cov=37.0%/100.0%
[R3] pos=(1925,1131) state=exploring leader=None trust=1.00 susp=0.00 cov=37.0%/100.0%
[R3] pos=(1925,1120) state=exploring leader=None trust=1.00 susp=0.00 cov=37.0%/100.0%
[R3] pos=(1925,1133) state=exploring leader=None trust=1.00 susp=0.00 cov=37.0%/100.0%
[R3] pos=(1925,1254) state=exploring leader=None trust=1.00 susp=0.00 cov=37.0%/100.0%
[R3] pos=(1925,1249) state=exploring leader=None trust=1.00 susp=0.00 cov=37.0%/100.0%
[R3] pos=(1925,1251) state=exploring leader=None trust=1.00 susp=0.00 cov=37.0%/100.0%
[R3] pos=(1925,1138) state=exploring leader=None trust=1.00 susp=0.00 cov=37.0%/100.0%
[R3] pos=(1925,1117) state=exploring leader=None trust=1.00 susp=0.00 cov=37.0%/100.0%
[R3] pos=(1925,1118) state=exploring leader=None trust=1.00 susp=0.00 cov=37.0%/100.0%
[R3] pos=(1925,1244) state=exploring leader=None trust=1.00 susp=0.00 cov=37.0%/100.0%
[R3] pos=(1925,1226) state=exploring leader=None trust=1.00 susp=0.00 cov=37.0%/100.0%
[R3] pos=(1925,1140) state=exploring leader=None trust=1.00 susp=0.00 cov=37.0%/100.0%
[R3] pos=(1925,1140) state=exploring leader=None trust=1.00 susp=0.00 cov=37.0%/100.0%
[R3] pos=(1925,1131) state=exploring leader=None trust=1.00 susp=0.00 cov=37.0%/100.0%
[R3] pos=(1925,1232) state=exploring leader=None trust=1.00 susp=0.00 cov=37.0%/100.0%
[R3] pos=(1925,1116) state=exploring leader=None trust=1.00 susp=0.00 cov=37.0%/100.0%
[R3] pos=(1925,1223) state=exploring leader=None trust=1.00 susp=0.00 cov=37.0%/100.0%
[R3] pos=(1925,1258) state=exploring leader=None trust=1.00 susp=0.00 cov=37.0%/100.0%
[R3] pos=(1925,1258) state=exploring leader=None trust=1.00 susp=0.00 cov=37.0%/100.0%
[R3] pos=(1925,1258) state=exploring leader=None trust=1.00 susp=0.00 cov=37.0%/100.0%
[R3] pos=(1925,1258) state=exploring leader=None trust=1.00 susp=0.00 cov=37.0%/100.0%
[R3] pos=(1925,1258) state=exploring leader=None trust=1.00 susp=0.00 cov=37.0%/100.0%
[R3] pos=(1925,1258) state=exploring leader=None trust=1.00 susp=0.00 cov=37.0%/100.0%
[R3] pos=(1925,1258) state=exploring leader=None trust=1.00 susp=0.00 cov=37.0%/100.0%
[R3] pos=(1925,1258) state=exploring leader=None trust=1.00 susp=0.00 cov=37.0%/100.0%
[R3] pos=(1925,1258) state=exploring leader=None trust=1.00 susp=0.00 cov=37.0%/100.0%
[R3] pos=(1925,1258) state=exploring leader=None trust=1.00 susp=0.00 cov=37.0%/100.0%
[R3] pos=(1925,1258) state=exploring leader=None trust=1.00 susp=0.00 cov=37.0%/100.0%
[R3] pos=(1925,1258) state=exploring leader=None trust=1.00 susp=0.00 cov=37.0%/100.0%
[R3] pos=(1925,1258) state=exploring leader=None trust=1.00 susp=0.00 cov=37.0%/100.0%
[R3] pos=(1925,1258) state=exploring leader=None trust=1.00 susp=0.00 cov=37.0%/100.0%
[R3] pos=(1925,1258) state=exploring leader=None trust=1.00 susp=0.00 cov=37.0%/100.0%
[R3] pos=(1925,1258) state=exploring leader=None trust=1.00 susp=0.00 cov=37.0%/100.0%
[R3] pos=(1925,1159) state=exploring leader=None trust=1.00 susp=0.00 cov=37.0%/100.0%
[R3] pos=(1925,1159) state=exploring leader=None trust=1.00 susp=0.00 cov=37.0%/100.0%
[R3] pos=(1925,1159) state=exploring leader=None trust=1.00 susp=0.00 cov=37.0%/100.0%
[R3] pos=(1925,1159) state=exploring leader=None trust=1.00 susp=0.00 cov=37.0%/100.0%
[R3] pos=(1925,1159) state=exploring leader=None trust=1.00 susp=0.00 cov=37.0%/100.0%
[R3] pos=(1925,1159) state=exploring leader=None trust=1.00 susp=0.00 cov=37.0%/100.0%
[R3] pos=(1925,1159) state=exploring leader=None trust=1.00 susp=0.00 cov=37.0%/100.0%
[R3] pos=(1925,1159) state=exploring leader=None trust=1.00 susp=0.00 cov=37.0%/100.0%
[R3] pos=(1925,1159) state=exploring leader=None trust=1.00 susp=0.00 cov=37.0%/100.0%
[R3] pos=(1925,1159) state=exploring leader=None trust=1.00 susp=0.00 cov=37.0%/100.0%
[R3] pos=(1925,1159) state=exploring leader=None trust=1.00 susp=0.00 cov=37.0%/100.0%
[R3] pos=(1925,1159) state=exploring leader=None trust=1.00 susp=0.00 cov=37.0%/100.0%
[R3] pos=(1925,1159) state=exploring leader=None trust=1.00 susp=0.00 cov=37.0%/100.0%
[R3] pos=(1925,1159) state=exploring leader=None trust=1.00 susp=0.00 cov=37.0%/100.0%
[R3] pos=(1925,1159) state=exploring leader=None trust=1.00 susp=0.00 cov=37.0%/100.0%
[R3] pos=(1925,1159) state=exploring leader=None trust=1.00 susp=0.00 cov=37.0%/100.0%
[R3] pos=(1925,1159) state=exploring leader=None trust=1.00 susp=0.00 cov=37.0%/100.0%
[R3] pos=(1925,1159) state=exploring leader=None trust=1.00 susp=0.00 cov=37.0%/100.0%
[R3] pos=(1925,1159) state=exploring leader=None trust=1.00 susp=0.00 cov=37.0%/100.0%
[R3] pos=(1925,1159) state=exploring leader=None trust=1.00 susp=0.00 cov=37.0%/100.0%
[R3] pos=(1925,1159) state=exploring leader=None trust=1.00 susp=0.00 cov=37.0%/100.0%
[R3] pos=(1925,1159) state=exploring leader=None trust=1.00 susp=0.00 cov=37.0%/100.0%
[R3] pos=(1925,1159) state=exploring leader=None trust=1.00 susp=0.00 cov=37.0%/100.0%
[R3] pos=(1925,1159) state=exploring leader=None trust=1.00 susp=0.00 cov=37.0%/100.0%
[R3] pos=(1925,1159) state=exploring leader=None trust=1.00 susp=0.00 cov=37.0%/100.0%
