[WARN] Hardware modules not available - simulation mode
=== RAFT Baseline - Robot 2 [SIM] ===
NO TRUST. Heartbeat timeout only.

  Logging to: logs/raft_2_20260226_172958.jsonl
Initializing hardware...
  Hardware: SIMULATED
[INFO] Position socket listening on port 12102
[INFO] Peer socket listening on port 12202
[INFO] Fault socket listening on port 12302
Ready!

Running RAFT baseline... Press Ctrl+C to stop

[R2] state=follower leader=None term=0 cov=0.0%/0.0%
[R2] state=follower leader=1 term=1 cov=0.5%/0.5%
[R2] state=follower leader=1 term=1 cov=2.6%/13.5%
[R2] state=follower leader=1 term=1 cov=4.7%/23.4%
[R2] state=follower leader=1 term=1 cov=7.3%/35.4%
[R2] state=follower leader=1 term=1 cov=9.9%/44.8%
[R2] state=follower leader=1 term=1 cov=12.5%/57.3%
[R2] state=follower leader=1 term=1 cov=15.6%/68.8%
[R2] state=follower leader=1 term=1 cov=18.8%/77.1%
[R2] state=follower leader=1 term=1 cov=20.8%/88.0%
[R2] state=follower leader=1 term=1 cov=22.9%/97.4%
[R2] state=follower leader=1 term=1 cov=25.0%/99.5%
[R2] state=follower leader=1 term=1 cov=25.5%/100.0%
[R2] state=follower leader=1 term=1 cov=25.5%/100.0%
[R2] state=follower leader=1 term=1 cov=25.5%/100.0%
[R2] state=follower leader=1 term=1 cov=25.5%/100.0%
[R2] state=follower leader=1 term=1 cov=25.5%/100.0%
[R2] state=follower leader=1 term=1 cov=25.5%/100.0%
[R2] state=follower leader=1 term=1 cov=25.5%/100.0%
[R2] state=follower leader=1 term=1 cov=25.5%/100.0%
[R2] state=follower leader=1 term=1 cov=25.5%/100.0%
[R2] state=follower leader=1 term=1 cov=25.5%/100.0%
[R2] state=follower leader=1 term=1 cov=25.5%/100.0%
[R2] state=follower leader=1 term=1 cov=25.5%/100.0%
[R2] state=follower leader=1 term=1 cov=25.5%/100.0%
[R2] state=follower leader=1 term=1 cov=25.5%/100.0%
[R2] state=follower leader=1 term=1 cov=25.5%/100.0%
[R2] state=follower leader=1 term=1 cov=25.5%/100.0%
[R2] state=follower leader=1 term=1 cov=25.5%/100.0%
[R2] state=follower leader=1 term=1 cov=25.5%/100.0%
[R2] state=follower leader=1 term=1 cov=25.5%/100.0%
[R2] state=follower leader=1 term=1 cov=25.5%/100.0%
[R2] state=follower leader=1 term=1 cov=25.5%/100.0%
[R2] state=follower leader=1 term=1 cov=25.5%/100.0%
[R2] state=follower leader=1 term=1 cov=25.5%/100.0%
[R2] state=follower leader=1 term=1 cov=25.5%/100.0%
[R2] state=follower leader=1 term=1 cov=25.5%/100.0%
[R2] state=follower leader=1 term=1 cov=25.5%/100.0%
[R2] state=follower leader=1 term=1 cov=25.5%/100.0%
[R2] state=follower leader=1 term=1 cov=25.5%/100.0%
[R2] state=follower leader=1 term=1 cov=25.5%/100.0%
[R2] state=follower leader=1 term=1 cov=25.5%/100.0%
[R2] state=follower leader=1 term=1 cov=25.5%/100.0%
[R2] state=follower leader=1 term=1 cov=25.5%/100.0%
[R2] state=follower leader=1 term=1 cov=25.5%/100.0%
[R2] state=follower leader=1 term=1 cov=25.5%/100.0%
[R2] state=follower leader=1 term=1 cov=25.5%/100.0%
[R2] state=follower leader=1 term=1 cov=25.5%/100.0%
[R2] state=follower leader=1 term=1 cov=25.5%/100.0%
[R2] state=follower leader=1 term=1 cov=25.5%/100.0%
[R2] state=follower leader=1 term=1 cov=25.5%/100.0%
[R2] state=follower leader=1 term=1 cov=25.5%/100.0%
[R2] state=follower leader=1 term=1 cov=25.5%/100.0%
[R2] state=follower leader=1 term=1 cov=25.5%/100.0%
[R2] state=follower leader=1 term=1 cov=25.5%/100.0%
[R2] state=follower leader=1 term=1 cov=25.5%/100.0%
[R2] state=follower leader=1 term=1 cov=25.5%/100.0%
[R2] state=follower leader=1 term=1 cov=25.5%/100.0%
[R2] state=follower leader=1 term=1 cov=25.5%/100.0%
[R2] state=follower leader=1 term=1 cov=25.5%/100.0%
[R2] state=follower leader=1 term=1 cov=25.5%/100.0%
