[WARN] Hardware modules not available - running in simulation mode
=== REIP Node - Robot 3 [SIM (unique ports)] ===
Trust Model: Three-tier confidence-weighted
  Personal: 1.0, ToF: 1.0, Peer: 0.3
  Suspicion threshold: 1.5, Recovery: 0.1

  Logging to: logs/robot_3_20260226_213245.jsonl
Initializing hardware...
  Hardware: SIMULATED
[INFO] Position socket listening on port 15103
[INFO] Peer socket listening on port 15203
[INFO] Fault socket listening on port 15303
Ready!

=== DECENTRALIZED MODE - No leader coordination ===
=== Detection Bounds: T1=2 cmds, T3=8 cmds | Impeachment: T1=8 cmds, T3=32 cmds ===
Running... Press Ctrl+C to stop

[R3] pos=(0,0) state=exploring leader=None trust=1.00 susp=0.00 cov=0.0%/0.0%
[R3] pos=(409,1011) state=exploring leader=None trust=1.00 susp=0.00 cov=0.5%/0.5%
[R3] pos=(185,730) state=exploring leader=None trust=1.00 susp=0.00 cov=4.2%/15.6%
[R3] pos=(640,704) state=exploring leader=None trust=1.00 susp=0.00 cov=7.8%/26.0%
[R3] pos=(822,588) state=exploring leader=None trust=1.00 susp=0.00 cov=10.4%/34.9%
[R3] pos=(917,408) state=exploring leader=None trust=1.00 susp=0.00 cov=12.0%/36.5%
[R3] pos=(917,559) state=exploring leader=None trust=1.00 susp=0.00 cov=12.5%/36.5%
[R3] pos=(916,789) state=exploring leader=None trust=1.00 susp=0.00 cov=13.0%/36.5%
[R3] pos=(519,1189) state=exploring leader=None trust=1.00 susp=0.00 cov=16.1%/39.6%
[R3] pos=(183,1425) state=exploring leader=None trust=1.00 susp=0.00 cov=19.8%/43.2%
[R3] pos=(682,1425) state=exploring leader=None trust=1.00 susp=0.00 cov=24.5%/47.9%
[R3] pos=(1062,1313) state=exploring leader=None trust=1.00 susp=0.00 cov=27.1%/50.5%
[R3] pos=(1062,1322) state=exploring leader=None trust=1.00 susp=0.00 cov=27.6%/51.0%
[R3] pos=(1062,1322) state=exploring leader=None trust=1.00 susp=0.00 cov=27.6%/51.0%
[R3] pos=(1062,1322) state=exploring leader=None trust=1.00 susp=0.00 cov=27.6%/51.0%
[R3] pos=(1187,1188) state=exploring leader=None trust=1.00 susp=0.00 cov=29.2%/52.6%
[R3] pos=(1278,1425) state=exploring leader=None trust=1.00 susp=0.00 cov=30.7%/54.2%
[R3] pos=(1408,1052) state=exploring leader=None trust=1.00 susp=0.00 cov=33.3%/56.8%
[R3] pos=(1188,687) state=exploring leader=None trust=1.00 susp=0.00 cov=35.9%/59.4%
[R3] pos=(1188,562) state=exploring leader=None trust=1.00 susp=0.00 cov=36.5%/59.9%
[R3] pos=(1188,562) state=exploring leader=None trust=1.00 susp=0.00 cov=36.5%/59.9%
[R3] pos=(1188,562) state=exploring leader=None trust=1.00 susp=0.00 cov=36.5%/59.9%
[R3] pos=(1188,562) state=exploring leader=None trust=1.00 susp=0.00 cov=36.5%/59.9%
[R3] pos=(1188,562) state=exploring leader=None trust=1.00 susp=0.00 cov=36.5%/59.9%
[R3] pos=(1188,562) state=exploring leader=None trust=1.00 susp=0.00 cov=36.5%/59.9%
[R3] pos=(1188,562) state=exploring leader=None trust=1.00 susp=0.00 cov=36.5%/59.9%
[R3] pos=(1188,562) state=exploring leader=None trust=1.00 susp=0.00 cov=36.5%/59.9%
[R3] pos=(1188,562) state=exploring leader=None trust=1.00 susp=0.00 cov=36.5%/59.9%
[R3] pos=(1188,562) state=exploring leader=None trust=1.00 susp=0.00 cov=36.5%/59.9%
[R3] pos=(1188,562) state=exploring leader=None trust=1.00 susp=0.00 cov=36.5%/59.9%
[R3] pos=(1188,562) state=exploring leader=None trust=1.00 susp=0.00 cov=36.5%/59.9%
[R3] pos=(1188,562) state=exploring leader=None trust=1.00 susp=0.00 cov=36.5%/59.9%
[R3] pos=(1188,562) state=exploring leader=None trust=1.00 susp=0.00 cov=36.5%/59.9%
[R3] pos=(1188,562) state=exploring leader=None trust=1.00 susp=0.00 cov=36.5%/59.9%
[R3] pos=(1188,562) state=exploring leader=None trust=1.00 susp=0.00 cov=36.5%/59.9%
[R3] pos=(1188,562) state=exploring leader=None trust=1.00 susp=0.00 cov=36.5%/59.9%
[R3] pos=(1188,562) state=exploring leader=None trust=1.00 susp=0.00 cov=36.5%/59.9%
[R3] pos=(1188,562) state=exploring leader=None trust=1.00 susp=0.00 cov=36.5%/59.9%
[R3] pos=(1188,562) state=exploring leader=None trust=1.00 susp=0.00 cov=36.5%/59.9%
[R3] pos=(1188,687) state=exploring leader=None trust=1.00 susp=0.00 cov=36.5%/59.9%
[R3] pos=(1188,562) state=exploring leader=None trust=1.00 susp=0.00 cov=36.5%/59.9%
[R3] pos=(1188,687) state=exploring leader=None trust=1.00 susp=0.00 cov=36.5%/59.9%
[R3] pos=(1099,153) state=exploring leader=None trust=1.00 susp=0.00 cov=39.1%/62.5%
[R3] pos=(1281,451) state=exploring leader=None trust=1.00 susp=0.00 cov=42.2%/65.6%
[R3] pos=(1314,75) state=exploring leader=None trust=1.00 susp=0.00 cov=45.8%/69.3%
[R3] pos=(1563,426) state=exploring leader=None trust=1.00 susp=0.00 cov=47.9%/71.4%
[R3] pos=(1455,561) state=exploring leader=None trust=1.00 susp=0.00 cov=49.0%/72.4%
[R3] pos=(1455,561) state=exploring leader=None trust=1.00 susp=0.00 cov=49.0%/72.4%
[R3] pos=(1455,561) state=exploring leader=None trust=1.00 susp=0.00 cov=49.0%/72.4%
[R3] pos=(1455,561) state=exploring leader=None trust=1.00 susp=0.00 cov=49.0%/72.4%
[R3] pos=(1455,561) state=exploring leader=None trust=1.00 susp=0.00 cov=49.0%/72.4%
[R3] pos=(1455,561) state=exploring leader=None trust=1.00 susp=0.00 cov=49.0%/72.4%
[R3] pos=(1455,561) state=exploring leader=None trust=1.00 susp=0.00 cov=49.0%/72.4%
[R3] pos=(1563,896) state=exploring leader=None trust=1.00 susp=0.00 cov=52.1%/75.5%
[R3] pos=(1437,1313) state=exploring leader=None trust=1.00 susp=0.00 cov=54.2%/77.6%
[R3] pos=(1680,897) state=exploring leader=None trust=1.00 susp=0.00 cov=57.8%/81.2%
[R3] pos=(1689,797) state=exploring leader=None trust=1.00 susp=0.00 cov=58.3%/81.8%
[R3] pos=(1782,75) state=exploring leader=None trust=1.00 susp=0.00 cov=62.0%/85.4%
[R3] pos=(1802,715) state=exploring leader=None trust=1.00 susp=0.00 cov=64.6%/88.0%
[R3] pos=(1925,176) state=exploring leader=None trust=1.00 susp=0.00 cov=67.2%/90.6%
[R3] pos=(1813,1121) state=exploring leader=None trust=1.00 susp=0.00 cov=69.8%/93.2%
