[WARN] Hardware modules not available - running in simulation mode
=== REIP Node - Robot 5 [SIM (unique ports)] ===
Trust Model: Three-tier confidence-weighted
  Personal: 1.0, ToF: 1.0, Peer: 0.3
  Suspicion threshold: 1.5, Recovery: 0.1

  Logging to: logs/robot_5_20260226_171104.jsonl
Initializing hardware...
  Hardware: SIMULATED
[INFO] Position socket listening on port 13105
[INFO] Peer socket listening on port 13205
[INFO] Fault socket listening on port 13305
Ready!

=== Detection Bounds: T1=2 cmds, T3=8 cmds | Impeachment: T1=8 cmds, T3=32 cmds ===
Running... Press Ctrl+C to stop

[ELECTION] New leader: 5
[R5] pos=(0,0) state=leader leader=5 trust=1.00 susp=0.00 cov=0.0%/0.0%
[ELECTION] New leader: 1
[R5] pos=(1178,931) state=follower leader=1 trust=1.00 susp=0.00 cov=0.5%/0.5%
[R5] pos=(1022,767) state=follower leader=1 trust=1.00 susp=0.00 cov=2.6%/13.5%
[R5] pos=(1329,846) state=follower leader=1 trust=1.00 susp=0.00 cov=5.2%/25.5%
[R5] pos=(1344,993) state=follower leader=1 trust=1.00 susp=0.00 cov=6.2%/37.0%
[R5] pos=(1422,1019) state=follower leader=1 trust=1.00 susp=0.00 cov=7.3%/47.4%
[R5] pos=(1521,980) state=follower leader=1 trust=1.00 susp=0.00 cov=7.8%/56.8%
[R5] pos=(1349,875) state=follower leader=1 trust=1.00 susp=0.00 cov=8.3%/66.7%
[R5] pos=(748,1187) state=follower leader=1 trust=1.00 susp=0.00 cov=11.5%/74.5%
[R5] pos=(560,1057) state=follower leader=1 trust=1.00 susp=0.00 cov=13.0%/80.7%
[R5] pos=(312,820) state=follower leader=1 trust=1.00 susp=0.00 cov=16.1%/92.7%
[R5] pos=(75,452) state=follower leader=1 trust=1.00 susp=0.00 cov=19.8%/99.0%
[R5] pos=(175,439) state=follower leader=1 trust=1.00 susp=0.00 cov=20.3%/100.0%
[R5] pos=(175,439) state=follower leader=1 trust=1.00 susp=0.00 cov=20.3%/100.0%
[R5] pos=(175,439) state=follower leader=1 trust=1.00 susp=0.00 cov=20.3%/100.0%
[R5] pos=(175,439) state=follower leader=1 trust=1.00 susp=0.00 cov=20.3%/100.0%
[TRUST] Bad command #1 (peer_reported): suspicion +0.30 = 0.30
[R5] pos=(175,439) state=follower leader=1 trust=1.00 susp=0.30 cov=20.3%/100.0%
[TRUST] Bad command #2 (peer_reported): suspicion +0.30 = 0.60
[TRUST] Bad command #3 (peer_reported): suspicion +0.30 = 0.90
[TRUST] Bad command #4 (personal_visited): suspicion +1.00 = 1.90
[DETECT] First trust decay after 4 bad commands (0.63s) [Theoretical bound: T1=2, T3=8]
[TRUST] Trust decayed: trust=0.80, remaining suspicion=0.40
[TRUST] Bad command #5 (peer_reported): suspicion +0.30 = 0.70
[TRUST] Bad command #6 (peer_reported): suspicion +0.30 = 1.00
[TRUST] Bad command #7 (peer_reported): suspicion +0.30 = 1.30
[TRUST] Bad command #8 (personal_visited): suspicion +1.00 = 2.30
[TRUST] Trust decayed: trust=0.60, remaining suspicion=0.80
[TRUST] Bad command #9 (peer_reported): suspicion +0.30 = 1.10
[TRUST] Bad command #10 (peer_reported): suspicion +0.30 = 1.40
[R5] pos=(780,589) state=follower leader=1 trust=0.60 susp=1.40 cov=23.4%/100.0%
[TRUST] Bad command #11 (peer_reported): suspicion +0.30 = 1.70
[TRUST] Trust decayed: trust=0.40, remaining suspicion=0.20
[TRUST] Bad command #12 (peer_reported): suspicion +0.30 = 0.50
[TRUST] Bad command #13 (peer_reported): suspicion +0.30 = 0.80
[TRUST] Bad command #14 (peer_reported): suspicion +0.30 = 1.10
[TRUST] Bad command #15 (personal_visited): suspicion +1.00 = 2.10
[TRUST] Trust decayed: trust=0.20, remaining suspicion=0.60
[TRUST] Bad command #16 (personal_visited): suspicion +1.00 = 1.60
[TRUST] Trust decayed: trust=0.10, remaining suspicion=0.10
[TRUST] Bad command #17 (personal_visited): suspicion +1.00 = 1.10
[TRUST] Bad command #18 (peer_reported): suspicion +0.30 = 1.40
[TRUST] Bad command #19 (personal_visited): suspicion +1.00 = 2.40
[TRUST] Trust decayed: trust=0.10, remaining suspicion=0.90
[TRUST] Bad command #20 (personal_visited): suspicion +1.00 = 1.90
[TRUST] Trust decayed: trust=0.10, remaining suspicion=0.40
[DETECT] IMPEACHMENT after 20 bad commands, 4.09s from first bad command [Bound: T1=8 cmds, T3=32 cmds]
[IMPEACH] Trust too low (0.10), excluding leader 1 from candidates
[ELECTION] Leader 1 impeached (failures=1)
[ELECTION] New leader: 2
[R5] pos=(933,198) state=follower leader=2 trust=1.00 susp=0.00 cov=25.0%/100.0%
[R5] pos=(933,198) state=follower leader=2 trust=1.00 susp=0.00 cov=25.0%/100.0%
[R5] pos=(933,198) state=follower leader=2 trust=1.00 susp=0.00 cov=25.0%/100.0%
[R5] pos=(933,198) state=follower leader=2 trust=1.00 susp=0.00 cov=25.0%/100.0%
[R5] pos=(933,198) state=follower leader=2 trust=1.00 susp=0.00 cov=25.0%/100.0%
[R5] pos=(933,198) state=follower leader=2 trust=1.00 susp=0.00 cov=25.0%/100.0%
[R5] pos=(933,198) state=follower leader=2 trust=1.00 susp=0.00 cov=25.0%/100.0%
[R5] pos=(933,198) state=follower leader=2 trust=1.00 susp=0.00 cov=25.0%/100.0%
[R5] pos=(933,198) state=follower leader=2 trust=1.00 susp=0.00 cov=25.0%/100.0%
[R5] pos=(933,198) state=follower leader=2 trust=1.00 susp=0.00 cov=25.0%/100.0%
[R5] pos=(933,198) state=follower leader=2 trust=1.00 susp=0.00 cov=25.0%/100.0%
[R5] pos=(933,198) state=follower leader=2 trust=1.00 susp=0.00 cov=25.0%/100.0%
[R5] pos=(933,198) state=follower leader=2 trust=1.00 susp=0.00 cov=25.0%/100.0%
[R5] pos=(933,198) state=follower leader=2 trust=1.00 susp=0.00 cov=25.0%/100.0%
[R5] pos=(933,198) state=follower leader=2 trust=1.00 susp=0.00 cov=25.0%/100.0%
[R5] pos=(933,198) state=follower leader=2 trust=1.00 susp=0.00 cov=25.0%/100.0%
[R5] pos=(933,198) state=follower leader=2 trust=1.00 susp=0.00 cov=25.0%/100.0%
[R5] pos=(933,198) state=follower leader=2 trust=1.00 susp=0.00 cov=25.0%/100.0%
[R5] pos=(933,198) state=follower leader=2 trust=1.00 susp=0.00 cov=25.0%/100.0%
[R5] pos=(933,198) state=follower leader=2 trust=1.00 susp=0.00 cov=25.0%/100.0%
[R5] pos=(933,198) state=follower leader=2 trust=1.00 susp=0.00 cov=25.0%/100.0%
[R5] pos=(933,198) state=follower leader=2 trust=1.00 susp=0.00 cov=25.0%/100.0%
[R5] pos=(933,198) state=follower leader=2 trust=1.00 susp=0.00 cov=25.0%/100.0%
[R5] pos=(933,198) state=follower leader=2 trust=1.00 susp=0.00 cov=25.0%/100.0%
[R5] pos=(933,198) state=follower leader=2 trust=1.00 susp=0.00 cov=25.0%/100.0%
[R5] pos=(933,198) state=follower leader=2 trust=1.00 susp=0.00 cov=25.0%/100.0%
[R5] pos=(933,198) state=follower leader=2 trust=1.00 susp=0.00 cov=25.0%/100.0%
[R5] pos=(933,198) state=follower leader=2 trust=1.00 susp=0.00 cov=25.0%/100.0%
[R5] pos=(933,198) state=follower leader=2 trust=1.00 susp=0.00 cov=25.0%/100.0%
[R5] pos=(933,198) state=follower leader=2 trust=1.00 susp=0.00 cov=25.0%/100.0%
[R5] pos=(933,198) state=follower leader=2 trust=1.00 susp=0.00 cov=25.0%/100.0%
[R5] pos=(933,198) state=follower leader=2 trust=1.00 susp=0.00 cov=25.0%/100.0%
[R5] pos=(933,198) state=follower leader=2 trust=1.00 susp=0.00 cov=25.0%/100.0%
[R5] pos=(933,198) state=follower leader=2 trust=1.00 susp=0.00 cov=25.0%/100.0%
[R5] pos=(933,198) state=follower leader=2 trust=1.00 susp=0.00 cov=25.0%/100.0%
[R5] pos=(933,198) state=follower leader=2 trust=1.00 susp=0.00 cov=25.0%/100.0%
[R5] pos=(933,198) state=follower leader=2 trust=1.00 susp=0.00 cov=25.0%/100.0%
[R5] pos=(933,198) state=follower leader=2 trust=1.00 susp=0.00 cov=25.0%/100.0%
[R5] pos=(933,198) state=follower leader=2 trust=1.00 susp=0.00 cov=25.0%/100.0%
[R5] pos=(933,198) state=follower leader=2 trust=1.00 susp=0.00 cov=25.0%/100.0%
[R5] pos=(933,198) state=follower leader=2 trust=1.00 susp=0.00 cov=25.0%/100.0%
[R5] pos=(933,198) state=follower leader=2 trust=1.00 susp=0.00 cov=25.0%/100.0%
[R5] pos=(933,198) state=follower leader=2 trust=1.00 susp=0.00 cov=25.0%/100.0%
[R5] pos=(933,198) state=follower leader=2 trust=1.00 susp=0.00 cov=25.0%/100.0%
[R5] pos=(933,198) state=follower leader=2 trust=1.00 susp=0.00 cov=25.0%/100.0%
