[WARN] Hardware modules not available - running in simulation mode
=== REIP Node - Robot 4 [SIM (unique ports)] ===
Trust Model: Three-tier confidence-weighted
  Personal: 1.0, ToF: 1.0, Peer: 0.3
  Suspicion threshold: 1.5, Recovery: 0.1

  Logging to: logs/robot_4_20260226_185653.jsonl
Initializing hardware...
  Hardware: SIMULATED
[INFO] Position socket listening on port 7104
[INFO] Peer socket listening on port 7204
[INFO] Fault socket listening on port 7304
Ready!

=== DECENTRALIZED MODE - No leader coordination ===
=== Detection Bounds: T1=2 cmds, T3=8 cmds | Impeachment: T1=8 cmds, T3=32 cmds ===
Running... Press Ctrl+C to stop

[R4] pos=(0,0) state=exploring leader=None trust=1.00 susp=0.00 cov=0.0%/0.0%
[R4] pos=(1741,271) state=exploring leader=None trust=1.00 susp=0.00 cov=0.5%/0.5%
[R4] pos=(982,312) state=exploring leader=None trust=1.00 susp=0.00 cov=3.6%/16.1%
[R4] pos=(324,312) state=exploring leader=None trust=1.00 susp=0.00 cov=6.2%/25.0%
[R4] pos=(582,606) state=exploring leader=None trust=1.00 susp=0.00 cov=9.4%/37.0%
[R4] pos=(863,634) state=exploring leader=None trust=1.00 susp=0.00 cov=14.1%/47.9%
[R4] pos=(1061,393) state=exploring leader=None trust=1.00 susp=0.00 cov=17.2%/56.2%
[R4] pos=(1427,738) state=exploring leader=None trust=1.00 susp=0.00 cov=20.3%/62.5%
[R4] pos=(1781,424) state=exploring leader=None trust=1.00 susp=0.00 cov=24.5%/71.4%
[R4] pos=(1473,128) state=exploring leader=None trust=1.00 susp=0.00 cov=27.1%/77.1%
[R4] pos=(547,187) state=exploring leader=None trust=1.00 susp=0.00 cov=30.7%/88.0%
[R4] pos=(1029,287) state=exploring leader=None trust=1.00 susp=0.00 cov=32.3%/93.8%
[R4] pos=(1922,440) state=exploring leader=None trust=1.00 susp=0.00 cov=33.3%/97.9%
[R4] pos=(1925,738) state=exploring leader=None trust=1.00 susp=0.00 cov=35.9%/100.0%
[R4] pos=(1925,638) state=exploring leader=None trust=1.00 susp=0.00 cov=35.9%/100.0%
[R4] pos=(1925,638) state=exploring leader=None trust=1.00 susp=0.00 cov=35.9%/100.0%
[R4] pos=(1925,626) state=exploring leader=None trust=1.00 susp=0.00 cov=35.9%/100.0%
[R4] pos=(1925,742) state=exploring leader=None trust=1.00 susp=0.00 cov=35.9%/100.0%
[R4] pos=(1925,726) state=exploring leader=None trust=1.00 susp=0.00 cov=35.9%/100.0%
[R4] pos=(1925,728) state=exploring leader=None trust=1.00 susp=0.00 cov=35.9%/100.0%
[R4] pos=(1925,650) state=exploring leader=None trust=1.00 susp=0.00 cov=35.9%/100.0%
[R4] pos=(1925,648) state=exploring leader=None trust=1.00 susp=0.00 cov=36.5%/100.0%
[R4] pos=(1925,649) state=exploring leader=None trust=1.00 susp=0.00 cov=36.5%/100.0%
[R4] pos=(1925,754) state=exploring leader=None trust=1.00 susp=0.00 cov=36.5%/100.0%
[R4] pos=(1925,752) state=exploring leader=None trust=1.00 susp=0.00 cov=36.5%/100.0%
[R4] pos=(1925,629) state=exploring leader=None trust=1.00 susp=0.00 cov=36.5%/100.0%
[R4] pos=(1925,624) state=exploring leader=None trust=1.00 susp=0.00 cov=36.5%/100.0%
[R4] pos=(1925,632) state=exploring leader=None trust=1.00 susp=0.00 cov=36.5%/100.0%
[R4] pos=(1925,745) state=exploring leader=None trust=1.00 susp=0.00 cov=36.5%/100.0%
[R4] pos=(1925,748) state=exploring leader=None trust=1.00 susp=0.00 cov=36.5%/100.0%
[R4] pos=(1925,749) state=exploring leader=None trust=1.00 susp=0.00 cov=36.5%/100.0%
[R4] pos=(1925,672) state=exploring leader=None trust=1.00 susp=0.00 cov=36.5%/100.0%
[R4] pos=(1925,672) state=exploring leader=None trust=1.00 susp=0.00 cov=36.5%/100.0%
[R4] pos=(1925,672) state=exploring leader=None trust=1.00 susp=0.00 cov=36.5%/100.0%
[R4] pos=(1925,672) state=exploring leader=None trust=1.00 susp=0.00 cov=36.5%/100.0%
[R4] pos=(1925,672) state=exploring leader=None trust=1.00 susp=0.00 cov=36.5%/100.0%
[R4] pos=(1925,672) state=exploring leader=None trust=1.00 susp=0.00 cov=36.5%/100.0%
[R4] pos=(1925,672) state=exploring leader=None trust=1.00 susp=0.00 cov=36.5%/100.0%
[R4] pos=(1925,672) state=exploring leader=None trust=1.00 susp=0.00 cov=36.5%/100.0%
[R4] pos=(1925,672) state=exploring leader=None trust=1.00 susp=0.00 cov=36.5%/100.0%
[R4] pos=(1925,672) state=exploring leader=None trust=1.00 susp=0.00 cov=36.5%/100.0%
[R4] pos=(1925,672) state=exploring leader=None trust=1.00 susp=0.00 cov=36.5%/100.0%
[R4] pos=(1925,672) state=exploring leader=None trust=1.00 susp=0.00 cov=36.5%/100.0%
[R4] pos=(1925,672) state=exploring leader=None trust=1.00 susp=0.00 cov=36.5%/100.0%
[R4] pos=(1925,672) state=exploring leader=None trust=1.00 susp=0.00 cov=36.5%/100.0%
[R4] pos=(1925,672) state=exploring leader=None trust=1.00 susp=0.00 cov=36.5%/100.0%
[R4] pos=(1925,672) state=exploring leader=None trust=1.00 susp=0.00 cov=36.5%/100.0%
[R4] pos=(1925,672) state=exploring leader=None trust=1.00 susp=0.00 cov=36.5%/100.0%
[R4] pos=(1925,672) state=exploring leader=None trust=1.00 susp=0.00 cov=36.5%/100.0%
[R4] pos=(1925,672) state=exploring leader=None trust=1.00 susp=0.00 cov=36.5%/100.0%
[R4] pos=(1925,672) state=exploring leader=None trust=1.00 susp=0.00 cov=36.5%/100.0%
[R4] pos=(1925,672) state=exploring leader=None trust=1.00 susp=0.00 cov=36.5%/100.0%
[R4] pos=(1925,672) state=exploring leader=None trust=1.00 susp=0.00 cov=36.5%/100.0%
[R4] pos=(1925,672) state=exploring leader=None trust=1.00 susp=0.00 cov=36.5%/100.0%
[R4] pos=(1925,672) state=exploring leader=None trust=1.00 susp=0.00 cov=36.5%/100.0%
[R4] pos=(1925,672) state=exploring leader=None trust=1.00 susp=0.00 cov=36.5%/100.0%
[R4] pos=(1925,672) state=exploring leader=None trust=1.00 susp=0.00 cov=36.5%/100.0%
[R4] pos=(1925,672) state=exploring leader=None trust=1.00 susp=0.00 cov=36.5%/100.0%
[R4] pos=(1925,672) state=exploring leader=None trust=1.00 susp=0.00 cov=36.5%/100.0%
[R4] pos=(1925,672) state=exploring leader=None trust=1.00 susp=0.00 cov=36.5%/100.0%
[R4] pos=(1925,672) state=exploring leader=None trust=1.00 susp=0.00 cov=36.5%/100.0%
