[WARN] Hardware modules not available - running in simulation mode
=== REIP Node - Robot 1 [SIM (unique ports)] ===
Trust Model: Three-tier confidence-weighted
  Personal: 1.0, ToF: 1.0, Peer: 0.3
  Suspicion threshold: 1.5, Recovery: 0.1

  Logging to: logs/robot_1_20260226_185653.jsonl
Initializing hardware...
  Hardware: SIMULATED
[INFO] Position socket listening on port 7101
[INFO] Peer socket listening on port 7201
[INFO] Fault socket listening on port 7301
Ready!

=== DECENTRALIZED MODE - No leader coordination ===
=== Detection Bounds: T1=2 cmds, T3=8 cmds | Impeachment: T1=8 cmds, T3=32 cmds ===
Running... Press Ctrl+C to stop

[R1] pos=(0,0) state=exploring leader=None trust=1.00 susp=0.00 cov=0.0%/0.0%
[R1] pos=(750,855) state=exploring leader=None trust=1.00 susp=0.00 cov=0.5%/0.5%
[R1] pos=(216,895) state=exploring leader=None trust=1.00 susp=0.00 cov=3.6%/16.1%
[R1] pos=(425,1232) state=exploring leader=None trust=1.00 susp=0.00 cov=5.7%/24.5%
[R1] pos=(451,1425) state=exploring leader=None trust=1.00 susp=0.00 cov=7.8%/37.0%
[R1] pos=(961,1105) state=exploring leader=None trust=1.00 susp=0.00 cov=12.5%/47.9%
[R1] pos=(1187,688) state=exploring leader=None trust=1.00 susp=0.00 cov=16.1%/56.2%
[R1] pos=(1312,1104) state=exploring leader=None trust=1.00 susp=0.00 cov=19.8%/62.5%
[R1] pos=(1240,1425) state=exploring leader=None trust=1.00 susp=0.00 cov=22.9%/70.8%
[R1] pos=(1562,1223) state=exploring leader=None trust=1.00 susp=0.00 cov=24.5%/77.1%
[R1] pos=(1688,1425) state=exploring leader=None trust=1.00 susp=0.00 cov=28.1%/88.0%
[R1] pos=(1925,1055) state=exploring leader=None trust=1.00 susp=0.00 cov=32.3%/93.8%
[R1] pos=(1925,489) state=exploring leader=None trust=1.00 susp=0.00 cov=36.5%/97.9%
[R1] pos=(1925,600) state=exploring leader=None trust=1.00 susp=0.00 cov=38.0%/100.0%
[R1] pos=(1925,730) state=exploring leader=None trust=1.00 susp=0.00 cov=38.5%/100.0%
[R1] pos=(1925,736) state=exploring leader=None trust=1.00 susp=0.00 cov=38.5%/100.0%
[R1] pos=(1925,749) state=exploring leader=None trust=1.00 susp=0.00 cov=38.5%/100.0%
[R1] pos=(1925,633) state=exploring leader=None trust=1.00 susp=0.00 cov=38.5%/100.0%
[R1] pos=(1925,649) state=exploring leader=None trust=1.00 susp=0.00 cov=38.5%/100.0%
[R1] pos=(1925,647) state=exploring leader=None trust=1.00 susp=0.00 cov=38.5%/100.0%
[R1] pos=(1925,725) state=exploring leader=None trust=1.00 susp=0.00 cov=38.5%/100.0%
[R1] pos=(1925,727) state=exploring leader=None trust=1.00 susp=0.00 cov=38.5%/100.0%
[R1] pos=(1925,627) state=exploring leader=None trust=1.00 susp=0.00 cov=38.5%/100.0%
[R1] pos=(1925,621) state=exploring leader=None trust=1.00 susp=0.00 cov=38.5%/100.0%
[R1] pos=(1925,623) state=exploring leader=None trust=1.00 susp=0.00 cov=38.5%/100.0%
[R1] pos=(1925,746) state=exploring leader=None trust=1.00 susp=0.00 cov=38.5%/100.0%
[R1] pos=(1925,751) state=exploring leader=None trust=1.00 susp=0.00 cov=38.5%/100.0%
[R1] pos=(1925,743) state=exploring leader=None trust=1.00 susp=0.00 cov=38.5%/100.0%
[R1] pos=(1925,630) state=exploring leader=None trust=1.00 susp=0.00 cov=38.5%/100.0%
[R1] pos=(1925,627) state=exploring leader=None trust=1.00 susp=0.00 cov=38.5%/100.0%
[R1] pos=(1925,626) state=exploring leader=None trust=1.00 susp=0.00 cov=38.5%/100.0%
[R1] pos=(1925,703) state=exploring leader=None trust=1.00 susp=0.00 cov=38.5%/100.0%
[R1] pos=(1925,703) state=exploring leader=None trust=1.00 susp=0.00 cov=38.5%/100.0%
[R1] pos=(1925,703) state=exploring leader=None trust=1.00 susp=0.00 cov=38.5%/100.0%
[R1] pos=(1925,703) state=exploring leader=None trust=1.00 susp=0.00 cov=38.5%/100.0%
[R1] pos=(1925,703) state=exploring leader=None trust=1.00 susp=0.00 cov=38.5%/100.0%
[R1] pos=(1925,703) state=exploring leader=None trust=1.00 susp=0.00 cov=38.5%/100.0%
[R1] pos=(1925,703) state=exploring leader=None trust=1.00 susp=0.00 cov=38.5%/100.0%
[R1] pos=(1925,703) state=exploring leader=None trust=1.00 susp=0.00 cov=38.5%/100.0%
[R1] pos=(1925,703) state=exploring leader=None trust=1.00 susp=0.00 cov=38.5%/100.0%
[R1] pos=(1925,703) state=exploring leader=None trust=1.00 susp=0.00 cov=38.5%/100.0%
[R1] pos=(1925,703) state=exploring leader=None trust=1.00 susp=0.00 cov=38.5%/100.0%
[R1] pos=(1925,703) state=exploring leader=None trust=1.00 susp=0.00 cov=38.5%/100.0%
[R1] pos=(1925,703) state=exploring leader=None trust=1.00 susp=0.00 cov=38.5%/100.0%
[R1] pos=(1925,703) state=exploring leader=None trust=1.00 susp=0.00 cov=38.5%/100.0%
[R1] pos=(1925,703) state=exploring leader=None trust=1.00 susp=0.00 cov=38.5%/100.0%
[R1] pos=(1925,703) state=exploring leader=None trust=1.00 susp=0.00 cov=38.5%/100.0%
[R1] pos=(1925,703) state=exploring leader=None trust=1.00 susp=0.00 cov=38.5%/100.0%
[R1] pos=(1925,703) state=exploring leader=None trust=1.00 susp=0.00 cov=38.5%/100.0%
[R1] pos=(1925,703) state=exploring leader=None trust=1.00 susp=0.00 cov=38.5%/100.0%
[R1] pos=(1925,703) state=exploring leader=None trust=1.00 susp=0.00 cov=38.5%/100.0%
[R1] pos=(1925,703) state=exploring leader=None trust=1.00 susp=0.00 cov=38.5%/100.0%
[R1] pos=(1925,703) state=exploring leader=None trust=1.00 susp=0.00 cov=38.5%/100.0%
[R1] pos=(1925,703) state=exploring leader=None trust=1.00 susp=0.00 cov=38.5%/100.0%
[R1] pos=(1925,703) state=exploring leader=None trust=1.00 susp=0.00 cov=38.5%/100.0%
[R1] pos=(1925,703) state=exploring leader=None trust=1.00 susp=0.00 cov=38.5%/100.0%
[R1] pos=(1925,703) state=exploring leader=None trust=1.00 susp=0.00 cov=38.5%/100.0%
[R1] pos=(1925,703) state=exploring leader=None trust=1.00 susp=0.00 cov=38.5%/100.0%
[R1] pos=(1925,703) state=exploring leader=None trust=1.00 susp=0.00 cov=38.5%/100.0%
[R1] pos=(1925,703) state=exploring leader=None trust=1.00 susp=0.00 cov=38.5%/100.0%
[R1] pos=(1925,703) state=exploring leader=None trust=1.00 susp=0.00 cov=38.5%/100.0%
