[WARN] Hardware modules not available - running in simulation mode
=== REIP Node - Robot 4 [SIM (unique ports)] ===
Trust Model: Three-tier confidence-weighted
  Personal: 1.0, ToF: 1.0, Peer: 0.3
  Suspicion threshold: 1.5, Recovery: 0.1

  Logging to: logs/robot_4_20260226_183148.jsonl
Initializing hardware...
  Hardware: SIMULATED
[INFO] Position socket listening on port 5104
[INFO] Peer socket listening on port 5204
[INFO] Fault socket listening on port 5304
Ready!

=== Detection Bounds: T1=2 cmds, T3=8 cmds | Impeachment: T1=8 cmds, T3=32 cmds ===
Running... Press Ctrl+C to stop

[ELECTION] New leader: 4
[R4] pos=(0,0) state=leader leader=4 trust=1.00 susp=0.00 cov=0.0%/0.0%
[ELECTION] New leader: 1
[R4] pos=(783,738) state=follower leader=1 trust=1.00 susp=0.00 cov=0.5%/2.1%
[R4] pos=(783,738) state=follower leader=1 trust=1.00 susp=0.00 cov=0.5%/2.1%
[R4] pos=(783,738) state=follower leader=1 trust=1.00 susp=0.00 cov=0.5%/2.1%
[R4] pos=(783,738) state=follower leader=1 trust=1.00 susp=0.00 cov=0.5%/2.1%
[R4] pos=(783,738) state=follower leader=1 trust=1.00 susp=0.00 cov=0.5%/2.1%
[R4] pos=(783,738) state=follower leader=1 trust=1.00 susp=0.00 cov=0.5%/2.1%
[R4] pos=(783,738) state=follower leader=1 trust=1.00 susp=0.00 cov=0.5%/2.1%
[R4] pos=(783,738) state=follower leader=1 trust=1.00 susp=0.00 cov=0.5%/2.1%
[R4] pos=(783,738) state=follower leader=1 trust=1.00 susp=0.00 cov=0.5%/2.1%
[R4] pos=(783,738) state=follower leader=1 trust=1.00 susp=0.00 cov=0.5%/2.1%
[R4] pos=(783,738) state=follower leader=1 trust=1.00 susp=0.00 cov=0.5%/2.1%
[R4] pos=(783,738) state=follower leader=1 trust=1.00 susp=0.00 cov=0.5%/2.1%
[R4] pos=(783,738) state=follower leader=1 trust=1.00 susp=0.00 cov=0.5%/2.1%
[R4] pos=(783,738) state=follower leader=1 trust=1.00 susp=0.00 cov=0.5%/2.1%
[R4] pos=(783,738) state=follower leader=1 trust=1.00 susp=0.00 cov=0.5%/2.1%
[R4] pos=(783,738) state=follower leader=1 trust=1.00 susp=0.00 cov=0.5%/2.1%
[R4] pos=(783,738) state=follower leader=1 trust=1.00 susp=0.00 cov=0.5%/2.1%
[R4] pos=(783,738) state=follower leader=1 trust=1.00 susp=0.00 cov=0.5%/2.1%
[R4] pos=(783,738) state=follower leader=1 trust=1.00 susp=0.00 cov=0.5%/2.1%
[R4] pos=(783,738) state=follower leader=1 trust=1.00 susp=0.00 cov=0.5%/2.1%
[R4] pos=(783,738) state=follower leader=1 trust=1.00 susp=0.00 cov=0.5%/2.1%
[R4] pos=(783,738) state=follower leader=1 trust=1.00 susp=0.00 cov=0.5%/2.1%
[R4] pos=(783,738) state=follower leader=1 trust=1.00 susp=0.00 cov=0.5%/2.1%
[R4] pos=(783,738) state=follower leader=1 trust=1.00 susp=0.00 cov=0.5%/2.1%
[R4] pos=(783,738) state=follower leader=1 trust=1.00 susp=0.00 cov=0.5%/2.1%
[R4] pos=(783,738) state=follower leader=1 trust=1.00 susp=0.00 cov=0.5%/2.1%
[R4] pos=(783,738) state=follower leader=1 trust=1.00 susp=0.00 cov=0.5%/2.1%
[R4] pos=(783,738) state=follower leader=1 trust=1.00 susp=0.00 cov=0.5%/2.1%
[R4] pos=(783,738) state=follower leader=1 trust=1.00 susp=0.00 cov=0.5%/2.1%
[R4] pos=(783,738) state=follower leader=1 trust=1.00 susp=0.00 cov=0.5%/2.1%
[R4] pos=(783,738) state=follower leader=1 trust=1.00 susp=0.00 cov=0.5%/2.1%
[R4] pos=(783,738) state=follower leader=1 trust=1.00 susp=0.00 cov=0.5%/2.1%
[R4] pos=(783,738) state=follower leader=1 trust=1.00 susp=0.00 cov=0.5%/2.1%
[R4] pos=(783,738) state=follower leader=1 trust=1.00 susp=0.00 cov=0.5%/2.1%
[R4] pos=(783,738) state=follower leader=1 trust=1.00 susp=0.00 cov=0.5%/2.1%
[R4] pos=(829,854) state=follower leader=1 trust=1.00 susp=0.00 cov=1.6%/7.3%
[R4] pos=(1061,1049) state=follower leader=1 trust=1.00 susp=0.00 cov=4.2%/18.2%
[R4] pos=(1303,929) state=follower leader=1 trust=1.00 susp=0.00 cov=6.8%/29.7%
[R4] pos=(1366,652) state=follower leader=1 trust=1.00 susp=0.00 cov=9.4%/38.0%
[R4] pos=(1563,811) state=follower leader=1 trust=1.00 susp=0.00 cov=10.4%/44.3%
[R4] pos=(1686,1168) state=follower leader=1 trust=1.00 susp=0.00 cov=13.0%/53.6%
[R4] pos=(1925,1004) state=follower leader=1 trust=1.00 susp=0.00 cov=15.6%/65.6%
[R4] pos=(1825,1221) state=follower leader=1 trust=1.00 susp=0.00 cov=17.2%/72.4%
[MPC SEVERE] No frontier within 135ｰ of cmd! Best alignment: 140ｰ, error=0.53
[TRUST] Bad command #1 (mpc_severe(0.53)): suspicion +0.53 = 0.53
[R4] pos=(1925,1425) state=follower leader=1 trust=1.00 susp=0.33 cov=19.3%/80.2%
[R4] pos=(1544,1381) state=follower leader=1 trust=1.00 susp=0.00 cov=21.4%/90.6%
[R4] pos=(1191,1425) state=follower leader=1 trust=1.00 susp=0.00 cov=24.0%/97.4%
[R4] pos=(1662,1288) state=follower leader=1 trust=1.00 susp=0.00 cov=26.0%/99.5%
[R4] pos=(1593,672) state=follower leader=1 trust=1.00 susp=0.00 cov=26.6%/100.0%
[R4] pos=(1554,370) state=follower leader=1 trust=1.00 susp=0.00 cov=28.1%/100.0%
[R4] pos=(1552,358) state=follower leader=1 trust=1.00 susp=0.00 cov=28.1%/100.0%
[R4] pos=(1564,453) state=follower leader=1 trust=1.00 susp=0.00 cov=28.1%/100.0%
[R4] pos=(1564,453) state=follower leader=1 trust=1.00 susp=0.00 cov=28.1%/100.0%
[R4] pos=(1564,453) state=follower leader=1 trust=1.00 susp=0.00 cov=28.1%/100.0%
[R4] pos=(1564,453) state=follower leader=1 trust=1.00 susp=0.00 cov=28.1%/100.0%
[R4] pos=(1564,453) state=follower leader=1 trust=1.00 susp=0.00 cov=28.1%/100.0%
[R4] pos=(1564,453) state=follower leader=1 trust=1.00 susp=0.00 cov=28.1%/100.0%
[R4] pos=(1564,453) state=follower leader=1 trust=1.00 susp=0.00 cov=28.1%/100.0%
[R4] pos=(1564,453) state=follower leader=1 trust=1.00 susp=0.00 cov=28.1%/100.0%
[R4] pos=(1564,453) state=follower leader=1 trust=1.00 susp=0.00 cov=28.1%/100.0%
[R4] pos=(1564,453) state=follower leader=1 trust=1.00 susp=0.00 cov=28.1%/100.0%
