[WARN] Hardware modules not available - running in simulation mode
=== REIP Node - Robot 5 [SIM (unique ports)] ===
Trust Model: Three-tier confidence-weighted
  Personal: 1.0, ToF: 1.0, Peer: 0.3
  Suspicion threshold: 1.5, Recovery: 0.1

  Logging to: logs/robot_5_20260226_172836.jsonl
Initializing hardware...
  Hardware: SIMULATED
[INFO] Position socket listening on port 8105
[INFO] Peer socket listening on port 8205
[INFO] Fault socket listening on port 8305
Ready!

=== DECENTRALIZED MODE - No leader coordination ===
=== Detection Bounds: T1=2 cmds, T3=8 cmds | Impeachment: T1=8 cmds, T3=32 cmds ===
Running... Press Ctrl+C to stop

[R5] pos=(0,0) state=exploring leader=None trust=1.00 susp=0.00 cov=0.0%/0.0%
[R5] pos=(1764,597) state=exploring leader=None trust=1.00 susp=0.00 cov=0.5%/0.5%
[R5] pos=(959,563) state=exploring leader=None trust=1.00 susp=0.00 cov=4.2%/18.2%
[R5] pos=(208,670) state=exploring leader=None trust=1.00 susp=0.00 cov=7.8%/32.3%
[R5] pos=(75,1333) state=exploring leader=None trust=1.00 susp=0.00 cov=11.5%/44.8%
[R5] pos=(433,1222) state=exploring leader=None trust=1.00 susp=0.00 cov=15.1%/55.2%
[R5] pos=(563,1425) state=exploring leader=None trust=1.00 susp=0.00 cov=18.2%/65.6%
[R5] pos=(921,1064) state=exploring leader=None trust=1.00 susp=0.00 cov=22.4%/75.0%
[R5] pos=(1102,1232) state=exploring leader=None trust=1.00 susp=0.00 cov=26.6%/83.3%
[R5] pos=(1312,1425) state=exploring leader=None trust=1.00 susp=0.00 cov=30.2%/90.6%
[R5] pos=(1877,1218) state=exploring leader=None trust=1.00 susp=0.00 cov=33.9%/96.9%
[R5] pos=(1898,1220) state=exploring leader=None trust=1.00 susp=0.00 cov=37.0%/100.0%
[R5] pos=(1925,1425) state=exploring leader=None trust=1.00 susp=0.00 cov=38.0%/100.0%
[R5] pos=(1925,1425) state=exploring leader=None trust=1.00 susp=0.00 cov=38.0%/100.0%
[R5] pos=(1925,1425) state=exploring leader=None trust=1.00 susp=0.00 cov=38.0%/100.0%
[R5] pos=(1925,1425) state=exploring leader=None trust=1.00 susp=0.00 cov=38.0%/100.0%
[R5] pos=(1925,1425) state=exploring leader=None trust=1.00 susp=0.00 cov=38.0%/100.0%
[R5] pos=(1925,1425) state=exploring leader=None trust=1.00 susp=0.00 cov=38.0%/100.0%
[R5] pos=(1925,1425) state=exploring leader=None trust=1.00 susp=0.00 cov=38.0%/100.0%
[R5] pos=(1925,1425) state=exploring leader=None trust=1.00 susp=0.00 cov=38.0%/100.0%
[R5] pos=(1925,1425) state=exploring leader=None trust=1.00 susp=0.00 cov=38.0%/100.0%
[R5] pos=(1925,1425) state=exploring leader=None trust=1.00 susp=0.00 cov=38.0%/100.0%
[R5] pos=(1925,1425) state=exploring leader=None trust=1.00 susp=0.00 cov=38.0%/100.0%
[R5] pos=(1925,1425) state=exploring leader=None trust=1.00 susp=0.00 cov=38.0%/100.0%
[R5] pos=(1925,1425) state=exploring leader=None trust=1.00 susp=0.00 cov=38.0%/100.0%
[R5] pos=(1925,1425) state=exploring leader=None trust=1.00 susp=0.00 cov=38.0%/100.0%
[R5] pos=(1925,1425) state=exploring leader=None trust=1.00 susp=0.00 cov=38.0%/100.0%
[R5] pos=(1925,1425) state=exploring leader=None trust=1.00 susp=0.00 cov=38.0%/100.0%
[R5] pos=(1925,1425) state=exploring leader=None trust=1.00 susp=0.00 cov=38.0%/100.0%
[R5] pos=(1925,1425) state=exploring leader=None trust=1.00 susp=0.00 cov=38.0%/100.0%
[R5] pos=(1925,1425) state=exploring leader=None trust=1.00 susp=0.00 cov=38.0%/100.0%
[R5] pos=(1925,1425) state=exploring leader=None trust=1.00 susp=0.00 cov=38.0%/100.0%
[R5] pos=(1925,1425) state=exploring leader=None trust=1.00 susp=0.00 cov=38.0%/100.0%
[R5] pos=(1925,1425) state=exploring leader=None trust=1.00 susp=0.00 cov=38.0%/100.0%
[R5] pos=(1925,1425) state=exploring leader=None trust=1.00 susp=0.00 cov=38.0%/100.0%
[R5] pos=(1925,1425) state=exploring leader=None trust=1.00 susp=0.00 cov=38.0%/100.0%
[R5] pos=(1925,1425) state=exploring leader=None trust=1.00 susp=0.00 cov=38.0%/100.0%
[R5] pos=(1925,1425) state=exploring leader=None trust=1.00 susp=0.00 cov=38.0%/100.0%
[R5] pos=(1925,1425) state=exploring leader=None trust=1.00 susp=0.00 cov=38.0%/100.0%
[R5] pos=(1925,1425) state=exploring leader=None trust=1.00 susp=0.00 cov=38.0%/100.0%
[R5] pos=(1925,1425) state=exploring leader=None trust=1.00 susp=0.00 cov=38.0%/100.0%
[R5] pos=(1925,1425) state=exploring leader=None trust=1.00 susp=0.00 cov=38.0%/100.0%
[R5] pos=(1925,1425) state=exploring leader=None trust=1.00 susp=0.00 cov=38.0%/100.0%
[R5] pos=(1925,1425) state=exploring leader=None trust=1.00 susp=0.00 cov=38.0%/100.0%
[R5] pos=(1925,1425) state=exploring leader=None trust=1.00 susp=0.00 cov=38.0%/100.0%
[R5] pos=(1925,1425) state=exploring leader=None trust=1.00 susp=0.00 cov=38.0%/100.0%
[R5] pos=(1925,1425) state=exploring leader=None trust=1.00 susp=0.00 cov=38.0%/100.0%
[R5] pos=(1925,1425) state=exploring leader=None trust=1.00 susp=0.00 cov=38.0%/100.0%
[R5] pos=(1925,1425) state=exploring leader=None trust=1.00 susp=0.00 cov=38.0%/100.0%
[R5] pos=(1925,1425) state=exploring leader=None trust=1.00 susp=0.00 cov=38.0%/100.0%
[R5] pos=(1925,1425) state=exploring leader=None trust=1.00 susp=0.00 cov=38.0%/100.0%
[R5] pos=(1925,1425) state=exploring leader=None trust=1.00 susp=0.00 cov=38.0%/100.0%
[R5] pos=(1925,1425) state=exploring leader=None trust=1.00 susp=0.00 cov=38.0%/100.0%
[R5] pos=(1925,1425) state=exploring leader=None trust=1.00 susp=0.00 cov=38.0%/100.0%
[R5] pos=(1925,1425) state=exploring leader=None trust=1.00 susp=0.00 cov=38.0%/100.0%
[R5] pos=(1925,1425) state=exploring leader=None trust=1.00 susp=0.00 cov=38.0%/100.0%
[R5] pos=(1925,1425) state=exploring leader=None trust=1.00 susp=0.00 cov=38.0%/100.0%
[R5] pos=(1925,1425) state=exploring leader=None trust=1.00 susp=0.00 cov=38.0%/100.0%
[R5] pos=(1925,1425) state=exploring leader=None trust=1.00 susp=0.00 cov=38.0%/100.0%
[R5] pos=(1925,1425) state=exploring leader=None trust=1.00 susp=0.00 cov=38.0%/100.0%
[R5] pos=(1925,1425) state=exploring leader=None trust=1.00 susp=0.00 cov=38.0%/100.0%
