[WARN] Hardware modules not available - running in simulation mode
=== REIP Node - Robot 2 [SIM (unique ports)] ===
Trust Model: Three-tier confidence-weighted
  Personal: 1.0, ToF: 1.0, Peer: 0.3
  Suspicion threshold: 1.5, Recovery: 0.1

  Logging to: logs/robot_2_20260226_172836.jsonl
Initializing hardware...
  Hardware: SIMULATED
[INFO] Position socket listening on port 8102
[INFO] Peer socket listening on port 8202
[INFO] Fault socket listening on port 8302
Ready!

=== DECENTRALIZED MODE - No leader coordination ===
=== Detection Bounds: T1=2 cmds, T3=8 cmds | Impeachment: T1=8 cmds, T3=32 cmds ===
Running... Press Ctrl+C to stop

[R2] pos=(0,0) state=exploring leader=None trust=1.00 susp=0.00 cov=0.0%/0.0%
[R2] pos=(1383,259) state=exploring leader=None trust=1.00 susp=0.00 cov=0.5%/0.5%
[R2] pos=(994,244) state=exploring leader=None trust=1.00 susp=0.00 cov=3.1%/18.2%
[R2] pos=(506,208) state=exploring leader=None trust=1.00 susp=0.00 cov=6.2%/31.8%
[R2] pos=(644,75) state=exploring leader=None trust=1.00 susp=0.00 cov=8.9%/44.8%
[R2] pos=(1177,195) state=exploring leader=None trust=1.00 susp=0.00 cov=11.5%/54.7%
[R2] pos=(1813,189) state=exploring leader=None trust=1.00 susp=0.00 cov=16.1%/65.6%
[R2] pos=(1925,741) state=exploring leader=None trust=1.00 susp=0.00 cov=19.3%/75.0%
[R2] pos=(1330,810) state=exploring leader=None trust=1.00 susp=0.00 cov=22.4%/82.8%
[R2] pos=(1424,1264) state=exploring leader=None trust=1.00 susp=0.00 cov=26.6%/90.6%
[R2] pos=(1806,1159) state=exploring leader=None trust=1.00 susp=0.00 cov=30.7%/96.9%
[R2] pos=(1915,1277) state=exploring leader=None trust=1.00 susp=0.00 cov=33.9%/100.0%
[R2] pos=(1925,1425) state=exploring leader=None trust=1.00 susp=0.00 cov=34.4%/100.0%
[R2] pos=(1925,1425) state=exploring leader=None trust=1.00 susp=0.00 cov=34.4%/100.0%
[R2] pos=(1925,1425) state=exploring leader=None trust=1.00 susp=0.00 cov=34.4%/100.0%
[R2] pos=(1925,1425) state=exploring leader=None trust=1.00 susp=0.00 cov=34.4%/100.0%
[R2] pos=(1925,1425) state=exploring leader=None trust=1.00 susp=0.00 cov=34.4%/100.0%
[R2] pos=(1925,1425) state=exploring leader=None trust=1.00 susp=0.00 cov=34.4%/100.0%
[R2] pos=(1925,1425) state=exploring leader=None trust=1.00 susp=0.00 cov=34.4%/100.0%
[R2] pos=(1925,1425) state=exploring leader=None trust=1.00 susp=0.00 cov=34.4%/100.0%
[R2] pos=(1925,1425) state=exploring leader=None trust=1.00 susp=0.00 cov=34.4%/100.0%
[R2] pos=(1925,1425) state=exploring leader=None trust=1.00 susp=0.00 cov=34.4%/100.0%
[R2] pos=(1925,1425) state=exploring leader=None trust=1.00 susp=0.00 cov=34.4%/100.0%
[R2] pos=(1925,1425) state=exploring leader=None trust=1.00 susp=0.00 cov=34.4%/100.0%
[R2] pos=(1925,1425) state=exploring leader=None trust=1.00 susp=0.00 cov=34.4%/100.0%
[R2] pos=(1925,1425) state=exploring leader=None trust=1.00 susp=0.00 cov=34.4%/100.0%
[R2] pos=(1925,1425) state=exploring leader=None trust=1.00 susp=0.00 cov=34.4%/100.0%
[R2] pos=(1925,1425) state=exploring leader=None trust=1.00 susp=0.00 cov=34.4%/100.0%
[R2] pos=(1925,1425) state=exploring leader=None trust=1.00 susp=0.00 cov=34.4%/100.0%
[R2] pos=(1925,1425) state=exploring leader=None trust=1.00 susp=0.00 cov=34.4%/100.0%
[R2] pos=(1925,1425) state=exploring leader=None trust=1.00 susp=0.00 cov=34.4%/100.0%
[R2] pos=(1925,1425) state=exploring leader=None trust=1.00 susp=0.00 cov=34.4%/100.0%
[R2] pos=(1925,1425) state=exploring leader=None trust=1.00 susp=0.00 cov=34.4%/100.0%
[R2] pos=(1925,1425) state=exploring leader=None trust=1.00 susp=0.00 cov=34.4%/100.0%
[R2] pos=(1925,1425) state=exploring leader=None trust=1.00 susp=0.00 cov=34.4%/100.0%
[R2] pos=(1925,1425) state=exploring leader=None trust=1.00 susp=0.00 cov=34.4%/100.0%
[R2] pos=(1925,1425) state=exploring leader=None trust=1.00 susp=0.00 cov=34.4%/100.0%
[R2] pos=(1925,1425) state=exploring leader=None trust=1.00 susp=0.00 cov=34.4%/100.0%
[R2] pos=(1925,1425) state=exploring leader=None trust=1.00 susp=0.00 cov=34.4%/100.0%
[R2] pos=(1925,1425) state=exploring leader=None trust=1.00 susp=0.00 cov=34.4%/100.0%
[R2] pos=(1925,1425) state=exploring leader=None trust=1.00 susp=0.00 cov=34.4%/100.0%
[R2] pos=(1925,1425) state=exploring leader=None trust=1.00 susp=0.00 cov=34.4%/100.0%
[R2] pos=(1925,1425) state=exploring leader=None trust=1.00 susp=0.00 cov=34.4%/100.0%
[R2] pos=(1925,1425) state=exploring leader=None trust=1.00 susp=0.00 cov=34.4%/100.0%
[R2] pos=(1925,1425) state=exploring leader=None trust=1.00 susp=0.00 cov=34.4%/100.0%
[R2] pos=(1925,1425) state=exploring leader=None trust=1.00 susp=0.00 cov=34.4%/100.0%
[R2] pos=(1925,1425) state=exploring leader=None trust=1.00 susp=0.00 cov=34.4%/100.0%
[R2] pos=(1925,1425) state=exploring leader=None trust=1.00 susp=0.00 cov=34.4%/100.0%
[R2] pos=(1925,1425) state=exploring leader=None trust=1.00 susp=0.00 cov=34.4%/100.0%
[R2] pos=(1925,1425) state=exploring leader=None trust=1.00 susp=0.00 cov=34.4%/100.0%
[R2] pos=(1925,1425) state=exploring leader=None trust=1.00 susp=0.00 cov=34.4%/100.0%
[R2] pos=(1925,1425) state=exploring leader=None trust=1.00 susp=0.00 cov=34.4%/100.0%
[R2] pos=(1925,1425) state=exploring leader=None trust=1.00 susp=0.00 cov=34.4%/100.0%
[R2] pos=(1925,1425) state=exploring leader=None trust=1.00 susp=0.00 cov=34.4%/100.0%
[R2] pos=(1925,1425) state=exploring leader=None trust=1.00 susp=0.00 cov=34.4%/100.0%
[R2] pos=(1925,1425) state=exploring leader=None trust=1.00 susp=0.00 cov=34.4%/100.0%
[R2] pos=(1925,1425) state=exploring leader=None trust=1.00 susp=0.00 cov=34.4%/100.0%
[R2] pos=(1925,1425) state=exploring leader=None trust=1.00 susp=0.00 cov=34.4%/100.0%
[R2] pos=(1925,1425) state=exploring leader=None trust=1.00 susp=0.00 cov=34.4%/100.0%
[R2] pos=(1925,1425) state=exploring leader=None trust=1.00 susp=0.00 cov=34.4%/100.0%
[R2] pos=(1925,1425) state=exploring leader=None trust=1.00 susp=0.00 cov=34.4%/100.0%
