[WARN] Hardware modules not available - simulation mode
=== RAFT Baseline - Robot 5 [SIM] ===
NO TRUST. Heartbeat timeout only.

  Logging to: logs/raft_5_20260226_172141.jsonl
Initializing hardware...
  Hardware: SIMULATED
[INFO] Position socket listening on port 12105
[INFO] Peer socket listening on port 12205
[INFO] Fault socket listening on port 12305
Ready!

Running RAFT baseline... Press Ctrl+C to stop

[R5] state=follower leader=None term=0 cov=0.0%/0.0%
[R5] state=follower leader=3 term=1 cov=0.5%/2.1%
[R5] state=follower leader=3 term=1 cov=0.5%/2.1%
[R5] state=follower leader=3 term=1 cov=0.5%/2.1%
[R5] state=follower leader=3 term=1 cov=0.5%/2.1%
[R5] state=follower leader=3 term=1 cov=0.5%/2.1%
[R5] state=follower leader=3 term=1 cov=0.5%/2.1%
[R5] state=follower leader=3 term=1 cov=0.5%/2.1%
[R5] state=follower leader=3 term=1 cov=0.5%/2.1%
[R5] state=follower leader=3 term=1 cov=0.5%/2.1%
[R5] state=follower leader=3 term=1 cov=0.5%/2.1%
[R5] state=follower leader=3 term=1 cov=0.5%/2.1%
[R5] state=follower leader=3 term=1 cov=0.5%/2.1%
[R5] state=follower leader=3 term=1 cov=0.5%/2.1%
[R5] state=follower leader=3 term=1 cov=0.5%/2.1%
[R5] state=follower leader=3 term=1 cov=0.5%/2.1%
[R5] state=follower leader=3 term=1 cov=0.5%/2.1%
[R5] state=follower leader=3 term=1 cov=0.5%/2.1%
[R5] state=follower leader=3 term=1 cov=0.5%/2.1%
[R5] state=follower leader=3 term=1 cov=0.5%/2.1%
[R5] state=follower leader=3 term=1 cov=0.5%/2.1%
[R5] state=follower leader=3 term=1 cov=0.5%/2.1%
[R5] state=follower leader=3 term=1 cov=0.5%/2.1%
[R5] state=follower leader=3 term=1 cov=0.5%/2.1%
[R5] state=follower leader=3 term=1 cov=0.5%/2.1%
[R5] state=follower leader=3 term=1 cov=0.5%/2.1%
[R5] state=follower leader=3 term=1 cov=0.5%/2.1%
[R5] state=follower leader=3 term=1 cov=0.5%/2.1%
[R5] state=follower leader=3 term=1 cov=0.5%/2.1%
[R5] state=follower leader=3 term=1 cov=0.5%/2.1%
[R5] state=follower leader=3 term=1 cov=1.0%/2.6%
[R5] state=follower leader=3 term=1 cov=1.0%/4.7%
[R5] state=follower leader=3 term=1 cov=1.6%/5.7%
[R5] state=follower leader=3 term=1 cov=1.6%/6.8%
[R5] state=follower leader=3 term=1 cov=1.6%/6.8%
[R5] state=follower leader=3 term=1 cov=1.6%/6.8%
[R5] state=follower leader=3 term=1 cov=1.6%/6.8%
[R5] state=follower leader=3 term=1 cov=2.6%/13.0%
[R5] state=follower leader=3 term=1 cov=5.2%/20.3%
[R5] state=follower leader=3 term=1 cov=8.3%/30.2%
[R5] state=follower leader=3 term=1 cov=9.9%/35.9%
[R5] state=follower leader=3 term=1 cov=11.5%/42.2%
[R5] state=follower leader=3 term=1 cov=12.5%/48.4%
[R5] state=follower leader=3 term=1 cov=14.6%/54.7%
[R5] state=follower leader=3 term=1 cov=16.1%/59.9%
[R5] state=follower leader=3 term=1 cov=16.7%/65.6%
[R5] state=follower leader=3 term=1 cov=17.2%/69.8%
[R5] state=follower leader=3 term=1 cov=17.7%/72.4%
[R5] state=follower leader=3 term=1 cov=19.3%/79.2%
[R5] state=follower leader=3 term=1 cov=20.8%/84.9%
[R5] state=follower leader=3 term=1 cov=21.9%/90.6%
[R5] state=follower leader=3 term=1 cov=23.4%/95.3%
[R5] state=follower leader=3 term=1 cov=25.5%/99.0%
[R5] state=follower leader=3 term=1 cov=28.6%/99.5%
[R5] state=follower leader=3 term=1 cov=29.2%/99.5%
[R5] state=follower leader=3 term=1 cov=29.2%/99.5%
[R5] state=follower leader=3 term=1 cov=29.2%/99.5%
[R5] state=follower leader=3 term=1 cov=29.7%/100.0%
[R5] state=follower leader=3 term=1 cov=29.7%/100.0%
[R5] state=follower leader=3 term=1 cov=29.7%/100.0%
[R5] state=follower leader=3 term=1 cov=29.7%/100.0%
