[WARN] Hardware modules not available - running in simulation mode
=== REIP Node - Robot 3 [SIM (unique ports)] ===
Trust Model: Three-tier confidence-weighted
  Personal: 1.0, ToF: 1.0, Peer: 0.3
  Suspicion threshold: 1.5, Recovery: 0.1

  Logging to: logs/robot_3_20260226_162406.jsonl
Initializing hardware...
  Hardware: SIMULATED
[INFO] Position socket listening on port 14103
[INFO] Peer socket listening on port 14203
[INFO] Fault socket listening on port 14303
Ready!

=== DECENTRALIZED MODE - No leader coordination ===
=== Detection Bounds: T1=2 cmds, T3=8 cmds | Impeachment: T1=8 cmds, T3=32 cmds ===
Running... Press Ctrl+C to stop

[R3] pos=(0,0) state=exploring leader=None trust=1.00 susp=0.00 cov=0.0%/0.0%
[R3] pos=(1790,937) state=exploring leader=None trust=1.00 susp=0.00 cov=0.5%/0.5%
[R3] pos=(905,938) state=exploring leader=None trust=1.00 susp=0.00 cov=4.2%/17.7%
[R3] pos=(436,813) state=exploring leader=None trust=1.00 susp=0.00 cov=7.3%/30.7%
[R3] pos=(267,1002) state=exploring leader=None trust=1.00 susp=0.00 cov=10.4%/45.3%
[R3] pos=(562,1309) state=exploring leader=None trust=1.00 susp=0.00 cov=14.6%/60.4%
[R3] pos=(962,1243) state=exploring leader=None trust=1.00 susp=0.00 cov=18.2%/70.3%
[R3] pos=(1413,1071) state=exploring leader=None trust=1.00 susp=0.00 cov=21.9%/82.8%
[R3] pos=(1787,1425) state=exploring leader=None trust=1.00 susp=0.00 cov=26.0%/93.8%
[R3] pos=(1925,795) state=exploring leader=None trust=1.00 susp=0.00 cov=29.2%/100.0%
[R3] pos=(1925,747) state=exploring leader=None trust=1.00 susp=0.00 cov=29.7%/100.0%
[R3] pos=(1925,774) state=exploring leader=None trust=1.00 susp=0.00 cov=29.7%/100.0%
[R3] pos=(1925,863) state=exploring leader=None trust=1.00 susp=0.00 cov=29.7%/100.0%
[R3] pos=(1925,847) state=exploring leader=None trust=1.00 susp=0.00 cov=29.7%/100.0%
[R3] pos=(1925,754) state=exploring leader=None trust=1.00 susp=0.00 cov=29.7%/100.0%
[R3] pos=(1925,760) state=exploring leader=None trust=1.00 susp=0.00 cov=29.7%/100.0%
[R3] pos=(1925,776) state=exploring leader=None trust=1.00 susp=0.00 cov=29.7%/100.0%
[R3] pos=(1925,851) state=exploring leader=None trust=1.00 susp=0.00 cov=29.7%/100.0%
[R3] pos=(1925,861) state=exploring leader=None trust=1.00 susp=0.00 cov=29.7%/100.0%
[R3] pos=(1925,841) state=exploring leader=None trust=1.00 susp=0.00 cov=29.7%/100.0%
[R3] pos=(1925,762) state=exploring leader=None trust=1.00 susp=0.00 cov=29.7%/100.0%
[R3] pos=(1925,779) state=exploring leader=None trust=1.00 susp=0.00 cov=29.7%/100.0%
[R3] pos=(1925,860) state=exploring leader=None trust=1.00 susp=0.00 cov=29.7%/100.0%
[R3] pos=(1925,874) state=exploring leader=None trust=1.00 susp=0.00 cov=29.7%/100.0%
[R3] pos=(1925,877) state=exploring leader=None trust=1.00 susp=0.00 cov=29.7%/100.0%
[R3] pos=(1925,752) state=exploring leader=None trust=1.00 susp=0.00 cov=29.7%/100.0%
[R3] pos=(1925,772) state=exploring leader=None trust=1.00 susp=0.00 cov=29.7%/100.0%
[R3] pos=(1925,869) state=exploring leader=None trust=1.00 susp=0.00 cov=29.7%/100.0%
[R3] pos=(1925,875) state=exploring leader=None trust=1.00 susp=0.00 cov=29.7%/100.0%
[R3] pos=(1925,883) state=exploring leader=None trust=1.00 susp=0.00 cov=29.7%/100.0%
[R3] pos=(1925,872) state=exploring leader=None trust=1.00 susp=0.00 cov=29.7%/100.0%
[R3] pos=(1925,766) state=exploring leader=None trust=1.00 susp=0.00 cov=29.7%/100.0%
[R3] pos=(1925,761) state=exploring leader=None trust=1.00 susp=0.00 cov=29.7%/100.0%
[R3] pos=(1925,866) state=exploring leader=None trust=1.00 susp=0.00 cov=29.7%/100.0%
[R3] pos=(1925,879) state=exploring leader=None trust=1.00 susp=0.00 cov=29.7%/100.0%
[R3] pos=(1925,783) state=exploring leader=None trust=1.00 susp=0.00 cov=29.7%/100.0%
[R3] pos=(1925,759) state=exploring leader=None trust=1.00 susp=0.00 cov=29.7%/100.0%
[R3] pos=(1925,858) state=exploring leader=None trust=1.00 susp=0.00 cov=29.7%/100.0%
[R3] pos=(1925,858) state=exploring leader=None trust=1.00 susp=0.00 cov=29.7%/100.0%
[R3] pos=(1925,858) state=exploring leader=None trust=1.00 susp=0.00 cov=29.7%/100.0%
[R3] pos=(1925,858) state=exploring leader=None trust=1.00 susp=0.00 cov=29.7%/100.0%
[R3] pos=(1925,858) state=exploring leader=None trust=1.00 susp=0.00 cov=29.7%/100.0%
[R3] pos=(1925,858) state=exploring leader=None trust=1.00 susp=0.00 cov=29.7%/100.0%
[R3] pos=(1925,858) state=exploring leader=None trust=1.00 susp=0.00 cov=29.7%/100.0%
[R3] pos=(1925,858) state=exploring leader=None trust=1.00 susp=0.00 cov=29.7%/100.0%
[R3] pos=(1925,858) state=exploring leader=None trust=1.00 susp=0.00 cov=29.7%/100.0%
[R3] pos=(1925,858) state=exploring leader=None trust=1.00 susp=0.00 cov=29.7%/100.0%
[R3] pos=(1925,858) state=exploring leader=None trust=1.00 susp=0.00 cov=29.7%/100.0%
[R3] pos=(1925,858) state=exploring leader=None trust=1.00 susp=0.00 cov=29.7%/100.0%
[R3] pos=(1925,860) state=exploring leader=None trust=1.00 susp=0.00 cov=29.7%/100.0%
[R3] pos=(1925,861) state=exploring leader=None trust=1.00 susp=0.00 cov=29.7%/100.0%
[R3] pos=(1925,861) state=exploring leader=None trust=1.00 susp=0.00 cov=29.7%/100.0%
[R3] pos=(1925,756) state=exploring leader=None trust=1.00 susp=0.00 cov=29.7%/100.0%
[R3] pos=(1925,756) state=exploring leader=None trust=1.00 susp=0.00 cov=29.7%/100.0%
[R3] pos=(1925,756) state=exploring leader=None trust=1.00 susp=0.00 cov=29.7%/100.0%
[R3] pos=(1925,756) state=exploring leader=None trust=1.00 susp=0.00 cov=29.7%/100.0%
[R3] pos=(1925,756) state=exploring leader=None trust=1.00 susp=0.00 cov=29.7%/100.0%
[R3] pos=(1925,756) state=exploring leader=None trust=1.00 susp=0.00 cov=29.7%/100.0%
[R3] pos=(1925,756) state=exploring leader=None trust=1.00 susp=0.00 cov=29.7%/100.0%
[R3] pos=(1925,756) state=exploring leader=None trust=1.00 susp=0.00 cov=29.7%/100.0%
[R3] pos=(1925,756) state=exploring leader=None trust=1.00 susp=0.00 cov=29.7%/100.0%
[R3] pos=(1925,756) state=exploring leader=None trust=1.00 susp=0.00 cov=29.7%/100.0%
[R3] pos=(1925,756) state=exploring leader=None trust=1.00 susp=0.00 cov=29.7%/100.0%
[R3] pos=(1925,756) state=exploring leader=None trust=1.00 susp=0.00 cov=29.7%/100.0%
[R3] pos=(1925,756) state=exploring leader=None trust=1.00 susp=0.00 cov=29.7%/100.0%
[R3] pos=(1925,756) state=exploring leader=None trust=1.00 susp=0.00 cov=29.7%/100.0%
[R3] pos=(1925,756) state=exploring leader=None trust=1.00 susp=0.00 cov=29.7%/100.0%
[R3] pos=(1925,756) state=exploring leader=None trust=1.00 susp=0.00 cov=29.7%/100.0%
[R3] pos=(1925,756) state=exploring leader=None trust=1.00 susp=0.00 cov=29.7%/100.0%
[R3] pos=(1925,756) state=exploring leader=None trust=1.00 susp=0.00 cov=29.7%/100.0%
[R3] pos=(1925,756) state=exploring leader=None trust=1.00 susp=0.00 cov=29.7%/100.0%
[R3] pos=(1925,756) state=exploring leader=None trust=1.00 susp=0.00 cov=29.7%/100.0%
