[WARN] Hardware modules not available - running in simulation mode
=== REIP Node - Robot 3 [SIM (unique ports)] ===
Trust Model: Three-tier confidence-weighted
  Personal: 1.0, ToF: 1.0, Peer: 0.3
  Suspicion threshold: 1.5, Recovery: 0.1

  Logging to: logs/robot_3_20260226_212432.jsonl
Initializing hardware...
  Hardware: SIMULATED
[INFO] Position socket listening on port 20103
[INFO] Peer socket listening on port 20203
[INFO] Fault socket listening on port 20303
Ready!

=== Detection Bounds: T1=2 cmds, T3=8 cmds | Impeachment: T1=8 cmds, T3=32 cmds ===
Running... Press Ctrl+C to stop

[ELECTION] New leader: 3
[R3] pos=(0,0) state=leader leader=3 trust=1.00 susp=0.00 cov=0.0%/0.0%
[ELECTION] New leader: 1
[R3] pos=(544,631) state=follower leader=1 trust=1.00 susp=0.00 cov=0.5%/0.5%
[R3] pos=(310,351) state=follower leader=1 trust=1.00 susp=0.00 cov=3.1%/14.6%
[R3] pos=(75,462) state=follower leader=1 trust=1.00 susp=0.00 cov=5.7%/25.5%
[R3] pos=(194,75) state=follower leader=1 trust=1.00 susp=0.00 cov=8.3%/34.4%
[R3] pos=(577,420) state=follower leader=1 trust=1.00 susp=0.00 cov=10.9%/39.6%
[R3] pos=(822,698) state=follower leader=1 trust=1.00 susp=0.00 cov=13.5%/45.3%
[TRUST] Bad command #1 (peer_reported): suspicion +0.30 = 0.30
[TRUST] Bad command #2 (peer_reported): suspicion +0.30 = 0.60
[TRUST] Bad command #3 (peer_reported, mpc_direction(0.01)): suspicion +0.31 = 0.91
[TRUST] Bad command #4 (peer_reported, mpc_direction(0.07)): suspicion +0.37 = 1.28
[MPC] Moderate mismatch: best alignment 109ｰ, error=0.13
[TRUST] Bad command #5 (peer_reported, mpc_direction(0.13)): suspicion +0.43 = 1.71
[DETECT] First trust decay after 5 bad commands (0.82s) [Theoretical bound: T1=2, T3=8]
[TRUST] Trust decayed: trust=0.80, remaining suspicion=0.21
[MPC] Moderate mismatch: best alignment 110ｰ, error=0.14
[MPC] Moderate mismatch: best alignment 111ｰ, error=0.14
[TRUST] Bad command #6 (personal_visited, mpc_direction(0.14)): suspicion +1.14 = 1.14
[TRUST] Bad command #7 (personal_visited): suspicion +1.00 = 2.14
[TRUST] Trust decayed: trust=0.60, remaining suspicion=0.64
[R3] pos=(396,952) state=follower leader=1 trust=0.60 susp=0.64 cov=15.6%/47.4%
[MPC] Moderate mismatch: best alignment 111ｰ, error=0.14
[TRUST] Bad command #8 (personal_visited, mpc_direction(0.14)): suspicion +1.14 = 1.78
[TRUST] Trust decayed: trust=0.40, remaining suspicion=0.28
[TRUST] Bad command #9 (personal_visited): suspicion +1.00 = 1.28
[MPC] Moderate mismatch: best alignment 111ｰ, error=0.14
[TRUST] Bad command #10 (personal_visited, mpc_direction(0.14)): suspicion +1.14 = 2.43
[TRUST] Trust decayed: trust=0.20, remaining suspicion=0.93
[MPC] Moderate mismatch: best alignment 114ｰ, error=0.16
[TRUST] Bad command #11 (personal_visited, mpc_direction(0.16)): suspicion +1.16 = 2.09
[TRUST] Trust decayed: trust=0.10, remaining suspicion=0.59
[MPC] Moderate mismatch: best alignment 111ｰ, error=0.14
[TRUST] Bad command #12 (personal_visited, mpc_direction(0.14)): suspicion +1.14 = 1.73
[TRUST] Trust decayed: trust=0.10, remaining suspicion=0.23
[DETECT] IMPEACHMENT after 12 bad commands, 2.98s from first bad command [Bound: T1=8 cmds, T3=32 cmds]
[IMPEACH] Trust too low (0.10), excluding leader 1 from candidates
[ELECTION] Leader 1 impeached (failures=1)
[ELECTION] New leader: 3
[R3] pos=(923,926) state=leader leader=3 trust=1.00 susp=0.00 cov=17.7%/50.5%
[R3] pos=(923,891) state=leader leader=3 trust=1.00 susp=0.00 cov=17.7%/53.6%
[R3] pos=(923,1028) state=leader leader=3 trust=1.00 susp=0.00 cov=18.2%/55.7%
[ELECTION] Leader 3 impeached (failures=1)
[ELECTION] New leader: 2
[R3] pos=(923,1170) state=follower leader=2 trust=1.00 susp=0.00 cov=18.8%/57.8%
[R3] pos=(923,1150) state=follower leader=2 trust=1.00 susp=0.00 cov=18.8%/60.9%
[R3] pos=(924,1063) state=follower leader=2 trust=1.00 susp=0.00 cov=18.8%/65.1%
[R3] pos=(924,1062) state=follower leader=2 trust=1.00 susp=0.00 cov=18.8%/70.8%
[R3] pos=(923,961) state=follower leader=2 trust=1.00 susp=0.00 cov=18.8%/75.0%
[TRUST] Bad command #1 (peer_reported): suspicion +0.30 = 0.30
[R3] pos=(923,664) state=follower leader=2 trust=1.00 susp=0.30 cov=19.3%/81.2%
[TRUST] Bad command #2 (peer_reported): suspicion +0.30 = 0.60
[TRUST] Bad command #3 (peer_reported): suspicion +0.30 = 0.90
[TRUST] Bad command #4 (peer_reported): suspicion +0.30 = 1.20
[TRUST] Bad command #5 (peer_reported): suspicion +0.30 = 1.50
[DETECT] First trust decay after 5 bad commands (0.82s) [Theoretical bound: T1=2, T3=8]
[TRUST] Trust decayed: trust=0.80, remaining suspicion=0.00
[TRUST] Bad command #6 (peer_reported): suspicion +0.30 = 0.30
[TRUST] Bad command #7 (peer_reported): suspicion +0.30 = 0.60
[TRUST] Bad command #8 (peer_reported): suspicion +0.30 = 0.90
[TRUST] Bad command #9 (peer_reported): suspicion +0.30 = 1.20
[TRUST] Bad command #10 (peer_reported): suspicion +0.30 = 1.50
[TRUST] Trust decayed: trust=0.60, remaining suspicion=0.00
[R3] pos=(923,566) state=follower leader=2 trust=0.60 susp=0.00 cov=19.8%/82.3%
[TRUST] Bad command #11 (peer_reported): suspicion +0.30 = 0.30
[TRUST] Bad command #12 (peer_reported): suspicion +0.30 = 0.60
[TRUST] Bad command #13 (peer_reported): suspicion +0.30 = 0.90
[TRUST] Bad command #14 (peer_reported): suspicion +0.30 = 1.20
[TRUST] Bad command #15 (peer_reported): suspicion +0.30 = 1.50
[TRUST] Trust decayed: trust=0.40, remaining suspicion=0.00
[ELECTION] Leader 2 impeached (failures=1)
[ELECTION] New leader: 4
[R3] pos=(922,443) state=follower leader=4 trust=1.00 susp=0.00 cov=20.3%/84.4%
[R3] pos=(922,266) state=follower leader=4 trust=1.00 susp=0.00 cov=21.4%/88.5%
[R3] pos=(922,313) state=follower leader=4 trust=1.00 susp=0.00 cov=21.4%/92.7%
[R3] pos=(922,323) state=follower leader=4 trust=1.00 susp=0.00 cov=21.4%/95.3%
[R3] pos=(922,210) state=follower leader=4 trust=1.00 susp=0.00 cov=21.4%/97.9%
[R3] pos=(922,316) state=follower leader=4 trust=1.00 susp=0.00 cov=21.4%/99.5%
[R3] pos=(921,359) state=follower leader=4 trust=1.00 susp=0.00 cov=21.4%/100.0%
[R3] pos=(921,312) state=follower leader=4 trust=1.00 susp=0.00 cov=21.4%/100.0%
[R3] pos=(921,298) state=follower leader=4 trust=1.00 susp=0.00 cov=21.4%/100.0%
[R3] pos=(920,210) state=follower leader=4 trust=1.00 susp=0.00 cov=21.4%/100.0%
[R3] pos=(920,314) state=follower leader=4 trust=1.00 susp=0.00 cov=21.4%/100.0%
[R3] pos=(920,270) state=follower leader=4 trust=1.00 susp=0.00 cov=21.4%/100.0%
[R3] pos=(920,313) state=follower leader=4 trust=1.00 susp=0.00 cov=21.4%/100.0%
[R3] pos=(920,315) state=follower leader=4 trust=1.00 susp=0.00 cov=21.4%/100.0%
[R3] pos=(920,204) state=follower leader=4 trust=1.00 susp=0.00 cov=21.4%/100.0%
[R3] pos=(920,316) state=follower leader=4 trust=1.00 susp=0.00 cov=21.4%/100.0%
[R3] pos=(920,313) state=follower leader=4 trust=1.00 susp=0.00 cov=21.4%/100.0%
[R3] pos=(920,313) state=follower leader=4 trust=1.00 susp=0.00 cov=21.4%/100.0%
[R3] pos=(920,313) state=follower leader=4 trust=1.00 susp=0.00 cov=21.4%/100.0%
[R3] pos=(920,313) state=follower leader=4 trust=1.00 susp=0.00 cov=21.4%/100.0%
[R3] pos=(920,313) state=follower leader=4 trust=1.00 susp=0.00 cov=21.4%/100.0%
[R3] pos=(920,313) state=follower leader=4 trust=1.00 susp=0.00 cov=21.4%/100.0%
[R3] pos=(920,319) state=follower leader=4 trust=1.00 susp=0.00 cov=21.4%/100.0%
[R3] pos=(920,302) state=follower leader=4 trust=1.00 susp=0.00 cov=21.4%/100.0%
[R3] pos=(920,312) state=follower leader=4 trust=1.00 susp=0.00 cov=21.4%/100.0%
[R3] pos=(919,301) state=follower leader=4 trust=1.00 susp=0.00 cov=21.4%/100.0%
[R3] pos=(919,313) state=follower leader=4 trust=1.00 susp=0.00 cov=21.4%/100.0%
[R3] pos=(918,412) state=follower leader=4 trust=1.00 susp=0.00 cov=21.4%/100.0%
[R3] pos=(918,313) state=follower leader=4 trust=1.00 susp=0.00 cov=21.4%/100.0%
[R3] pos=(918,313) state=follower leader=4 trust=1.00 susp=0.00 cov=21.4%/100.0%
[R3] pos=(918,313) state=follower leader=4 trust=1.00 susp=0.00 cov=21.4%/100.0%
[R3] pos=(918,307) state=follower leader=4 trust=1.00 susp=0.00 cov=21.4%/100.0%
[R3] pos=(918,307) state=follower leader=4 trust=1.00 susp=0.00 cov=21.4%/100.0%
[R3] pos=(918,307) state=follower leader=4 trust=1.00 susp=0.00 cov=21.4%/100.0%
[R3] pos=(918,322) state=follower leader=4 trust=1.00 susp=0.00 cov=21.4%/100.0%
[R3] pos=(918,322) state=follower leader=4 trust=1.00 susp=0.00 cov=21.4%/100.0%
[R3] pos=(918,322) state=follower leader=4 trust=1.00 susp=0.00 cov=21.4%/100.0%
[R3] pos=(918,322) state=follower leader=4 trust=1.00 susp=0.00 cov=21.4%/100.0%
[R3] pos=(918,322) state=follower leader=4 trust=1.00 susp=0.00 cov=21.4%/100.0%
[R3] pos=(918,322) state=follower leader=4 trust=1.00 susp=0.00 cov=21.4%/100.0%
[R3] pos=(918,322) state=follower leader=4 trust=1.00 susp=0.00 cov=21.4%/100.0%
[R3] pos=(918,322) state=follower leader=4 trust=1.00 susp=0.00 cov=21.4%/100.0%
[R3] pos=(918,322) state=follower leader=4 trust=1.00 susp=0.00 cov=21.4%/100.0%
[R3] pos=(918,322) state=follower leader=4 trust=1.00 susp=0.00 cov=21.4%/100.0%
[R3] pos=(918,322) state=follower leader=4 trust=1.00 susp=0.00 cov=21.4%/100.0%
[R3] pos=(918,322) state=follower leader=4 trust=1.00 susp=0.00 cov=21.4%/100.0%
[R3] pos=(918,322) state=follower leader=4 trust=1.00 susp=0.00 cov=21.4%/100.0%
[R3] pos=(918,322) state=follower leader=4 trust=1.00 susp=0.00 cov=21.4%/100.0%
[R3] pos=(918,322) state=follower leader=4 trust=1.00 susp=0.00 cov=21.4%/100.0%
[R3] pos=(918,322) state=follower leader=4 trust=1.00 susp=0.00 cov=21.4%/100.0%
[R3] pos=(918,322) state=follower leader=4 trust=1.00 susp=0.00 cov=21.4%/100.0%
[R3] pos=(918,322) state=follower leader=4 trust=1.00 susp=0.00 cov=21.4%/100.0%
[R3] pos=(918,322) state=follower leader=4 trust=1.00 susp=0.00 cov=21.4%/100.0%
[R3] pos=(918,322) state=follower leader=4 trust=1.00 susp=0.00 cov=21.4%/100.0%
[R3] pos=(918,322) state=follower leader=4 trust=1.00 susp=0.00 cov=21.4%/100.0%
[R3] pos=(918,322) state=follower leader=4 trust=1.00 susp=0.00 cov=21.4%/100.0%
[R3] pos=(918,322) state=follower leader=4 trust=1.00 susp=0.00 cov=21.4%/100.0%
[R3] pos=(918,322) state=follower leader=4 trust=1.00 susp=0.00 cov=21.4%/100.0%
[R3] pos=(918,322) state=follower leader=4 trust=1.00 susp=0.00 cov=21.4%/100.0%
[R3] pos=(918,322) state=follower leader=4 trust=1.00 susp=0.00 cov=21.4%/100.0%
[R3] pos=(918,322) state=follower leader=4 trust=1.00 susp=0.00 cov=21.4%/100.0%
[R3] pos=(918,322) state=follower leader=4 trust=1.00 susp=0.00 cov=21.4%/100.0%
[R3] pos=(918,322) state=follower leader=4 trust=1.00 susp=0.00 cov=21.4%/100.0%
[R3] pos=(918,322) state=follower leader=4 trust=1.00 susp=0.00 cov=21.4%/100.0%
[R3] pos=(918,322) state=follower leader=4 trust=1.00 susp=0.00 cov=21.4%/100.0%
[R3] pos=(918,322) state=follower leader=4 trust=1.00 susp=0.00 cov=21.4%/100.0%
[R3] pos=(918,322) state=follower leader=4 trust=1.00 susp=0.00 cov=21.4%/100.0%
[R3] pos=(918,322) state=follower leader=4 trust=1.00 susp=0.00 cov=21.4%/100.0%
[R3] pos=(918,322) state=follower leader=4 trust=1.00 susp=0.00 cov=21.4%/100.0%
[R3] pos=(918,322) state=follower leader=4 trust=1.00 susp=0.00 cov=21.4%/100.0%
[R3] pos=(918,322) state=follower leader=4 trust=1.00 susp=0.00 cov=21.4%/100.0%
[R3] pos=(918,322) state=follower leader=4 trust=1.00 susp=0.00 cov=21.4%/100.0%
[R3] pos=(918,322) state=follower leader=4 trust=1.00 susp=0.00 cov=21.4%/100.0%
[R3] pos=(918,322) state=follower leader=4 trust=1.00 susp=0.00 cov=21.4%/100.0%
[R3] pos=(918,322) state=follower leader=4 trust=1.00 susp=0.00 cov=21.4%/100.0%
[R3] pos=(918,322) state=follower leader=4 trust=1.00 susp=0.00 cov=21.4%/100.0%
[R3] pos=(918,322) state=follower leader=4 trust=1.00 susp=0.00 cov=21.4%/100.0%
[R3] pos=(918,322) state=follower leader=4 trust=1.00 susp=0.00 cov=21.4%/100.0%
[R3] pos=(918,322) state=follower leader=4 trust=1.00 susp=0.00 cov=21.4%/100.0%
[R3] pos=(918,322) state=follower leader=4 trust=1.00 susp=0.00 cov=21.4%/100.0%
[R3] pos=(918,322) state=follower leader=4 trust=1.00 susp=0.00 cov=21.4%/100.0%
[R3] pos=(918,322) state=follower leader=4 trust=1.00 susp=0.00 cov=21.4%/100.0%
[R3] pos=(918,322) state=follower leader=4 trust=1.00 susp=0.00 cov=21.4%/100.0%
[R3] pos=(918,322) state=follower leader=4 trust=1.00 susp=0.00 cov=21.4%/100.0%
[R3] pos=(918,322) state=follower leader=4 trust=1.00 susp=0.00 cov=21.4%/100.0%
[R3] pos=(918,322) state=follower leader=4 trust=1.00 susp=0.00 cov=21.4%/100.0%
[R3] pos=(918,322) state=follower leader=4 trust=1.00 susp=0.00 cov=21.4%/100.0%
[R3] pos=(918,322) state=follower leader=4 trust=1.00 susp=0.00 cov=21.4%/100.0%
[R3] pos=(918,322) state=follower leader=4 trust=1.00 susp=0.00 cov=21.4%/100.0%
[R3] pos=(918,322) state=follower leader=4 trust=1.00 susp=0.00 cov=21.4%/100.0%
[R3] pos=(918,322) state=follower leader=4 trust=1.00 susp=0.00 cov=21.4%/100.0%
[R3] pos=(918,322) state=follower leader=4 trust=1.00 susp=0.00 cov=21.4%/100.0%
[R3] pos=(918,322) state=follower leader=4 trust=1.00 susp=0.00 cov=21.4%/100.0%
[R3] pos=(918,322) state=follower leader=4 trust=1.00 susp=0.00 cov=21.4%/100.0%
[R3] pos=(918,322) state=follower leader=4 trust=1.00 susp=0.00 cov=21.4%/100.0%
[R3] pos=(918,322) state=follower leader=4 trust=1.00 susp=0.00 cov=21.4%/100.0%
[R3] pos=(918,322) state=follower leader=4 trust=1.00 susp=0.00 cov=21.4%/100.0%
[R3] pos=(918,322) state=follower leader=4 trust=1.00 susp=0.00 cov=21.4%/100.0%
[R3] pos=(918,322) state=follower leader=4 trust=1.00 susp=0.00 cov=21.4%/100.0%
[R3] pos=(918,322) state=follower leader=4 trust=1.00 susp=0.00 cov=21.4%/100.0%
[R3] pos=(918,322) state=follower leader=4 trust=1.00 susp=0.00 cov=21.4%/100.0%
[R3] pos=(918,322) state=follower leader=4 trust=1.00 susp=0.00 cov=21.4%/100.0%
[R3] pos=(918,322) state=follower leader=4 trust=1.00 susp=0.00 cov=21.4%/100.0%
[R3] pos=(918,322) state=follower leader=4 trust=1.00 susp=0.00 cov=21.4%/100.0%
[R3] pos=(918,322) state=follower leader=4 trust=1.00 susp=0.00 cov=21.4%/100.0%
[R3] pos=(918,322) state=follower leader=4 trust=1.00 susp=0.00 cov=21.4%/100.0%
[R3] pos=(918,322) state=follower leader=4 trust=1.00 susp=0.00 cov=21.4%/100.0%
[R3] pos=(918,322) state=follower leader=4 trust=1.00 susp=0.00 cov=21.4%/100.0%
[R3] pos=(918,322) state=follower leader=4 trust=1.00 susp=0.00 cov=21.4%/100.0%
[R3] pos=(918,322) state=follower leader=4 trust=1.00 susp=0.00 cov=21.4%/100.0%
[R3] pos=(918,322) state=follower leader=4 trust=1.00 susp=0.00 cov=21.4%/100.0%
[R3] pos=(918,322) state=follower leader=4 trust=1.00 susp=0.00 cov=21.4%/100.0%
[R3] pos=(918,322) state=follower leader=4 trust=1.00 susp=0.00 cov=21.4%/100.0%
[R3] pos=(918,322) state=follower leader=4 trust=1.00 susp=0.00 cov=21.4%/100.0%
[R3] pos=(918,322) state=follower leader=4 trust=1.00 susp=0.00 cov=21.4%/100.0%
