[WARN] Hardware modules not available - running in simulation mode
=== REIP Node - Robot 4 [SIM (unique ports)] ===
Trust Model: Three-tier confidence-weighted
  Personal: 1.0, ToF: 1.0, Peer: 0.3
  Suspicion threshold: 1.5, Recovery: 0.1

  Logging to: logs/robot_4_20260226_212447.jsonl
Initializing hardware...
  Hardware: SIMULATED
[INFO] Position socket listening on port 13104
[INFO] Peer socket listening on port 13204
[INFO] Fault socket listening on port 13304
Ready!

=== Detection Bounds: T1=2 cmds, T3=8 cmds | Impeachment: T1=8 cmds, T3=32 cmds ===
Running... Press Ctrl+C to stop

[ELECTION] New leader: 4
[R4] pos=(0,0) state=leader leader=4 trust=1.00 susp=0.00 cov=0.0%/0.0%
[ELECTION] New leader: 1
[R4] pos=(690,485) state=follower leader=1 trust=1.00 susp=0.00 cov=0.5%/0.5%
[R4] pos=(639,486) state=follower leader=1 trust=1.00 susp=0.00 cov=2.6%/11.5%
[R4] pos=(824,510) state=follower leader=1 trust=1.00 susp=0.00 cov=4.2%/21.4%
[R4] pos=(910,400) state=follower leader=1 trust=1.00 susp=0.00 cov=6.2%/31.2%
[R4] pos=(904,156) state=follower leader=1 trust=1.00 susp=0.00 cov=8.3%/40.1%
[R4] pos=(904,139) state=follower leader=1 trust=1.00 susp=0.00 cov=8.3%/45.3%
[R4] pos=(904,94) state=follower leader=1 trust=1.00 susp=0.00 cov=8.3%/49.0%
[R4] pos=(904,155) state=follower leader=1 trust=1.00 susp=0.00 cov=8.3%/52.6%
[R4] pos=(904,274) state=follower leader=1 trust=1.00 susp=0.00 cov=8.3%/58.3%
[R4] pos=(904,279) state=follower leader=1 trust=1.00 susp=0.00 cov=8.3%/65.1%
[R4] pos=(904,200) state=follower leader=1 trust=1.00 susp=0.00 cov=8.3%/68.8%
[R4] pos=(904,144) state=follower leader=1 trust=1.00 susp=0.00 cov=8.3%/75.0%
[R4] pos=(904,184) state=follower leader=1 trust=1.00 susp=0.00 cov=8.3%/77.6%
[R4] pos=(904,184) state=follower leader=1 trust=1.00 susp=0.00 cov=8.3%/77.6%
[R4] pos=(904,290) state=follower leader=1 trust=1.00 susp=0.00 cov=8.3%/81.2%
[R4] pos=(904,311) state=follower leader=1 trust=1.00 susp=0.00 cov=8.3%/82.8%
[R4] pos=(904,239) state=follower leader=1 trust=1.00 susp=0.00 cov=8.3%/90.1%
[R4] pos=(904,230) state=follower leader=1 trust=1.00 susp=0.00 cov=8.3%/96.9%
[R4] pos=(904,76) state=follower leader=1 trust=1.00 susp=0.00 cov=8.3%/98.4%
[R4] pos=(924,387) state=follower leader=1 trust=1.00 susp=0.00 cov=8.3%/99.0%
[R4] pos=(924,877) state=follower leader=1 trust=1.00 susp=0.00 cov=9.9%/100.0%
[R4] pos=(924,875) state=follower leader=1 trust=1.00 susp=0.00 cov=9.9%/100.0%
[R4] pos=(924,758) state=follower leader=1 trust=1.00 susp=0.00 cov=9.9%/100.0%
[R4] pos=(924,756) state=follower leader=1 trust=1.00 susp=0.00 cov=9.9%/100.0%
[R4] pos=(924,770) state=follower leader=1 trust=1.00 susp=0.00 cov=9.9%/100.0%
[R4] pos=(924,870) state=follower leader=1 trust=1.00 susp=0.00 cov=9.9%/100.0%
[R4] pos=(924,874) state=follower leader=1 trust=1.00 susp=0.00 cov=9.9%/100.0%
[R4] pos=(924,853) state=follower leader=1 trust=1.00 susp=0.00 cov=9.9%/100.0%
[R4] pos=(924,754) state=follower leader=1 trust=1.00 susp=0.00 cov=9.9%/100.0%
[R4] pos=(924,773) state=follower leader=1 trust=1.00 susp=0.00 cov=9.9%/100.0%
[R4] pos=(924,862) state=follower leader=1 trust=1.00 susp=0.00 cov=9.9%/100.0%
[R4] pos=(924,851) state=follower leader=1 trust=1.00 susp=0.00 cov=9.9%/100.0%
[R4] pos=(924,872) state=follower leader=1 trust=1.00 susp=0.00 cov=9.9%/100.0%
[R4] pos=(924,757) state=follower leader=1 trust=1.00 susp=0.00 cov=9.9%/100.0%
[R4] pos=(924,753) state=follower leader=1 trust=1.00 susp=0.00 cov=9.9%/100.0%
[R4] pos=(924,784) state=follower leader=1 trust=1.00 susp=0.00 cov=9.9%/100.0%
[R4] pos=(924,851) state=follower leader=1 trust=1.00 susp=0.00 cov=9.9%/100.0%
[R4] pos=(924,868) state=follower leader=1 trust=1.00 susp=0.00 cov=9.9%/100.0%
[R4] pos=(924,855) state=follower leader=1 trust=1.00 susp=0.00 cov=9.9%/100.0%
[R4] pos=(924,751) state=follower leader=1 trust=1.00 susp=0.00 cov=9.9%/100.0%
[R4] pos=(924,749) state=follower leader=1 trust=1.00 susp=0.00 cov=9.9%/100.0%
[R4] pos=(924,759) state=follower leader=1 trust=1.00 susp=0.00 cov=9.9%/100.0%
[R4] pos=(924,876) state=follower leader=1 trust=1.00 susp=0.00 cov=9.9%/100.0%
[R4] pos=(924,848) state=follower leader=1 trust=1.00 susp=0.00 cov=9.9%/100.0%
[R4] pos=(924,850) state=follower leader=1 trust=1.00 susp=0.00 cov=9.9%/100.0%
[R4] pos=(924,746) state=follower leader=1 trust=1.00 susp=0.00 cov=9.9%/100.0%
[R4] pos=(924,753) state=follower leader=1 trust=1.00 susp=0.00 cov=9.9%/100.0%
[R4] pos=(924,746) state=follower leader=1 trust=1.00 susp=0.00 cov=9.9%/100.0%
[R4] pos=(924,869) state=follower leader=1 trust=1.00 susp=0.00 cov=9.9%/100.0%
[R4] pos=(924,859) state=follower leader=1 trust=1.00 susp=0.00 cov=9.9%/100.0%
[R4] pos=(924,768) state=follower leader=1 trust=1.00 susp=0.00 cov=9.9%/100.0%
[R4] pos=(924,751) state=follower leader=1 trust=1.00 susp=0.00 cov=9.9%/100.0%
[R4] pos=(924,762) state=follower leader=1 trust=1.00 susp=0.00 cov=9.9%/100.0%
[R4] pos=(924,868) state=follower leader=1 trust=1.00 susp=0.00 cov=9.9%/100.0%
[R4] pos=(924,862) state=follower leader=1 trust=1.00 susp=0.00 cov=9.9%/100.0%
[R4] pos=(924,881) state=follower leader=1 trust=1.00 susp=0.00 cov=9.9%/100.0%
[R4] pos=(924,753) state=follower leader=1 trust=1.00 susp=0.00 cov=9.9%/100.0%
[R4] pos=(924,746) state=follower leader=1 trust=1.00 susp=0.00 cov=9.9%/100.0%
[R4] pos=(924,845) state=follower leader=1 trust=1.00 susp=0.00 cov=9.9%/100.0%
[R4] pos=(924,875) state=follower leader=1 trust=1.00 susp=0.00 cov=9.9%/100.0%
