[WARN] Hardware modules not available - simulation mode
=== RAFT Baseline - Robot 1 [SIM] ===
NO TRUST. Heartbeat timeout only.

  Logging to: logs/raft_1_20260226_212601.jsonl
Initializing hardware...
  Hardware: SIMULATED
[INFO] Position socket listening on port 12101
[INFO] Peer socket listening on port 12201
[INFO] Fault socket listening on port 12301
Ready!

Running RAFT baseline... Press Ctrl+C to stop

[R1] state=follower leader=None term=0 cov=0.0%/0.0%
[R1] state=follower leader=4 term=1 cov=0.5%/0.5%
[R1] state=follower leader=4 term=1 cov=2.1%/11.5%
[R1] state=follower leader=4 term=1 cov=4.7%/20.8%
[R1] state=follower leader=4 term=1 cov=6.8%/28.6%
[R1] state=follower leader=4 term=1 cov=9.9%/38.5%
[R1] state=follower leader=4 term=1 cov=11.5%/43.8%
[FAULT] BAD_LEADER mode - will send bad assignments (Raft CANNOT detect this)
[R1] state=follower leader=4 term=1 cov=14.1%/48.4%
[R1] state=follower leader=4 term=1 cov=16.1%/53.6%
[R1] state=follower leader=4 term=1 cov=17.2%/57.3%
[R1] state=follower leader=4 term=1 cov=18.8%/65.1%
[R1] state=follower leader=4 term=1 cov=20.3%/74.5%
[R1] state=follower leader=4 term=1 cov=21.4%/78.6%
[R1] state=follower leader=4 term=1 cov=23.4%/84.4%
[R1] state=follower leader=4 term=1 cov=25.5%/88.0%
[R1] state=follower leader=4 term=1 cov=28.1%/94.8%
[R1] state=follower leader=4 term=1 cov=30.2%/99.5%
[R1] state=follower leader=4 term=1 cov=30.2%/100.0%
[R1] state=follower leader=4 term=1 cov=30.2%/100.0%
[R1] state=follower leader=4 term=1 cov=30.2%/100.0%
[R1] state=follower leader=4 term=1 cov=30.2%/100.0%
[R1] state=follower leader=4 term=1 cov=30.2%/100.0%
[R1] state=follower leader=4 term=1 cov=30.2%/100.0%
[R1] state=follower leader=4 term=1 cov=30.2%/100.0%
[R1] state=follower leader=4 term=1 cov=30.2%/100.0%
[R1] state=follower leader=4 term=1 cov=30.2%/100.0%
[R1] state=follower leader=4 term=1 cov=30.2%/100.0%
[R1] state=follower leader=4 term=1 cov=30.2%/100.0%
[R1] state=follower leader=4 term=1 cov=30.2%/100.0%
[R1] state=follower leader=4 term=1 cov=30.2%/100.0%
[R1] state=follower leader=4 term=1 cov=30.2%/100.0%
[R1] state=follower leader=4 term=1 cov=30.2%/100.0%
[R1] state=follower leader=4 term=1 cov=30.2%/100.0%
[R1] state=follower leader=4 term=1 cov=30.2%/100.0%
[R1] state=follower leader=4 term=1 cov=30.2%/100.0%
[R1] state=follower leader=4 term=1 cov=30.2%/100.0%
[R1] state=follower leader=4 term=1 cov=30.2%/100.0%
[R1] state=follower leader=4 term=1 cov=30.2%/100.0%
[R1] state=follower leader=4 term=1 cov=30.2%/100.0%
[R1] state=follower leader=4 term=1 cov=30.2%/100.0%
[R1] state=follower leader=4 term=1 cov=30.2%/100.0%
[R1] state=follower leader=4 term=1 cov=30.2%/100.0%
[R1] state=follower leader=4 term=1 cov=30.2%/100.0%
[R1] state=follower leader=4 term=1 cov=30.2%/100.0%
[R1] state=follower leader=4 term=1 cov=30.2%/100.0%
[R1] state=follower leader=4 term=1 cov=30.2%/100.0%
[R1] state=follower leader=4 term=1 cov=30.2%/100.0%
[R1] state=follower leader=4 term=1 cov=30.2%/100.0%
[R1] state=follower leader=4 term=1 cov=30.2%/100.0%
[R1] state=follower leader=4 term=1 cov=30.2%/100.0%
[R1] state=follower leader=4 term=1 cov=30.2%/100.0%
[R1] state=follower leader=4 term=1 cov=30.2%/100.0%
[R1] state=follower leader=4 term=1 cov=30.2%/100.0%
[R1] state=follower leader=4 term=1 cov=30.2%/100.0%
[R1] state=follower leader=4 term=1 cov=30.2%/100.0%
[R1] state=follower leader=4 term=1 cov=30.2%/100.0%
[R1] state=follower leader=4 term=1 cov=30.2%/100.0%
[R1] state=follower leader=4 term=1 cov=30.2%/100.0%
[R1] state=follower leader=4 term=1 cov=30.2%/100.0%
[R1] state=follower leader=4 term=1 cov=30.2%/100.0%
[R1] state=follower leader=4 term=1 cov=30.2%/100.0%
