[WARN] Hardware modules not available - running in simulation mode
=== REIP Node - Robot 4 [SIM (unique ports)] ===
Trust Model: Three-tier confidence-weighted
  Personal: 1.0, ToF: 1.0, Peer: 0.3
  Suspicion threshold: 1.5, Recovery: 0.1

  Logging to: logs/robot_4_20260226_163503.jsonl
Initializing hardware...
  Hardware: SIMULATED
[INFO] Position socket listening on port 18104
[INFO] Peer socket listening on port 18204
[INFO] Fault socket listening on port 18304
Ready!

=== Detection Bounds: T1=2 cmds, T3=8 cmds | Impeachment: T1=8 cmds, T3=32 cmds ===
Running... Press Ctrl+C to stop

[ELECTION] New leader: 4
[R4] pos=(0,0) state=leader leader=4 trust=1.00 susp=0.00 cov=0.0%/0.0%
[ELECTION] New leader: 1
[R4] pos=(314,624) state=follower leader=1 trust=1.00 susp=0.00 cov=0.5%/0.5%
[R4] pos=(312,796) state=follower leader=1 trust=1.00 susp=0.00 cov=2.6%/11.5%
[R4] pos=(311,1045) state=follower leader=1 trust=1.00 susp=0.00 cov=5.7%/24.0%
[R4] pos=(287,1295) state=follower leader=1 trust=1.00 susp=0.00 cov=8.9%/34.4%
[R4] pos=(183,1425) state=follower leader=1 trust=1.00 susp=0.00 cov=10.9%/47.9%
[R4] pos=(536,1316) state=follower leader=1 trust=1.00 susp=0.00 cov=13.0%/59.4%
[R4] pos=(828,1425) state=follower leader=1 trust=1.00 susp=0.00 cov=15.1%/70.8%
[R4] pos=(1106,1425) state=follower leader=1 trust=1.00 susp=0.00 cov=17.2%/79.2%
[R4] pos=(828,933) state=follower leader=1 trust=1.00 susp=0.00 cov=19.3%/86.5%
[R4] pos=(1369,499) state=follower leader=1 trust=1.00 susp=0.00 cov=22.4%/91.1%
[R4] pos=(1800,151) state=follower leader=1 trust=1.00 susp=0.00 cov=26.0%/98.4%
[R4] pos=(1815,75) state=follower leader=1 trust=1.00 susp=0.00 cov=26.6%/100.0%
[R4] pos=(1815,75) state=follower leader=1 trust=1.00 susp=0.00 cov=26.6%/100.0%
[R4] pos=(1815,75) state=follower leader=1 trust=1.00 susp=0.00 cov=26.6%/100.0%
[R4] pos=(1815,75) state=follower leader=1 trust=1.00 susp=0.00 cov=26.6%/100.0%
[R4] pos=(1815,75) state=follower leader=1 trust=1.00 susp=0.00 cov=26.6%/100.0%
[TRUST] Bad command #1 (peer_reported): suspicion +0.30 = 0.30
[TRUST] Bad command #2 (personal_visited): suspicion +1.00 = 1.30
[TRUST] Bad command #3 (peer_reported): suspicion +0.30 = 1.60
[DETECT] First trust decay after 3 bad commands (0.42s) [Theoretical bound: T1=2, T3=8]
[TRUST] Trust decayed: trust=0.80, remaining suspicion=0.10
[TRUST] Bad command #4 (peer_reported): suspicion +0.30 = 0.40
[TRUST] Bad command #5 (peer_reported): suspicion +0.30 = 0.70
[TRUST] Bad command #6 (peer_reported): suspicion +0.30 = 1.00
[TRUST] Bad command #7 (personal_visited): suspicion +1.00 = 2.00
[TRUST] Trust decayed: trust=0.60, remaining suspicion=0.50
[TRUST] Bad command #8 (peer_reported): suspicion +0.30 = 0.80
[TRUST] Bad command #9 (personal_visited): suspicion +1.00 = 1.80
[TRUST] Trust decayed: trust=0.40, remaining suspicion=0.30
[TRUST] Bad command #10 (personal_visited): suspicion +1.00 = 1.30
[ELECTION] Leader 1 impeached (failures=1)
[ELECTION] New leader: 4
[R4] pos=(1393,459) state=leader leader=4 trust=1.00 susp=0.00 cov=28.6%/100.0%
[ELECTION] Leader 4 impeached (failures=1)
[ELECTION] New leader: 2
[R4] pos=(462,216) state=follower leader=2 trust=1.00 susp=0.00 cov=32.8%/100.0%
[R4] pos=(75,75) state=follower leader=2 trust=1.00 susp=0.00 cov=34.4%/100.0%
[R4] pos=(75,75) state=follower leader=2 trust=1.00 susp=0.00 cov=34.4%/100.0%
[R4] pos=(75,75) state=follower leader=2 trust=1.00 susp=0.00 cov=34.4%/100.0%
[R4] pos=(75,75) state=follower leader=2 trust=1.00 susp=0.00 cov=34.4%/100.0%
[R4] pos=(75,75) state=follower leader=2 trust=1.00 susp=0.00 cov=34.4%/100.0%
[R4] pos=(75,75) state=follower leader=2 trust=1.00 susp=0.00 cov=34.4%/100.0%
[R4] pos=(75,75) state=follower leader=2 trust=1.00 susp=0.00 cov=34.4%/100.0%
[R4] pos=(75,75) state=follower leader=2 trust=1.00 susp=0.00 cov=34.4%/100.0%
[R4] pos=(75,75) state=follower leader=2 trust=1.00 susp=0.00 cov=34.4%/100.0%
[R4] pos=(75,75) state=follower leader=2 trust=1.00 susp=0.00 cov=34.4%/100.0%
[R4] pos=(75,75) state=follower leader=2 trust=1.00 susp=0.00 cov=34.4%/100.0%
[R4] pos=(75,75) state=follower leader=2 trust=1.00 susp=0.00 cov=34.4%/100.0%
[R4] pos=(75,75) state=follower leader=2 trust=1.00 susp=0.00 cov=34.4%/100.0%
[R4] pos=(75,75) state=follower leader=2 trust=1.00 susp=0.00 cov=34.4%/100.0%
[R4] pos=(75,75) state=follower leader=2 trust=1.00 susp=0.00 cov=34.4%/100.0%
[R4] pos=(75,75) state=follower leader=2 trust=1.00 susp=0.00 cov=34.4%/100.0%
[R4] pos=(75,75) state=follower leader=2 trust=1.00 susp=0.00 cov=34.4%/100.0%
[R4] pos=(75,75) state=follower leader=2 trust=1.00 susp=0.00 cov=34.4%/100.0%
[R4] pos=(75,75) state=follower leader=2 trust=1.00 susp=0.00 cov=34.4%/100.0%
[R4] pos=(75,75) state=follower leader=2 trust=1.00 susp=0.00 cov=34.4%/100.0%
[R4] pos=(75,75) state=follower leader=2 trust=1.00 susp=0.00 cov=34.4%/100.0%
[R4] pos=(75,75) state=follower leader=2 trust=1.00 susp=0.00 cov=34.4%/100.0%
[R4] pos=(75,75) state=follower leader=2 trust=1.00 susp=0.00 cov=34.4%/100.0%
[R4] pos=(75,75) state=follower leader=2 trust=1.00 susp=0.00 cov=34.4%/100.0%
[R4] pos=(75,75) state=follower leader=2 trust=1.00 susp=0.00 cov=34.4%/100.0%
[R4] pos=(75,75) state=follower leader=2 trust=1.00 susp=0.00 cov=34.4%/100.0%
[R4] pos=(75,75) state=follower leader=2 trust=1.00 susp=0.00 cov=34.4%/100.0%
[R4] pos=(75,75) state=follower leader=2 trust=1.00 susp=0.00 cov=34.4%/100.0%
[R4] pos=(75,75) state=follower leader=2 trust=1.00 susp=0.00 cov=34.4%/100.0%
[R4] pos=(75,75) state=follower leader=2 trust=1.00 susp=0.00 cov=34.4%/100.0%
[R4] pos=(75,75) state=follower leader=2 trust=1.00 susp=0.00 cov=34.4%/100.0%
[R4] pos=(75,75) state=follower leader=2 trust=1.00 susp=0.00 cov=34.4%/100.0%
[R4] pos=(75,75) state=follower leader=2 trust=1.00 susp=0.00 cov=34.4%/100.0%
[R4] pos=(75,75) state=follower leader=2 trust=1.00 susp=0.00 cov=34.4%/100.0%
[R4] pos=(75,75) state=follower leader=2 trust=1.00 susp=0.00 cov=34.4%/100.0%
[R4] pos=(75,75) state=follower leader=2 trust=1.00 susp=0.00 cov=34.4%/100.0%
[R4] pos=(75,75) state=follower leader=2 trust=1.00 susp=0.00 cov=34.4%/100.0%
[R4] pos=(75,75) state=follower leader=2 trust=1.00 susp=0.00 cov=34.4%/100.0%
[R4] pos=(75,75) state=follower leader=2 trust=1.00 susp=0.00 cov=34.4%/100.0%
[R4] pos=(75,75) state=follower leader=2 trust=1.00 susp=0.00 cov=34.4%/100.0%
[R4] pos=(75,75) state=follower leader=2 trust=1.00 susp=0.00 cov=34.4%/100.0%
[R4] pos=(75,75) state=follower leader=2 trust=1.00 susp=0.00 cov=34.4%/100.0%
