[WARN] Hardware modules not available - simulation mode
=== RAFT Baseline - Robot 5 [SIM] ===
NO TRUST. Heartbeat timeout only.

  Logging to: logs/raft_5_20260226_183943.jsonl
Initializing hardware...
  Hardware: SIMULATED
[INFO] Position socket listening on port 11105
[INFO] Peer socket listening on port 11205
[INFO] Fault socket listening on port 11305
Ready!

Running RAFT baseline... Press Ctrl+C to stop

[R5] state=follower leader=None term=0 cov=0.0%/0.0%
[R5] state=follower leader=1 term=1 cov=0.5%/0.5%
[R5] state=follower leader=1 term=1 cov=2.6%/12.5%
[R5] state=follower leader=1 term=1 cov=5.2%/22.9%
[R5] state=follower leader=1 term=1 cov=6.2%/31.8%
[R5] state=follower leader=1 term=1 cov=8.9%/43.8%
[R5] state=follower leader=1 term=1 cov=11.5%/55.2%
[R5] state=follower leader=1 term=1 cov=12.5%/62.0%
[R5] state=follower leader=1 term=1 cov=15.1%/72.4%
[R5] state=follower leader=1 term=1 cov=17.2%/80.2%
[R5] state=follower leader=1 term=1 cov=19.8%/85.9%
[R5] state=follower leader=1 term=1 cov=22.4%/94.3%
[R5] state=follower leader=1 term=1 cov=25.0%/99.5%
[R5] state=follower leader=1 term=1 cov=26.6%/100.0%
[R5] state=follower leader=1 term=1 cov=26.6%/100.0%
[R5] state=follower leader=1 term=1 cov=26.6%/100.0%
[R5] state=follower leader=1 term=1 cov=26.6%/100.0%
[R5] state=follower leader=1 term=1 cov=28.6%/100.0%
[R5] state=follower leader=1 term=1 cov=28.6%/100.0%
[R5] state=follower leader=1 term=1 cov=28.6%/100.0%
[R5] state=follower leader=1 term=1 cov=28.6%/100.0%
[R5] state=follower leader=1 term=1 cov=28.6%/100.0%
[R5] state=follower leader=1 term=1 cov=28.6%/100.0%
[R5] state=follower leader=1 term=1 cov=28.6%/100.0%
[R5] state=follower leader=1 term=1 cov=28.6%/100.0%
[R5] state=follower leader=1 term=1 cov=28.6%/100.0%
[R5] state=follower leader=1 term=1 cov=28.6%/100.0%
[R5] state=follower leader=1 term=1 cov=28.6%/100.0%
[R5] state=follower leader=1 term=1 cov=28.6%/100.0%
[R5] state=follower leader=1 term=1 cov=28.6%/100.0%
[R5] state=follower leader=1 term=1 cov=28.6%/100.0%
[R5] state=follower leader=1 term=1 cov=28.6%/100.0%
[R5] state=follower leader=1 term=1 cov=28.6%/100.0%
[R5] state=follower leader=1 term=1 cov=28.6%/100.0%
[R5] state=follower leader=1 term=1 cov=28.6%/100.0%
[R5] state=follower leader=1 term=1 cov=28.6%/100.0%
[R5] state=follower leader=1 term=1 cov=28.6%/100.0%
[R5] state=follower leader=1 term=1 cov=28.6%/100.0%
[R5] state=follower leader=1 term=1 cov=28.6%/100.0%
[R5] state=follower leader=1 term=1 cov=28.6%/100.0%
[R5] state=follower leader=1 term=1 cov=28.6%/100.0%
[R5] state=follower leader=1 term=1 cov=28.6%/100.0%
[R5] state=follower leader=1 term=1 cov=28.6%/100.0%
[R5] state=follower leader=1 term=1 cov=28.6%/100.0%
[R5] state=follower leader=1 term=1 cov=28.6%/100.0%
[R5] state=follower leader=1 term=1 cov=28.6%/100.0%
[R5] state=follower leader=1 term=1 cov=28.6%/100.0%
[R5] state=follower leader=1 term=1 cov=28.6%/100.0%
[R5] state=follower leader=1 term=1 cov=28.6%/100.0%
[R5] state=follower leader=1 term=1 cov=28.6%/100.0%
[R5] state=follower leader=1 term=1 cov=28.6%/100.0%
[R5] state=follower leader=1 term=1 cov=28.6%/100.0%
[R5] state=follower leader=1 term=1 cov=28.6%/100.0%
[R5] state=follower leader=1 term=1 cov=28.6%/100.0%
[R5] state=follower leader=1 term=1 cov=28.6%/100.0%
[R5] state=follower leader=1 term=1 cov=28.6%/100.0%
[R5] state=follower leader=1 term=1 cov=28.6%/100.0%
[R5] state=follower leader=1 term=1 cov=28.6%/100.0%
[R5] state=follower leader=1 term=1 cov=28.6%/100.0%
[R5] state=follower leader=1 term=1 cov=28.6%/100.0%
[R5] state=follower leader=1 term=1 cov=28.6%/100.0%
