[WARN] Hardware modules not available - running in simulation mode
=== REIP Node - Robot 2 [SIM (unique ports)] ===
Trust Model: Three-tier confidence-weighted
  Personal: 1.0, ToF: 1.0, Peer: 0.3
  Suspicion threshold: 1.5, Recovery: 0.1

  Logging to: logs/robot_2_20260226_161842.jsonl
Initializing hardware...
  Hardware: SIMULATED
[INFO] Position socket listening on port 11102
[INFO] Peer socket listening on port 11202
[INFO] Fault socket listening on port 11302
Ready!

=== Detection Bounds: T1=2 cmds, T3=8 cmds | Impeachment: T1=8 cmds, T3=32 cmds ===
Running... Press Ctrl+C to stop

[ELECTION] New leader: 2
[R2] pos=(0,0) state=leader leader=2 trust=1.00 susp=0.00 cov=0.0%/0.0%
[ELECTION] New leader: 1
[R2] pos=(765,715) state=follower leader=1 trust=1.00 susp=0.00 cov=0.5%/2.1%
[R2] pos=(678,793) state=follower leader=1 trust=1.00 susp=0.00 cov=1.6%/8.3%
[R2] pos=(490,761) state=follower leader=1 trust=1.00 susp=0.00 cov=3.1%/20.3%
[R2] pos=(238,608) state=follower leader=1 trust=1.00 susp=0.00 cov=6.2%/32.8%
[R2] pos=(79,812) state=follower leader=1 trust=1.00 susp=0.00 cov=7.8%/45.3%
[R2] pos=(75,503) state=follower leader=1 trust=1.00 susp=0.00 cov=9.4%/57.3%
[R2] pos=(310,419) state=follower leader=1 trust=1.00 susp=0.00 cov=12.5%/68.2%
[R2] pos=(748,579) state=follower leader=1 trust=1.00 susp=0.00 cov=14.6%/77.1%
[R2] pos=(424,1016) state=follower leader=1 trust=1.00 susp=0.00 cov=15.6%/85.9%
[R2] pos=(175,1209) state=follower leader=1 trust=1.00 susp=0.00 cov=18.2%/92.7%
[R2] pos=(75,1190) state=follower leader=1 trust=1.00 susp=0.00 cov=20.8%/95.8%
[R2] pos=(184,1425) state=follower leader=1 trust=1.00 susp=0.00 cov=21.9%/100.0%
[R2] pos=(184,1425) state=follower leader=1 trust=1.00 susp=0.00 cov=21.9%/100.0%
[R2] pos=(184,1425) state=follower leader=1 trust=1.00 susp=0.00 cov=21.9%/100.0%
[R2] pos=(184,1425) state=follower leader=1 trust=1.00 susp=0.00 cov=21.9%/100.0%
[R2] pos=(184,1425) state=follower leader=1 trust=1.00 susp=0.00 cov=21.9%/100.0%
[R2] pos=(184,1425) state=follower leader=1 trust=1.00 susp=0.00 cov=21.9%/100.0%
[R2] pos=(184,1425) state=follower leader=1 trust=1.00 susp=0.00 cov=21.9%/100.0%
[R2] pos=(184,1425) state=follower leader=1 trust=1.00 susp=0.00 cov=21.9%/100.0%
[R2] pos=(184,1425) state=follower leader=1 trust=1.00 susp=0.00 cov=21.9%/100.0%
