[WARN] Hardware modules not available - simulation mode
=== RAFT Baseline - Robot 5 [SIM] ===
NO TRUST. Heartbeat timeout only.

  Logging to: logs/raft_5_20260226_211410.jsonl
Initializing hardware...
  Hardware: SIMULATED
[INFO] Position socket listening on port 13105
[INFO] Peer socket listening on port 13205
[INFO] Fault socket listening on port 13305
Ready!

Running RAFT baseline... Press Ctrl+C to stop

[R5] state=follower leader=None term=0 cov=0.0%/0.0%
[R5] state=follower leader=1 term=1 cov=0.5%/0.5%
[R5] state=follower leader=1 term=1 cov=2.6%/13.0%
[R5] state=follower leader=1 term=1 cov=4.2%/20.8%
[R5] state=follower leader=1 term=1 cov=4.7%/22.9%
[R5] state=follower leader=1 term=1 cov=5.7%/27.6%
[R5] state=follower leader=1 term=1 cov=5.7%/32.8%
[R5] state=follower leader=1 term=1 cov=5.7%/34.4%
[R5] state=follower leader=1 term=1 cov=5.7%/34.4%
[R5] state=follower leader=1 term=1 cov=5.7%/34.4%
[R5] state=follower leader=1 term=1 cov=5.7%/34.4%
[R5] state=follower leader=1 term=1 cov=5.7%/34.4%
[R5] state=follower leader=1 term=1 cov=5.7%/34.4%
[R5] state=follower leader=1 term=1 cov=5.7%/34.4%
[R5] state=follower leader=1 term=1 cov=5.7%/34.4%
[R5] state=follower leader=1 term=1 cov=5.7%/34.4%
[R5] state=follower leader=1 term=1 cov=5.7%/34.4%
[R5] state=follower leader=1 term=1 cov=5.7%/34.4%
[R5] state=follower leader=1 term=1 cov=5.7%/34.4%
[R5] state=follower leader=1 term=1 cov=5.7%/34.4%
[R5] state=follower leader=1 term=1 cov=5.7%/34.4%
[R5] state=follower leader=1 term=1 cov=5.7%/34.4%
[R5] state=follower leader=1 term=1 cov=5.7%/34.4%
[R5] state=follower leader=1 term=1 cov=5.7%/34.4%
[R5] state=follower leader=1 term=1 cov=5.7%/34.4%
[R5] state=follower leader=1 term=1 cov=5.7%/34.4%
[R5] state=follower leader=1 term=1 cov=5.7%/34.4%
[R5] state=follower leader=1 term=1 cov=5.7%/34.9%
[R5] state=follower leader=1 term=1 cov=5.7%/34.9%
[R5] state=follower leader=1 term=1 cov=5.7%/37.0%
[R5] state=follower leader=1 term=1 cov=5.7%/37.0%
[R5] state=follower leader=1 term=1 cov=5.7%/37.0%
[R5] state=follower leader=1 term=1 cov=5.7%/37.0%
[R5] state=follower leader=1 term=1 cov=5.7%/37.0%
[R5] state=follower leader=1 term=1 cov=5.7%/37.0%
[R5] state=follower leader=1 term=1 cov=5.7%/37.0%
[R5] state=follower leader=1 term=1 cov=5.7%/37.0%
[R5] state=follower leader=1 term=1 cov=5.7%/37.0%
[R5] state=follower leader=1 term=1 cov=5.7%/37.0%
[R5] state=follower leader=1 term=1 cov=5.7%/37.0%
[R5] state=follower leader=1 term=1 cov=5.7%/37.0%
[R5] state=follower leader=1 term=1 cov=5.7%/37.0%
[R5] state=follower leader=1 term=1 cov=5.7%/37.0%
[R5] state=follower leader=1 term=1 cov=5.7%/37.0%
[R5] state=follower leader=1 term=1 cov=5.7%/37.0%
[R5] state=follower leader=1 term=1 cov=5.7%/37.0%
[R5] state=follower leader=1 term=1 cov=5.7%/37.0%
[R5] state=follower leader=1 term=1 cov=5.7%/37.0%
[R5] state=follower leader=1 term=1 cov=5.7%/37.0%
[R5] state=follower leader=1 term=1 cov=5.7%/37.0%
[R5] state=follower leader=1 term=1 cov=5.7%/37.0%
[R5] state=follower leader=1 term=1 cov=5.7%/37.0%
[R5] state=follower leader=1 term=1 cov=5.7%/37.0%
[R5] state=follower leader=1 term=1 cov=5.7%/37.0%
[R5] state=follower leader=1 term=1 cov=5.7%/37.0%
[R5] state=follower leader=1 term=1 cov=5.7%/37.0%
[R5] state=follower leader=1 term=1 cov=5.7%/37.0%
[R5] state=follower leader=1 term=1 cov=5.7%/37.5%
[R5] state=follower leader=1 term=1 cov=5.7%/38.0%
[R5] state=follower leader=1 term=1 cov=5.7%/38.0%
[R5] state=follower leader=1 term=1 cov=5.7%/38.0%
[R5] state=follower leader=1 term=1 cov=6.2%/39.6%
[R5] state=follower leader=1 term=1 cov=6.2%/39.6%
[R5] state=follower leader=1 term=1 cov=6.2%/39.6%
