[WARN] Hardware modules not available - simulation mode
=== RAFT Baseline - Robot 4 [SIM] ===
NO TRUST. Heartbeat timeout only.

  Logging to: logs/raft_4_20260226_171045.jsonl
Initializing hardware...
  Hardware: SIMULATED
[INFO] Position socket listening on port 26104
[INFO] Peer socket listening on port 26204
[INFO] Fault socket listening on port 26304
Ready!

Running RAFT baseline... Press Ctrl+C to stop

[R4] state=follower leader=None term=0 cov=0.0%/0.0%
[R4] state=follower leader=1 term=1 cov=0.5%/0.5%
[R4] state=follower leader=1 term=1 cov=2.6%/14.6%
[R4] state=follower leader=1 term=1 cov=4.7%/25.5%
[R4] state=follower leader=1 term=1 cov=6.8%/35.4%
[R4] state=follower leader=1 term=1 cov=9.4%/45.3%
[R4] state=follower leader=1 term=1 cov=12.0%/52.1%
[R4] state=follower leader=1 term=1 cov=13.5%/60.4%
[R4] state=follower leader=1 term=1 cov=16.1%/68.8%
[R4] state=follower leader=1 term=1 cov=19.8%/76.0%
[R4] state=follower leader=1 term=1 cov=21.4%/83.9%
[R4] state=follower leader=1 term=1 cov=24.5%/91.1%
[R4] state=follower leader=1 term=1 cov=26.6%/99.0%
[R4] state=follower leader=1 term=1 cov=27.1%/100.0%
[R4] state=follower leader=1 term=1 cov=27.1%/100.0%
[R4] state=follower leader=1 term=1 cov=27.1%/100.0%
[R4] state=follower leader=1 term=1 cov=27.1%/100.0%
[R4] state=follower leader=1 term=1 cov=27.1%/100.0%
[R4] state=follower leader=1 term=1 cov=27.1%/100.0%
[R4] state=follower leader=1 term=1 cov=27.1%/100.0%
[R4] state=follower leader=1 term=1 cov=27.1%/100.0%
[R4] state=follower leader=1 term=1 cov=27.1%/100.0%
[R4] state=follower leader=1 term=1 cov=27.1%/100.0%
[R4] state=follower leader=1 term=1 cov=27.1%/100.0%
[R4] state=follower leader=1 term=1 cov=27.1%/100.0%
[R4] state=follower leader=1 term=1 cov=27.1%/100.0%
[R4] state=follower leader=1 term=1 cov=27.1%/100.0%
[R4] state=follower leader=1 term=1 cov=27.1%/100.0%
[R4] state=follower leader=1 term=1 cov=27.1%/100.0%
[R4] state=follower leader=1 term=1 cov=27.1%/100.0%
[R4] state=follower leader=1 term=1 cov=27.1%/100.0%
[R4] state=follower leader=1 term=1 cov=27.1%/100.0%
[R4] state=follower leader=1 term=1 cov=27.1%/100.0%
[R4] state=follower leader=1 term=1 cov=27.1%/100.0%
[R4] state=follower leader=1 term=1 cov=27.1%/100.0%
[R4] state=follower leader=1 term=1 cov=27.1%/100.0%
[R4] state=follower leader=1 term=1 cov=27.1%/100.0%
[R4] state=follower leader=1 term=1 cov=27.1%/100.0%
[R4] state=follower leader=1 term=1 cov=27.1%/100.0%
[R4] state=follower leader=1 term=1 cov=27.1%/100.0%
[R4] state=follower leader=1 term=1 cov=27.1%/100.0%
[R4] state=follower leader=1 term=1 cov=27.1%/100.0%
[R4] state=follower leader=1 term=1 cov=27.1%/100.0%
[R4] state=follower leader=1 term=1 cov=27.1%/100.0%
[R4] state=follower leader=1 term=1 cov=27.1%/100.0%
[R4] state=follower leader=1 term=1 cov=27.1%/100.0%
[R4] state=follower leader=1 term=1 cov=27.1%/100.0%
[R4] state=follower leader=1 term=1 cov=27.1%/100.0%
[R4] state=follower leader=1 term=1 cov=27.1%/100.0%
[R4] state=follower leader=1 term=1 cov=27.1%/100.0%
[R4] state=follower leader=1 term=1 cov=27.1%/100.0%
[R4] state=follower leader=1 term=1 cov=27.1%/100.0%
[R4] state=follower leader=1 term=1 cov=27.1%/100.0%
[R4] state=follower leader=1 term=1 cov=27.1%/100.0%
[R4] state=follower leader=1 term=1 cov=27.1%/100.0%
[R4] state=follower leader=1 term=1 cov=27.1%/100.0%
[R4] state=follower leader=1 term=1 cov=27.1%/100.0%
[R4] state=follower leader=1 term=1 cov=27.1%/100.0%
[R4] state=follower leader=1 term=1 cov=27.1%/100.0%
[R4] state=follower leader=1 term=1 cov=27.1%/100.0%
[R4] state=follower leader=1 term=1 cov=27.1%/100.0%
[R4] state=follower leader=1 term=1 cov=27.1%/100.0%
