[WARN] Hardware modules not available - simulation mode
=== RAFT Baseline - Robot 3 [SIM] ===
NO TRUST. Heartbeat timeout only.

  Logging to: logs/raft_3_20260226_173124.jsonl
Initializing hardware...
  Hardware: SIMULATED
[INFO] Position socket listening on port 5103
[INFO] Peer socket listening on port 5203
[INFO] Fault socket listening on port 5303
Ready!

Running RAFT baseline... Press Ctrl+C to stop

[R3] state=follower leader=None term=0 cov=0.0%/0.0%
[R3] state=follower leader=1 term=2 cov=0.5%/0.5%
[R3] state=follower leader=1 term=2 cov=3.1%/12.5%
[R3] state=follower leader=1 term=2 cov=5.7%/24.0%
[R3] state=follower leader=1 term=2 cov=8.3%/35.9%
[R3] state=follower leader=1 term=2 cov=10.9%/47.4%
[R3] state=follower leader=1 term=2 cov=13.0%/58.3%
[R3] state=follower leader=1 term=2 cov=15.1%/66.1%
[R3] state=follower leader=1 term=2 cov=16.1%/72.9%
[R3] state=follower leader=1 term=2 cov=18.2%/80.2%
[R3] state=follower leader=1 term=2 cov=21.9%/88.5%
[R3] state=follower leader=1 term=2 cov=25.0%/93.2%
[R3] state=follower leader=1 term=2 cov=27.1%/99.5%
[R3] state=follower leader=1 term=2 cov=29.2%/100.0%
[R3] state=follower leader=1 term=2 cov=29.2%/100.0%
[R3] state=follower leader=1 term=2 cov=29.2%/100.0%
[R3] state=follower leader=1 term=2 cov=29.2%/100.0%
[R3] state=follower leader=1 term=2 cov=29.2%/100.0%
[R3] state=follower leader=1 term=2 cov=29.2%/100.0%
[R3] state=follower leader=1 term=2 cov=29.2%/100.0%
[R3] state=follower leader=1 term=2 cov=29.2%/100.0%
[R3] state=follower leader=1 term=2 cov=29.2%/100.0%
[R3] state=follower leader=1 term=2 cov=29.2%/100.0%
[R3] state=follower leader=1 term=2 cov=29.2%/100.0%
[R3] state=follower leader=1 term=2 cov=29.2%/100.0%
[R3] state=follower leader=1 term=2 cov=29.2%/100.0%
[R3] state=follower leader=1 term=2 cov=29.2%/100.0%
[R3] state=follower leader=1 term=2 cov=29.2%/100.0%
[R3] state=follower leader=1 term=2 cov=29.2%/100.0%
[R3] state=follower leader=1 term=2 cov=29.2%/100.0%
[R3] state=follower leader=1 term=2 cov=29.2%/100.0%
[R3] state=follower leader=1 term=2 cov=29.2%/100.0%
[R3] state=follower leader=1 term=2 cov=29.2%/100.0%
[R3] state=follower leader=1 term=2 cov=29.2%/100.0%
[R3] state=follower leader=1 term=2 cov=29.2%/100.0%
[R3] state=follower leader=1 term=2 cov=29.2%/100.0%
[R3] state=follower leader=1 term=2 cov=29.2%/100.0%
[R3] state=follower leader=1 term=2 cov=29.2%/100.0%
[R3] state=follower leader=1 term=2 cov=29.2%/100.0%
[R3] state=follower leader=1 term=2 cov=29.2%/100.0%
[R3] state=follower leader=1 term=2 cov=29.2%/100.0%
[R3] state=follower leader=1 term=2 cov=29.2%/100.0%
[R3] state=follower leader=1 term=2 cov=29.2%/100.0%
[R3] state=follower leader=1 term=2 cov=29.2%/100.0%
[R3] state=follower leader=1 term=2 cov=29.2%/100.0%
[R3] state=follower leader=1 term=2 cov=29.2%/100.0%
[R3] state=follower leader=1 term=2 cov=29.2%/100.0%
[R3] state=follower leader=1 term=2 cov=29.2%/100.0%
[R3] state=follower leader=1 term=2 cov=29.2%/100.0%
[R3] state=follower leader=1 term=2 cov=29.2%/100.0%
[R3] state=follower leader=1 term=2 cov=29.2%/100.0%
[R3] state=follower leader=1 term=2 cov=29.2%/100.0%
[R3] state=follower leader=1 term=2 cov=29.2%/100.0%
[R3] state=follower leader=1 term=2 cov=29.2%/100.0%
[R3] state=follower leader=1 term=2 cov=29.2%/100.0%
[R3] state=follower leader=1 term=2 cov=29.2%/100.0%
[R3] state=follower leader=1 term=2 cov=29.2%/100.0%
[R3] state=follower leader=1 term=2 cov=29.2%/100.0%
[R3] state=follower leader=1 term=2 cov=29.2%/100.0%
[R3] state=follower leader=1 term=2 cov=29.2%/100.0%
[R3] state=follower leader=1 term=2 cov=29.2%/100.0%
[R3] state=follower leader=1 term=2 cov=29.2%/100.0%
