[WARN] Hardware modules not available - running in simulation mode
=== REIP Node - Robot 4 [SIM (unique ports)] ===
Trust Model: Three-tier confidence-weighted
  Personal: 1.0, ToF: 1.0, Peer: 0.3
  Suspicion threshold: 1.5, Recovery: 0.1

  Logging to: logs/robot_4_20260226_163459.jsonl
Initializing hardware...
  Hardware: SIMULATED
[INFO] Position socket listening on port 20104
[INFO] Peer socket listening on port 20204
[INFO] Fault socket listening on port 20304
Ready!

=== DECENTRALIZED MODE - No leader coordination ===
=== Detection Bounds: T1=2 cmds, T3=8 cmds | Impeachment: T1=8 cmds, T3=32 cmds ===
Running... Press Ctrl+C to stop

[R4] pos=(0,0) state=exploring leader=None trust=1.00 susp=0.00 cov=0.0%/0.0%
[R4] pos=(314,624) state=exploring leader=None trust=1.00 susp=0.00 cov=0.5%/0.5%
[R4] pos=(75,255) state=exploring leader=None trust=1.00 susp=0.00 cov=3.1%/15.6%
[R4] pos=(191,174) state=exploring leader=None trust=1.00 susp=0.00 cov=6.8%/23.4%
[R4] pos=(75,790) state=exploring leader=None trust=1.00 susp=0.00 cov=8.9%/30.2%
[R4] pos=(95,1205) state=exploring leader=None trust=1.00 susp=0.00 cov=12.5%/39.6%
[R4] pos=(429,1332) state=exploring leader=None trust=1.00 susp=0.00 cov=15.6%/52.6%
[R4] pos=(917,1314) state=exploring leader=None trust=1.00 susp=0.00 cov=19.3%/60.9%
[R4] pos=(1288,1425) state=exploring leader=None trust=1.00 susp=0.00 cov=23.4%/69.3%
[R4] pos=(1591,953) state=exploring leader=None trust=1.00 susp=0.00 cov=26.6%/78.6%
[R4] pos=(1549,1384) state=exploring leader=None trust=1.00 susp=0.00 cov=31.2%/89.1%
[R4] pos=(1815,1029) state=exploring leader=None trust=1.00 susp=0.00 cov=33.9%/96.4%
[R4] pos=(1925,1229) state=exploring leader=None trust=1.00 susp=0.00 cov=37.0%/100.0%
[R4] pos=(1925,1228) state=exploring leader=None trust=1.00 susp=0.00 cov=37.0%/100.0%
[R4] pos=(1925,1118) state=exploring leader=None trust=1.00 susp=0.00 cov=37.0%/100.0%
[R4] pos=(1925,1150) state=exploring leader=None trust=1.00 susp=0.00 cov=37.0%/100.0%
[R4] pos=(1925,1160) state=exploring leader=None trust=1.00 susp=0.00 cov=37.5%/100.0%
[R4] pos=(1925,1231) state=exploring leader=None trust=1.00 susp=0.00 cov=37.5%/100.0%
[R4] pos=(1925,1218) state=exploring leader=None trust=1.00 susp=0.00 cov=37.5%/100.0%
[R4] pos=(1925,1136) state=exploring leader=None trust=1.00 susp=0.00 cov=37.5%/100.0%
[R4] pos=(1925,1139) state=exploring leader=None trust=1.00 susp=0.00 cov=37.5%/100.0%
[R4] pos=(1925,1133) state=exploring leader=None trust=1.00 susp=0.00 cov=37.5%/100.0%
[R4] pos=(1925,1255) state=exploring leader=None trust=1.00 susp=0.00 cov=37.5%/100.0%
[R4] pos=(1925,1258) state=exploring leader=None trust=1.00 susp=0.00 cov=37.5%/100.0%
[R4] pos=(1925,1258) state=exploring leader=None trust=1.00 susp=0.00 cov=37.5%/100.0%
[R4] pos=(1925,1152) state=exploring leader=None trust=1.00 susp=0.00 cov=37.5%/100.0%
[R4] pos=(1925,1132) state=exploring leader=None trust=1.00 susp=0.00 cov=37.5%/100.0%
[R4] pos=(1925,1143) state=exploring leader=None trust=1.00 susp=0.00 cov=37.5%/100.0%
[R4] pos=(1925,1128) state=exploring leader=None trust=1.00 susp=0.00 cov=37.5%/100.0%
[R4] pos=(1925,1247) state=exploring leader=None trust=1.00 susp=0.00 cov=37.5%/100.0%
[R4] pos=(1925,1232) state=exploring leader=None trust=1.00 susp=0.00 cov=37.5%/100.0%
[R4] pos=(1925,1256) state=exploring leader=None trust=1.00 susp=0.00 cov=37.5%/100.0%
[R4] pos=(1925,1173) state=exploring leader=None trust=1.00 susp=0.00 cov=37.5%/100.0%
[R4] pos=(1925,1173) state=exploring leader=None trust=1.00 susp=0.00 cov=37.5%/100.0%
[R4] pos=(1925,1173) state=exploring leader=None trust=1.00 susp=0.00 cov=37.5%/100.0%
[R4] pos=(1925,1173) state=exploring leader=None trust=1.00 susp=0.00 cov=37.5%/100.0%
[R4] pos=(1925,1173) state=exploring leader=None trust=1.00 susp=0.00 cov=37.5%/100.0%
[R4] pos=(1925,1173) state=exploring leader=None trust=1.00 susp=0.00 cov=37.5%/100.0%
[R4] pos=(1925,1173) state=exploring leader=None trust=1.00 susp=0.00 cov=37.5%/100.0%
[R4] pos=(1925,1173) state=exploring leader=None trust=1.00 susp=0.00 cov=37.5%/100.0%
[R4] pos=(1925,1173) state=exploring leader=None trust=1.00 susp=0.00 cov=37.5%/100.0%
[R4] pos=(1925,1173) state=exploring leader=None trust=1.00 susp=0.00 cov=37.5%/100.0%
[R4] pos=(1925,1173) state=exploring leader=None trust=1.00 susp=0.00 cov=37.5%/100.0%
[R4] pos=(1925,1173) state=exploring leader=None trust=1.00 susp=0.00 cov=37.5%/100.0%
[R4] pos=(1925,1173) state=exploring leader=None trust=1.00 susp=0.00 cov=37.5%/100.0%
[R4] pos=(1925,1173) state=exploring leader=None trust=1.00 susp=0.00 cov=37.5%/100.0%
[R4] pos=(1925,1173) state=exploring leader=None trust=1.00 susp=0.00 cov=37.5%/100.0%
[R4] pos=(1925,1173) state=exploring leader=None trust=1.00 susp=0.00 cov=37.5%/100.0%
[R4] pos=(1925,1173) state=exploring leader=None trust=1.00 susp=0.00 cov=37.5%/100.0%
[R4] pos=(1925,1173) state=exploring leader=None trust=1.00 susp=0.00 cov=37.5%/100.0%
[R4] pos=(1925,1173) state=exploring leader=None trust=1.00 susp=0.00 cov=37.5%/100.0%
[R4] pos=(1925,1173) state=exploring leader=None trust=1.00 susp=0.00 cov=37.5%/100.0%
[R4] pos=(1925,1173) state=exploring leader=None trust=1.00 susp=0.00 cov=37.5%/100.0%
[R4] pos=(1925,1173) state=exploring leader=None trust=1.00 susp=0.00 cov=37.5%/100.0%
[R4] pos=(1925,1173) state=exploring leader=None trust=1.00 susp=0.00 cov=37.5%/100.0%
[R4] pos=(1925,1173) state=exploring leader=None trust=1.00 susp=0.00 cov=37.5%/100.0%
[R4] pos=(1925,1173) state=exploring leader=None trust=1.00 susp=0.00 cov=37.5%/100.0%
[R4] pos=(1925,1173) state=exploring leader=None trust=1.00 susp=0.00 cov=37.5%/100.0%
[R4] pos=(1925,1173) state=exploring leader=None trust=1.00 susp=0.00 cov=37.5%/100.0%
[R4] pos=(1925,1173) state=exploring leader=None trust=1.00 susp=0.00 cov=37.5%/100.0%
[R4] pos=(1925,1173) state=exploring leader=None trust=1.00 susp=0.00 cov=37.5%/100.0%
[R4] pos=(1925,1173) state=exploring leader=None trust=1.00 susp=0.00 cov=37.5%/100.0%
[R4] pos=(1925,1173) state=exploring leader=None trust=1.00 susp=0.00 cov=37.5%/100.0%
