[WARN] Hardware modules not available - running in simulation mode
=== REIP Node - Robot 5 [SIM (unique ports)] ===
Trust Model: Three-tier confidence-weighted
  Personal: 1.0, ToF: 1.0, Peer: 0.3
  Suspicion threshold: 1.5, Recovery: 0.1

  Logging to: logs/robot_5_20260226_210018.jsonl
Initializing hardware...
  Hardware: SIMULATED
[INFO] Position socket listening on port 17105
[INFO] Peer socket listening on port 17205
[INFO] Fault socket listening on port 17305
Ready!

=== DECENTRALIZED MODE - No leader coordination ===
=== Detection Bounds: T1=2 cmds, T3=8 cmds | Impeachment: T1=8 cmds, T3=32 cmds ===
Running... Press Ctrl+C to stop

[R5] pos=(0,0) state=exploring leader=None trust=1.00 susp=0.00 cov=0.0%/0.0%
[R5] pos=(549,260) state=exploring leader=None trust=1.00 susp=0.00 cov=0.5%/0.5%
[R5] pos=(97,672) state=exploring leader=None trust=1.00 susp=0.00 cov=4.2%/12.5%
[R5] pos=(176,1189) state=exploring leader=None trust=1.00 susp=0.00 cov=6.8%/21.9%
[R5] pos=(405,1051) state=exploring leader=None trust=1.00 susp=0.00 cov=10.4%/32.8%
[R5] pos=(837,759) state=exploring leader=None trust=1.00 susp=0.00 cov=14.6%/40.1%
[R5] pos=(892,1183) state=exploring leader=None trust=1.00 susp=0.00 cov=16.7%/47.9%
[R5] pos=(1062,1318) state=exploring leader=None trust=1.00 susp=0.00 cov=18.8%/51.0%
[R5] pos=(1203,1050) state=exploring leader=None trust=1.00 susp=0.00 cov=21.4%/53.6%
[R5] pos=(1087,410) state=exploring leader=None trust=1.00 susp=0.00 cov=25.5%/61.5%
[R5] pos=(1087,75) state=exploring leader=None trust=1.00 susp=0.00 cov=27.1%/69.8%
[R5] pos=(1681,75) state=exploring leader=None trust=1.00 susp=0.00 cov=31.8%/76.0%
[R5] pos=(1810,482) state=exploring leader=None trust=1.00 susp=0.00 cov=34.4%/84.4%
[R5] pos=(1925,630) state=exploring leader=None trust=1.00 susp=0.00 cov=35.9%/91.1%
[R5] pos=(1925,428) state=exploring leader=None trust=1.00 susp=0.00 cov=38.0%/97.9%
[R5] pos=(1719,1405) state=exploring leader=None trust=1.00 susp=0.00 cov=41.1%/100.0%
[R5] pos=(1739,1425) state=exploring leader=None trust=1.00 susp=0.00 cov=41.7%/100.0%
[R5] pos=(1629,1425) state=exploring leader=None trust=1.00 susp=0.00 cov=41.7%/100.0%
[R5] pos=(1740,1425) state=exploring leader=None trust=1.00 susp=0.00 cov=42.2%/100.0%
[R5] pos=(1647,1425) state=exploring leader=None trust=1.00 susp=0.00 cov=42.2%/100.0%
[R5] pos=(1647,1425) state=exploring leader=None trust=1.00 susp=0.00 cov=42.2%/100.0%
[R5] pos=(1643,1425) state=exploring leader=None trust=1.00 susp=0.00 cov=42.2%/100.0%
[R5] pos=(1643,1425) state=exploring leader=None trust=1.00 susp=0.00 cov=42.2%/100.0%
[R5] pos=(1643,1425) state=exploring leader=None trust=1.00 susp=0.00 cov=42.2%/100.0%
[R5] pos=(1643,1425) state=exploring leader=None trust=1.00 susp=0.00 cov=42.2%/100.0%
[R5] pos=(1643,1425) state=exploring leader=None trust=1.00 susp=0.00 cov=42.2%/100.0%
[R5] pos=(1643,1425) state=exploring leader=None trust=1.00 susp=0.00 cov=42.2%/100.0%
[R5] pos=(1643,1425) state=exploring leader=None trust=1.00 susp=0.00 cov=42.2%/100.0%
[R5] pos=(1643,1425) state=exploring leader=None trust=1.00 susp=0.00 cov=42.2%/100.0%
[R5] pos=(1643,1425) state=exploring leader=None trust=1.00 susp=0.00 cov=42.2%/100.0%
[R5] pos=(1643,1425) state=exploring leader=None trust=1.00 susp=0.00 cov=42.2%/100.0%
[R5] pos=(1643,1425) state=exploring leader=None trust=1.00 susp=0.00 cov=42.2%/100.0%
[R5] pos=(1643,1425) state=exploring leader=None trust=1.00 susp=0.00 cov=42.2%/100.0%
[R5] pos=(1640,1425) state=exploring leader=None trust=1.00 susp=0.00 cov=42.2%/100.0%
[R5] pos=(1640,1425) state=exploring leader=None trust=1.00 susp=0.00 cov=42.2%/100.0%
[R5] pos=(1759,1425) state=exploring leader=None trust=1.00 susp=0.00 cov=42.2%/100.0%
[R5] pos=(1636,1425) state=exploring leader=None trust=1.00 susp=0.00 cov=42.2%/100.0%
[R5] pos=(1636,1425) state=exploring leader=None trust=1.00 susp=0.00 cov=42.2%/100.0%
[R5] pos=(1634,1425) state=exploring leader=None trust=1.00 susp=0.00 cov=42.2%/100.0%
[R5] pos=(1720,1425) state=exploring leader=None trust=1.00 susp=0.00 cov=42.2%/100.0%
[R5] pos=(1715,1425) state=exploring leader=None trust=1.00 susp=0.00 cov=42.2%/100.0%
[R5] pos=(1626,1425) state=exploring leader=None trust=1.00 susp=0.00 cov=42.2%/100.0%
[R5] pos=(1707,1425) state=exploring leader=None trust=1.00 susp=0.00 cov=42.2%/100.0%
[R5] pos=(1730,1425) state=exploring leader=None trust=1.00 susp=0.00 cov=42.2%/100.0%
[R5] pos=(1609,1425) state=exploring leader=None trust=1.00 susp=0.00 cov=42.2%/100.0%
[R5] pos=(1730,1425) state=exploring leader=None trust=1.00 susp=0.00 cov=42.2%/100.0%
[R5] pos=(1756,1425) state=exploring leader=None trust=1.00 susp=0.00 cov=42.2%/100.0%
[R5] pos=(1658,1425) state=exploring leader=None trust=1.00 susp=0.00 cov=42.2%/100.0%
[R5] pos=(1732,1425) state=exploring leader=None trust=1.00 susp=0.00 cov=42.2%/100.0%
[R5] pos=(1628,1425) state=exploring leader=None trust=1.00 susp=0.00 cov=42.2%/100.0%
[R5] pos=(1715,1425) state=exploring leader=None trust=1.00 susp=0.00 cov=42.2%/100.0%
[R5] pos=(1626,1425) state=exploring leader=None trust=1.00 susp=0.00 cov=42.2%/100.0%
[R5] pos=(1640,1425) state=exploring leader=None trust=1.00 susp=0.00 cov=42.2%/100.0%
[R5] pos=(1657,1425) state=exploring leader=None trust=1.00 susp=0.00 cov=42.2%/100.0%
[R5] pos=(1758,1425) state=exploring leader=None trust=1.00 susp=0.00 cov=42.2%/100.0%
[R5] pos=(1768,1425) state=exploring leader=None trust=1.00 susp=0.00 cov=42.2%/100.0%
[R5] pos=(1662,1425) state=exploring leader=None trust=1.00 susp=0.00 cov=42.2%/100.0%
[R5] pos=(1635,1425) state=exploring leader=None trust=1.00 susp=0.00 cov=42.2%/100.0%
[R5] pos=(1635,1425) state=exploring leader=None trust=1.00 susp=0.00 cov=42.2%/100.0%
[R5] pos=(1756,1425) state=exploring leader=None trust=1.00 susp=0.00 cov=42.2%/100.0%
[R5] pos=(1755,1425) state=exploring leader=None trust=1.00 susp=0.00 cov=42.2%/100.0%
