[WARN] Hardware modules not available - simulation mode
=== RAFT Baseline - Robot 3 [SIM] ===
NO TRUST. Heartbeat timeout only.

  Logging to: logs/raft_3_20260226_002607.jsonl
Initializing hardware...
  Hardware: SIMULATED
[INFO] Position socket listening on port 12103
[INFO] Peer socket listening on port 12203
[INFO] Fault socket listening on port 12303
Ready!

Running RAFT baseline... Press Ctrl+C to stop

[R3] state=follower leader=None term=0 cov=0.0%/0.0%
[R3] state=follower leader=4 term=1 cov=0.5%/0.5%
[R3] state=follower leader=4 term=1 cov=1.6%/7.8%
[R3] state=follower leader=4 term=1 cov=2.1%/11.5%
[R3] state=follower leader=4 term=1 cov=2.6%/16.1%
[R3] state=follower leader=4 term=1 cov=3.6%/20.3%
[R3] state=follower leader=4 term=1 cov=4.2%/24.0%
[R3] state=follower leader=4 term=1 cov=4.7%/27.6%
[R3] state=follower leader=4 term=1 cov=5.7%/31.2%
[R3] state=follower leader=4 term=1 cov=6.2%/34.4%
[R3] state=follower leader=4 term=1 cov=7.3%/38.5%
[R3] state=follower leader=4 term=1 cov=8.3%/41.1%
[R3] state=follower leader=4 term=1 cov=8.9%/44.3%
[R3] state=follower leader=4 term=1 cov=9.4%/48.4%
[R3] state=follower leader=4 term=1 cov=10.4%/51.6%
[R3] state=follower leader=4 term=1 cov=10.9%/55.7%
[R3] state=follower leader=4 term=1 cov=12.0%/60.4%
[R3] state=follower leader=4 term=1 cov=12.5%/63.5%
[R3] state=follower leader=4 term=1 cov=13.5%/66.1%
[R3] state=follower leader=4 term=1 cov=14.1%/68.8%
[R3] state=follower leader=4 term=1 cov=15.1%/72.9%
[R3] state=follower leader=4 term=1 cov=15.6%/75.5%
[R3] state=follower leader=4 term=1 cov=16.7%/78.1%
[R3] state=follower leader=4 term=1 cov=17.2%/80.7%
[R3] state=follower leader=4 term=1 cov=17.7%/83.3%
[R3] state=follower leader=4 term=1 cov=18.8%/85.4%
[R3] state=follower leader=4 term=1 cov=19.8%/89.1%
[R3] state=follower leader=4 term=1 cov=20.3%/90.6%
[R3] state=follower leader=4 term=1 cov=21.9%/92.7%
[R3] state=follower leader=4 term=1 cov=22.9%/95.8%
[R3] state=follower leader=4 term=1 cov=24.0%/96.9%
[R3] state=follower leader=4 term=1 cov=24.5%/99.0%
[R3] state=follower leader=4 term=1 cov=24.5%/99.5%
[R3] state=follower leader=4 term=1 cov=24.5%/100.0%
[R3] state=follower leader=4 term=1 cov=24.5%/100.0%
[R3] state=follower leader=4 term=1 cov=24.5%/100.0%
[R3] state=follower leader=4 term=1 cov=24.5%/100.0%
[R3] state=follower leader=4 term=1 cov=24.5%/100.0%
[R3] state=follower leader=4 term=1 cov=24.5%/100.0%
[R3] state=follower leader=4 term=1 cov=24.5%/100.0%
[R3] state=follower leader=4 term=1 cov=24.5%/100.0%
[R3] state=follower leader=4 term=1 cov=24.5%/100.0%
[R3] state=follower leader=4 term=1 cov=24.5%/100.0%
[R3] state=follower leader=4 term=1 cov=24.5%/100.0%
[R3] state=follower leader=4 term=1 cov=24.5%/100.0%
[R3] state=follower leader=4 term=1 cov=24.5%/100.0%
[R3] state=follower leader=4 term=1 cov=24.5%/100.0%
[R3] state=follower leader=4 term=1 cov=24.5%/100.0%
[R3] state=follower leader=4 term=1 cov=24.5%/100.0%
[R3] state=follower leader=4 term=1 cov=24.5%/100.0%
[R3] state=follower leader=4 term=1 cov=24.5%/100.0%
[R3] state=follower leader=4 term=1 cov=24.5%/100.0%
[R3] state=follower leader=4 term=1 cov=24.5%/100.0%
[R3] state=follower leader=4 term=1 cov=24.5%/100.0%
[R3] state=follower leader=4 term=1 cov=24.5%/100.0%
[R3] state=follower leader=4 term=1 cov=24.5%/100.0%
[R3] state=follower leader=4 term=1 cov=24.5%/100.0%
[R3] state=follower leader=4 term=1 cov=24.5%/100.0%
[R3] state=follower leader=4 term=1 cov=24.5%/100.0%
[R3] state=follower leader=4 term=1 cov=24.5%/100.0%
[R3] state=follower leader=4 term=1 cov=24.5%/100.0%
