[WARN] Hardware modules not available - simulation mode
=== RAFT Baseline - Robot 3 [SIM] ===
NO TRUST. Heartbeat timeout only.

  Logging to: logs/raft_3_20260226_163422.jsonl
Initializing hardware...
  Hardware: SIMULATED
[INFO] Position socket listening on port 16103
[INFO] Peer socket listening on port 16203
[INFO] Fault socket listening on port 16303
Ready!

Running RAFT baseline... Press Ctrl+C to stop

[R3] state=follower leader=None term=0 cov=0.0%/0.0%
[R3] state=follower leader=2 term=1 cov=0.5%/0.5%
[R3] state=follower leader=2 term=1 cov=2.1%/9.9%
[R3] state=follower leader=2 term=1 cov=5.7%/22.4%
[R3] state=follower leader=2 term=1 cov=7.8%/31.8%
[R3] state=follower leader=2 term=1 cov=10.9%/44.8%
[R3] state=follower leader=2 term=1 cov=13.0%/51.0%
[R3] state=follower leader=2 term=1 cov=15.6%/63.0%
[R3] state=follower leader=2 term=1 cov=19.3%/80.2%
[R3] state=follower leader=2 term=1 cov=21.4%/88.0%
[R3] state=follower leader=2 term=1 cov=24.0%/95.8%
[R3] state=follower leader=2 term=1 cov=25.5%/97.9%
[R3] state=follower leader=2 term=1 cov=26.6%/99.5%
[R3] state=follower leader=2 term=1 cov=26.6%/100.0%
[R3] state=follower leader=2 term=1 cov=26.6%/100.0%
[R3] state=follower leader=2 term=1 cov=26.6%/100.0%
[R3] state=follower leader=2 term=1 cov=26.6%/100.0%
[R3] state=follower leader=2 term=1 cov=26.6%/100.0%
[R3] state=follower leader=2 term=1 cov=26.6%/100.0%
[R3] state=follower leader=2 term=1 cov=26.6%/100.0%
[R3] state=follower leader=2 term=1 cov=26.6%/100.0%
[R3] state=follower leader=2 term=1 cov=26.6%/100.0%
[R3] state=follower leader=2 term=1 cov=26.6%/100.0%
[R3] state=follower leader=2 term=1 cov=26.6%/100.0%
[R3] state=follower leader=2 term=1 cov=26.6%/100.0%
[R3] state=follower leader=2 term=1 cov=26.6%/100.0%
[R3] state=follower leader=2 term=1 cov=26.6%/100.0%
[R3] state=follower leader=2 term=1 cov=26.6%/100.0%
[R3] state=follower leader=2 term=1 cov=26.6%/100.0%
[R3] state=follower leader=2 term=1 cov=26.6%/100.0%
[R3] state=follower leader=2 term=1 cov=26.6%/100.0%
[R3] state=follower leader=2 term=1 cov=26.6%/100.0%
[R3] state=follower leader=2 term=1 cov=26.6%/100.0%
[R3] state=follower leader=2 term=1 cov=26.6%/100.0%
[R3] state=follower leader=2 term=1 cov=26.6%/100.0%
[R3] state=follower leader=2 term=1 cov=26.6%/100.0%
[R3] state=follower leader=2 term=1 cov=26.6%/100.0%
[R3] state=follower leader=2 term=1 cov=26.6%/100.0%
[R3] state=follower leader=2 term=1 cov=26.6%/100.0%
[R3] state=follower leader=2 term=1 cov=26.6%/100.0%
[R3] state=follower leader=2 term=1 cov=26.6%/100.0%
[R3] state=follower leader=2 term=1 cov=26.6%/100.0%
[R3] state=follower leader=2 term=1 cov=26.6%/100.0%
[R3] state=follower leader=2 term=1 cov=26.6%/100.0%
[R3] state=follower leader=2 term=1 cov=26.6%/100.0%
[R3] state=follower leader=2 term=1 cov=26.6%/100.0%
[R3] state=follower leader=2 term=1 cov=26.6%/100.0%
[R3] state=follower leader=2 term=1 cov=26.6%/100.0%
[R3] state=follower leader=2 term=1 cov=26.6%/100.0%
[R3] state=follower leader=2 term=1 cov=26.6%/100.0%
[R3] state=follower leader=2 term=1 cov=26.6%/100.0%
[R3] state=follower leader=2 term=1 cov=26.6%/100.0%
[R3] state=follower leader=2 term=1 cov=26.6%/100.0%
[R3] state=follower leader=2 term=1 cov=26.6%/100.0%
[R3] state=follower leader=2 term=1 cov=26.6%/100.0%
[R3] state=follower leader=2 term=1 cov=26.6%/100.0%
[R3] state=follower leader=2 term=1 cov=26.6%/100.0%
[R3] state=follower leader=2 term=1 cov=26.6%/100.0%
[R3] state=follower leader=2 term=1 cov=26.6%/100.0%
[R3] state=follower leader=2 term=1 cov=26.6%/100.0%
[R3] state=follower leader=2 term=1 cov=26.6%/100.0%
[R3] state=follower leader=2 term=1 cov=26.6%/100.0%
[R3] state=follower leader=2 term=1 cov=26.6%/100.0%
[R3] state=follower leader=2 term=1 cov=26.6%/100.0%
[R3] state=follower leader=2 term=1 cov=26.6%/100.0%
[R3] state=follower leader=2 term=1 cov=26.6%/100.0%
[R3] state=follower leader=2 term=1 cov=26.6%/100.0%
[R3] state=follower leader=2 term=1 cov=26.6%/100.0%
[R3] state=follower leader=2 term=1 cov=26.6%/100.0%
[R3] state=follower leader=2 term=1 cov=26.6%/100.0%
