[WARN] Hardware modules not available - simulation mode
=== RAFT Baseline - Robot 2 [SIM] ===
NO TRUST. Heartbeat timeout only.

  Logging to: logs/raft_2_20260226_204104.jsonl
Initializing hardware...
  Hardware: SIMULATED
[INFO] Position socket listening on port 18102
[INFO] Peer socket listening on port 18202
[INFO] Fault socket listening on port 18302
Ready!

Running RAFT baseline... Press Ctrl+C to stop

[R2] state=follower leader=None term=0 cov=0.0%/0.0%
[R2] state=follower leader=4 term=1 cov=0.5%/0.5%
[R2] state=follower leader=4 term=1 cov=2.6%/13.5%
[R2] state=follower leader=4 term=1 cov=4.7%/22.9%
[R2] state=follower leader=4 term=1 cov=7.8%/35.4%
[R2] state=follower leader=4 term=1 cov=9.4%/41.7%
[R2] state=follower leader=4 term=1 cov=9.9%/45.8%
[R2] state=follower leader=4 term=1 cov=10.4%/48.4%
[R2] state=follower leader=4 term=1 cov=10.4%/50.5%
[R2] state=follower leader=4 term=1 cov=10.9%/54.7%
[R2] state=follower leader=4 term=1 cov=10.9%/60.4%
[R2] state=follower leader=4 term=1 cov=11.5%/65.1%
[R2] state=follower leader=4 term=1 cov=11.5%/69.3%
[R2] state=follower leader=4 term=1 cov=11.5%/75.5%
[R2] state=follower leader=4 term=1 cov=11.5%/81.8%
[R2] state=follower leader=4 term=1 cov=12.0%/85.4%
[R2] state=follower leader=4 term=1 cov=12.0%/90.6%
[R2] state=follower leader=4 term=1 cov=12.0%/97.4%
[R2] state=follower leader=4 term=1 cov=12.0%/99.5%
[R2] state=follower leader=4 term=1 cov=12.5%/99.5%
[R2] state=follower leader=4 term=1 cov=12.5%/99.5%
[R2] state=follower leader=4 term=1 cov=13.0%/99.5%
[R2] state=follower leader=4 term=1 cov=16.1%/100.0%
[R2] state=follower leader=4 term=1 cov=17.2%/100.0%
[R2] state=follower leader=4 term=1 cov=17.2%/100.0%
[R2] state=follower leader=4 term=1 cov=17.2%/100.0%
[R2] state=follower leader=4 term=1 cov=17.2%/100.0%
[R2] state=follower leader=4 term=1 cov=17.2%/100.0%
[R2] state=follower leader=4 term=1 cov=17.2%/100.0%
[R2] state=follower leader=4 term=1 cov=17.2%/100.0%
[R2] state=follower leader=4 term=1 cov=17.2%/100.0%
[R2] state=follower leader=4 term=1 cov=17.2%/100.0%
[R2] state=follower leader=4 term=1 cov=17.2%/100.0%
[R2] state=follower leader=4 term=1 cov=17.2%/100.0%
[R2] state=follower leader=4 term=1 cov=17.2%/100.0%
[R2] state=follower leader=4 term=1 cov=17.2%/100.0%
[R2] state=follower leader=4 term=1 cov=17.2%/100.0%
[R2] state=follower leader=4 term=1 cov=17.2%/100.0%
[R2] state=follower leader=4 term=1 cov=17.2%/100.0%
[R2] state=follower leader=4 term=1 cov=17.2%/100.0%
[R2] state=follower leader=4 term=1 cov=17.2%/100.0%
[R2] state=follower leader=4 term=1 cov=17.2%/100.0%
[R2] state=follower leader=4 term=1 cov=17.2%/100.0%
[R2] state=follower leader=4 term=1 cov=17.2%/100.0%
[R2] state=follower leader=4 term=1 cov=17.2%/100.0%
[R2] state=follower leader=4 term=1 cov=17.2%/100.0%
[R2] state=follower leader=4 term=1 cov=17.2%/100.0%
[R2] state=follower leader=4 term=1 cov=17.2%/100.0%
[R2] state=follower leader=4 term=1 cov=17.2%/100.0%
[R2] state=follower leader=4 term=1 cov=17.2%/100.0%
[R2] state=follower leader=4 term=1 cov=17.2%/100.0%
[R2] state=follower leader=4 term=1 cov=17.2%/100.0%
[R2] state=follower leader=4 term=1 cov=17.2%/100.0%
[R2] state=follower leader=4 term=1 cov=17.2%/100.0%
[R2] state=follower leader=4 term=1 cov=17.2%/100.0%
[R2] state=follower leader=4 term=1 cov=17.2%/100.0%
[R2] state=follower leader=4 term=1 cov=17.2%/100.0%
[R2] state=follower leader=4 term=1 cov=17.2%/100.0%
[R2] state=follower leader=4 term=1 cov=17.2%/100.0%
[R2] state=follower leader=4 term=1 cov=17.2%/100.0%
[R2] state=follower leader=4 term=1 cov=17.2%/100.0%
