[WARN] Hardware modules not available - running in simulation mode
=== REIP Node - Robot 2 [SIM (unique ports)] ===
Trust Model: Three-tier confidence-weighted
  Personal: 1.0, ToF: 1.0, Peer: 0.3
  Suspicion threshold: 1.5, Recovery: 0.1

  Logging to: logs/robot_2_20260226_212804.jsonl
Initializing hardware...
  Hardware: SIMULATED
[INFO] Position socket listening on port 12102
[INFO] Peer socket listening on port 12202
[INFO] Fault socket listening on port 12302
Ready!

=== DECENTRALIZED MODE - No leader coordination ===
=== Detection Bounds: T1=2 cmds, T3=8 cmds | Impeachment: T1=8 cmds, T3=32 cmds ===
Running... Press Ctrl+C to stop

[R2] pos=(0,0) state=exploring leader=None trust=1.00 susp=0.00 cov=0.0%/0.0%
[R2] pos=(537,593) state=exploring leader=None trust=1.00 susp=0.00 cov=0.5%/0.5%
[R2] pos=(396,362) state=exploring leader=None trust=1.00 susp=0.00 cov=3.1%/17.2%
[R2] pos=(552,166) state=exploring leader=None trust=1.00 susp=0.00 cov=6.2%/29.2%
[R2] pos=(835,75) state=exploring leader=None trust=1.00 susp=0.00 cov=8.9%/39.1%
[R2] pos=(822,595) state=exploring leader=None trust=1.00 susp=0.00 cov=10.4%/47.9%
[R2] pos=(907,937) state=exploring leader=None trust=1.00 susp=0.00 cov=12.5%/52.1%
[R2] pos=(907,580) state=exploring leader=None trust=1.00 susp=0.00 cov=14.1%/58.3%
[R2] pos=(921,75) state=exploring leader=None trust=1.00 susp=0.00 cov=15.6%/65.6%
[R2] pos=(921,275) state=exploring leader=None trust=1.00 susp=0.00 cov=15.6%/69.3%
[R2] pos=(921,883) state=exploring leader=None trust=1.00 susp=0.00 cov=15.6%/77.6%
[R2] pos=(921,1264) state=exploring leader=None trust=1.00 susp=0.00 cov=17.2%/84.9%
[R2] pos=(1838,1031) state=exploring leader=None trust=1.00 susp=0.00 cov=21.9%/88.5%
[R2] pos=(1925,1425) state=exploring leader=None trust=1.00 susp=0.00 cov=24.5%/97.4%
[R2] pos=(1923,588) state=exploring leader=None trust=1.00 susp=0.00 cov=26.0%/100.0%
[R2] pos=(1923,588) state=exploring leader=None trust=1.00 susp=0.00 cov=26.0%/100.0%
[R2] pos=(1925,488) state=exploring leader=None trust=1.00 susp=0.00 cov=26.6%/100.0%
[R2] pos=(1925,363) state=exploring leader=None trust=1.00 susp=0.00 cov=27.1%/100.0%
[R2] pos=(1925,363) state=exploring leader=None trust=1.00 susp=0.00 cov=27.1%/100.0%
[R2] pos=(1925,363) state=exploring leader=None trust=1.00 susp=0.00 cov=27.1%/100.0%
[R2] pos=(1925,363) state=exploring leader=None trust=1.00 susp=0.00 cov=27.1%/100.0%
[R2] pos=(1925,363) state=exploring leader=None trust=1.00 susp=0.00 cov=27.1%/100.0%
[R2] pos=(1925,238) state=exploring leader=None trust=1.00 susp=0.00 cov=27.6%/100.0%
[R2] pos=(1925,238) state=exploring leader=None trust=1.00 susp=0.00 cov=27.6%/100.0%
[R2] pos=(1925,238) state=exploring leader=None trust=1.00 susp=0.00 cov=27.6%/100.0%
[R2] pos=(1925,238) state=exploring leader=None trust=1.00 susp=0.00 cov=27.6%/100.0%
[R2] pos=(1925,238) state=exploring leader=None trust=1.00 susp=0.00 cov=27.6%/100.0%
[R2] pos=(1925,238) state=exploring leader=None trust=1.00 susp=0.00 cov=27.6%/100.0%
[R2] pos=(1925,238) state=exploring leader=None trust=1.00 susp=0.00 cov=27.6%/100.0%
[R2] pos=(1925,238) state=exploring leader=None trust=1.00 susp=0.00 cov=27.6%/100.0%
[R2] pos=(1925,238) state=exploring leader=None trust=1.00 susp=0.00 cov=27.6%/100.0%
[R2] pos=(1925,238) state=exploring leader=None trust=1.00 susp=0.00 cov=27.6%/100.0%
[R2] pos=(1925,75) state=exploring leader=None trust=1.00 susp=0.00 cov=28.1%/100.0%
[R2] pos=(1925,75) state=exploring leader=None trust=1.00 susp=0.00 cov=28.1%/100.0%
[R2] pos=(1925,75) state=exploring leader=None trust=1.00 susp=0.00 cov=28.1%/100.0%
[R2] pos=(1925,75) state=exploring leader=None trust=1.00 susp=0.00 cov=28.1%/100.0%
[R2] pos=(1925,75) state=exploring leader=None trust=1.00 susp=0.00 cov=28.1%/100.0%
[R2] pos=(1925,75) state=exploring leader=None trust=1.00 susp=0.00 cov=28.1%/100.0%
[R2] pos=(1925,75) state=exploring leader=None trust=1.00 susp=0.00 cov=28.1%/100.0%
[R2] pos=(1925,75) state=exploring leader=None trust=1.00 susp=0.00 cov=28.1%/100.0%
[R2] pos=(1925,75) state=exploring leader=None trust=1.00 susp=0.00 cov=28.1%/100.0%
[R2] pos=(1925,75) state=exploring leader=None trust=1.00 susp=0.00 cov=28.1%/100.0%
[R2] pos=(1925,75) state=exploring leader=None trust=1.00 susp=0.00 cov=28.1%/100.0%
[R2] pos=(1925,75) state=exploring leader=None trust=1.00 susp=0.00 cov=28.1%/100.0%
[R2] pos=(1925,75) state=exploring leader=None trust=1.00 susp=0.00 cov=28.1%/100.0%
[R2] pos=(1925,75) state=exploring leader=None trust=1.00 susp=0.00 cov=28.1%/100.0%
[R2] pos=(1925,75) state=exploring leader=None trust=1.00 susp=0.00 cov=28.1%/100.0%
[R2] pos=(1925,75) state=exploring leader=None trust=1.00 susp=0.00 cov=28.1%/100.0%
[R2] pos=(1925,75) state=exploring leader=None trust=1.00 susp=0.00 cov=28.1%/100.0%
[R2] pos=(1925,75) state=exploring leader=None trust=1.00 susp=0.00 cov=28.1%/100.0%
[R2] pos=(1925,75) state=exploring leader=None trust=1.00 susp=0.00 cov=28.1%/100.0%
[R2] pos=(1925,75) state=exploring leader=None trust=1.00 susp=0.00 cov=28.1%/100.0%
[R2] pos=(1925,75) state=exploring leader=None trust=1.00 susp=0.00 cov=28.1%/100.0%
[R2] pos=(1925,75) state=exploring leader=None trust=1.00 susp=0.00 cov=28.1%/100.0%
[R2] pos=(1925,75) state=exploring leader=None trust=1.00 susp=0.00 cov=28.1%/100.0%
[R2] pos=(1925,75) state=exploring leader=None trust=1.00 susp=0.00 cov=28.1%/100.0%
[R2] pos=(1925,75) state=exploring leader=None trust=1.00 susp=0.00 cov=28.1%/100.0%
[R2] pos=(1925,75) state=exploring leader=None trust=1.00 susp=0.00 cov=28.1%/100.0%
[R2] pos=(1925,75) state=exploring leader=None trust=1.00 susp=0.00 cov=28.1%/100.0%
[R2] pos=(1925,75) state=exploring leader=None trust=1.00 susp=0.00 cov=28.1%/100.0%
[R2] pos=(1925,75) state=exploring leader=None trust=1.00 susp=0.00 cov=28.1%/100.0%
