[WARN] Hardware modules not available - simulation mode
=== RAFT Baseline - Robot 2 [SIM] ===
NO TRUST. Heartbeat timeout only.

  Logging to: logs/raft_2_20260226_212108.jsonl
Initializing hardware...
  Hardware: SIMULATED
[INFO] Position socket listening on port 22102
[INFO] Peer socket listening on port 22202
[INFO] Fault socket listening on port 22302
Ready!

Running RAFT baseline... Press Ctrl+C to stop

[R2] state=follower leader=None term=0 cov=0.0%/0.0%
[R2] state=follower leader=4 term=1 cov=0.5%/0.5%
[R2] state=follower leader=4 term=1 cov=3.1%/13.5%
[R2] state=follower leader=4 term=1 cov=5.2%/21.4%
[R2] state=follower leader=4 term=1 cov=7.3%/29.7%
[R2] state=follower leader=4 term=1 cov=10.4%/38.0%
[R2] state=follower leader=4 term=1 cov=12.5%/44.3%
[R2] state=follower leader=4 term=1 cov=13.0%/45.8%
[R2] state=follower leader=4 term=1 cov=13.5%/46.9%
[R2] state=follower leader=4 term=1 cov=14.1%/47.9%
[R2] state=follower leader=4 term=1 cov=14.1%/51.0%
[R2] state=follower leader=4 term=1 cov=14.1%/51.0%
[R2] state=follower leader=4 term=1 cov=14.1%/51.0%
[R2] state=follower leader=4 term=1 cov=14.1%/51.0%
[R2] state=follower leader=4 term=1 cov=14.1%/51.0%
[R2] state=follower leader=4 term=1 cov=14.1%/51.0%
[R2] state=follower leader=4 term=1 cov=14.1%/51.0%
[R2] state=follower leader=4 term=1 cov=14.1%/51.0%
[R2] state=follower leader=4 term=1 cov=14.1%/51.0%
[R2] state=follower leader=4 term=1 cov=14.1%/51.0%
[R2] state=follower leader=4 term=1 cov=14.1%/51.0%
[R2] state=follower leader=4 term=1 cov=14.1%/51.0%
[R2] state=follower leader=4 term=1 cov=14.1%/51.0%
[R2] state=follower leader=4 term=1 cov=14.1%/51.0%
[R2] state=follower leader=4 term=1 cov=14.1%/51.0%
[R2] state=follower leader=4 term=1 cov=14.1%/51.0%
[R2] state=follower leader=4 term=1 cov=14.1%/51.0%
[R2] state=follower leader=4 term=1 cov=14.1%/51.0%
[R2] state=follower leader=4 term=1 cov=14.1%/51.0%
[R2] state=follower leader=4 term=1 cov=14.1%/51.0%
[R2] state=follower leader=4 term=1 cov=14.1%/51.0%
[R2] state=follower leader=4 term=1 cov=14.1%/51.0%
[R2] state=follower leader=4 term=1 cov=14.1%/51.0%
[R2] state=follower leader=4 term=1 cov=14.1%/51.0%
[R2] state=follower leader=4 term=1 cov=14.1%/51.0%
[R2] state=follower leader=4 term=1 cov=14.1%/51.0%
[R2] state=follower leader=4 term=1 cov=14.1%/51.0%
[R2] state=follower leader=4 term=1 cov=14.1%/51.0%
[R2] state=follower leader=4 term=1 cov=14.1%/51.0%
[R2] state=follower leader=4 term=1 cov=14.1%/51.0%
[R2] state=follower leader=4 term=1 cov=14.1%/51.0%
[R2] state=follower leader=4 term=1 cov=14.1%/51.0%
[R2] state=follower leader=4 term=1 cov=14.1%/51.0%
[R2] state=follower leader=4 term=1 cov=14.1%/51.0%
[R2] state=follower leader=4 term=1 cov=14.1%/51.0%
[R2] state=follower leader=4 term=1 cov=14.1%/51.0%
[R2] state=follower leader=4 term=1 cov=14.1%/51.0%
[R2] state=follower leader=4 term=1 cov=14.1%/51.0%
[R2] state=follower leader=4 term=1 cov=14.1%/51.0%
[R2] state=follower leader=4 term=1 cov=14.1%/52.1%
[R2] state=follower leader=4 term=1 cov=14.1%/53.1%
[R2] state=follower leader=4 term=1 cov=14.1%/54.7%
[R2] state=follower leader=4 term=1 cov=14.1%/55.2%
[R2] state=follower leader=4 term=1 cov=14.1%/55.2%
[R2] state=follower leader=4 term=1 cov=14.1%/55.2%
[R2] state=follower leader=4 term=1 cov=14.1%/55.2%
[R2] state=follower leader=4 term=1 cov=14.1%/55.2%
[R2] state=follower leader=4 term=1 cov=14.1%/55.2%
[R2] state=follower leader=4 term=1 cov=14.1%/56.2%
[R2] state=follower leader=4 term=1 cov=14.1%/56.2%
[R2] state=follower leader=4 term=1 cov=14.1%/56.2%
[R2] state=follower leader=4 term=1 cov=14.1%/56.2%
[R2] state=follower leader=4 term=1 cov=14.1%/56.2%
[R2] state=follower leader=4 term=1 cov=14.1%/56.2%
