[WARN] Hardware modules not available - simulation mode
=== RAFT Baseline - Robot 1 [SIM] ===
NO TRUST. Heartbeat timeout only.

  Logging to: logs/raft_1_20260226_213456.jsonl
Initializing hardware...
  Hardware: SIMULATED
[INFO] Position socket listening on port 22101
[INFO] Peer socket listening on port 22201
[INFO] Fault socket listening on port 22301
Ready!

Running RAFT baseline... Press Ctrl+C to stop

[R1] state=follower leader=None term=0 cov=0.0%/0.0%
[RAFT] Starting election, term 1
[RAFT] Became leader, term 1
[R1] state=leader leader=1 term=1 cov=0.5%/0.5%
[R1] state=leader leader=1 term=1 cov=3.1%/14.1%
[R1] state=leader leader=1 term=1 cov=5.7%/22.9%
[R1] state=leader leader=1 term=1 cov=8.9%/31.2%
[R1] state=leader leader=1 term=1 cov=9.9%/41.7%
[R1] state=leader leader=1 term=1 cov=13.0%/46.4%
[FAULT] Injected: spin
[R1] state=leader leader=1 term=1 cov=13.0%/49.5%
[R1] state=leader leader=1 term=1 cov=13.0%/51.6%
[R1] state=leader leader=1 term=1 cov=13.0%/54.7%
[R1] state=leader leader=1 term=1 cov=13.0%/59.4%
[R1] state=leader leader=1 term=1 cov=13.0%/63.0%
[R1] state=leader leader=1 term=1 cov=13.0%/68.2%
[R1] state=leader leader=1 term=1 cov=13.0%/72.4%
[R1] state=leader leader=1 term=1 cov=13.0%/76.0%
[R1] state=leader leader=1 term=1 cov=13.0%/79.7%
[R1] state=leader leader=1 term=1 cov=13.0%/80.7%
[R1] state=leader leader=1 term=1 cov=13.0%/85.4%
[R1] state=leader leader=1 term=1 cov=13.0%/91.1%
[R1] state=leader leader=1 term=1 cov=13.0%/95.3%
[R1] state=leader leader=1 term=1 cov=13.0%/98.4%
[R1] state=leader leader=1 term=1 cov=13.0%/99.0%
[R1] state=leader leader=1 term=1 cov=13.0%/99.0%
[R1] state=leader leader=1 term=1 cov=13.0%/99.0%
[R1] state=leader leader=1 term=1 cov=13.0%/99.0%
[R1] state=leader leader=1 term=1 cov=13.0%/99.0%
[R1] state=leader leader=1 term=1 cov=13.0%/99.0%
[R1] state=leader leader=1 term=1 cov=13.0%/99.0%
[R1] state=leader leader=1 term=1 cov=13.0%/99.0%
[R1] state=leader leader=1 term=1 cov=13.0%/99.0%
[R1] state=leader leader=1 term=1 cov=13.0%/99.0%
[R1] state=leader leader=1 term=1 cov=13.0%/99.0%
[R1] state=leader leader=1 term=1 cov=13.0%/99.0%
[R1] state=leader leader=1 term=1 cov=13.0%/99.0%
[R1] state=leader leader=1 term=1 cov=13.0%/99.0%
[R1] state=leader leader=1 term=1 cov=13.0%/99.0%
[R1] state=leader leader=1 term=1 cov=13.0%/99.0%
[R1] state=leader leader=1 term=1 cov=13.0%/99.0%
[R1] state=leader leader=1 term=1 cov=13.0%/99.0%
[R1] state=leader leader=1 term=1 cov=13.0%/99.0%
[R1] state=leader leader=1 term=1 cov=13.0%/99.0%
[R1] state=leader leader=1 term=1 cov=13.0%/99.0%
[R1] state=leader leader=1 term=1 cov=13.0%/99.0%
[R1] state=leader leader=1 term=1 cov=13.0%/99.0%
[R1] state=leader leader=1 term=1 cov=13.0%/99.0%
[R1] state=leader leader=1 term=1 cov=13.0%/99.0%
[R1] state=leader leader=1 term=1 cov=13.0%/99.0%
[R1] state=leader leader=1 term=1 cov=13.0%/99.0%
[R1] state=leader leader=1 term=1 cov=13.0%/99.0%
[R1] state=leader leader=1 term=1 cov=13.0%/99.0%
[R1] state=leader leader=1 term=1 cov=13.0%/99.0%
[R1] state=leader leader=1 term=1 cov=13.0%/99.0%
[R1] state=leader leader=1 term=1 cov=13.0%/99.0%
[R1] state=leader leader=1 term=1 cov=13.0%/99.0%
[R1] state=leader leader=1 term=1 cov=13.0%/99.0%
[R1] state=leader leader=1 term=1 cov=13.0%/99.0%
[R1] state=leader leader=1 term=1 cov=13.0%/99.0%
[R1] state=leader leader=1 term=1 cov=13.0%/99.0%
[R1] state=leader leader=1 term=1 cov=13.0%/99.0%
[R1] state=leader leader=1 term=1 cov=13.0%/99.0%
[R1] state=leader leader=1 term=1 cov=13.0%/99.0%
[R1] state=leader leader=1 term=1 cov=13.0%/99.0%
