[WARN] Hardware modules not available - simulation mode
=== RAFT Baseline - Robot 2 [SIM] ===
NO TRUST. Heartbeat timeout only.

  Logging to: logs/raft_2_20260226_191354.jsonl
Initializing hardware...
  Hardware: SIMULATED
[INFO] Position socket listening on port 6102
[INFO] Peer socket listening on port 6202
[INFO] Fault socket listening on port 6302
Ready!

Running RAFT baseline... Press Ctrl+C to stop

[R2] state=follower leader=None term=0 cov=0.0%/0.0%
[RAFT] Starting election, term 1
[RAFT] Became leader, term 1
[R2] state=leader leader=2 term=1 cov=0.5%/0.5%
[R2] state=leader leader=2 term=1 cov=3.6%/14.1%
[R2] state=leader leader=2 term=1 cov=6.8%/26.0%
[R2] state=leader leader=2 term=1 cov=9.9%/38.0%
[R2] state=leader leader=2 term=1 cov=11.5%/48.4%
[R2] state=leader leader=2 term=1 cov=12.5%/53.1%
[R2] state=leader leader=2 term=1 cov=15.6%/60.9%
[R2] state=leader leader=2 term=1 cov=17.7%/70.3%
[R2] state=leader leader=2 term=1 cov=20.8%/78.1%
[R2] state=leader leader=2 term=1 cov=24.0%/88.0%
[R2] state=leader leader=2 term=1 cov=27.1%/97.4%
[R2] state=leader leader=2 term=1 cov=29.7%/99.5%
[R2] state=leader leader=2 term=1 cov=30.7%/100.0%
[R2] state=leader leader=2 term=1 cov=30.7%/100.0%
[R2] state=leader leader=2 term=1 cov=30.7%/100.0%
[R2] state=leader leader=2 term=1 cov=30.7%/100.0%
[R2] state=leader leader=2 term=1 cov=30.7%/100.0%
[R2] state=leader leader=2 term=1 cov=30.7%/100.0%
[R2] state=leader leader=2 term=1 cov=30.7%/100.0%
[R2] state=leader leader=2 term=1 cov=30.7%/100.0%
[R2] state=leader leader=2 term=1 cov=30.7%/100.0%
[R2] state=leader leader=2 term=1 cov=30.7%/100.0%
[R2] state=leader leader=2 term=1 cov=30.7%/100.0%
[R2] state=leader leader=2 term=1 cov=30.7%/100.0%
[R2] state=leader leader=2 term=1 cov=30.7%/100.0%
[R2] state=leader leader=2 term=1 cov=30.7%/100.0%
[R2] state=leader leader=2 term=1 cov=30.7%/100.0%
[R2] state=leader leader=2 term=1 cov=30.7%/100.0%
[R2] state=leader leader=2 term=1 cov=30.7%/100.0%
[R2] state=leader leader=2 term=1 cov=30.7%/100.0%
[R2] state=leader leader=2 term=1 cov=30.7%/100.0%
[R2] state=leader leader=2 term=1 cov=30.7%/100.0%
[R2] state=leader leader=2 term=1 cov=30.7%/100.0%
[R2] state=leader leader=2 term=1 cov=30.7%/100.0%
[R2] state=leader leader=2 term=1 cov=30.7%/100.0%
[R2] state=leader leader=2 term=1 cov=30.7%/100.0%
[R2] state=leader leader=2 term=1 cov=30.7%/100.0%
[R2] state=leader leader=2 term=1 cov=30.7%/100.0%
[R2] state=leader leader=2 term=1 cov=30.7%/100.0%
[R2] state=leader leader=2 term=1 cov=30.7%/100.0%
[R2] state=leader leader=2 term=1 cov=30.7%/100.0%
[R2] state=leader leader=2 term=1 cov=30.7%/100.0%
[R2] state=leader leader=2 term=1 cov=30.7%/100.0%
[R2] state=leader leader=2 term=1 cov=30.7%/100.0%
[R2] state=leader leader=2 term=1 cov=30.7%/100.0%
[R2] state=leader leader=2 term=1 cov=30.7%/100.0%
[R2] state=leader leader=2 term=1 cov=30.7%/100.0%
[R2] state=leader leader=2 term=1 cov=30.7%/100.0%
[R2] state=leader leader=2 term=1 cov=30.7%/100.0%
[R2] state=leader leader=2 term=1 cov=30.7%/100.0%
[R2] state=leader leader=2 term=1 cov=30.7%/100.0%
[R2] state=leader leader=2 term=1 cov=30.7%/100.0%
[R2] state=leader leader=2 term=1 cov=30.7%/100.0%
[R2] state=leader leader=2 term=1 cov=30.7%/100.0%
[R2] state=leader leader=2 term=1 cov=30.7%/100.0%
[R2] state=leader leader=2 term=1 cov=30.7%/100.0%
[R2] state=leader leader=2 term=1 cov=30.7%/100.0%
[R2] state=leader leader=2 term=1 cov=30.7%/100.0%
[R2] state=leader leader=2 term=1 cov=30.7%/100.0%
[R2] state=leader leader=2 term=1 cov=30.7%/100.0%
[R2] state=leader leader=2 term=1 cov=30.7%/100.0%
[R2] state=leader leader=2 term=1 cov=30.7%/100.0%
