[WARN] Hardware modules not available - simulation mode
=== RAFT Baseline - Robot 2 [SIM] ===
NO TRUST. Heartbeat timeout only.

  Logging to: logs/raft_2_20260226_163246.jsonl
Initializing hardware...
  Hardware: SIMULATED
[INFO] Position socket listening on port 14102
[INFO] Peer socket listening on port 14202
[INFO] Fault socket listening on port 14302
Ready!

Running RAFT baseline... Press Ctrl+C to stop

[R2] state=follower leader=None term=0 cov=0.0%/0.0%
[R2] state=follower leader=3 term=1 cov=0.5%/0.5%
[R2] state=follower leader=3 term=1 cov=2.1%/12.0%
[R2] state=follower leader=3 term=1 cov=4.7%/22.4%
[R2] state=follower leader=3 term=1 cov=6.8%/35.4%
[R2] state=follower leader=3 term=1 cov=9.4%/49.0%
[R2] state=follower leader=3 term=1 cov=11.5%/58.9%
[R2] state=follower leader=3 term=1 cov=13.5%/69.8%
[R2] state=follower leader=3 term=1 cov=16.7%/78.6%
[R2] state=follower leader=3 term=1 cov=18.8%/86.5%
[R2] state=follower leader=3 term=1 cov=20.3%/95.8%
[R2] state=follower leader=3 term=1 cov=22.9%/100.0%
[R2] state=follower leader=3 term=1 cov=22.9%/100.0%
[R2] state=follower leader=3 term=1 cov=22.9%/100.0%
[R2] state=follower leader=3 term=1 cov=22.9%/100.0%
[R2] state=follower leader=3 term=1 cov=22.9%/100.0%
[R2] state=follower leader=3 term=1 cov=22.9%/100.0%
[R2] state=follower leader=3 term=1 cov=22.9%/100.0%
[R2] state=follower leader=3 term=1 cov=22.9%/100.0%
[R2] state=follower leader=3 term=1 cov=22.9%/100.0%
[R2] state=follower leader=3 term=1 cov=22.9%/100.0%
[R2] state=follower leader=3 term=1 cov=22.9%/100.0%
[R2] state=follower leader=3 term=1 cov=22.9%/100.0%
[R2] state=follower leader=3 term=1 cov=22.9%/100.0%
[R2] state=follower leader=3 term=1 cov=22.9%/100.0%
[R2] state=follower leader=3 term=1 cov=22.9%/100.0%
[R2] state=follower leader=3 term=1 cov=22.9%/100.0%
[R2] state=follower leader=3 term=1 cov=22.9%/100.0%
[R2] state=follower leader=3 term=1 cov=22.9%/100.0%
[R2] state=follower leader=3 term=1 cov=22.9%/100.0%
[R2] state=follower leader=3 term=1 cov=22.9%/100.0%
[R2] state=follower leader=3 term=1 cov=22.9%/100.0%
[R2] state=follower leader=3 term=1 cov=22.9%/100.0%
[R2] state=follower leader=3 term=1 cov=22.9%/100.0%
[R2] state=follower leader=3 term=1 cov=22.9%/100.0%
[R2] state=follower leader=3 term=1 cov=22.9%/100.0%
[R2] state=follower leader=3 term=1 cov=22.9%/100.0%
[R2] state=follower leader=3 term=1 cov=22.9%/100.0%
[R2] state=follower leader=3 term=1 cov=22.9%/100.0%
[R2] state=follower leader=3 term=1 cov=22.9%/100.0%
[R2] state=follower leader=3 term=1 cov=22.9%/100.0%
[R2] state=follower leader=3 term=1 cov=22.9%/100.0%
[R2] state=follower leader=3 term=1 cov=22.9%/100.0%
[R2] state=follower leader=3 term=1 cov=22.9%/100.0%
[R2] state=follower leader=3 term=1 cov=22.9%/100.0%
[R2] state=follower leader=3 term=1 cov=22.9%/100.0%
[R2] state=follower leader=3 term=1 cov=22.9%/100.0%
[R2] state=follower leader=3 term=1 cov=22.9%/100.0%
[R2] state=follower leader=3 term=1 cov=22.9%/100.0%
[R2] state=follower leader=3 term=1 cov=22.9%/100.0%
[R2] state=follower leader=3 term=1 cov=22.9%/100.0%
[R2] state=follower leader=3 term=1 cov=22.9%/100.0%
[R2] state=follower leader=3 term=1 cov=22.9%/100.0%
[R2] state=follower leader=3 term=1 cov=22.9%/100.0%
[R2] state=follower leader=3 term=1 cov=22.9%/100.0%
[R2] state=follower leader=3 term=1 cov=22.9%/100.0%
[R2] state=follower leader=3 term=1 cov=22.9%/100.0%
[R2] state=follower leader=3 term=1 cov=22.9%/100.0%
[R2] state=follower leader=3 term=1 cov=22.9%/100.0%
[R2] state=follower leader=3 term=1 cov=22.9%/100.0%
[R2] state=follower leader=3 term=1 cov=22.9%/100.0%
[R2] state=follower leader=3 term=1 cov=22.9%/100.0%
