[WARN] Hardware modules not available - running in simulation mode
=== REIP Node - Robot 2 [SIM (unique ports)] ===
Trust Model: Three-tier confidence-weighted
  Personal: 1.0, ToF: 1.0, Peer: 0.3
  Suspicion threshold: 1.5, Recovery: 0.1

  Logging to: logs/robot_2_20260226_084542.jsonl
Initializing hardware...
  Hardware: SIMULATED
[INFO] Position socket listening on port 5102
[INFO] Peer socket listening on port 5202
[INFO] Fault socket listening on port 5302
Ready!

=== Detection Bounds: T1=2 cmds, T3=8 cmds | Impeachment: T1=8 cmds, T3=32 cmds ===
Running... Press Ctrl+C to stop

[ELECTION] New leader: 2
[R2] pos=(0,0) state=leader leader=2 trust=1.00 susp=0.00 cov=0.0%/0.0%
[ELECTION] New leader: 1
[R2] pos=(1304,978) state=follower leader=1 trust=1.00 susp=0.00 cov=0.5%/0.5%
[R2] pos=(1449,855) state=follower leader=1 trust=1.00 susp=0.00 cov=3.1%/12.5%
[R2] pos=(1562,1182) state=follower leader=1 trust=1.00 susp=0.00 cov=5.7%/21.4%
[R2] pos=(1575,1309) state=follower leader=1 trust=1.00 susp=0.00 cov=8.3%/32.3%
[R2] pos=(1838,1256) state=follower leader=1 trust=1.00 susp=0.00 cov=10.9%/42.7%
[MPC] Moderate mismatch: best alignment 122°, error=0.21
[R2] pos=(1622,1425) state=follower leader=1 trust=1.00 susp=0.00 cov=13.5%/52.1%
[R2] pos=(1221,1425) state=follower leader=1 trust=1.00 susp=0.00 cov=15.1%/59.9%
[MPC] Moderate mismatch: best alignment 111°, error=0.14
[R2] pos=(748,1425) state=follower leader=1 trust=1.00 susp=0.00 cov=17.7%/72.4%
[R2] pos=(255,1378) state=follower leader=1 trust=1.00 susp=0.00 cov=20.3%/80.2%
[R2] pos=(158,1146) state=follower leader=1 trust=1.00 susp=0.00 cov=23.4%/90.1%
[R2] pos=(642,722) state=follower leader=1 trust=1.00 susp=0.00 cov=27.1%/95.3%
[R2] pos=(1182,75) state=follower leader=1 trust=1.00 susp=0.00 cov=31.2%/97.9%
[R2] pos=(1612,75) state=follower leader=1 trust=1.00 susp=0.00 cov=33.9%/100.0%
[R2] pos=(1514,75) state=follower leader=1 trust=1.00 susp=0.00 cov=33.9%/100.0%
[R2] pos=(1496,75) state=follower leader=1 trust=1.00 susp=0.00 cov=33.9%/100.0%
[R2] pos=(1609,75) state=follower leader=1 trust=1.00 susp=0.00 cov=33.9%/100.0%
[TRUST] Bad command #1 (peer_reported): suspicion +0.30 = 0.30
[TRUST] Bad command #2 (personal_visited): suspicion +1.00 = 1.30
[TRUST] Bad command #3 (personal_visited): suspicion +1.00 = 2.30
[DETECT] First trust decay after 3 bad commands (0.42s) [Theoretical bound: T1=2, T3=8]
[TRUST] Trust decayed: trust=0.80, remaining suspicion=0.80
[TRUST] Bad command #4 (peer_reported): suspicion +0.30 = 1.10
[TRUST] Bad command #5 (personal_visited): suspicion +1.00 = 2.10
[TRUST] Trust decayed: trust=0.60, remaining suspicion=0.60
[TRUST] Bad command #6 (peer_reported): suspicion +0.30 = 0.90
[TRUST] Bad command #7 (peer_reported): suspicion +0.30 = 1.20
[TRUST] Bad command #8 (personal_visited): suspicion +1.00 = 2.20
[TRUST] Trust decayed: trust=0.40, remaining suspicion=0.70
[TRUST] Bad command #9 (peer_reported): suspicion +0.30 = 1.00
[TRUST] Bad command #10 (peer_reported): suspicion +0.30 = 1.30
[ELECTION] Leader 1 impeached (failures=1)
[ELECTION] New leader: 2
[R2] pos=(1086,495) state=leader leader=2 trust=1.00 susp=0.00 cov=37.5%/100.0%
[R2] pos=(128,93) state=leader leader=2 trust=1.00 susp=0.00 cov=40.6%/100.0%
[R2] pos=(75,75) state=leader leader=2 trust=1.00 susp=0.00 cov=41.1%/100.0%
[R2] pos=(75,75) state=leader leader=2 trust=1.00 susp=0.00 cov=41.1%/100.0%
[R2] pos=(75,75) state=leader leader=2 trust=1.00 susp=0.00 cov=41.1%/100.0%
[R2] pos=(75,75) state=leader leader=2 trust=1.00 susp=0.00 cov=41.1%/100.0%
[R2] pos=(75,75) state=leader leader=2 trust=1.00 susp=0.00 cov=41.1%/100.0%
[R2] pos=(75,75) state=leader leader=2 trust=1.00 susp=0.00 cov=41.1%/100.0%
[R2] pos=(75,75) state=leader leader=2 trust=1.00 susp=0.00 cov=41.1%/100.0%
[R2] pos=(75,75) state=leader leader=2 trust=1.00 susp=0.00 cov=41.1%/100.0%
[R2] pos=(75,75) state=leader leader=2 trust=1.00 susp=0.00 cov=41.1%/100.0%
[R2] pos=(75,75) state=leader leader=2 trust=1.00 susp=0.00 cov=41.1%/100.0%
[R2] pos=(75,75) state=leader leader=2 trust=1.00 susp=0.00 cov=41.1%/100.0%
[R2] pos=(75,75) state=leader leader=2 trust=1.00 susp=0.00 cov=41.1%/100.0%
[R2] pos=(75,75) state=leader leader=2 trust=1.00 susp=0.00 cov=41.1%/100.0%
[R2] pos=(75,75) state=leader leader=2 trust=1.00 susp=0.00 cov=41.1%/100.0%
[R2] pos=(75,75) state=leader leader=2 trust=1.00 susp=0.00 cov=41.1%/100.0%
[R2] pos=(75,75) state=leader leader=2 trust=1.00 susp=0.00 cov=41.1%/100.0%
[R2] pos=(75,75) state=leader leader=2 trust=1.00 susp=0.00 cov=41.1%/100.0%
[R2] pos=(75,75) state=leader leader=2 trust=1.00 susp=0.00 cov=41.1%/100.0%
[R2] pos=(75,75) state=leader leader=2 trust=1.00 susp=0.00 cov=41.1%/100.0%
[R2] pos=(75,75) state=leader leader=2 trust=1.00 susp=0.00 cov=41.1%/100.0%
[R2] pos=(75,75) state=leader leader=2 trust=1.00 susp=0.00 cov=41.1%/100.0%
[R2] pos=(75,75) state=leader leader=2 trust=1.00 susp=0.00 cov=41.1%/100.0%
[R2] pos=(75,75) state=leader leader=2 trust=1.00 susp=0.00 cov=41.1%/100.0%
[R2] pos=(75,75) state=leader leader=2 trust=1.00 susp=0.00 cov=41.1%/100.0%
[R2] pos=(75,75) state=leader leader=2 trust=1.00 susp=0.00 cov=41.1%/100.0%
[R2] pos=(75,75) state=leader leader=2 trust=1.00 susp=0.00 cov=41.1%/100.0%
[R2] pos=(75,75) state=leader leader=2 trust=1.00 susp=0.00 cov=41.1%/100.0%
[R2] pos=(75,75) state=leader leader=2 trust=1.00 susp=0.00 cov=41.1%/100.0%
[R2] pos=(75,75) state=leader leader=2 trust=1.00 susp=0.00 cov=41.1%/100.0%
[R2] pos=(75,75) state=leader leader=2 trust=1.00 susp=0.00 cov=41.1%/100.0%
[R2] pos=(75,75) state=leader leader=2 trust=1.00 susp=0.00 cov=41.1%/100.0%
[R2] pos=(75,75) state=leader leader=2 trust=1.00 susp=0.00 cov=41.1%/100.0%
[R2] pos=(75,75) state=leader leader=2 trust=1.00 susp=0.00 cov=41.1%/100.0%
[R2] pos=(75,75) state=leader leader=2 trust=1.00 susp=0.00 cov=41.1%/100.0%
[R2] pos=(75,75) state=leader leader=2 trust=1.00 susp=0.00 cov=41.1%/100.0%
[R2] pos=(75,75) state=leader leader=2 trust=1.00 susp=0.00 cov=41.1%/100.0%
[R2] pos=(75,75) state=leader leader=2 trust=1.00 susp=0.00 cov=41.1%/100.0%
[R2] pos=(75,75) state=leader leader=2 trust=1.00 susp=0.00 cov=41.1%/100.0%
[R2] pos=(75,75) state=leader leader=2 trust=1.00 susp=0.00 cov=41.1%/100.0%
[R2] pos=(75,75) state=leader leader=2 trust=1.00 susp=0.00 cov=41.1%/100.0%
[R2] pos=(75,75) state=leader leader=2 trust=1.00 susp=0.00 cov=41.1%/100.0%
[R2] pos=(75,75) state=leader leader=2 trust=1.00 susp=0.00 cov=41.1%/100.0%
[R2] pos=(75,75) state=leader leader=2 trust=1.00 susp=0.00 cov=41.1%/100.0%
