[WARN] Hardware modules not available - running in simulation mode
=== REIP Node - Robot 4 [SIM (unique ports)] ===
Trust Model: Three-tier confidence-weighted
  Personal: 1.0, ToF: 1.0, Peer: 0.3
  Suspicion threshold: 1.5, Recovery: 0.1

  Logging to: logs/robot_4_20260226_211836.jsonl
Initializing hardware...
  Hardware: SIMULATED
[INFO] Position socket listening on port 13104
[INFO] Peer socket listening on port 13204
[INFO] Fault socket listening on port 13304
Ready!

=== Detection Bounds: T1=2 cmds, T3=8 cmds | Impeachment: T1=8 cmds, T3=32 cmds ===
Running... Press Ctrl+C to stop

[ELECTION] New leader: 4
[R4] pos=(0,0) state=leader leader=4 trust=1.00 susp=0.00 cov=0.0%/0.0%
[ELECTION] New leader: 1
[R4] pos=(827,1302) state=follower leader=1 trust=1.00 susp=0.00 cov=0.5%/0.5%
[R4] pos=(556,1388) state=follower leader=1 trust=1.00 susp=0.00 cov=4.2%/14.1%
[R4] pos=(947,1334) state=follower leader=1 trust=1.00 susp=0.00 cov=6.8%/25.5%
[R4] pos=(1198,1104) state=follower leader=1 trust=1.00 susp=0.00 cov=9.4%/36.5%
[R4] pos=(1168,893) state=follower leader=1 trust=1.00 susp=0.00 cov=10.9%/43.8%
[R4] pos=(1357,735) state=follower leader=1 trust=1.00 susp=0.00 cov=13.5%/47.9%
[R4] pos=(1516,644) state=follower leader=1 trust=1.00 susp=0.00 cov=16.1%/56.8%
[R4] pos=(1332,437) state=follower leader=1 trust=1.00 susp=0.00 cov=18.8%/64.6%
[R4] pos=(1564,187) state=follower leader=1 trust=1.00 susp=0.00 cov=21.4%/71.9%
[R4] pos=(1691,75) state=follower leader=1 trust=1.00 susp=0.00 cov=22.9%/76.6%
[R4] pos=(1920,186) state=follower leader=1 trust=1.00 susp=0.00 cov=24.5%/80.7%
[MPC] Moderate mismatch: best alignment 115°, error=0.17
[R4] pos=(1502,75) state=follower leader=1 trust=1.00 susp=0.00 cov=25.5%/83.9%
[R4] pos=(1152,149) state=follower leader=1 trust=1.00 susp=0.00 cov=28.1%/88.5%
[R4] pos=(1109,389) state=follower leader=1 trust=1.00 susp=0.00 cov=30.2%/92.7%
[R4] pos=(1090,941) state=follower leader=1 trust=1.00 susp=0.00 cov=33.9%/100.0%
[R4] pos=(1090,898) state=follower leader=1 trust=1.00 susp=0.00 cov=33.9%/100.0%
[R4] pos=(1090,889) state=follower leader=1 trust=1.00 susp=0.00 cov=33.9%/100.0%
[R4] pos=(1090,889) state=follower leader=1 trust=1.00 susp=0.00 cov=33.9%/100.0%
[R4] pos=(1090,983) state=follower leader=1 trust=1.00 susp=0.00 cov=33.9%/100.0%
[R4] pos=(1090,976) state=follower leader=1 trust=1.00 susp=0.00 cov=33.9%/100.0%
[R4] pos=(1090,899) state=follower leader=1 trust=1.00 susp=0.00 cov=33.9%/100.0%
[R4] pos=(1090,888) state=follower leader=1 trust=1.00 susp=0.00 cov=33.9%/100.0%
[R4] pos=(1090,888) state=follower leader=1 trust=1.00 susp=0.00 cov=33.9%/100.0%
[R4] pos=(1090,976) state=follower leader=1 trust=1.00 susp=0.00 cov=33.9%/100.0%
[R4] pos=(1090,982) state=follower leader=1 trust=1.00 susp=0.00 cov=33.9%/100.0%
[R4] pos=(1090,975) state=follower leader=1 trust=1.00 susp=0.00 cov=33.9%/100.0%
[R4] pos=(1090,898) state=follower leader=1 trust=1.00 susp=0.00 cov=33.9%/100.0%
[R4] pos=(1090,895) state=follower leader=1 trust=1.00 susp=0.00 cov=33.9%/100.0%
[R4] pos=(1090,978) state=follower leader=1 trust=1.00 susp=0.00 cov=33.9%/100.0%
[R4] pos=(1090,978) state=follower leader=1 trust=1.00 susp=0.00 cov=33.9%/100.0%
[R4] pos=(1090,975) state=follower leader=1 trust=1.00 susp=0.00 cov=33.9%/100.0%
[R4] pos=(1090,899) state=follower leader=1 trust=1.00 susp=0.00 cov=33.9%/100.0%
[R4] pos=(1090,899) state=follower leader=1 trust=1.00 susp=0.00 cov=33.9%/100.0%
[R4] pos=(1090,900) state=follower leader=1 trust=1.00 susp=0.00 cov=33.9%/100.0%
[R4] pos=(1090,977) state=follower leader=1 trust=1.00 susp=0.00 cov=33.9%/100.0%
[R4] pos=(1090,987) state=follower leader=1 trust=1.00 susp=0.00 cov=33.9%/100.0%
[R4] pos=(1090,897) state=follower leader=1 trust=1.00 susp=0.00 cov=33.9%/100.0%
[R4] pos=(1090,888) state=follower leader=1 trust=1.00 susp=0.00 cov=33.9%/100.0%
[R4] pos=(1090,899) state=follower leader=1 trust=1.00 susp=0.00 cov=33.9%/100.0%
[R4] pos=(1090,987) state=follower leader=1 trust=1.00 susp=0.00 cov=33.9%/100.0%
[R4] pos=(1090,987) state=follower leader=1 trust=1.00 susp=0.00 cov=33.9%/100.0%
[R4] pos=(1090,993) state=follower leader=1 trust=1.00 susp=0.00 cov=33.9%/100.0%
[R4] pos=(1090,993) state=follower leader=1 trust=1.00 susp=0.00 cov=33.9%/100.0%
[R4] pos=(1090,993) state=follower leader=1 trust=1.00 susp=0.00 cov=33.9%/100.0%
[R4] pos=(1090,993) state=follower leader=1 trust=1.00 susp=0.00 cov=33.9%/100.0%
[R4] pos=(1090,993) state=follower leader=1 trust=1.00 susp=0.00 cov=33.9%/100.0%
[R4] pos=(1090,993) state=follower leader=1 trust=1.00 susp=0.00 cov=33.9%/100.0%
[R4] pos=(1090,881) state=follower leader=1 trust=1.00 susp=0.00 cov=33.9%/100.0%
[R4] pos=(1090,881) state=follower leader=1 trust=1.00 susp=0.00 cov=33.9%/100.0%
[R4] pos=(1090,888) state=follower leader=1 trust=1.00 susp=0.00 cov=33.9%/100.0%
[R4] pos=(1090,987) state=follower leader=1 trust=1.00 susp=0.00 cov=33.9%/100.0%
[R4] pos=(1090,982) state=follower leader=1 trust=1.00 susp=0.00 cov=33.9%/100.0%
[R4] pos=(1090,889) state=follower leader=1 trust=1.00 susp=0.00 cov=33.9%/100.0%
[R4] pos=(1090,1000) state=follower leader=1 trust=1.00 susp=0.00 cov=33.9%/100.0%
[R4] pos=(1090,996) state=follower leader=1 trust=1.00 susp=0.00 cov=33.9%/100.0%
[R4] pos=(1090,996) state=follower leader=1 trust=1.00 susp=0.00 cov=33.9%/100.0%
[R4] pos=(1090,883) state=follower leader=1 trust=1.00 susp=0.00 cov=33.9%/100.0%
[R4] pos=(1090,874) state=follower leader=1 trust=1.00 susp=0.00 cov=33.9%/100.0%
[R4] pos=(1090,875) state=follower leader=1 trust=1.00 susp=0.00 cov=33.9%/100.0%
[R4] pos=(1090,993) state=follower leader=1 trust=1.00 susp=0.00 cov=33.9%/100.0%
