[WARN] Hardware modules not available - running in simulation mode
=== REIP Node - Robot 4 [SIM (unique ports)] ===
Trust Model: Three-tier confidence-weighted
  Personal: 1.0, ToF: 1.0, Peer: 0.3
  Suspicion threshold: 1.5, Recovery: 0.1

  Logging to: logs/robot_4_20260227_181504.jsonl
Initializing hardware...
  Hardware: SIMULATED
[INFO] Position socket listening on port 5104
[INFO] Peer socket listening on port 5204
[INFO] Fault socket listening on port 5304
Ready!

=== Detection Bounds: T1=2 cmds, T3=8 cmds | Impeachment: T1=8 cmds, T3=32 cmds ===
Running... Press Ctrl+C to stop

[ELECTION] New leader: 4
[R4] pos=(0,0) state=leader leader=4 trust=1.00 susp=0.00 cov=0.0%/0.0%
[ELECTION] New leader: 1
[R4] pos=(405,737) state=follower leader=1 trust=1.00 susp=0.00 cov=0.5%/0.5%
[R4] pos=(264,190) state=follower leader=1 trust=1.00 susp=0.00 cov=3.1%/12.5%
[R4] pos=(613,260) state=follower leader=1 trust=1.00 susp=0.00 cov=4.2%/18.2%
[R4] pos=(762,441) state=follower leader=1 trust=1.00 susp=0.00 cov=6.2%/24.5%
[R4] pos=(921,693) state=follower leader=1 trust=1.00 susp=0.00 cov=7.8%/31.2%
[R4] pos=(688,677) state=follower leader=1 trust=1.00 susp=0.00 cov=9.9%/37.0%
[TRUST] Bad command #1 (personal_visited): suspicion +1.00 = 1.00 omega=1.047
[TRUST] Bad command #2 (personal_visited): suspicion +1.00 = 1.90 omega=1.586
[DETECT] First trust decay after 2 bad commands (0.40s) [Theoretical bound: T1=2, T3=8]
[CLASSIFY] Fault type: byzantine_oscillation (omega=1.586, threshold=0.785)
[TRUST] Trust decayed: trust=0.80, remaining suspicion=0.40, omega=1.586, class=byzantine_oscillation
[TRUST] Bad command #3 (personal_visited): suspicion +1.00 = 1.30 omega=2.149
[TRUST] Bad command #4 (cmd_instability(omega=2.53)): suspicion +0.07 = 1.37 omega=2.530
[TRUST] Bad command #5 (personal_visited, cmd_instability(omega=2.91)): suspicion +1.21 = 2.58 omega=2.906
[TRUST] Trust decayed: trust=0.60, remaining suspicion=1.08, omega=2.906, class=byzantine_oscillation
[TRUST] Bad command #6 (cmd_instability(omega=3.03)): suspicion +0.26 = 1.33 omega=3.031
[TRUST] Bad command #7 (personal_visited, cmd_instability(omega=3.05)): suspicion +1.26 = 2.60 omega=3.045
[TRUST] Trust decayed: trust=0.40, remaining suspicion=1.10, omega=3.045, class=byzantine_oscillation
[R4] pos=(704,580) state=follower leader=1 trust=0.40 susp=1.10 cov=10.4%/40.1%
[TRUST] Bad command #8 (cmd_instability(omega=3.05)): suspicion +0.27 = 1.36 omega=3.053
[TRUST] Bad command #9 (personal_visited, cmd_instability(omega=3.06)): suspicion +1.27 = 2.63 omega=3.060
[TRUST] Trust decayed: trust=0.20, remaining suspicion=1.13, omega=3.060, class=byzantine_oscillation
[TRUST] Bad command #10 (cmd_instability(omega=3.06)): suspicion +0.27 = 1.40 omega=3.064
[TRUST] Bad command #11 (personal_visited, cmd_instability(omega=3.06)): suspicion +1.27 = 2.67 omega=3.056
[TRUST] Trust decayed: trust=0.10, remaining suspicion=1.17, omega=3.056, class=byzantine_oscillation
[TRUST] Bad command #12 (cmd_instability(omega=3.04)): suspicion +0.26 = 1.43 omega=3.043
[DETECT] IMPEACHMENT after 12 bad commands, 2.68s from first bad command [Bound: T1=8 cmds, T3=32 cmds]
[IMPEACH] Trust too low (0.10), excluding leader 1 from candidates
[ELECTION] Leader 1 impeached (failures=1)
[ELECTION] New leader: 2
[R4] pos=(663,700) state=follower leader=2 trust=1.00 susp=0.00 cov=11.5%/42.2%
[R4] pos=(596,733) state=follower leader=2 trust=1.00 susp=0.00 cov=11.5%/42.2%
[R4] pos=(596,733) state=follower leader=2 trust=1.00 susp=0.00 cov=11.5%/42.2%
[R4] pos=(596,733) state=follower leader=2 trust=1.00 susp=0.00 cov=11.5%/42.2%
[R4] pos=(596,733) state=follower leader=2 trust=1.00 susp=0.00 cov=11.5%/42.2%
[R4] pos=(529,767) state=follower leader=2 trust=1.00 susp=0.00 cov=12.0%/42.7%
[R4] pos=(479,868) state=follower leader=2 trust=1.00 susp=0.00 cov=12.5%/43.8%
[R4] pos=(752,1054) state=follower leader=2 trust=1.00 susp=0.00 cov=14.1%/44.8%
[R4] pos=(752,1054) state=follower leader=2 trust=1.00 susp=0.00 cov=14.1%/44.8%
[R4] pos=(752,1054) state=follower leader=2 trust=1.00 susp=0.00 cov=14.1%/44.8%
[R4] pos=(752,1054) state=follower leader=2 trust=1.00 susp=0.00 cov=14.1%/44.8%
[R4] pos=(752,1054) state=follower leader=2 trust=1.00 susp=0.00 cov=14.1%/44.8%
[TRUST] Bad command #1 (personal_visited): suspicion +1.00 = 1.00 omega=0.333
[TRUST] Bad command #2 (personal_visited): suspicion +1.00 = 1.90 omega=0.951
[DETECT] First trust decay after 2 bad commands (0.41s) [Theoretical bound: T1=2, T3=8]
[CLASSIFY] Fault type: byzantine_oscillation (omega=0.951, threshold=0.785)
[TRUST] Trust decayed: trust=0.80, remaining suspicion=0.40, omega=0.951, class=byzantine_oscillation
[TRUST] Bad command #3 (personal_visited): suspicion +1.00 = 1.30 omega=1.574
[TRUST] Bad command #4 (personal_visited): suspicion +1.00 = 2.20 omega=2.197
[TRUST] Trust decayed: trust=0.60, remaining suspicion=0.70, omega=2.197, class=byzantine_oscillation
[R4] pos=(900,1074) state=follower leader=2 trust=0.60 susp=0.70 cov=14.6%/44.8%
[TRUST] Bad command #5 (cmd_instability(omega=2.48)): suspicion +0.05 = 0.75 omega=2.481
[TRUST] Bad command #6 (personal_visited, cmd_instability(omega=2.49)): suspicion +1.05 = 1.80 omega=2.486
[TRUST] Trust decayed: trust=0.40, remaining suspicion=0.30, omega=2.486, class=byzantine_oscillation
[TRUST] Bad command #7 (cmd_instability(omega=2.49)): suspicion +0.05 = 0.35 omega=2.491
[TRUST] Bad command #8 (personal_visited, cmd_instability(omega=2.49)): suspicion +1.05 = 1.40 omega=2.491
[TRUST] Bad command #9 (cmd_instability(omega=2.49)): suspicion +0.05 = 1.45 omega=2.491
[ELECTION] Leader 2 impeached (failures=1)
[ELECTION] New leader: 4
[R4] pos=(910,1064) state=leader leader=4 trust=1.00 susp=0.00 cov=14.6%/44.8%
[R4] pos=(923,1109) state=leader leader=4 trust=1.00 susp=0.00 cov=14.6%/44.8%
[R4] pos=(923,1109) state=leader leader=4 trust=1.00 susp=0.00 cov=14.6%/44.8%
[R4] pos=(923,1109) state=leader leader=4 trust=1.00 susp=0.00 cov=14.6%/44.8%
[R4] pos=(923,1143) state=leader leader=4 trust=1.00 susp=0.00 cov=15.1%/44.8%
[R4] pos=(923,1176) state=leader leader=4 trust=1.00 susp=0.00 cov=15.1%/45.8%
[R4] pos=(923,1181) state=leader leader=4 trust=1.00 susp=0.00 cov=15.1%/45.8%
[R4] pos=(923,1181) state=leader leader=4 trust=1.00 susp=0.00 cov=15.1%/45.8%
[R4] pos=(923,1181) state=leader leader=4 trust=1.00 susp=0.00 cov=15.1%/45.8%
[R4] pos=(923,1181) state=leader leader=4 trust=1.00 susp=0.00 cov=15.1%/45.8%
[R4] pos=(923,1181) state=leader leader=4 trust=1.00 susp=0.00 cov=15.1%/45.8%
[R4] pos=(923,1181) state=leader leader=4 trust=1.00 susp=0.00 cov=15.1%/45.8%
[R4] pos=(923,1181) state=leader leader=4 trust=1.00 susp=0.00 cov=15.1%/45.8%
[R4] pos=(923,1181) state=leader leader=4 trust=1.00 susp=0.00 cov=15.1%/45.8%
[R4] pos=(923,1181) state=leader leader=4 trust=1.00 susp=0.00 cov=15.1%/45.8%
[R4] pos=(923,1181) state=leader leader=4 trust=1.00 susp=0.00 cov=15.1%/45.8%
[R4] pos=(923,1181) state=leader leader=4 trust=1.00 susp=0.00 cov=15.1%/45.8%
[R4] pos=(923,1181) state=leader leader=4 trust=1.00 susp=0.00 cov=15.1%/45.8%
[R4] pos=(923,1181) state=leader leader=4 trust=1.00 susp=0.00 cov=15.1%/45.8%
[R4] pos=(923,1181) state=leader leader=4 trust=1.00 susp=0.00 cov=15.1%/45.8%
[R4] pos=(923,1181) state=leader leader=4 trust=1.00 susp=0.00 cov=15.1%/45.8%
[R4] pos=(923,1181) state=leader leader=4 trust=1.00 susp=0.00 cov=15.1%/45.8%
[R4] pos=(923,1181) state=leader leader=4 trust=1.00 susp=0.00 cov=15.1%/45.8%
[R4] pos=(924,1170) state=leader leader=4 trust=1.00 susp=0.00 cov=15.1%/47.4%
[R4] pos=(924,1181) state=leader leader=4 trust=1.00 susp=0.00 cov=15.1%/49.0%
[R4] pos=(924,1181) state=leader leader=4 trust=1.00 susp=0.00 cov=15.1%/50.0%
[R4] pos=(923,1183) state=leader leader=4 trust=1.00 susp=0.00 cov=15.1%/50.5%
[R4] pos=(595,1351) state=leader leader=4 trust=1.00 susp=0.00 cov=16.7%/50.5%
[R4] pos=(992,1296) state=leader leader=4 trust=1.00 susp=0.00 cov=18.8%/51.0%
[R4] pos=(1062,1252) state=leader leader=4 trust=1.00 susp=0.00 cov=19.3%/51.0%
[R4] pos=(1138,1128) state=leader leader=4 trust=1.00 susp=0.00 cov=20.3%/52.1%
[R4] pos=(1251,820) state=leader leader=4 trust=1.00 susp=0.00 cov=22.9%/54.7%
[R4] pos=(1571,813) state=leader leader=4 trust=1.00 susp=0.00 cov=25.0%/56.8%
[R4] pos=(1697,688) state=leader leader=4 trust=1.00 susp=0.00 cov=26.0%/58.3%
[R4] pos=(1691,613) state=leader leader=4 trust=1.00 susp=0.00 cov=26.6%/58.9%
[R4] pos=(1925,820) state=leader leader=4 trust=1.00 susp=0.00 cov=28.6%/60.9%
[R4] pos=(1553,1062) state=leader leader=4 trust=1.00 susp=0.00 cov=31.2%/63.5%
[R4] pos=(1812,1425) state=leader leader=4 trust=1.00 susp=0.00 cov=33.9%/66.7%
[R4] pos=(1810,1113) state=leader leader=4 trust=1.00 susp=0.00 cov=36.5%/69.3%
[R4] pos=(1623,862) state=leader leader=4 trust=1.00 susp=0.00 cov=38.0%/70.8%
