[WARN] Hardware modules not available - running in simulation mode
=== REIP Node - Robot 4 [SIM (unique ports)] ===
Trust Model: Three-tier confidence-weighted
  Personal: 1.0, ToF: 1.0, Peer: 0.3
  Suspicion threshold: 1.5, Recovery: 0.1

  Logging to: logs/robot_4_20260226_160319.jsonl
Initializing hardware...
  Hardware: SIMULATED
[INFO] Position socket listening on port 6104
[INFO] Peer socket listening on port 6204
[INFO] Fault socket listening on port 6304
Ready!

=== DECENTRALIZED MODE - No leader coordination ===
=== Detection Bounds: T1=2 cmds, T3=8 cmds | Impeachment: T1=8 cmds, T3=32 cmds ===
Running... Press Ctrl+C to stop

[R4] pos=(0,0) state=exploring leader=None trust=1.00 susp=0.00 cov=0.0%/0.0%
[R4] pos=(783,738) state=exploring leader=None trust=1.00 susp=0.00 cov=0.5%/0.5%
[R4] pos=(253,687) state=exploring leader=None trust=1.00 susp=0.00 cov=3.1%/14.1%
[R4] pos=(158,423) state=exploring leader=None trust=1.00 susp=0.00 cov=5.2%/27.1%
[R4] pos=(517,103) state=exploring leader=None trust=1.00 susp=0.00 cov=8.9%/38.5%
[R4] pos=(1108,312) state=exploring leader=None trust=1.00 susp=0.00 cov=12.0%/44.8%
[R4] pos=(1312,663) state=exploring leader=None trust=1.00 susp=0.00 cov=14.6%/55.2%
[R4] pos=(1574,430) state=exploring leader=None trust=1.00 susp=0.00 cov=19.3%/68.8%
[R4] pos=(1687,871) state=exploring leader=None trust=1.00 susp=0.00 cov=22.4%/78.6%
[R4] pos=(1686,1184) state=exploring leader=None trust=1.00 susp=0.00 cov=25.5%/85.9%
[R4] pos=(1925,1003) state=exploring leader=None trust=1.00 susp=0.00 cov=28.6%/92.7%
[R4] pos=(1925,290) state=exploring leader=None trust=1.00 susp=0.00 cov=32.8%/96.9%
[R4] pos=(1501,75) state=exploring leader=None trust=1.00 susp=0.00 cov=35.9%/100.0%
[R4] pos=(1489,75) state=exploring leader=None trust=1.00 susp=0.00 cov=35.9%/100.0%
[R4] pos=(1490,75) state=exploring leader=None trust=1.00 susp=0.00 cov=35.9%/100.0%
[R4] pos=(1392,75) state=exploring leader=None trust=1.00 susp=0.00 cov=35.9%/100.0%
[R4] pos=(1401,75) state=exploring leader=None trust=1.00 susp=0.00 cov=35.9%/100.0%
[R4] pos=(1398,75) state=exploring leader=None trust=1.00 susp=0.00 cov=35.9%/100.0%
[R4] pos=(1485,75) state=exploring leader=None trust=1.00 susp=0.00 cov=35.9%/100.0%
[R4] pos=(1498,75) state=exploring leader=None trust=1.00 susp=0.00 cov=35.9%/100.0%
[R4] pos=(1405,75) state=exploring leader=None trust=1.00 susp=0.00 cov=35.9%/100.0%
[R4] pos=(1381,75) state=exploring leader=None trust=1.00 susp=0.00 cov=35.9%/100.0%
[R4] pos=(1374,75) state=exploring leader=None trust=1.00 susp=0.00 cov=36.5%/100.0%
[R4] pos=(1470,75) state=exploring leader=None trust=1.00 susp=0.00 cov=36.5%/100.0%
[R4] pos=(1472,75) state=exploring leader=None trust=1.00 susp=0.00 cov=36.5%/100.0%
[R4] pos=(1466,75) state=exploring leader=None trust=1.00 susp=0.00 cov=36.5%/100.0%
[R4] pos=(1371,75) state=exploring leader=None trust=1.00 susp=0.00 cov=36.5%/100.0%
[R4] pos=(1383,75) state=exploring leader=None trust=1.00 susp=0.00 cov=36.5%/100.0%
[R4] pos=(1497,75) state=exploring leader=None trust=1.00 susp=0.00 cov=36.5%/100.0%
[R4] pos=(1503,75) state=exploring leader=None trust=1.00 susp=0.00 cov=36.5%/100.0%
[R4] pos=(1487,75) state=exploring leader=None trust=1.00 susp=0.00 cov=36.5%/100.0%
[R4] pos=(1382,75) state=exploring leader=None trust=1.00 susp=0.00 cov=36.5%/100.0%
[R4] pos=(1373,75) state=exploring leader=None trust=1.00 susp=0.00 cov=36.5%/100.0%
[R4] pos=(1405,75) state=exploring leader=None trust=1.00 susp=0.00 cov=36.5%/100.0%
[R4] pos=(1486,75) state=exploring leader=None trust=1.00 susp=0.00 cov=36.5%/100.0%
[R4] pos=(1491,75) state=exploring leader=None trust=1.00 susp=0.00 cov=36.5%/100.0%
[R4] pos=(1466,75) state=exploring leader=None trust=1.00 susp=0.00 cov=36.5%/100.0%
[R4] pos=(1382,75) state=exploring leader=None trust=1.00 susp=0.00 cov=36.5%/100.0%
[R4] pos=(1391,75) state=exploring leader=None trust=1.00 susp=0.00 cov=36.5%/100.0%
[R4] pos=(1500,75) state=exploring leader=None trust=1.00 susp=0.00 cov=36.5%/100.0%
[R4] pos=(1477,75) state=exploring leader=None trust=1.00 susp=0.00 cov=36.5%/100.0%
[R4] pos=(1491,75) state=exploring leader=None trust=1.00 susp=0.00 cov=36.5%/100.0%
[R4] pos=(1385,75) state=exploring leader=None trust=1.00 susp=0.00 cov=36.5%/100.0%
[R4] pos=(1383,75) state=exploring leader=None trust=1.00 susp=0.00 cov=36.5%/100.0%
[R4] pos=(1491,75) state=exploring leader=None trust=1.00 susp=0.00 cov=36.5%/100.0%
[R4] pos=(1511,75) state=exploring leader=None trust=1.00 susp=0.00 cov=36.5%/100.0%
[R4] pos=(1499,75) state=exploring leader=None trust=1.00 susp=0.00 cov=36.5%/100.0%
[R4] pos=(1392,75) state=exploring leader=None trust=1.00 susp=0.00 cov=36.5%/100.0%
[R4] pos=(1408,75) state=exploring leader=None trust=1.00 susp=0.00 cov=36.5%/100.0%
[R4] pos=(1403,75) state=exploring leader=None trust=1.00 susp=0.00 cov=36.5%/100.0%
[R4] pos=(1496,75) state=exploring leader=None trust=1.00 susp=0.00 cov=36.5%/100.0%
[R4] pos=(1491,75) state=exploring leader=None trust=1.00 susp=0.00 cov=36.5%/100.0%
[R4] pos=(1377,75) state=exploring leader=None trust=1.00 susp=0.00 cov=36.5%/100.0%
[R4] pos=(1391,75) state=exploring leader=None trust=1.00 susp=0.00 cov=36.5%/100.0%
[R4] pos=(1483,75) state=exploring leader=None trust=1.00 susp=0.00 cov=36.5%/100.0%
[R4] pos=(1399,75) state=exploring leader=None trust=1.00 susp=0.00 cov=36.5%/100.0%
[R4] pos=(1471,75) state=exploring leader=None trust=1.00 susp=0.00 cov=36.5%/100.0%
[R4] pos=(1371,75) state=exploring leader=None trust=1.00 susp=0.00 cov=36.5%/100.0%
[R4] pos=(1381,75) state=exploring leader=None trust=1.00 susp=0.00 cov=36.5%/100.0%
[R4] pos=(1381,75) state=exploring leader=None trust=1.00 susp=0.00 cov=36.5%/100.0%
[R4] pos=(1503,75) state=exploring leader=None trust=1.00 susp=0.00 cov=36.5%/100.0%
