[WARN] Hardware modules not available - simulation mode
=== RAFT Baseline - Robot 4 [SIM] ===
NO TRUST. Heartbeat timeout only.

  Logging to: logs/raft_4_20260226_205913.jsonl
Initializing hardware...
  Hardware: SIMULATED
[INFO] Position socket listening on port 19104
[INFO] Peer socket listening on port 19204
[INFO] Fault socket listening on port 19304
Ready!

Running RAFT baseline... Press Ctrl+C to stop

[R4] state=follower leader=None term=0 cov=0.0%/0.0%
[R4] state=follower leader=2 term=2 cov=0.5%/0.5%
[R4] state=follower leader=2 term=2 cov=2.6%/13.0%
[R4] state=follower leader=2 term=2 cov=4.7%/24.0%
[R4] state=follower leader=2 term=2 cov=7.3%/32.8%
[R4] state=follower leader=2 term=2 cov=9.4%/39.1%
[R4] state=follower leader=2 term=2 cov=12.0%/45.3%
[R4] state=follower leader=2 term=2 cov=13.5%/49.5%
[R4] state=follower leader=2 term=2 cov=14.6%/52.6%
[R4] state=follower leader=2 term=2 cov=15.1%/55.7%
[R4] state=follower leader=2 term=2 cov=16.7%/58.3%
[R4] state=follower leader=2 term=2 cov=17.2%/61.5%
[R4] state=follower leader=2 term=2 cov=18.2%/64.6%
[R4] state=follower leader=2 term=2 cov=18.8%/70.8%
[R4] state=follower leader=2 term=2 cov=19.3%/74.5%
[R4] state=follower leader=2 term=2 cov=19.3%/78.1%
[R4] state=follower leader=2 term=2 cov=19.3%/83.3%
[R4] state=follower leader=2 term=2 cov=21.9%/86.5%
[R4] state=follower leader=2 term=2 cov=23.4%/86.5%
[R4] state=follower leader=2 term=2 cov=23.4%/87.0%
[R4] state=follower leader=2 term=2 cov=23.4%/87.0%
[R4] state=follower leader=2 term=2 cov=23.4%/87.0%
[R4] state=follower leader=2 term=2 cov=23.4%/87.0%
[R4] state=follower leader=2 term=2 cov=23.4%/87.0%
[R4] state=follower leader=2 term=2 cov=23.4%/87.0%
[R4] state=follower leader=2 term=2 cov=23.4%/87.0%
[R4] state=follower leader=2 term=2 cov=23.4%/87.0%
[R4] state=follower leader=2 term=2 cov=23.4%/87.0%
[R4] state=follower leader=2 term=2 cov=23.4%/87.0%
[R4] state=follower leader=2 term=2 cov=23.4%/87.0%
[R4] state=follower leader=2 term=2 cov=23.4%/87.0%
[R4] state=follower leader=2 term=2 cov=23.4%/87.0%
[R4] state=follower leader=2 term=2 cov=23.4%/87.0%
[R4] state=follower leader=2 term=2 cov=23.4%/87.0%
[R4] state=follower leader=2 term=2 cov=23.4%/87.0%
[R4] state=follower leader=2 term=2 cov=23.4%/87.0%
[R4] state=follower leader=2 term=2 cov=23.4%/87.0%
[R4] state=follower leader=2 term=2 cov=23.4%/87.0%
[R4] state=follower leader=2 term=2 cov=23.4%/87.0%
[R4] state=follower leader=2 term=2 cov=23.4%/87.0%
[R4] state=follower leader=2 term=2 cov=23.4%/87.0%
[R4] state=follower leader=2 term=2 cov=23.4%/87.0%
[R4] state=follower leader=2 term=2 cov=23.4%/87.0%
[R4] state=follower leader=2 term=2 cov=23.4%/87.0%
[R4] state=follower leader=2 term=2 cov=23.4%/87.0%
[R4] state=follower leader=2 term=2 cov=23.4%/87.0%
[R4] state=follower leader=2 term=2 cov=23.4%/87.0%
[R4] state=follower leader=2 term=2 cov=23.4%/87.0%
[R4] state=follower leader=2 term=2 cov=23.4%/87.0%
[R4] state=follower leader=2 term=2 cov=23.4%/87.0%
[R4] state=follower leader=2 term=2 cov=23.4%/87.0%
[R4] state=follower leader=2 term=2 cov=23.4%/87.0%
[R4] state=follower leader=2 term=2 cov=23.4%/87.0%
[R4] state=follower leader=2 term=2 cov=23.4%/87.0%
[R4] state=follower leader=2 term=2 cov=23.4%/87.0%
[R4] state=follower leader=2 term=2 cov=23.4%/87.0%
[R4] state=follower leader=2 term=2 cov=23.4%/87.0%
[R4] state=follower leader=2 term=2 cov=23.4%/87.0%
[R4] state=follower leader=2 term=2 cov=23.4%/87.0%
[R4] state=follower leader=2 term=2 cov=23.4%/87.0%
[R4] state=follower leader=2 term=2 cov=23.4%/87.0%
