[WARN] Hardware modules not available - running in simulation mode
=== REIP Node - Robot 3 [SIM (unique ports)] ===
Trust Model: Three-tier confidence-weighted
  Personal: 1.0, ToF: 1.0, Peer: 0.3
  Suspicion threshold: 1.5, Recovery: 0.1

  Logging to: logs/robot_3_20260227_175219.jsonl
Initializing hardware...
  Hardware: SIMULATED
[INFO] Position socket listening on port 5103
[INFO] Peer socket listening on port 5203
[INFO] Fault socket listening on port 5303
Ready!

=== Detection Bounds: T1=2 cmds, T3=8 cmds | Impeachment: T1=8 cmds, T3=32 cmds ===
Running... Press Ctrl+C to stop

[ELECTION] New leader: 3
[R3] pos=(0,0) state=leader leader=3 trust=1.00 susp=0.00 cov=0.0%/0.0%
[ELECTION] New leader: 1
[R3] pos=(835,306) state=follower leader=1 trust=1.00 susp=0.00 cov=0.5%/0.5%
[R3] pos=(814,111) state=follower leader=1 trust=1.00 susp=0.00 cov=2.6%/8.3%
[R3] pos=(920,75) state=follower leader=1 trust=1.00 susp=0.00 cov=3.6%/16.1%
[R3] pos=(803,180) state=follower leader=1 trust=1.00 susp=0.00 cov=4.2%/22.4%
[R3] pos=(923,318) state=follower leader=1 trust=1.00 susp=0.00 cov=4.7%/25.5%
[R3] pos=(922,324) state=follower leader=1 trust=1.00 susp=0.00 cov=4.7%/31.2%
[TRUST] Bad command #1 (peer_reported): suspicion +0.30 = 0.30 omega=0.252
[TRUST] Bad command #2 (peer_reported): suspicion +0.30 = 0.60 omega=0.241
[TRUST] Bad command #3 (peer_reported): suspicion +0.30 = 0.90 omega=0.233
[TRUST] Bad command #4 (peer_reported): suspicion +0.30 = 1.20 omega=0.230
[TRUST] Bad command #5 (peer_reported): suspicion +0.30 = 1.50 omega=0.215
[DETECT] First trust decay after 5 bad commands (0.84s) [Theoretical bound: T1=2, T3=8]
[CLASSIFY] Fault type: byzantine_assignment (omega=0.215, threshold=0.785)
[TRUST] Trust decayed: trust=0.80, remaining suspicion=0.00, omega=0.215, class=byzantine_assignment
[TRUST] Bad command #6 (peer_reported): suspicion +0.30 = 0.30 omega=0.211
[TRUST] Bad command #7 (peer_reported): suspicion +0.30 = 0.60 omega=0.196
[TRUST] Bad command #8 (peer_reported): suspicion +0.30 = 0.90 omega=0.194
[TRUST] Bad command #9 (peer_reported): suspicion +0.30 = 1.20 omega=0.014
[R3] pos=(925,916) state=follower leader=1 trust=0.80 susp=1.10 cov=7.3%/33.3%
[TRUST] Bad command #10 (personal_visited): suspicion +1.00 = 1.90 omega=0.765
[TRUST] Trust decayed: trust=0.60, remaining suspicion=0.40, omega=0.765, class=byzantine_assignment
[TRUST] Bad command #11 (personal_visited): suspicion +1.00 = 1.40 omega=0.996
[TRUST] Bad command #12 (personal_visited): suspicion +1.00 = 2.40 omega=1.225
[TRUST] Trust decayed: trust=0.40, remaining suspicion=0.90, omega=1.225, class=byzantine_assignment
[ELECTION] Leader 1 impeached (failures=1)
[ELECTION] New leader: 2
[R3] pos=(925,1016) state=follower leader=2 trust=1.00 susp=0.00 cov=7.8%/33.9%
[R3] pos=(809,1306) state=follower leader=2 trust=1.00 susp=0.00 cov=9.9%/39.1%
[R3] pos=(705,1425) state=follower leader=2 trust=1.00 susp=0.00 cov=12.0%/44.8%
[R3] pos=(1001,1284) state=follower leader=2 trust=1.00 susp=0.00 cov=14.1%/50.0%
[R3] pos=(1188,1179) state=follower leader=2 trust=1.00 susp=0.00 cov=16.1%/52.6%
[R3] pos=(1079,931) state=follower leader=2 trust=1.00 susp=0.00 cov=18.2%/54.7%
[R3] pos=(1313,799) state=follower leader=2 trust=1.00 susp=0.00 cov=20.3%/56.8%
[R3] pos=(1563,549) state=follower leader=2 trust=1.00 susp=0.00 cov=23.4%/59.9%
[TRUST] Bad command #1 (peer_reported): suspicion +0.30 = 0.30 omega=1.084
[R3] pos=(1810,359) state=follower leader=2 trust=1.00 susp=0.30 cov=26.6%/63.0%
[TRUST] Bad command #2 (peer_reported): suspicion +0.30 = 0.60 omega=1.023
[TRUST] Bad command #3 (peer_reported): suspicion +0.30 = 0.90 omega=1.023
[TRUST] Bad command #4 (peer_reported): suspicion +0.30 = 1.20 omega=0.819
[TRUST] Bad command #5 (peer_reported): suspicion +0.30 = 1.50 omega=0.609
[DETECT] First trust decay after 5 bad commands (0.83s) [Theoretical bound: T1=2, T3=8]
[CLASSIFY] Fault type: byzantine_assignment (omega=0.609, threshold=0.785)
[TRUST] Trust decayed: trust=0.80, remaining suspicion=0.00, omega=0.609, class=byzantine_assignment
[TRUST] Bad command #6 (peer_reported): suspicion +0.30 = 0.30 omega=0.539
[TRUST] Bad command #7 (peer_reported): suspicion +0.30 = 0.60 omega=0.343
[TRUST] Bad command #8 (peer_reported): suspicion +0.30 = 0.90 omega=0.278
[TRUST] Bad command #9 (peer_reported): suspicion +0.30 = 1.20 omega=0.003
[TRUST] Bad command #10 (peer_reported): suspicion +0.30 = 1.50 omega=0.000
[TRUST] Trust decayed: trust=0.60, remaining suspicion=0.00, omega=0.000, class=byzantine_assignment
[R3] pos=(1322,643) state=follower leader=2 trust=0.60 susp=0.00 cov=26.6%/63.0%
[TRUST] Bad command #11 (peer_reported): suspicion +0.30 = 0.30 omega=0.000
[TRUST] Bad command #12 (peer_reported): suspicion +0.30 = 0.60 omega=0.000
[TRUST] Bad command #13 (peer_reported): suspicion +0.30 = 0.90 omega=0.000
[TRUST] Bad command #14 (peer_reported): suspicion +0.30 = 1.20 omega=0.000
[TRUST] Bad command #15 (peer_reported): suspicion +0.30 = 1.50 omega=0.000
[TRUST] Trust decayed: trust=0.40, remaining suspicion=0.00, omega=0.000, class=byzantine_assignment
[ELECTION] Leader 2 impeached (failures=1)
[ELECTION] New leader: 3
[R3] pos=(1076,699) state=leader leader=3 trust=1.00 susp=0.00 cov=28.1%/65.1%
[R3] pos=(1076,699) state=leader leader=3 trust=1.00 susp=0.00 cov=28.1%/65.1%
[R3] pos=(1076,699) state=leader leader=3 trust=1.00 susp=0.00 cov=28.1%/65.1%
[R3] pos=(1076,699) state=leader leader=3 trust=1.00 susp=0.00 cov=28.1%/65.1%
[R3] pos=(1076,699) state=leader leader=3 trust=1.00 susp=0.00 cov=28.1%/65.1%
[R3] pos=(1076,699) state=leader leader=3 trust=1.00 susp=0.00 cov=28.1%/65.1%
[R3] pos=(1076,699) state=leader leader=3 trust=1.00 susp=0.00 cov=28.1%/65.1%
[R3] pos=(1076,699) state=leader leader=3 trust=1.00 susp=0.00 cov=28.1%/65.1%
[R3] pos=(1076,699) state=leader leader=3 trust=1.00 susp=0.00 cov=28.1%/65.1%
[R3] pos=(1076,699) state=leader leader=3 trust=1.00 susp=0.00 cov=28.1%/65.1%
[R3] pos=(1076,699) state=leader leader=3 trust=1.00 susp=0.00 cov=28.1%/65.1%
[R3] pos=(1076,699) state=leader leader=3 trust=1.00 susp=0.00 cov=28.1%/65.1%
[R3] pos=(1076,699) state=leader leader=3 trust=1.00 susp=0.00 cov=28.1%/65.1%
[R3] pos=(1076,699) state=leader leader=3 trust=1.00 susp=0.00 cov=28.1%/65.1%
[R3] pos=(1076,699) state=leader leader=3 trust=1.00 susp=0.00 cov=28.1%/65.1%
[R3] pos=(1076,699) state=leader leader=3 trust=1.00 susp=0.00 cov=28.1%/65.1%
[R3] pos=(1076,699) state=leader leader=3 trust=1.00 susp=0.00 cov=28.1%/65.1%
[R3] pos=(1076,699) state=leader leader=3 trust=1.00 susp=0.00 cov=28.1%/65.1%
[R3] pos=(1076,699) state=leader leader=3 trust=1.00 susp=0.00 cov=28.1%/65.1%
[R3] pos=(1076,699) state=leader leader=3 trust=1.00 susp=0.00 cov=28.1%/65.1%
[R3] pos=(1076,699) state=leader leader=3 trust=1.00 susp=0.00 cov=28.1%/65.1%
[R3] pos=(1076,699) state=leader leader=3 trust=1.00 susp=0.00 cov=28.1%/65.1%
[R3] pos=(1076,699) state=leader leader=3 trust=1.00 susp=0.00 cov=28.1%/65.1%
[R3] pos=(1076,624) state=leader leader=3 trust=1.00 susp=0.00 cov=28.6%/66.1%
[R3] pos=(1414,329) state=leader leader=3 trust=1.00 susp=0.00 cov=32.3%/73.4%
[R3] pos=(1777,75) state=leader leader=3 trust=1.00 susp=0.00 cov=35.9%/81.2%
[R3] pos=(1925,75) state=leader leader=3 trust=1.00 susp=0.00 cov=38.0%/84.9%
[R3] pos=(1344,75) state=leader leader=3 trust=1.00 susp=0.00 cov=39.1%/87.5%
[R3] pos=(1344,75) state=leader leader=3 trust=1.00 susp=0.00 cov=39.1%/87.5%
[R3] pos=(1344,75) state=leader leader=3 trust=1.00 susp=0.00 cov=39.1%/87.5%
[R3] pos=(1344,75) state=leader leader=3 trust=1.00 susp=0.00 cov=39.1%/87.5%
[R3] pos=(1344,75) state=leader leader=3 trust=1.00 susp=0.00 cov=39.1%/87.5%
[R3] pos=(1344,75) state=leader leader=3 trust=1.00 susp=0.00 cov=39.1%/87.5%
[R3] pos=(1344,75) state=leader leader=3 trust=1.00 susp=0.00 cov=39.1%/87.5%
[R3] pos=(1344,75) state=leader leader=3 trust=1.00 susp=0.00 cov=39.1%/87.5%
[R3] pos=(1344,75) state=leader leader=3 trust=1.00 susp=0.00 cov=39.1%/87.5%
[R3] pos=(1344,75) state=leader leader=3 trust=1.00 susp=0.00 cov=39.1%/87.5%
[R3] pos=(1344,75) state=leader leader=3 trust=1.00 susp=0.00 cov=39.1%/87.5%
[R3] pos=(1344,75) state=leader leader=3 trust=1.00 susp=0.00 cov=39.1%/87.5%
[R3] pos=(1344,75) state=leader leader=3 trust=1.00 susp=0.00 cov=39.1%/87.5%
[R3] pos=(1308,205) state=leader leader=3 trust=1.00 susp=0.00 cov=39.6%/88.5%
[R3] pos=(1308,205) state=leader leader=3 trust=1.00 susp=0.00 cov=39.6%/88.5%
[R3] pos=(1308,205) state=leader leader=3 trust=1.00 susp=0.00 cov=39.6%/88.5%
[R3] pos=(1308,205) state=leader leader=3 trust=1.00 susp=0.00 cov=39.6%/88.5%
[R3] pos=(1308,205) state=leader leader=3 trust=1.00 susp=0.00 cov=39.6%/88.5%
[R3] pos=(1308,205) state=leader leader=3 trust=1.00 susp=0.00 cov=39.6%/88.5%
