[WARN] Hardware modules not available - simulation mode
=== RAFT Baseline - Robot 3 [SIM] ===
NO TRUST. Heartbeat timeout only.

  Logging to: logs/raft_3_20260226_203852.jsonl
Initializing hardware...
  Hardware: SIMULATED
[INFO] Position socket listening on port 22103
[INFO] Peer socket listening on port 22203
[INFO] Fault socket listening on port 22303
Ready!

Running RAFT baseline... Press Ctrl+C to stop

[R3] state=follower leader=None term=0 cov=0.0%/0.0%
[R3] state=follower leader=2 term=1 cov=0.5%/0.5%
[R3] state=follower leader=2 term=1 cov=3.1%/13.5%
[R3] state=follower leader=2 term=1 cov=4.7%/21.9%
[R3] state=follower leader=2 term=1 cov=7.3%/29.7%
[R3] state=follower leader=2 term=1 cov=9.4%/36.5%
[R3] state=follower leader=2 term=1 cov=9.4%/40.6%
[R3] state=follower leader=2 term=1 cov=10.4%/43.8%
[R3] state=follower leader=2 term=1 cov=10.4%/47.4%
[R3] state=follower leader=2 term=1 cov=10.4%/49.5%
[R3] state=follower leader=2 term=1 cov=10.4%/51.6%
[R3] state=follower leader=2 term=1 cov=11.5%/56.8%
[R3] state=follower leader=2 term=1 cov=11.5%/61.5%
[R3] state=follower leader=2 term=1 cov=12.0%/66.7%
[R3] state=follower leader=2 term=1 cov=12.0%/70.3%
[R3] state=follower leader=2 term=1 cov=12.0%/76.6%
[R3] state=follower leader=2 term=1 cov=12.0%/81.8%
[R3] state=follower leader=2 term=1 cov=12.0%/85.9%
[R3] state=follower leader=2 term=1 cov=12.0%/90.6%
[R3] state=follower leader=2 term=1 cov=12.0%/92.7%
[R3] state=follower leader=2 term=1 cov=12.0%/94.8%
[R3] state=follower leader=2 term=1 cov=12.0%/99.0%
[R3] state=follower leader=2 term=1 cov=12.0%/99.5%
[R3] state=follower leader=2 term=1 cov=12.0%/99.5%
[R3] state=follower leader=2 term=1 cov=12.0%/99.5%
[R3] state=follower leader=2 term=1 cov=12.0%/99.5%
[R3] state=follower leader=2 term=1 cov=12.0%/99.5%
[R3] state=follower leader=2 term=1 cov=12.0%/99.5%
[R3] state=follower leader=2 term=1 cov=12.0%/99.5%
[R3] state=follower leader=2 term=1 cov=12.0%/99.5%
[R3] state=follower leader=2 term=1 cov=12.0%/99.5%
[R3] state=follower leader=2 term=1 cov=12.0%/99.5%
[R3] state=follower leader=2 term=1 cov=12.0%/99.5%
[R3] state=follower leader=2 term=1 cov=12.0%/99.5%
[R3] state=follower leader=2 term=1 cov=12.0%/99.5%
[R3] state=follower leader=2 term=1 cov=12.0%/99.5%
[R3] state=follower leader=2 term=1 cov=12.0%/99.5%
[R3] state=follower leader=2 term=1 cov=12.0%/99.5%
[R3] state=follower leader=2 term=1 cov=12.0%/99.5%
[R3] state=follower leader=2 term=1 cov=12.0%/99.5%
[R3] state=follower leader=2 term=1 cov=12.0%/99.5%
[R3] state=follower leader=2 term=1 cov=12.0%/99.5%
[R3] state=follower leader=2 term=1 cov=12.0%/99.5%
[R3] state=follower leader=2 term=1 cov=12.0%/99.5%
[R3] state=follower leader=2 term=1 cov=12.0%/99.5%
[R3] state=follower leader=2 term=1 cov=12.0%/99.5%
[R3] state=follower leader=2 term=1 cov=12.0%/99.5%
[R3] state=follower leader=2 term=1 cov=12.0%/99.5%
[R3] state=follower leader=2 term=1 cov=12.0%/99.5%
[R3] state=follower leader=2 term=1 cov=12.0%/99.5%
[R3] state=follower leader=2 term=1 cov=12.0%/99.5%
[R3] state=follower leader=2 term=1 cov=12.0%/99.5%
[R3] state=follower leader=2 term=1 cov=12.0%/99.5%
[R3] state=follower leader=2 term=1 cov=12.0%/99.5%
[R3] state=follower leader=2 term=1 cov=12.0%/99.5%
[R3] state=follower leader=2 term=1 cov=12.0%/99.5%
[R3] state=follower leader=2 term=1 cov=12.0%/99.5%
[R3] state=follower leader=2 term=1 cov=12.0%/99.5%
[R3] state=follower leader=2 term=1 cov=12.0%/99.5%
[R3] state=follower leader=2 term=1 cov=12.0%/99.5%
[R3] state=follower leader=2 term=1 cov=12.0%/99.5%
