[WARN] Hardware modules not available - simulation mode
=== RAFT Baseline - Robot 4 [SIM] ===
NO TRUST. Heartbeat timeout only.

  Logging to: logs/raft_4_20260226_203852.jsonl
Initializing hardware...
  Hardware: SIMULATED
[INFO] Position socket listening on port 22104
[INFO] Peer socket listening on port 22204
[INFO] Fault socket listening on port 22304
Ready!

Running RAFT baseline... Press Ctrl+C to stop

[R4] state=follower leader=None term=0 cov=0.0%/0.0%
[R4] state=follower leader=2 term=1 cov=0.5%/0.5%
[R4] state=follower leader=2 term=1 cov=2.1%/13.5%
[R4] state=follower leader=2 term=1 cov=3.6%/21.9%
[R4] state=follower leader=2 term=1 cov=4.7%/29.7%
[R4] state=follower leader=2 term=1 cov=6.8%/36.5%
[R4] state=follower leader=2 term=1 cov=8.3%/40.6%
[R4] state=follower leader=2 term=1 cov=10.9%/43.8%
[R4] state=follower leader=2 term=1 cov=14.1%/47.4%
[R4] state=follower leader=2 term=1 cov=15.1%/49.5%
[R4] state=follower leader=2 term=1 cov=16.1%/51.6%
[R4] state=follower leader=2 term=1 cov=19.3%/56.8%
[R4] state=follower leader=2 term=1 cov=21.4%/61.5%
[R4] state=follower leader=2 term=1 cov=25.0%/66.7%
[R4] state=follower leader=2 term=1 cov=27.6%/71.9%
[R4] state=follower leader=2 term=1 cov=29.2%/76.6%
[R4] state=follower leader=2 term=1 cov=31.8%/81.8%
[R4] state=follower leader=2 term=1 cov=33.3%/85.9%
[R4] state=follower leader=2 term=1 cov=35.4%/90.6%
[R4] state=follower leader=2 term=1 cov=36.5%/92.7%
[R4] state=follower leader=2 term=1 cov=38.0%/94.8%
[R4] state=follower leader=2 term=1 cov=39.6%/99.0%
[R4] state=follower leader=2 term=1 cov=39.6%/99.5%
[R4] state=follower leader=2 term=1 cov=39.6%/99.5%
[R4] state=follower leader=2 term=1 cov=39.6%/99.5%
[R4] state=follower leader=2 term=1 cov=39.6%/99.5%
[R4] state=follower leader=2 term=1 cov=39.6%/99.5%
[R4] state=follower leader=2 term=1 cov=39.6%/99.5%
[R4] state=follower leader=2 term=1 cov=39.6%/99.5%
[R4] state=follower leader=2 term=1 cov=39.6%/99.5%
[R4] state=follower leader=2 term=1 cov=39.6%/99.5%
[R4] state=follower leader=2 term=1 cov=39.6%/99.5%
[R4] state=follower leader=2 term=1 cov=39.6%/99.5%
[R4] state=follower leader=2 term=1 cov=39.6%/99.5%
[R4] state=follower leader=2 term=1 cov=39.6%/99.5%
[R4] state=follower leader=2 term=1 cov=39.6%/99.5%
[R4] state=follower leader=2 term=1 cov=39.6%/99.5%
[R4] state=follower leader=2 term=1 cov=39.6%/99.5%
[R4] state=follower leader=2 term=1 cov=39.6%/99.5%
[R4] state=follower leader=2 term=1 cov=39.6%/99.5%
[R4] state=follower leader=2 term=1 cov=39.6%/99.5%
[R4] state=follower leader=2 term=1 cov=39.6%/99.5%
[R4] state=follower leader=2 term=1 cov=39.6%/99.5%
[R4] state=follower leader=2 term=1 cov=39.6%/99.5%
[R4] state=follower leader=2 term=1 cov=39.6%/99.5%
[R4] state=follower leader=2 term=1 cov=39.6%/99.5%
[R4] state=follower leader=2 term=1 cov=39.6%/99.5%
[R4] state=follower leader=2 term=1 cov=39.6%/99.5%
[R4] state=follower leader=2 term=1 cov=39.6%/99.5%
[R4] state=follower leader=2 term=1 cov=39.6%/99.5%
[R4] state=follower leader=2 term=1 cov=39.6%/99.5%
[R4] state=follower leader=2 term=1 cov=39.6%/99.5%
[R4] state=follower leader=2 term=1 cov=39.6%/99.5%
[R4] state=follower leader=2 term=1 cov=39.6%/99.5%
[R4] state=follower leader=2 term=1 cov=39.6%/99.5%
[R4] state=follower leader=2 term=1 cov=39.6%/99.5%
[R4] state=follower leader=2 term=1 cov=39.6%/99.5%
[R4] state=follower leader=2 term=1 cov=39.6%/99.5%
[R4] state=follower leader=2 term=1 cov=39.6%/99.5%
[R4] state=follower leader=2 term=1 cov=39.6%/99.5%
[R4] state=follower leader=2 term=1 cov=39.6%/99.5%
