[WARN] Hardware modules not available - simulation mode
=== RAFT Baseline - Robot 1 [SIM] ===
NO TRUST. Heartbeat timeout only.

  Logging to: logs/raft_1_20260226_172345.jsonl
Initializing hardware...
  Hardware: SIMULATED
[INFO] Position socket listening on port 26101
[INFO] Peer socket listening on port 26201
[INFO] Fault socket listening on port 26301
Ready!

Running RAFT baseline... Press Ctrl+C to stop

[R1] state=follower leader=None term=0 cov=0.0%/0.0%
[R1] state=follower leader=2 term=1 cov=0.5%/0.5%
[R1] state=follower leader=2 term=1 cov=2.6%/12.5%
[R1] state=follower leader=2 term=1 cov=4.2%/21.4%
[R1] state=follower leader=2 term=1 cov=6.8%/31.2%
[R1] state=follower leader=2 term=1 cov=9.4%/44.3%
[R1] state=follower leader=2 term=1 cov=11.5%/53.6%
[R1] state=follower leader=2 term=1 cov=12.5%/64.1%
[R1] state=follower leader=2 term=1 cov=13.5%/74.5%
[R1] state=follower leader=2 term=1 cov=14.6%/81.8%
[R1] state=follower leader=2 term=1 cov=16.1%/87.0%
[R1] state=follower leader=2 term=1 cov=17.2%/90.1%
[R1] state=follower leader=2 term=1 cov=18.2%/96.4%
[R1] state=follower leader=2 term=1 cov=21.4%/100.0%
[R1] state=follower leader=2 term=1 cov=22.4%/100.0%
[R1] state=follower leader=2 term=1 cov=22.4%/100.0%
[R1] state=follower leader=2 term=1 cov=22.4%/100.0%
[R1] state=follower leader=2 term=1 cov=22.4%/100.0%
[R1] state=follower leader=2 term=1 cov=22.4%/100.0%
[R1] state=follower leader=2 term=1 cov=22.4%/100.0%
[R1] state=follower leader=2 term=1 cov=22.4%/100.0%
[FAULT] Injected: spin
[R1] state=follower leader=2 term=1 cov=22.4%/100.0%
[R1] state=follower leader=2 term=1 cov=22.4%/100.0%
[R1] state=follower leader=2 term=1 cov=22.4%/100.0%
[R1] state=follower leader=2 term=1 cov=22.4%/100.0%
[R1] state=follower leader=2 term=1 cov=22.4%/100.0%
[R1] state=follower leader=2 term=1 cov=22.4%/100.0%
[R1] state=follower leader=2 term=1 cov=22.4%/100.0%
[R1] state=follower leader=2 term=1 cov=22.4%/100.0%
[R1] state=follower leader=2 term=1 cov=22.4%/100.0%
[R1] state=follower leader=2 term=1 cov=22.4%/100.0%
[R1] state=follower leader=2 term=1 cov=22.4%/100.0%
[R1] state=follower leader=2 term=1 cov=22.4%/100.0%
[R1] state=follower leader=2 term=1 cov=22.4%/100.0%
[R1] state=follower leader=2 term=1 cov=22.4%/100.0%
[R1] state=follower leader=2 term=1 cov=22.4%/100.0%
[R1] state=follower leader=2 term=1 cov=22.4%/100.0%
[R1] state=follower leader=2 term=1 cov=22.4%/100.0%
[R1] state=follower leader=2 term=1 cov=22.4%/100.0%
[R1] state=follower leader=2 term=1 cov=22.4%/100.0%
[R1] state=follower leader=2 term=1 cov=22.4%/100.0%
[R1] state=follower leader=2 term=1 cov=22.4%/100.0%
[R1] state=follower leader=2 term=1 cov=22.4%/100.0%
[R1] state=follower leader=2 term=1 cov=22.4%/100.0%
[R1] state=follower leader=2 term=1 cov=22.4%/100.0%
[R1] state=follower leader=2 term=1 cov=22.4%/100.0%
[R1] state=follower leader=2 term=1 cov=22.4%/100.0%
[R1] state=follower leader=2 term=1 cov=22.4%/100.0%
[R1] state=follower leader=2 term=1 cov=22.4%/100.0%
[R1] state=follower leader=2 term=1 cov=22.4%/100.0%
[R1] state=follower leader=2 term=1 cov=22.4%/100.0%
[R1] state=follower leader=2 term=1 cov=22.4%/100.0%
[R1] state=follower leader=2 term=1 cov=22.4%/100.0%
[R1] state=follower leader=2 term=1 cov=22.4%/100.0%
[R1] state=follower leader=2 term=1 cov=22.4%/100.0%
[R1] state=follower leader=2 term=1 cov=22.4%/100.0%
[R1] state=follower leader=2 term=1 cov=22.4%/100.0%
[R1] state=follower leader=2 term=1 cov=22.4%/100.0%
[R1] state=follower leader=2 term=1 cov=22.4%/100.0%
[R1] state=follower leader=2 term=1 cov=22.4%/100.0%
[R1] state=follower leader=2 term=1 cov=22.4%/100.0%
