[WARN] Hardware modules not available - simulation mode
=== RAFT Baseline - Robot 2 [SIM] ===
NO TRUST. Heartbeat timeout only.

  Logging to: logs/raft_2_20260226_173919.jsonl
Initializing hardware...
  Hardware: SIMULATED
[INFO] Position socket listening on port 20102
[INFO] Peer socket listening on port 20202
[INFO] Fault socket listening on port 20302
Ready!

Running RAFT baseline... Press Ctrl+C to stop

[R2] state=follower leader=None term=0 cov=0.0%/0.0%
[R2] state=follower leader=3 term=1 cov=0.5%/0.5%
[R2] state=follower leader=3 term=1 cov=2.6%/13.5%
[R2] state=follower leader=3 term=1 cov=4.7%/23.4%
[R2] state=follower leader=3 term=1 cov=7.3%/35.9%
[R2] state=follower leader=3 term=1 cov=8.9%/48.4%
[R2] state=follower leader=3 term=1 cov=9.4%/56.2%
[R2] state=follower leader=3 term=1 cov=10.9%/70.8%
[R2] state=follower leader=3 term=1 cov=12.0%/78.6%
[R2] state=follower leader=3 term=1 cov=13.0%/88.0%
[R2] state=follower leader=3 term=1 cov=15.1%/95.3%
[R2] state=follower leader=3 term=1 cov=16.7%/96.9%
[R2] state=follower leader=3 term=1 cov=19.3%/100.0%
[R2] state=follower leader=3 term=1 cov=19.3%/100.0%
[R2] state=follower leader=3 term=1 cov=19.3%/100.0%
[R2] state=follower leader=3 term=1 cov=19.3%/100.0%
[R2] state=follower leader=3 term=1 cov=19.3%/100.0%
[R2] state=follower leader=3 term=1 cov=19.3%/100.0%
[R2] state=follower leader=3 term=1 cov=19.3%/100.0%
[R2] state=follower leader=3 term=1 cov=19.3%/100.0%
[R2] state=follower leader=3 term=1 cov=19.3%/100.0%
[R2] state=follower leader=3 term=1 cov=19.3%/100.0%
[R2] state=follower leader=3 term=1 cov=19.3%/100.0%
[R2] state=follower leader=3 term=1 cov=19.3%/100.0%
[R2] state=follower leader=3 term=1 cov=19.3%/100.0%
[R2] state=follower leader=3 term=1 cov=19.3%/100.0%
[R2] state=follower leader=3 term=1 cov=19.3%/100.0%
[R2] state=follower leader=3 term=1 cov=19.3%/100.0%
[R2] state=follower leader=3 term=1 cov=19.3%/100.0%
[R2] state=follower leader=3 term=1 cov=19.3%/100.0%
[R2] state=follower leader=3 term=1 cov=19.3%/100.0%
[R2] state=follower leader=3 term=1 cov=19.3%/100.0%
[R2] state=follower leader=3 term=1 cov=19.3%/100.0%
[R2] state=follower leader=3 term=1 cov=19.3%/100.0%
[R2] state=follower leader=3 term=1 cov=19.3%/100.0%
[R2] state=follower leader=3 term=1 cov=19.3%/100.0%
[R2] state=follower leader=3 term=1 cov=19.3%/100.0%
[R2] state=follower leader=3 term=1 cov=19.3%/100.0%
[R2] state=follower leader=3 term=1 cov=19.3%/100.0%
[R2] state=follower leader=3 term=1 cov=19.3%/100.0%
[R2] state=follower leader=3 term=1 cov=19.3%/100.0%
[R2] state=follower leader=3 term=1 cov=19.3%/100.0%
[R2] state=follower leader=3 term=1 cov=19.3%/100.0%
[R2] state=follower leader=3 term=1 cov=19.3%/100.0%
[R2] state=follower leader=3 term=1 cov=19.3%/100.0%
[R2] state=follower leader=3 term=1 cov=19.3%/100.0%
[R2] state=follower leader=3 term=1 cov=19.3%/100.0%
[R2] state=follower leader=3 term=1 cov=19.3%/100.0%
[R2] state=follower leader=3 term=1 cov=19.3%/100.0%
[R2] state=follower leader=3 term=1 cov=19.3%/100.0%
[R2] state=follower leader=3 term=1 cov=19.3%/100.0%
[R2] state=follower leader=3 term=1 cov=19.3%/100.0%
[R2] state=follower leader=3 term=1 cov=19.3%/100.0%
[R2] state=follower leader=3 term=1 cov=19.3%/100.0%
[R2] state=follower leader=3 term=1 cov=19.3%/100.0%
[R2] state=follower leader=3 term=1 cov=19.3%/100.0%
[R2] state=follower leader=3 term=1 cov=19.3%/100.0%
[R2] state=follower leader=3 term=1 cov=19.3%/100.0%
[R2] state=follower leader=3 term=1 cov=19.3%/100.0%
[R2] state=follower leader=3 term=1 cov=19.3%/100.0%
[R2] state=follower leader=3 term=1 cov=19.3%/100.0%
