[WARN] Hardware modules not available - running in simulation mode
=== REIP Node - Robot 1 [SIM (unique ports)] ===
Trust Model: Three-tier confidence-weighted
  Personal: 1.0, ToF: 1.0, Peer: 0.3
  Suspicion threshold: 1.5, Recovery: 0.1

  Logging to: logs/robot_1_20260226_184150.jsonl
Initializing hardware...
  Hardware: SIMULATED
[INFO] Position socket listening on port 5101
[INFO] Peer socket listening on port 5201
[INFO] Fault socket listening on port 5301
Ready!

=== Detection Bounds: T1=2 cmds, T3=8 cmds | Impeachment: T1=8 cmds, T3=32 cmds ===
Running... Press Ctrl+C to stop

[ELECTION] New leader: 1
[R1] pos=(0,0) state=leader leader=1 trust=1.00 susp=0.00 cov=0.0%/0.0%
[R1] pos=(1222,544) state=leader leader=1 trust=1.00 susp=0.00 cov=0.5%/0.5%
[R1] pos=(1062,685) state=leader leader=1 trust=1.00 susp=0.00 cov=2.6%/12.0%
[R1] pos=(891,965) state=leader leader=1 trust=1.00 susp=0.00 cov=6.2%/23.4%
[R1] pos=(873,1155) state=leader leader=1 trust=1.00 susp=0.00 cov=7.3%/32.8%
[R1] pos=(878,1158) state=leader leader=1 trust=1.00 susp=0.00 cov=7.8%/37.5%
[R1] pos=(584,1313) state=leader leader=1 trust=1.00 susp=0.00 cov=9.9%/43.8%
[R1] pos=(305,1184) state=leader leader=1 trust=1.00 susp=0.00 cov=13.0%/51.0%
[R1] pos=(75,1331) state=leader leader=1 trust=1.00 susp=0.00 cov=15.1%/60.4%
[R1] pos=(569,1179) state=leader leader=1 trust=1.00 susp=0.00 cov=17.2%/71.4%
[R1] pos=(414,1086) state=leader leader=1 trust=1.00 susp=0.00 cov=19.8%/80.7%
[R1] pos=(948,1425) state=leader leader=1 trust=1.00 susp=0.00 cov=21.4%/89.1%
[R1] pos=(1071,1203) state=leader leader=1 trust=1.00 susp=0.00 cov=24.5%/97.9%
[R1] pos=(1071,1203) state=leader leader=1 trust=1.00 susp=0.00 cov=24.5%/100.0%
[R1] pos=(1071,1203) state=leader leader=1 trust=1.00 susp=0.00 cov=24.5%/100.0%
[R1] pos=(1071,1203) state=leader leader=1 trust=1.00 susp=0.00 cov=24.5%/100.0%
[R1] pos=(1071,1203) state=leader leader=1 trust=1.00 susp=0.00 cov=24.5%/100.0%
[FAULT] Motor fault injected: spin
[R1] pos=(1071,1203) state=leader leader=1 trust=1.00 susp=0.00 cov=24.5%/100.0%
[R1] pos=(1071,1203) state=leader leader=1 trust=1.00 susp=0.00 cov=24.5%/100.0%
[R1] pos=(1071,1203) state=leader leader=1 trust=1.00 susp=0.00 cov=24.5%/100.0%
[R1] pos=(1071,1203) state=leader leader=1 trust=1.00 susp=0.00 cov=24.5%/100.0%
[R1] pos=(1071,1203) state=leader leader=1 trust=1.00 susp=0.00 cov=24.5%/100.0%
[R1] pos=(1071,1203) state=leader leader=1 trust=1.00 susp=0.00 cov=24.5%/100.0%
[R1] pos=(1071,1203) state=leader leader=1 trust=1.00 susp=0.00 cov=24.5%/100.0%
[R1] pos=(1071,1203) state=leader leader=1 trust=1.00 susp=0.00 cov=24.5%/100.0%
[R1] pos=(1071,1203) state=leader leader=1 trust=1.00 susp=0.00 cov=24.5%/100.0%
[R1] pos=(1071,1203) state=leader leader=1 trust=1.00 susp=0.00 cov=24.5%/100.0%
[R1] pos=(1071,1203) state=leader leader=1 trust=1.00 susp=0.00 cov=24.5%/100.0%
[R1] pos=(1071,1203) state=leader leader=1 trust=1.00 susp=0.00 cov=24.5%/100.0%
[R1] pos=(1071,1203) state=leader leader=1 trust=1.00 susp=0.00 cov=24.5%/100.0%
[R1] pos=(1071,1203) state=leader leader=1 trust=1.00 susp=0.00 cov=24.5%/100.0%
[R1] pos=(1071,1203) state=leader leader=1 trust=1.00 susp=0.00 cov=24.5%/100.0%
[R1] pos=(1071,1203) state=leader leader=1 trust=1.00 susp=0.00 cov=24.5%/100.0%
[R1] pos=(1071,1203) state=leader leader=1 trust=1.00 susp=0.00 cov=24.5%/100.0%
[R1] pos=(1071,1203) state=leader leader=1 trust=1.00 susp=0.00 cov=24.5%/100.0%
[R1] pos=(1071,1203) state=leader leader=1 trust=1.00 susp=0.00 cov=24.5%/100.0%
[R1] pos=(1071,1203) state=leader leader=1 trust=1.00 susp=0.00 cov=24.5%/100.0%
[R1] pos=(1071,1203) state=leader leader=1 trust=1.00 susp=0.00 cov=24.5%/100.0%
[R1] pos=(1071,1203) state=leader leader=1 trust=1.00 susp=0.00 cov=24.5%/100.0%
[R1] pos=(1071,1203) state=leader leader=1 trust=1.00 susp=0.00 cov=24.5%/100.0%
[R1] pos=(1071,1203) state=leader leader=1 trust=1.00 susp=0.00 cov=24.5%/100.0%
[R1] pos=(1071,1203) state=leader leader=1 trust=1.00 susp=0.00 cov=24.5%/100.0%
[R1] pos=(1071,1203) state=leader leader=1 trust=1.00 susp=0.00 cov=24.5%/100.0%
[R1] pos=(1071,1203) state=leader leader=1 trust=1.00 susp=0.00 cov=24.5%/100.0%
[R1] pos=(1071,1203) state=leader leader=1 trust=1.00 susp=0.00 cov=24.5%/100.0%
[R1] pos=(1071,1203) state=leader leader=1 trust=1.00 susp=0.00 cov=24.5%/100.0%
[R1] pos=(1071,1203) state=leader leader=1 trust=1.00 susp=0.00 cov=24.5%/100.0%
[R1] pos=(1071,1203) state=leader leader=1 trust=1.00 susp=0.00 cov=24.5%/100.0%
[R1] pos=(1071,1203) state=leader leader=1 trust=1.00 susp=0.00 cov=24.5%/100.0%
[R1] pos=(1071,1203) state=leader leader=1 trust=1.00 susp=0.00 cov=24.5%/100.0%
[R1] pos=(1071,1203) state=leader leader=1 trust=1.00 susp=0.00 cov=24.5%/100.0%
[R1] pos=(1071,1203) state=leader leader=1 trust=1.00 susp=0.00 cov=24.5%/100.0%
[R1] pos=(1071,1203) state=leader leader=1 trust=1.00 susp=0.00 cov=24.5%/100.0%
[R1] pos=(1071,1203) state=leader leader=1 trust=1.00 susp=0.00 cov=24.5%/100.0%
[R1] pos=(1071,1203) state=leader leader=1 trust=1.00 susp=0.00 cov=24.5%/100.0%
[R1] pos=(1071,1203) state=leader leader=1 trust=1.00 susp=0.00 cov=24.5%/100.0%
[R1] pos=(1071,1203) state=leader leader=1 trust=1.00 susp=0.00 cov=24.5%/100.0%
[R1] pos=(1071,1203) state=leader leader=1 trust=1.00 susp=0.00 cov=24.5%/100.0%
[R1] pos=(1071,1203) state=leader leader=1 trust=1.00 susp=0.00 cov=24.5%/100.0%
[R1] pos=(1071,1203) state=leader leader=1 trust=1.00 susp=0.00 cov=24.5%/100.0%
[R1] pos=(1071,1203) state=leader leader=1 trust=1.00 susp=0.00 cov=24.5%/100.0%
[R1] pos=(1071,1203) state=leader leader=1 trust=1.00 susp=0.00 cov=24.5%/100.0%
[R1] pos=(1071,1203) state=leader leader=1 trust=1.00 susp=0.00 cov=24.5%/100.0%
[R1] pos=(1071,1203) state=leader leader=1 trust=1.00 susp=0.00 cov=24.5%/100.0%
[R1] pos=(1071,1203) state=leader leader=1 trust=1.00 susp=0.00 cov=24.5%/100.0%
[R1] pos=(1071,1203) state=leader leader=1 trust=1.00 susp=0.00 cov=24.5%/100.0%
[R1] pos=(1071,1203) state=leader leader=1 trust=1.00 susp=0.00 cov=24.5%/100.0%
[R1] pos=(1071,1203) state=leader leader=1 trust=1.00 susp=0.00 cov=24.5%/100.0%
[R1] pos=(1071,1203) state=leader leader=1 trust=1.00 susp=0.00 cov=24.5%/100.0%
[R1] pos=(1071,1203) state=leader leader=1 trust=1.00 susp=0.00 cov=24.5%/100.0%
[R1] pos=(1071,1203) state=leader leader=1 trust=1.00 susp=0.00 cov=24.5%/100.0%
[R1] pos=(1071,1203) state=leader leader=1 trust=1.00 susp=0.00 cov=24.5%/100.0%
[R1] pos=(1071,1203) state=leader leader=1 trust=1.00 susp=0.00 cov=24.5%/100.0%
[R1] pos=(1071,1203) state=leader leader=1 trust=1.00 susp=0.00 cov=24.5%/100.0%
[R1] pos=(1071,1203) state=leader leader=1 trust=1.00 susp=0.00 cov=24.5%/100.0%
[R1] pos=(1071,1203) state=leader leader=1 trust=1.00 susp=0.00 cov=24.5%/100.0%
[R1] pos=(1071,1203) state=leader leader=1 trust=1.00 susp=0.00 cov=24.5%/100.0%
[R1] pos=(1071,1203) state=leader leader=1 trust=1.00 susp=0.00 cov=24.5%/100.0%
