[WARN] Hardware modules not available - running in simulation mode
=== REIP Node - Robot 2 [SIM (unique ports)] ===
Trust Model: Three-tier confidence-weighted
  Personal: 1.0, ToF: 1.0, Peer: 0.3
  Suspicion threshold: 1.5, Recovery: 0.1

  Logging to: logs/robot_2_20260227_180010.jsonl
Initializing hardware...
  Hardware: SIMULATED
[INFO] Position socket listening on port 13102
[INFO] Peer socket listening on port 13202
[INFO] Fault socket listening on port 13302
Ready!

=== DECENTRALIZED MODE - No leader coordination ===
=== Detection Bounds: T1=2 cmds, T3=8 cmds | Impeachment: T1=8 cmds, T3=32 cmds ===
Running... Press Ctrl+C to stop

[R2] pos=(0,0) state=exploring leader=None trust=1.00 susp=0.00 cov=0.0%/0.0%
[R2] pos=(397,711) state=exploring leader=None trust=1.00 susp=0.00 cov=0.5%/2.1%
[R2] pos=(150,560) state=exploring leader=None trust=1.00 susp=0.00 cov=3.1%/11.5%
[R2] pos=(562,697) state=exploring leader=None trust=1.00 susp=0.00 cov=5.2%/19.8%
[R2] pos=(688,586) state=exploring leader=None trust=1.00 susp=0.00 cov=7.3%/24.0%
[R2] pos=(762,443) state=exploring leader=None trust=1.00 susp=0.00 cov=8.3%/26.6%
[R2] pos=(815,706) state=exploring leader=None trust=1.00 susp=0.00 cov=9.4%/29.2%
[R2] pos=(815,706) state=exploring leader=None trust=1.00 susp=0.00 cov=9.4%/29.2%
[R2] pos=(815,706) state=exploring leader=None trust=1.00 susp=0.00 cov=9.4%/29.2%
[R2] pos=(813,781) state=exploring leader=None trust=1.00 susp=0.00 cov=9.9%/29.7%
[R2] pos=(678,1062) state=exploring leader=None trust=1.00 susp=0.00 cov=11.5%/31.2%
[R2] pos=(348,1062) state=exploring leader=None trust=1.00 susp=0.00 cov=13.0%/32.8%
[R2] pos=(198,1062) state=exploring leader=None trust=1.00 susp=0.00 cov=13.5%/33.9%
[R2] pos=(123,1062) state=exploring leader=None trust=1.00 susp=0.00 cov=14.1%/34.9%
[R2] pos=(146,1424) state=exploring leader=None trust=1.00 susp=0.00 cov=16.1%/37.0%
[R2] pos=(179,1279) state=exploring leader=None trust=1.00 susp=0.00 cov=16.7%/37.5%
[R2] pos=(186,1205) state=exploring leader=None trust=1.00 susp=0.00 cov=17.2%/38.5%
[R2] pos=(186,1205) state=exploring leader=None trust=1.00 susp=0.00 cov=17.2%/38.5%
[R2] pos=(260,1195) state=exploring leader=None trust=1.00 susp=0.00 cov=17.7%/39.6%
[R2] pos=(260,1195) state=exploring leader=None trust=1.00 susp=0.00 cov=17.7%/39.6%
[R2] pos=(291,1263) state=exploring leader=None trust=1.00 susp=0.00 cov=18.2%/40.1%
[R2] pos=(291,1263) state=exploring leader=None trust=1.00 susp=0.00 cov=18.2%/40.1%
[R2] pos=(291,1263) state=exploring leader=None trust=1.00 susp=0.00 cov=18.2%/40.1%
[R2] pos=(300,1338) state=exploring leader=None trust=1.00 susp=0.00 cov=18.2%/40.6%
[R2] pos=(464,1425) state=exploring leader=None trust=1.00 susp=0.00 cov=19.3%/42.7%
[R2] pos=(673,1425) state=exploring leader=None trust=1.00 susp=0.00 cov=20.3%/44.8%
[R2] pos=(673,1425) state=exploring leader=None trust=1.00 susp=0.00 cov=20.3%/44.8%
[R2] pos=(673,1425) state=exploring leader=None trust=1.00 susp=0.00 cov=20.3%/44.8%
[R2] pos=(673,1425) state=exploring leader=None trust=1.00 susp=0.00 cov=20.3%/44.8%
[R2] pos=(673,1425) state=exploring leader=None trust=1.00 susp=0.00 cov=20.3%/44.8%
[R2] pos=(673,1425) state=exploring leader=None trust=1.00 susp=0.00 cov=20.3%/44.8%
[R2] pos=(673,1425) state=exploring leader=None trust=1.00 susp=0.00 cov=20.3%/44.8%
[R2] pos=(673,1425) state=exploring leader=None trust=1.00 susp=0.00 cov=20.3%/44.8%
[R2] pos=(673,1425) state=exploring leader=None trust=1.00 susp=0.00 cov=20.3%/44.8%
[R2] pos=(673,1425) state=exploring leader=None trust=1.00 susp=0.00 cov=20.3%/44.8%
[R2] pos=(673,1425) state=exploring leader=None trust=1.00 susp=0.00 cov=20.3%/44.8%
[R2] pos=(673,1425) state=exploring leader=None trust=1.00 susp=0.00 cov=20.3%/44.8%
[R2] pos=(673,1425) state=exploring leader=None trust=1.00 susp=0.00 cov=20.3%/44.8%
[R2] pos=(673,1425) state=exploring leader=None trust=1.00 susp=0.00 cov=20.3%/44.8%
[R2] pos=(882,1329) state=exploring leader=None trust=1.00 susp=0.00 cov=21.9%/46.4%
[R2] pos=(1062,1249) state=exploring leader=None trust=1.00 susp=0.00 cov=22.9%/51.6%
[R2] pos=(1208,1213) state=exploring leader=None trust=1.00 susp=0.00 cov=23.4%/55.7%
[R2] pos=(1312,598) state=exploring leader=None trust=1.00 susp=0.00 cov=26.6%/64.1%
[R2] pos=(1441,113) state=exploring leader=None trust=1.00 susp=0.00 cov=29.2%/68.8%
[R2] pos=(1438,677) state=exploring leader=None trust=1.00 susp=0.00 cov=32.8%/74.0%
[R2] pos=(1438,1307) state=exploring leader=None trust=1.00 susp=0.00 cov=35.4%/81.2%
[R2] pos=(1683,1425) state=exploring leader=None trust=1.00 susp=0.00 cov=38.5%/87.5%
[R2] pos=(1925,1067) state=exploring leader=None trust=1.00 susp=0.00 cov=41.1%/91.1%
[R2] pos=(1813,597) state=exploring leader=None trust=1.00 susp=0.00 cov=43.8%/93.8%
[R2] pos=(1812,75) state=exploring leader=None trust=1.00 susp=0.00 cov=45.8%/95.8%
[R2] pos=(1925,548) state=exploring leader=None trust=1.00 susp=0.00 cov=48.4%/98.4%
[R2] pos=(1925,948) state=exploring leader=None trust=1.00 susp=0.00 cov=50.0%/100.0%
[R2] pos=(1925,948) state=exploring leader=None trust=1.00 susp=0.00 cov=50.0%/100.0%
[R2] pos=(1925,948) state=exploring leader=None trust=1.00 susp=0.00 cov=50.0%/100.0%
[R2] pos=(1925,948) state=exploring leader=None trust=1.00 susp=0.00 cov=50.0%/100.0%
[R2] pos=(1925,948) state=exploring leader=None trust=1.00 susp=0.00 cov=50.0%/100.0%
[R2] pos=(1925,948) state=exploring leader=None trust=1.00 susp=0.00 cov=50.0%/100.0%
[R2] pos=(1925,948) state=exploring leader=None trust=1.00 susp=0.00 cov=50.0%/100.0%
[R2] pos=(1925,948) state=exploring leader=None trust=1.00 susp=0.00 cov=50.0%/100.0%
[R2] pos=(1925,948) state=exploring leader=None trust=1.00 susp=0.00 cov=50.0%/100.0%
[R2] pos=(1925,948) state=exploring leader=None trust=1.00 susp=0.00 cov=50.0%/100.0%
