[WARN] Hardware modules not available - simulation mode
=== RAFT Baseline - Robot 1 [SIM] ===
NO TRUST. Heartbeat timeout only.

  Logging to: logs/raft_1_20260226_163233.jsonl
Initializing hardware...
  Hardware: SIMULATED
[INFO] Position socket listening on port 8101
[INFO] Peer socket listening on port 8201
[INFO] Fault socket listening on port 8301
Ready!

Running RAFT baseline... Press Ctrl+C to stop

[R1] state=follower leader=None term=0 cov=0.0%/0.0%
[R1] state=follower leader=4 term=1 cov=0.5%/2.1%
[R1] state=follower leader=4 term=1 cov=2.1%/13.0%
[R1] state=follower leader=4 term=1 cov=4.7%/22.9%
[R1] state=follower leader=4 term=1 cov=6.2%/31.8%
[R1] state=follower leader=4 term=1 cov=7.8%/42.2%
[R1] state=follower leader=4 term=1 cov=9.4%/51.6%
[R1] state=follower leader=4 term=1 cov=12.0%/62.5%
[R1] state=follower leader=4 term=1 cov=13.0%/68.8%
[R1] state=follower leader=4 term=1 cov=13.0%/68.8%
[R1] state=follower leader=4 term=1 cov=13.0%/68.8%
[R1] state=follower leader=4 term=1 cov=13.0%/68.8%
[R1] state=follower leader=4 term=1 cov=13.0%/68.8%
[R1] state=follower leader=4 term=1 cov=13.0%/68.8%
[R1] state=follower leader=4 term=1 cov=13.0%/68.8%
[R1] state=follower leader=4 term=1 cov=13.0%/68.8%
[R1] state=follower leader=4 term=1 cov=13.0%/68.8%
[R1] state=follower leader=4 term=1 cov=13.0%/68.8%
[R1] state=follower leader=4 term=1 cov=13.0%/68.8%
[R1] state=follower leader=4 term=1 cov=13.0%/68.8%
[R1] state=follower leader=4 term=1 cov=13.0%/68.8%
[R1] state=follower leader=4 term=1 cov=13.0%/68.8%
[FAULT] Injected: spin
[R1] state=follower leader=4 term=1 cov=13.0%/71.4%
[R1] state=follower leader=4 term=1 cov=14.1%/78.6%
[R1] state=follower leader=4 term=1 cov=14.1%/84.9%
[R1] state=follower leader=4 term=1 cov=14.1%/88.0%
[R1] state=follower leader=4 term=1 cov=14.1%/91.7%
[R1] state=follower leader=4 term=1 cov=14.1%/96.9%
[R1] state=follower leader=4 term=1 cov=14.1%/97.9%
[R1] state=follower leader=4 term=1 cov=14.1%/97.9%
[R1] state=follower leader=4 term=1 cov=14.1%/97.9%
[R1] state=follower leader=4 term=1 cov=14.1%/97.9%
[R1] state=follower leader=4 term=1 cov=14.1%/97.9%
[R1] state=follower leader=4 term=1 cov=14.1%/97.9%
[R1] state=follower leader=4 term=1 cov=14.1%/97.9%
[R1] state=follower leader=4 term=1 cov=14.1%/97.9%
[R1] state=follower leader=4 term=1 cov=14.1%/97.9%
[R1] state=follower leader=4 term=1 cov=14.1%/97.9%
[R1] state=follower leader=4 term=1 cov=14.1%/97.9%
[R1] state=follower leader=4 term=1 cov=14.1%/97.9%
[R1] state=follower leader=4 term=1 cov=14.1%/97.9%
[R1] state=follower leader=4 term=1 cov=14.1%/97.9%
[R1] state=follower leader=4 term=1 cov=14.1%/97.9%
[R1] state=follower leader=4 term=1 cov=14.1%/97.9%
[R1] state=follower leader=4 term=1 cov=14.1%/97.9%
[R1] state=follower leader=4 term=1 cov=14.1%/97.9%
[R1] state=follower leader=4 term=1 cov=14.1%/97.9%
[R1] state=follower leader=4 term=1 cov=14.1%/100.0%
[R1] state=follower leader=4 term=1 cov=14.1%/100.0%
[R1] state=follower leader=4 term=1 cov=14.1%/100.0%
[R1] state=follower leader=4 term=1 cov=14.1%/100.0%
[R1] state=follower leader=4 term=1 cov=14.1%/100.0%
[R1] state=follower leader=4 term=1 cov=14.1%/100.0%
[R1] state=follower leader=4 term=1 cov=14.1%/100.0%
[R1] state=follower leader=4 term=1 cov=14.1%/100.0%
[R1] state=follower leader=4 term=1 cov=14.1%/100.0%
[R1] state=follower leader=4 term=1 cov=14.1%/100.0%
[R1] state=follower leader=4 term=1 cov=14.1%/100.0%
[R1] state=follower leader=4 term=1 cov=14.1%/100.0%
[R1] state=follower leader=4 term=1 cov=14.1%/100.0%
[R1] state=follower leader=4 term=1 cov=14.1%/100.0%
[R1] state=follower leader=4 term=1 cov=14.1%/100.0%
[R1] state=follower leader=4 term=1 cov=14.1%/100.0%
[R1] state=follower leader=4 term=1 cov=14.1%/100.0%
[R1] state=follower leader=4 term=1 cov=14.1%/100.0%
[R1] state=follower leader=4 term=1 cov=14.1%/100.0%
[R1] state=follower leader=4 term=1 cov=14.1%/100.0%
[R1] state=follower leader=4 term=1 cov=14.1%/100.0%
[R1] state=follower leader=4 term=1 cov=14.1%/100.0%
[R1] state=follower leader=4 term=1 cov=14.1%/100.0%
[R1] state=follower leader=4 term=1 cov=14.1%/100.0%
