[WARN] Hardware modules not available - simulation mode
=== RAFT Baseline - Robot 5 [SIM] ===
NO TRUST. Heartbeat timeout only.

  Logging to: logs/raft_5_20260226_211204.jsonl
Initializing hardware...
  Hardware: SIMULATED
[INFO] Position socket listening on port 14105
[INFO] Peer socket listening on port 14205
[INFO] Fault socket listening on port 14305
Ready!

Running RAFT baseline... Press Ctrl+C to stop

[R5] state=follower leader=None term=0 cov=0.0%/0.0%
[R5] state=follower leader=2 term=1 cov=0.5%/0.5%
[R5] state=follower leader=2 term=1 cov=3.1%/13.0%
[R5] state=follower leader=2 term=1 cov=6.2%/24.0%
[R5] state=follower leader=2 term=1 cov=7.3%/31.2%
[R5] state=follower leader=2 term=1 cov=7.3%/31.2%
[R5] state=follower leader=2 term=1 cov=7.3%/31.2%
[R5] state=follower leader=2 term=1 cov=7.3%/31.2%
[R5] state=follower leader=2 term=1 cov=7.3%/31.2%
[R5] state=follower leader=2 term=1 cov=7.3%/31.2%
[R5] state=follower leader=2 term=1 cov=7.3%/31.2%
[R5] state=follower leader=2 term=1 cov=7.3%/31.2%
[R5] state=follower leader=2 term=1 cov=7.3%/31.2%
[R5] state=follower leader=2 term=1 cov=7.3%/31.2%
[R5] state=follower leader=2 term=1 cov=7.3%/31.2%
[R5] state=follower leader=2 term=1 cov=8.3%/36.5%
[R5] state=follower leader=2 term=1 cov=10.4%/42.7%
[R5] state=follower leader=2 term=1 cov=10.4%/43.8%
[R5] state=follower leader=2 term=1 cov=10.9%/44.3%
[R5] state=follower leader=2 term=1 cov=10.9%/44.3%
[R5] state=follower leader=2 term=1 cov=10.9%/44.3%
[R5] state=follower leader=2 term=1 cov=10.9%/44.3%
[R5] state=follower leader=2 term=1 cov=10.9%/44.3%
[R5] state=follower leader=2 term=1 cov=11.5%/44.3%
[R5] state=follower leader=2 term=1 cov=11.5%/44.3%
[R5] state=follower leader=2 term=1 cov=11.5%/44.3%
[R5] state=follower leader=2 term=1 cov=11.5%/44.3%
[R5] state=follower leader=2 term=1 cov=11.5%/44.3%
[R5] state=follower leader=2 term=1 cov=11.5%/44.3%
[R5] state=follower leader=2 term=1 cov=11.5%/44.3%
[R5] state=follower leader=2 term=1 cov=11.5%/44.3%
[R5] state=follower leader=2 term=1 cov=11.5%/44.3%
[R5] state=follower leader=2 term=1 cov=11.5%/44.3%
[R5] state=follower leader=2 term=1 cov=11.5%/44.3%
[R5] state=follower leader=2 term=1 cov=11.5%/44.3%
[R5] state=follower leader=2 term=1 cov=11.5%/44.3%
[R5] state=follower leader=2 term=1 cov=11.5%/44.3%
[R5] state=follower leader=2 term=1 cov=11.5%/44.3%
[R5] state=follower leader=2 term=1 cov=11.5%/44.3%
[R5] state=follower leader=2 term=1 cov=11.5%/44.3%
[R5] state=follower leader=2 term=1 cov=11.5%/44.3%
[R5] state=follower leader=2 term=1 cov=11.5%/44.3%
[R5] state=follower leader=2 term=1 cov=11.5%/44.3%
[R5] state=follower leader=2 term=1 cov=11.5%/44.3%
[R5] state=follower leader=2 term=1 cov=11.5%/44.3%
[R5] state=follower leader=2 term=1 cov=11.5%/44.3%
[R5] state=follower leader=2 term=1 cov=11.5%/44.3%
[R5] state=follower leader=2 term=1 cov=11.5%/44.3%
[R5] state=follower leader=2 term=1 cov=11.5%/44.3%
[R5] state=follower leader=2 term=1 cov=11.5%/44.3%
[R5] state=follower leader=2 term=1 cov=11.5%/44.3%
[R5] state=follower leader=2 term=1 cov=11.5%/44.3%
[R5] state=follower leader=2 term=1 cov=11.5%/44.3%
[R5] state=follower leader=2 term=1 cov=11.5%/44.3%
[R5] state=follower leader=2 term=1 cov=11.5%/44.3%
[R5] state=follower leader=2 term=1 cov=11.5%/44.3%
[R5] state=follower leader=2 term=1 cov=11.5%/44.3%
[R5] state=follower leader=2 term=1 cov=11.5%/44.3%
[R5] state=follower leader=2 term=1 cov=11.5%/44.3%
[R5] state=follower leader=2 term=1 cov=11.5%/44.3%
[R5] state=follower leader=2 term=1 cov=11.5%/44.3%
[R5] state=follower leader=2 term=1 cov=11.5%/44.3%
