[WARN] Hardware modules not available - running in simulation mode
=== REIP Node - Robot 4 [SIM (unique ports)] ===
Trust Model: Three-tier confidence-weighted
  Personal: 1.0, ToF: 1.0, Peer: 0.3
  Suspicion threshold: 1.5, Recovery: 0.1

  Logging to: logs/robot_4_20260226_174022.jsonl
Initializing hardware...
  Hardware: SIMULATED
[INFO] Position socket listening on port 11104
[INFO] Peer socket listening on port 11204
[INFO] Fault socket listening on port 11304
Ready!

=== DECENTRALIZED MODE - No leader coordination ===
=== Detection Bounds: T1=2 cmds, T3=8 cmds | Impeachment: T1=8 cmds, T3=32 cmds ===
Running... Press Ctrl+C to stop

[R4] pos=(0,0) state=exploring leader=None trust=1.00 susp=0.00 cov=0.0%/0.0%
[R4] pos=(1371,675) state=exploring leader=None trust=1.00 susp=0.00 cov=0.5%/0.5%
[R4] pos=(585,688) state=exploring leader=None trust=1.00 susp=0.00 cov=3.6%/18.2%
[R4] pos=(198,565) state=exploring leader=None trust=1.00 susp=0.00 cov=6.2%/31.2%
[R4] pos=(116,1140) state=exploring leader=None trust=1.00 susp=0.00 cov=10.9%/41.1%
[R4] pos=(333,1401) state=exploring leader=None trust=1.00 susp=0.00 cov=14.6%/49.0%
[R4] pos=(688,1061) state=exploring leader=None trust=1.00 susp=0.00 cov=18.2%/58.9%
[R4] pos=(692,1415) state=exploring leader=None trust=1.00 susp=0.00 cov=21.4%/70.3%
[R4] pos=(1167,1054) state=exploring leader=None trust=1.00 susp=0.00 cov=25.0%/79.2%
[R4] pos=(1649,1060) state=exploring leader=None trust=1.00 susp=0.00 cov=28.6%/87.5%
[R4] pos=(1909,1080) state=exploring leader=None trust=1.00 susp=0.00 cov=31.8%/95.8%
[R4] pos=(1716,1425) state=exploring leader=None trust=1.00 susp=0.00 cov=34.9%/100.0%
[R4] pos=(1730,1425) state=exploring leader=None trust=1.00 susp=0.00 cov=34.9%/100.0%
[R4] pos=(1734,1425) state=exploring leader=None trust=1.00 susp=0.00 cov=34.9%/100.0%
[R4] pos=(1625,1425) state=exploring leader=None trust=1.00 susp=0.00 cov=34.9%/100.0%
[R4] pos=(1655,1425) state=exploring leader=None trust=1.00 susp=0.00 cov=34.9%/100.0%
[R4] pos=(1630,1425) state=exploring leader=None trust=1.00 susp=0.00 cov=34.9%/100.0%
[R4] pos=(1724,1425) state=exploring leader=None trust=1.00 susp=0.00 cov=34.9%/100.0%
[R4] pos=(1722,1425) state=exploring leader=None trust=1.00 susp=0.00 cov=34.9%/100.0%
[R4] pos=(1720,1425) state=exploring leader=None trust=1.00 susp=0.00 cov=34.9%/100.0%
[R4] pos=(1620,1425) state=exploring leader=None trust=1.00 susp=0.00 cov=34.9%/100.0%
[R4] pos=(1652,1425) state=exploring leader=None trust=1.00 susp=0.00 cov=34.9%/100.0%
[R4] pos=(1727,1425) state=exploring leader=None trust=1.00 susp=0.00 cov=34.9%/100.0%
[R4] pos=(1735,1425) state=exploring leader=None trust=1.00 susp=0.00 cov=34.9%/100.0%
[R4] pos=(1757,1425) state=exploring leader=None trust=1.00 susp=0.00 cov=34.9%/100.0%
[R4] pos=(1636,1425) state=exploring leader=None trust=1.00 susp=0.00 cov=34.9%/100.0%
[R4] pos=(1655,1425) state=exploring leader=None trust=1.00 susp=0.00 cov=34.9%/100.0%
[R4] pos=(1723,1425) state=exploring leader=None trust=1.00 susp=0.00 cov=34.9%/100.0%
[R4] pos=(1738,1425) state=exploring leader=None trust=1.00 susp=0.00 cov=34.9%/100.0%
[R4] pos=(1733,1425) state=exploring leader=None trust=1.00 susp=0.00 cov=34.9%/100.0%
[R4] pos=(1653,1425) state=exploring leader=None trust=1.00 susp=0.00 cov=34.9%/100.0%
[R4] pos=(1649,1425) state=exploring leader=None trust=1.00 susp=0.00 cov=34.9%/100.0%
[R4] pos=(1625,1425) state=exploring leader=None trust=1.00 susp=0.00 cov=34.9%/100.0%
[R4] pos=(1629,1425) state=exploring leader=None trust=1.00 susp=0.00 cov=34.9%/100.0%
[R4] pos=(1753,1425) state=exploring leader=None trust=1.00 susp=0.00 cov=34.9%/100.0%
[R4] pos=(1752,1425) state=exploring leader=None trust=1.00 susp=0.00 cov=34.9%/100.0%
[R4] pos=(1752,1425) state=exploring leader=None trust=1.00 susp=0.00 cov=34.9%/100.0%
[R4] pos=(1654,1425) state=exploring leader=None trust=1.00 susp=0.00 cov=34.9%/100.0%
[R4] pos=(1648,1425) state=exploring leader=None trust=1.00 susp=0.00 cov=34.9%/100.0%
[R4] pos=(1764,1425) state=exploring leader=None trust=1.00 susp=0.00 cov=34.9%/100.0%
[R4] pos=(1638,1425) state=exploring leader=None trust=1.00 susp=0.00 cov=34.9%/100.0%
[R4] pos=(1723,1425) state=exploring leader=None trust=1.00 susp=0.00 cov=34.9%/100.0%
[R4] pos=(1753,1425) state=exploring leader=None trust=1.00 susp=0.00 cov=34.9%/100.0%
[R4] pos=(1731,1425) state=exploring leader=None trust=1.00 susp=0.00 cov=34.9%/100.0%
[R4] pos=(1625,1425) state=exploring leader=None trust=1.00 susp=0.00 cov=34.9%/100.0%
[R4] pos=(1620,1425) state=exploring leader=None trust=1.00 susp=0.00 cov=34.9%/100.0%
[R4] pos=(1620,1425) state=exploring leader=None trust=1.00 susp=0.00 cov=34.9%/100.0%
[R4] pos=(1620,1425) state=exploring leader=None trust=1.00 susp=0.00 cov=34.9%/100.0%
[R4] pos=(1620,1425) state=exploring leader=None trust=1.00 susp=0.00 cov=34.9%/100.0%
[R4] pos=(1620,1425) state=exploring leader=None trust=1.00 susp=0.00 cov=34.9%/100.0%
[R4] pos=(1620,1425) state=exploring leader=None trust=1.00 susp=0.00 cov=34.9%/100.0%
[R4] pos=(1620,1425) state=exploring leader=None trust=1.00 susp=0.00 cov=34.9%/100.0%
[R4] pos=(1620,1425) state=exploring leader=None trust=1.00 susp=0.00 cov=34.9%/100.0%
[R4] pos=(1620,1425) state=exploring leader=None trust=1.00 susp=0.00 cov=34.9%/100.0%
[R4] pos=(1620,1425) state=exploring leader=None trust=1.00 susp=0.00 cov=34.9%/100.0%
[R4] pos=(1620,1425) state=exploring leader=None trust=1.00 susp=0.00 cov=34.9%/100.0%
[R4] pos=(1620,1425) state=exploring leader=None trust=1.00 susp=0.00 cov=34.9%/100.0%
[R4] pos=(1620,1425) state=exploring leader=None trust=1.00 susp=0.00 cov=34.9%/100.0%
[R4] pos=(1620,1425) state=exploring leader=None trust=1.00 susp=0.00 cov=34.9%/100.0%
[R4] pos=(1719,1425) state=exploring leader=None trust=1.00 susp=0.00 cov=34.9%/100.0%
[R4] pos=(1603,1425) state=exploring leader=None trust=1.00 susp=0.00 cov=34.9%/100.0%
[R4] pos=(1603,1425) state=exploring leader=None trust=1.00 susp=0.00 cov=34.9%/100.0%
[R4] pos=(1603,1425) state=exploring leader=None trust=1.00 susp=0.00 cov=34.9%/100.0%
[R4] pos=(1603,1425) state=exploring leader=None trust=1.00 susp=0.00 cov=34.9%/100.0%
[R4] pos=(1603,1425) state=exploring leader=None trust=1.00 susp=0.00 cov=34.9%/100.0%
[R4] pos=(1603,1425) state=exploring leader=None trust=1.00 susp=0.00 cov=34.9%/100.0%
[R4] pos=(1603,1425) state=exploring leader=None trust=1.00 susp=0.00 cov=34.9%/100.0%
[R4] pos=(1603,1425) state=exploring leader=None trust=1.00 susp=0.00 cov=34.9%/100.0%
[R4] pos=(1603,1425) state=exploring leader=None trust=1.00 susp=0.00 cov=34.9%/100.0%
[R4] pos=(1603,1425) state=exploring leader=None trust=1.00 susp=0.00 cov=34.9%/100.0%
[R4] pos=(1603,1425) state=exploring leader=None trust=1.00 susp=0.00 cov=34.9%/100.0%
[R4] pos=(1603,1425) state=exploring leader=None trust=1.00 susp=0.00 cov=34.9%/100.0%
[R4] pos=(1603,1425) state=exploring leader=None trust=1.00 susp=0.00 cov=34.9%/100.0%
[R4] pos=(1603,1425) state=exploring leader=None trust=1.00 susp=0.00 cov=34.9%/100.0%
[R4] pos=(1603,1425) state=exploring leader=None trust=1.00 susp=0.00 cov=34.9%/100.0%
[R4] pos=(1603,1425) state=exploring leader=None trust=1.00 susp=0.00 cov=34.9%/100.0%
[R4] pos=(1603,1425) state=exploring leader=None trust=1.00 susp=0.00 cov=34.9%/100.0%
