[WARN] Hardware modules not available - running in simulation mode
=== REIP Node - Robot 3 [SIM (unique ports)] ===
Trust Model: Three-tier confidence-weighted
  Personal: 1.0, ToF: 1.0, Peer: 0.3
  Suspicion threshold: 1.5, Recovery: 0.1

  Logging to: logs/robot_3_20260226_174022.jsonl
Initializing hardware...
  Hardware: SIMULATED
[INFO] Position socket listening on port 11103
[INFO] Peer socket listening on port 11203
[INFO] Fault socket listening on port 11303
Ready!

=== DECENTRALIZED MODE - No leader coordination ===
=== Detection Bounds: T1=2 cmds, T3=8 cmds | Impeachment: T1=8 cmds, T3=32 cmds ===
Running... Press Ctrl+C to stop

[R3] pos=(0,0) state=exploring leader=None trust=1.00 susp=0.00 cov=0.0%/0.0%
[R3] pos=(1790,937) state=exploring leader=None trust=1.00 susp=0.00 cov=0.5%/0.5%
[R3] pos=(904,937) state=exploring leader=None trust=1.00 susp=0.00 cov=4.2%/18.2%
[R3] pos=(531,805) state=exploring leader=None trust=1.00 susp=0.00 cov=6.8%/31.2%
[R3] pos=(306,905) state=exploring leader=None trust=1.00 susp=0.00 cov=9.4%/41.1%
[R3] pos=(416,1199) state=exploring leader=None trust=1.00 susp=0.00 cov=12.0%/49.0%
[R3] pos=(573,994) state=exploring leader=None trust=1.00 susp=0.00 cov=14.6%/58.9%
[R3] pos=(672,1425) state=exploring leader=None trust=1.00 susp=0.00 cov=18.2%/70.3%
[R3] pos=(1164,1052) state=exploring leader=None trust=1.00 susp=0.00 cov=21.9%/79.2%
[R3] pos=(1568,1314) state=exploring leader=None trust=1.00 susp=0.00 cov=25.0%/87.5%
[R3] pos=(1903,1049) state=exploring leader=None trust=1.00 susp=0.00 cov=28.1%/95.8%
[R3] pos=(1634,1425) state=exploring leader=None trust=1.00 susp=0.00 cov=31.2%/100.0%
[R3] pos=(1643,1425) state=exploring leader=None trust=1.00 susp=0.00 cov=31.2%/100.0%
[R3] pos=(1641,1425) state=exploring leader=None trust=1.00 susp=0.00 cov=31.2%/100.0%
[R3] pos=(1750,1425) state=exploring leader=None trust=1.00 susp=0.00 cov=31.2%/100.0%
[R3] pos=(1720,1425) state=exploring leader=None trust=1.00 susp=0.00 cov=31.2%/100.0%
[R3] pos=(1745,1425) state=exploring leader=None trust=1.00 susp=0.00 cov=31.2%/100.0%
[R3] pos=(1651,1425) state=exploring leader=None trust=1.00 susp=0.00 cov=31.2%/100.0%
[R3] pos=(1653,1425) state=exploring leader=None trust=1.00 susp=0.00 cov=31.2%/100.0%
[R3] pos=(1755,1425) state=exploring leader=None trust=1.00 susp=0.00 cov=31.2%/100.0%
[R3] pos=(1755,1425) state=exploring leader=None trust=1.00 susp=0.00 cov=31.2%/100.0%
[R3] pos=(1723,1425) state=exploring leader=None trust=1.00 susp=0.00 cov=31.2%/100.0%
[R3] pos=(1648,1425) state=exploring leader=None trust=1.00 susp=0.00 cov=31.2%/100.0%
[R3] pos=(1640,1425) state=exploring leader=None trust=1.00 susp=0.00 cov=31.2%/100.0%
[R3] pos=(1618,1425) state=exploring leader=None trust=1.00 susp=0.00 cov=31.2%/100.0%
[R3] pos=(1739,1425) state=exploring leader=None trust=1.00 susp=0.00 cov=31.2%/100.0%
[R3] pos=(1720,1425) state=exploring leader=None trust=1.00 susp=0.00 cov=31.2%/100.0%
[R3] pos=(1652,1425) state=exploring leader=None trust=1.00 susp=0.00 cov=31.2%/100.0%
[R3] pos=(1637,1425) state=exploring leader=None trust=1.00 susp=0.00 cov=31.2%/100.0%
[R3] pos=(1642,1425) state=exploring leader=None trust=1.00 susp=0.00 cov=31.2%/100.0%
[R3] pos=(1722,1425) state=exploring leader=None trust=1.00 susp=0.00 cov=31.2%/100.0%
[R3] pos=(1726,1425) state=exploring leader=None trust=1.00 susp=0.00 cov=31.2%/100.0%
[R3] pos=(1750,1425) state=exploring leader=None trust=1.00 susp=0.00 cov=31.2%/100.0%
[R3] pos=(1746,1425) state=exploring leader=None trust=1.00 susp=0.00 cov=31.2%/100.0%
[R3] pos=(1622,1425) state=exploring leader=None trust=1.00 susp=0.00 cov=31.2%/100.0%
[R3] pos=(1623,1425) state=exploring leader=None trust=1.00 susp=0.00 cov=31.2%/100.0%
[R3] pos=(1623,1425) state=exploring leader=None trust=1.00 susp=0.00 cov=31.2%/100.0%
[R3] pos=(1721,1425) state=exploring leader=None trust=1.00 susp=0.00 cov=31.2%/100.0%
[R3] pos=(1727,1425) state=exploring leader=None trust=1.00 susp=0.00 cov=31.2%/100.0%
[R3] pos=(1611,1425) state=exploring leader=None trust=1.00 susp=0.00 cov=31.2%/100.0%
[R3] pos=(1737,1425) state=exploring leader=None trust=1.00 susp=0.00 cov=31.2%/100.0%
[R3] pos=(1652,1425) state=exploring leader=None trust=1.00 susp=0.00 cov=31.2%/100.0%
[R3] pos=(1622,1425) state=exploring leader=None trust=1.00 susp=0.00 cov=31.2%/100.0%
[R3] pos=(1644,1425) state=exploring leader=None trust=1.00 susp=0.00 cov=31.2%/100.0%
[R3] pos=(1750,1425) state=exploring leader=None trust=1.00 susp=0.00 cov=31.2%/100.0%
[R3] pos=(1755,1425) state=exploring leader=None trust=1.00 susp=0.00 cov=31.2%/100.0%
[R3] pos=(1755,1425) state=exploring leader=None trust=1.00 susp=0.00 cov=31.2%/100.0%
[R3] pos=(1755,1425) state=exploring leader=None trust=1.00 susp=0.00 cov=31.2%/100.0%
[R3] pos=(1755,1425) state=exploring leader=None trust=1.00 susp=0.00 cov=31.2%/100.0%
[R3] pos=(1755,1425) state=exploring leader=None trust=1.00 susp=0.00 cov=31.2%/100.0%
[R3] pos=(1755,1425) state=exploring leader=None trust=1.00 susp=0.00 cov=31.2%/100.0%
[R3] pos=(1755,1425) state=exploring leader=None trust=1.00 susp=0.00 cov=31.2%/100.0%
[R3] pos=(1755,1425) state=exploring leader=None trust=1.00 susp=0.00 cov=31.2%/100.0%
[R3] pos=(1755,1425) state=exploring leader=None trust=1.00 susp=0.00 cov=31.2%/100.0%
[R3] pos=(1755,1425) state=exploring leader=None trust=1.00 susp=0.00 cov=31.2%/100.0%
[R3] pos=(1755,1425) state=exploring leader=None trust=1.00 susp=0.00 cov=31.2%/100.0%
[R3] pos=(1755,1425) state=exploring leader=None trust=1.00 susp=0.00 cov=31.2%/100.0%
[R3] pos=(1755,1425) state=exploring leader=None trust=1.00 susp=0.00 cov=31.2%/100.0%
[R3] pos=(1755,1425) state=exploring leader=None trust=1.00 susp=0.00 cov=31.2%/100.0%
[R3] pos=(1656,1425) state=exploring leader=None trust=1.00 susp=0.00 cov=31.2%/100.0%
[R3] pos=(1772,1425) state=exploring leader=None trust=1.00 susp=0.00 cov=31.2%/100.0%
[R3] pos=(1772,1425) state=exploring leader=None trust=1.00 susp=0.00 cov=31.2%/100.0%
[R3] pos=(1772,1425) state=exploring leader=None trust=1.00 susp=0.00 cov=31.2%/100.0%
[R3] pos=(1772,1425) state=exploring leader=None trust=1.00 susp=0.00 cov=31.2%/100.0%
[R3] pos=(1772,1425) state=exploring leader=None trust=1.00 susp=0.00 cov=31.2%/100.0%
[R3] pos=(1772,1425) state=exploring leader=None trust=1.00 susp=0.00 cov=31.2%/100.0%
[R3] pos=(1772,1425) state=exploring leader=None trust=1.00 susp=0.00 cov=31.2%/100.0%
[R3] pos=(1772,1425) state=exploring leader=None trust=1.00 susp=0.00 cov=31.2%/100.0%
[R3] pos=(1772,1425) state=exploring leader=None trust=1.00 susp=0.00 cov=31.2%/100.0%
[R3] pos=(1772,1425) state=exploring leader=None trust=1.00 susp=0.00 cov=31.2%/100.0%
[R3] pos=(1772,1425) state=exploring leader=None trust=1.00 susp=0.00 cov=31.2%/100.0%
[R3] pos=(1772,1425) state=exploring leader=None trust=1.00 susp=0.00 cov=31.2%/100.0%
[R3] pos=(1772,1425) state=exploring leader=None trust=1.00 susp=0.00 cov=31.2%/100.0%
[R3] pos=(1772,1425) state=exploring leader=None trust=1.00 susp=0.00 cov=31.2%/100.0%
[R3] pos=(1772,1425) state=exploring leader=None trust=1.00 susp=0.00 cov=31.2%/100.0%
[R3] pos=(1772,1425) state=exploring leader=None trust=1.00 susp=0.00 cov=31.2%/100.0%
[R3] pos=(1772,1425) state=exploring leader=None trust=1.00 susp=0.00 cov=31.2%/100.0%
