[WARN] Hardware modules not available - running in simulation mode
=== REIP Node - Robot 5 [SIM (unique ports)] ===
Trust Model: Three-tier confidence-weighted
  Personal: 1.0, ToF: 1.0, Peer: 0.3
  Suspicion threshold: 1.5, Recovery: 0.1

  Logging to: logs/robot_5_20260226_210159.jsonl
Initializing hardware...
  Hardware: SIMULATED
[INFO] Position socket listening on port 14105
[INFO] Peer socket listening on port 14205
[INFO] Fault socket listening on port 14305
Ready!

=== Detection Bounds: T1=2 cmds, T3=8 cmds | Impeachment: T1=8 cmds, T3=32 cmds ===
Running... Press Ctrl+C to stop

[ELECTION] New leader: 5
[R5] pos=(0,0) state=leader leader=5 trust=1.00 susp=0.00 cov=0.0%/0.0%
[ELECTION] New leader: 1
[R5] pos=(203,1171) state=follower leader=1 trust=1.00 susp=0.00 cov=0.5%/0.5%
[R5] pos=(170,1110) state=follower leader=1 trust=1.00 susp=0.00 cov=2.1%/12.0%
[R5] pos=(191,1315) state=follower leader=1 trust=1.00 susp=0.00 cov=4.2%/23.4%
[R5] pos=(311,1425) state=follower leader=1 trust=1.00 susp=0.00 cov=5.7%/35.9%
[R5] pos=(748,1187) state=follower leader=1 trust=1.00 susp=0.00 cov=8.9%/43.8%
[R5] pos=(937,1283) state=follower leader=1 trust=1.00 susp=0.00 cov=9.9%/49.0%
[TRUST] Bad command #1 (personal_visited): suspicion +1.00 = 1.00
[TRUST] Bad command #2 (personal_visited): suspicion +1.00 = 2.00
[DETECT] First trust decay after 2 bad commands (0.21s) [Theoretical bound: T1=2, T3=8]
[TRUST] Trust decayed: trust=0.80, remaining suspicion=0.50
[TRUST] Bad command #3 (personal_visited): suspicion +1.00 = 1.50
[TRUST] Trust decayed: trust=0.60, remaining suspicion=0.00
[TRUST] Bad command #4 (personal_visited): suspicion +1.00 = 1.00
[TRUST] Bad command #5 (personal_visited): suspicion +1.00 = 2.00
[TRUST] Trust decayed: trust=0.40, remaining suspicion=0.50
[ELECTION] Leader 1 impeached (failures=1)
[ELECTION] New leader: 2
[R5] pos=(840,1192) state=follower leader=2 trust=1.00 susp=0.00 cov=10.4%/50.0%
[R5] pos=(920,1114) state=follower leader=2 trust=1.00 susp=0.00 cov=12.0%/51.6%
[R5] pos=(920,1071) state=follower leader=2 trust=1.00 susp=0.00 cov=12.0%/51.6%
[R5] pos=(920,1114) state=follower leader=2 trust=1.00 susp=0.00 cov=12.0%/51.6%
[R5] pos=(920,1165) state=follower leader=2 trust=1.00 susp=0.00 cov=12.0%/51.6%
[R5] pos=(920,1157) state=follower leader=2 trust=1.00 susp=0.00 cov=12.0%/51.6%
[R5] pos=(920,1155) state=follower leader=2 trust=1.00 susp=0.00 cov=12.0%/51.6%
[R5] pos=(920,1092) state=follower leader=2 trust=1.00 susp=0.00 cov=12.0%/51.6%
[R5] pos=(920,1087) state=follower leader=2 trust=1.00 susp=0.00 cov=12.0%/51.6%
[R5] pos=(920,1069) state=follower leader=2 trust=1.00 susp=0.00 cov=12.0%/51.6%
[TRUST] Bad command #1 (personal_visited): suspicion +1.00 = 1.00
[TRUST] Bad command #2 (personal_visited): suspicion +1.00 = 2.00
[DETECT] First trust decay after 2 bad commands (0.21s) [Theoretical bound: T1=2, T3=8]
[TRUST] Trust decayed: trust=0.80, remaining suspicion=0.50
[TRUST] Bad command #3 (personal_visited): suspicion +1.00 = 1.50
[TRUST] Trust decayed: trust=0.60, remaining suspicion=0.00
[TRUST] Bad command #4 (personal_visited): suspicion +1.00 = 1.00
[TRUST] Bad command #5 (personal_visited): suspicion +1.00 = 2.00
[TRUST] Trust decayed: trust=0.40, remaining suspicion=0.50
[ELECTION] Leader 2 impeached (failures=1)
[ELECTION] New leader: 5
[R5] pos=(599,1196) state=leader leader=5 trust=1.00 susp=0.00 cov=12.0%/51.6%
[ELECTION] Leader 5 impeached (failures=1)
[ELECTION] New leader: 3
[R5] pos=(645,1278) state=follower leader=3 trust=1.00 susp=0.00 cov=13.0%/51.6%
[R5] pos=(849,1125) state=follower leader=3 trust=1.00 susp=0.00 cov=13.0%/51.6%
[R5] pos=(848,1008) state=follower leader=3 trust=1.00 susp=0.00 cov=13.5%/52.1%
[R5] pos=(848,998) state=follower leader=3 trust=1.00 susp=0.00 cov=13.5%/52.1%
[R5] pos=(848,940) state=follower leader=3 trust=1.00 susp=0.00 cov=13.5%/52.1%
[R5] pos=(848,936) state=follower leader=3 trust=1.00 susp=0.00 cov=14.1%/52.1%
[R5] pos=(848,813) state=follower leader=3 trust=1.00 susp=0.00 cov=14.1%/52.1%
[R5] pos=(848,765) state=follower leader=3 trust=1.00 susp=0.00 cov=14.6%/52.1%
[R5] pos=(848,723) state=follower leader=3 trust=1.00 susp=0.00 cov=14.6%/52.1%
[R5] pos=(848,723) state=follower leader=3 trust=1.00 susp=0.00 cov=14.6%/52.1%
[R5] pos=(848,723) state=follower leader=3 trust=1.00 susp=0.00 cov=14.6%/52.1%
[R5] pos=(848,723) state=follower leader=3 trust=1.00 susp=0.00 cov=14.6%/52.1%
[R5] pos=(848,723) state=follower leader=3 trust=1.00 susp=0.00 cov=14.6%/52.1%
[R5] pos=(848,723) state=follower leader=3 trust=1.00 susp=0.00 cov=14.6%/52.1%
[R5] pos=(848,723) state=follower leader=3 trust=1.00 susp=0.00 cov=14.6%/52.1%
[R5] pos=(848,723) state=follower leader=3 trust=1.00 susp=0.00 cov=14.6%/52.1%
[R5] pos=(848,723) state=follower leader=3 trust=1.00 susp=0.00 cov=14.6%/52.1%
[R5] pos=(848,723) state=follower leader=3 trust=1.00 susp=0.00 cov=14.6%/52.1%
[R5] pos=(848,702) state=follower leader=3 trust=1.00 susp=0.00 cov=14.6%/52.1%
[R5] pos=(848,769) state=follower leader=3 trust=1.00 susp=0.00 cov=14.6%/52.1%
[R5] pos=(848,690) state=follower leader=3 trust=1.00 susp=0.00 cov=14.6%/52.1%
[R5] pos=(848,725) state=follower leader=3 trust=1.00 susp=0.00 cov=14.6%/53.1%
[R5] pos=(848,776) state=follower leader=3 trust=1.00 susp=0.00 cov=14.6%/55.7%
[R5] pos=(848,743) state=follower leader=3 trust=1.00 susp=0.00 cov=14.6%/57.8%
[R5] pos=(848,706) state=follower leader=3 trust=1.00 susp=0.00 cov=14.6%/59.9%
[R5] pos=(848,742) state=follower leader=3 trust=1.00 susp=0.00 cov=14.6%/62.5%
[R5] pos=(848,803) state=follower leader=3 trust=1.00 susp=0.00 cov=14.6%/63.5%
[R5] pos=(849,808) state=follower leader=3 trust=1.00 susp=0.00 cov=14.6%/65.6%
[R5] pos=(849,767) state=follower leader=3 trust=1.00 susp=0.00 cov=14.6%/69.3%
[R5] pos=(848,905) state=follower leader=3 trust=1.00 susp=0.00 cov=14.6%/71.4%
[R5] pos=(848,836) state=follower leader=3 trust=1.00 susp=0.00 cov=14.6%/73.4%
[R5] pos=(848,783) state=follower leader=3 trust=1.00 susp=0.00 cov=14.6%/75.5%
[R5] pos=(848,909) state=follower leader=3 trust=1.00 susp=0.00 cov=14.6%/76.0%
[R5] pos=(848,932) state=follower leader=3 trust=1.00 susp=0.00 cov=14.6%/76.6%
[R5] pos=(848,1153) state=follower leader=3 trust=1.00 susp=0.00 cov=14.6%/77.6%
[R5] pos=(848,1185) state=follower leader=3 trust=1.00 susp=0.00 cov=14.6%/80.2%
[R5] pos=(1324,1217) state=follower leader=3 trust=1.00 susp=0.00 cov=16.7%/81.2%
[R5] pos=(1560,1172) state=follower leader=3 trust=1.00 susp=0.00 cov=19.3%/83.9%
[R5] pos=(1804,1339) state=follower leader=3 trust=1.00 susp=0.00 cov=21.9%/87.5%
[R5] pos=(1925,1217) state=follower leader=3 trust=1.00 susp=0.00 cov=24.0%/90.1%
[R5] pos=(1829,807) state=follower leader=3 trust=1.00 susp=0.00 cov=26.6%/93.8%
[R5] pos=(1829,807) state=follower leader=3 trust=1.00 susp=0.00 cov=26.6%/94.3%
[R5] pos=(1816,907) state=follower leader=3 trust=1.00 susp=0.00 cov=27.1%/94.8%
