[WARN] Hardware modules not available - running in simulation mode
=== REIP Node - Robot 2 [SIM (unique ports)] ===
Trust Model: Three-tier confidence-weighted
  Personal: 1.0, ToF: 1.0, Peer: 0.3
  Suspicion threshold: 1.5, Recovery: 0.1

  Logging to: logs/robot_2_20260226_174235.jsonl
Initializing hardware...
  Hardware: SIMULATED
[INFO] Position socket listening on port 26102
[INFO] Peer socket listening on port 26202
[INFO] Fault socket listening on port 26302
Ready!

=== Detection Bounds: T1=2 cmds, T3=8 cmds | Impeachment: T1=8 cmds, T3=32 cmds ===
Running... Press Ctrl+C to stop

[ELECTION] New leader: 2
[R2] pos=(0,0) state=leader leader=2 trust=1.00 susp=0.00 cov=0.0%/0.0%
[ELECTION] New leader: 1
[R2] pos=(1304,978) state=follower leader=1 trust=1.00 susp=0.00 cov=0.5%/0.5%
[R2] pos=(1303,804) state=follower leader=1 trust=1.00 susp=0.00 cov=2.6%/14.1%
[R2] pos=(1419,690) state=follower leader=1 trust=1.00 susp=0.00 cov=4.2%/23.4%
[R2] pos=(1558,910) state=follower leader=1 trust=1.00 susp=0.00 cov=6.2%/33.9%
[R2] pos=(1434,1126) state=follower leader=1 trust=1.00 susp=0.00 cov=8.3%/44.3%
[R2] pos=(1770,1311) state=follower leader=1 trust=1.00 susp=0.00 cov=10.9%/56.2%
[R2] pos=(1925,1425) state=follower leader=1 trust=1.00 susp=0.00 cov=13.0%/66.7%
[R2] pos=(1480,1095) state=follower leader=1 trust=1.00 susp=0.00 cov=14.1%/73.4%
[R2] pos=(1016,735) state=follower leader=1 trust=1.00 susp=0.00 cov=15.6%/82.3%
[R2] pos=(1120,579) state=follower leader=1 trust=1.00 susp=0.00 cov=18.2%/90.6%
[R2] pos=(1460,215) state=follower leader=1 trust=1.00 susp=0.00 cov=21.4%/95.3%
[R2] pos=(1925,75) state=follower leader=1 trust=1.00 susp=0.00 cov=24.0%/100.0%
[R2] pos=(1925,75) state=follower leader=1 trust=1.00 susp=0.00 cov=24.0%/100.0%
[R2] pos=(1925,75) state=follower leader=1 trust=1.00 susp=0.00 cov=24.0%/100.0%
[R2] pos=(1925,75) state=follower leader=1 trust=1.00 susp=0.00 cov=24.0%/100.0%
[R2] pos=(1925,75) state=follower leader=1 trust=1.00 susp=0.00 cov=24.0%/100.0%
[R2] pos=(1925,75) state=follower leader=1 trust=1.00 susp=0.00 cov=24.0%/100.0%
[R2] pos=(1925,75) state=follower leader=1 trust=1.00 susp=0.00 cov=24.0%/100.0%
[R2] pos=(1925,75) state=follower leader=1 trust=1.00 susp=0.00 cov=24.0%/100.0%
[R2] pos=(1925,75) state=follower leader=1 trust=1.00 susp=0.00 cov=24.0%/100.0%
[R2] pos=(1925,75) state=follower leader=1 trust=1.00 susp=0.00 cov=24.0%/100.0%
[R2] pos=(1925,75) state=follower leader=1 trust=1.00 susp=0.00 cov=24.0%/100.0%
[R2] pos=(1925,75) state=follower leader=1 trust=1.00 susp=0.00 cov=24.0%/100.0%
[R2] pos=(1925,75) state=follower leader=1 trust=1.00 susp=0.00 cov=24.0%/100.0%
[R2] pos=(1925,75) state=follower leader=1 trust=1.00 susp=0.00 cov=24.0%/100.0%
[R2] pos=(1925,75) state=follower leader=1 trust=1.00 susp=0.00 cov=24.0%/100.0%
[R2] pos=(1925,75) state=follower leader=1 trust=1.00 susp=0.00 cov=24.0%/100.0%
[R2] pos=(1925,75) state=follower leader=1 trust=1.00 susp=0.00 cov=24.0%/100.0%
[R2] pos=(1925,75) state=follower leader=1 trust=1.00 susp=0.00 cov=24.0%/100.0%
[R2] pos=(1925,75) state=follower leader=1 trust=1.00 susp=0.00 cov=24.0%/100.0%
[R2] pos=(1925,75) state=follower leader=1 trust=1.00 susp=0.00 cov=24.0%/100.0%
[R2] pos=(1925,75) state=follower leader=1 trust=1.00 susp=0.00 cov=24.0%/100.0%
[R2] pos=(1925,75) state=follower leader=1 trust=1.00 susp=0.00 cov=24.0%/100.0%
[R2] pos=(1925,75) state=follower leader=1 trust=1.00 susp=0.00 cov=24.0%/100.0%
[R2] pos=(1925,75) state=follower leader=1 trust=1.00 susp=0.00 cov=24.0%/100.0%
[R2] pos=(1925,75) state=follower leader=1 trust=1.00 susp=0.00 cov=24.0%/100.0%
[R2] pos=(1925,75) state=follower leader=1 trust=1.00 susp=0.00 cov=24.0%/100.0%
[R2] pos=(1925,75) state=follower leader=1 trust=1.00 susp=0.00 cov=24.0%/100.0%
[R2] pos=(1925,75) state=follower leader=1 trust=1.00 susp=0.00 cov=24.0%/100.0%
[R2] pos=(1925,75) state=follower leader=1 trust=1.00 susp=0.00 cov=24.0%/100.0%
[R2] pos=(1925,75) state=follower leader=1 trust=1.00 susp=0.00 cov=24.0%/100.0%
[R2] pos=(1925,75) state=follower leader=1 trust=1.00 susp=0.00 cov=24.0%/100.0%
[R2] pos=(1925,75) state=follower leader=1 trust=1.00 susp=0.00 cov=24.0%/100.0%
[R2] pos=(1925,75) state=follower leader=1 trust=1.00 susp=0.00 cov=24.0%/100.0%
[R2] pos=(1925,75) state=follower leader=1 trust=1.00 susp=0.00 cov=24.0%/100.0%
[R2] pos=(1925,75) state=follower leader=1 trust=1.00 susp=0.00 cov=24.0%/100.0%
[R2] pos=(1925,75) state=follower leader=1 trust=1.00 susp=0.00 cov=24.0%/100.0%
[R2] pos=(1925,75) state=follower leader=1 trust=1.00 susp=0.00 cov=24.0%/100.0%
[R2] pos=(1925,75) state=follower leader=1 trust=1.00 susp=0.00 cov=24.0%/100.0%
[R2] pos=(1925,75) state=follower leader=1 trust=1.00 susp=0.00 cov=24.0%/100.0%
[R2] pos=(1925,75) state=follower leader=1 trust=1.00 susp=0.00 cov=24.0%/100.0%
[R2] pos=(1925,75) state=follower leader=1 trust=1.00 susp=0.00 cov=24.0%/100.0%
[R2] pos=(1925,75) state=follower leader=1 trust=1.00 susp=0.00 cov=24.0%/100.0%
[R2] pos=(1925,75) state=follower leader=1 trust=1.00 susp=0.00 cov=24.0%/100.0%
[R2] pos=(1925,75) state=follower leader=1 trust=1.00 susp=0.00 cov=24.0%/100.0%
[R2] pos=(1925,75) state=follower leader=1 trust=1.00 susp=0.00 cov=24.0%/100.0%
[R2] pos=(1925,75) state=follower leader=1 trust=1.00 susp=0.00 cov=24.0%/100.0%
[R2] pos=(1925,75) state=follower leader=1 trust=1.00 susp=0.00 cov=24.0%/100.0%
[R2] pos=(1925,75) state=follower leader=1 trust=1.00 susp=0.00 cov=24.0%/100.0%
[R2] pos=(1925,75) state=follower leader=1 trust=1.00 susp=0.00 cov=24.0%/100.0%
