[WARN] Hardware modules not available - running in simulation mode
=== REIP Node - Robot 5 [SIM (unique ports)] ===
Trust Model: Three-tier confidence-weighted
  Personal: 1.0, ToF: 1.0, Peer: 0.3
  Suspicion threshold: 1.5, Recovery: 0.1

  Logging to: logs/robot_5_20260226_163016.jsonl
Initializing hardware...
  Hardware: SIMULATED
[INFO] Position socket listening on port 7105
[INFO] Peer socket listening on port 7205
[INFO] Fault socket listening on port 7305
Ready!

=== DECENTRALIZED MODE - No leader coordination ===
=== Detection Bounds: T1=2 cmds, T3=8 cmds | Impeachment: T1=8 cmds, T3=32 cmds ===
Running... Press Ctrl+C to stop

[R5] pos=(0,0) state=exploring leader=None trust=1.00 susp=0.00 cov=0.0%/0.0%
[R5] pos=(1266,450) state=exploring leader=None trust=1.00 susp=0.00 cov=0.5%/2.1%
[R5] pos=(1266,450) state=exploring leader=None trust=1.00 susp=0.00 cov=0.5%/2.1%
[R5] pos=(1266,450) state=exploring leader=None trust=1.00 susp=0.00 cov=0.5%/2.1%
[R5] pos=(1266,450) state=exploring leader=None trust=1.00 susp=0.00 cov=0.5%/2.1%
[R5] pos=(1266,450) state=exploring leader=None trust=1.00 susp=0.00 cov=0.5%/2.1%
[R5] pos=(1266,450) state=exploring leader=None trust=1.00 susp=0.00 cov=0.5%/2.1%
[R5] pos=(1266,450) state=exploring leader=None trust=1.00 susp=0.00 cov=0.5%/2.1%
[R5] pos=(1266,450) state=exploring leader=None trust=1.00 susp=0.00 cov=0.5%/2.1%
[R5] pos=(1266,450) state=exploring leader=None trust=1.00 susp=0.00 cov=0.5%/2.1%
[R5] pos=(1266,450) state=exploring leader=None trust=1.00 susp=0.00 cov=0.5%/2.1%
[R5] pos=(1266,450) state=exploring leader=None trust=1.00 susp=0.00 cov=0.5%/2.1%
[R5] pos=(1266,450) state=exploring leader=None trust=1.00 susp=0.00 cov=0.5%/2.1%
[R5] pos=(1266,450) state=exploring leader=None trust=1.00 susp=0.00 cov=0.5%/2.1%
[R5] pos=(1266,450) state=exploring leader=None trust=1.00 susp=0.00 cov=0.5%/2.1%
[R5] pos=(1266,450) state=exploring leader=None trust=1.00 susp=0.00 cov=0.5%/2.1%
[R5] pos=(1266,450) state=exploring leader=None trust=1.00 susp=0.00 cov=0.5%/2.1%
[R5] pos=(1266,450) state=exploring leader=None trust=1.00 susp=0.00 cov=0.5%/2.1%
[R5] pos=(1266,450) state=exploring leader=None trust=1.00 susp=0.00 cov=0.5%/2.1%
[R5] pos=(1266,450) state=exploring leader=None trust=1.00 susp=0.00 cov=0.5%/2.1%
[R5] pos=(1266,450) state=exploring leader=None trust=1.00 susp=0.00 cov=0.5%/2.1%
[R5] pos=(1266,450) state=exploring leader=None trust=1.00 susp=0.00 cov=0.5%/2.1%
[R5] pos=(1266,450) state=exploring leader=None trust=1.00 susp=0.00 cov=0.5%/2.1%
[R5] pos=(1266,450) state=exploring leader=None trust=1.00 susp=0.00 cov=0.5%/2.1%
[R5] pos=(1266,450) state=exploring leader=None trust=1.00 susp=0.00 cov=0.5%/2.1%
[R5] pos=(1266,450) state=exploring leader=None trust=1.00 susp=0.00 cov=0.5%/2.1%
[R5] pos=(1266,450) state=exploring leader=None trust=1.00 susp=0.00 cov=0.5%/2.1%
[R5] pos=(1266,450) state=exploring leader=None trust=1.00 susp=0.00 cov=0.5%/2.1%
[R5] pos=(1266,450) state=exploring leader=None trust=1.00 susp=0.00 cov=0.5%/2.1%
[R5] pos=(1266,450) state=exploring leader=None trust=1.00 susp=0.00 cov=0.5%/2.1%
[R5] pos=(1266,450) state=exploring leader=None trust=1.00 susp=0.00 cov=0.5%/2.1%
[R5] pos=(1266,450) state=exploring leader=None trust=1.00 susp=0.00 cov=0.5%/2.1%
[R5] pos=(1043,434) state=exploring leader=None trust=1.00 susp=0.00 cov=1.6%/7.8%
[R5] pos=(851,258) state=exploring leader=None trust=1.00 susp=0.00 cov=3.6%/21.4%
[R5] pos=(449,204) state=exploring leader=None trust=1.00 susp=0.00 cov=5.7%/33.3%
[R5] pos=(942,546) state=exploring leader=None trust=1.00 susp=0.00 cov=8.3%/37.5%
[R5] pos=(1311,597) state=exploring leader=None trust=1.00 susp=0.00 cov=12.0%/44.8%
[R5] pos=(1570,547) state=exploring leader=None trust=1.00 susp=0.00 cov=14.1%/52.1%
[R5] pos=(1925,803) state=exploring leader=None trust=1.00 susp=0.00 cov=18.2%/60.9%
[R5] pos=(1693,1313) state=exploring leader=None trust=1.00 susp=0.00 cov=21.9%/69.8%
[R5] pos=(1253,1425) state=exploring leader=None trust=1.00 susp=0.00 cov=24.5%/78.6%
[R5] pos=(656,1298) state=exploring leader=None trust=1.00 susp=0.00 cov=27.6%/90.6%
[R5] pos=(568,1119) state=exploring leader=None trust=1.00 susp=0.00 cov=29.7%/95.3%
[R5] pos=(564,813) state=exploring leader=None trust=1.00 susp=0.00 cov=31.8%/99.0%
[R5] pos=(1086,1074) state=exploring leader=None trust=1.00 susp=0.00 cov=33.3%/99.0%
[R5] pos=(1925,1425) state=exploring leader=None trust=1.00 susp=0.00 cov=36.5%/100.0%
[R5] pos=(1925,1425) state=exploring leader=None trust=1.00 susp=0.00 cov=36.5%/100.0%
[R5] pos=(1925,1425) state=exploring leader=None trust=1.00 susp=0.00 cov=36.5%/100.0%
[R5] pos=(1925,1425) state=exploring leader=None trust=1.00 susp=0.00 cov=36.5%/100.0%
[R5] pos=(1925,1425) state=exploring leader=None trust=1.00 susp=0.00 cov=36.5%/100.0%
[R5] pos=(1925,1425) state=exploring leader=None trust=1.00 susp=0.00 cov=36.5%/100.0%
[R5] pos=(1925,1425) state=exploring leader=None trust=1.00 susp=0.00 cov=36.5%/100.0%
[R5] pos=(1925,1425) state=exploring leader=None trust=1.00 susp=0.00 cov=36.5%/100.0%
[R5] pos=(1925,1425) state=exploring leader=None trust=1.00 susp=0.00 cov=36.5%/100.0%
[R5] pos=(1925,1425) state=exploring leader=None trust=1.00 susp=0.00 cov=36.5%/100.0%
[R5] pos=(1925,1425) state=exploring leader=None trust=1.00 susp=0.00 cov=36.5%/100.0%
[R5] pos=(1925,1425) state=exploring leader=None trust=1.00 susp=0.00 cov=36.5%/100.0%
[R5] pos=(1925,1425) state=exploring leader=None trust=1.00 susp=0.00 cov=36.5%/100.0%
[R5] pos=(1925,1425) state=exploring leader=None trust=1.00 susp=0.00 cov=36.5%/100.0%
[R5] pos=(1925,1425) state=exploring leader=None trust=1.00 susp=0.00 cov=36.5%/100.0%
[R5] pos=(1925,1425) state=exploring leader=None trust=1.00 susp=0.00 cov=36.5%/100.0%
