[WARN] Hardware modules not available - running in simulation mode
=== REIP Node - Robot 2 [SIM (unique ports)] ===
Trust Model: Three-tier confidence-weighted
  Personal: 1.0, ToF: 1.0, Peer: 0.3
  Suspicion threshold: 1.5, Recovery: 0.1

  Logging to: logs/robot_2_20260226_171518.jsonl
Initializing hardware...
  Hardware: SIMULATED
[INFO] Position socket listening on port 11102
[INFO] Peer socket listening on port 11202
[INFO] Fault socket listening on port 11302
Ready!

=== Detection Bounds: T1=2 cmds, T3=8 cmds | Impeachment: T1=8 cmds, T3=32 cmds ===
Running... Press Ctrl+C to stop

[ELECTION] New leader: 2
[R2] pos=(0,0) state=leader leader=2 trust=1.00 susp=0.00 cov=0.0%/0.0%
[ELECTION] New leader: 1
[R2] pos=(435,677) state=follower leader=1 trust=1.00 susp=0.00 cov=0.5%/0.5%
[R2] pos=(313,939) state=follower leader=1 trust=1.00 susp=0.00 cov=2.6%/11.5%
[R2] pos=(591,997) state=follower leader=1 trust=1.00 susp=0.00 cov=4.7%/20.8%
[R2] pos=(734,1339) state=follower leader=1 trust=1.00 susp=0.00 cov=7.3%/30.2%
[R2] pos=(936,1324) state=follower leader=1 trust=1.00 susp=0.00 cov=9.9%/44.3%
[R2] pos=(1206,1341) state=follower leader=1 trust=1.00 susp=0.00 cov=12.5%/53.6%
[R2] pos=(1322,1011) state=follower leader=1 trust=1.00 susp=0.00 cov=15.6%/65.1%
[R2] pos=(1434,890) state=follower leader=1 trust=1.00 susp=0.00 cov=17.2%/74.5%
[R2] pos=(1634,1075) state=follower leader=1 trust=1.00 susp=0.00 cov=19.8%/83.3%
[R2] pos=(1562,1425) state=follower leader=1 trust=1.00 susp=0.00 cov=22.9%/95.3%
[R2] pos=(1054,1425) state=follower leader=1 trust=1.00 susp=0.00 cov=23.4%/100.0%
[R2] pos=(635,1425) state=follower leader=1 trust=1.00 susp=0.00 cov=24.0%/100.0%
[R2] pos=(534,1425) state=follower leader=1 trust=1.00 susp=0.00 cov=24.0%/100.0%
[R2] pos=(496,1425) state=follower leader=1 trust=1.00 susp=0.00 cov=24.5%/100.0%
[R2] pos=(491,1425) state=follower leader=1 trust=1.00 susp=0.00 cov=24.5%/100.0%
[R2] pos=(591,1425) state=follower leader=1 trust=1.00 susp=0.00 cov=24.5%/100.0%
[R2] pos=(608,1425) state=follower leader=1 trust=1.00 susp=0.00 cov=24.5%/100.0%
[R2] pos=(593,1425) state=follower leader=1 trust=1.00 susp=0.00 cov=24.5%/100.0%
[R2] pos=(516,1425) state=follower leader=1 trust=1.00 susp=0.00 cov=24.5%/100.0%
[R2] pos=(499,1425) state=follower leader=1 trust=1.00 susp=0.00 cov=24.5%/100.0%
[R2] pos=(619,1425) state=follower leader=1 trust=1.00 susp=0.00 cov=24.5%/100.0%
[R2] pos=(596,1425) state=follower leader=1 trust=1.00 susp=0.00 cov=24.5%/100.0%
[R2] pos=(621,1425) state=follower leader=1 trust=1.00 susp=0.00 cov=24.5%/100.0%
[R2] pos=(496,1425) state=follower leader=1 trust=1.00 susp=0.00 cov=24.5%/100.0%
[R2] pos=(516,1425) state=follower leader=1 trust=1.00 susp=0.00 cov=24.5%/100.0%
[R2] pos=(532,1425) state=follower leader=1 trust=1.00 susp=0.00 cov=24.5%/100.0%
[R2] pos=(599,1425) state=follower leader=1 trust=1.00 susp=0.00 cov=24.5%/100.0%
[R2] pos=(605,1425) state=follower leader=1 trust=1.00 susp=0.00 cov=24.5%/100.0%
[R2] pos=(530,1425) state=follower leader=1 trust=1.00 susp=0.00 cov=24.5%/100.0%
[R2] pos=(512,1425) state=follower leader=1 trust=1.00 susp=0.00 cov=24.5%/100.0%
[R2] pos=(492,1425) state=follower leader=1 trust=1.00 susp=0.00 cov=24.5%/100.0%
[R2] pos=(614,1425) state=follower leader=1 trust=1.00 susp=0.00 cov=24.5%/100.0%
[R2] pos=(593,1425) state=follower leader=1 trust=1.00 susp=0.00 cov=24.5%/100.0%
[R2] pos=(499,1425) state=follower leader=1 trust=1.00 susp=0.00 cov=24.5%/100.0%
[R2] pos=(497,1425) state=follower leader=1 trust=1.00 susp=0.00 cov=24.5%/100.0%
[R2] pos=(507,1425) state=follower leader=1 trust=1.00 susp=0.00 cov=24.5%/100.0%
[R2] pos=(623,1425) state=follower leader=1 trust=1.00 susp=0.00 cov=24.5%/100.0%
[R2] pos=(631,1425) state=follower leader=1 trust=1.00 susp=0.00 cov=24.5%/100.0%
[R2] pos=(525,1425) state=follower leader=1 trust=1.00 susp=0.00 cov=24.5%/100.0%
[R2] pos=(512,1425) state=follower leader=1 trust=1.00 susp=0.00 cov=24.5%/100.0%
[R2] pos=(594,1425) state=follower leader=1 trust=1.00 susp=0.00 cov=24.5%/100.0%
[R2] pos=(608,1425) state=follower leader=1 trust=1.00 susp=0.00 cov=24.5%/100.0%
[R2] pos=(607,1425) state=follower leader=1 trust=1.00 susp=0.00 cov=24.5%/100.0%
[R2] pos=(489,1425) state=follower leader=1 trust=1.00 susp=0.00 cov=24.5%/100.0%
[R2] pos=(489,1425) state=follower leader=1 trust=1.00 susp=0.00 cov=24.5%/100.0%
[R2] pos=(489,1425) state=follower leader=1 trust=1.00 susp=0.00 cov=24.5%/100.0%
[R2] pos=(489,1425) state=follower leader=1 trust=1.00 susp=0.00 cov=24.5%/100.0%
[R2] pos=(489,1425) state=follower leader=1 trust=1.00 susp=0.00 cov=24.5%/100.0%
[R2] pos=(489,1425) state=follower leader=1 trust=1.00 susp=0.00 cov=24.5%/100.0%
[R2] pos=(489,1425) state=follower leader=1 trust=1.00 susp=0.00 cov=24.5%/100.0%
[R2] pos=(489,1425) state=follower leader=1 trust=1.00 susp=0.00 cov=24.5%/100.0%
[R2] pos=(489,1425) state=follower leader=1 trust=1.00 susp=0.00 cov=24.5%/100.0%
[R2] pos=(489,1425) state=follower leader=1 trust=1.00 susp=0.00 cov=24.5%/100.0%
[R2] pos=(489,1425) state=follower leader=1 trust=1.00 susp=0.00 cov=24.5%/100.0%
[R2] pos=(492,1425) state=follower leader=1 trust=1.00 susp=0.00 cov=24.5%/100.0%
[R2] pos=(592,1425) state=follower leader=1 trust=1.00 susp=0.00 cov=24.5%/100.0%
[R2] pos=(592,1425) state=follower leader=1 trust=1.00 susp=0.00 cov=24.5%/100.0%
[R2] pos=(592,1425) state=follower leader=1 trust=1.00 susp=0.00 cov=24.5%/100.0%
[R2] pos=(592,1425) state=follower leader=1 trust=1.00 susp=0.00 cov=24.5%/100.0%
[R2] pos=(592,1425) state=follower leader=1 trust=1.00 susp=0.00 cov=24.5%/100.0%
[R2] pos=(592,1425) state=follower leader=1 trust=1.00 susp=0.00 cov=24.5%/100.0%
[R2] pos=(592,1425) state=follower leader=1 trust=1.00 susp=0.00 cov=24.5%/100.0%
[R2] pos=(592,1425) state=follower leader=1 trust=1.00 susp=0.00 cov=24.5%/100.0%
[R2] pos=(592,1425) state=follower leader=1 trust=1.00 susp=0.00 cov=24.5%/100.0%
