[WARN] Hardware modules not available - running in simulation mode
=== REIP Node - Robot 4 [SIM (unique ports)] ===
Trust Model: Three-tier confidence-weighted
  Personal: 1.0, ToF: 1.0, Peer: 0.3
  Suspicion threshold: 1.5, Recovery: 0.1

  Logging to: logs/robot_4_20260226_080802.jsonl
Initializing hardware...
  Hardware: SIMULATED
[INFO] Position socket listening on port 8104
[INFO] Peer socket listening on port 8204
[INFO] Fault socket listening on port 8304
Ready!

=== DECENTRALIZED MODE - No leader coordination ===
=== Detection Bounds: T1=2 cmds, T3=8 cmds | Impeachment: T1=8 cmds, T3=32 cmds ===
Running... Press Ctrl+C to stop

[R4] pos=(0,0) state=exploring leader=None trust=1.00 susp=0.00 cov=0.0%/0.0%
[R4] pos=(543,433) state=exploring leader=None trust=1.00 susp=0.00 cov=0.5%/0.5%
[R4] pos=(75,437) state=exploring leader=None trust=1.00 susp=0.00 cov=2.6%/16.7%
[R4] pos=(187,381) state=exploring leader=None trust=1.00 susp=0.00 cov=5.7%/27.6%
[R4] pos=(188,1116) state=exploring leader=None trust=1.00 susp=0.00 cov=8.3%/37.0%
[R4] pos=(561,1228) state=exploring leader=None trust=1.00 susp=0.00 cov=12.5%/43.2%
[R4] pos=(666,689) state=exploring leader=None trust=1.00 susp=0.00 cov=16.7%/52.1%
[R4] pos=(1189,796) state=exploring leader=None trust=1.00 susp=0.00 cov=19.3%/57.8%
[R4] pos=(1508,1042) state=exploring leader=None trust=1.00 susp=0.00 cov=22.9%/69.8%
[R4] pos=(1688,895) state=exploring leader=None trust=1.00 susp=0.00 cov=26.6%/77.1%
[R4] pos=(1925,553) state=exploring leader=None trust=1.00 susp=0.00 cov=30.2%/88.0%
[R4] pos=(1867,383) state=exploring leader=None trust=1.00 susp=0.00 cov=34.4%/94.3%
[R4] pos=(1814,1166) state=exploring leader=None trust=1.00 susp=0.00 cov=37.0%/97.4%
[R4] pos=(1626,1425) state=exploring leader=None trust=1.00 susp=0.00 cov=39.1%/100.0%
[R4] pos=(1644,1425) state=exploring leader=None trust=1.00 susp=0.00 cov=39.1%/100.0%
[R4] pos=(1735,1425) state=exploring leader=None trust=1.00 susp=0.00 cov=39.1%/100.0%
[R4] pos=(1725,1425) state=exploring leader=None trust=1.00 susp=0.00 cov=39.1%/100.0%
[R4] pos=(1731,1425) state=exploring leader=None trust=1.00 susp=0.00 cov=39.1%/100.0%
[R4] pos=(1650,1425) state=exploring leader=None trust=1.00 susp=0.00 cov=39.1%/100.0%
[R4] pos=(1640,1425) state=exploring leader=None trust=1.00 susp=0.00 cov=39.1%/100.0%
[R4] pos=(1737,1425) state=exploring leader=None trust=1.00 susp=0.00 cov=39.1%/100.0%
[R4] pos=(1735,1425) state=exploring leader=None trust=1.00 susp=0.00 cov=39.1%/100.0%
[R4] pos=(1747,1425) state=exploring leader=None trust=1.00 susp=0.00 cov=39.1%/100.0%
[R4] pos=(1654,1425) state=exploring leader=None trust=1.00 susp=0.00 cov=39.1%/100.0%
[R4] pos=(1660,1425) state=exploring leader=None trust=1.00 susp=0.00 cov=39.1%/100.0%
[R4] pos=(1629,1425) state=exploring leader=None trust=1.00 susp=0.00 cov=39.1%/100.0%
[R4] pos=(1739,1425) state=exploring leader=None trust=1.00 susp=0.00 cov=39.1%/100.0%
[R4] pos=(1739,1425) state=exploring leader=None trust=1.00 susp=0.00 cov=39.1%/100.0%
[R4] pos=(1740,1425) state=exploring leader=None trust=1.00 susp=0.00 cov=39.1%/100.0%
[R4] pos=(1628,1425) state=exploring leader=None trust=1.00 susp=0.00 cov=39.1%/100.0%
[R4] pos=(1619,1425) state=exploring leader=None trust=1.00 susp=0.00 cov=39.1%/100.0%
[R4] pos=(1722,1425) state=exploring leader=None trust=1.00 susp=0.00 cov=39.1%/100.0%
[R4] pos=(1741,1425) state=exploring leader=None trust=1.00 susp=0.00 cov=39.1%/100.0%
[R4] pos=(1754,1425) state=exploring leader=None trust=1.00 susp=0.00 cov=39.1%/100.0%
[R4] pos=(1639,1425) state=exploring leader=None trust=1.00 susp=0.00 cov=39.1%/100.0%
[R4] pos=(1645,1425) state=exploring leader=None trust=1.00 susp=0.00 cov=39.1%/100.0%
[R4] pos=(1630,1425) state=exploring leader=None trust=1.00 susp=0.00 cov=39.1%/100.0%
[R4] pos=(1637,1425) state=exploring leader=None trust=1.00 susp=0.00 cov=39.1%/100.0%
[R4] pos=(1673,1425) state=exploring leader=None trust=1.00 susp=0.00 cov=39.1%/100.0%
[R4] pos=(1673,1425) state=exploring leader=None trust=1.00 susp=0.00 cov=39.1%/100.0%
[R4] pos=(1673,1425) state=exploring leader=None trust=1.00 susp=0.00 cov=39.1%/100.0%
[R4] pos=(1673,1425) state=exploring leader=None trust=1.00 susp=0.00 cov=39.1%/100.0%
[R4] pos=(1673,1425) state=exploring leader=None trust=1.00 susp=0.00 cov=39.1%/100.0%
[R4] pos=(1673,1425) state=exploring leader=None trust=1.00 susp=0.00 cov=39.1%/100.0%
[R4] pos=(1673,1425) state=exploring leader=None trust=1.00 susp=0.00 cov=39.1%/100.0%
[R4] pos=(1673,1425) state=exploring leader=None trust=1.00 susp=0.00 cov=39.1%/100.0%
[R4] pos=(1673,1425) state=exploring leader=None trust=1.00 susp=0.00 cov=39.1%/100.0%
[R4] pos=(1673,1425) state=exploring leader=None trust=1.00 susp=0.00 cov=39.1%/100.0%
[R4] pos=(1673,1425) state=exploring leader=None trust=1.00 susp=0.00 cov=39.1%/100.0%
[R4] pos=(1673,1425) state=exploring leader=None trust=1.00 susp=0.00 cov=39.1%/100.0%
[R4] pos=(1673,1425) state=exploring leader=None trust=1.00 susp=0.00 cov=39.1%/100.0%
[R4] pos=(1673,1425) state=exploring leader=None trust=1.00 susp=0.00 cov=39.1%/100.0%
[R4] pos=(1673,1425) state=exploring leader=None trust=1.00 susp=0.00 cov=39.1%/100.0%
[R4] pos=(1673,1425) state=exploring leader=None trust=1.00 susp=0.00 cov=39.1%/100.0%
[R4] pos=(1673,1425) state=exploring leader=None trust=1.00 susp=0.00 cov=39.1%/100.0%
[R4] pos=(1673,1425) state=exploring leader=None trust=1.00 susp=0.00 cov=39.1%/100.0%
[R4] pos=(1673,1425) state=exploring leader=None trust=1.00 susp=0.00 cov=39.1%/100.0%
[R4] pos=(1673,1425) state=exploring leader=None trust=1.00 susp=0.00 cov=39.1%/100.0%
[R4] pos=(1673,1425) state=exploring leader=None trust=1.00 susp=0.00 cov=39.1%/100.0%
[R4] pos=(1673,1425) state=exploring leader=None trust=1.00 susp=0.00 cov=39.1%/100.0%
[R4] pos=(1673,1425) state=exploring leader=None trust=1.00 susp=0.00 cov=39.1%/100.0%
