[WARN] Hardware modules not available - running in simulation mode
=== REIP Node - Robot 4 [SIM (unique ports)] ===
Trust Model: Three-tier confidence-weighted
  Personal: 1.0, ToF: 1.0, Peer: 0.3
  Suspicion threshold: 1.5, Recovery: 0.1

  Logging to: logs/robot_4_20260226_191227.jsonl
Initializing hardware...
  Hardware: SIMULATED
[INFO] Position socket listening on port 9104
[INFO] Peer socket listening on port 9204
[INFO] Fault socket listening on port 9304
Ready!

=== DECENTRALIZED MODE - No leader coordination ===
=== Detection Bounds: T1=2 cmds, T3=8 cmds | Impeachment: T1=8 cmds, T3=32 cmds ===
Running... Press Ctrl+C to stop

[R4] pos=(0,0) state=exploring leader=None trust=1.00 susp=0.00 cov=0.0%/0.0%
[R4] pos=(543,433) state=exploring leader=None trust=1.00 susp=0.00 cov=0.5%/0.5%
[R4] pos=(75,75) state=exploring leader=None trust=1.00 susp=0.00 cov=4.2%/19.3%
[R4] pos=(91,571) state=exploring leader=None trust=1.00 susp=0.00 cov=6.8%/30.2%
[R4] pos=(87,1185) state=exploring leader=None trust=1.00 susp=0.00 cov=11.5%/42.2%
[R4] pos=(438,1324) state=exploring leader=None trust=1.00 susp=0.00 cov=15.1%/51.6%
[R4] pos=(687,790) state=exploring leader=None trust=1.00 susp=0.00 cov=18.8%/60.4%
[R4] pos=(936,893) state=exploring leader=None trust=1.00 susp=0.00 cov=22.4%/67.2%
[R4] pos=(1062,1400) state=exploring leader=None trust=1.00 susp=0.00 cov=25.0%/76.6%
[R4] pos=(1422,1396) state=exploring leader=None trust=1.00 susp=0.00 cov=28.6%/86.5%
[R4] pos=(1695,900) state=exploring leader=None trust=1.00 susp=0.00 cov=32.8%/96.4%
[R4] pos=(1925,1425) state=exploring leader=None trust=1.00 susp=0.00 cov=35.9%/100.0%
[R4] pos=(1925,1425) state=exploring leader=None trust=1.00 susp=0.00 cov=35.9%/100.0%
[R4] pos=(1925,1425) state=exploring leader=None trust=1.00 susp=0.00 cov=35.9%/100.0%
[R4] pos=(1925,1425) state=exploring leader=None trust=1.00 susp=0.00 cov=35.9%/100.0%
[R4] pos=(1925,1425) state=exploring leader=None trust=1.00 susp=0.00 cov=35.9%/100.0%
[R4] pos=(1925,1425) state=exploring leader=None trust=1.00 susp=0.00 cov=35.9%/100.0%
[R4] pos=(1925,1425) state=exploring leader=None trust=1.00 susp=0.00 cov=35.9%/100.0%
[R4] pos=(1925,1425) state=exploring leader=None trust=1.00 susp=0.00 cov=35.9%/100.0%
[R4] pos=(1925,1425) state=exploring leader=None trust=1.00 susp=0.00 cov=35.9%/100.0%
[R4] pos=(1925,1425) state=exploring leader=None trust=1.00 susp=0.00 cov=35.9%/100.0%
[R4] pos=(1925,1425) state=exploring leader=None trust=1.00 susp=0.00 cov=35.9%/100.0%
[R4] pos=(1925,1425) state=exploring leader=None trust=1.00 susp=0.00 cov=35.9%/100.0%
[R4] pos=(1925,1425) state=exploring leader=None trust=1.00 susp=0.00 cov=35.9%/100.0%
[R4] pos=(1925,1425) state=exploring leader=None trust=1.00 susp=0.00 cov=35.9%/100.0%
[R4] pos=(1925,1425) state=exploring leader=None trust=1.00 susp=0.00 cov=35.9%/100.0%
[R4] pos=(1925,1425) state=exploring leader=None trust=1.00 susp=0.00 cov=35.9%/100.0%
[R4] pos=(1925,1425) state=exploring leader=None trust=1.00 susp=0.00 cov=35.9%/100.0%
[R4] pos=(1925,1425) state=exploring leader=None trust=1.00 susp=0.00 cov=35.9%/100.0%
[R4] pos=(1925,1425) state=exploring leader=None trust=1.00 susp=0.00 cov=35.9%/100.0%
[R4] pos=(1925,1425) state=exploring leader=None trust=1.00 susp=0.00 cov=35.9%/100.0%
[R4] pos=(1925,1425) state=exploring leader=None trust=1.00 susp=0.00 cov=35.9%/100.0%
[R4] pos=(1925,1425) state=exploring leader=None trust=1.00 susp=0.00 cov=35.9%/100.0%
[R4] pos=(1925,1425) state=exploring leader=None trust=1.00 susp=0.00 cov=35.9%/100.0%
[R4] pos=(1925,1425) state=exploring leader=None trust=1.00 susp=0.00 cov=35.9%/100.0%
[R4] pos=(1925,1425) state=exploring leader=None trust=1.00 susp=0.00 cov=35.9%/100.0%
[R4] pos=(1925,1425) state=exploring leader=None trust=1.00 susp=0.00 cov=35.9%/100.0%
[R4] pos=(1925,1425) state=exploring leader=None trust=1.00 susp=0.00 cov=35.9%/100.0%
[R4] pos=(1925,1425) state=exploring leader=None trust=1.00 susp=0.00 cov=35.9%/100.0%
[R4] pos=(1925,1425) state=exploring leader=None trust=1.00 susp=0.00 cov=35.9%/100.0%
[R4] pos=(1925,1425) state=exploring leader=None trust=1.00 susp=0.00 cov=35.9%/100.0%
[R4] pos=(1925,1425) state=exploring leader=None trust=1.00 susp=0.00 cov=35.9%/100.0%
[R4] pos=(1925,1425) state=exploring leader=None trust=1.00 susp=0.00 cov=35.9%/100.0%
[R4] pos=(1925,1425) state=exploring leader=None trust=1.00 susp=0.00 cov=35.9%/100.0%
[R4] pos=(1925,1425) state=exploring leader=None trust=1.00 susp=0.00 cov=35.9%/100.0%
[R4] pos=(1925,1425) state=exploring leader=None trust=1.00 susp=0.00 cov=35.9%/100.0%
[R4] pos=(1925,1425) state=exploring leader=None trust=1.00 susp=0.00 cov=35.9%/100.0%
[R4] pos=(1925,1425) state=exploring leader=None trust=1.00 susp=0.00 cov=35.9%/100.0%
[R4] pos=(1925,1425) state=exploring leader=None trust=1.00 susp=0.00 cov=35.9%/100.0%
[R4] pos=(1925,1425) state=exploring leader=None trust=1.00 susp=0.00 cov=35.9%/100.0%
[R4] pos=(1925,1425) state=exploring leader=None trust=1.00 susp=0.00 cov=35.9%/100.0%
[R4] pos=(1925,1425) state=exploring leader=None trust=1.00 susp=0.00 cov=35.9%/100.0%
[R4] pos=(1925,1425) state=exploring leader=None trust=1.00 susp=0.00 cov=35.9%/100.0%
[R4] pos=(1925,1425) state=exploring leader=None trust=1.00 susp=0.00 cov=35.9%/100.0%
[R4] pos=(1925,1425) state=exploring leader=None trust=1.00 susp=0.00 cov=35.9%/100.0%
[R4] pos=(1925,1425) state=exploring leader=None trust=1.00 susp=0.00 cov=35.9%/100.0%
[R4] pos=(1925,1425) state=exploring leader=None trust=1.00 susp=0.00 cov=35.9%/100.0%
[R4] pos=(1925,1425) state=exploring leader=None trust=1.00 susp=0.00 cov=35.9%/100.0%
[R4] pos=(1925,1425) state=exploring leader=None trust=1.00 susp=0.00 cov=35.9%/100.0%
[R4] pos=(1925,1425) state=exploring leader=None trust=1.00 susp=0.00 cov=35.9%/100.0%
[R4] pos=(1925,1425) state=exploring leader=None trust=1.00 susp=0.00 cov=35.9%/100.0%
