[WARN] Hardware modules not available - running in simulation mode
=== REIP Node - Robot 3 [SIM (unique ports)] ===
Trust Model: Three-tier confidence-weighted
  Personal: 1.0, ToF: 1.0, Peer: 0.3
  Suspicion threshold: 1.5, Recovery: 0.1

  Logging to: logs/robot_3_20260226_185443.jsonl
Initializing hardware...
  Hardware: SIMULATED
[INFO] Position socket listening on port 11103
[INFO] Peer socket listening on port 11203
[INFO] Fault socket listening on port 11303
Ready!

=== Detection Bounds: T1=2 cmds, T3=8 cmds | Impeachment: T1=8 cmds, T3=32 cmds ===
Running... Press Ctrl+C to stop

[ELECTION] New leader: 3
[R3] pos=(0,0) state=leader leader=3 trust=1.00 susp=0.00 cov=0.0%/0.0%
[ELECTION] New leader: 1
[R3] pos=(476,597) state=follower leader=1 trust=1.00 susp=0.00 cov=0.5%/0.5%
[R3] pos=(560,437) state=follower leader=1 trust=1.00 susp=0.00 cov=2.6%/12.5%
[R3] pos=(323,190) state=follower leader=1 trust=1.00 susp=0.00 cov=5.2%/24.0%
[R3] pos=(557,171) state=follower leader=1 trust=1.00 susp=0.00 cov=7.3%/33.3%
[R3] pos=(905,75) state=follower leader=1 trust=1.00 susp=0.00 cov=9.9%/45.8%
[R3] pos=(1307,75) state=follower leader=1 trust=1.00 susp=0.00 cov=11.5%/54.2%
[R3] pos=(1823,75) state=follower leader=1 trust=1.00 susp=0.00 cov=13.5%/63.0%
[R3] pos=(1925,282) state=follower leader=1 trust=1.00 susp=0.00 cov=16.1%/71.9%
[R3] pos=(1545,571) state=follower leader=1 trust=1.00 susp=0.00 cov=19.3%/81.2%
[MPC] Moderate mismatch: best alignment 110ｰ, error=0.13
[R3] pos=(1703,330) state=follower leader=1 trust=1.00 susp=0.00 cov=21.9%/87.0%
[R3] pos=(1823,1066) state=follower leader=1 trust=1.00 susp=0.00 cov=25.0%/95.8%
[R3] pos=(1205,1425) state=follower leader=1 trust=1.00 susp=0.00 cov=28.6%/99.5%
[R3] pos=(1014,1425) state=follower leader=1 trust=1.00 susp=0.00 cov=29.2%/100.0%
[R3] pos=(1014,1425) state=follower leader=1 trust=1.00 susp=0.00 cov=29.2%/100.0%
[R3] pos=(1119,1425) state=follower leader=1 trust=1.00 susp=0.00 cov=29.2%/100.0%
[R3] pos=(1121,1425) state=follower leader=1 trust=1.00 susp=0.00 cov=29.2%/100.0%
[R3] pos=(1021,1425) state=follower leader=1 trust=1.00 susp=0.00 cov=29.2%/100.0%
[R3] pos=(1016,1425) state=follower leader=1 trust=1.00 susp=0.00 cov=29.2%/100.0%
[R3] pos=(1018,1425) state=follower leader=1 trust=1.00 susp=0.00 cov=29.2%/100.0%
[R3] pos=(1105,1425) state=follower leader=1 trust=1.00 susp=0.00 cov=29.2%/100.0%
[R3] pos=(1122,1425) state=follower leader=1 trust=1.00 susp=0.00 cov=29.2%/100.0%
[R3] pos=(1096,1425) state=follower leader=1 trust=1.00 susp=0.00 cov=29.7%/100.0%
[R3] pos=(1014,1425) state=follower leader=1 trust=1.00 susp=0.00 cov=29.7%/100.0%
[R3] pos=(1020,1425) state=follower leader=1 trust=1.00 susp=0.00 cov=29.7%/100.0%
[R3] pos=(1010,1425) state=follower leader=1 trust=1.00 susp=0.00 cov=29.7%/100.0%
[R3] pos=(1110,1425) state=follower leader=1 trust=1.00 susp=0.00 cov=29.7%/100.0%
[R3] pos=(1115,1425) state=follower leader=1 trust=1.00 susp=0.00 cov=29.7%/100.0%
[R3] pos=(1013,1425) state=follower leader=1 trust=1.00 susp=0.00 cov=29.7%/100.0%
[R3] pos=(1017,1425) state=follower leader=1 trust=1.00 susp=0.00 cov=29.7%/100.0%
[R3] pos=(1015,1425) state=follower leader=1 trust=1.00 susp=0.00 cov=29.7%/100.0%
[R3] pos=(1107,1425) state=follower leader=1 trust=1.00 susp=0.00 cov=29.7%/100.0%
[R3] pos=(1112,1425) state=follower leader=1 trust=1.00 susp=0.00 cov=29.7%/100.0%
[R3] pos=(1119,1425) state=follower leader=1 trust=1.00 susp=0.00 cov=29.7%/100.0%
[R3] pos=(1001,1425) state=follower leader=1 trust=1.00 susp=0.00 cov=29.7%/100.0%
[R3] pos=(998,1425) state=follower leader=1 trust=1.00 susp=0.00 cov=29.7%/100.0%
[R3] pos=(1102,1425) state=follower leader=1 trust=1.00 susp=0.00 cov=29.7%/100.0%
[R3] pos=(1109,1425) state=follower leader=1 trust=1.00 susp=0.00 cov=29.7%/100.0%
[R3] pos=(1129,1425) state=follower leader=1 trust=1.00 susp=0.00 cov=29.7%/100.0%
[R3] pos=(1025,1425) state=follower leader=1 trust=1.00 susp=0.00 cov=29.7%/100.0%
[R3] pos=(1025,1425) state=follower leader=1 trust=1.00 susp=0.00 cov=29.7%/100.0%
[R3] pos=(1009,1425) state=follower leader=1 trust=1.00 susp=0.00 cov=29.7%/100.0%
[R3] pos=(1118,1425) state=follower leader=1 trust=1.00 susp=0.00 cov=29.7%/100.0%
[R3] pos=(1115,1425) state=follower leader=1 trust=1.00 susp=0.00 cov=29.7%/100.0%
[R3] pos=(1108,1425) state=follower leader=1 trust=1.00 susp=0.00 cov=29.7%/100.0%
[R3] pos=(1030,1425) state=follower leader=1 trust=1.00 susp=0.00 cov=29.7%/100.0%
[R3] pos=(1017,1425) state=follower leader=1 trust=1.00 susp=0.00 cov=29.7%/100.0%
[R3] pos=(1118,1425) state=follower leader=1 trust=1.00 susp=0.00 cov=29.7%/100.0%
[R3] pos=(1114,1425) state=follower leader=1 trust=1.00 susp=0.00 cov=29.7%/100.0%
[R3] pos=(1109,1425) state=follower leader=1 trust=1.00 susp=0.00 cov=29.7%/100.0%
[R3] pos=(1015,1425) state=follower leader=1 trust=1.00 susp=0.00 cov=29.7%/100.0%
[R3] pos=(1010,1425) state=follower leader=1 trust=1.00 susp=0.00 cov=29.7%/100.0%
[R3] pos=(1113,1425) state=follower leader=1 trust=1.00 susp=0.00 cov=29.7%/100.0%
[R3] pos=(1100,1425) state=follower leader=1 trust=1.00 susp=0.00 cov=29.7%/100.0%
[R3] pos=(1109,1425) state=follower leader=1 trust=1.00 susp=0.00 cov=29.7%/100.0%
[R3] pos=(1025,1425) state=follower leader=1 trust=1.00 susp=0.00 cov=29.7%/100.0%
[R3] pos=(1019,1425) state=follower leader=1 trust=1.00 susp=0.00 cov=29.7%/100.0%
[R3] pos=(1002,1425) state=follower leader=1 trust=1.00 susp=0.00 cov=29.7%/100.0%
[R3] pos=(1095,1425) state=follower leader=1 trust=1.00 susp=0.00 cov=29.7%/100.0%
[R3] pos=(993,1425) state=follower leader=1 trust=1.00 susp=0.00 cov=29.7%/100.0%
[R3] pos=(1078,1425) state=follower leader=1 trust=1.00 susp=0.00 cov=29.7%/100.0%
[R3] pos=(1078,1425) state=follower leader=1 trust=1.00 susp=0.00 cov=29.7%/100.0%
