[WARN] Hardware modules not available - running in simulation mode
=== REIP Node - Robot 2 [SIM (unique ports)] ===
Trust Model: Three-tier confidence-weighted
  Personal: 1.0, ToF: 1.0, Peer: 0.3
  Suspicion threshold: 1.5, Recovery: 0.1

  Logging to: logs/robot_2_20260226_001428.jsonl
Initializing hardware...
  Hardware: SIMULATED
[INFO] Position socket listening on port 5102
[INFO] Peer socket listening on port 5202
[INFO] Fault socket listening on port 5302
Ready!

=== Detection Bounds: T1=2 cmds, T3=8 cmds | Impeachment: T1=8 cmds, T3=32 cmds ===
Running... Press Ctrl+C to stop

[ELECTION] New leader: 2
[R2] pos=(0,0) state=leader leader=2 trust=1.00 susp=0.00 cov=0.0%/0.0%
[ELECTION] New leader: 1
[R2] pos=(765,715) state=follower leader=1 trust=1.00 susp=0.00 cov=0.5%/0.5%
[R2] pos=(689,640) state=follower leader=1 trust=1.00 susp=0.00 cov=1.0%/5.7%
[R2] pos=(812,488) state=follower leader=1 trust=1.00 susp=0.00 cov=2.6%/14.1%
[R2] pos=(687,387) state=follower leader=1 trust=1.00 susp=0.00 cov=3.1%/18.2%
[R2] pos=(634,320) state=follower leader=1 trust=1.00 susp=0.00 cov=3.6%/21.9%
[R2] pos=(634,320) state=follower leader=1 trust=1.00 susp=0.00 cov=3.6%/21.9%
[R2] pos=(634,320) state=follower leader=1 trust=1.00 susp=0.00 cov=3.6%/21.9%
[R2] pos=(634,320) state=follower leader=1 trust=1.00 susp=0.00 cov=3.6%/21.9%
[R2] pos=(634,320) state=follower leader=1 trust=1.00 susp=0.00 cov=3.6%/21.9%
[R2] pos=(634,320) state=follower leader=1 trust=1.00 susp=0.00 cov=3.6%/21.9%
[R2] pos=(634,320) state=follower leader=1 trust=1.00 susp=0.00 cov=3.6%/21.9%
[R2] pos=(580,339) state=follower leader=1 trust=1.00 susp=0.00 cov=4.2%/24.0%
[R2] pos=(453,487) state=follower leader=1 trust=1.00 susp=0.00 cov=5.2%/28.6%
[R2] pos=(563,563) state=follower leader=1 trust=1.00 susp=0.00 cov=6.2%/33.3%
[R2] pos=(474,697) state=follower leader=1 trust=1.00 susp=0.00 cov=7.3%/39.6%
[R2] pos=(478,837) state=follower leader=1 trust=1.00 susp=0.00 cov=7.8%/43.8%
[TRUST] Bad command #1 (peer_reported): suspicion +0.30 = 0.30
[TRUST] Bad command #2 (peer_reported): suspicion +0.30 = 0.60
[TRUST] Bad command #3 (peer_reported): suspicion +0.30 = 0.90
[TRUST] Bad command #4 (peer_reported): suspicion +0.30 = 1.20
[TRUST] Bad command #5 (personal_visited): suspicion +1.00 = 2.20
[DETECT] First trust decay after 5 bad commands (0.83s) [Theoretical bound: T1=2, T3=8]
[TRUST] Trust decayed: trust=0.80, remaining suspicion=0.70
[TRUST] Bad command #6 (personal_visited): suspicion +1.00 = 1.70
[TRUST] Trust decayed: trust=0.60, remaining suspicion=0.20
[TRUST] Bad command #7 (peer_reported): suspicion +0.30 = 0.50
[TRUST] Bad command #8 (peer_reported): suspicion +0.30 = 0.80
[TRUST] Bad command #9 (personal_visited): suspicion +1.00 = 1.80
[TRUST] Trust decayed: trust=0.40, remaining suspicion=0.30
[TRUST] Bad command #10 (peer_reported): suspicion +0.30 = 0.60
[ELECTION] Leader 1 impeached (failures=1)
[ELECTION] New leader: 2
[R2] pos=(667,782) state=leader leader=2 trust=1.00 susp=0.00 cov=8.9%/45.3%
[R2] pos=(561,941) state=leader leader=2 trust=1.00 susp=0.00 cov=9.4%/47.9%
[R2] pos=(440,1040) state=leader leader=2 trust=1.00 susp=0.00 cov=10.4%/52.1%
[R2] pos=(482,1083) state=leader leader=2 trust=1.00 susp=0.00 cov=10.4%/52.6%
[R2] pos=(482,1083) state=leader leader=2 trust=1.00 susp=0.00 cov=10.4%/52.6%
[R2] pos=(482,1083) state=leader leader=2 trust=1.00 susp=0.00 cov=10.4%/52.6%
[R2] pos=(506,1077) state=leader leader=2 trust=1.00 susp=0.00 cov=10.9%/54.2%
[R2] pos=(537,1095) state=leader leader=2 trust=1.00 susp=0.00 cov=10.9%/54.7%
