[WARN] Hardware modules not available - running in simulation mode
=== REIP Node - Robot 2 [SIM (unique ports)] ===
Trust Model: Three-tier confidence-weighted
  Personal: 1.0, ToF: 1.0, Peer: 0.3
  Suspicion threshold: 1.5, Recovery: 0.1

  Logging to: logs/robot_2_20260226_185730.jsonl
Initializing hardware...
  Hardware: SIMULATED
[INFO] Position socket listening on port 9102
[INFO] Peer socket listening on port 9202
[INFO] Fault socket listening on port 9302
Ready!

=== Detection Bounds: T1=2 cmds, T3=8 cmds | Impeachment: T1=8 cmds, T3=32 cmds ===
Running... Press Ctrl+C to stop

[ELECTION] New leader: 2
[R2] pos=(0,0) state=leader leader=2 trust=1.00 susp=0.00 cov=0.0%/0.0%
[ELECTION] New leader: 1
[R2] pos=(1304,978) state=follower leader=1 trust=1.00 susp=0.00 cov=0.5%/0.5%
[R2] pos=(1347,1061) state=follower leader=1 trust=1.00 susp=0.00 cov=2.1%/10.9%
[R2] pos=(1320,1320) state=follower leader=1 trust=1.00 susp=0.00 cov=4.2%/21.4%
[R2] pos=(1580,1310) state=follower leader=1 trust=1.00 susp=0.00 cov=6.8%/30.7%
[R2] pos=(1703,1425) state=follower leader=1 trust=1.00 susp=0.00 cov=8.9%/42.2%
[R2] pos=(1732,1211) state=follower leader=1 trust=1.00 susp=0.00 cov=10.9%/54.7%
[R2] pos=(1850,1018) state=follower leader=1 trust=1.00 susp=0.00 cov=13.5%/64.6%
[R2] pos=(1664,592) state=follower leader=1 trust=1.00 susp=0.00 cov=16.1%/78.1%
[R2] pos=(1440,323) state=follower leader=1 trust=1.00 susp=0.00 cov=19.3%/86.5%
[R2] pos=(1404,733) state=follower leader=1 trust=1.00 susp=0.00 cov=20.3%/96.9%
[R2] pos=(1188,1425) state=follower leader=1 trust=1.00 susp=0.00 cov=21.4%/100.0%
[R2] pos=(1188,1425) state=follower leader=1 trust=1.00 susp=0.00 cov=21.4%/100.0%
[R2] pos=(1188,1425) state=follower leader=1 trust=1.00 susp=0.00 cov=21.4%/100.0%
[R2] pos=(1188,1425) state=follower leader=1 trust=1.00 susp=0.00 cov=21.4%/100.0%
[R2] pos=(1188,1425) state=follower leader=1 trust=1.00 susp=0.00 cov=21.4%/100.0%
[R2] pos=(1188,1425) state=follower leader=1 trust=1.00 susp=0.00 cov=21.4%/100.0%
[R2] pos=(1188,1425) state=follower leader=1 trust=1.00 susp=0.00 cov=21.4%/100.0%
[R2] pos=(1188,1425) state=follower leader=1 trust=1.00 susp=0.00 cov=21.4%/100.0%
[R2] pos=(1188,1425) state=follower leader=1 trust=1.00 susp=0.00 cov=21.4%/100.0%
[R2] pos=(1188,1425) state=follower leader=1 trust=1.00 susp=0.00 cov=21.4%/100.0%
[R2] pos=(1188,1425) state=follower leader=1 trust=1.00 susp=0.00 cov=21.4%/100.0%
[R2] pos=(1188,1425) state=follower leader=1 trust=1.00 susp=0.00 cov=21.4%/100.0%
[R2] pos=(1188,1425) state=follower leader=1 trust=1.00 susp=0.00 cov=21.4%/100.0%
[R2] pos=(1188,1425) state=follower leader=1 trust=1.00 susp=0.00 cov=21.4%/100.0%
[R2] pos=(1188,1425) state=follower leader=1 trust=1.00 susp=0.00 cov=21.4%/100.0%
[R2] pos=(1188,1425) state=follower leader=1 trust=1.00 susp=0.00 cov=21.4%/100.0%
[R2] pos=(1188,1425) state=follower leader=1 trust=1.00 susp=0.00 cov=21.4%/100.0%
[R2] pos=(1188,1425) state=follower leader=1 trust=1.00 susp=0.00 cov=21.4%/100.0%
[R2] pos=(1188,1425) state=follower leader=1 trust=1.00 susp=0.00 cov=21.4%/100.0%
[R2] pos=(1188,1425) state=follower leader=1 trust=1.00 susp=0.00 cov=21.4%/100.0%
[R2] pos=(1188,1425) state=follower leader=1 trust=1.00 susp=0.00 cov=21.4%/100.0%
[R2] pos=(1188,1425) state=follower leader=1 trust=1.00 susp=0.00 cov=21.4%/100.0%
[R2] pos=(1188,1425) state=follower leader=1 trust=1.00 susp=0.00 cov=21.4%/100.0%
[R2] pos=(1188,1425) state=follower leader=1 trust=1.00 susp=0.00 cov=21.4%/100.0%
[R2] pos=(1188,1425) state=follower leader=1 trust=1.00 susp=0.00 cov=21.4%/100.0%
[R2] pos=(1188,1425) state=follower leader=1 trust=1.00 susp=0.00 cov=21.4%/100.0%
[R2] pos=(1188,1425) state=follower leader=1 trust=1.00 susp=0.00 cov=21.4%/100.0%
[R2] pos=(1188,1425) state=follower leader=1 trust=1.00 susp=0.00 cov=21.4%/100.0%
[R2] pos=(1188,1425) state=follower leader=1 trust=1.00 susp=0.00 cov=21.4%/100.0%
[R2] pos=(1188,1425) state=follower leader=1 trust=1.00 susp=0.00 cov=21.4%/100.0%
[R2] pos=(1188,1425) state=follower leader=1 trust=1.00 susp=0.00 cov=21.4%/100.0%
[R2] pos=(1188,1425) state=follower leader=1 trust=1.00 susp=0.00 cov=21.4%/100.0%
[TRUST] Bad command #1 (peer_reported): suspicion +0.30 = 0.30
[TRUST] Bad command #2 (peer_reported): suspicion +0.30 = 0.60
[TRUST] Bad command #3 (peer_reported): suspicion +0.30 = 0.90
[R2] pos=(1188,1425) state=follower leader=1 trust=1.00 susp=0.90 cov=21.4%/100.0%
[TRUST] Bad command #4 (peer_reported): suspicion +0.30 = 1.20
[TRUST] Bad command #5 (peer_reported): suspicion +0.30 = 1.50
[DETECT] First trust decay after 5 bad commands (0.85s) [Theoretical bound: T1=2, T3=8]
[TRUST] Trust decayed: trust=0.80, remaining suspicion=0.00
[TRUST] Bad command #6 (peer_reported): suspicion +0.30 = 0.30
[TRUST] Bad command #7 (peer_reported): suspicion +0.30 = 0.60
[TRUST] Bad command #8 (peer_reported): suspicion +0.30 = 0.90
[TRUST] Bad command #9 (peer_reported): suspicion +0.30 = 1.20
[TRUST] Bad command #10 (peer_reported): suspicion +0.30 = 1.50
[TRUST] Trust decayed: trust=0.60, remaining suspicion=0.00
[TRUST] Bad command #11 (peer_reported): suspicion +0.30 = 0.30
[TRUST] Bad command #12 (peer_reported): suspicion +0.30 = 0.60
[R2] pos=(1188,1425) state=follower leader=1 trust=0.60 susp=0.60 cov=21.4%/100.0%
[TRUST] Bad command #13 (peer_reported): suspicion +0.30 = 0.90
[TRUST] Bad command #14 (peer_reported): suspicion +0.30 = 1.20
[TRUST] Bad command #15 (peer_reported): suspicion +0.30 = 1.50
[TRUST] Trust decayed: trust=0.40, remaining suspicion=0.00
[TRUST] Bad command #16 (peer_reported): suspicion +0.30 = 0.30
[TRUST] Bad command #17 (peer_reported): suspicion +0.30 = 0.60
[TRUST] Bad command #18 (peer_reported): suspicion +0.30 = 0.90
[TRUST] Bad command #19 (peer_reported): suspicion +0.30 = 1.20
[TRUST] Bad command #20 (peer_reported): suspicion +0.30 = 1.50
[TRUST] Trust decayed: trust=0.20, remaining suspicion=0.00
[TRUST] Bad command #21 (peer_reported): suspicion +0.30 = 0.30
[TRUST] Bad command #22 (peer_reported): suspicion +0.30 = 0.60
[DETECT] IMPEACHMENT after 22 bad commands, 4.45s from first bad command [Bound: T1=8 cmds, T3=32 cmds]
[IMPEACH] Trust too low (0.20), excluding leader 1 from candidates
[ELECTION] Leader 1 impeached (failures=1)
[ELECTION] New leader: 2
[R2] pos=(1188,1425) state=leader leader=2 trust=1.00 susp=0.00 cov=21.4%/100.0%
[R2] pos=(646,769) state=leader leader=2 trust=1.00 susp=0.00 cov=24.5%/100.0%
[R2] pos=(96,103) state=leader leader=2 trust=1.00 susp=0.00 cov=28.6%/100.0%
[R2] pos=(75,75) state=leader leader=2 trust=1.00 susp=0.00 cov=28.6%/100.0%
[R2] pos=(75,75) state=leader leader=2 trust=1.00 susp=0.00 cov=28.6%/100.0%
[R2] pos=(75,75) state=leader leader=2 trust=1.00 susp=0.00 cov=28.6%/100.0%
[R2] pos=(75,75) state=leader leader=2 trust=1.00 susp=0.00 cov=28.6%/100.0%
[R2] pos=(75,75) state=leader leader=2 trust=1.00 susp=0.00 cov=28.6%/100.0%
[R2] pos=(75,75) state=leader leader=2 trust=1.00 susp=0.00 cov=28.6%/100.0%
[R2] pos=(75,75) state=leader leader=2 trust=1.00 susp=0.00 cov=28.6%/100.0%
[R2] pos=(75,75) state=leader leader=2 trust=1.00 susp=0.00 cov=28.6%/100.0%
[R2] pos=(75,75) state=leader leader=2 trust=1.00 susp=0.00 cov=28.6%/100.0%
[R2] pos=(75,75) state=leader leader=2 trust=1.00 susp=0.00 cov=28.6%/100.0%
[R2] pos=(75,75) state=leader leader=2 trust=1.00 susp=0.00 cov=28.6%/100.0%
[R2] pos=(75,75) state=leader leader=2 trust=1.00 susp=0.00 cov=28.6%/100.0%
[R2] pos=(75,75) state=leader leader=2 trust=1.00 susp=0.00 cov=28.6%/100.0%
[R2] pos=(75,75) state=leader leader=2 trust=1.00 susp=0.00 cov=28.6%/100.0%
[R2] pos=(75,75) state=leader leader=2 trust=1.00 susp=0.00 cov=28.6%/100.0%
[R2] pos=(75,75) state=leader leader=2 trust=1.00 susp=0.00 cov=28.6%/100.0%
[R2] pos=(75,75) state=leader leader=2 trust=1.00 susp=0.00 cov=28.6%/100.0%
[R2] pos=(75,75) state=leader leader=2 trust=1.00 susp=0.00 cov=28.6%/100.0%
[R2] pos=(75,75) state=leader leader=2 trust=1.00 susp=0.00 cov=28.6%/100.0%
[R2] pos=(75,75) state=leader leader=2 trust=1.00 susp=0.00 cov=28.6%/100.0%
[R2] pos=(75,75) state=leader leader=2 trust=1.00 susp=0.00 cov=28.6%/100.0%
[R2] pos=(75,75) state=leader leader=2 trust=1.00 susp=0.00 cov=28.6%/100.0%
[R2] pos=(75,75) state=leader leader=2 trust=1.00 susp=0.00 cov=28.6%/100.0%
[R2] pos=(75,75) state=leader leader=2 trust=1.00 susp=0.00 cov=28.6%/100.0%
[R2] pos=(75,75) state=leader leader=2 trust=1.00 susp=0.00 cov=28.6%/100.0%
[R2] pos=(75,75) state=leader leader=2 trust=1.00 susp=0.00 cov=28.6%/100.0%
[R2] pos=(75,75) state=leader leader=2 trust=1.00 susp=0.00 cov=28.6%/100.0%
[R2] pos=(75,75) state=leader leader=2 trust=1.00 susp=0.00 cov=28.6%/100.0%
[R2] pos=(75,75) state=leader leader=2 trust=1.00 susp=0.00 cov=28.6%/100.0%
[R2] pos=(75,75) state=leader leader=2 trust=1.00 susp=0.00 cov=28.6%/100.0%
[R2] pos=(75,75) state=leader leader=2 trust=1.00 susp=0.00 cov=28.6%/100.0%
[R2] pos=(75,75) state=leader leader=2 trust=1.00 susp=0.00 cov=28.6%/100.0%
[R2] pos=(75,75) state=leader leader=2 trust=1.00 susp=0.00 cov=28.6%/100.0%
[R2] pos=(75,75) state=leader leader=2 trust=1.00 susp=0.00 cov=28.6%/100.0%
[R2] pos=(75,75) state=leader leader=2 trust=1.00 susp=0.00 cov=28.6%/100.0%
