[WARN] Hardware modules not available - running in simulation mode
=== REIP Node - Robot 3 [SIM (unique ports)] ===
Trust Model: Three-tier confidence-weighted
  Personal: 1.0, ToF: 1.0, Peer: 0.3
  Suspicion threshold: 1.5, Recovery: 0.1

  Logging to: logs/robot_3_20260226_212047.jsonl
Initializing hardware...
  Hardware: SIMULATED
[INFO] Position socket listening on port 15103
[INFO] Peer socket listening on port 15203
[INFO] Fault socket listening on port 15303
Ready!

=== Detection Bounds: T1=2 cmds, T3=8 cmds | Impeachment: T1=8 cmds, T3=32 cmds ===
Running... Press Ctrl+C to stop

[ELECTION] New leader: 3
[R3] pos=(0,0) state=leader leader=3 trust=1.00 susp=0.00 cov=0.0%/0.0%
[ELECTION] New leader: 1
[R3] pos=(725,963) state=follower leader=1 trust=1.00 susp=0.00 cov=0.5%/0.5%
[R3] pos=(841,938) state=follower leader=1 trust=1.00 susp=0.00 cov=1.6%/13.0%
[R3] pos=(888,920) state=follower leader=1 trust=1.00 susp=0.00 cov=2.6%/19.8%
[R3] pos=(673,1189) state=follower leader=1 trust=1.00 susp=0.00 cov=4.7%/26.6%
[R3] pos=(439,1421) state=follower leader=1 trust=1.00 susp=0.00 cov=7.3%/37.0%
[R3] pos=(946,1299) state=follower leader=1 trust=1.00 susp=0.00 cov=10.4%/45.8%
[TRUST] Bad command #1 (peer_reported): suspicion +0.30 = 0.30
[TRUST] Bad command #2 (peer_reported): suspicion +0.30 = 0.60
[TRUST] Bad command #3 (peer_reported): suspicion +0.30 = 0.90
[TRUST] Bad command #4 (peer_reported): suspicion +0.30 = 1.20
[TRUST] Bad command #5 (peer_reported): suspicion +0.30 = 1.50
[DETECT] First trust decay after 5 bad commands (0.84s) [Theoretical bound: T1=2, T3=8]
[TRUST] Trust decayed: trust=0.80, remaining suspicion=0.00
[TRUST] Bad command #6 (peer_reported): suspicion +0.30 = 0.30
[TRUST] Bad command #7 (peer_reported): suspicion +0.30 = 0.60
[R3] pos=(443,1189) state=follower leader=1 trust=0.80 susp=0.30 cov=11.5%/49.0%
[TRUST] Bad command #8 (personal_visited): suspicion +1.00 = 1.30
[TRUST] Bad command #9 (personal_visited): suspicion +1.00 = 2.30
[TRUST] Trust decayed: trust=0.60, remaining suspicion=0.80
[TRUST] Bad command #10 (personal_visited): suspicion +1.00 = 1.80
[TRUST] Trust decayed: trust=0.40, remaining suspicion=0.30
[TRUST] Bad command #11 (personal_visited): suspicion +1.00 = 1.30
[ELECTION] Leader 1 impeached (failures=1)
[ELECTION] New leader: 2
[R3] pos=(649,1075) state=follower leader=2 trust=1.00 susp=0.00 cov=13.5%/50.0%
[R3] pos=(858,1026) state=follower leader=2 trust=1.00 susp=0.00 cov=13.5%/51.0%
[R3] pos=(858,765) state=follower leader=2 trust=1.00 susp=0.00 cov=14.1%/53.6%
[R3] pos=(858,592) state=follower leader=2 trust=1.00 susp=0.00 cov=15.1%/55.7%
[R3] pos=(858,301) state=follower leader=2 trust=1.00 susp=0.00 cov=16.1%/58.9%
[R3] pos=(858,143) state=follower leader=2 trust=1.00 susp=0.00 cov=17.2%/60.9%
[R3] pos=(858,186) state=follower leader=2 trust=1.00 susp=0.00 cov=17.2%/63.0%
[R3] pos=(858,166) state=follower leader=2 trust=1.00 susp=0.00 cov=17.2%/66.1%
[R3] pos=(858,256) state=follower leader=2 trust=1.00 susp=0.00 cov=17.2%/69.3%
[TRUST] Bad command #1 (peer_reported): suspicion +0.30 = 0.30
[TRUST] Bad command #2 (peer_reported): suspicion +0.30 = 0.60
[TRUST] Bad command #3 (peer_reported): suspicion +0.30 = 0.90
[TRUST] Bad command #4 (peer_reported): suspicion +0.30 = 1.20
[TRUST] Bad command #5 (personal_visited): suspicion +1.00 = 1.90
[DETECT] First trust decay after 5 bad commands (1.47s) [Theoretical bound: T1=2, T3=8]
[TRUST] Trust decayed: trust=0.80, remaining suspicion=0.40
[TRUST] Bad command #6 (personal_visited): suspicion +1.00 = 1.40
[TRUST] Bad command #7 (personal_visited): suspicion +1.00 = 2.40
[TRUST] Trust decayed: trust=0.60, remaining suspicion=0.90
[R3] pos=(724,387) state=follower leader=2 trust=0.60 susp=0.90 cov=18.2%/70.8%
[TRUST] Bad command #8 (personal_visited): suspicion +1.00 = 1.90
[TRUST] Trust decayed: trust=0.40, remaining suspicion=0.40
[TRUST] Bad command #9 (personal_visited): suspicion +1.00 = 1.40
[TRUST] Bad command #10 (personal_visited): suspicion +1.00 = 2.40
[TRUST] Trust decayed: trust=0.20, remaining suspicion=0.90
[TRUST] Bad command #11 (personal_visited): suspicion +1.00 = 1.90
[TRUST] Trust decayed: trust=0.10, remaining suspicion=0.40
[TRUST] Bad command #12 (personal_visited): suspicion +1.00 = 1.40
[DETECT] IMPEACHMENT after 12 bad commands, 2.94s from first bad command [Bound: T1=8 cmds, T3=32 cmds]
[IMPEACH] Trust too low (0.10), excluding leader 2 from candidates
[ELECTION] Leader 2 impeached (failures=1)
[ELECTION] New leader: 3
[R3] pos=(857,396) state=leader leader=3 trust=1.00 susp=0.00 cov=19.3%/73.4%
[R3] pos=(857,625) state=leader leader=3 trust=1.00 susp=0.00 cov=19.3%/73.4%
[R3] pos=(857,772) state=leader leader=3 trust=1.00 susp=0.00 cov=19.3%/75.0%
[R3] pos=(857,772) state=leader leader=3 trust=1.00 susp=0.00 cov=19.3%/75.0%
[R3] pos=(857,783) state=leader leader=3 trust=1.00 susp=0.00 cov=19.3%/75.5%
[R3] pos=(857,809) state=leader leader=3 trust=1.00 susp=0.00 cov=19.3%/77.1%
[R3] pos=(856,901) state=leader leader=3 trust=1.00 susp=0.00 cov=19.3%/80.7%
[R3] pos=(856,930) state=leader leader=3 trust=1.00 susp=0.00 cov=19.3%/82.8%
[R3] pos=(856,930) state=leader leader=3 trust=1.00 susp=0.00 cov=19.3%/82.8%
[R3] pos=(856,930) state=leader leader=3 trust=1.00 susp=0.00 cov=19.3%/82.8%
[R3] pos=(856,930) state=leader leader=3 trust=1.00 susp=0.00 cov=19.3%/82.8%
[R3] pos=(856,930) state=leader leader=3 trust=1.00 susp=0.00 cov=19.3%/82.8%
[R3] pos=(856,930) state=leader leader=3 trust=1.00 susp=0.00 cov=19.3%/82.8%
[R3] pos=(856,930) state=leader leader=3 trust=1.00 susp=0.00 cov=19.3%/82.8%
[R3] pos=(856,935) state=leader leader=3 trust=1.00 susp=0.00 cov=19.3%/83.9%
[R3] pos=(901,1195) state=leader leader=3 trust=1.00 susp=0.00 cov=19.3%/85.4%
[R3] pos=(1444,1300) state=leader leader=3 trust=1.00 susp=0.00 cov=22.4%/90.6%
[R3] pos=(1567,1174) state=leader leader=3 trust=1.00 susp=0.00 cov=24.5%/93.2%
[R3] pos=(1563,1143) state=leader leader=3 trust=1.00 susp=0.00 cov=24.5%/95.3%
[R3] pos=(1313,1177) state=leader leader=3 trust=1.00 susp=0.00 cov=26.6%/99.0%
[R3] pos=(1623,1425) state=leader leader=3 trust=1.00 susp=0.00 cov=27.1%/100.0%
[R3] pos=(1537,1425) state=leader leader=3 trust=1.00 susp=0.00 cov=27.6%/100.0%
[R3] pos=(1549,1425) state=leader leader=3 trust=1.00 susp=0.00 cov=27.6%/100.0%
[R3] pos=(1549,1425) state=leader leader=3 trust=1.00 susp=0.00 cov=27.6%/100.0%
[R3] pos=(1549,1425) state=leader leader=3 trust=1.00 susp=0.00 cov=27.6%/100.0%
[R3] pos=(1549,1425) state=leader leader=3 trust=1.00 susp=0.00 cov=27.6%/100.0%
[R3] pos=(1549,1425) state=leader leader=3 trust=1.00 susp=0.00 cov=27.6%/100.0%
[R3] pos=(1549,1425) state=leader leader=3 trust=1.00 susp=0.00 cov=27.6%/100.0%
[R3] pos=(1549,1425) state=leader leader=3 trust=1.00 susp=0.00 cov=27.6%/100.0%
[R3] pos=(1549,1425) state=leader leader=3 trust=1.00 susp=0.00 cov=27.6%/100.0%
[R3] pos=(1549,1425) state=leader leader=3 trust=1.00 susp=0.00 cov=27.6%/100.0%
[R3] pos=(1549,1425) state=leader leader=3 trust=1.00 susp=0.00 cov=27.6%/100.0%
[R3] pos=(1549,1425) state=leader leader=3 trust=1.00 susp=0.00 cov=27.6%/100.0%
[R3] pos=(1549,1425) state=leader leader=3 trust=1.00 susp=0.00 cov=27.6%/100.0%
[R3] pos=(1549,1425) state=leader leader=3 trust=1.00 susp=0.00 cov=27.6%/100.0%
[R3] pos=(1549,1425) state=leader leader=3 trust=1.00 susp=0.00 cov=27.6%/100.0%
[R3] pos=(1549,1425) state=leader leader=3 trust=1.00 susp=0.00 cov=27.6%/100.0%
[R3] pos=(1549,1425) state=leader leader=3 trust=1.00 susp=0.00 cov=27.6%/100.0%
[R3] pos=(1549,1425) state=leader leader=3 trust=1.00 susp=0.00 cov=27.6%/100.0%
[R3] pos=(1549,1425) state=leader leader=3 trust=1.00 susp=0.00 cov=27.6%/100.0%
[R3] pos=(1549,1425) state=leader leader=3 trust=1.00 susp=0.00 cov=27.6%/100.0%
[R3] pos=(1549,1425) state=leader leader=3 trust=1.00 susp=0.00 cov=27.6%/100.0%
[R3] pos=(1549,1425) state=leader leader=3 trust=1.00 susp=0.00 cov=27.6%/100.0%
[R3] pos=(1549,1425) state=leader leader=3 trust=1.00 susp=0.00 cov=27.6%/100.0%
[R3] pos=(1549,1425) state=leader leader=3 trust=1.00 susp=0.00 cov=27.6%/100.0%
