[WARN] Hardware modules not available - simulation mode
=== RAFT Baseline - Robot 1 [SIM] ===
NO TRUST. Heartbeat timeout only.

  Logging to: logs/raft_1_20260226_181232.jsonl
Initializing hardware...
  Hardware: SIMULATED
[INFO] Position socket listening on port 10101
[INFO] Peer socket listening on port 10201
[INFO] Fault socket listening on port 10301
Ready!

Running RAFT baseline... Press Ctrl+C to stop

[R1] state=follower leader=None term=0 cov=0.0%/0.0%
[R1] state=follower leader=3 term=2 cov=0.5%/0.5%
[R1] state=follower leader=3 term=2 cov=2.6%/14.6%
[R1] state=follower leader=3 term=2 cov=4.2%/25.0%
[R1] state=follower leader=3 term=2 cov=6.2%/35.9%
[R1] state=follower leader=3 term=2 cov=7.3%/46.9%
[R1] state=follower leader=3 term=2 cov=8.9%/57.8%
[R1] state=follower leader=3 term=2 cov=10.9%/65.6%
[R1] state=follower leader=3 term=2 cov=14.1%/77.6%
[R1] state=follower leader=3 term=2 cov=15.6%/87.0%
[R1] state=follower leader=3 term=2 cov=17.2%/91.1%
[R1] state=follower leader=3 term=2 cov=19.3%/97.9%
[R1] state=follower leader=3 term=2 cov=21.9%/100.0%
[R1] state=follower leader=3 term=2 cov=22.4%/100.0%
[R1] state=follower leader=3 term=2 cov=22.4%/100.0%
[R1] state=follower leader=3 term=2 cov=22.4%/100.0%
[FAULT] BAD_LEADER mode - will send bad assignments (Raft CANNOT detect this)
[R1] state=follower leader=3 term=2 cov=22.4%/100.0%
[R1] state=follower leader=3 term=2 cov=22.4%/100.0%
[R1] state=follower leader=3 term=2 cov=22.4%/100.0%
[R1] state=follower leader=3 term=2 cov=22.4%/100.0%
[R1] state=follower leader=3 term=2 cov=22.4%/100.0%
[R1] state=follower leader=3 term=2 cov=22.4%/100.0%
[R1] state=follower leader=3 term=2 cov=22.4%/100.0%
[R1] state=follower leader=3 term=2 cov=22.4%/100.0%
[R1] state=follower leader=3 term=2 cov=22.4%/100.0%
[R1] state=follower leader=3 term=2 cov=22.4%/100.0%
[R1] state=follower leader=3 term=2 cov=22.4%/100.0%
[R1] state=follower leader=3 term=2 cov=22.4%/100.0%
[R1] state=follower leader=3 term=2 cov=22.4%/100.0%
[R1] state=follower leader=3 term=2 cov=22.4%/100.0%
[R1] state=follower leader=3 term=2 cov=22.4%/100.0%
[R1] state=follower leader=3 term=2 cov=22.4%/100.0%
[R1] state=follower leader=3 term=2 cov=22.4%/100.0%
[R1] state=follower leader=3 term=2 cov=22.4%/100.0%
[R1] state=follower leader=3 term=2 cov=22.4%/100.0%
[R1] state=follower leader=3 term=2 cov=22.4%/100.0%
[R1] state=follower leader=3 term=2 cov=22.4%/100.0%
[R1] state=follower leader=3 term=2 cov=22.4%/100.0%
[R1] state=follower leader=3 term=2 cov=22.4%/100.0%
[R1] state=follower leader=3 term=2 cov=22.4%/100.0%
[R1] state=follower leader=3 term=2 cov=22.4%/100.0%
[R1] state=follower leader=3 term=2 cov=22.4%/100.0%
[R1] state=follower leader=3 term=2 cov=22.4%/100.0%
[R1] state=follower leader=3 term=2 cov=22.4%/100.0%
[R1] state=follower leader=3 term=2 cov=22.4%/100.0%
[R1] state=follower leader=3 term=2 cov=22.4%/100.0%
[R1] state=follower leader=3 term=2 cov=22.4%/100.0%
[R1] state=follower leader=3 term=2 cov=22.4%/100.0%
[R1] state=follower leader=3 term=2 cov=22.4%/100.0%
[R1] state=follower leader=3 term=2 cov=22.4%/100.0%
[R1] state=follower leader=3 term=2 cov=22.4%/100.0%
[R1] state=follower leader=3 term=2 cov=22.4%/100.0%
[R1] state=follower leader=3 term=2 cov=22.4%/100.0%
[R1] state=follower leader=3 term=2 cov=22.4%/100.0%
[R1] state=follower leader=3 term=2 cov=22.4%/100.0%
[R1] state=follower leader=3 term=2 cov=22.4%/100.0%
[R1] state=follower leader=3 term=2 cov=22.4%/100.0%
[R1] state=follower leader=3 term=2 cov=22.4%/100.0%
[R1] state=follower leader=3 term=2 cov=22.4%/100.0%
[R1] state=follower leader=3 term=2 cov=22.4%/100.0%
[R1] state=follower leader=3 term=2 cov=22.4%/100.0%
[R1] state=follower leader=3 term=2 cov=22.4%/100.0%
[R1] state=follower leader=3 term=2 cov=22.4%/100.0%
[R1] state=follower leader=3 term=2 cov=22.4%/100.0%
[R1] state=follower leader=3 term=2 cov=22.4%/100.0%
[R1] state=follower leader=3 term=2 cov=22.4%/100.0%
[R1] state=follower leader=3 term=2 cov=22.4%/100.0%
[R1] state=follower leader=3 term=2 cov=22.4%/100.0%
