[WARN] Hardware modules not available - running in simulation mode
=== REIP Node - Robot 1 [SIM (unique ports)] ===
Trust Model: Three-tier confidence-weighted
  Personal: 1.0, ToF: 1.0, Peer: 0.3
  Suspicion threshold: 1.5, Recovery: 0.1

  Logging to: logs/robot_1_20260226_190951.jsonl
Initializing hardware...
  Hardware: SIMULATED
[INFO] Position socket listening on port 11101
[INFO] Peer socket listening on port 11201
[INFO] Fault socket listening on port 11301
Ready!

=== DECENTRALIZED MODE - No leader coordination ===
=== Detection Bounds: T1=2 cmds, T3=8 cmds | Impeachment: T1=8 cmds, T3=32 cmds ===
Running... Press Ctrl+C to stop

[R1] pos=(0,0) state=exploring leader=None trust=1.00 susp=0.00 cov=0.0%/0.0%
[R1] pos=(918,1242) state=exploring leader=None trust=1.00 susp=0.00 cov=0.5%/0.5%
[R1] pos=(260,1188) state=exploring leader=None trust=1.00 susp=0.00 cov=3.1%/17.7%
[R1] pos=(75,1295) state=exploring leader=None trust=1.00 susp=0.00 cov=5.2%/27.6%
[R1] pos=(530,1313) state=exploring leader=None trust=1.00 susp=0.00 cov=8.9%/39.1%
[R1] pos=(1027,1313) state=exploring leader=None trust=1.00 susp=0.00 cov=13.0%/51.0%
[R1] pos=(1367,1383) state=exploring leader=None trust=1.00 susp=0.00 cov=17.2%/65.6%
[R1] pos=(1338,1425) state=exploring leader=None trust=1.00 susp=0.00 cov=17.7%/77.6%
[R1] pos=(1337,1425) state=exploring leader=None trust=1.00 susp=0.00 cov=17.7%/82.8%
[R1] pos=(1812,1308) state=exploring leader=None trust=1.00 susp=0.00 cov=21.4%/92.2%
[R1] pos=(1721,1425) state=exploring leader=None trust=1.00 susp=0.00 cov=22.9%/99.0%
[R1] pos=(1109,1425) state=exploring leader=None trust=1.00 susp=0.00 cov=24.0%/100.0%
[R1] pos=(1117,1425) state=exploring leader=None trust=1.00 susp=0.00 cov=24.0%/100.0%
[R1] pos=(1124,1425) state=exploring leader=None trust=1.00 susp=0.00 cov=24.0%/100.0%
[R1] pos=(1026,1425) state=exploring leader=None trust=1.00 susp=0.00 cov=24.0%/100.0%
[R1] pos=(1035,1425) state=exploring leader=None trust=1.00 susp=0.00 cov=24.0%/100.0%
[R1] pos=(1118,1425) state=exploring leader=None trust=1.00 susp=0.00 cov=24.0%/100.0%
[FAULT] BAD_LEADER mode activated - will send bad assignments
[R1] pos=(1112,1425) state=exploring leader=None trust=1.00 susp=0.00 cov=24.0%/100.0%
[R1] pos=(1096,1425) state=exploring leader=None trust=1.00 susp=0.00 cov=24.0%/100.0%
[R1] pos=(995,1425) state=exploring leader=None trust=1.00 susp=0.00 cov=24.0%/100.0%
[R1] pos=(1010,1425) state=exploring leader=None trust=1.00 susp=0.00 cov=24.0%/100.0%
[R1] pos=(1101,1425) state=exploring leader=None trust=1.00 susp=0.00 cov=24.0%/100.0%
[R1] pos=(1128,1425) state=exploring leader=None trust=1.00 susp=0.00 cov=24.0%/100.0%
[R1] pos=(1120,1425) state=exploring leader=None trust=1.00 susp=0.00 cov=24.0%/100.0%
[R1] pos=(1014,1425) state=exploring leader=None trust=1.00 susp=0.00 cov=24.0%/100.0%
[R1] pos=(1017,1425) state=exploring leader=None trust=1.00 susp=0.00 cov=24.0%/100.0%
[R1] pos=(1005,1425) state=exploring leader=None trust=1.00 susp=0.00 cov=24.0%/100.0%
[R1] pos=(1122,1425) state=exploring leader=None trust=1.00 susp=0.00 cov=24.0%/100.0%
[R1] pos=(1127,1425) state=exploring leader=None trust=1.00 susp=0.00 cov=24.0%/100.0%
[R1] pos=(1034,1425) state=exploring leader=None trust=1.00 susp=0.00 cov=24.0%/100.0%
[R1] pos=(1012,1425) state=exploring leader=None trust=1.00 susp=0.00 cov=24.0%/100.0%
[R1] pos=(1026,1425) state=exploring leader=None trust=1.00 susp=0.00 cov=24.0%/100.0%
[R1] pos=(1116,1425) state=exploring leader=None trust=1.00 susp=0.00 cov=24.0%/100.0%
[R1] pos=(979,1425) state=exploring leader=None trust=1.00 susp=0.00 cov=24.0%/100.0%
[R1] pos=(1109,1425) state=exploring leader=None trust=1.00 susp=0.00 cov=24.0%/100.0%
[R1] pos=(1011,1425) state=exploring leader=None trust=1.00 susp=0.00 cov=24.0%/100.0%
[R1] pos=(1135,1425) state=exploring leader=None trust=1.00 susp=0.00 cov=24.0%/100.0%
[R1] pos=(1049,1425) state=exploring leader=None trust=1.00 susp=0.00 cov=24.0%/100.0%
[R1] pos=(1049,1425) state=exploring leader=None trust=1.00 susp=0.00 cov=24.0%/100.0%
[R1] pos=(1049,1425) state=exploring leader=None trust=1.00 susp=0.00 cov=24.0%/100.0%
[R1] pos=(1049,1425) state=exploring leader=None trust=1.00 susp=0.00 cov=24.0%/100.0%
[R1] pos=(1049,1425) state=exploring leader=None trust=1.00 susp=0.00 cov=24.0%/100.0%
[R1] pos=(1049,1425) state=exploring leader=None trust=1.00 susp=0.00 cov=24.0%/100.0%
[R1] pos=(1049,1425) state=exploring leader=None trust=1.00 susp=0.00 cov=24.0%/100.0%
[R1] pos=(1049,1425) state=exploring leader=None trust=1.00 susp=0.00 cov=24.0%/100.0%
[R1] pos=(1049,1425) state=exploring leader=None trust=1.00 susp=0.00 cov=24.0%/100.0%
[R1] pos=(1049,1425) state=exploring leader=None trust=1.00 susp=0.00 cov=24.0%/100.0%
[R1] pos=(1049,1425) state=exploring leader=None trust=1.00 susp=0.00 cov=24.0%/100.0%
[R1] pos=(1049,1425) state=exploring leader=None trust=1.00 susp=0.00 cov=24.0%/100.0%
[R1] pos=(1049,1425) state=exploring leader=None trust=1.00 susp=0.00 cov=24.0%/100.0%
[R1] pos=(1049,1425) state=exploring leader=None trust=1.00 susp=0.00 cov=24.0%/100.0%
[R1] pos=(1049,1425) state=exploring leader=None trust=1.00 susp=0.00 cov=24.0%/100.0%
[R1] pos=(1049,1425) state=exploring leader=None trust=1.00 susp=0.00 cov=24.0%/100.0%
[R1] pos=(1049,1425) state=exploring leader=None trust=1.00 susp=0.00 cov=24.0%/100.0%
[R1] pos=(1049,1425) state=exploring leader=None trust=1.00 susp=0.00 cov=24.0%/100.0%
[R1] pos=(1049,1425) state=exploring leader=None trust=1.00 susp=0.00 cov=24.0%/100.0%
[R1] pos=(1049,1425) state=exploring leader=None trust=1.00 susp=0.00 cov=24.0%/100.0%
[R1] pos=(1049,1425) state=exploring leader=None trust=1.00 susp=0.00 cov=24.0%/100.0%
[R1] pos=(1049,1425) state=exploring leader=None trust=1.00 susp=0.00 cov=24.0%/100.0%
[R1] pos=(1049,1425) state=exploring leader=None trust=1.00 susp=0.00 cov=24.0%/100.0%
[R1] pos=(1049,1425) state=exploring leader=None trust=1.00 susp=0.00 cov=24.0%/100.0%
