[WARN] Hardware modules not available - running in simulation mode
=== REIP Node - Robot 4 [SIM (unique ports)] ===
Trust Model: Three-tier confidence-weighted
  Personal: 1.0, ToF: 1.0, Peer: 0.3
  Suspicion threshold: 1.5, Recovery: 0.1

  Logging to: logs/robot_4_20260226_162339.jsonl
Initializing hardware...
  Hardware: SIMULATED
[INFO] Position socket listening on port 6104
[INFO] Peer socket listening on port 6204
[INFO] Fault socket listening on port 6304
Ready!

=== Detection Bounds: T1=2 cmds, T3=8 cmds | Impeachment: T1=8 cmds, T3=32 cmds ===
Running... Press Ctrl+C to stop

[ELECTION] New leader: 4
[R4] pos=(0,0) state=leader leader=4 trust=1.00 susp=0.00 cov=0.0%/0.0%
[ELECTION] New leader: 1
[R4] pos=(1371,675) state=follower leader=1 trust=1.00 susp=0.00 cov=0.5%/0.5%
[R4] pos=(1300,467) state=follower leader=1 trust=1.00 susp=0.00 cov=2.6%/14.6%
[R4] pos=(1537,438) state=follower leader=1 trust=1.00 susp=0.00 cov=5.2%/25.5%
[R4] pos=(1812,189) state=follower leader=1 trust=1.00 susp=0.00 cov=7.8%/36.5%
[MPC] Moderate mismatch: best alignment 129ｰ, error=0.26
[R4] pos=(1925,194) state=follower leader=1 trust=1.00 susp=0.00 cov=9.4%/43.2%
[R4] pos=(1825,814) state=follower leader=1 trust=1.00 susp=0.00 cov=12.0%/51.6%
[R4] pos=(1780,1315) state=follower leader=1 trust=1.00 susp=0.00 cov=15.6%/62.5%
[R4] pos=(1158,1105) state=follower leader=1 trust=1.00 susp=0.00 cov=19.8%/74.5%
[R4] pos=(705,1194) state=follower leader=1 trust=1.00 susp=0.00 cov=22.9%/82.8%
[R4] pos=(215,767) state=follower leader=1 trust=1.00 susp=0.00 cov=27.6%/94.3%
[R4] pos=(280,75) state=follower leader=1 trust=1.00 susp=0.00 cov=31.2%/97.9%
[R4] pos=(1115,75) state=follower leader=1 trust=1.00 susp=0.00 cov=34.9%/100.0%
[R4] pos=(1132,75) state=follower leader=1 trust=1.00 susp=0.00 cov=34.9%/100.0%
[R4] pos=(1252,75) state=follower leader=1 trust=1.00 susp=0.00 cov=35.4%/100.0%
[R4] pos=(1221,75) state=follower leader=1 trust=1.00 susp=0.00 cov=35.4%/100.0%
[R4] pos=(1124,75) state=follower leader=1 trust=1.00 susp=0.00 cov=35.4%/100.0%
[R4] pos=(1132,75) state=follower leader=1 trust=1.00 susp=0.00 cov=35.4%/100.0%
[R4] pos=(1118,75) state=follower leader=1 trust=1.00 susp=0.00 cov=35.4%/100.0%
[R4] pos=(1217,75) state=follower leader=1 trust=1.00 susp=0.00 cov=35.4%/100.0%
[R4] pos=(1240,75) state=follower leader=1 trust=1.00 susp=0.00 cov=35.4%/100.0%
[R4] pos=(1239,75) state=follower leader=1 trust=1.00 susp=0.00 cov=35.4%/100.0%
[R4] pos=(1125,75) state=follower leader=1 trust=1.00 susp=0.00 cov=35.4%/100.0%
[R4] pos=(1133,75) state=follower leader=1 trust=1.00 susp=0.00 cov=35.4%/100.0%
[R4] pos=(1256,75) state=follower leader=1 trust=1.00 susp=0.00 cov=35.4%/100.0%
[R4] pos=(1252,75) state=follower leader=1 trust=1.00 susp=0.00 cov=35.4%/100.0%
[R4] pos=(1221,75) state=follower leader=1 trust=1.00 susp=0.00 cov=35.4%/100.0%
[R4] pos=(1152,75) state=follower leader=1 trust=1.00 susp=0.00 cov=35.4%/100.0%
[R4] pos=(1151,75) state=follower leader=1 trust=1.00 susp=0.00 cov=35.4%/100.0%
[R4] pos=(1144,75) state=follower leader=1 trust=1.00 susp=0.00 cov=35.4%/100.0%
[R4] pos=(1234,75) state=follower leader=1 trust=1.00 susp=0.00 cov=35.4%/100.0%
[R4] pos=(1218,75) state=follower leader=1 trust=1.00 susp=0.00 cov=35.4%/100.0%
[R4] pos=(1117,75) state=follower leader=1 trust=1.00 susp=0.00 cov=35.4%/100.0%
[R4] pos=(1124,75) state=follower leader=1 trust=1.00 susp=0.00 cov=35.4%/100.0%
[R4] pos=(1154,75) state=follower leader=1 trust=1.00 susp=0.00 cov=35.4%/100.0%
[R4] pos=(1253,75) state=follower leader=1 trust=1.00 susp=0.00 cov=35.4%/100.0%
[R4] pos=(1233,75) state=follower leader=1 trust=1.00 susp=0.00 cov=35.4%/100.0%
[R4] pos=(1231,75) state=follower leader=1 trust=1.00 susp=0.00 cov=35.4%/100.0%
[R4] pos=(1156,75) state=follower leader=1 trust=1.00 susp=0.00 cov=35.4%/100.0%
[R4] pos=(1121,75) state=follower leader=1 trust=1.00 susp=0.00 cov=35.4%/100.0%
[R4] pos=(1239,75) state=follower leader=1 trust=1.00 susp=0.00 cov=35.4%/100.0%
[R4] pos=(1231,75) state=follower leader=1 trust=1.00 susp=0.00 cov=35.4%/100.0%
[R4] pos=(1218,75) state=follower leader=1 trust=1.00 susp=0.00 cov=35.4%/100.0%
[R4] pos=(1136,75) state=follower leader=1 trust=1.00 susp=0.00 cov=35.4%/100.0%
[R4] pos=(1131,75) state=follower leader=1 trust=1.00 susp=0.00 cov=35.4%/100.0%
[R4] pos=(1216,75) state=follower leader=1 trust=1.00 susp=0.00 cov=35.4%/100.0%
[R4] pos=(1218,75) state=follower leader=1 trust=1.00 susp=0.00 cov=35.4%/100.0%
[R4] pos=(1245,75) state=follower leader=1 trust=1.00 susp=0.00 cov=35.4%/100.0%
[R4] pos=(1157,75) state=follower leader=1 trust=1.00 susp=0.00 cov=35.4%/100.0%
[R4] pos=(1131,75) state=follower leader=1 trust=1.00 susp=0.00 cov=35.4%/100.0%
[R4] pos=(1156,75) state=follower leader=1 trust=1.00 susp=0.00 cov=35.4%/100.0%
[R4] pos=(1244,75) state=follower leader=1 trust=1.00 susp=0.00 cov=35.4%/100.0%
[R4] pos=(1236,75) state=follower leader=1 trust=1.00 susp=0.00 cov=35.4%/100.0%
[R4] pos=(1135,75) state=follower leader=1 trust=1.00 susp=0.00 cov=35.4%/100.0%
[R4] pos=(1145,75) state=follower leader=1 trust=1.00 susp=0.00 cov=35.4%/100.0%
[R4] pos=(1142,75) state=follower leader=1 trust=1.00 susp=0.00 cov=35.4%/100.0%
[R4] pos=(1232,75) state=follower leader=1 trust=1.00 susp=0.00 cov=35.4%/100.0%
[R4] pos=(1223,75) state=follower leader=1 trust=1.00 susp=0.00 cov=35.4%/100.0%
[R4] pos=(1152,75) state=follower leader=1 trust=1.00 susp=0.00 cov=35.4%/100.0%
[R4] pos=(1155,75) state=follower leader=1 trust=1.00 susp=0.00 cov=35.4%/100.0%
[R4] pos=(1134,75) state=follower leader=1 trust=1.00 susp=0.00 cov=35.4%/100.0%
