[WARN] Hardware modules not available - running in simulation mode
=== REIP Node - Robot 1 [SIM (unique ports)] ===
Trust Model: Three-tier confidence-weighted
  Personal: 1.0, ToF: 1.0, Peer: 0.3
  Suspicion threshold: 1.5, Recovery: 0.1

  Logging to: logs/robot_1_20260226_162339.jsonl
Initializing hardware...
  Hardware: SIMULATED
[INFO] Position socket listening on port 6101
[INFO] Peer socket listening on port 6201
[INFO] Fault socket listening on port 6301
Ready!

=== Detection Bounds: T1=2 cmds, T3=8 cmds | Impeachment: T1=8 cmds, T3=32 cmds ===
Running... Press Ctrl+C to stop

[ELECTION] New leader: 1
[R1] pos=(0,0) state=leader leader=1 trust=1.00 susp=0.00 cov=0.0%/0.0%
[R1] pos=(478,387) state=leader leader=1 trust=1.00 susp=0.00 cov=0.5%/0.5%
[R1] pos=(420,75) state=leader leader=1 trust=1.00 susp=0.00 cov=3.6%/14.6%
[R1] pos=(796,311) state=leader leader=1 trust=1.00 susp=0.00 cov=6.8%/25.5%
[R1] pos=(1058,270) state=leader leader=1 trust=1.00 susp=0.00 cov=9.4%/36.5%
[R1] pos=(1062,293) state=leader leader=1 trust=1.00 susp=0.00 cov=9.4%/43.2%
[R1] pos=(1062,230) state=leader leader=1 trust=1.00 susp=0.00 cov=9.4%/51.6%
[R1] pos=(1062,452) state=leader leader=1 trust=1.00 susp=0.00 cov=9.9%/62.5%
[R1] pos=(920,685) state=leader leader=1 trust=1.00 susp=0.00 cov=13.0%/74.0%
[R1] pos=(515,682) state=leader leader=1 trust=1.00 susp=0.00 cov=14.6%/82.8%
[R1] pos=(98,712) state=leader leader=1 trust=1.00 susp=0.00 cov=18.2%/94.3%
[R1] pos=(481,234) state=leader leader=1 trust=1.00 susp=0.00 cov=19.8%/97.9%
[R1] pos=(1106,75) state=leader leader=1 trust=1.00 susp=0.00 cov=21.4%/100.0%
[R1] pos=(1005,75) state=leader leader=1 trust=1.00 susp=0.00 cov=21.4%/100.0%
[R1] pos=(996,75) state=leader leader=1 trust=1.00 susp=0.00 cov=21.4%/100.0%
[R1] pos=(1029,75) state=leader leader=1 trust=1.00 susp=0.00 cov=21.9%/100.0%
[R1] pos=(1126,75) state=leader leader=1 trust=1.00 susp=0.00 cov=21.9%/100.0%
[R1] pos=(1118,75) state=leader leader=1 trust=1.00 susp=0.00 cov=21.9%/100.0%
[R1] pos=(1132,75) state=leader leader=1 trust=1.00 susp=0.00 cov=21.9%/100.0%
[R1] pos=(1033,75) state=leader leader=1 trust=1.00 susp=0.00 cov=21.9%/100.0%
[R1] pos=(1010,75) state=leader leader=1 trust=1.00 susp=0.00 cov=21.9%/100.0%
[R1] pos=(1011,75) state=leader leader=1 trust=1.00 susp=0.00 cov=21.9%/100.0%
[R1] pos=(1125,75) state=leader leader=1 trust=1.00 susp=0.00 cov=21.9%/100.0%
[R1] pos=(1117,75) state=leader leader=1 trust=1.00 susp=0.00 cov=21.9%/100.0%
[R1] pos=(994,75) state=leader leader=1 trust=1.00 susp=0.00 cov=21.9%/100.0%
[R1] pos=(998,75) state=leader leader=1 trust=1.00 susp=0.00 cov=21.9%/100.0%
[R1] pos=(1029,75) state=leader leader=1 trust=1.00 susp=0.00 cov=21.9%/100.0%
[R1] pos=(1098,75) state=leader leader=1 trust=1.00 susp=0.00 cov=21.9%/100.0%
[R1] pos=(1099,75) state=leader leader=1 trust=1.00 susp=0.00 cov=21.9%/100.0%
[R1] pos=(1106,75) state=leader leader=1 trust=1.00 susp=0.00 cov=21.9%/100.0%
[R1] pos=(1016,75) state=leader leader=1 trust=1.00 susp=0.00 cov=21.9%/100.0%
[R1] pos=(1032,75) state=leader leader=1 trust=1.00 susp=0.00 cov=21.9%/100.0%
[R1] pos=(1133,75) state=leader leader=1 trust=1.00 susp=0.00 cov=21.9%/100.0%
[R1] pos=(1126,75) state=leader leader=1 trust=1.00 susp=0.00 cov=21.9%/100.0%
[R1] pos=(996,75) state=leader leader=1 trust=1.00 susp=0.00 cov=21.9%/100.0%
[R1] pos=(997,75) state=leader leader=1 trust=1.00 susp=0.00 cov=21.9%/100.0%
[R1] pos=(1017,75) state=leader leader=1 trust=1.00 susp=0.00 cov=21.9%/100.0%
[R1] pos=(1125,75) state=leader leader=1 trust=1.00 susp=0.00 cov=21.9%/100.0%
[R1] pos=(1094,75) state=leader leader=1 trust=1.00 susp=0.00 cov=21.9%/100.0%
[R1] pos=(1129,75) state=leader leader=1 trust=1.00 susp=0.00 cov=21.9%/100.0%
[R1] pos=(1011,75) state=leader leader=1 trust=1.00 susp=0.00 cov=21.9%/100.0%
[R1] pos=(1019,75) state=leader leader=1 trust=1.00 susp=0.00 cov=21.9%/100.0%
[R1] pos=(1132,75) state=leader leader=1 trust=1.00 susp=0.00 cov=21.9%/100.0%
[R1] pos=(1114,75) state=leader leader=1 trust=1.00 susp=0.00 cov=21.9%/100.0%
[R1] pos=(1119,75) state=leader leader=1 trust=1.00 susp=0.00 cov=21.9%/100.0%
[R1] pos=(1034,75) state=leader leader=1 trust=1.00 susp=0.00 cov=21.9%/100.0%
[R1] pos=(1032,75) state=leader leader=1 trust=1.00 susp=0.00 cov=21.9%/100.0%
[R1] pos=(1005,75) state=leader leader=1 trust=1.00 susp=0.00 cov=21.9%/100.0%
[R1] pos=(1093,75) state=leader leader=1 trust=1.00 susp=0.00 cov=21.9%/100.0%
[R1] pos=(1119,75) state=leader leader=1 trust=1.00 susp=0.00 cov=21.9%/100.0%
[R1] pos=(995,75) state=leader leader=1 trust=1.00 susp=0.00 cov=21.9%/100.0%
[R1] pos=(1006,75) state=leader leader=1 trust=1.00 susp=0.00 cov=21.9%/100.0%
[R1] pos=(1014,75) state=leader leader=1 trust=1.00 susp=0.00 cov=21.9%/100.0%
[R1] pos=(1115,75) state=leader leader=1 trust=1.00 susp=0.00 cov=21.9%/100.0%
[R1] pos=(1105,75) state=leader leader=1 trust=1.00 susp=0.00 cov=21.9%/100.0%
[R1] pos=(1010,75) state=leader leader=1 trust=1.00 susp=0.00 cov=21.9%/100.0%
[R1] pos=(1018,75) state=leader leader=1 trust=1.00 susp=0.00 cov=21.9%/100.0%
[R1] pos=(1027,75) state=leader leader=1 trust=1.00 susp=0.00 cov=21.9%/100.0%
[R1] pos=(1098,75) state=leader leader=1 trust=1.00 susp=0.00 cov=21.9%/100.0%
[R1] pos=(1095,75) state=leader leader=1 trust=1.00 susp=0.00 cov=21.9%/100.0%
[R1] pos=(1116,75) state=leader leader=1 trust=1.00 susp=0.00 cov=21.9%/100.0%
