[WARN] Hardware modules not available - running in simulation mode
=== REIP Node - Robot 5 [SIM (unique ports)] ===
Trust Model: Three-tier confidence-weighted
  Personal: 1.0, ToF: 1.0, Peer: 0.3
  Suspicion threshold: 1.5, Recovery: 0.1

  Logging to: logs/robot_5_20260226_171451.jsonl
Initializing hardware...
  Hardware: SIMULATED
[INFO] Position socket listening on port 5105
[INFO] Peer socket listening on port 5205
[INFO] Fault socket listening on port 5305
Ready!

=== Detection Bounds: T1=2 cmds, T3=8 cmds | Impeachment: T1=8 cmds, T3=32 cmds ===
Running... Press Ctrl+C to stop

[ELECTION] New leader: 5
[R5] pos=(0,0) state=leader leader=5 trust=1.00 susp=0.00 cov=0.0%/0.0%
[ELECTION] New leader: 1
[R5] pos=(1405,1215) state=follower leader=1 trust=1.00 susp=0.00 cov=0.5%/0.5%
[R5] pos=(1313,1425) state=follower leader=1 trust=1.00 susp=0.00 cov=2.1%/12.5%
[R5] pos=(1652,1404) state=follower leader=1 trust=1.00 susp=0.00 cov=4.7%/22.4%
[R5] pos=(1786,1177) state=follower leader=1 trust=1.00 susp=0.00 cov=6.8%/33.9%
[R5] pos=(1925,1155) state=follower leader=1 trust=1.00 susp=0.00 cov=8.9%/43.8%
[R5] pos=(1700,937) state=follower leader=1 trust=1.00 susp=0.00 cov=10.9%/52.6%
[R5] pos=(1811,699) state=follower leader=1 trust=1.00 susp=0.00 cov=13.0%/64.6%
[R5] pos=(1813,440) state=follower leader=1 trust=1.00 susp=0.00 cov=16.1%/78.1%
[R5] pos=(1827,176) state=follower leader=1 trust=1.00 susp=0.00 cov=19.3%/87.5%
[R5] pos=(1815,1216) state=follower leader=1 trust=1.00 susp=0.00 cov=19.3%/90.6%
[MPC SEVERE] No frontier within 135° of cmd! Best alignment: 152°, error=0.61
[TRUST] Bad command #1 (mpc_severe(0.61)): suspicion +0.61 = 0.61
[R5] pos=(1607,1425) state=follower leader=1 trust=1.00 susp=0.21 cov=20.3%/96.4%
[R5] pos=(1197,1425) state=follower leader=1 trust=1.00 susp=0.01 cov=20.8%/100.0%
[R5] pos=(1197,1425) state=follower leader=1 trust=1.00 susp=0.01 cov=20.8%/100.0%
[R5] pos=(1197,1425) state=follower leader=1 trust=1.00 susp=0.01 cov=20.8%/100.0%
[R5] pos=(1197,1425) state=follower leader=1 trust=1.00 susp=0.01 cov=20.8%/100.0%
[R5] pos=(1197,1425) state=follower leader=1 trust=1.00 susp=0.01 cov=20.8%/100.0%
[TRUST] Bad command #2 (peer_reported): suspicion +0.30 = 0.31
[TRUST] Bad command #3 (peer_reported): suspicion +0.30 = 0.61
[TRUST] Bad command #4 (peer_reported): suspicion +0.30 = 0.91
[TRUST] Bad command #5 (peer_reported): suspicion +0.30 = 1.21
[TRUST] Bad command #6 (peer_reported): suspicion +0.30 = 1.51
[DETECT] First trust decay after 6 bad commands (11.89s) [Theoretical bound: T1=2, T3=8]
[TRUST] Trust decayed: trust=0.80, remaining suspicion=0.01
[TRUST] Bad command #7 (peer_reported): suspicion +0.30 = 0.31
[TRUST] Bad command #8 (peer_reported): suspicion +0.30 = 0.61
[TRUST] Bad command #9 (personal_visited): suspicion +1.00 = 1.61
[TRUST] Trust decayed: trust=0.60, remaining suspicion=0.11
[TRUST] Bad command #10 (peer_reported): suspicion +0.30 = 0.41
[TRUST] Bad command #11 (peer_reported): suspicion +0.30 = 0.71
[R5] pos=(1183,778) state=follower leader=1 trust=0.60 susp=0.71 cov=24.5%/100.0%
[TRUST] Bad command #12 (peer_reported): suspicion +0.30 = 1.01
[TRUST] Bad command #13 (peer_reported): suspicion +0.30 = 1.31
[TRUST] Bad command #14 (peer_reported): suspicion +0.30 = 1.61
[TRUST] Trust decayed: trust=0.40, remaining suspicion=0.11
[TRUST] Bad command #15 (peer_reported): suspicion +0.30 = 0.41
[TRUST] Bad command #16 (peer_reported): suspicion +0.30 = 0.71
[TRUST] Bad command #17 (peer_reported): suspicion +0.30 = 1.01
[TRUST] Bad command #18 (peer_reported): suspicion +0.30 = 1.31
[TRUST] Bad command #19 (peer_reported): suspicion +0.30 = 1.61
[TRUST] Trust decayed: trust=0.20, remaining suspicion=0.11
[TRUST] Bad command #20 (peer_reported): suspicion +0.30 = 0.41
[TRUST] Bad command #21 (peer_reported): suspicion +0.30 = 0.71
[DETECT] IMPEACHMENT after 21 bad commands, 15.06s from first bad command [Bound: T1=8 cmds, T3=32 cmds]
[IMPEACH] Trust too low (0.20), excluding leader 1 from candidates
[ELECTION] Leader 1 impeached (failures=1)
[ELECTION] New leader: 2
[R5] pos=(786,130) state=follower leader=2 trust=1.00 susp=0.00 cov=28.1%/100.0%
[R5] pos=(318,312) state=follower leader=2 trust=1.00 susp=0.00 cov=30.2%/100.0%
[R5] pos=(318,312) state=follower leader=2 trust=1.00 susp=0.00 cov=30.2%/100.0%
[R5] pos=(318,312) state=follower leader=2 trust=1.00 susp=0.00 cov=30.2%/100.0%
[R5] pos=(318,312) state=follower leader=2 trust=1.00 susp=0.00 cov=30.2%/100.0%
[R5] pos=(318,312) state=follower leader=2 trust=1.00 susp=0.00 cov=30.2%/100.0%
[R5] pos=(318,312) state=follower leader=2 trust=1.00 susp=0.00 cov=30.2%/100.0%
[R5] pos=(318,312) state=follower leader=2 trust=1.00 susp=0.00 cov=30.2%/100.0%
[R5] pos=(318,312) state=follower leader=2 trust=1.00 susp=0.00 cov=30.2%/100.0%
[R5] pos=(318,312) state=follower leader=2 trust=1.00 susp=0.00 cov=30.2%/100.0%
[R5] pos=(318,312) state=follower leader=2 trust=1.00 susp=0.00 cov=30.2%/100.0%
[R5] pos=(318,312) state=follower leader=2 trust=1.00 susp=0.00 cov=30.2%/100.0%
[R5] pos=(318,312) state=follower leader=2 trust=1.00 susp=0.00 cov=30.2%/100.0%
[R5] pos=(318,312) state=follower leader=2 trust=1.00 susp=0.00 cov=30.2%/100.0%
[R5] pos=(318,312) state=follower leader=2 trust=1.00 susp=0.00 cov=30.2%/100.0%
[R5] pos=(318,312) state=follower leader=2 trust=1.00 susp=0.00 cov=30.2%/100.0%
[R5] pos=(318,312) state=follower leader=2 trust=1.00 susp=0.00 cov=30.2%/100.0%
[R5] pos=(318,312) state=follower leader=2 trust=1.00 susp=0.00 cov=30.2%/100.0%
[R5] pos=(318,312) state=follower leader=2 trust=1.00 susp=0.00 cov=30.2%/100.0%
[R5] pos=(318,312) state=follower leader=2 trust=1.00 susp=0.00 cov=30.2%/100.0%
[R5] pos=(318,312) state=follower leader=2 trust=1.00 susp=0.00 cov=30.2%/100.0%
[R5] pos=(318,312) state=follower leader=2 trust=1.00 susp=0.00 cov=30.2%/100.0%
[R5] pos=(318,312) state=follower leader=2 trust=1.00 susp=0.00 cov=30.2%/100.0%
[R5] pos=(318,312) state=follower leader=2 trust=1.00 susp=0.00 cov=30.2%/100.0%
[R5] pos=(318,312) state=follower leader=2 trust=1.00 susp=0.00 cov=30.2%/100.0%
[R5] pos=(318,312) state=follower leader=2 trust=1.00 susp=0.00 cov=30.2%/100.0%
[R5] pos=(318,312) state=follower leader=2 trust=1.00 susp=0.00 cov=30.2%/100.0%
[R5] pos=(318,312) state=follower leader=2 trust=1.00 susp=0.00 cov=30.2%/100.0%
[R5] pos=(318,312) state=follower leader=2 trust=1.00 susp=0.00 cov=30.2%/100.0%
[R5] pos=(318,312) state=follower leader=2 trust=1.00 susp=0.00 cov=30.2%/100.0%
[R5] pos=(318,312) state=follower leader=2 trust=1.00 susp=0.00 cov=30.2%/100.0%
[R5] pos=(318,312) state=follower leader=2 trust=1.00 susp=0.00 cov=30.2%/100.0%
[R5] pos=(318,312) state=follower leader=2 trust=1.00 susp=0.00 cov=30.2%/100.0%
[R5] pos=(318,312) state=follower leader=2 trust=1.00 susp=0.00 cov=30.2%/100.0%
[R5] pos=(318,312) state=follower leader=2 trust=1.00 susp=0.00 cov=30.2%/100.0%
[R5] pos=(318,312) state=follower leader=2 trust=1.00 susp=0.00 cov=30.2%/100.0%
[R5] pos=(318,312) state=follower leader=2 trust=1.00 susp=0.00 cov=30.2%/100.0%
[R5] pos=(318,312) state=follower leader=2 trust=1.00 susp=0.00 cov=30.2%/100.0%
[R5] pos=(318,312) state=follower leader=2 trust=1.00 susp=0.00 cov=30.2%/100.0%
[R5] pos=(318,312) state=follower leader=2 trust=1.00 susp=0.00 cov=30.2%/100.0%
[R5] pos=(318,312) state=follower leader=2 trust=1.00 susp=0.00 cov=30.2%/100.0%
[R5] pos=(318,312) state=follower leader=2 trust=1.00 susp=0.00 cov=30.2%/100.0%
[R5] pos=(318,312) state=follower leader=2 trust=1.00 susp=0.00 cov=30.2%/100.0%
[R5] pos=(318,312) state=follower leader=2 trust=1.00 susp=0.00 cov=30.2%/100.0%
