[WARN] Hardware modules not available - simulation mode
=== RAFT Baseline - Robot 3 [SIM] ===
NO TRUST. Heartbeat timeout only.

  Logging to: logs/raft_3_20260227_180214.jsonl
Initializing hardware...
  Hardware: SIMULATED
[INFO] Position socket listening on port 8103
[INFO] Peer socket listening on port 8203
[INFO] Fault socket listening on port 8303
Ready!

Running RAFT baseline... Press Ctrl+C to stop

[R3] state=follower leader=None term=0 cov=0.0%/0.0%
[R3] state=follower leader=2 term=1 cov=0.5%/0.5%
[R3] state=follower leader=2 term=1 cov=2.1%/12.0%
[R3] state=follower leader=2 term=1 cov=4.2%/19.8%
[R3] state=follower leader=2 term=1 cov=6.2%/27.1%
[R3] state=follower leader=2 term=1 cov=7.8%/34.4%
[R3] state=follower leader=2 term=1 cov=7.8%/39.1%
[R3] state=follower leader=2 term=1 cov=7.8%/40.6%
[R3] state=follower leader=2 term=1 cov=9.9%/44.8%
[R3] state=follower leader=2 term=1 cov=10.4%/47.4%
[R3] state=follower leader=2 term=1 cov=10.9%/49.0%
[R3] state=follower leader=2 term=1 cov=10.9%/49.0%
[R3] state=follower leader=2 term=1 cov=10.9%/49.0%
[R3] state=follower leader=2 term=1 cov=10.9%/49.0%
[R3] state=follower leader=2 term=1 cov=10.9%/49.0%
[R3] state=follower leader=2 term=1 cov=10.9%/49.0%
[R3] state=follower leader=2 term=1 cov=10.9%/49.0%
[R3] state=follower leader=2 term=1 cov=10.9%/49.0%
[R3] state=follower leader=2 term=1 cov=10.9%/49.0%
[R3] state=follower leader=2 term=1 cov=10.9%/49.0%
[R3] state=follower leader=2 term=1 cov=10.9%/49.0%
[R3] state=follower leader=2 term=1 cov=11.5%/51.0%
[R3] state=follower leader=2 term=1 cov=11.5%/51.0%
[R3] state=follower leader=2 term=1 cov=11.5%/52.1%
[R3] state=follower leader=2 term=1 cov=11.5%/52.1%
[R3] state=follower leader=2 term=1 cov=11.5%/52.1%
[R3] state=follower leader=2 term=1 cov=11.5%/52.1%
[R3] state=follower leader=2 term=1 cov=11.5%/52.1%
[R3] state=follower leader=2 term=1 cov=11.5%/52.1%
[R3] state=follower leader=2 term=1 cov=11.5%/52.1%
[R3] state=follower leader=2 term=1 cov=11.5%/52.1%
[R3] state=follower leader=2 term=1 cov=11.5%/52.1%
[R3] state=follower leader=2 term=1 cov=11.5%/52.1%
[R3] state=follower leader=2 term=1 cov=11.5%/52.1%
[R3] state=follower leader=2 term=1 cov=12.0%/53.1%
[R3] state=follower leader=2 term=1 cov=12.0%/53.1%
[R3] state=follower leader=2 term=1 cov=12.0%/53.1%
[R3] state=follower leader=2 term=1 cov=12.0%/53.1%
[R3] state=follower leader=2 term=1 cov=12.0%/53.1%
[R3] state=follower leader=2 term=1 cov=12.0%/53.1%
[R3] state=follower leader=2 term=1 cov=12.0%/53.1%
[R3] state=follower leader=2 term=1 cov=12.0%/53.1%
[R3] state=follower leader=2 term=1 cov=12.0%/53.1%
[R3] state=follower leader=2 term=1 cov=12.0%/53.1%
[R3] state=follower leader=2 term=1 cov=12.0%/53.1%
[R3] state=follower leader=2 term=1 cov=12.0%/53.1%
[R3] state=follower leader=2 term=1 cov=12.0%/53.1%
[R3] state=follower leader=2 term=1 cov=12.0%/53.1%
[R3] state=follower leader=2 term=1 cov=12.0%/53.1%
[R3] state=follower leader=2 term=1 cov=12.0%/53.1%
[R3] state=follower leader=2 term=1 cov=12.0%/53.1%
[R3] state=follower leader=2 term=1 cov=12.0%/53.1%
[R3] state=follower leader=2 term=1 cov=12.0%/53.1%
[R3] state=follower leader=2 term=1 cov=12.0%/53.1%
[R3] state=follower leader=2 term=1 cov=12.0%/53.1%
[R3] state=follower leader=2 term=1 cov=12.0%/53.1%
[R3] state=follower leader=2 term=1 cov=12.0%/53.1%
[R3] state=follower leader=2 term=1 cov=12.0%/53.1%
[R3] state=follower leader=2 term=1 cov=12.0%/53.1%
[R3] state=follower leader=2 term=1 cov=12.5%/53.1%
[R3] state=follower leader=2 term=1 cov=13.0%/53.1%
