[WARN] Hardware modules not available - simulation mode
=== RAFT Baseline - Robot 4 [SIM] ===
NO TRUST. Heartbeat timeout only.

  Logging to: logs/raft_4_20260226_083223.jsonl
Initializing hardware...
  Hardware: SIMULATED
[INFO] Position socket listening on port 7104
[INFO] Peer socket listening on port 7204
[INFO] Fault socket listening on port 7304
Ready!

Running RAFT baseline... Press Ctrl+C to stop

[R4] state=follower leader=None term=0 cov=0.0%/0.0%
[R4] state=follower leader=2 term=1 cov=0.5%/2.1%
[R4] state=follower leader=2 term=1 cov=0.5%/2.1%
[R4] state=follower leader=2 term=1 cov=0.5%/2.1%
[R4] state=follower leader=2 term=1 cov=0.5%/2.1%
[R4] state=follower leader=2 term=1 cov=0.5%/2.1%
[R4] state=follower leader=2 term=1 cov=0.5%/2.1%
[R4] state=follower leader=2 term=1 cov=0.5%/2.1%
[R4] state=follower leader=2 term=1 cov=0.5%/2.1%
[R4] state=follower leader=2 term=1 cov=0.5%/2.1%
[R4] state=follower leader=2 term=1 cov=0.5%/2.1%
[R4] state=follower leader=2 term=1 cov=0.5%/2.1%
[R4] state=follower leader=2 term=1 cov=0.5%/2.1%
[R4] state=follower leader=2 term=1 cov=0.5%/2.1%
[R4] state=follower leader=2 term=1 cov=0.5%/2.1%
[R4] state=follower leader=2 term=1 cov=0.5%/2.1%
[R4] state=follower leader=2 term=1 cov=0.5%/2.1%
[R4] state=follower leader=2 term=1 cov=0.5%/2.1%
[R4] state=follower leader=2 term=1 cov=0.5%/2.1%
[R4] state=follower leader=2 term=1 cov=0.5%/2.1%
[R4] state=follower leader=2 term=1 cov=0.5%/2.1%
[R4] state=follower leader=2 term=1 cov=0.5%/2.1%
[R4] state=follower leader=2 term=1 cov=0.5%/2.1%
[R4] state=follower leader=2 term=1 cov=0.5%/2.1%
[R4] state=follower leader=2 term=1 cov=0.5%/2.1%
[R4] state=follower leader=2 term=1 cov=0.5%/2.1%
[R4] state=follower leader=2 term=1 cov=0.5%/2.1%
[R4] state=follower leader=2 term=1 cov=0.5%/2.1%
[R4] state=follower leader=2 term=1 cov=0.5%/2.1%
[R4] state=follower leader=2 term=1 cov=0.5%/2.1%
[R4] state=follower leader=2 term=1 cov=0.5%/2.1%
[R4] state=follower leader=2 term=1 cov=0.5%/2.1%
[R4] state=follower leader=2 term=1 cov=0.5%/2.1%
[R4] state=follower leader=2 term=1 cov=0.5%/2.1%
[R4] state=follower leader=2 term=1 cov=0.5%/2.1%
[R4] state=follower leader=2 term=1 cov=0.5%/2.1%
[R4] state=follower leader=2 term=1 cov=0.5%/2.1%
[R4] state=follower leader=2 term=1 cov=0.5%/2.1%
[R4] state=follower leader=2 term=1 cov=0.5%/2.1%
[R4] state=follower leader=2 term=1 cov=0.5%/2.1%
[R4] state=follower leader=2 term=1 cov=0.5%/2.1%
[R4] state=follower leader=2 term=1 cov=0.5%/2.1%
[R4] state=follower leader=2 term=1 cov=0.5%/2.1%
[R4] state=follower leader=2 term=1 cov=0.5%/2.1%
[R4] state=follower leader=2 term=1 cov=0.5%/2.1%
[R4] state=follower leader=2 term=1 cov=0.5%/2.1%
[R4] state=follower leader=2 term=1 cov=0.5%/2.1%
[R4] state=follower leader=2 term=1 cov=0.5%/2.1%
[R4] state=follower leader=2 term=1 cov=0.5%/2.1%
[R4] state=follower leader=2 term=1 cov=0.5%/2.1%
[R4] state=follower leader=2 term=1 cov=0.5%/2.1%
[R4] state=follower leader=2 term=1 cov=0.5%/2.1%
[R4] state=follower leader=2 term=1 cov=0.5%/2.1%
[R4] state=follower leader=2 term=1 cov=0.5%/2.1%
[R4] state=follower leader=2 term=1 cov=0.5%/2.1%
[R4] state=follower leader=2 term=1 cov=0.5%/2.1%
[R4] state=follower leader=2 term=1 cov=0.5%/2.1%
[R4] state=follower leader=2 term=1 cov=0.5%/2.1%
[R4] state=follower leader=2 term=1 cov=0.5%/2.1%
[R4] state=follower leader=2 term=1 cov=1.0%/4.7%
[R4] state=follower leader=2 term=1 cov=1.6%/6.2%
[R4] state=follower leader=2 term=1 cov=1.6%/6.2%
[R4] state=follower leader=2 term=1 cov=1.6%/6.2%
