[WARN] Hardware modules not available - running in simulation mode
=== REIP Node - Robot 5 [SIM (unique ports)] ===
Trust Model: Three-tier confidence-weighted
  Personal: 1.0, ToF: 1.0, Peer: 0.3
  Suspicion threshold: 1.5, Recovery: 0.1

  Logging to: logs/robot_5_20260226_174320.jsonl
Initializing hardware...
  Hardware: SIMULATED
[INFO] Position socket listening on port 13105
[INFO] Peer socket listening on port 13205
[INFO] Fault socket listening on port 13305
Ready!

=== DECENTRALIZED MODE - No leader coordination ===
=== Detection Bounds: T1=2 cmds, T3=8 cmds | Impeachment: T1=8 cmds, T3=32 cmds ===
Running... Press Ctrl+C to stop

[R5] pos=(0,0) state=exploring leader=None trust=1.00 susp=0.00 cov=0.0%/0.0%
[R5] pos=(322,1136) state=exploring leader=None trust=1.00 susp=0.00 cov=0.5%/0.5%
[R5] pos=(132,856) state=exploring leader=None trust=1.00 susp=0.00 cov=3.6%/16.1%
[R5] pos=(638,979) state=exploring leader=None trust=1.00 susp=0.00 cov=8.3%/28.1%
[R5] pos=(859,1425) state=exploring leader=None trust=1.00 susp=0.00 cov=12.0%/42.7%
[R5] pos=(904,609) state=exploring leader=None trust=1.00 susp=0.00 cov=16.7%/56.2%
[R5] pos=(1311,649) state=exploring leader=None trust=1.00 susp=0.00 cov=20.8%/67.2%
[R5] pos=(1559,1023) state=exploring leader=None trust=1.00 susp=0.00 cov=23.4%/80.2%
[R5] pos=(1659,1425) state=exploring leader=None trust=1.00 susp=0.00 cov=26.0%/91.7%
[R5] pos=(1925,866) state=exploring leader=None trust=1.00 susp=0.00 cov=29.7%/99.0%
[R5] pos=(1925,75) state=exploring leader=None trust=1.00 susp=0.00 cov=32.8%/100.0%
[R5] pos=(1925,75) state=exploring leader=None trust=1.00 susp=0.00 cov=32.8%/100.0%
[R5] pos=(1925,75) state=exploring leader=None trust=1.00 susp=0.00 cov=32.8%/100.0%
[R5] pos=(1925,75) state=exploring leader=None trust=1.00 susp=0.00 cov=32.8%/100.0%
[R5] pos=(1925,75) state=exploring leader=None trust=1.00 susp=0.00 cov=32.8%/100.0%
[R5] pos=(1925,75) state=exploring leader=None trust=1.00 susp=0.00 cov=32.8%/100.0%
[R5] pos=(1925,75) state=exploring leader=None trust=1.00 susp=0.00 cov=32.8%/100.0%
[R5] pos=(1925,75) state=exploring leader=None trust=1.00 susp=0.00 cov=32.8%/100.0%
[R5] pos=(1925,75) state=exploring leader=None trust=1.00 susp=0.00 cov=32.8%/100.0%
[R5] pos=(1925,75) state=exploring leader=None trust=1.00 susp=0.00 cov=32.8%/100.0%
[R5] pos=(1925,75) state=exploring leader=None trust=1.00 susp=0.00 cov=32.8%/100.0%
[R5] pos=(1925,75) state=exploring leader=None trust=1.00 susp=0.00 cov=32.8%/100.0%
[R5] pos=(1925,75) state=exploring leader=None trust=1.00 susp=0.00 cov=32.8%/100.0%
[R5] pos=(1925,75) state=exploring leader=None trust=1.00 susp=0.00 cov=32.8%/100.0%
[R5] pos=(1925,75) state=exploring leader=None trust=1.00 susp=0.00 cov=32.8%/100.0%
[R5] pos=(1925,75) state=exploring leader=None trust=1.00 susp=0.00 cov=32.8%/100.0%
[R5] pos=(1925,75) state=exploring leader=None trust=1.00 susp=0.00 cov=32.8%/100.0%
[R5] pos=(1925,75) state=exploring leader=None trust=1.00 susp=0.00 cov=32.8%/100.0%
[R5] pos=(1925,75) state=exploring leader=None trust=1.00 susp=0.00 cov=32.8%/100.0%
[R5] pos=(1925,75) state=exploring leader=None trust=1.00 susp=0.00 cov=32.8%/100.0%
[R5] pos=(1925,75) state=exploring leader=None trust=1.00 susp=0.00 cov=32.8%/100.0%
[R5] pos=(1925,75) state=exploring leader=None trust=1.00 susp=0.00 cov=32.8%/100.0%
[R5] pos=(1925,75) state=exploring leader=None trust=1.00 susp=0.00 cov=32.8%/100.0%
[R5] pos=(1925,75) state=exploring leader=None trust=1.00 susp=0.00 cov=32.8%/100.0%
[R5] pos=(1925,75) state=exploring leader=None trust=1.00 susp=0.00 cov=32.8%/100.0%
[R5] pos=(1925,75) state=exploring leader=None trust=1.00 susp=0.00 cov=32.8%/100.0%
[R5] pos=(1925,75) state=exploring leader=None trust=1.00 susp=0.00 cov=32.8%/100.0%
[R5] pos=(1925,75) state=exploring leader=None trust=1.00 susp=0.00 cov=32.8%/100.0%
[R5] pos=(1925,75) state=exploring leader=None trust=1.00 susp=0.00 cov=32.8%/100.0%
[R5] pos=(1925,75) state=exploring leader=None trust=1.00 susp=0.00 cov=32.8%/100.0%
[R5] pos=(1925,75) state=exploring leader=None trust=1.00 susp=0.00 cov=32.8%/100.0%
[R5] pos=(1925,75) state=exploring leader=None trust=1.00 susp=0.00 cov=32.8%/100.0%
[R5] pos=(1925,75) state=exploring leader=None trust=1.00 susp=0.00 cov=32.8%/100.0%
[R5] pos=(1925,75) state=exploring leader=None trust=1.00 susp=0.00 cov=32.8%/100.0%
[R5] pos=(1925,75) state=exploring leader=None trust=1.00 susp=0.00 cov=32.8%/100.0%
[R5] pos=(1925,75) state=exploring leader=None trust=1.00 susp=0.00 cov=32.8%/100.0%
[R5] pos=(1925,75) state=exploring leader=None trust=1.00 susp=0.00 cov=32.8%/100.0%
[R5] pos=(1925,75) state=exploring leader=None trust=1.00 susp=0.00 cov=32.8%/100.0%
[R5] pos=(1925,75) state=exploring leader=None trust=1.00 susp=0.00 cov=32.8%/100.0%
[R5] pos=(1925,75) state=exploring leader=None trust=1.00 susp=0.00 cov=32.8%/100.0%
[R5] pos=(1925,75) state=exploring leader=None trust=1.00 susp=0.00 cov=32.8%/100.0%
[R5] pos=(1925,75) state=exploring leader=None trust=1.00 susp=0.00 cov=32.8%/100.0%
[R5] pos=(1925,75) state=exploring leader=None trust=1.00 susp=0.00 cov=32.8%/100.0%
[R5] pos=(1925,75) state=exploring leader=None trust=1.00 susp=0.00 cov=32.8%/100.0%
[R5] pos=(1925,75) state=exploring leader=None trust=1.00 susp=0.00 cov=32.8%/100.0%
[R5] pos=(1925,75) state=exploring leader=None trust=1.00 susp=0.00 cov=32.8%/100.0%
[R5] pos=(1925,75) state=exploring leader=None trust=1.00 susp=0.00 cov=32.8%/100.0%
[R5] pos=(1925,75) state=exploring leader=None trust=1.00 susp=0.00 cov=32.8%/100.0%
[R5] pos=(1925,75) state=exploring leader=None trust=1.00 susp=0.00 cov=32.8%/100.0%
[R5] pos=(1925,75) state=exploring leader=None trust=1.00 susp=0.00 cov=32.8%/100.0%
[R5] pos=(1925,75) state=exploring leader=None trust=1.00 susp=0.00 cov=32.8%/100.0%
