[WARN] Hardware modules not available - simulation mode
=== RAFT Baseline - Robot 1 [SIM] ===
NO TRUST. Heartbeat timeout only.

  Logging to: logs/raft_1_20260226_174251.jsonl
Initializing hardware...
  Hardware: SIMULATED
[INFO] Position socket listening on port 9101
[INFO] Peer socket listening on port 9201
[INFO] Fault socket listening on port 9301
Ready!

Running RAFT baseline... Press Ctrl+C to stop

[R1] state=follower leader=None term=0 cov=0.0%/0.0%
[R1] state=follower leader=5 term=1 cov=0.5%/0.5%
[R1] state=follower leader=5 term=1 cov=2.6%/14.6%
[R1] state=follower leader=5 term=1 cov=4.7%/26.6%
[R1] state=follower leader=5 term=1 cov=6.8%/36.5%
[R1] state=follower leader=5 term=1 cov=8.9%/45.3%
[R1] state=follower leader=5 term=1 cov=10.9%/56.8%
[R1] state=follower leader=5 term=1 cov=14.6%/67.7%
[R1] state=follower leader=5 term=1 cov=17.2%/76.0%
[R1] state=follower leader=5 term=1 cov=18.2%/83.9%
[R1] state=follower leader=5 term=1 cov=19.3%/88.0%
[R1] state=follower leader=5 term=1 cov=21.9%/92.7%
[R1] state=follower leader=5 term=1 cov=23.4%/100.0%
[R1] state=follower leader=5 term=1 cov=25.0%/100.0%
[R1] state=follower leader=5 term=1 cov=25.0%/100.0%
[R1] state=follower leader=5 term=1 cov=25.0%/100.0%
[FAULT] Injected: spin
[R1] state=follower leader=5 term=1 cov=25.0%/100.0%
[R1] state=follower leader=5 term=1 cov=25.0%/100.0%
[R1] state=follower leader=5 term=1 cov=25.0%/100.0%
[R1] state=follower leader=5 term=1 cov=25.0%/100.0%
[R1] state=follower leader=5 term=1 cov=25.0%/100.0%
[R1] state=follower leader=5 term=1 cov=25.0%/100.0%
[R1] state=follower leader=5 term=1 cov=25.0%/100.0%
[R1] state=follower leader=5 term=1 cov=25.0%/100.0%
[R1] state=follower leader=5 term=1 cov=25.0%/100.0%
[R1] state=follower leader=5 term=1 cov=25.0%/100.0%
[R1] state=follower leader=5 term=1 cov=25.0%/100.0%
[R1] state=follower leader=5 term=1 cov=25.0%/100.0%
[R1] state=follower leader=5 term=1 cov=25.0%/100.0%
[R1] state=follower leader=5 term=1 cov=25.0%/100.0%
[R1] state=follower leader=5 term=1 cov=25.0%/100.0%
[R1] state=follower leader=5 term=1 cov=25.0%/100.0%
[R1] state=follower leader=5 term=1 cov=25.0%/100.0%
[R1] state=follower leader=5 term=1 cov=25.0%/100.0%
[R1] state=follower leader=5 term=1 cov=25.0%/100.0%
[R1] state=follower leader=5 term=1 cov=25.0%/100.0%
[R1] state=follower leader=5 term=1 cov=25.0%/100.0%
[R1] state=follower leader=5 term=1 cov=25.0%/100.0%
[R1] state=follower leader=5 term=1 cov=25.0%/100.0%
[R1] state=follower leader=5 term=1 cov=25.0%/100.0%
[R1] state=follower leader=5 term=1 cov=25.0%/100.0%
[R1] state=follower leader=5 term=1 cov=25.0%/100.0%
[R1] state=follower leader=5 term=1 cov=25.0%/100.0%
[R1] state=follower leader=5 term=1 cov=25.0%/100.0%
[R1] state=follower leader=5 term=1 cov=25.0%/100.0%
[R1] state=follower leader=5 term=1 cov=25.0%/100.0%
[R1] state=follower leader=5 term=1 cov=25.0%/100.0%
[R1] state=follower leader=5 term=1 cov=25.0%/100.0%
[R1] state=follower leader=5 term=1 cov=25.0%/100.0%
[R1] state=follower leader=5 term=1 cov=25.0%/100.0%
[R1] state=follower leader=5 term=1 cov=25.0%/100.0%
[R1] state=follower leader=5 term=1 cov=25.0%/100.0%
[R1] state=follower leader=5 term=1 cov=25.0%/100.0%
[R1] state=follower leader=5 term=1 cov=25.0%/100.0%
[R1] state=follower leader=5 term=1 cov=25.0%/100.0%
[R1] state=follower leader=5 term=1 cov=25.0%/100.0%
[R1] state=follower leader=5 term=1 cov=25.0%/100.0%
[R1] state=follower leader=5 term=1 cov=25.0%/100.0%
[R1] state=follower leader=5 term=1 cov=25.0%/100.0%
[R1] state=follower leader=5 term=1 cov=25.0%/100.0%
[R1] state=follower leader=5 term=1 cov=25.0%/100.0%
[R1] state=follower leader=5 term=1 cov=25.0%/100.0%
[R1] state=follower leader=5 term=1 cov=25.0%/100.0%
[R1] state=follower leader=5 term=1 cov=25.0%/100.0%
[R1] state=follower leader=5 term=1 cov=25.0%/100.0%
[R1] state=follower leader=5 term=1 cov=25.0%/100.0%
[R1] state=follower leader=5 term=1 cov=25.0%/100.0%
[R1] state=follower leader=5 term=1 cov=25.0%/100.0%
[R1] state=follower leader=5 term=1 cov=25.0%/100.0%
