[WARN] Hardware modules not available - simulation mode
=== RAFT Baseline - Robot 5 [SIM] ===
NO TRUST. Heartbeat timeout only.

  Logging to: logs/raft_5_20260226_211453.jsonl
Initializing hardware...
  Hardware: SIMULATED
[INFO] Position socket listening on port 10105
[INFO] Peer socket listening on port 10205
[INFO] Fault socket listening on port 10305
Ready!

Running RAFT baseline... Press Ctrl+C to stop

[R5] state=follower leader=None term=0 cov=0.0%/0.0%
[R5] state=follower leader=3 term=1 cov=0.5%/2.6%
[R5] state=follower leader=3 term=1 cov=0.5%/2.6%
[R5] state=follower leader=3 term=1 cov=0.5%/4.7%
[R5] state=follower leader=3 term=1 cov=0.5%/4.7%
[R5] state=follower leader=3 term=1 cov=0.5%/4.7%
[R5] state=follower leader=3 term=1 cov=0.5%/4.7%
[R5] state=follower leader=3 term=1 cov=0.5%/4.7%
[R5] state=follower leader=3 term=1 cov=0.5%/4.7%
[R5] state=follower leader=3 term=1 cov=0.5%/6.8%
[R5] state=follower leader=3 term=1 cov=0.5%/6.8%
[R5] state=follower leader=3 term=1 cov=0.5%/6.8%
[R5] state=follower leader=3 term=1 cov=0.5%/6.8%
[R5] state=follower leader=3 term=1 cov=0.5%/6.8%
[R5] state=follower leader=3 term=1 cov=2.1%/16.7%
[R5] state=follower leader=3 term=1 cov=3.1%/20.3%
[R5] state=follower leader=3 term=1 cov=5.2%/29.2%
[R5] state=follower leader=3 term=1 cov=7.8%/29.2%
[R5] state=follower leader=3 term=1 cov=8.3%/29.2%
[R5] state=follower leader=3 term=1 cov=8.9%/29.2%
[R5] state=follower leader=3 term=1 cov=8.9%/29.2%
[R5] state=follower leader=3 term=1 cov=8.9%/29.2%
[R5] state=follower leader=3 term=1 cov=8.9%/29.2%
[R5] state=follower leader=3 term=1 cov=8.9%/29.2%
[R5] state=follower leader=3 term=1 cov=8.9%/29.2%
[R5] state=follower leader=3 term=1 cov=8.9%/29.2%
[R5] state=follower leader=3 term=1 cov=8.9%/29.2%
[R5] state=follower leader=3 term=1 cov=8.9%/29.2%
[R5] state=follower leader=3 term=1 cov=8.9%/29.2%
[R5] state=follower leader=3 term=1 cov=8.9%/29.2%
[R5] state=follower leader=3 term=1 cov=8.9%/29.2%
[R5] state=follower leader=3 term=1 cov=8.9%/29.2%
[R5] state=follower leader=3 term=1 cov=8.9%/29.2%
[R5] state=follower leader=3 term=1 cov=8.9%/29.2%
[R5] state=follower leader=3 term=1 cov=8.9%/29.2%
[R5] state=follower leader=3 term=1 cov=8.9%/29.2%
[R5] state=follower leader=3 term=1 cov=8.9%/29.2%
[R5] state=follower leader=3 term=1 cov=8.9%/29.2%
[R5] state=follower leader=3 term=1 cov=8.9%/29.2%
[R5] state=follower leader=3 term=1 cov=8.9%/29.2%
[R5] state=follower leader=3 term=1 cov=8.9%/29.2%
[R5] state=follower leader=3 term=1 cov=8.9%/29.2%
[R5] state=follower leader=3 term=1 cov=8.9%/29.2%
[R5] state=follower leader=3 term=1 cov=8.9%/29.2%
[R5] state=follower leader=3 term=1 cov=8.9%/29.2%
[R5] state=follower leader=3 term=1 cov=8.9%/29.2%
[R5] state=follower leader=3 term=1 cov=8.9%/29.2%
[R5] state=follower leader=3 term=1 cov=8.9%/29.2%
[R5] state=follower leader=3 term=1 cov=8.9%/29.2%
[R5] state=follower leader=3 term=1 cov=8.9%/29.2%
[R5] state=follower leader=3 term=1 cov=8.9%/29.2%
[R5] state=follower leader=3 term=1 cov=8.9%/29.2%
[R5] state=follower leader=3 term=1 cov=8.9%/29.2%
[R5] state=follower leader=3 term=1 cov=8.9%/29.2%
[R5] state=follower leader=3 term=1 cov=8.9%/29.2%
[R5] state=follower leader=3 term=1 cov=8.9%/29.2%
[R5] state=follower leader=3 term=1 cov=8.9%/29.2%
[R5] state=follower leader=3 term=1 cov=8.9%/29.2%
[R5] state=follower leader=3 term=1 cov=8.9%/29.2%
[R5] state=follower leader=3 term=1 cov=8.9%/29.2%
[R5] state=follower leader=3 term=1 cov=8.9%/29.2%
