[WARN] Hardware modules not available - running in simulation mode
=== REIP Node - Robot 5 [SIM (unique ports)] ===
Trust Model: Three-tier confidence-weighted
  Personal: 1.0, ToF: 1.0, Peer: 0.3
  Suspicion threshold: 1.5, Recovery: 0.1

  Logging to: logs/robot_5_20260226_203635.jsonl
Initializing hardware...
  Hardware: SIMULATED
[INFO] Position socket listening on port 10105
[INFO] Peer socket listening on port 10205
[INFO] Fault socket listening on port 10305
Ready!

=== Detection Bounds: T1=2 cmds, T3=8 cmds | Impeachment: T1=8 cmds, T3=32 cmds ===
Running... Press Ctrl+C to stop

[ELECTION] New leader: 5
[R5] pos=(0,0) state=leader leader=5 trust=1.00 susp=0.00 cov=0.0%/0.0%
[ELECTION] New leader: 1
[R5] pos=(578,947) state=follower leader=1 trust=1.00 susp=0.00 cov=0.5%/0.5%
[R5] pos=(629,874) state=follower leader=1 trust=1.00 susp=0.00 cov=3.1%/13.5%
[R5] pos=(888,1115) state=follower leader=1 trust=1.00 susp=0.00 cov=6.2%/22.9%
[R5] pos=(963,1389) state=follower leader=1 trust=1.00 susp=0.00 cov=8.9%/34.9%
[R5] pos=(1283,1315) state=follower leader=1 trust=1.00 susp=0.00 cov=11.5%/45.3%
[R5] pos=(1460,1066) state=follower leader=1 trust=1.00 susp=0.00 cov=14.6%/51.6%
[R5] pos=(1167,737) state=follower leader=1 trust=1.00 susp=0.00 cov=18.2%/57.3%
[R5] pos=(1100,475) state=follower leader=1 trust=1.00 susp=0.00 cov=20.8%/60.4%
[R5] pos=(1435,453) state=follower leader=1 trust=1.00 susp=0.00 cov=23.4%/65.1%
[R5] pos=(1701,354) state=follower leader=1 trust=1.00 susp=0.00 cov=26.0%/67.7%
[R5] pos=(1925,446) state=follower leader=1 trust=1.00 susp=0.00 cov=28.6%/70.3%
[R5] pos=(1816,93) state=follower leader=1 trust=1.00 susp=0.00 cov=30.7%/72.4%
[R5] pos=(1688,184) state=follower leader=1 trust=1.00 susp=0.00 cov=32.3%/74.0%
[R5] pos=(1479,75) state=follower leader=1 trust=1.00 susp=0.00 cov=34.9%/76.6%
[R5] pos=(1186,75) state=follower leader=1 trust=1.00 susp=0.00 cov=37.5%/79.2%
[MPC] Moderate mismatch: best alignment 119ｰ, error=0.20
[R5] pos=(1301,337) state=follower leader=1 trust=1.00 susp=0.00 cov=39.1%/80.7%
[R5] pos=(1452,680) state=follower leader=1 trust=1.00 susp=0.00 cov=41.1%/82.8%
[R5] pos=(1559,911) state=follower leader=1 trust=1.00 susp=0.00 cov=42.7%/84.4%
[R5] pos=(1816,683) state=follower leader=1 trust=1.00 susp=0.00 cov=45.3%/87.0%
[R5] pos=(1923,687) state=follower leader=1 trust=1.00 susp=0.00 cov=45.8%/87.5%
[R5] pos=(1925,965) state=follower leader=1 trust=1.00 susp=0.00 cov=47.4%/89.6%
[MPC] Moderate mismatch: best alignment 121ｰ, error=0.20
[R5] pos=(1925,1072) state=follower leader=1 trust=1.00 susp=0.00 cov=47.9%/90.6%
[R5] pos=(1925,1072) state=follower leader=1 trust=1.00 susp=0.00 cov=47.9%/90.6%
[R5] pos=(1925,1072) state=follower leader=1 trust=1.00 susp=0.00 cov=47.9%/90.6%
[R5] pos=(1800,1061) state=follower leader=1 trust=1.00 susp=0.00 cov=48.4%/91.1%
[R5] pos=(1687,1187) state=follower leader=1 trust=1.00 susp=0.00 cov=49.5%/92.2%
[R5] pos=(1687,1187) state=follower leader=1 trust=1.00 susp=0.00 cov=49.5%/92.2%
[R5] pos=(1694,1410) state=follower leader=1 trust=1.00 susp=0.00 cov=52.1%/95.3%
[R5] pos=(1925,1218) state=follower leader=1 trust=1.00 susp=0.00 cov=54.7%/98.4%
[R5] pos=(1615,1176) state=follower leader=1 trust=1.00 susp=0.00 cov=54.7%/99.0%
[R5] pos=(1099,853) state=follower leader=1 trust=1.00 susp=0.00 cov=55.2%/100.0%
[R5] pos=(1099,852) state=follower leader=1 trust=1.00 susp=0.00 cov=55.2%/100.0%
[R5] pos=(1099,772) state=follower leader=1 trust=1.00 susp=0.00 cov=55.2%/100.0%
[R5] pos=(1099,773) state=follower leader=1 trust=1.00 susp=0.00 cov=55.2%/100.0%
[R5] pos=(1099,779) state=follower leader=1 trust=1.00 susp=0.00 cov=55.2%/100.0%
[R5] pos=(1099,847) state=follower leader=1 trust=1.00 susp=0.00 cov=55.2%/100.0%
[R5] pos=(1099,853) state=follower leader=1 trust=1.00 susp=0.00 cov=55.2%/100.0%
[R5] pos=(1099,778) state=follower leader=1 trust=1.00 susp=0.00 cov=55.2%/100.0%
[R5] pos=(1099,779) state=follower leader=1 trust=1.00 susp=0.00 cov=55.2%/100.0%
[R5] pos=(1099,779) state=follower leader=1 trust=1.00 susp=0.00 cov=55.2%/100.0%
[R5] pos=(1099,847) state=follower leader=1 trust=1.00 susp=0.00 cov=55.2%/100.0%
[R5] pos=(1099,847) state=follower leader=1 trust=1.00 susp=0.00 cov=55.2%/100.0%
[R5] pos=(1099,847) state=follower leader=1 trust=1.00 susp=0.00 cov=55.2%/100.0%
[R5] pos=(1099,784) state=follower leader=1 trust=1.00 susp=0.00 cov=55.2%/100.0%
[R5] pos=(1099,778) state=follower leader=1 trust=1.00 susp=0.00 cov=55.2%/100.0%
[R5] pos=(1099,778) state=follower leader=1 trust=1.00 susp=0.00 cov=55.2%/100.0%
[R5] pos=(1099,852) state=follower leader=1 trust=1.00 susp=0.00 cov=55.2%/100.0%
[R5] pos=(1099,852) state=follower leader=1 trust=1.00 susp=0.00 cov=55.2%/100.0%
[R5] pos=(1099,772) state=follower leader=1 trust=1.00 susp=0.00 cov=55.2%/100.0%
[R5] pos=(1099,772) state=follower leader=1 trust=1.00 susp=0.00 cov=55.2%/100.0%
[R5] pos=(1099,771) state=follower leader=1 trust=1.00 susp=0.00 cov=55.2%/100.0%
[R5] pos=(1099,847) state=follower leader=1 trust=1.00 susp=0.00 cov=55.2%/100.0%
[R5] pos=(1099,852) state=follower leader=1 trust=1.00 susp=0.00 cov=55.2%/100.0%
[R5] pos=(1099,852) state=follower leader=1 trust=1.00 susp=0.00 cov=55.2%/100.0%
[R5] pos=(1099,773) state=follower leader=1 trust=1.00 susp=0.00 cov=55.2%/100.0%
[R5] pos=(1099,778) state=follower leader=1 trust=1.00 susp=0.00 cov=55.2%/100.0%
[R5] pos=(1099,778) state=follower leader=1 trust=1.00 susp=0.00 cov=55.2%/100.0%
[R5] pos=(1099,852) state=follower leader=1 trust=1.00 susp=0.00 cov=55.2%/100.0%
[R5] pos=(1099,852) state=follower leader=1 trust=1.00 susp=0.00 cov=55.2%/100.0%
[R5] pos=(1099,777) state=follower leader=1 trust=1.00 susp=0.00 cov=55.2%/100.0%
