[WARN] Hardware modules not available - simulation mode
=== RAFT Baseline - Robot 2 [SIM] ===
NO TRUST. Heartbeat timeout only.

  Logging to: logs/raft_2_20260226_213531.jsonl
Initializing hardware...
  Hardware: SIMULATED
[INFO] Position socket listening on port 17102
[INFO] Peer socket listening on port 17202
[INFO] Fault socket listening on port 17302
Ready!

Running RAFT baseline... Press Ctrl+C to stop

[R2] state=follower leader=None term=0 cov=0.0%/0.0%
[R2] state=follower leader=3 term=1 cov=0.5%/0.5%
[R2] state=follower leader=3 term=1 cov=2.6%/13.0%
[R2] state=follower leader=3 term=1 cov=3.6%/20.3%
[R2] state=follower leader=3 term=1 cov=6.2%/29.2%
[R2] state=follower leader=3 term=1 cov=8.3%/38.5%
[R2] state=follower leader=3 term=1 cov=8.9%/45.3%
[R2] state=follower leader=3 term=1 cov=8.9%/47.4%
[R2] state=follower leader=3 term=1 cov=8.9%/49.0%
[R2] state=follower leader=3 term=1 cov=8.9%/49.5%
[R2] state=follower leader=3 term=1 cov=8.9%/49.5%
[R2] state=follower leader=3 term=1 cov=8.9%/49.5%
[R2] state=follower leader=3 term=1 cov=8.9%/49.5%
[R2] state=follower leader=3 term=1 cov=8.9%/49.5%
[R2] state=follower leader=3 term=1 cov=8.9%/49.5%
[R2] state=follower leader=3 term=1 cov=8.9%/49.5%
[R2] state=follower leader=3 term=1 cov=8.9%/49.5%
[R2] state=follower leader=3 term=1 cov=8.9%/49.5%
[R2] state=follower leader=3 term=1 cov=8.9%/49.5%
[R2] state=follower leader=3 term=1 cov=8.9%/49.5%
[R2] state=follower leader=3 term=1 cov=8.9%/49.5%
[R2] state=follower leader=3 term=1 cov=8.9%/49.5%
[R2] state=follower leader=3 term=1 cov=8.9%/49.5%
[R2] state=follower leader=3 term=1 cov=8.9%/49.5%
[R2] state=follower leader=3 term=1 cov=8.9%/49.5%
[R2] state=follower leader=3 term=1 cov=8.9%/50.0%
[R2] state=follower leader=3 term=1 cov=8.9%/50.0%
[R2] state=follower leader=3 term=1 cov=8.9%/50.0%
[R2] state=follower leader=3 term=1 cov=8.9%/50.0%
[R2] state=follower leader=3 term=1 cov=8.9%/50.0%
[R2] state=follower leader=3 term=1 cov=8.9%/50.0%
[R2] state=follower leader=3 term=1 cov=8.9%/50.0%
[R2] state=follower leader=3 term=1 cov=8.9%/50.0%
[R2] state=follower leader=3 term=1 cov=8.9%/50.0%
[R2] state=follower leader=3 term=1 cov=8.9%/50.0%
[R2] state=follower leader=3 term=1 cov=8.9%/50.0%
[R2] state=follower leader=3 term=1 cov=9.9%/50.5%
[R2] state=follower leader=3 term=1 cov=10.9%/51.6%
[R2] state=follower leader=3 term=1 cov=12.5%/53.1%
[R2] state=follower leader=3 term=1 cov=15.1%/55.7%
[R2] state=follower leader=3 term=1 cov=16.7%/57.3%
[R2] state=follower leader=3 term=1 cov=18.2%/58.9%
[R2] state=follower leader=3 term=1 cov=19.8%/60.4%
[R2] state=follower leader=3 term=1 cov=20.8%/61.5%
[R2] state=follower leader=3 term=1 cov=22.4%/63.0%
[R2] state=follower leader=3 term=1 cov=24.0%/64.6%
[R2] state=follower leader=3 term=1 cov=24.5%/65.1%
[R2] state=follower leader=3 term=1 cov=24.5%/65.1%
[R2] state=follower leader=3 term=1 cov=24.5%/65.1%
[R2] state=follower leader=3 term=1 cov=24.5%/65.1%
[R2] state=follower leader=3 term=1 cov=24.5%/65.1%
[R2] state=follower leader=3 term=1 cov=24.5%/65.1%
[R2] state=follower leader=3 term=1 cov=25.0%/65.6%
[R2] state=follower leader=3 term=1 cov=25.5%/66.1%
[R2] state=follower leader=3 term=1 cov=25.5%/66.1%
[R2] state=follower leader=3 term=1 cov=25.5%/66.1%
[R2] state=follower leader=3 term=1 cov=25.5%/66.1%
[R2] state=follower leader=3 term=1 cov=25.5%/66.1%
[R2] state=follower leader=3 term=1 cov=26.0%/66.7%
[R2] state=follower leader=3 term=1 cov=27.6%/68.2%
[R2] state=follower leader=3 term=1 cov=29.2%/69.8%
