[WARN] Hardware modules not available - running in simulation mode
=== REIP Node - Robot 4 [SIM (unique ports)] ===
Trust Model: Three-tier confidence-weighted
  Personal: 1.0, ToF: 1.0, Peer: 0.3
  Suspicion threshold: 1.5, Recovery: 0.1

  Logging to: logs/robot_4_20260226_172725.jsonl
Initializing hardware...
  Hardware: SIMULATED
[INFO] Position socket listening on port 11104
[INFO] Peer socket listening on port 11204
[INFO] Fault socket listening on port 11304
Ready!

=== DECENTRALIZED MODE - No leader coordination ===
=== Detection Bounds: T1=2 cmds, T3=8 cmds | Impeachment: T1=8 cmds, T3=32 cmds ===
Running... Press Ctrl+C to stop

[R4] pos=(0,0) state=exploring leader=None trust=1.00 susp=0.00 cov=0.0%/0.0%
[R4] pos=(1371,675) state=exploring leader=None trust=1.00 susp=0.00 cov=0.5%/0.5%
[R4] pos=(794,688) state=exploring leader=None trust=1.00 susp=0.00 cov=2.6%/17.7%
[R4] pos=(270,688) state=exploring leader=None trust=1.00 susp=0.00 cov=5.2%/32.3%
[R4] pos=(395,352) state=exploring leader=None trust=1.00 susp=0.00 cov=7.8%/41.7%
[R4] pos=(1059,437) state=exploring leader=None trust=1.00 susp=0.00 cov=10.4%/51.0%
[R4] pos=(1481,760) state=exploring leader=None trust=1.00 susp=0.00 cov=14.1%/62.0%
[R4] pos=(1605,964) state=exploring leader=None trust=1.00 susp=0.00 cov=15.6%/71.9%
[R4] pos=(1194,1425) state=exploring leader=None trust=1.00 susp=0.00 cov=19.3%/81.8%
[R4] pos=(1714,993) state=exploring leader=None trust=1.00 susp=0.00 cov=23.4%/85.9%
[R4] pos=(1925,992) state=exploring leader=None trust=1.00 susp=0.00 cov=25.5%/93.8%
[R4] pos=(1925,805) state=exploring leader=None trust=1.00 susp=0.00 cov=26.0%/99.0%
[R4] pos=(1925,708) state=exploring leader=None trust=1.00 susp=0.00 cov=27.1%/100.0%
[R4] pos=(1925,605) state=exploring leader=None trust=1.00 susp=0.00 cov=27.1%/100.0%
[R4] pos=(1925,718) state=exploring leader=None trust=1.00 susp=0.00 cov=27.1%/100.0%
[R4] pos=(1925,731) state=exploring leader=None trust=1.00 susp=0.00 cov=27.1%/100.0%
[R4] pos=(1925,629) state=exploring leader=None trust=1.00 susp=0.00 cov=27.1%/100.0%
[R4] pos=(1925,617) state=exploring leader=None trust=1.00 susp=0.00 cov=27.1%/100.0%
[R4] pos=(1925,617) state=exploring leader=None trust=1.00 susp=0.00 cov=27.1%/100.0%
[R4] pos=(1925,714) state=exploring leader=None trust=1.00 susp=0.00 cov=27.1%/100.0%
[R4] pos=(1925,729) state=exploring leader=None trust=1.00 susp=0.00 cov=27.1%/100.0%
[R4] pos=(1925,718) state=exploring leader=None trust=1.00 susp=0.00 cov=27.1%/100.0%
[R4] pos=(1925,617) state=exploring leader=None trust=1.00 susp=0.00 cov=27.1%/100.0%
[R4] pos=(1925,631) state=exploring leader=None trust=1.00 susp=0.00 cov=27.1%/100.0%
[R4] pos=(1925,639) state=exploring leader=None trust=1.00 susp=0.00 cov=27.1%/100.0%
[R4] pos=(1925,639) state=exploring leader=None trust=1.00 susp=0.00 cov=27.1%/100.0%
[R4] pos=(1925,606) state=exploring leader=None trust=1.00 susp=0.00 cov=27.1%/100.0%
[R4] pos=(1925,762) state=exploring leader=None trust=1.00 susp=0.00 cov=27.1%/100.0%
[R4] pos=(1925,638) state=exploring leader=None trust=1.00 susp=0.00 cov=27.1%/100.0%
[R4] pos=(1925,638) state=exploring leader=None trust=1.00 susp=0.00 cov=27.1%/100.0%
[R4] pos=(1925,758) state=exploring leader=None trust=1.00 susp=0.00 cov=27.1%/100.0%
[R4] pos=(1925,751) state=exploring leader=None trust=1.00 susp=0.00 cov=27.1%/100.0%
[R4] pos=(1925,755) state=exploring leader=None trust=1.00 susp=0.00 cov=27.1%/100.0%
[R4] pos=(1925,632) state=exploring leader=None trust=1.00 susp=0.00 cov=27.1%/100.0%
[R4] pos=(1925,753) state=exploring leader=None trust=1.00 susp=0.00 cov=27.1%/100.0%
[R4] pos=(1925,729) state=exploring leader=None trust=1.00 susp=0.00 cov=27.1%/100.0%
[R4] pos=(1925,729) state=exploring leader=None trust=1.00 susp=0.00 cov=27.1%/100.0%
[R4] pos=(1925,660) state=exploring leader=None trust=1.00 susp=0.00 cov=27.1%/100.0%
[R4] pos=(1925,725) state=exploring leader=None trust=1.00 susp=0.00 cov=27.1%/100.0%
[R4] pos=(1925,736) state=exploring leader=None trust=1.00 susp=0.00 cov=27.1%/100.0%
[R4] pos=(1925,617) state=exploring leader=None trust=1.00 susp=0.00 cov=27.1%/100.0%
[R4] pos=(1925,619) state=exploring leader=None trust=1.00 susp=0.00 cov=27.1%/100.0%
[R4] pos=(1925,634) state=exploring leader=None trust=1.00 susp=0.00 cov=27.1%/100.0%
[R4] pos=(1925,726) state=exploring leader=None trust=1.00 susp=0.00 cov=27.1%/100.0%
[R4] pos=(1925,721) state=exploring leader=None trust=1.00 susp=0.00 cov=27.1%/100.0%
[R4] pos=(1925,629) state=exploring leader=None trust=1.00 susp=0.00 cov=27.1%/100.0%
[R4] pos=(1925,646) state=exploring leader=None trust=1.00 susp=0.00 cov=27.1%/100.0%
[R4] pos=(1925,641) state=exploring leader=None trust=1.00 susp=0.00 cov=27.1%/100.0%
[R4] pos=(1925,758) state=exploring leader=None trust=1.00 susp=0.00 cov=27.1%/100.0%
[R4] pos=(1925,743) state=exploring leader=None trust=1.00 susp=0.00 cov=27.1%/100.0%
[R4] pos=(1925,632) state=exploring leader=None trust=1.00 susp=0.00 cov=27.1%/100.0%
[R4] pos=(1925,617) state=exploring leader=None trust=1.00 susp=0.00 cov=27.1%/100.0%
[R4] pos=(1925,647) state=exploring leader=None trust=1.00 susp=0.00 cov=27.1%/100.0%
[R4] pos=(1925,746) state=exploring leader=None trust=1.00 susp=0.00 cov=27.1%/100.0%
[R4] pos=(1925,751) state=exploring leader=None trust=1.00 susp=0.00 cov=27.1%/100.0%
[R4] pos=(1925,747) state=exploring leader=None trust=1.00 susp=0.00 cov=27.1%/100.0%
[R4] pos=(1925,630) state=exploring leader=None trust=1.00 susp=0.00 cov=27.1%/100.0%
[R4] pos=(1925,645) state=exploring leader=None trust=1.00 susp=0.00 cov=27.1%/100.0%
[R4] pos=(1925,653) state=exploring leader=None trust=1.00 susp=0.00 cov=27.1%/100.0%
[R4] pos=(1925,752) state=exploring leader=None trust=1.00 susp=0.00 cov=27.1%/100.0%
[R4] pos=(1925,749) state=exploring leader=None trust=1.00 susp=0.00 cov=27.1%/100.0%
