[WARN] Hardware modules not available - running in simulation mode
=== REIP Node - Robot 1 [SIM (unique ports)] ===
Trust Model: Three-tier confidence-weighted
  Personal: 1.0, ToF: 1.0, Peer: 0.3
  Suspicion threshold: 1.5, Recovery: 0.1

  Logging to: logs/robot_1_20260226_184758.jsonl
Initializing hardware...
  Hardware: SIMULATED
[INFO] Position socket listening on port 10101
[INFO] Peer socket listening on port 10201
[INFO] Fault socket listening on port 10301
Ready!

=== DECENTRALIZED MODE - No leader coordination ===
=== Detection Bounds: T1=2 cmds, T3=8 cmds | Impeachment: T1=8 cmds, T3=32 cmds ===
Running... Press Ctrl+C to stop

[R1] pos=(0,0) state=exploring leader=None trust=1.00 susp=0.00 cov=0.0%/0.0%
[R1] pos=(478,387) state=exploring leader=None trust=1.00 susp=0.00 cov=0.5%/0.5%
[R1] pos=(75,75) state=exploring leader=None trust=1.00 susp=0.00 cov=3.6%/19.3%
[R1] pos=(124,471) state=exploring leader=None trust=1.00 susp=0.00 cov=5.2%/31.2%
[R1] pos=(187,1156) state=exploring leader=None trust=1.00 susp=0.00 cov=8.3%/47.4%
[R1] pos=(691,1307) state=exploring leader=None trust=1.00 susp=0.00 cov=12.5%/59.4%
[R1] pos=(1011,1108) state=exploring leader=None trust=1.00 susp=0.00 cov=16.1%/69.3%
[R1] pos=(1293,1064) state=exploring leader=None trust=1.00 susp=0.00 cov=19.8%/80.2%
[R1] pos=(1686,1287) state=exploring leader=None trust=1.00 susp=0.00 cov=24.0%/87.5%
[R1] pos=(1925,1086) state=exploring leader=None trust=1.00 susp=0.00 cov=27.6%/94.8%
[R1] pos=(1925,182) state=exploring leader=None trust=1.00 susp=0.00 cov=31.8%/99.5%
[R1] pos=(1925,75) state=exploring leader=None trust=1.00 susp=0.00 cov=32.3%/100.0%
[R1] pos=(1925,75) state=exploring leader=None trust=1.00 susp=0.00 cov=32.3%/100.0%
[R1] pos=(1925,75) state=exploring leader=None trust=1.00 susp=0.00 cov=32.3%/100.0%
[R1] pos=(1925,75) state=exploring leader=None trust=1.00 susp=0.00 cov=32.3%/100.0%
[R1] pos=(1925,75) state=exploring leader=None trust=1.00 susp=0.00 cov=32.3%/100.0%
[FAULT] Motor fault injected: spin
[R1] pos=(1925,75) state=exploring leader=None trust=1.00 susp=0.00 cov=32.3%/100.0%
[R1] pos=(1925,75) state=exploring leader=None trust=1.00 susp=0.00 cov=32.3%/100.0%
[R1] pos=(1925,75) state=exploring leader=None trust=1.00 susp=0.00 cov=32.3%/100.0%
[R1] pos=(1925,75) state=exploring leader=None trust=1.00 susp=0.00 cov=32.3%/100.0%
[R1] pos=(1925,75) state=exploring leader=None trust=1.00 susp=0.00 cov=32.3%/100.0%
[R1] pos=(1925,75) state=exploring leader=None trust=1.00 susp=0.00 cov=32.3%/100.0%
[R1] pos=(1925,75) state=exploring leader=None trust=1.00 susp=0.00 cov=32.3%/100.0%
[R1] pos=(1925,75) state=exploring leader=None trust=1.00 susp=0.00 cov=32.3%/100.0%
[R1] pos=(1925,75) state=exploring leader=None trust=1.00 susp=0.00 cov=32.3%/100.0%
[R1] pos=(1925,75) state=exploring leader=None trust=1.00 susp=0.00 cov=32.3%/100.0%
[R1] pos=(1925,75) state=exploring leader=None trust=1.00 susp=0.00 cov=32.3%/100.0%
[R1] pos=(1925,75) state=exploring leader=None trust=1.00 susp=0.00 cov=32.3%/100.0%
[R1] pos=(1925,75) state=exploring leader=None trust=1.00 susp=0.00 cov=32.3%/100.0%
[R1] pos=(1925,75) state=exploring leader=None trust=1.00 susp=0.00 cov=32.3%/100.0%
[R1] pos=(1925,75) state=exploring leader=None trust=1.00 susp=0.00 cov=32.3%/100.0%
[R1] pos=(1925,75) state=exploring leader=None trust=1.00 susp=0.00 cov=32.3%/100.0%
[R1] pos=(1925,75) state=exploring leader=None trust=1.00 susp=0.00 cov=32.3%/100.0%
[R1] pos=(1925,75) state=exploring leader=None trust=1.00 susp=0.00 cov=32.3%/100.0%
[R1] pos=(1925,75) state=exploring leader=None trust=1.00 susp=0.00 cov=32.3%/100.0%
[R1] pos=(1925,75) state=exploring leader=None trust=1.00 susp=0.00 cov=32.3%/100.0%
[R1] pos=(1925,75) state=exploring leader=None trust=1.00 susp=0.00 cov=32.3%/100.0%
[R1] pos=(1925,75) state=exploring leader=None trust=1.00 susp=0.00 cov=32.3%/100.0%
[R1] pos=(1925,75) state=exploring leader=None trust=1.00 susp=0.00 cov=32.3%/100.0%
[R1] pos=(1925,75) state=exploring leader=None trust=1.00 susp=0.00 cov=32.3%/100.0%
[R1] pos=(1925,75) state=exploring leader=None trust=1.00 susp=0.00 cov=32.3%/100.0%
[R1] pos=(1925,75) state=exploring leader=None trust=1.00 susp=0.00 cov=32.3%/100.0%
[R1] pos=(1925,75) state=exploring leader=None trust=1.00 susp=0.00 cov=32.3%/100.0%
[R1] pos=(1925,75) state=exploring leader=None trust=1.00 susp=0.00 cov=32.3%/100.0%
[R1] pos=(1925,75) state=exploring leader=None trust=1.00 susp=0.00 cov=32.3%/100.0%
[R1] pos=(1925,75) state=exploring leader=None trust=1.00 susp=0.00 cov=32.3%/100.0%
[R1] pos=(1925,75) state=exploring leader=None trust=1.00 susp=0.00 cov=32.3%/100.0%
[R1] pos=(1925,75) state=exploring leader=None trust=1.00 susp=0.00 cov=32.3%/100.0%
[R1] pos=(1925,75) state=exploring leader=None trust=1.00 susp=0.00 cov=32.3%/100.0%
[R1] pos=(1925,75) state=exploring leader=None trust=1.00 susp=0.00 cov=32.3%/100.0%
[R1] pos=(1925,75) state=exploring leader=None trust=1.00 susp=0.00 cov=32.3%/100.0%
[R1] pos=(1925,75) state=exploring leader=None trust=1.00 susp=0.00 cov=32.3%/100.0%
[R1] pos=(1925,75) state=exploring leader=None trust=1.00 susp=0.00 cov=32.3%/100.0%
[R1] pos=(1925,75) state=exploring leader=None trust=1.00 susp=0.00 cov=32.3%/100.0%
[R1] pos=(1925,75) state=exploring leader=None trust=1.00 susp=0.00 cov=32.3%/100.0%
[R1] pos=(1925,75) state=exploring leader=None trust=1.00 susp=0.00 cov=32.3%/100.0%
[R1] pos=(1925,75) state=exploring leader=None trust=1.00 susp=0.00 cov=32.3%/100.0%
[R1] pos=(1925,75) state=exploring leader=None trust=1.00 susp=0.00 cov=32.3%/100.0%
[R1] pos=(1925,75) state=exploring leader=None trust=1.00 susp=0.00 cov=32.3%/100.0%
[R1] pos=(1925,75) state=exploring leader=None trust=1.00 susp=0.00 cov=32.3%/100.0%
[R1] pos=(1925,75) state=exploring leader=None trust=1.00 susp=0.00 cov=32.3%/100.0%
