[WARN] Hardware modules not available - running in simulation mode
=== REIP Node - Robot 5 [SIM (unique ports)] ===
Trust Model: Three-tier confidence-weighted
  Personal: 1.0, ToF: 1.0, Peer: 0.3
  Suspicion threshold: 1.5, Recovery: 0.1

  Logging to: logs/robot_5_20260226_161934.jsonl
Initializing hardware...
  Hardware: SIMULATED
[INFO] Position socket listening on port 26105
[INFO] Peer socket listening on port 26205
[INFO] Fault socket listening on port 26305
Ready!

=== Detection Bounds: T1=2 cmds, T3=8 cmds | Impeachment: T1=8 cmds, T3=32 cmds ===
Running... Press Ctrl+C to stop

[ELECTION] New leader: 5
[R5] pos=(0,0) state=leader leader=5 trust=1.00 susp=0.00 cov=0.0%/0.0%
[ELECTION] New leader: 1
[R5] pos=(1394,544) state=follower leader=1 trust=1.00 susp=0.00 cov=0.5%/2.6%
[R5] pos=(1388,419) state=follower leader=1 trust=1.00 susp=0.00 cov=2.1%/10.4%
[R5] pos=(1689,310) state=follower leader=1 trust=1.00 susp=0.00 cov=4.2%/18.8%
[R5] pos=(1821,294) state=follower leader=1 trust=1.00 susp=0.00 cov=6.2%/32.3%
[R5] pos=(1713,580) state=follower leader=1 trust=1.00 susp=0.00 cov=9.9%/45.3%
[R5] pos=(1688,919) state=follower leader=1 trust=1.00 susp=0.00 cov=12.0%/56.8%
[R5] pos=(1925,718) state=follower leader=1 trust=1.00 susp=0.00 cov=14.6%/67.2%
[R5] pos=(1702,1238) state=follower leader=1 trust=1.00 susp=0.00 cov=17.7%/76.6%
[R5] pos=(1291,1309) state=follower leader=1 trust=1.00 susp=0.00 cov=19.8%/82.8%
[R5] pos=(985,1350) state=follower leader=1 trust=1.00 susp=0.00 cov=21.9%/91.7%
[R5] pos=(985,1154) state=follower leader=1 trust=1.00 susp=0.00 cov=24.0%/97.4%
[R5] pos=(1661,369) state=follower leader=1 trust=1.00 susp=0.00 cov=27.6%/100.0%
[R5] pos=(1925,75) state=follower leader=1 trust=1.00 susp=0.00 cov=28.1%/100.0%
[R5] pos=(1925,75) state=follower leader=1 trust=1.00 susp=0.00 cov=28.1%/100.0%
[R5] pos=(1925,75) state=follower leader=1 trust=1.00 susp=0.00 cov=28.1%/100.0%
[TRUST] Bad command #1 (personal_visited): suspicion +1.00 = 1.00
[R5] pos=(1925,75) state=follower leader=1 trust=1.00 susp=1.00 cov=28.1%/100.0%
[TRUST] Bad command #2 (peer_reported): suspicion +0.30 = 1.30
[TRUST] Bad command #3 (personal_visited): suspicion +1.00 = 2.30
[DETECT] First trust decay after 3 bad commands (0.41s) [Theoretical bound: T1=2, T3=8]
[TRUST] Trust decayed: trust=0.80, remaining suspicion=0.80
[TRUST] Bad command #4 (peer_reported): suspicion +0.30 = 1.10
[TRUST] Bad command #5 (personal_visited): suspicion +1.00 = 2.10
[TRUST] Trust decayed: trust=0.60, remaining suspicion=0.60
[TRUST] Bad command #6 (personal_visited): suspicion +1.00 = 1.60
[TRUST] Trust decayed: trust=0.40, remaining suspicion=0.10
[TRUST] Bad command #7 (peer_reported): suspicion +0.30 = 0.40
[TRUST] Bad command #8 (peer_reported): suspicion +0.30 = 0.70
[TRUST] Bad command #9 (peer_reported): suspicion +0.30 = 1.00
[TRUST] Bad command #10 (personal_visited): suspicion +1.00 = 2.00
[TRUST] Trust decayed: trust=0.20, remaining suspicion=0.50
[TRUST] Bad command #11 (peer_reported): suspicion +0.30 = 0.80
[DETECT] IMPEACHMENT after 11 bad commands, 2.17s from first bad command [Bound: T1=8 cmds, T3=32 cmds]
[IMPEACH] Trust too low (0.20), excluding leader 1 from candidates
[ELECTION] Leader 1 impeached (failures=1)
[ELECTION] New leader: 5
[R5] pos=(1315,766) state=leader leader=5 trust=1.00 susp=0.00 cov=28.1%/100.0%
[ELECTION] Leader 5 impeached (failures=1)
[ELECTION] New leader: 2
[R5] pos=(1326,505) state=follower leader=2 trust=1.00 susp=0.00 cov=28.6%/100.0%
[R5] pos=(1303,603) state=follower leader=2 trust=1.00 susp=0.00 cov=28.6%/100.0%
[R5] pos=(1301,611) state=follower leader=2 trust=1.00 susp=0.00 cov=28.6%/100.0%
[R5] pos=(1295,635) state=follower leader=2 trust=1.00 susp=0.00 cov=28.6%/100.0%
[R5] pos=(1326,507) state=follower leader=2 trust=1.00 susp=0.00 cov=28.6%/100.0%
[R5] pos=(1323,520) state=follower leader=2 trust=1.00 susp=0.00 cov=28.6%/100.0%
[R5] pos=(1315,550) state=follower leader=2 trust=1.00 susp=0.00 cov=28.6%/100.0%
[R5] pos=(1315,550) state=follower leader=2 trust=1.00 susp=0.00 cov=28.6%/100.0%
[R5] pos=(1315,550) state=follower leader=2 trust=1.00 susp=0.00 cov=28.6%/100.0%
[R5] pos=(1315,550) state=follower leader=2 trust=1.00 susp=0.00 cov=28.6%/100.0%
[R5] pos=(1315,550) state=follower leader=2 trust=1.00 susp=0.00 cov=28.6%/100.0%
[R5] pos=(1315,550) state=follower leader=2 trust=1.00 susp=0.00 cov=28.6%/100.0%
[R5] pos=(1315,550) state=follower leader=2 trust=1.00 susp=0.00 cov=28.6%/100.0%
[R5] pos=(1315,550) state=follower leader=2 trust=1.00 susp=0.00 cov=28.6%/100.0%
[R5] pos=(1315,550) state=follower leader=2 trust=1.00 susp=0.00 cov=28.6%/100.0%
[R5] pos=(1315,550) state=follower leader=2 trust=1.00 susp=0.00 cov=28.6%/100.0%
[R5] pos=(1315,550) state=follower leader=2 trust=1.00 susp=0.00 cov=28.6%/100.0%
[R5] pos=(1315,550) state=follower leader=2 trust=1.00 susp=0.00 cov=28.6%/100.0%
[R5] pos=(1315,550) state=follower leader=2 trust=1.00 susp=0.00 cov=28.6%/100.0%
[R5] pos=(1315,550) state=follower leader=2 trust=1.00 susp=0.00 cov=28.6%/100.0%
[R5] pos=(1315,550) state=follower leader=2 trust=1.00 susp=0.00 cov=28.6%/100.0%
[R5] pos=(1315,550) state=follower leader=2 trust=1.00 susp=0.00 cov=28.6%/100.0%
[R5] pos=(1315,550) state=follower leader=2 trust=1.00 susp=0.00 cov=28.6%/100.0%
[R5] pos=(1315,550) state=follower leader=2 trust=1.00 susp=0.00 cov=28.6%/100.0%
[R5] pos=(1315,550) state=follower leader=2 trust=1.00 susp=0.00 cov=28.6%/100.0%
[R5] pos=(1315,550) state=follower leader=2 trust=1.00 susp=0.00 cov=28.6%/100.0%
[R5] pos=(1315,550) state=follower leader=2 trust=1.00 susp=0.00 cov=28.6%/100.0%
[R5] pos=(1315,550) state=follower leader=2 trust=1.00 susp=0.00 cov=28.6%/100.0%
[R5] pos=(1315,550) state=follower leader=2 trust=1.00 susp=0.00 cov=28.6%/100.0%
[R5] pos=(1315,550) state=follower leader=2 trust=1.00 susp=0.00 cov=28.6%/100.0%
[R5] pos=(1315,550) state=follower leader=2 trust=1.00 susp=0.00 cov=28.6%/100.0%
[R5] pos=(1315,550) state=follower leader=2 trust=1.00 susp=0.00 cov=28.6%/100.0%
[R5] pos=(1315,550) state=follower leader=2 trust=1.00 susp=0.00 cov=28.6%/100.0%
[R5] pos=(1315,550) state=follower leader=2 trust=1.00 susp=0.00 cov=28.6%/100.0%
[R5] pos=(1315,550) state=follower leader=2 trust=1.00 susp=0.00 cov=28.6%/100.0%
[R5] pos=(1315,550) state=follower leader=2 trust=1.00 susp=0.00 cov=28.6%/100.0%
[R5] pos=(1315,550) state=follower leader=2 trust=1.00 susp=0.00 cov=28.6%/100.0%
[R5] pos=(1315,550) state=follower leader=2 trust=1.00 susp=0.00 cov=28.6%/100.0%
[R5] pos=(1315,550) state=follower leader=2 trust=1.00 susp=0.00 cov=28.6%/100.0%
[R5] pos=(1315,550) state=follower leader=2 trust=1.00 susp=0.00 cov=28.6%/100.0%
[R5] pos=(1315,550) state=follower leader=2 trust=1.00 susp=0.00 cov=28.6%/100.0%
[R5] pos=(1315,550) state=follower leader=2 trust=1.00 susp=0.00 cov=28.6%/100.0%
[R5] pos=(1315,550) state=follower leader=2 trust=1.00 susp=0.00 cov=28.6%/100.0%
[R5] pos=(1315,550) state=follower leader=2 trust=1.00 susp=0.00 cov=28.6%/100.0%
[R5] pos=(1315,550) state=follower leader=2 trust=1.00 susp=0.00 cov=28.6%/100.0%
[R5] pos=(1315,550) state=follower leader=2 trust=1.00 susp=0.00 cov=28.6%/100.0%
[R5] pos=(1315,550) state=follower leader=2 trust=1.00 susp=0.00 cov=28.6%/100.0%
[R5] pos=(1315,550) state=follower leader=2 trust=1.00 susp=0.00 cov=28.6%/100.0%
[R5] pos=(1315,550) state=follower leader=2 trust=1.00 susp=0.00 cov=28.6%/100.0%
[R5] pos=(1315,550) state=follower leader=2 trust=1.00 susp=0.00 cov=28.6%/100.0%
[R5] pos=(1315,550) state=follower leader=2 trust=1.00 susp=0.00 cov=28.6%/100.0%
[R5] pos=(1315,550) state=follower leader=2 trust=1.00 susp=0.00 cov=28.6%/100.0%
[R5] pos=(1315,550) state=follower leader=2 trust=1.00 susp=0.00 cov=28.6%/100.0%
[R5] pos=(1315,550) state=follower leader=2 trust=1.00 susp=0.00 cov=28.6%/100.0%
[R5] pos=(1315,550) state=follower leader=2 trust=1.00 susp=0.00 cov=28.6%/100.0%
[R5] pos=(1315,550) state=follower leader=2 trust=1.00 susp=0.00 cov=28.6%/100.0%
[R5] pos=(1315,550) state=follower leader=2 trust=1.00 susp=0.00 cov=28.6%/100.0%
[R5] pos=(1315,550) state=follower leader=2 trust=1.00 susp=0.00 cov=28.6%/100.0%
