[WARN] Hardware modules not available - running in simulation mode
=== REIP Node - Robot 1 [SIM (unique ports)] ===
Trust Model: Three-tier confidence-weighted
  Personal: 1.0, ToF: 1.0, Peer: 0.3
  Suspicion threshold: 1.5, Recovery: 0.1

  Logging to: logs/robot_1_20260226_212236.jsonl
Initializing hardware...
  Hardware: SIMULATED
[INFO] Position socket listening on port 19101
[INFO] Peer socket listening on port 19201
[INFO] Fault socket listening on port 19301
Ready!

=== DECENTRALIZED MODE - No leader coordination ===
=== Detection Bounds: T1=2 cmds, T3=8 cmds | Impeachment: T1=8 cmds, T3=32 cmds ===
Running... Press Ctrl+C to stop

[R1] pos=(0,0) state=exploring leader=None trust=1.00 susp=0.00 cov=0.0%/0.0%
[R1] pos=(433,1302) state=exploring leader=None trust=1.00 susp=0.00 cov=0.5%/0.5%
[R1] pos=(262,1093) state=exploring leader=None trust=1.00 susp=0.00 cov=4.2%/16.1%
[R1] pos=(651,1063) state=exploring leader=None trust=1.00 susp=0.00 cov=7.8%/28.1%
[R1] pos=(697,564) state=exploring leader=None trust=1.00 susp=0.00 cov=10.9%/40.6%
[R1] pos=(897,739) state=exploring leader=None trust=1.00 susp=0.00 cov=14.1%/47.4%
[R1] pos=(933,1425) state=exploring leader=None trust=1.00 susp=0.00 cov=16.7%/50.0%
[R1] pos=(1081,965) state=exploring leader=None trust=1.00 susp=0.00 cov=21.4%/54.7%
[R1] pos=(1091,423) state=exploring leader=None trust=1.00 susp=0.00 cov=24.5%/58.9%
[R1] pos=(1322,170) state=exploring leader=None trust=1.00 susp=0.00 cov=27.1%/63.5%
[R1] pos=(1438,686) state=exploring leader=None trust=1.00 susp=0.00 cov=29.7%/68.8%
[R1] pos=(1310,1357) state=exploring leader=None trust=1.00 susp=0.00 cov=32.8%/72.9%
[R1] pos=(1562,1212) state=exploring leader=None trust=1.00 susp=0.00 cov=35.9%/77.1%
[R1] pos=(1725,869) state=exploring leader=None trust=1.00 susp=0.00 cov=38.5%/81.8%
[R1] pos=(1691,449) state=exploring leader=None trust=1.00 susp=0.00 cov=41.7%/86.5%
[R1] pos=(1683,75) state=exploring leader=None trust=1.00 susp=0.00 cov=44.8%/89.6%
[R1] pos=(1925,585) state=exploring leader=None trust=1.00 susp=0.00 cov=47.9%/93.2%
[R1] pos=(1817,937) state=exploring leader=None trust=1.00 susp=0.00 cov=50.0%/96.4%
[R1] pos=(1832,1425) state=exploring leader=None trust=1.00 susp=0.00 cov=52.6%/98.4%
[R1] pos=(1925,1237) state=exploring leader=None trust=1.00 susp=0.00 cov=54.7%/100.0%
[R1] pos=(1925,1234) state=exploring leader=None trust=1.00 susp=0.00 cov=54.7%/100.0%
[R1] pos=(1925,1154) state=exploring leader=None trust=1.00 susp=0.00 cov=54.7%/100.0%
[R1] pos=(1925,1132) state=exploring leader=None trust=1.00 susp=0.00 cov=54.7%/100.0%
[R1] pos=(1925,1134) state=exploring leader=None trust=1.00 susp=0.00 cov=54.7%/100.0%
[R1] pos=(1925,1243) state=exploring leader=None trust=1.00 susp=0.00 cov=54.7%/100.0%
[R1] pos=(1925,1233) state=exploring leader=None trust=1.00 susp=0.00 cov=54.7%/100.0%
[R1] pos=(1925,1236) state=exploring leader=None trust=1.00 susp=0.00 cov=54.7%/100.0%
[R1] pos=(1925,1131) state=exploring leader=None trust=1.00 susp=0.00 cov=54.7%/100.0%
[R1] pos=(1925,1126) state=exploring leader=None trust=1.00 susp=0.00 cov=54.7%/100.0%
[R1] pos=(1925,1236) state=exploring leader=None trust=1.00 susp=0.00 cov=54.7%/100.0%
[R1] pos=(1925,1256) state=exploring leader=None trust=1.00 susp=0.00 cov=54.7%/100.0%
[R1] pos=(1925,1247) state=exploring leader=None trust=1.00 susp=0.00 cov=54.7%/100.0%
[R1] pos=(1925,1158) state=exploring leader=None trust=1.00 susp=0.00 cov=54.7%/100.0%
[R1] pos=(1925,1155) state=exploring leader=None trust=1.00 susp=0.00 cov=54.7%/100.0%
[R1] pos=(1925,1136) state=exploring leader=None trust=1.00 susp=0.00 cov=54.7%/100.0%
[R1] pos=(1925,1237) state=exploring leader=None trust=1.00 susp=0.00 cov=54.7%/100.0%
[R1] pos=(1925,1222) state=exploring leader=None trust=1.00 susp=0.00 cov=54.7%/100.0%
[R1] pos=(1925,1216) state=exploring leader=None trust=1.00 susp=0.00 cov=54.7%/100.0%
[R1] pos=(1925,1139) state=exploring leader=None trust=1.00 susp=0.00 cov=54.7%/100.0%
[R1] pos=(1925,1124) state=exploring leader=None trust=1.00 susp=0.00 cov=54.7%/100.0%
[R1] pos=(1925,1221) state=exploring leader=None trust=1.00 susp=0.00 cov=54.7%/100.0%
[R1] pos=(1925,1237) state=exploring leader=None trust=1.00 susp=0.00 cov=54.7%/100.0%
[R1] pos=(1925,1231) state=exploring leader=None trust=1.00 susp=0.00 cov=54.7%/100.0%
[R1] pos=(1925,1114) state=exploring leader=None trust=1.00 susp=0.00 cov=54.7%/100.0%
[R1] pos=(1925,1139) state=exploring leader=None trust=1.00 susp=0.00 cov=54.7%/100.0%
[R1] pos=(1925,1243) state=exploring leader=None trust=1.00 susp=0.00 cov=54.7%/100.0%
[R1] pos=(1925,1234) state=exploring leader=None trust=1.00 susp=0.00 cov=54.7%/100.0%
[R1] pos=(1925,1255) state=exploring leader=None trust=1.00 susp=0.00 cov=54.7%/100.0%
[R1] pos=(1925,1137) state=exploring leader=None trust=1.00 susp=0.00 cov=54.7%/100.0%
[R1] pos=(1925,1254) state=exploring leader=None trust=1.00 susp=0.00 cov=54.7%/100.0%
[R1] pos=(1925,1219) state=exploring leader=None trust=1.00 susp=0.00 cov=54.7%/100.0%
[R1] pos=(1925,1141) state=exploring leader=None trust=1.00 susp=0.00 cov=54.7%/100.0%
[R1] pos=(1925,1132) state=exploring leader=None trust=1.00 susp=0.00 cov=54.7%/100.0%
[R1] pos=(1925,1146) state=exploring leader=None trust=1.00 susp=0.00 cov=54.7%/100.0%
[R1] pos=(1925,1238) state=exploring leader=None trust=1.00 susp=0.00 cov=54.7%/100.0%
[R1] pos=(1925,1254) state=exploring leader=None trust=1.00 susp=0.00 cov=54.7%/100.0%
[R1] pos=(1925,1257) state=exploring leader=None trust=1.00 susp=0.00 cov=54.7%/100.0%
[R1] pos=(1925,1247) state=exploring leader=None trust=1.00 susp=0.00 cov=54.7%/100.0%
[R1] pos=(1925,1253) state=exploring leader=None trust=1.00 susp=0.00 cov=54.7%/100.0%
[R1] pos=(1925,1243) state=exploring leader=None trust=1.00 susp=0.00 cov=54.7%/100.0%
[R1] pos=(1925,1152) state=exploring leader=None trust=1.00 susp=0.00 cov=54.7%/100.0%
