[WARN] Hardware modules not available - running in simulation mode
=== REIP Node - Robot 5 [SIM (unique ports)] ===
Trust Model: Three-tier confidence-weighted
  Personal: 1.0, ToF: 1.0, Peer: 0.3
  Suspicion threshold: 1.5, Recovery: 0.1

  Logging to: logs/robot_5_20260226_205957.jsonl
Initializing hardware...
  Hardware: SIMULATED
[INFO] Position socket listening on port 15105
[INFO] Peer socket listening on port 15205
[INFO] Fault socket listening on port 15305
Ready!

=== Detection Bounds: T1=2 cmds, T3=8 cmds | Impeachment: T1=8 cmds, T3=32 cmds ===
Running... Press Ctrl+C to stop

[ELECTION] New leader: 5
[R5] pos=(0,0) state=leader leader=5 trust=1.00 susp=0.00 cov=0.0%/0.0%
[ELECTION] New leader: 1
[R5] pos=(549,260) state=follower leader=1 trust=1.00 susp=0.00 cov=0.5%/1.0%
[R5] pos=(99,232) state=follower leader=1 trust=1.00 susp=0.00 cov=3.1%/15.1%
[R5] pos=(501,75) state=follower leader=1 trust=1.00 susp=0.00 cov=6.2%/24.0%
[R5] pos=(854,172) state=follower leader=1 trust=1.00 susp=0.00 cov=8.9%/34.4%
[R5] pos=(854,75) state=follower leader=1 trust=1.00 susp=0.00 cov=8.9%/39.6%
[R5] pos=(695,779) state=follower leader=1 trust=1.00 susp=0.00 cov=11.5%/44.8%
[R5] pos=(901,864) state=follower leader=1 trust=1.00 susp=0.00 cov=13.0%/51.6%
[R5] pos=(901,823) state=follower leader=1 trust=1.00 susp=0.00 cov=13.0%/53.1%
[R5] pos=(901,821) state=follower leader=1 trust=1.00 susp=0.00 cov=13.0%/55.7%
[R5] pos=(900,705) state=follower leader=1 trust=1.00 susp=0.00 cov=13.5%/60.4%
[R5] pos=(900,781) state=follower leader=1 trust=1.00 susp=0.00 cov=13.5%/66.1%
[R5] pos=(900,811) state=follower leader=1 trust=1.00 susp=0.00 cov=13.5%/72.4%
[R5] pos=(900,563) state=follower leader=1 trust=1.00 susp=0.00 cov=14.1%/76.0%
[R5] pos=(900,812) state=follower leader=1 trust=1.00 susp=0.00 cov=14.1%/79.7%
[R5] pos=(900,968) state=follower leader=1 trust=1.00 susp=0.00 cov=14.1%/84.4%
[R5] pos=(900,1029) state=follower leader=1 trust=1.00 susp=0.00 cov=14.6%/84.9%
[R5] pos=(900,1078) state=follower leader=1 trust=1.00 susp=0.00 cov=14.6%/87.0%
[R5] pos=(900,1098) state=follower leader=1 trust=1.00 susp=0.00 cov=14.6%/87.5%
[R5] pos=(900,1098) state=follower leader=1 trust=1.00 susp=0.00 cov=14.6%/88.0%
[R5] pos=(900,1098) state=follower leader=1 trust=1.00 susp=0.00 cov=14.6%/88.0%
[R5] pos=(900,1098) state=follower leader=1 trust=1.00 susp=0.00 cov=14.6%/88.0%
[R5] pos=(900,1098) state=follower leader=1 trust=1.00 susp=0.00 cov=14.6%/88.0%
[R5] pos=(900,1098) state=follower leader=1 trust=1.00 susp=0.00 cov=14.6%/88.0%
[R5] pos=(900,1128) state=follower leader=1 trust=1.00 susp=0.00 cov=15.1%/89.6%
[R5] pos=(900,1156) state=follower leader=1 trust=1.00 susp=0.00 cov=15.1%/92.2%
[R5] pos=(900,1156) state=follower leader=1 trust=1.00 susp=0.00 cov=15.1%/92.2%
[R5] pos=(900,1156) state=follower leader=1 trust=1.00 susp=0.00 cov=15.1%/92.2%
[R5] pos=(900,1156) state=follower leader=1 trust=1.00 susp=0.00 cov=15.1%/92.2%
[R5] pos=(900,1156) state=follower leader=1 trust=1.00 susp=0.00 cov=15.1%/92.2%
[R5] pos=(900,1156) state=follower leader=1 trust=1.00 susp=0.00 cov=15.1%/92.2%
[R5] pos=(900,1156) state=follower leader=1 trust=1.00 susp=0.00 cov=15.1%/92.2%
[R5] pos=(900,1156) state=follower leader=1 trust=1.00 susp=0.00 cov=15.1%/92.2%
[R5] pos=(900,1156) state=follower leader=1 trust=1.00 susp=0.00 cov=15.1%/92.2%
[R5] pos=(900,1156) state=follower leader=1 trust=1.00 susp=0.00 cov=15.1%/92.2%
[R5] pos=(900,1156) state=follower leader=1 trust=1.00 susp=0.00 cov=15.1%/92.2%
[R5] pos=(900,1156) state=follower leader=1 trust=1.00 susp=0.00 cov=15.1%/92.2%
[R5] pos=(900,1156) state=follower leader=1 trust=1.00 susp=0.00 cov=15.1%/92.2%
[R5] pos=(900,1156) state=follower leader=1 trust=1.00 susp=0.00 cov=15.1%/92.2%
[R5] pos=(900,1156) state=follower leader=1 trust=1.00 susp=0.00 cov=15.1%/92.2%
[R5] pos=(900,1156) state=follower leader=1 trust=1.00 susp=0.00 cov=15.1%/92.2%
[R5] pos=(900,1156) state=follower leader=1 trust=1.00 susp=0.00 cov=15.1%/92.2%
[R5] pos=(900,1156) state=follower leader=1 trust=1.00 susp=0.00 cov=15.1%/92.2%
[R5] pos=(900,1156) state=follower leader=1 trust=1.00 susp=0.00 cov=15.1%/92.2%
[R5] pos=(900,1156) state=follower leader=1 trust=1.00 susp=0.00 cov=15.1%/92.2%
[R5] pos=(900,1162) state=follower leader=1 trust=1.00 susp=0.00 cov=15.1%/93.2%
[R5] pos=(900,1162) state=follower leader=1 trust=1.00 susp=0.00 cov=15.1%/93.2%
[R5] pos=(900,1167) state=follower leader=1 trust=1.00 susp=0.00 cov=15.1%/93.2%
[R5] pos=(900,1222) state=follower leader=1 trust=1.00 susp=0.00 cov=15.1%/94.3%
[R5] pos=(1121,1296) state=follower leader=1 trust=1.00 susp=0.00 cov=16.1%/96.9%
[R5] pos=(1871,1425) state=follower leader=1 trust=1.00 susp=0.00 cov=19.3%/100.0%
[R5] pos=(1749,1425) state=follower leader=1 trust=1.00 susp=0.00 cov=19.3%/100.0%
[R5] pos=(1749,1425) state=follower leader=1 trust=1.00 susp=0.00 cov=19.3%/100.0%
[R5] pos=(1872,1425) state=follower leader=1 trust=1.00 susp=0.00 cov=19.3%/100.0%
[R5] pos=(1750,1425) state=follower leader=1 trust=1.00 susp=0.00 cov=19.3%/100.0%
[R5] pos=(1741,1425) state=follower leader=1 trust=1.00 susp=0.00 cov=19.3%/100.0%
[R5] pos=(1867,1425) state=follower leader=1 trust=1.00 susp=0.00 cov=19.3%/100.0%
[R5] pos=(1742,1425) state=follower leader=1 trust=1.00 susp=0.00 cov=19.3%/100.0%
[R5] pos=(1865,1425) state=follower leader=1 trust=1.00 susp=0.00 cov=19.3%/100.0%
[R5] pos=(1745,1425) state=follower leader=1 trust=1.00 susp=0.00 cov=19.3%/100.0%
[R5] pos=(1866,1425) state=follower leader=1 trust=1.00 susp=0.00 cov=19.3%/100.0%
[R5] pos=(1866,1425) state=follower leader=1 trust=1.00 susp=0.00 cov=19.3%/100.0%
[R5] pos=(1866,1425) state=follower leader=1 trust=1.00 susp=0.00 cov=19.3%/100.0%
[R5] pos=(1866,1425) state=follower leader=1 trust=1.00 susp=0.00 cov=19.3%/100.0%
[R5] pos=(1866,1425) state=follower leader=1 trust=1.00 susp=0.00 cov=19.3%/100.0%
[R5] pos=(1866,1425) state=follower leader=1 trust=1.00 susp=0.00 cov=19.3%/100.0%
[R5] pos=(1866,1425) state=follower leader=1 trust=1.00 susp=0.00 cov=19.3%/100.0%
[R5] pos=(1866,1425) state=follower leader=1 trust=1.00 susp=0.00 cov=19.3%/100.0%
[R5] pos=(1866,1425) state=follower leader=1 trust=1.00 susp=0.00 cov=19.3%/100.0%
[R5] pos=(1866,1425) state=follower leader=1 trust=1.00 susp=0.00 cov=19.3%/100.0%
[R5] pos=(1866,1425) state=follower leader=1 trust=1.00 susp=0.00 cov=19.3%/100.0%
