[WARN] Hardware modules not available - running in simulation mode
=== REIP Node - Robot 1 [SIM (unique ports)] ===
Trust Model: Three-tier confidence-weighted
  Personal: 1.0, ToF: 1.0, Peer: 0.3
  Suspicion threshold: 1.5, Recovery: 0.1

  Logging to: logs/robot_1_20260226_171249.jsonl
Initializing hardware...
  Hardware: SIMULATED
[INFO] Position socket listening on port 9101
[INFO] Peer socket listening on port 9201
[INFO] Fault socket listening on port 9301
Ready!

=== Detection Bounds: T1=2 cmds, T3=8 cmds | Impeachment: T1=8 cmds, T3=32 cmds ===
Running... Press Ctrl+C to stop

[ELECTION] New leader: 1
[R1] pos=(0,0) state=leader leader=1 trust=1.00 susp=0.00 cov=0.0%/0.0%
[R1] pos=(478,387) state=leader leader=1 trust=1.00 susp=0.00 cov=0.5%/0.5%
[R1] pos=(413,75) state=leader leader=1 trust=1.00 susp=0.00 cov=3.6%/15.6%
[R1] pos=(790,310) state=leader leader=1 trust=1.00 susp=0.00 cov=6.8%/27.6%
[R1] pos=(856,195) state=leader leader=1 trust=1.00 susp=0.00 cov=7.8%/37.5%
[R1] pos=(857,195) state=leader leader=1 trust=1.00 susp=0.00 cov=7.8%/48.4%
[R1] pos=(891,298) state=leader leader=1 trust=1.00 susp=0.00 cov=7.8%/56.8%
[R1] pos=(883,273) state=leader leader=1 trust=1.00 susp=0.00 cov=7.8%/64.1%
[R1] pos=(860,206) state=leader leader=1 trust=1.00 susp=0.00 cov=7.8%/69.8%
[R1] pos=(870,236) state=leader leader=1 trust=1.00 susp=0.00 cov=7.8%/78.6%
[R1] pos=(583,293) state=leader leader=1 trust=1.00 susp=0.00 cov=8.9%/86.5%
[R1] pos=(686,452) state=leader leader=1 trust=1.00 susp=0.00 cov=10.9%/94.8%
[R1] pos=(374,812) state=leader leader=1 trust=1.00 susp=0.00 cov=14.1%/98.4%
[R1] pos=(437,1425) state=leader leader=1 trust=1.00 susp=0.00 cov=16.7%/100.0%
[R1] pos=(437,1425) state=leader leader=1 trust=1.00 susp=0.00 cov=16.7%/100.0%
[R1] pos=(437,1425) state=leader leader=1 trust=1.00 susp=0.00 cov=16.7%/100.0%
[R1] pos=(437,1425) state=leader leader=1 trust=1.00 susp=0.00 cov=16.7%/100.0%
[FAULT] BAD_LEADER mode activated - will send bad assignments
[BAD_LEADER] Sending 5 robots to EXPLORED cells: [(1937.5, 437.5), (687.5, 687.5), (1687.5, 62.5)]...
[BAD_LEADER] Sending 5 robots to EXPLORED cells: [(1062.5, 1312.5), (187.5, 562.5), (1812.5, 437.5)]...
[BAD_LEADER] Sending 5 robots to EXPLORED cells: [(187.5, 312.5), (1062.5, 1437.5), (1812.5, 1187.5)]...
[BAD_LEADER] Sending 5 robots to EXPLORED cells: [(1312.5, 62.5), (812.5, 812.5), (1812.5, 1062.5)]...
[BAD_LEADER] Sending 5 robots to EXPLORED cells: [(187.5, 1312.5), (1812.5, 312.5), (1062.5, 937.5)]...
[BAD_LEADER] Sending 5 robots to EXPLORED cells: [(937.5, 812.5), (437.5, 1437.5), (437.5, 62.5)]...
[BAD_LEADER] Sending 5 robots to EXPLORED cells: [(812.5, 562.5), (687.5, 312.5), (562.5, 812.5)]...
[BAD_LEADER] Sending 5 robots to EXPLORED cells: [(1937.5, 812.5), (937.5, 312.5), (1062.5, 437.5)]...
[BAD_LEADER] Sending 5 robots to EXPLORED cells: [(1187.5, 1062.5), (1187.5, 1062.5), (1812.5, 1312.5)]...
[BAD_LEADER] Sending 5 robots to EXPLORED cells: [(687.5, 1312.5), (562.5, 187.5), (312.5, 1187.5)]...
[R1] pos=(749,1018) state=leader leader=1 trust=1.00 susp=0.00 cov=19.3%/100.0%
[BAD_LEADER] Sending 5 robots to EXPLORED cells: [(1187.5, 562.5), (687.5, 1187.5), (1187.5, 937.5)]...
[BAD_LEADER] Sending 5 robots to EXPLORED cells: [(562.5, 437.5), (1812.5, 187.5), (812.5, 937.5)]...
[BAD_LEADER] Sending 5 robots to EXPLORED cells: [(562.5, 687.5), (1312.5, 312.5), (187.5, 937.5)]...
[BAD_LEADER] Sending 5 robots to EXPLORED cells: [(312.5, 812.5), (1687.5, 187.5), (812.5, 1312.5)]...
[BAD_LEADER] Sending 5 robots to EXPLORED cells: [(562.5, 1437.5), (1312.5, 312.5), (1062.5, 562.5)]...
[BAD_LEADER] Sending 5 robots to EXPLORED cells: [(1187.5, 1312.5), (1187.5, 312.5), (812.5, 1312.5)]...
[BAD_LEADER] Sending 5 robots to EXPLORED cells: [(812.5, 562.5), (437.5, 62.5), (312.5, 812.5)]...
[BAD_LEADER] Sending 5 robots to EXPLORED cells: [(1812.5, 1437.5), (62.5, 812.5), (687.5, 437.5)]...
[BAD_LEADER] Sending 5 robots to EXPLORED cells: [(1312.5, 187.5), (1437.5, 437.5), (687.5, 1312.5)]...
[BAD_LEADER] Sending 5 robots to EXPLORED cells: [(687.5, 687.5), (1437.5, 812.5), (562.5, 812.5)]...
[R1] pos=(833,969) state=leader leader=1 trust=1.00 susp=0.00 cov=21.9%/100.0%
[BAD_LEADER] Sending 5 robots to EXPLORED cells: [(1937.5, 937.5), (1687.5, 687.5), (1812.5, 187.5)]...
[BAD_LEADER] Sending 5 robots to EXPLORED cells: [(937.5, 437.5), (1562.5, 1312.5), (562.5, 62.5)]...
[BAD_LEADER] Sending 5 robots to EXPLORED cells: [(1437.5, 812.5), (812.5, 562.5), (1937.5, 937.5)]...
[BAD_LEADER] Sending 5 robots to EXPLORED cells: [(1312.5, 937.5), (937.5, 937.5), (1812.5, 937.5)]...
[BAD_LEADER] Sending 5 robots to EXPLORED cells: [(1562.5, 1312.5), (1062.5, 937.5), (1812.5, 187.5)]...
[BAD_LEADER] Sending 5 robots to EXPLORED cells: [(812.5, 437.5), (687.5, 812.5), (937.5, 312.5)]...
[BAD_LEADER] Sending 5 robots to EXPLORED cells: [(187.5, 1437.5), (1687.5, 1437.5), (1687.5, 937.5)]...
[BAD_LEADER] Sending 5 robots to EXPLORED cells: [(1812.5, 562.5), (562.5, 1187.5), (1062.5, 62.5)]...
[BAD_LEADER] Sending 5 robots to EXPLORED cells: [(1937.5, 1062.5), (1187.5, 1437.5), (1312.5, 1437.5)]...
[R1] pos=(1019,853) state=leader leader=1 trust=1.00 susp=0.00 cov=25.5%/100.0%
[BAD_LEADER] Sending 5 robots to EXPLORED cells: [(1937.5, 1312.5), (1937.5, 1312.5), (562.5, 1187.5)]...
[BAD_LEADER] Sending 5 robots to EXPLORED cells: [(937.5, 1437.5), (1062.5, 62.5), (1937.5, 562.5)]...
[BAD_LEADER] Sending 5 robots to EXPLORED cells: [(187.5, 187.5), (1937.5, 1312.5), (562.5, 187.5)]...
[BAD_LEADER] Sending 5 robots to EXPLORED cells: [(562.5, 437.5), (312.5, 687.5), (1187.5, 62.5)]...
[BAD_LEADER] Sending 5 robots to EXPLORED cells: [(1437.5, 312.5), (1062.5, 187.5), (187.5, 812.5)]...
[BAD_LEADER] Sending 5 robots to EXPLORED cells: [(1562.5, 812.5), (312.5, 62.5), (1937.5, 437.5)]...
[BAD_LEADER] Sending 5 robots to EXPLORED cells: [(937.5, 937.5), (1937.5, 937.5), (562.5, 937.5)]...
[BAD_LEADER] Sending 5 robots to EXPLORED cells: [(562.5, 812.5), (687.5, 1312.5), (1562.5, 312.5)]...
[BAD_LEADER] Sending 5 robots to EXPLORED cells: [(187.5, 437.5), (1187.5, 687.5), (1187.5, 1312.5)]...
[BAD_LEADER] Sending 5 robots to EXPLORED cells: [(1312.5, 1187.5), (187.5, 687.5), (687.5, 1312.5)]...
[ELECTION] New leader: 2
[R1] pos=(1039,828) state=follower leader=2 trust=1.00 susp=0.00 cov=26.6%/100.0%
[R1] pos=(355,514) state=follower leader=2 trust=1.00 susp=0.00 cov=27.6%/100.0%
[R1] pos=(128,410) state=follower leader=2 trust=1.00 susp=0.00 cov=28.1%/100.0%
[R1] pos=(220,452) state=follower leader=2 trust=1.00 susp=0.00 cov=28.1%/100.0%
[R1] pos=(220,452) state=follower leader=2 trust=1.00 susp=0.00 cov=28.1%/100.0%
[R1] pos=(220,452) state=follower leader=2 trust=1.00 susp=0.00 cov=28.1%/100.0%
[R1] pos=(220,452) state=follower leader=2 trust=1.00 susp=0.00 cov=28.1%/100.0%
[R1] pos=(220,452) state=follower leader=2 trust=1.00 susp=0.00 cov=28.1%/100.0%
[R1] pos=(107,400) state=follower leader=2 trust=1.00 susp=0.00 cov=28.6%/100.0%
[R1] pos=(220,452) state=follower leader=2 trust=1.00 susp=0.00 cov=28.6%/100.0%
[R1] pos=(220,452) state=follower leader=2 trust=1.00 susp=0.00 cov=28.6%/100.0%
[R1] pos=(220,452) state=follower leader=2 trust=1.00 susp=0.00 cov=28.6%/100.0%
[R1] pos=(220,452) state=follower leader=2 trust=1.00 susp=0.00 cov=28.6%/100.0%
[R1] pos=(220,452) state=follower leader=2 trust=1.00 susp=0.00 cov=28.6%/100.0%
[R1] pos=(220,452) state=follower leader=2 trust=1.00 susp=0.00 cov=28.6%/100.0%
[R1] pos=(220,452) state=follower leader=2 trust=1.00 susp=0.00 cov=28.6%/100.0%
[R1] pos=(220,452) state=follower leader=2 trust=1.00 susp=0.00 cov=28.6%/100.0%
[R1] pos=(220,452) state=follower leader=2 trust=1.00 susp=0.00 cov=28.6%/100.0%
[R1] pos=(234,459) state=follower leader=2 trust=1.00 susp=0.00 cov=28.6%/100.0%
[R1] pos=(218,451) state=follower leader=2 trust=1.00 susp=0.00 cov=28.6%/100.0%
[R1] pos=(134,413) state=follower leader=2 trust=1.00 susp=0.00 cov=28.6%/100.0%
[R1] pos=(152,421) state=follower leader=2 trust=1.00 susp=0.00 cov=29.2%/100.0%
[R1] pos=(226,455) state=follower leader=2 trust=1.00 susp=0.00 cov=29.2%/100.0%
[R1] pos=(240,462) state=follower leader=2 trust=1.00 susp=0.00 cov=29.2%/100.0%
[R1] pos=(228,456) state=follower leader=2 trust=1.00 susp=0.00 cov=29.2%/100.0%
[R1] pos=(248,465) state=follower leader=2 trust=1.00 susp=0.00 cov=29.2%/100.0%
[R1] pos=(136,414) state=follower leader=2 trust=1.00 susp=0.00 cov=29.2%/100.0%
[R1] pos=(117,405) state=follower leader=2 trust=1.00 susp=0.00 cov=29.2%/100.0%
[R1] pos=(149,420) state=follower leader=2 trust=1.00 susp=0.00 cov=29.2%/100.0%
[R1] pos=(252,467) state=follower leader=2 trust=1.00 susp=0.00 cov=29.2%/100.0%
[R1] pos=(181,435) state=follower leader=2 trust=1.00 susp=0.00 cov=29.2%/100.0%
[R1] pos=(181,435) state=follower leader=2 trust=1.00 susp=0.00 cov=29.2%/100.0%
[R1] pos=(181,435) state=follower leader=2 trust=1.00 susp=0.00 cov=29.2%/100.0%
[R1] pos=(181,435) state=follower leader=2 trust=1.00 susp=0.00 cov=29.2%/100.0%
[R1] pos=(181,435) state=follower leader=2 trust=1.00 susp=0.00 cov=29.2%/100.0%
[R1] pos=(181,435) state=follower leader=2 trust=1.00 susp=0.00 cov=29.2%/100.0%
[R1] pos=(181,435) state=follower leader=2 trust=1.00 susp=0.00 cov=29.2%/100.0%
[R1] pos=(181,435) state=follower leader=2 trust=1.00 susp=0.00 cov=29.2%/100.0%
[R1] pos=(181,435) state=follower leader=2 trust=1.00 susp=0.00 cov=29.2%/100.0%
[R1] pos=(181,435) state=follower leader=2 trust=1.00 susp=0.00 cov=29.2%/100.0%
[R1] pos=(181,435) state=follower leader=2 trust=1.00 susp=0.00 cov=29.2%/100.0%
[R1] pos=(181,435) state=follower leader=2 trust=1.00 susp=0.00 cov=29.2%/100.0%
[R1] pos=(181,435) state=follower leader=2 trust=1.00 susp=0.00 cov=29.2%/100.0%
[R1] pos=(181,435) state=follower leader=2 trust=1.00 susp=0.00 cov=29.2%/100.0%
[R1] pos=(181,435) state=follower leader=2 trust=1.00 susp=0.00 cov=29.2%/100.0%
[R1] pos=(181,435) state=follower leader=2 trust=1.00 susp=0.00 cov=29.2%/100.0%
[R1] pos=(181,435) state=follower leader=2 trust=1.00 susp=0.00 cov=29.2%/100.0%
[R1] pos=(181,435) state=follower leader=2 trust=1.00 susp=0.00 cov=29.2%/100.0%
[R1] pos=(181,435) state=follower leader=2 trust=1.00 susp=0.00 cov=29.2%/100.0%
[R1] pos=(181,435) state=follower leader=2 trust=1.00 susp=0.00 cov=29.2%/100.0%
[R1] pos=(181,435) state=follower leader=2 trust=1.00 susp=0.00 cov=29.2%/100.0%
[R1] pos=(181,435) state=follower leader=2 trust=1.00 susp=0.00 cov=29.2%/100.0%
[R1] pos=(181,435) state=follower leader=2 trust=1.00 susp=0.00 cov=29.2%/100.0%
[R1] pos=(181,435) state=follower leader=2 trust=1.00 susp=0.00 cov=29.2%/100.0%
[R1] pos=(181,435) state=follower leader=2 trust=1.00 susp=0.00 cov=29.2%/100.0%
[R1] pos=(181,435) state=follower leader=2 trust=1.00 susp=0.00 cov=29.2%/100.0%
[R1] pos=(181,435) state=follower leader=2 trust=1.00 susp=0.00 cov=29.2%/100.0%
[R1] pos=(181,435) state=follower leader=2 trust=1.00 susp=0.00 cov=29.2%/100.0%
[R1] pos=(181,435) state=follower leader=2 trust=1.00 susp=0.00 cov=29.2%/100.0%
[R1] pos=(181,435) state=follower leader=2 trust=1.00 susp=0.00 cov=29.2%/100.0%
[R1] pos=(181,435) state=follower leader=2 trust=1.00 susp=0.00 cov=29.2%/100.0%
[R1] pos=(181,435) state=follower leader=2 trust=1.00 susp=0.00 cov=29.2%/100.0%
[R1] pos=(181,435) state=follower leader=2 trust=1.00 susp=0.00 cov=29.2%/100.0%
[R1] pos=(181,435) state=follower leader=2 trust=1.00 susp=0.00 cov=29.2%/100.0%
