[WARN] Hardware modules not available - simulation mode
=== RAFT Baseline - Robot 2 [SIM] ===
NO TRUST. Heartbeat timeout only.

  Logging to: logs/raft_2_20260226_204250.jsonl
Initializing hardware...
  Hardware: SIMULATED
[INFO] Position socket listening on port 12102
[INFO] Peer socket listening on port 12202
[INFO] Fault socket listening on port 12302
Ready!

Running RAFT baseline... Press Ctrl+C to stop

[R2] state=follower leader=None term=0 cov=0.0%/0.0%
[R2] state=follower leader=1 term=1 cov=0.5%/0.5%
[R2] state=follower leader=1 term=1 cov=2.6%/12.5%
[R2] state=follower leader=1 term=1 cov=5.2%/20.8%
[R2] state=follower leader=1 term=1 cov=8.3%/28.6%
[R2] state=follower leader=1 term=1 cov=11.5%/35.9%
[R2] state=follower leader=1 term=1 cov=12.0%/40.1%
[R2] state=follower leader=1 term=1 cov=12.0%/45.8%
[R2] state=follower leader=1 term=1 cov=12.0%/49.0%
[R2] state=follower leader=1 term=1 cov=12.0%/50.0%
[R2] state=follower leader=1 term=1 cov=12.0%/52.1%
[R2] state=follower leader=1 term=1 cov=12.0%/54.2%
[R2] state=follower leader=1 term=1 cov=12.0%/57.3%
[R2] state=follower leader=1 term=1 cov=12.0%/62.0%
[R2] state=follower leader=1 term=1 cov=12.0%/66.7%
[R2] state=follower leader=1 term=1 cov=12.0%/71.9%
[R2] state=follower leader=1 term=1 cov=12.0%/76.0%
[R2] state=follower leader=1 term=1 cov=12.0%/79.7%
[R2] state=follower leader=1 term=1 cov=12.0%/86.5%
[R2] state=follower leader=1 term=1 cov=12.0%/91.1%
[R2] state=follower leader=1 term=1 cov=12.5%/93.8%
[R2] state=follower leader=1 term=1 cov=14.1%/96.4%
[R2] state=follower leader=1 term=1 cov=14.6%/98.4%
[R2] state=follower leader=1 term=1 cov=14.6%/100.0%
[R2] state=follower leader=1 term=1 cov=15.1%/100.0%
[R2] state=follower leader=1 term=1 cov=15.1%/100.0%
[R2] state=follower leader=1 term=1 cov=15.1%/100.0%
[R2] state=follower leader=1 term=1 cov=15.1%/100.0%
[R2] state=follower leader=1 term=1 cov=15.1%/100.0%
[R2] state=follower leader=1 term=1 cov=15.1%/100.0%
[R2] state=follower leader=1 term=1 cov=15.1%/100.0%
[R2] state=follower leader=1 term=1 cov=15.1%/100.0%
[R2] state=follower leader=1 term=1 cov=15.1%/100.0%
[R2] state=follower leader=1 term=1 cov=15.1%/100.0%
[R2] state=follower leader=1 term=1 cov=15.1%/100.0%
[R2] state=follower leader=1 term=1 cov=15.1%/100.0%
[R2] state=follower leader=1 term=1 cov=15.1%/100.0%
[R2] state=follower leader=1 term=1 cov=15.1%/100.0%
[R2] state=follower leader=1 term=1 cov=15.1%/100.0%
[R2] state=follower leader=1 term=1 cov=15.1%/100.0%
[R2] state=follower leader=1 term=1 cov=15.1%/100.0%
[R2] state=follower leader=1 term=1 cov=15.1%/100.0%
[R2] state=follower leader=1 term=1 cov=15.1%/100.0%
[R2] state=follower leader=1 term=1 cov=15.1%/100.0%
[R2] state=follower leader=1 term=1 cov=15.1%/100.0%
[R2] state=follower leader=1 term=1 cov=15.1%/100.0%
[R2] state=follower leader=1 term=1 cov=15.1%/100.0%
[R2] state=follower leader=1 term=1 cov=15.1%/100.0%
[R2] state=follower leader=1 term=1 cov=15.1%/100.0%
[R2] state=follower leader=1 term=1 cov=15.1%/100.0%
[R2] state=follower leader=1 term=1 cov=15.1%/100.0%
[R2] state=follower leader=1 term=1 cov=15.1%/100.0%
[R2] state=follower leader=1 term=1 cov=15.1%/100.0%
[R2] state=follower leader=1 term=1 cov=15.1%/100.0%
[R2] state=follower leader=1 term=1 cov=15.1%/100.0%
[R2] state=follower leader=1 term=1 cov=15.1%/100.0%
[R2] state=follower leader=1 term=1 cov=15.1%/100.0%
[R2] state=follower leader=1 term=1 cov=15.1%/100.0%
[R2] state=follower leader=1 term=1 cov=15.1%/100.0%
[R2] state=follower leader=1 term=1 cov=15.1%/100.0%
[R2] state=follower leader=1 term=1 cov=15.1%/100.0%
[R2] state=follower leader=1 term=1 cov=15.1%/100.0%
