[WARN] Hardware modules not available - simulation mode
=== RAFT Baseline - Robot 4 [SIM] ===
NO TRUST. Heartbeat timeout only.

  Logging to: logs/raft_4_20260226_212650.jsonl
Initializing hardware...
  Hardware: SIMULATED
[INFO] Position socket listening on port 13104
[INFO] Peer socket listening on port 13204
[INFO] Fault socket listening on port 13304
Ready!

Running RAFT baseline... Press Ctrl+C to stop

[R4] state=follower leader=None term=0 cov=0.0%/0.0%
[R4] state=follower leader=1 term=1 cov=0.5%/0.5%
[R4] state=follower leader=1 term=1 cov=2.6%/13.0%
[R4] state=follower leader=1 term=1 cov=4.7%/22.4%
[R4] state=follower leader=1 term=1 cov=5.7%/29.2%
[R4] state=follower leader=1 term=1 cov=8.9%/42.2%
[R4] state=follower leader=1 term=1 cov=10.9%/50.0%
[R4] state=follower leader=1 term=1 cov=11.5%/53.1%
[R4] state=follower leader=1 term=1 cov=11.5%/53.1%
[R4] state=follower leader=1 term=1 cov=11.5%/53.1%
[R4] state=follower leader=1 term=1 cov=11.5%/53.1%
[R4] state=follower leader=1 term=1 cov=11.5%/53.1%
[R4] state=follower leader=1 term=1 cov=11.5%/53.1%
[R4] state=follower leader=1 term=1 cov=11.5%/53.1%
[R4] state=follower leader=1 term=1 cov=11.5%/53.1%
[R4] state=follower leader=1 term=1 cov=11.5%/53.1%
[R4] state=follower leader=1 term=1 cov=11.5%/53.1%
[R4] state=follower leader=1 term=1 cov=11.5%/53.1%
[R4] state=follower leader=1 term=1 cov=11.5%/53.1%
[R4] state=follower leader=1 term=1 cov=11.5%/53.1%
[R4] state=follower leader=1 term=1 cov=11.5%/53.1%
[R4] state=follower leader=1 term=1 cov=11.5%/53.1%
[R4] state=follower leader=1 term=1 cov=11.5%/53.1%
[R4] state=follower leader=1 term=1 cov=11.5%/53.1%
[R4] state=follower leader=1 term=1 cov=11.5%/53.1%
[R4] state=follower leader=1 term=1 cov=11.5%/53.1%
[R4] state=follower leader=1 term=1 cov=11.5%/53.1%
[R4] state=follower leader=1 term=1 cov=11.5%/53.1%
[R4] state=follower leader=1 term=1 cov=11.5%/53.1%
[R4] state=follower leader=1 term=1 cov=11.5%/53.1%
[R4] state=follower leader=1 term=1 cov=11.5%/53.1%
[R4] state=follower leader=1 term=1 cov=11.5%/53.1%
[R4] state=follower leader=1 term=1 cov=11.5%/53.1%
[R4] state=follower leader=1 term=1 cov=11.5%/53.1%
[R4] state=follower leader=1 term=1 cov=11.5%/53.1%
[R4] state=follower leader=1 term=1 cov=11.5%/53.1%
[R4] state=follower leader=1 term=1 cov=11.5%/53.1%
[R4] state=follower leader=1 term=1 cov=11.5%/53.1%
[R4] state=follower leader=1 term=1 cov=11.5%/53.1%
[R4] state=follower leader=1 term=1 cov=11.5%/53.1%
[R4] state=follower leader=1 term=1 cov=11.5%/53.1%
[R4] state=follower leader=1 term=1 cov=11.5%/53.1%
[R4] state=follower leader=1 term=1 cov=11.5%/53.1%
[R4] state=follower leader=1 term=1 cov=11.5%/53.1%
[R4] state=follower leader=1 term=1 cov=11.5%/53.1%
[R4] state=follower leader=1 term=1 cov=11.5%/53.1%
[R4] state=follower leader=1 term=1 cov=11.5%/53.1%
[R4] state=follower leader=1 term=1 cov=11.5%/53.1%
[R4] state=follower leader=1 term=1 cov=11.5%/53.1%
[R4] state=follower leader=1 term=1 cov=11.5%/53.1%
[R4] state=follower leader=1 term=1 cov=11.5%/53.1%
[R4] state=follower leader=1 term=1 cov=11.5%/53.1%
[R4] state=follower leader=1 term=1 cov=11.5%/53.1%
[R4] state=follower leader=1 term=1 cov=11.5%/53.1%
[R4] state=follower leader=1 term=1 cov=11.5%/53.1%
[R4] state=follower leader=1 term=1 cov=11.5%/53.1%
[R4] state=follower leader=1 term=1 cov=11.5%/53.1%
[R4] state=follower leader=1 term=1 cov=11.5%/53.1%
[R4] state=follower leader=1 term=1 cov=11.5%/53.1%
[R4] state=follower leader=1 term=1 cov=11.5%/53.1%
[R4] state=follower leader=1 term=1 cov=11.5%/53.1%
