[WARN] Hardware modules not available - running in simulation mode
=== REIP Node - Robot 5 [SIM (unique ports)] ===
Trust Model: Three-tier confidence-weighted
  Personal: 1.0, ToF: 1.0, Peer: 0.3
  Suspicion threshold: 1.5, Recovery: 0.1

  Logging to: logs/robot_5_20260226_212931.jsonl
Initializing hardware...
  Hardware: SIMULATED
[INFO] Position socket listening on port 10105
[INFO] Peer socket listening on port 10205
[INFO] Fault socket listening on port 10305
Ready!

=== DECENTRALIZED MODE - No leader coordination ===
=== Detection Bounds: T1=2 cmds, T3=8 cmds | Impeachment: T1=8 cmds, T3=32 cmds ===
Running... Press Ctrl+C to stop

[R5] pos=(0,0) state=exploring leader=None trust=1.00 susp=0.00 cov=0.0%/0.0%
[R5] pos=(450,1097) state=exploring leader=None trust=1.00 susp=0.00 cov=0.5%/0.5%
[R5] pos=(75,661) state=exploring leader=None trust=1.00 susp=0.00 cov=3.6%/15.1%
[R5] pos=(359,1185) state=exploring leader=None trust=1.00 susp=0.00 cov=7.8%/24.5%
[R5] pos=(285,1425) state=exploring leader=None trust=1.00 susp=0.00 cov=10.9%/32.3%
[R5] pos=(688,1009) state=exploring leader=None trust=1.00 susp=0.00 cov=14.6%/42.2%
[R5] pos=(883,540) state=exploring leader=None trust=1.00 susp=0.00 cov=18.2%/47.9%
[R5] pos=(883,196) state=exploring leader=None trust=1.00 susp=0.00 cov=19.8%/49.5%
[R5] pos=(884,269) state=exploring leader=None trust=1.00 susp=0.00 cov=19.8%/54.2%
[R5] pos=(884,189) state=exploring leader=None trust=1.00 susp=0.00 cov=19.8%/58.3%
[R5] pos=(884,75) state=exploring leader=None trust=1.00 susp=0.00 cov=20.3%/60.9%
[R5] pos=(884,241) state=exploring leader=None trust=1.00 susp=0.00 cov=20.3%/65.1%
[R5] pos=(884,465) state=exploring leader=None trust=1.00 susp=0.00 cov=20.3%/69.3%
[R5] pos=(884,633) state=exploring leader=None trust=1.00 susp=0.00 cov=20.3%/71.9%
[R5] pos=(884,1121) state=exploring leader=None trust=1.00 susp=0.00 cov=20.8%/72.9%
[R5] pos=(884,1206) state=exploring leader=None trust=1.00 susp=0.00 cov=21.4%/77.6%
[R5] pos=(884,888) state=exploring leader=None trust=1.00 susp=0.00 cov=21.4%/81.2%
[R5] pos=(884,1002) state=exploring leader=None trust=1.00 susp=0.00 cov=21.4%/82.3%
[R5] pos=(884,1045) state=exploring leader=None trust=1.00 susp=0.00 cov=21.4%/85.9%
[R5] pos=(884,1058) state=exploring leader=None trust=1.00 susp=0.00 cov=21.4%/88.5%
[R5] pos=(883,1100) state=exploring leader=None trust=1.00 susp=0.00 cov=21.4%/91.1%
[R5] pos=(883,1073) state=exploring leader=None trust=1.00 susp=0.00 cov=21.4%/94.8%
[R5] pos=(883,1002) state=exploring leader=None trust=1.00 susp=0.00 cov=21.4%/96.9%
[R5] pos=(883,962) state=exploring leader=None trust=1.00 susp=0.00 cov=21.4%/99.5%
[R5] pos=(883,946) state=exploring leader=None trust=1.00 susp=0.00 cov=21.4%/100.0%
[R5] pos=(884,1015) state=exploring leader=None trust=1.00 susp=0.00 cov=21.4%/100.0%
[R5] pos=(884,968) state=exploring leader=None trust=1.00 susp=0.00 cov=21.4%/100.0%
[R5] pos=(884,948) state=exploring leader=None trust=1.00 susp=0.00 cov=21.4%/100.0%
[R5] pos=(883,851) state=exploring leader=None trust=1.00 susp=0.00 cov=21.4%/100.0%
[R5] pos=(883,903) state=exploring leader=None trust=1.00 susp=0.00 cov=21.4%/100.0%
[R5] pos=(883,925) state=exploring leader=None trust=1.00 susp=0.00 cov=21.4%/100.0%
[R5] pos=(883,933) state=exploring leader=None trust=1.00 susp=0.00 cov=21.4%/100.0%
[R5] pos=(883,979) state=exploring leader=None trust=1.00 susp=0.00 cov=21.4%/100.0%
[R5] pos=(883,952) state=exploring leader=None trust=1.00 susp=0.00 cov=21.4%/100.0%
[R5] pos=(883,943) state=exploring leader=None trust=1.00 susp=0.00 cov=21.4%/100.0%
[R5] pos=(883,984) state=exploring leader=None trust=1.00 susp=0.00 cov=21.4%/100.0%
[R5] pos=(883,954) state=exploring leader=None trust=1.00 susp=0.00 cov=21.4%/100.0%
[R5] pos=(883,944) state=exploring leader=None trust=1.00 susp=0.00 cov=21.4%/100.0%
[R5] pos=(883,881) state=exploring leader=None trust=1.00 susp=0.00 cov=21.4%/100.0%
[R5] pos=(883,915) state=exploring leader=None trust=1.00 susp=0.00 cov=21.4%/100.0%
[R5] pos=(883,930) state=exploring leader=None trust=1.00 susp=0.00 cov=21.4%/100.0%
[R5] pos=(882,1001) state=exploring leader=None trust=1.00 susp=0.00 cov=21.4%/100.0%
[R5] pos=(882,960) state=exploring leader=None trust=1.00 susp=0.00 cov=21.4%/100.0%
[R5] pos=(882,946) state=exploring leader=None trust=1.00 susp=0.00 cov=21.4%/100.0%
[R5] pos=(882,878) state=exploring leader=None trust=1.00 susp=0.00 cov=21.4%/100.0%
[R5] pos=(882,917) state=exploring leader=None trust=1.00 susp=0.00 cov=21.4%/100.0%
[R5] pos=(882,929) state=exploring leader=None trust=1.00 susp=0.00 cov=21.4%/100.0%
[R5] pos=(881,1000) state=exploring leader=None trust=1.00 susp=0.00 cov=21.4%/100.0%
[R5] pos=(881,962) state=exploring leader=None trust=1.00 susp=0.00 cov=21.4%/100.0%
[R5] pos=(881,946) state=exploring leader=None trust=1.00 susp=0.00 cov=21.4%/100.0%
[R5] pos=(882,1008) state=exploring leader=None trust=1.00 susp=0.00 cov=21.4%/100.0%
[R5] pos=(882,965) state=exploring leader=None trust=1.00 susp=0.00 cov=21.4%/100.0%
[R5] pos=(882,947) state=exploring leader=None trust=1.00 susp=0.00 cov=21.4%/100.0%
[R5] pos=(881,859) state=exploring leader=None trust=1.00 susp=0.00 cov=21.4%/100.0%
[R5] pos=(881,907) state=exploring leader=None trust=1.00 susp=0.00 cov=21.4%/100.0%
[R5] pos=(881,927) state=exploring leader=None trust=1.00 susp=0.00 cov=21.4%/100.0%
[R5] pos=(881,1035) state=exploring leader=None trust=1.00 susp=0.00 cov=21.4%/100.0%
[R5] pos=(881,972) state=exploring leader=None trust=1.00 susp=0.00 cov=21.4%/100.0%
[R5] pos=(881,950) state=exploring leader=None trust=1.00 susp=0.00 cov=21.4%/100.0%
[R5] pos=(881,948) state=exploring leader=None trust=1.00 susp=0.00 cov=21.4%/100.0%
[R5] pos=(881,948) state=exploring leader=None trust=1.00 susp=0.00 cov=21.4%/100.0%
[R5] pos=(881,945) state=exploring leader=None trust=1.00 susp=0.00 cov=21.4%/100.0%
