[WARN] Hardware modules not available - running in simulation mode
=== REIP Node - Robot 1 [SIM (unique ports)] ===
Trust Model: Three-tier confidence-weighted
  Personal: 1.0, ToF: 1.0, Peer: 0.3
  Suspicion threshold: 1.5, Recovery: 0.1

  Logging to: logs/robot_1_20260227_174854.jsonl
Initializing hardware...
  Hardware: SIMULATED
[INFO] Position socket listening on port 5101
[INFO] Peer socket listening on port 5201
[INFO] Fault socket listening on port 5301
Ready!

=== DECENTRALIZED MODE - No leader coordination ===
=== Detection Bounds: T1=2 cmds, T3=8 cmds | Impeachment: T1=8 cmds, T3=32 cmds ===
Running... Press Ctrl+C to stop

[R1] pos=(0,0) state=exploring leader=None trust=1.00 susp=0.00 cov=0.0%/0.0%
[R1] pos=(694,954) state=exploring leader=None trust=1.00 susp=0.00 cov=0.5%/0.5%
[R1] pos=(170,938) state=exploring leader=None trust=1.00 susp=0.00 cov=2.6%/10.4%
[R1] pos=(405,812) state=exploring leader=None trust=1.00 susp=0.00 cov=5.2%/18.2%
[R1] pos=(687,479) state=exploring leader=None trust=1.00 susp=0.00 cov=7.8%/24.5%
[R1] pos=(925,325) state=exploring leader=None trust=1.00 susp=0.00 cov=9.4%/30.7%
[R1] pos=(923,318) state=exploring leader=None trust=1.00 susp=0.00 cov=9.4%/32.8%
[FAULT] OSCILLATE_LEADER mode activated - will flip-flop targets
[R1] pos=(921,307) state=exploring leader=None trust=1.00 susp=0.00 cov=9.4%/36.5%
[R1] pos=(921,306) state=exploring leader=None trust=1.00 susp=0.00 cov=9.4%/41.1%
[R1] pos=(921,303) state=exploring leader=None trust=1.00 susp=0.00 cov=9.4%/45.3%
[R1] pos=(921,300) state=exploring leader=None trust=1.00 susp=0.00 cov=9.4%/47.9%
[R1] pos=(921,317) state=exploring leader=None trust=1.00 susp=0.00 cov=9.4%/49.0%
[R1] pos=(922,322) state=exploring leader=None trust=1.00 susp=0.00 cov=9.4%/51.0%
[R1] pos=(921,304) state=exploring leader=None trust=1.00 susp=0.00 cov=9.4%/51.0%
[R1] pos=(922,334) state=exploring leader=None trust=1.00 susp=0.00 cov=9.4%/53.6%
[R1] pos=(922,321) state=exploring leader=None trust=1.00 susp=0.00 cov=9.4%/55.2%
[R1] pos=(922,321) state=exploring leader=None trust=1.00 susp=0.00 cov=9.4%/55.2%
[FAULT] OSCILLATE_LEADER mode activated - will flip-flop targets
[R1] pos=(922,321) state=exploring leader=None trust=1.00 susp=0.00 cov=9.4%/57.3%
[R1] pos=(920,324) state=exploring leader=None trust=1.00 susp=0.00 cov=9.4%/59.9%
[R1] pos=(918,304) state=exploring leader=None trust=1.00 susp=0.00 cov=9.4%/62.5%
[R1] pos=(918,304) state=exploring leader=None trust=1.00 susp=0.00 cov=9.4%/65.6%
[R1] pos=(918,304) state=exploring leader=None trust=1.00 susp=0.00 cov=9.4%/69.3%
[R1] pos=(917,321) state=exploring leader=None trust=1.00 susp=0.00 cov=9.4%/72.4%
[R1] pos=(918,328) state=exploring leader=None trust=1.00 susp=0.00 cov=9.4%/76.0%
[R1] pos=(918,556) state=exploring leader=None trust=1.00 susp=0.00 cov=9.9%/78.6%
[R1] pos=(918,643) state=exploring leader=None trust=1.00 susp=0.00 cov=10.4%/82.3%
[R1] pos=(918,638) state=exploring leader=None trust=1.00 susp=0.00 cov=10.4%/87.0%
[R1] pos=(917,736) state=exploring leader=None trust=1.00 susp=0.00 cov=10.4%/92.7%
[R1] pos=(917,730) state=exploring leader=None trust=1.00 susp=0.00 cov=10.4%/93.2%
[R1] pos=(917,730) state=exploring leader=None trust=1.00 susp=0.00 cov=10.4%/93.2%
[R1] pos=(917,730) state=exploring leader=None trust=1.00 susp=0.00 cov=10.4%/93.2%
[R1] pos=(917,730) state=exploring leader=None trust=1.00 susp=0.00 cov=10.4%/93.2%
[R1] pos=(917,730) state=exploring leader=None trust=1.00 susp=0.00 cov=10.4%/93.2%
[R1] pos=(917,730) state=exploring leader=None trust=1.00 susp=0.00 cov=10.4%/93.2%
[R1] pos=(917,730) state=exploring leader=None trust=1.00 susp=0.00 cov=10.4%/93.2%
[R1] pos=(917,717) state=exploring leader=None trust=1.00 susp=0.00 cov=10.4%/94.3%
[R1] pos=(916,633) state=exploring leader=None trust=1.00 susp=0.00 cov=10.4%/97.9%
[R1] pos=(915,697) state=exploring leader=None trust=1.00 susp=0.00 cov=10.4%/97.9%
[R1] pos=(914,742) state=exploring leader=None trust=1.00 susp=0.00 cov=10.4%/97.9%
[R1] pos=(913,678) state=exploring leader=None trust=1.00 susp=0.00 cov=10.4%/97.9%
[R1] pos=(912,666) state=exploring leader=None trust=1.00 susp=0.00 cov=10.4%/97.9%
[R1] pos=(911,711) state=exploring leader=None trust=1.00 susp=0.00 cov=10.4%/97.9%
[R1] pos=(925,694) state=exploring leader=None trust=1.00 susp=0.00 cov=10.4%/97.9%
[R1] pos=(923,742) state=exploring leader=None trust=1.00 susp=0.00 cov=10.4%/97.9%
[R1] pos=(922,694) state=exploring leader=None trust=1.00 susp=0.00 cov=10.4%/97.9%
[R1] pos=(921,721) state=exploring leader=None trust=1.00 susp=0.00 cov=10.4%/97.9%
[R1] pos=(921,736) state=exploring leader=None trust=1.00 susp=0.00 cov=10.4%/97.9%
[R1] pos=(920,679) state=exploring leader=None trust=1.00 susp=0.00 cov=10.4%/97.9%
[R1] pos=(919,665) state=exploring leader=None trust=1.00 susp=0.00 cov=10.4%/97.9%
[R1] pos=(919,665) state=exploring leader=None trust=1.00 susp=0.00 cov=10.4%/97.9%
[R1] pos=(919,665) state=exploring leader=None trust=1.00 susp=0.00 cov=10.4%/97.9%
[R1] pos=(919,665) state=exploring leader=None trust=1.00 susp=0.00 cov=10.4%/97.9%
[R1] pos=(919,665) state=exploring leader=None trust=1.00 susp=0.00 cov=10.4%/97.9%
[R1] pos=(919,665) state=exploring leader=None trust=1.00 susp=0.00 cov=10.4%/97.9%
[R1] pos=(919,665) state=exploring leader=None trust=1.00 susp=0.00 cov=10.4%/97.9%
[R1] pos=(919,681) state=exploring leader=None trust=1.00 susp=0.00 cov=10.4%/97.9%
[R1] pos=(918,721) state=exploring leader=None trust=1.00 susp=0.00 cov=10.4%/97.9%
[R1] pos=(916,697) state=exploring leader=None trust=1.00 susp=0.00 cov=10.4%/97.9%
[R1] pos=(915,721) state=exploring leader=None trust=1.00 susp=0.00 cov=10.4%/97.9%
[R1] pos=(916,719) state=exploring leader=None trust=1.00 susp=0.00 cov=10.4%/97.9%
[R1] pos=(916,727) state=exploring leader=None trust=1.00 susp=0.00 cov=10.9%/98.4%
