[WARN] Hardware modules not available - running in simulation mode
=== REIP Node - Robot 3 [SIM (unique ports)] ===
Trust Model: Three-tier confidence-weighted
  Personal: 1.0, ToF: 1.0, Peer: 0.3
  Suspicion threshold: 1.5, Recovery: 0.1

  Logging to: logs/robot_3_20260227_174854.jsonl
Initializing hardware...
  Hardware: SIMULATED
[INFO] Position socket listening on port 5103
[INFO] Peer socket listening on port 5203
[INFO] Fault socket listening on port 5303
Ready!

=== DECENTRALIZED MODE - No leader coordination ===
=== Detection Bounds: T1=2 cmds, T3=8 cmds | Impeachment: T1=8 cmds, T3=32 cmds ===
Running... Press Ctrl+C to stop

[R3] pos=(0,0) state=exploring leader=None trust=1.00 susp=0.00 cov=0.0%/0.0%
[R3] pos=(835,306) state=exploring leader=None trust=1.00 susp=0.00 cov=0.5%/0.5%
[R3] pos=(355,313) state=exploring leader=None trust=1.00 susp=0.00 cov=2.6%/10.4%
[R3] pos=(320,75) state=exploring leader=None trust=1.00 susp=0.00 cov=4.7%/18.2%
[R3] pos=(562,195) state=exploring leader=None trust=1.00 susp=0.00 cov=7.3%/24.5%
[R3] pos=(921,75) state=exploring leader=None trust=1.00 susp=0.00 cov=9.9%/30.7%
[R3] pos=(914,150) state=exploring leader=None trust=1.00 susp=0.00 cov=10.4%/32.8%
[R3] pos=(841,896) state=exploring leader=None trust=1.00 susp=0.00 cov=14.1%/36.5%
[R3] pos=(423,1187) state=exploring leader=None trust=1.00 susp=0.00 cov=16.7%/41.1%
[R3] pos=(740,1417) state=exploring leader=None trust=1.00 susp=0.00 cov=19.8%/45.3%
[R3] pos=(938,1253) state=exploring leader=None trust=1.00 susp=0.00 cov=21.4%/47.9%
[R3] pos=(1026,1283) state=exploring leader=None trust=1.00 susp=0.00 cov=21.9%/49.0%
[R3] pos=(1097,1181) state=exploring leader=None trust=1.00 susp=0.00 cov=23.4%/51.0%
[R3] pos=(1081,1178) state=exploring leader=None trust=1.00 susp=0.00 cov=23.4%/51.0%
[R3] pos=(1313,977) state=exploring leader=None trust=1.00 susp=0.00 cov=25.0%/53.6%
[R3] pos=(1089,803) state=exploring leader=None trust=1.00 susp=0.00 cov=26.6%/55.2%
[R3] pos=(1075,822) state=exploring leader=None trust=1.00 susp=0.00 cov=26.6%/55.2%
[R3] pos=(1076,807) state=exploring leader=None trust=1.00 susp=0.00 cov=26.6%/57.3%
[R3] pos=(1076,808) state=exploring leader=None trust=1.00 susp=0.00 cov=26.6%/59.9%
[R3] pos=(1076,803) state=exploring leader=None trust=1.00 susp=0.00 cov=26.6%/62.5%
[R3] pos=(1076,804) state=exploring leader=None trust=1.00 susp=0.00 cov=26.6%/65.6%
[R3] pos=(1076,818) state=exploring leader=None trust=1.00 susp=0.00 cov=26.6%/69.3%
[R3] pos=(1076,803) state=exploring leader=None trust=1.00 susp=0.00 cov=26.6%/72.4%
[R3] pos=(1077,807) state=exploring leader=None trust=1.00 susp=0.00 cov=26.6%/76.0%
[R3] pos=(1078,801) state=exploring leader=None trust=1.00 susp=0.00 cov=26.6%/78.6%
[R3] pos=(1077,817) state=exploring leader=None trust=1.00 susp=0.00 cov=26.6%/82.3%
[R3] pos=(1078,817) state=exploring leader=None trust=1.00 susp=0.00 cov=26.6%/87.0%
[R3] pos=(1077,803) state=exploring leader=None trust=1.00 susp=0.00 cov=26.6%/92.7%
[R3] pos=(1077,808) state=exploring leader=None trust=1.00 susp=0.00 cov=26.6%/93.2%
[R3] pos=(1077,808) state=exploring leader=None trust=1.00 susp=0.00 cov=26.6%/93.2%
[R3] pos=(1077,808) state=exploring leader=None trust=1.00 susp=0.00 cov=26.6%/93.2%
[R3] pos=(1077,808) state=exploring leader=None trust=1.00 susp=0.00 cov=26.6%/93.2%
[R3] pos=(1077,808) state=exploring leader=None trust=1.00 susp=0.00 cov=26.6%/93.2%
[R3] pos=(1077,808) state=exploring leader=None trust=1.00 susp=0.00 cov=26.6%/93.2%
[R3] pos=(1077,808) state=exploring leader=None trust=1.00 susp=0.00 cov=26.6%/93.2%
[R3] pos=(1077,831) state=exploring leader=None trust=1.00 susp=0.00 cov=26.6%/94.3%
[R3] pos=(1076,817) state=exploring leader=None trust=1.00 susp=0.00 cov=26.6%/97.9%
[R3] pos=(1076,824) state=exploring leader=None trust=1.00 susp=0.00 cov=26.6%/97.9%
[R3] pos=(1076,794) state=exploring leader=None trust=1.00 susp=0.00 cov=26.6%/97.9%
[R3] pos=(1077,807) state=exploring leader=None trust=1.00 susp=0.00 cov=26.6%/97.9%
[R3] pos=(1077,819) state=exploring leader=None trust=1.00 susp=0.00 cov=26.6%/97.9%
[R3] pos=(1076,817) state=exploring leader=None trust=1.00 susp=0.00 cov=26.6%/97.9%
[R3] pos=(1076,804) state=exploring leader=None trust=1.00 susp=0.00 cov=26.6%/97.9%
[R3] pos=(1076,831) state=exploring leader=None trust=1.00 susp=0.00 cov=26.6%/97.9%
[R3] pos=(1075,821) state=exploring leader=None trust=1.00 susp=0.00 cov=26.6%/97.9%
[R3] pos=(1075,822) state=exploring leader=None trust=1.00 susp=0.00 cov=26.6%/97.9%
[R3] pos=(1075,808) state=exploring leader=None trust=1.00 susp=0.00 cov=26.6%/97.9%
[R3] pos=(1075,808) state=exploring leader=None trust=1.00 susp=0.00 cov=26.6%/97.9%
[R3] pos=(1076,824) state=exploring leader=None trust=1.00 susp=0.00 cov=26.6%/97.9%
[R3] pos=(1076,824) state=exploring leader=None trust=1.00 susp=0.00 cov=26.6%/97.9%
[R3] pos=(1076,824) state=exploring leader=None trust=1.00 susp=0.00 cov=26.6%/97.9%
[R3] pos=(1076,824) state=exploring leader=None trust=1.00 susp=0.00 cov=26.6%/97.9%
[R3] pos=(1076,824) state=exploring leader=None trust=1.00 susp=0.00 cov=26.6%/97.9%
[R3] pos=(1076,824) state=exploring leader=None trust=1.00 susp=0.00 cov=26.6%/97.9%
[R3] pos=(1076,824) state=exploring leader=None trust=1.00 susp=0.00 cov=26.6%/97.9%
[R3] pos=(1076,822) state=exploring leader=None trust=1.00 susp=0.00 cov=26.6%/97.9%
[R3] pos=(1076,801) state=exploring leader=None trust=1.00 susp=0.00 cov=26.6%/97.9%
[R3] pos=(1077,818) state=exploring leader=None trust=1.00 susp=0.00 cov=26.6%/97.9%
[R3] pos=(1077,817) state=exploring leader=None trust=1.00 susp=0.00 cov=26.6%/97.9%
[R3] pos=(1076,804) state=exploring leader=None trust=1.00 susp=0.00 cov=26.6%/97.9%
[R3] pos=(1076,917) state=exploring leader=None trust=1.00 susp=0.00 cov=27.1%/98.4%
