[WARN] Hardware modules not available - simulation mode
=== RAFT Baseline - Robot 2 [SIM] ===
NO TRUST. Heartbeat timeout only.

  Logging to: logs/raft_2_20260226_192129.jsonl
Initializing hardware...
  Hardware: SIMULATED
[INFO] Position socket listening on port 9102
[INFO] Peer socket listening on port 9202
[INFO] Fault socket listening on port 9302
Ready!

Running RAFT baseline... Press Ctrl+C to stop

[R2] state=follower leader=None term=0 cov=0.0%/0.0%
[R2] state=follower leader=1 term=1 cov=0.5%/2.1%
[R2] state=follower leader=1 term=1 cov=2.1%/10.9%
[R2] state=follower leader=1 term=1 cov=4.2%/21.9%
[R2] state=follower leader=1 term=1 cov=6.8%/31.2%
[R2] state=follower leader=1 term=1 cov=9.9%/40.6%
[R2] state=follower leader=1 term=1 cov=13.0%/47.4%
[R2] state=follower leader=1 term=1 cov=13.5%/51.0%
[R2] state=follower leader=1 term=1 cov=13.5%/55.2%
[R2] state=follower leader=1 term=1 cov=13.5%/60.4%
[R2] state=follower leader=1 term=1 cov=14.1%/64.6%
[R2] state=follower leader=1 term=1 cov=14.1%/68.8%
[R2] state=follower leader=1 term=1 cov=14.1%/72.9%
[R2] state=follower leader=1 term=1 cov=14.1%/78.1%
[R2] state=follower leader=1 term=1 cov=14.1%/83.3%
[R2] state=follower leader=1 term=1 cov=14.1%/87.5%
[R2] state=follower leader=1 term=1 cov=14.1%/93.2%
[R2] state=follower leader=1 term=1 cov=15.1%/95.3%
[R2] state=follower leader=1 term=1 cov=15.1%/95.3%
[R2] state=follower leader=1 term=1 cov=15.6%/95.3%
[R2] state=follower leader=1 term=1 cov=15.6%/95.3%
[R2] state=follower leader=1 term=1 cov=15.6%/95.3%
[R2] state=follower leader=1 term=1 cov=15.6%/95.3%
[R2] state=follower leader=1 term=1 cov=15.6%/95.3%
[R2] state=follower leader=1 term=1 cov=15.6%/95.3%
[R2] state=follower leader=1 term=1 cov=15.6%/95.3%
[R2] state=follower leader=1 term=1 cov=15.6%/95.3%
[R2] state=follower leader=1 term=1 cov=15.6%/95.3%
[R2] state=follower leader=1 term=1 cov=15.6%/95.3%
[R2] state=follower leader=1 term=1 cov=15.6%/95.3%
[R2] state=follower leader=1 term=1 cov=15.6%/95.3%
[R2] state=follower leader=1 term=1 cov=15.6%/95.3%
[R2] state=follower leader=1 term=1 cov=15.6%/95.3%
[R2] state=follower leader=1 term=1 cov=15.6%/95.3%
[R2] state=follower leader=1 term=1 cov=15.6%/95.3%
[R2] state=follower leader=1 term=1 cov=15.6%/95.3%
[R2] state=follower leader=1 term=1 cov=15.6%/95.3%
[R2] state=follower leader=1 term=1 cov=15.6%/95.3%
[R2] state=follower leader=1 term=1 cov=15.6%/95.3%
[R2] state=follower leader=1 term=1 cov=15.6%/95.3%
[R2] state=follower leader=1 term=1 cov=15.6%/95.3%
[R2] state=follower leader=1 term=1 cov=15.6%/95.3%
[R2] state=follower leader=1 term=1 cov=15.6%/95.3%
[R2] state=follower leader=1 term=1 cov=15.6%/95.3%
[R2] state=follower leader=1 term=1 cov=15.6%/95.3%
[R2] state=follower leader=1 term=1 cov=15.6%/95.3%
[R2] state=follower leader=1 term=1 cov=15.6%/95.3%
[R2] state=follower leader=1 term=1 cov=15.6%/95.3%
[R2] state=follower leader=1 term=1 cov=15.6%/95.3%
[R2] state=follower leader=1 term=1 cov=15.6%/95.3%
[R2] state=follower leader=1 term=1 cov=15.6%/95.3%
[R2] state=follower leader=1 term=1 cov=15.6%/95.3%
[R2] state=follower leader=1 term=1 cov=15.6%/95.3%
[R2] state=follower leader=1 term=1 cov=15.6%/95.3%
[R2] state=follower leader=1 term=1 cov=15.6%/95.3%
[R2] state=follower leader=1 term=1 cov=15.6%/95.3%
[R2] state=follower leader=1 term=1 cov=15.6%/95.3%
[R2] state=follower leader=1 term=1 cov=15.6%/95.3%
[R2] state=follower leader=1 term=1 cov=15.6%/95.3%
[R2] state=follower leader=1 term=1 cov=15.6%/95.3%
[R2] state=follower leader=1 term=1 cov=15.6%/95.3%
