[WARN] Hardware modules not available - running in simulation mode
=== REIP Node - Robot 4 [SIM (unique ports)] ===
Trust Model: Three-tier confidence-weighted
  Personal: 1.0, ToF: 1.0, Peer: 0.3
  Suspicion threshold: 1.5, Recovery: 0.1

  Logging to: logs/robot_4_20260226_211818.jsonl
Initializing hardware...
  Hardware: SIMULATED
[INFO] Position socket listening on port 23104
[INFO] Peer socket listening on port 23204
[INFO] Fault socket listening on port 23304
Ready!

=== Detection Bounds: T1=2 cmds, T3=8 cmds | Impeachment: T1=8 cmds, T3=32 cmds ===
Running... Press Ctrl+C to stop

[ELECTION] New leader: 4
[R4] pos=(0,0) state=leader leader=4 trust=1.00 susp=0.00 cov=0.0%/0.0%
[ELECTION] New leader: 1
[R4] pos=(503,361) state=follower leader=1 trust=1.00 susp=0.00 cov=0.5%/2.6%
[R4] pos=(503,361) state=follower leader=1 trust=1.00 susp=0.00 cov=0.5%/2.6%
[R4] pos=(503,361) state=follower leader=1 trust=1.00 susp=0.00 cov=0.5%/2.6%
[R4] pos=(503,361) state=follower leader=1 trust=1.00 susp=0.00 cov=0.5%/2.6%
[R4] pos=(503,361) state=follower leader=1 trust=1.00 susp=0.00 cov=0.5%/2.6%
[R4] pos=(503,361) state=follower leader=1 trust=1.00 susp=0.00 cov=0.5%/2.6%
[R4] pos=(503,361) state=follower leader=1 trust=1.00 susp=0.00 cov=0.5%/2.6%
[R4] pos=(503,361) state=follower leader=1 trust=1.00 susp=0.00 cov=0.5%/2.6%
[R4] pos=(503,361) state=follower leader=1 trust=1.00 susp=0.00 cov=0.5%/2.6%
[R4] pos=(503,361) state=follower leader=1 trust=1.00 susp=0.00 cov=0.5%/2.6%
[R4] pos=(503,361) state=follower leader=1 trust=1.00 susp=0.00 cov=0.5%/2.6%
[R4] pos=(503,361) state=follower leader=1 trust=1.00 susp=0.00 cov=0.5%/2.6%
[R4] pos=(503,361) state=follower leader=1 trust=1.00 susp=0.00 cov=0.5%/2.6%
[TRUST] Bad command #1 (peer_reported): suspicion +0.30 = 0.30
[TRUST] Bad command #2 (peer_reported): suspicion +0.30 = 0.60
[TRUST] Bad command #3 (peer_reported): suspicion +0.30 = 0.90
[TRUST] Bad command #4 (peer_reported): suspicion +0.30 = 1.20
[TRUST] Bad command #5 (peer_reported): suspicion +0.30 = 1.50
[DETECT] First trust decay after 5 bad commands (0.84s) [Theoretical bound: T1=2, T3=8]
[TRUST] Trust decayed: trust=0.80, remaining suspicion=0.00
[TRUST] Bad command #6 (peer_reported): suspicion +0.30 = 0.30
[TRUST] Bad command #7 (peer_reported): suspicion +0.30 = 0.60
[R4] pos=(579,599) state=follower leader=1 trust=0.80 susp=0.60 cov=1.6%/5.7%
[TRUST] Bad command #8 (peer_reported): suspicion +0.30 = 0.90
[TRUST] Bad command #9 (peer_reported): suspicion +0.30 = 1.20
[TRUST] Bad command #10 (peer_reported): suspicion +0.30 = 1.50
[TRUST] Trust decayed: trust=0.60, remaining suspicion=0.00
[TRUST] Bad command #11 (peer_reported): suspicion +0.30 = 0.30
[TRUST] Bad command #12 (personal_visited): suspicion +1.00 = 1.00
[TRUST] Bad command #13 (personal_visited): suspicion +1.00 = 2.00
[TRUST] Trust decayed: trust=0.40, remaining suspicion=0.50
[R4] pos=(693,956) state=follower leader=1 trust=0.40 susp=0.50 cov=3.1%/7.3%
[TRUST] Bad command #14 (personal_visited): suspicion +1.00 = 1.50
[TRUST] Trust decayed: trust=0.20, remaining suspicion=0.00
[TRUST] Bad command #15 (personal_visited): suspicion +1.00 = 1.00
[TRUST] Bad command #16 (personal_visited): suspicion +1.00 = 2.00
[TRUST] Trust decayed: trust=0.10, remaining suspicion=0.50
[TRUST] Bad command #17 (personal_visited): suspicion +1.00 = 1.50
[TRUST] Trust decayed: trust=0.10, remaining suspicion=0.00
[TRUST] Bad command #18 (personal_visited): suspicion +1.00 = 1.00
[DETECT] IMPEACHMENT after 18 bad commands, 4.29s from first bad command [Bound: T1=8 cmds, T3=32 cmds]
[IMPEACH] Trust too low (0.10), excluding leader 1 from candidates
[ELECTION] Leader 1 impeached (failures=1)
[ELECTION] New leader: 4
[R4] pos=(693,956) state=leader leader=4 trust=1.00 susp=0.00 cov=3.1%/7.3%
[R4] pos=(693,956) state=leader leader=4 trust=1.00 susp=0.00 cov=3.1%/7.3%
[R4] pos=(686,1081) state=leader leader=4 trust=1.00 susp=0.00 cov=3.6%/9.4%
[R4] pos=(686,1081) state=leader leader=4 trust=1.00 susp=0.00 cov=3.6%/9.4%
[R4] pos=(686,1081) state=leader leader=4 trust=1.00 susp=0.00 cov=3.6%/9.4%
[R4] pos=(687,1331) state=leader leader=4 trust=1.00 susp=0.00 cov=4.7%/13.5%
[R4] pos=(885,1425) state=leader leader=4 trust=1.00 susp=0.00 cov=6.2%/18.8%
[R4] pos=(830,1340) state=leader leader=4 trust=1.00 susp=0.00 cov=6.8%/19.3%
[R4] pos=(1062,1313) state=leader leader=4 trust=1.00 susp=0.00 cov=7.8%/24.0%
[R4] pos=(1062,1313) state=leader leader=4 trust=1.00 susp=0.00 cov=7.8%/24.0%
[R4] pos=(1187,1317) state=leader leader=4 trust=1.00 susp=0.00 cov=9.4%/28.6%
[R4] pos=(1468,1276) state=leader leader=4 trust=1.00 susp=0.00 cov=12.0%/37.0%
[R4] pos=(1578,1065) state=leader leader=4 trust=1.00 susp=0.00 cov=15.1%/45.8%
[R4] pos=(1523,772) state=leader leader=4 trust=1.00 susp=0.00 cov=17.7%/52.6%
[ELECTION] Leader 4 impeached (failures=1)
[ELECTION] New leader: 2
[R4] pos=(1395,660) state=follower leader=2 trust=1.00 susp=0.00 cov=19.3%/58.3%
[R4] pos=(1083,688) state=follower leader=2 trust=1.00 susp=0.00 cov=20.8%/63.5%
[R4] pos=(1083,688) state=follower leader=2 trust=1.00 susp=0.00 cov=20.8%/63.5%
[R4] pos=(1083,688) state=follower leader=2 trust=1.00 susp=0.00 cov=20.8%/63.5%
[R4] pos=(1083,688) state=follower leader=2 trust=1.00 susp=0.00 cov=20.8%/63.5%
[R4] pos=(1083,688) state=follower leader=2 trust=1.00 susp=0.00 cov=20.8%/63.5%
[R4] pos=(1083,688) state=follower leader=2 trust=1.00 susp=0.00 cov=20.8%/63.5%
[R4] pos=(1083,688) state=follower leader=2 trust=1.00 susp=0.00 cov=20.8%/63.5%
[R4] pos=(1083,688) state=follower leader=2 trust=1.00 susp=0.00 cov=20.8%/63.5%
[R4] pos=(1083,688) state=follower leader=2 trust=1.00 susp=0.00 cov=20.8%/63.5%
[R4] pos=(1083,787) state=follower leader=2 trust=1.00 susp=0.00 cov=21.4%/64.1%
[R4] pos=(1329,812) state=follower leader=2 trust=1.00 susp=0.00 cov=22.4%/65.1%
[R4] pos=(1329,812) state=follower leader=2 trust=1.00 susp=0.00 cov=22.4%/65.1%
[R4] pos=(1329,812) state=follower leader=2 trust=1.00 susp=0.00 cov=22.4%/65.1%
[R4] pos=(1329,812) state=follower leader=2 trust=1.00 susp=0.00 cov=22.4%/65.1%
[R4] pos=(1329,812) state=follower leader=2 trust=1.00 susp=0.00 cov=22.4%/65.1%
[R4] pos=(1329,812) state=follower leader=2 trust=1.00 susp=0.00 cov=22.4%/65.1%
[R4] pos=(1329,812) state=follower leader=2 trust=1.00 susp=0.00 cov=22.4%/65.1%
[R4] pos=(1329,812) state=follower leader=2 trust=1.00 susp=0.00 cov=22.4%/65.1%
[R4] pos=(1329,812) state=follower leader=2 trust=1.00 susp=0.00 cov=22.4%/65.1%
[R4] pos=(1329,812) state=follower leader=2 trust=1.00 susp=0.00 cov=22.4%/65.1%
[R4] pos=(1329,812) state=follower leader=2 trust=1.00 susp=0.00 cov=22.4%/65.1%
[R4] pos=(1329,812) state=follower leader=2 trust=1.00 susp=0.00 cov=22.4%/65.1%
[R4] pos=(1329,812) state=follower leader=2 trust=1.00 susp=0.00 cov=22.4%/65.1%
[R4] pos=(1329,812) state=follower leader=2 trust=1.00 susp=0.00 cov=22.4%/65.1%
[R4] pos=(1329,812) state=follower leader=2 trust=1.00 susp=0.00 cov=22.4%/65.1%
[R4] pos=(1329,812) state=follower leader=2 trust=1.00 susp=0.00 cov=22.4%/65.1%
[R4] pos=(1329,812) state=follower leader=2 trust=1.00 susp=0.00 cov=22.4%/65.1%
[R4] pos=(1329,812) state=follower leader=2 trust=1.00 susp=0.00 cov=22.4%/65.1%
[R4] pos=(1329,812) state=follower leader=2 trust=1.00 susp=0.00 cov=22.4%/65.1%
[R4] pos=(1329,812) state=follower leader=2 trust=1.00 susp=0.00 cov=22.4%/65.1%
[R4] pos=(1329,812) state=follower leader=2 trust=1.00 susp=0.00 cov=22.4%/65.1%
[R4] pos=(1329,812) state=follower leader=2 trust=1.00 susp=0.00 cov=22.4%/65.1%
[R4] pos=(1329,812) state=follower leader=2 trust=1.00 susp=0.00 cov=22.4%/65.1%
[R4] pos=(1329,812) state=follower leader=2 trust=1.00 susp=0.00 cov=22.4%/65.1%
[R4] pos=(1329,812) state=follower leader=2 trust=1.00 susp=0.00 cov=22.4%/65.1%
