[WARN] Hardware modules not available - running in simulation mode
=== REIP Node - Robot 5 [SIM (unique ports)] ===
Trust Model: Three-tier confidence-weighted
  Personal: 1.0, ToF: 1.0, Peer: 0.3
  Suspicion threshold: 1.5, Recovery: 0.1

  Logging to: logs/robot_5_20260226_221819.jsonl
Initializing hardware...
  Hardware: SIMULATED
[INFO] Position socket listening on port 5105
[INFO] Peer socket listening on port 5205
[INFO] Fault socket listening on port 5305
Ready!

=== Detection Bounds: T1=2 cmds, T3=8 cmds | Impeachment: T1=8 cmds, T3=32 cmds ===
Running... Press Ctrl+C to stop

[ELECTION] New leader: 5
[R5] pos=(0,0) state=leader leader=5 trust=1.00 susp=0.00 cov=0.0%/0.0%
[ELECTION] New leader: 1
[R5] pos=(616,423) state=follower leader=1 trust=1.00 susp=0.00 cov=0.5%/2.1%
[R5] pos=(743,512) state=follower leader=1 trust=1.00 susp=0.00 cov=2.1%/8.3%
[R5] pos=(806,790) state=follower leader=1 trust=1.00 susp=0.00 cov=3.6%/17.7%
[R5] pos=(911,941) state=follower leader=1 trust=1.00 susp=0.00 cov=6.2%/26.6%
[R5] pos=(924,1050) state=follower leader=1 trust=1.00 susp=0.00 cov=7.3%/33.3%
[TRUST] Bad command #1 (peer_reported): suspicion +0.30 = 0.30
[R5] pos=(943,1425) state=follower leader=1 trust=1.00 susp=0.30 cov=10.4%/42.7%
[TRUST] Bad command #2 (peer_reported): suspicion +0.30 = 0.60
[TRUST] Bad command #3 (peer_reported): suspicion +0.30 = 0.90
[TRUST] Bad command #4 (peer_reported): suspicion +0.30 = 1.20
[TRUST] Bad command #5 (peer_reported): suspicion +0.30 = 1.50
[DETECT] First trust decay after 5 bad commands (0.84s) [Theoretical bound: T1=2, T3=8]
[TRUST] Trust decayed: trust=0.80, remaining suspicion=0.00
[TRUST] Bad command #6 (peer_reported): suspicion +0.30 = 0.30
[TRUST] Bad command #7 (peer_reported): suspicion +0.30 = 0.60
[TRUST] Bad command #8 (peer_reported): suspicion +0.30 = 0.90
[TRUST] Bad command #9 (peer_reported): suspicion +0.30 = 1.20
[TRUST] Bad command #10 (peer_reported): suspicion +0.30 = 1.50
[TRUST] Trust decayed: trust=0.60, remaining suspicion=0.00
[TRUST] Bad command #11 (peer_reported): suspicion +0.30 = 0.30
[R5] pos=(475,636) state=follower leader=1 trust=0.60 susp=0.30 cov=13.5%/44.8%
[TRUST] Bad command #12 (personal_visited): suspicion +1.00 = 1.10
[TRUST] Bad command #13 (personal_visited): suspicion +1.00 = 2.10
[TRUST] Trust decayed: trust=0.40, remaining suspicion=0.60
[ELECTION] Leader 1 impeached (failures=1)
[ELECTION] New leader: 2
[R5] pos=(119,561) state=follower leader=2 trust=1.00 susp=0.00 cov=15.6%/47.9%
[MPC] Moderate mismatch: best alignment 113°, error=0.15
[R5] pos=(543,75) state=follower leader=2 trust=1.00 susp=0.00 cov=18.8%/51.6%
[R5] pos=(733,138) state=follower leader=2 trust=1.00 susp=0.00 cov=19.8%/54.2%
[R5] pos=(823,186) state=follower leader=2 trust=1.00 susp=0.00 cov=20.3%/55.2%
[R5] pos=(923,403) state=follower leader=2 trust=1.00 susp=0.00 cov=21.9%/60.4%
[R5] pos=(923,421) state=follower leader=2 trust=1.00 susp=0.00 cov=21.9%/65.6%
[R5] pos=(923,282) state=follower leader=2 trust=1.00 susp=0.00 cov=22.4%/70.8%
[R5] pos=(923,281) state=follower leader=2 trust=1.00 susp=0.00 cov=22.4%/75.5%
[TRUST] Bad command #1 (personal_visited): suspicion +1.00 = 1.00
[TRUST] Bad command #2 (personal_visited): suspicion +1.00 = 2.00
[DETECT] First trust decay after 2 bad commands (0.21s) [Theoretical bound: T1=2, T3=8]
[TRUST] Trust decayed: trust=0.80, remaining suspicion=0.50
[R5] pos=(923,223) state=follower leader=2 trust=0.80 susp=0.50 cov=22.4%/79.7%
[TRUST] Bad command #3 (personal_visited): suspicion +1.00 = 1.50
[TRUST] Trust decayed: trust=0.60, remaining suspicion=0.00
[TRUST] Bad command #4 (personal_visited): suspicion +1.00 = 1.00
[TRUST] Bad command #5 (personal_visited): suspicion +1.00 = 2.00
[TRUST] Trust decayed: trust=0.40, remaining suspicion=0.50
[TRUST] Bad command #6 (personal_visited, mpc_direction(0.07)): suspicion +1.07 = 1.57
[TRUST] Trust decayed: trust=0.20, remaining suspicion=0.07
[MPC] Moderate mismatch: best alignment 123°, error=0.22
[TRUST] Bad command #7 (personal_visited, mpc_direction(0.22)): suspicion +1.22 = 1.29
[DETECT] IMPEACHMENT after 7 bad commands, 1.25s from first bad command [Bound: T1=8 cmds, T3=32 cmds]
[IMPEACH] Trust too low (0.20), excluding leader 2 from candidates
[ELECTION] Leader 2 impeached (failures=1)
[ELECTION] New leader: 4
[R5] pos=(825,560) state=follower leader=4 trust=1.00 susp=0.00 cov=22.9%/80.2%
[R5] pos=(918,371) state=follower leader=4 trust=1.00 susp=0.00 cov=22.9%/82.3%
[R5] pos=(918,328) state=follower leader=4 trust=1.00 susp=0.00 cov=22.9%/87.0%
[R5] pos=(918,313) state=follower leader=4 trust=1.00 susp=0.00 cov=22.9%/91.7%
[R5] pos=(918,203) state=follower leader=4 trust=1.00 susp=0.00 cov=22.9%/95.8%
[R5] pos=(918,225) state=follower leader=4 trust=1.00 susp=0.00 cov=22.9%/98.4%
[R5] pos=(918,225) state=follower leader=4 trust=1.00 susp=0.00 cov=22.9%/98.4%
[R5] pos=(918,225) state=follower leader=4 trust=1.00 susp=0.00 cov=22.9%/98.4%
[R5] pos=(918,298) state=follower leader=4 trust=1.00 susp=0.00 cov=22.9%/100.0%
[R5] pos=(918,356) state=follower leader=4 trust=1.00 susp=0.00 cov=22.9%/100.0%
[R5] pos=(918,356) state=follower leader=4 trust=1.00 susp=0.00 cov=22.9%/100.0%
[R5] pos=(918,356) state=follower leader=4 trust=1.00 susp=0.00 cov=22.9%/100.0%
[R5] pos=(918,356) state=follower leader=4 trust=1.00 susp=0.00 cov=22.9%/100.0%
[R5] pos=(918,410) state=follower leader=4 trust=1.00 susp=0.00 cov=22.9%/100.0%
[R5] pos=(918,422) state=follower leader=4 trust=1.00 susp=0.00 cov=22.9%/100.0%
[R5] pos=(918,430) state=follower leader=4 trust=1.00 susp=0.00 cov=22.9%/100.0%
[R5] pos=(917,501) state=follower leader=4 trust=1.00 susp=0.00 cov=22.9%/100.0%
[R5] pos=(917,459) state=follower leader=4 trust=1.00 susp=0.00 cov=22.9%/100.0%
[R5] pos=(917,445) state=follower leader=4 trust=1.00 susp=0.00 cov=22.9%/100.0%
[R5] pos=(917,368) state=follower leader=4 trust=1.00 susp=0.00 cov=22.9%/100.0%
[R5] pos=(917,414) state=follower leader=4 trust=1.00 susp=0.00 cov=22.9%/100.0%
[R5] pos=(917,429) state=follower leader=4 trust=1.00 susp=0.00 cov=22.9%/100.0%
[R5] pos=(916,500) state=follower leader=4 trust=1.00 susp=0.00 cov=22.9%/100.0%
[R5] pos=(916,461) state=follower leader=4 trust=1.00 susp=0.00 cov=22.9%/100.0%
[R5] pos=(916,446) state=follower leader=4 trust=1.00 susp=0.00 cov=22.9%/100.0%
[R5] pos=(916,366) state=follower leader=4 trust=1.00 susp=0.00 cov=22.9%/100.0%
[R5] pos=(916,396) state=follower leader=4 trust=1.00 susp=0.00 cov=22.9%/100.0%
[R5] pos=(916,396) state=follower leader=4 trust=1.00 susp=0.00 cov=22.9%/100.0%
[R5] pos=(916,396) state=follower leader=4 trust=1.00 susp=0.00 cov=22.9%/100.0%
[R5] pos=(916,396) state=follower leader=4 trust=1.00 susp=0.00 cov=22.9%/100.0%
[R5] pos=(916,396) state=follower leader=4 trust=1.00 susp=0.00 cov=22.9%/100.0%
[R5] pos=(916,396) state=follower leader=4 trust=1.00 susp=0.00 cov=22.9%/100.0%
[R5] pos=(916,405) state=follower leader=4 trust=1.00 susp=0.00 cov=22.9%/100.0%
[R5] pos=(916,417) state=follower leader=4 trust=1.00 susp=0.00 cov=22.9%/100.0%
[R5] pos=(916,430) state=follower leader=4 trust=1.00 susp=0.00 cov=22.9%/100.0%
[R5] pos=(916,432) state=follower leader=4 trust=1.00 susp=0.00 cov=22.9%/100.0%
[R5] pos=(916,432) state=follower leader=4 trust=1.00 susp=0.00 cov=22.9%/100.0%
[R5] pos=(916,432) state=follower leader=4 trust=1.00 susp=0.00 cov=22.9%/100.0%
[R5] pos=(916,432) state=follower leader=4 trust=1.00 susp=0.00 cov=22.9%/100.0%
[R5] pos=(916,432) state=follower leader=4 trust=1.00 susp=0.00 cov=22.9%/100.0%
[R5] pos=(916,432) state=follower leader=4 trust=1.00 susp=0.00 cov=22.9%/100.0%
[R5] pos=(916,432) state=follower leader=4 trust=1.00 susp=0.00 cov=22.9%/100.0%
[R5] pos=(916,432) state=follower leader=4 trust=1.00 susp=0.00 cov=22.9%/100.0%
[R5] pos=(916,432) state=follower leader=4 trust=1.00 susp=0.00 cov=22.9%/100.0%
[R5] pos=(916,432) state=follower leader=4 trust=1.00 susp=0.00 cov=22.9%/100.0%
[R5] pos=(916,432) state=follower leader=4 trust=1.00 susp=0.00 cov=22.9%/100.0%
[R5] pos=(916,432) state=follower leader=4 trust=1.00 susp=0.00 cov=22.9%/100.0%
