[WARN] Hardware modules not available - running in simulation mode
=== REIP Node - Robot 2 [SIM (unique ports)] ===
Trust Model: Three-tier confidence-weighted
  Personal: 1.0, ToF: 1.0, Peer: 0.3
  Suspicion threshold: 1.5, Recovery: 0.1

  Logging to: logs/robot_2_20260226_002704.jsonl
Initializing hardware...
  Hardware: SIMULATED
[INFO] Position socket listening on port 11102
[INFO] Peer socket listening on port 11202
[INFO] Fault socket listening on port 11302
Ready!

=== Detection Bounds: T1=2 cmds, T3=8 cmds | Impeachment: T1=8 cmds, T3=32 cmds ===
Running... Press Ctrl+C to stop

[ELECTION] New leader: 2
[R2] pos=(0,0) state=leader leader=2 trust=1.00 susp=0.00 cov=0.0%/0.0%
[ELECTION] New leader: 1
[R2] pos=(707,583) state=follower leader=1 trust=1.00 susp=0.00 cov=0.5%/0.5%
[R2] pos=(563,462) state=follower leader=1 trust=1.00 susp=0.00 cov=1.6%/8.3%
[R2] pos=(680,384) state=follower leader=1 trust=1.00 susp=0.00 cov=2.1%/13.0%
[R2] pos=(573,284) state=follower leader=1 trust=1.00 susp=0.00 cov=3.1%/18.2%
[R2] pos=(675,184) state=follower leader=1 trust=1.00 susp=0.00 cov=4.2%/22.9%
[R2] pos=(638,75) state=follower leader=1 trust=1.00 susp=0.00 cov=4.7%/27.1%
[R2] pos=(442,125) state=follower leader=1 trust=1.00 susp=0.00 cov=5.7%/32.3%
[R2] pos=(328,108) state=follower leader=1 trust=1.00 susp=0.00 cov=7.3%/37.0%
[R2] pos=(141,75) state=follower leader=1 trust=1.00 susp=0.00 cov=7.8%/41.7%
[R2] pos=(95,219) state=follower leader=1 trust=1.00 susp=0.00 cov=8.9%/47.4%
[R2] pos=(75,443) state=follower leader=1 trust=1.00 susp=0.00 cov=9.9%/51.6%
[R2] pos=(75,684) state=follower leader=1 trust=1.00 susp=0.00 cov=10.9%/57.3%
[R2] pos=(75,931) state=follower leader=1 trust=1.00 susp=0.00 cov=12.0%/62.0%
[R2] pos=(75,1154) state=follower leader=1 trust=1.00 susp=0.00 cov=13.0%/68.2%
[R2] pos=(135,1294) state=follower leader=1 trust=1.00 susp=0.00 cov=14.1%/74.0%
[R2] pos=(147,1425) state=follower leader=1 trust=1.00 susp=0.00 cov=15.6%/79.7%
[TRUST] Bad command #1 (peer_reported): suspicion +0.30 = 0.30
[TRUST] Bad command #2 (peer_reported): suspicion +0.30 = 0.60
[TRUST] Bad command #3 (peer_reported): suspicion +0.30 = 0.90
[TRUST] Bad command #4 (peer_reported): suspicion +0.30 = 1.20
[TRUST] Bad command #5 (peer_reported): suspicion +0.30 = 1.50
[DETECT] First trust decay after 5 bad commands (0.83s) [Theoretical bound: T1=2, T3=8]
[TRUST] Trust decayed: trust=0.80, remaining suspicion=0.00
[TRUST] Bad command #6 (personal_visited): suspicion +1.00 = 1.00
[TRUST] Bad command #7 (peer_reported): suspicion +0.30 = 1.30
[TRUST] Bad command #8 (peer_reported): suspicion +0.30 = 1.60
[TRUST] Trust decayed: trust=0.60, remaining suspicion=0.10
[TRUST] Bad command #9 (peer_reported): suspicion +0.30 = 0.40
[TRUST] Bad command #10 (peer_reported): suspicion +0.30 = 0.70
[R2] pos=(286,1281) state=follower leader=1 trust=0.60 susp=0.70 cov=16.7%/82.8%
[TRUST] Bad command #11 (peer_reported): suspicion +0.30 = 1.00
[TRUST] Bad command #12 (peer_reported): suspicion +0.30 = 1.30
[TRUST] Bad command #13 (peer_reported): suspicion +0.30 = 1.60
[TRUST] Trust decayed: trust=0.40, remaining suspicion=0.10
[TRUST] Bad command #14 (peer_reported): suspicion +0.30 = 0.40
[TRUST] Bad command #15 (peer_reported): suspicion +0.30 = 0.70
[TRUST] Bad command #16 (peer_reported): suspicion +0.30 = 1.00
[TRUST] Bad command #17 (peer_reported): suspicion +0.30 = 1.30
[TRUST] Bad command #18 (personal_visited): suspicion +1.00 = 2.30
[TRUST] Trust decayed: trust=0.20, remaining suspicion=0.80
[TRUST] Bad command #19 (peer_reported): suspicion +0.30 = 1.10
[DETECT] IMPEACHMENT after 19 bad commands, 3.95s from first bad command [Bound: T1=8 cmds, T3=32 cmds]
[IMPEACH] Trust too low (0.20), excluding leader 1 from candidates
[ELECTION] Leader 1 impeached (failures=1)
[ELECTION] New leader: 3
[R2] pos=(423,1357) state=follower leader=3 trust=1.00 susp=0.00 cov=18.2%/85.4%
[ELECTION] Leader 3 impeached (failures=1)
[ELECTION] New leader: 2
[R2] pos=(539,1246) state=leader leader=2 trust=1.00 susp=0.00 cov=19.3%/90.1%
[R2] pos=(677,1355) state=leader leader=2 trust=1.00 susp=0.00 cov=19.8%/93.2%
[R2] pos=(488,1425) state=leader leader=2 trust=1.00 susp=0.00 cov=21.4%/96.4%
[R2] pos=(655,1368) state=leader leader=2 trust=1.00 susp=0.00 cov=21.4%/96.9%
[R2] pos=(822,1200) state=leader leader=2 trust=1.00 susp=0.00 cov=22.4%/98.4%
[R2] pos=(945,1012) state=leader leader=2 trust=1.00 susp=0.00 cov=22.9%/99.5%
[R2] pos=(1081,802) state=leader leader=2 trust=1.00 susp=0.00 cov=24.5%/99.5%
[R2] pos=(1218,592) state=leader leader=2 trust=1.00 susp=0.00 cov=26.0%/99.5%
[R2] pos=(1340,404) state=leader leader=2 trust=1.00 susp=0.00 cov=27.1%/100.0%
[R2] pos=(1477,194) state=leader leader=2 trust=1.00 susp=0.00 cov=28.6%/100.0%
[R2] pos=(1559,75) state=leader leader=2 trust=1.00 susp=0.00 cov=29.7%/100.0%
[R2] pos=(1559,75) state=leader leader=2 trust=1.00 susp=0.00 cov=29.7%/100.0%
[R2] pos=(1559,75) state=leader leader=2 trust=1.00 susp=0.00 cov=29.7%/100.0%
[R2] pos=(1559,75) state=leader leader=2 trust=1.00 susp=0.00 cov=29.7%/100.0%
[R2] pos=(1559,75) state=leader leader=2 trust=1.00 susp=0.00 cov=29.7%/100.0%
[R2] pos=(1559,75) state=leader leader=2 trust=1.00 susp=0.00 cov=29.7%/100.0%
[R2] pos=(1559,75) state=leader leader=2 trust=1.00 susp=0.00 cov=29.7%/100.0%
[R2] pos=(1559,75) state=leader leader=2 trust=1.00 susp=0.00 cov=29.7%/100.0%
[R2] pos=(1559,75) state=leader leader=2 trust=1.00 susp=0.00 cov=29.7%/100.0%
[R2] pos=(1559,75) state=leader leader=2 trust=1.00 susp=0.00 cov=29.7%/100.0%
[R2] pos=(1559,75) state=leader leader=2 trust=1.00 susp=0.00 cov=29.7%/100.0%
[R2] pos=(1559,75) state=leader leader=2 trust=1.00 susp=0.00 cov=29.7%/100.0%
[R2] pos=(1559,75) state=leader leader=2 trust=1.00 susp=0.00 cov=29.7%/100.0%
[R2] pos=(1559,75) state=leader leader=2 trust=1.00 susp=0.00 cov=29.7%/100.0%
[R2] pos=(1559,75) state=leader leader=2 trust=1.00 susp=0.00 cov=29.7%/100.0%
[R2] pos=(1559,75) state=leader leader=2 trust=1.00 susp=0.00 cov=29.7%/100.0%
[R2] pos=(1559,75) state=leader leader=2 trust=1.00 susp=0.00 cov=29.7%/100.0%
[R2] pos=(1559,75) state=leader leader=2 trust=1.00 susp=0.00 cov=29.7%/100.0%
[R2] pos=(1559,75) state=leader leader=2 trust=1.00 susp=0.00 cov=29.7%/100.0%
[R2] pos=(1559,75) state=leader leader=2 trust=1.00 susp=0.00 cov=29.7%/100.0%
[R2] pos=(1559,75) state=leader leader=2 trust=1.00 susp=0.00 cov=29.7%/100.0%
[R2] pos=(1559,75) state=leader leader=2 trust=1.00 susp=0.00 cov=29.7%/100.0%
[R2] pos=(1559,75) state=leader leader=2 trust=1.00 susp=0.00 cov=29.7%/100.0%
[R2] pos=(1559,75) state=leader leader=2 trust=1.00 susp=0.00 cov=29.7%/100.0%
[R2] pos=(1559,75) state=leader leader=2 trust=1.00 susp=0.00 cov=29.7%/100.0%
[R2] pos=(1559,75) state=leader leader=2 trust=1.00 susp=0.00 cov=29.7%/100.0%
[R2] pos=(1559,75) state=leader leader=2 trust=1.00 susp=0.00 cov=29.7%/100.0%
[R2] pos=(1559,75) state=leader leader=2 trust=1.00 susp=0.00 cov=29.7%/100.0%
[R2] pos=(1559,75) state=leader leader=2 trust=1.00 susp=0.00 cov=29.7%/100.0%
[R2] pos=(1559,75) state=leader leader=2 trust=1.00 susp=0.00 cov=29.7%/100.0%
[R2] pos=(1559,75) state=leader leader=2 trust=1.00 susp=0.00 cov=29.7%/100.0%
[R2] pos=(1559,75) state=leader leader=2 trust=1.00 susp=0.00 cov=29.7%/100.0%
[R2] pos=(1559,75) state=leader leader=2 trust=1.00 susp=0.00 cov=29.7%/100.0%
[R2] pos=(1559,75) state=leader leader=2 trust=1.00 susp=0.00 cov=29.7%/100.0%
[R2] pos=(1559,75) state=leader leader=2 trust=1.00 susp=0.00 cov=29.7%/100.0%
[R2] pos=(1559,75) state=leader leader=2 trust=1.00 susp=0.00 cov=29.7%/100.0%
[R2] pos=(1559,75) state=leader leader=2 trust=1.00 susp=0.00 cov=29.7%/100.0%
[R2] pos=(1559,75) state=leader leader=2 trust=1.00 susp=0.00 cov=29.7%/100.0%
[R2] pos=(1559,75) state=leader leader=2 trust=1.00 susp=0.00 cov=29.7%/100.0%
[R2] pos=(1559,75) state=leader leader=2 trust=1.00 susp=0.00 cov=29.7%/100.0%
[R2] pos=(1559,75) state=leader leader=2 trust=1.00 susp=0.00 cov=29.7%/100.0%
[R2] pos=(1559,75) state=leader leader=2 trust=1.00 susp=0.00 cov=29.7%/100.0%
[R2] pos=(1559,75) state=leader leader=2 trust=1.00 susp=0.00 cov=29.7%/100.0%
[R2] pos=(1559,75) state=leader leader=2 trust=1.00 susp=0.00 cov=29.7%/100.0%
[R2] pos=(1559,75) state=leader leader=2 trust=1.00 susp=0.00 cov=29.7%/100.0%
[R2] pos=(1559,75) state=leader leader=2 trust=1.00 susp=0.00 cov=29.7%/100.0%
[R2] pos=(1559,75) state=leader leader=2 trust=1.00 susp=0.00 cov=29.7%/100.0%
[R2] pos=(1559,75) state=leader leader=2 trust=1.00 susp=0.00 cov=29.7%/100.0%
[R2] pos=(1559,75) state=leader leader=2 trust=1.00 susp=0.00 cov=29.7%/100.0%
[R2] pos=(1559,75) state=leader leader=2 trust=1.00 susp=0.00 cov=29.7%/100.0%
[R2] pos=(1559,75) state=leader leader=2 trust=1.00 susp=0.00 cov=29.7%/100.0%
[R2] pos=(1559,75) state=leader leader=2 trust=1.00 susp=0.00 cov=29.7%/100.0%
[R2] pos=(1559,75) state=leader leader=2 trust=1.00 susp=0.00 cov=29.7%/100.0%
[R2] pos=(1559,75) state=leader leader=2 trust=1.00 susp=0.00 cov=29.7%/100.0%
