[WARN] Hardware modules not available - simulation mode
=== RAFT Baseline - Robot 5 [SIM] ===
NO TRUST. Heartbeat timeout only.

  Logging to: logs/raft_5_20260227_180010.jsonl
Initializing hardware...
  Hardware: SIMULATED
[INFO] Position socket listening on port 9105
[INFO] Peer socket listening on port 9205
[INFO] Fault socket listening on port 9305
Ready!

Running RAFT baseline... Press Ctrl+C to stop

[R5] state=follower leader=None term=0 cov=0.0%/0.0%
[R5] state=follower leader=4 term=2 cov=0.5%/2.1%
[R5] state=follower leader=4 term=2 cov=1.6%/5.7%
[R5] state=follower leader=4 term=2 cov=3.6%/14.1%
[R5] state=follower leader=4 term=2 cov=4.2%/19.3%
[R5] state=follower leader=4 term=2 cov=4.7%/20.8%
[R5] state=follower leader=4 term=2 cov=4.7%/21.9%
[R5] state=follower leader=4 term=2 cov=4.7%/22.9%
[R5] state=follower leader=4 term=2 cov=4.7%/22.9%
[R5] state=follower leader=4 term=2 cov=4.7%/22.9%
[R5] state=follower leader=4 term=2 cov=4.7%/22.9%
[R5] state=follower leader=4 term=2 cov=4.7%/22.9%
[R5] state=follower leader=4 term=2 cov=4.7%/22.9%
[R5] state=follower leader=4 term=2 cov=4.7%/22.9%
[R5] state=follower leader=4 term=2 cov=4.7%/23.4%
[R5] state=follower leader=4 term=2 cov=5.2%/23.4%
[R5] state=follower leader=4 term=2 cov=5.2%/23.4%
[R5] state=follower leader=4 term=2 cov=5.7%/25.0%
[R5] state=follower leader=4 term=2 cov=5.7%/26.0%
[R5] state=follower leader=4 term=2 cov=5.7%/26.0%
[R5] state=follower leader=4 term=2 cov=5.7%/26.0%
[R5] state=follower leader=4 term=2 cov=5.7%/26.0%
[R5] state=follower leader=4 term=2 cov=5.7%/26.0%
[R5] state=follower leader=4 term=2 cov=5.7%/26.0%
[R5] state=follower leader=4 term=2 cov=5.7%/27.1%
[R5] state=follower leader=4 term=2 cov=6.2%/27.6%
[R5] state=follower leader=4 term=2 cov=6.2%/28.6%
[R5] state=follower leader=4 term=2 cov=6.2%/28.6%
[R5] state=follower leader=4 term=2 cov=6.2%/28.6%
[R5] state=follower leader=4 term=2 cov=6.2%/28.6%
[R5] state=follower leader=4 term=2 cov=6.2%/28.6%
[R5] state=follower leader=4 term=2 cov=6.2%/28.6%
[R5] state=follower leader=4 term=2 cov=6.2%/28.6%
[R5] state=follower leader=4 term=2 cov=6.2%/28.6%
[R5] state=follower leader=4 term=2 cov=6.2%/28.6%
[R5] state=follower leader=4 term=2 cov=6.2%/28.6%
[R5] state=follower leader=4 term=2 cov=6.2%/28.6%
[R5] state=follower leader=4 term=2 cov=6.2%/28.6%
[R5] state=follower leader=4 term=2 cov=6.2%/28.6%
[R5] state=follower leader=4 term=2 cov=6.2%/28.6%
[R5] state=follower leader=4 term=2 cov=6.2%/28.6%
[R5] state=follower leader=4 term=2 cov=6.2%/28.6%
[R5] state=follower leader=4 term=2 cov=6.2%/28.6%
[R5] state=follower leader=4 term=2 cov=6.2%/28.6%
[R5] state=follower leader=4 term=2 cov=6.2%/28.6%
[R5] state=follower leader=4 term=2 cov=6.2%/28.6%
[R5] state=follower leader=4 term=2 cov=6.2%/28.6%
[R5] state=follower leader=4 term=2 cov=6.2%/28.6%
[R5] state=follower leader=4 term=2 cov=6.2%/28.6%
[R5] state=follower leader=4 term=2 cov=6.2%/28.6%
[R5] state=follower leader=4 term=2 cov=6.2%/28.6%
[R5] state=follower leader=4 term=2 cov=6.2%/28.6%
[R5] state=follower leader=4 term=2 cov=6.2%/28.6%
[R5] state=follower leader=4 term=2 cov=6.2%/28.6%
[R5] state=follower leader=4 term=2 cov=6.2%/28.6%
[R5] state=follower leader=4 term=2 cov=6.2%/28.6%
[R5] state=follower leader=4 term=2 cov=6.2%/28.6%
[R5] state=follower leader=4 term=2 cov=6.2%/28.6%
[R5] state=follower leader=4 term=2 cov=6.2%/28.6%
[R5] state=follower leader=4 term=2 cov=6.2%/28.6%
[R5] state=follower leader=4 term=2 cov=6.2%/28.6%
[R5] state=follower leader=4 term=2 cov=6.2%/28.6%
[R5] state=follower leader=4 term=2 cov=6.2%/28.6%
