[WARN] Hardware modules not available - simulation mode
=== RAFT Baseline - Robot 5 [SIM] ===
NO TRUST. Heartbeat timeout only.

  Logging to: logs/raft_5_20260226_174028.jsonl
Initializing hardware...
  Hardware: SIMULATED
[INFO] Position socket listening on port 25105
[INFO] Peer socket listening on port 25205
[INFO] Fault socket listening on port 25305
Ready!

Running RAFT baseline... Press Ctrl+C to stop

[R5] state=follower leader=None term=0 cov=0.0%/0.0%
[R5] state=follower leader=3 term=1 cov=0.5%/0.5%
[R5] state=follower leader=3 term=1 cov=2.6%/14.6%
[R5] state=follower leader=3 term=1 cov=5.2%/25.0%
[R5] state=follower leader=3 term=1 cov=7.3%/37.0%
[R5] state=follower leader=3 term=1 cov=10.4%/50.5%
[R5] state=follower leader=3 term=1 cov=13.0%/59.9%
[R5] state=follower leader=3 term=1 cov=15.1%/68.2%
[R5] state=follower leader=3 term=1 cov=17.7%/79.2%
[R5] state=follower leader=3 term=1 cov=18.2%/82.3%
[R5] state=follower leader=3 term=1 cov=20.8%/91.1%
[R5] state=follower leader=3 term=1 cov=24.0%/100.0%
[R5] state=follower leader=3 term=1 cov=24.0%/100.0%
[R5] state=follower leader=3 term=1 cov=24.0%/100.0%
[R5] state=follower leader=3 term=1 cov=24.0%/100.0%
[R5] state=follower leader=3 term=1 cov=24.0%/100.0%
[R5] state=follower leader=3 term=1 cov=24.0%/100.0%
[R5] state=follower leader=3 term=1 cov=24.0%/100.0%
[R5] state=follower leader=3 term=1 cov=24.0%/100.0%
[R5] state=follower leader=3 term=1 cov=24.0%/100.0%
[R5] state=follower leader=3 term=1 cov=24.0%/100.0%
[R5] state=follower leader=3 term=1 cov=24.0%/100.0%
[R5] state=follower leader=3 term=1 cov=24.0%/100.0%
[R5] state=follower leader=3 term=1 cov=24.0%/100.0%
[R5] state=follower leader=3 term=1 cov=24.0%/100.0%
[R5] state=follower leader=3 term=1 cov=24.0%/100.0%
[R5] state=follower leader=3 term=1 cov=24.0%/100.0%
[R5] state=follower leader=3 term=1 cov=24.0%/100.0%
[R5] state=follower leader=3 term=1 cov=24.0%/100.0%
[R5] state=follower leader=3 term=1 cov=24.0%/100.0%
[R5] state=follower leader=3 term=1 cov=24.0%/100.0%
[R5] state=follower leader=3 term=1 cov=24.0%/100.0%
[R5] state=follower leader=3 term=1 cov=24.0%/100.0%
[R5] state=follower leader=3 term=1 cov=24.0%/100.0%
[R5] state=follower leader=3 term=1 cov=24.0%/100.0%
[R5] state=follower leader=3 term=1 cov=24.0%/100.0%
[R5] state=follower leader=3 term=1 cov=24.0%/100.0%
[R5] state=follower leader=3 term=1 cov=24.0%/100.0%
[R5] state=follower leader=3 term=1 cov=24.0%/100.0%
[R5] state=follower leader=3 term=1 cov=24.0%/100.0%
[R5] state=follower leader=3 term=1 cov=24.0%/100.0%
[R5] state=follower leader=3 term=1 cov=24.0%/100.0%
[R5] state=follower leader=3 term=1 cov=24.0%/100.0%
[R5] state=follower leader=3 term=1 cov=24.0%/100.0%
[R5] state=follower leader=3 term=1 cov=24.0%/100.0%
[R5] state=follower leader=3 term=1 cov=24.0%/100.0%
[R5] state=follower leader=3 term=1 cov=24.0%/100.0%
[R5] state=follower leader=3 term=1 cov=24.0%/100.0%
[R5] state=follower leader=3 term=1 cov=24.0%/100.0%
[R5] state=follower leader=3 term=1 cov=24.0%/100.0%
[R5] state=follower leader=3 term=1 cov=24.0%/100.0%
[R5] state=follower leader=3 term=1 cov=24.0%/100.0%
[R5] state=follower leader=3 term=1 cov=24.0%/100.0%
[R5] state=follower leader=3 term=1 cov=24.0%/100.0%
[R5] state=follower leader=3 term=1 cov=24.0%/100.0%
[R5] state=follower leader=3 term=1 cov=24.0%/100.0%
[R5] state=follower leader=3 term=1 cov=24.0%/100.0%
[R5] state=follower leader=3 term=1 cov=24.0%/100.0%
[R5] state=follower leader=3 term=1 cov=24.0%/100.0%
[R5] state=follower leader=3 term=1 cov=24.0%/100.0%
[R5] state=follower leader=3 term=1 cov=24.0%/100.0%
[R5] state=follower leader=3 term=1 cov=24.0%/100.0%
[R5] state=follower leader=3 term=1 cov=24.0%/100.0%
