[WARN] Hardware modules not available - running in simulation mode
=== REIP Node - Robot 2 [SIM (unique ports)] ===
Trust Model: Three-tier confidence-weighted
  Personal: 1.0, ToF: 1.0, Peer: 0.3
  Suspicion threshold: 1.5, Recovery: 0.1

  Logging to: logs/robot_2_20260226_213248.jsonl
Initializing hardware...
  Hardware: SIMULATED
[INFO] Position socket listening on port 9102
[INFO] Peer socket listening on port 9202
[INFO] Fault socket listening on port 9302
Ready!

=== Detection Bounds: T1=2 cmds, T3=8 cmds | Impeachment: T1=8 cmds, T3=32 cmds ===
Running... Press Ctrl+C to stop

[ELECTION] New leader: 2
[R2] pos=(0,0) state=leader leader=2 trust=1.00 susp=0.00 cov=0.0%/0.0%
[ELECTION] New leader: 1
[R2] pos=(534,1038) state=follower leader=1 trust=1.00 susp=0.00 cov=0.5%/0.5%
[R2] pos=(684,712) state=follower leader=1 trust=1.00 susp=0.00 cov=3.6%/15.1%
[R2] pos=(906,845) state=follower leader=1 trust=1.00 susp=0.00 cov=6.8%/25.0%
[R2] pos=(906,811) state=follower leader=1 trust=1.00 susp=0.00 cov=7.3%/29.7%
[R2] pos=(812,1063) state=follower leader=1 trust=1.00 susp=0.00 cov=8.3%/33.3%
[R2] pos=(646,1340) state=follower leader=1 trust=1.00 susp=0.00 cov=11.5%/38.5%
[TRUST] Bad command #1 (personal_visited): suspicion +1.00 = 1.00
[TRUST] Bad command #2 (personal_visited): suspicion +1.00 = 2.00
[DETECT] First trust decay after 2 bad commands (0.21s) [Theoretical bound: T1=2, T3=8]
[TRUST] Trust decayed: trust=0.80, remaining suspicion=0.50
[TRUST] Bad command #3 (personal_visited): suspicion +1.00 = 1.50
[TRUST] Trust decayed: trust=0.60, remaining suspicion=0.00
[TRUST] Bad command #4 (personal_visited): suspicion +1.00 = 1.00
[TRUST] Bad command #5 (personal_visited): suspicion +1.00 = 2.00
[TRUST] Trust decayed: trust=0.40, remaining suspicion=0.50
[ELECTION] Leader 1 impeached (failures=1)
[ELECTION] New leader: 2
[R2] pos=(498,982) state=leader leader=2 trust=1.00 susp=0.00 cov=12.5%/39.6%
[R2] pos=(190,1312) state=leader leader=2 trust=1.00 susp=0.00 cov=16.1%/44.3%
[R2] pos=(544,1354) state=leader leader=2 trust=1.00 susp=0.00 cov=18.2%/49.5%
[R2] pos=(1156,1425) state=leader leader=2 trust=1.00 susp=0.00 cov=20.3%/52.6%
[R2] pos=(1591,1230) state=leader leader=2 trust=1.00 susp=0.00 cov=24.0%/61.5%
[R2] pos=(1904,1165) state=leader leader=2 trust=1.00 susp=0.00 cov=26.6%/73.4%
[R2] pos=(1908,559) state=leader leader=2 trust=1.00 susp=0.00 cov=30.7%/80.2%
[R2] pos=(1712,188) state=leader leader=2 trust=1.00 susp=0.00 cov=34.4%/88.5%
[R2] pos=(1227,187) state=leader leader=2 trust=1.00 susp=0.00 cov=38.5%/97.9%
[FAULT] BAD_LEADER mode activated - will send bad assignments
[R2] pos=(1899,75) state=leader leader=2 trust=1.00 susp=0.00 cov=40.1%/100.0%
[BAD_LEADER] Sending 5 robots to EXPLORED cells (persistent): [(187.5, 687.5), (1187.5, 437.5), (812.5, 812.5)]...
[BAD_LEADER] Sending 5 robots to EXPLORED cells (persistent): [(187.5, 687.5), (1187.5, 437.5), (812.5, 812.5)]...
[BAD_LEADER] Sending 5 robots to EXPLORED cells (persistent): [(187.5, 687.5), (1187.5, 437.5), (812.5, 812.5)]...
[BAD_LEADER] Sending 5 robots to EXPLORED cells (persistent): [(187.5, 687.5), (1187.5, 437.5), (812.5, 812.5)]...
[BAD_LEADER] Sending 5 robots to EXPLORED cells (persistent): [(187.5, 687.5), (1187.5, 437.5), (812.5, 812.5)]...
[BAD_LEADER] Sending 5 robots to EXPLORED cells (persistent): [(187.5, 687.5), (1187.5, 437.5), (812.5, 812.5)]...
[BAD_LEADER] Sending 5 robots to EXPLORED cells (persistent): [(187.5, 687.5), (1187.5, 437.5), (812.5, 812.5)]...
[BAD_LEADER] Sending 5 robots to EXPLORED cells (persistent): [(187.5, 687.5), (1187.5, 437.5), (812.5, 812.5)]...
[BAD_LEADER] Sending 5 robots to EXPLORED cells (persistent): [(187.5, 687.5), (1187.5, 437.5), (812.5, 812.5)]...
[BAD_LEADER] Sending 5 robots to EXPLORED cells (persistent): [(187.5, 687.5), (1187.5, 437.5), (812.5, 812.5)]...
[R2] pos=(1131,355) state=leader leader=2 trust=1.00 susp=0.00 cov=41.1%/100.0%
[BAD_LEADER] Sending 5 robots to EXPLORED cells (persistent): [(187.5, 687.5), (1187.5, 437.5), (812.5, 812.5)]...
[BAD_LEADER] Sending 5 robots to EXPLORED cells (persistent): [(187.5, 687.5), (1187.5, 437.5), (812.5, 812.5)]...
[BAD_LEADER] Sending 5 robots to EXPLORED cells (persistent): [(187.5, 687.5), (1187.5, 437.5), (812.5, 812.5)]...
[BAD_LEADER] Sending 5 robots to EXPLORED cells (persistent): [(187.5, 687.5), (1187.5, 437.5), (812.5, 812.5)]...
[BAD_LEADER] Sending 5 robots to EXPLORED cells (persistent): [(187.5, 687.5), (1187.5, 437.5), (812.5, 812.5)]...
[ELECTION] Leader 2 impeached (failures=1)
[ELECTION] New leader: 3
[R2] pos=(1131,581) state=follower leader=3 trust=1.00 susp=0.00 cov=42.2%/100.0%
[R2] pos=(1131,650) state=follower leader=3 trust=1.00 susp=0.00 cov=42.7%/100.0%
[R2] pos=(1131,676) state=follower leader=3 trust=1.00 susp=0.00 cov=42.7%/100.0%
[R2] pos=(1130,582) state=follower leader=3 trust=1.00 susp=0.00 cov=42.7%/100.0%
[R2] pos=(1130,651) state=follower leader=3 trust=1.00 susp=0.00 cov=42.7%/100.0%
[R2] pos=(1130,676) state=follower leader=3 trust=1.00 susp=0.00 cov=42.7%/100.0%
[R2] pos=(1130,684) state=follower leader=3 trust=1.00 susp=0.00 cov=42.7%/100.0%
[R2] pos=(1130,651) state=follower leader=3 trust=1.00 susp=0.00 cov=42.7%/100.0%
[R2] pos=(1130,674) state=follower leader=3 trust=1.00 susp=0.00 cov=42.7%/100.0%
[R2] pos=(1130,675) state=follower leader=3 trust=1.00 susp=0.00 cov=42.7%/100.0%
[R2] pos=(1130,675) state=follower leader=3 trust=1.00 susp=0.00 cov=42.7%/100.0%
[R2] pos=(1130,677) state=follower leader=3 trust=1.00 susp=0.00 cov=42.7%/100.0%
[R2] pos=(1130,677) state=follower leader=3 trust=1.00 susp=0.00 cov=42.7%/100.0%
[R2] pos=(1130,680) state=follower leader=3 trust=1.00 susp=0.00 cov=42.7%/100.0%
[R2] pos=(1130,684) state=follower leader=3 trust=1.00 susp=0.00 cov=42.7%/100.0%
[R2] pos=(1130,779) state=follower leader=3 trust=1.00 susp=0.00 cov=43.2%/100.0%
[R2] pos=(1130,742) state=follower leader=3 trust=1.00 susp=0.00 cov=43.2%/100.0%
[R2] pos=(1130,714) state=follower leader=3 trust=1.00 susp=0.00 cov=43.2%/100.0%
[R2] pos=(1130,697) state=follower leader=3 trust=1.00 susp=0.00 cov=43.2%/100.0%
[R2] pos=(1131,591) state=follower leader=3 trust=1.00 susp=0.00 cov=43.2%/100.0%
[R2] pos=(1131,654) state=follower leader=3 trust=1.00 susp=0.00 cov=43.2%/100.0%
[R2] pos=(1131,675) state=follower leader=3 trust=1.00 susp=0.00 cov=43.2%/100.0%
[R2] pos=(1131,678) state=follower leader=3 trust=1.00 susp=0.00 cov=43.2%/100.0%
[R2] pos=(1130,582) state=follower leader=3 trust=1.00 susp=0.00 cov=43.2%/100.0%
[R2] pos=(1130,648) state=follower leader=3 trust=1.00 susp=0.00 cov=43.2%/100.0%
[R2] pos=(1130,674) state=follower leader=3 trust=1.00 susp=0.00 cov=43.2%/100.0%
[R2] pos=(1130,683) state=follower leader=3 trust=1.00 susp=0.00 cov=43.2%/100.0%
[R2] pos=(1130,650) state=follower leader=3 trust=1.00 susp=0.00 cov=43.2%/100.0%
[R2] pos=(1130,674) state=follower leader=3 trust=1.00 susp=0.00 cov=43.2%/100.0%
[R2] pos=(1129,581) state=follower leader=3 trust=1.00 susp=0.00 cov=43.2%/100.0%
[R2] pos=(1129,654) state=follower leader=3 trust=1.00 susp=0.00 cov=43.2%/100.0%
[R2] pos=(1129,676) state=follower leader=3 trust=1.00 susp=0.00 cov=43.2%/100.0%
[R2] pos=(1129,583) state=follower leader=3 trust=1.00 susp=0.00 cov=43.2%/100.0%
[R2] pos=(1129,655) state=follower leader=3 trust=1.00 susp=0.00 cov=43.2%/100.0%
[R2] pos=(1129,676) state=follower leader=3 trust=1.00 susp=0.00 cov=43.2%/100.0%
[R2] pos=(1128,594) state=follower leader=3 trust=1.00 susp=0.00 cov=43.2%/100.0%
[R2] pos=(1128,655) state=follower leader=3 trust=1.00 susp=0.00 cov=43.2%/100.0%
[R2] pos=(1128,677) state=follower leader=3 trust=1.00 susp=0.00 cov=43.2%/100.0%
[R2] pos=(1128,604) state=follower leader=3 trust=1.00 susp=0.00 cov=43.2%/100.0%
[R2] pos=(1128,630) state=follower leader=3 trust=1.00 susp=0.00 cov=43.2%/100.0%
[R2] pos=(1128,655) state=follower leader=3 trust=1.00 susp=0.00 cov=43.2%/100.0%
[R2] pos=(1128,675) state=follower leader=3 trust=1.00 susp=0.00 cov=43.2%/100.0%
[R2] pos=(1128,683) state=follower leader=3 trust=1.00 susp=0.00 cov=43.2%/100.0%
