[WARN] Hardware modules not available - simulation mode
=== RAFT Baseline - Robot 3 [SIM] ===
NO TRUST. Heartbeat timeout only.

  Logging to: logs/raft_3_20260226_211834.jsonl
Initializing hardware...
  Hardware: SIMULATED
[INFO] Position socket listening on port 26103
[INFO] Peer socket listening on port 26203
[INFO] Fault socket listening on port 26303
Ready!

Running RAFT baseline... Press Ctrl+C to stop

[R3] state=follower leader=None term=0 cov=0.0%/0.0%
[R3] state=follower leader=5 term=1 cov=0.5%/0.5%
[R3] state=follower leader=5 term=1 cov=2.1%/11.5%
[R3] state=follower leader=5 term=1 cov=4.7%/21.4%
[R3] state=follower leader=5 term=1 cov=6.2%/33.3%
[R3] state=follower leader=5 term=1 cov=7.3%/41.7%
[R3] state=follower leader=5 term=1 cov=7.8%/45.8%
[R3] state=follower leader=5 term=1 cov=8.3%/49.5%
[R3] state=follower leader=5 term=1 cov=8.3%/52.1%
[R3] state=follower leader=5 term=1 cov=8.3%/54.7%
[R3] state=follower leader=5 term=1 cov=8.3%/57.3%
[R3] state=follower leader=5 term=1 cov=8.3%/57.3%
[R3] state=follower leader=5 term=1 cov=8.3%/57.3%
[R3] state=follower leader=5 term=1 cov=8.3%/57.3%
[R3] state=follower leader=5 term=1 cov=8.3%/57.3%
[R3] state=follower leader=5 term=1 cov=8.3%/57.3%
[R3] state=follower leader=5 term=1 cov=8.3%/57.3%
[R3] state=follower leader=5 term=1 cov=8.3%/57.3%
[R3] state=follower leader=5 term=1 cov=8.3%/58.3%
[R3] state=follower leader=5 term=1 cov=8.3%/60.4%
[R3] state=follower leader=5 term=1 cov=8.3%/60.4%
[R3] state=follower leader=5 term=1 cov=8.3%/60.4%
[R3] state=follower leader=5 term=1 cov=8.3%/65.6%
[R3] state=follower leader=5 term=1 cov=8.3%/69.8%
[R3] state=follower leader=5 term=1 cov=8.3%/71.4%
[R3] state=follower leader=5 term=1 cov=8.3%/72.9%
[R3] state=follower leader=5 term=1 cov=8.3%/78.1%
[R3] state=follower leader=5 term=1 cov=8.3%/78.6%
[R3] state=follower leader=5 term=1 cov=8.3%/80.7%
[R3] state=follower leader=5 term=1 cov=8.3%/81.2%
[R3] state=follower leader=5 term=1 cov=8.3%/83.9%
[R3] state=follower leader=5 term=1 cov=8.3%/88.5%
[R3] state=follower leader=5 term=1 cov=8.3%/89.6%
[R3] state=follower leader=5 term=1 cov=8.3%/89.6%
[R3] state=follower leader=5 term=1 cov=8.3%/89.6%
[R3] state=follower leader=5 term=1 cov=8.3%/92.2%
[R3] state=follower leader=5 term=1 cov=8.3%/93.8%
[R3] state=follower leader=5 term=1 cov=8.3%/93.8%
[R3] state=follower leader=5 term=1 cov=8.3%/93.8%
[R3] state=follower leader=5 term=1 cov=8.3%/94.8%
[R3] state=follower leader=5 term=1 cov=8.3%/94.8%
[R3] state=follower leader=5 term=1 cov=8.3%/94.8%
[R3] state=follower leader=5 term=1 cov=8.3%/97.9%
[R3] state=follower leader=5 term=1 cov=8.3%/98.4%
[R3] state=follower leader=5 term=1 cov=8.3%/99.0%
[R3] state=follower leader=5 term=1 cov=8.3%/99.0%
[R3] state=follower leader=5 term=1 cov=8.3%/100.0%
[R3] state=follower leader=5 term=1 cov=8.3%/100.0%
[R3] state=follower leader=5 term=1 cov=8.3%/100.0%
[R3] state=follower leader=5 term=1 cov=8.3%/100.0%
[R3] state=follower leader=5 term=1 cov=8.3%/100.0%
[R3] state=follower leader=5 term=1 cov=8.3%/100.0%
[R3] state=follower leader=5 term=1 cov=8.3%/100.0%
[R3] state=follower leader=5 term=1 cov=8.3%/100.0%
[R3] state=follower leader=5 term=1 cov=8.3%/100.0%
[R3] state=follower leader=5 term=1 cov=8.3%/100.0%
[R3] state=follower leader=5 term=1 cov=8.3%/100.0%
[R3] state=follower leader=5 term=1 cov=8.3%/100.0%
[R3] state=follower leader=5 term=1 cov=8.3%/100.0%
[R3] state=follower leader=5 term=1 cov=8.3%/100.0%
[R3] state=follower leader=5 term=1 cov=8.3%/100.0%
[R3] state=follower leader=5 term=1 cov=8.3%/100.0%
[R3] state=follower leader=5 term=1 cov=8.3%/100.0%
[R3] state=follower leader=5 term=1 cov=8.3%/100.0%
[R3] state=follower leader=5 term=1 cov=8.3%/100.0%
[R3] state=follower leader=5 term=1 cov=8.3%/100.0%
