[WARN] Hardware modules not available - running in simulation mode
=== REIP Node - Robot 4 [SIM (unique ports)] ===
Trust Model: Three-tier confidence-weighted
  Personal: 1.0, ToF: 1.0, Peer: 0.3
  Suspicion threshold: 1.5, Recovery: 0.1

  Logging to: logs/robot_4_20260226_211823.jsonl
Initializing hardware...
  Hardware: SIMULATED
[INFO] Position socket listening on port 19104
[INFO] Peer socket listening on port 19204
[INFO] Fault socket listening on port 19304
Ready!

=== Detection Bounds: T1=2 cmds, T3=8 cmds | Impeachment: T1=8 cmds, T3=32 cmds ===
Running... Press Ctrl+C to stop

[ELECTION] New leader: 1
[R4] pos=(0,0) state=follower leader=1 trust=1.00 susp=0.00 cov=0.0%/0.0%
[R4] pos=(800,1346) state=follower leader=1 trust=1.00 susp=0.00 cov=0.5%/2.6%
[R4] pos=(800,1346) state=follower leader=1 trust=1.00 susp=0.00 cov=0.5%/2.6%
[R4] pos=(800,1346) state=follower leader=1 trust=1.00 susp=0.00 cov=0.5%/2.6%
[R4] pos=(800,1346) state=follower leader=1 trust=1.00 susp=0.00 cov=0.5%/2.6%
[R4] pos=(817,1425) state=follower leader=1 trust=1.00 susp=0.00 cov=1.0%/5.2%
[R4] pos=(817,1425) state=follower leader=1 trust=1.00 susp=0.00 cov=1.0%/5.2%
[R4] pos=(817,1425) state=follower leader=1 trust=1.00 susp=0.00 cov=1.0%/5.2%
[R4] pos=(817,1425) state=follower leader=1 trust=1.00 susp=0.00 cov=1.0%/5.2%
[R4] pos=(817,1425) state=follower leader=1 trust=1.00 susp=0.00 cov=1.0%/5.2%
[TRUST] Bad command #1 (peer_reported): suspicion +0.30 = 0.30
[R4] pos=(941,1425) state=follower leader=1 trust=1.00 susp=0.30 cov=1.6%/7.8%
[TRUST] Bad command #2 (peer_reported): suspicion +0.30 = 0.60
[TRUST] Bad command #3 (peer_reported): suspicion +0.30 = 0.90
[TRUST] Bad command #4 (peer_reported): suspicion +0.30 = 1.20
[TRUST] Bad command #5 (peer_reported): suspicion +0.30 = 1.50
[DETECT] First trust decay after 5 bad commands (0.84s) [Theoretical bound: T1=2, T3=8]
[TRUST] Trust decayed: trust=0.80, remaining suspicion=0.00
[TRUST] Bad command #6 (peer_reported): suspicion +0.30 = 0.30
[TRUST] Bad command #7 (peer_reported): suspicion +0.30 = 0.60
[TRUST] Bad command #8 (peer_reported): suspicion +0.30 = 0.90
[TRUST] Bad command #9 (peer_reported): suspicion +0.30 = 1.20
[TRUST] Bad command #10 (peer_reported): suspicion +0.30 = 1.50
[TRUST] Trust decayed: trust=0.60, remaining suspicion=0.00
[TRUST] Bad command #11 (peer_reported): suspicion +0.30 = 0.30
[R4] pos=(779,952) state=follower leader=1 trust=0.60 susp=0.30 cov=3.6%/10.4%
[TRUST] Bad command #12 (peer_reported): suspicion +0.30 = 0.60
[TRUST] Bad command #13 (peer_reported): suspicion +0.30 = 0.90
[TRUST] Bad command #14 (peer_reported): suspicion +0.30 = 1.20
[TRUST] Bad command #15 (peer_reported): suspicion +0.30 = 1.50
[TRUST] Trust decayed: trust=0.40, remaining suspicion=0.00
[TRUST] Bad command #16 (peer_reported): suspicion +0.30 = 0.30
[ELECTION] New leader: 4
[R4] pos=(779,952) state=leader leader=4 trust=1.00 susp=0.00 cov=3.6%/10.4%
[R4] pos=(779,952) state=leader leader=4 trust=1.00 susp=0.00 cov=3.6%/10.4%
[R4] pos=(699,1049) state=leader leader=4 trust=1.00 susp=0.00 cov=4.2%/12.5%
[R4] pos=(563,1186) state=leader leader=4 trust=1.00 susp=0.00 cov=5.2%/18.8%
[R4] pos=(761,1352) state=leader leader=4 trust=1.00 susp=0.00 cov=6.8%/26.0%
[R4] pos=(937,1279) state=leader leader=4 trust=1.00 susp=0.00 cov=6.8%/31.8%
[R4] pos=(1058,1311) state=leader leader=4 trust=1.00 susp=0.00 cov=7.3%/34.4%
[R4] pos=(1058,1311) state=leader leader=4 trust=1.00 susp=0.00 cov=7.3%/34.4%
[R4] pos=(1058,1311) state=leader leader=4 trust=1.00 susp=0.00 cov=7.3%/34.4%
[R4] pos=(1058,1311) state=leader leader=4 trust=1.00 susp=0.00 cov=7.3%/34.4%
[R4] pos=(1058,1311) state=leader leader=4 trust=1.00 susp=0.00 cov=7.3%/34.4%
[R4] pos=(1058,1311) state=leader leader=4 trust=1.00 susp=0.00 cov=7.3%/34.4%
[R4] pos=(1058,1311) state=leader leader=4 trust=1.00 susp=0.00 cov=7.3%/34.4%
[R4] pos=(1058,1311) state=leader leader=4 trust=1.00 susp=0.00 cov=7.3%/34.4%
[R4] pos=(1058,1311) state=leader leader=4 trust=1.00 susp=0.00 cov=7.3%/34.4%
[R4] pos=(1058,1311) state=leader leader=4 trust=1.00 susp=0.00 cov=7.3%/34.4%
[R4] pos=(1058,1311) state=leader leader=4 trust=1.00 susp=0.00 cov=7.3%/34.4%
[R4] pos=(1058,1311) state=leader leader=4 trust=1.00 susp=0.00 cov=7.3%/34.4%
[R4] pos=(1058,1311) state=leader leader=4 trust=1.00 susp=0.00 cov=7.3%/34.4%
[R4] pos=(1058,1311) state=leader leader=4 trust=1.00 susp=0.00 cov=7.3%/34.4%
[R4] pos=(1058,1311) state=leader leader=4 trust=1.00 susp=0.00 cov=7.3%/34.4%
[R4] pos=(1058,1311) state=leader leader=4 trust=1.00 susp=0.00 cov=7.3%/34.4%
[R4] pos=(1058,1311) state=leader leader=4 trust=1.00 susp=0.00 cov=7.3%/34.4%
[R4] pos=(1058,1311) state=leader leader=4 trust=1.00 susp=0.00 cov=7.3%/34.4%
[R4] pos=(1058,1311) state=leader leader=4 trust=1.00 susp=0.00 cov=7.3%/34.4%
[R4] pos=(1058,1311) state=leader leader=4 trust=1.00 susp=0.00 cov=7.3%/34.4%
[R4] pos=(1058,1311) state=leader leader=4 trust=1.00 susp=0.00 cov=7.3%/34.4%
[R4] pos=(1058,1311) state=leader leader=4 trust=1.00 susp=0.00 cov=7.3%/34.4%
[R4] pos=(1058,1311) state=leader leader=4 trust=1.00 susp=0.00 cov=7.3%/34.4%
[R4] pos=(1058,1311) state=leader leader=4 trust=1.00 susp=0.00 cov=7.3%/34.4%
[R4] pos=(1058,1311) state=leader leader=4 trust=1.00 susp=0.00 cov=7.3%/34.4%
[R4] pos=(1058,1311) state=leader leader=4 trust=1.00 susp=0.00 cov=7.3%/34.4%
[R4] pos=(1058,1311) state=leader leader=4 trust=1.00 susp=0.00 cov=7.3%/34.4%
[R4] pos=(1063,1311) state=leader leader=4 trust=1.00 susp=0.00 cov=7.3%/35.9%
[R4] pos=(1063,1311) state=leader leader=4 trust=1.00 susp=0.00 cov=7.3%/35.9%
[R4] pos=(1063,1311) state=leader leader=4 trust=1.00 susp=0.00 cov=7.3%/35.9%
[R4] pos=(1063,1311) state=leader leader=4 trust=1.00 susp=0.00 cov=7.3%/38.0%
[R4] pos=(1188,1062) state=leader leader=4 trust=1.00 susp=0.00 cov=8.9%/42.7%
[R4] pos=(1198,691) state=leader leader=4 trust=1.00 susp=0.00 cov=12.0%/50.5%
[R4] pos=(1538,1059) state=leader leader=4 trust=1.00 susp=0.00 cov=15.6%/57.3%
[R4] pos=(1921,938) state=leader leader=4 trust=1.00 susp=0.00 cov=18.2%/60.9%
[R4] pos=(1562,1313) state=leader leader=4 trust=1.00 susp=0.00 cov=22.4%/65.6%
[R4] pos=(1820,1331) state=leader leader=4 trust=1.00 susp=0.00 cov=25.5%/68.8%
[R4] pos=(1925,1061) state=leader leader=4 trust=1.00 susp=0.00 cov=26.6%/69.8%
[R4] pos=(1800,813) state=leader leader=4 trust=1.00 susp=0.00 cov=27.6%/70.8%
[R4] pos=(1454,688) state=leader leader=4 trust=1.00 susp=0.00 cov=29.7%/72.9%
[R4] pos=(1432,322) state=leader leader=4 trust=1.00 susp=0.00 cov=32.3%/75.5%
[R4] pos=(1432,322) state=leader leader=4 trust=1.00 susp=0.00 cov=32.3%/75.5%
[R4] pos=(1188,563) state=leader leader=4 trust=1.00 susp=0.00 cov=34.4%/77.6%
