[WARN] Hardware modules not available - simulation mode
=== RAFT Baseline - Robot 2 [SIM] ===
NO TRUST. Heartbeat timeout only.

  Logging to: logs/raft_2_20260226_203728.jsonl
Initializing hardware...
  Hardware: SIMULATED
[INFO] Position socket listening on port 20102
[INFO] Peer socket listening on port 20202
[INFO] Fault socket listening on port 20302
Ready!

Running RAFT baseline... Press Ctrl+C to stop

[R2] state=follower leader=None term=0 cov=0.0%/0.0%
[R2] state=follower leader=1 term=2 cov=0.5%/0.5%
[R2] state=follower leader=1 term=2 cov=3.1%/14.1%
[R2] state=follower leader=1 term=2 cov=5.7%/24.0%
[R2] state=follower leader=1 term=2 cov=7.8%/30.2%
[R2] state=follower leader=1 term=2 cov=10.4%/37.5%
[R2] state=follower leader=1 term=2 cov=12.0%/42.7%
[R2] state=follower leader=1 term=2 cov=14.1%/48.4%
[R2] state=follower leader=1 term=2 cov=15.6%/52.1%
[R2] state=follower leader=1 term=2 cov=17.7%/54.7%
[R2] state=follower leader=1 term=2 cov=19.8%/56.8%
[R2] state=follower leader=1 term=2 cov=21.4%/58.3%
[R2] state=follower leader=1 term=2 cov=24.5%/61.5%
[R2] state=follower leader=1 term=2 cov=26.6%/63.5%
[R2] state=follower leader=1 term=2 cov=29.2%/66.1%
[R2] state=follower leader=1 term=2 cov=31.2%/68.2%
[R2] state=follower leader=1 term=2 cov=32.8%/69.8%
[R2] state=follower leader=1 term=2 cov=35.4%/72.4%
[R2] state=follower leader=1 term=2 cov=38.0%/75.0%
[R2] state=follower leader=1 term=2 cov=39.6%/76.6%
[R2] state=follower leader=1 term=2 cov=41.1%/78.1%
[R2] state=follower leader=1 term=2 cov=41.1%/78.1%
[R2] state=follower leader=1 term=2 cov=41.1%/78.1%
[R2] state=follower leader=1 term=2 cov=41.1%/78.1%
[R2] state=follower leader=1 term=2 cov=41.1%/78.1%
[R2] state=follower leader=1 term=2 cov=41.1%/78.1%
[R2] state=follower leader=1 term=2 cov=41.1%/78.1%
[R2] state=follower leader=1 term=2 cov=41.1%/78.1%
[R2] state=follower leader=1 term=2 cov=41.1%/78.1%
[R2] state=follower leader=1 term=2 cov=41.1%/78.1%
[R2] state=follower leader=1 term=2 cov=41.1%/78.1%
[R2] state=follower leader=1 term=2 cov=41.1%/78.1%
[R2] state=follower leader=1 term=2 cov=41.1%/78.1%
[R2] state=follower leader=1 term=2 cov=41.1%/78.1%
[R2] state=follower leader=1 term=2 cov=41.1%/78.1%
[R2] state=follower leader=1 term=2 cov=41.1%/78.1%
[R2] state=follower leader=1 term=2 cov=41.1%/78.1%
[R2] state=follower leader=1 term=2 cov=41.1%/78.1%
[R2] state=follower leader=1 term=2 cov=41.1%/78.1%
[R2] state=follower leader=1 term=2 cov=41.1%/78.1%
[R2] state=follower leader=1 term=2 cov=41.1%/78.1%
[R2] state=follower leader=1 term=2 cov=41.7%/78.6%
[R2] state=follower leader=1 term=2 cov=42.2%/79.2%
[R2] state=follower leader=1 term=2 cov=42.2%/79.2%
[R2] state=follower leader=1 term=2 cov=42.2%/79.2%
[R2] state=follower leader=1 term=2 cov=42.2%/79.2%
[R2] state=follower leader=1 term=2 cov=42.2%/79.2%
[R2] state=follower leader=1 term=2 cov=42.2%/79.2%
[R2] state=follower leader=1 term=2 cov=42.2%/79.2%
[R2] state=follower leader=1 term=2 cov=42.2%/79.2%
[R2] state=follower leader=1 term=2 cov=42.2%/79.2%
[R2] state=follower leader=1 term=2 cov=42.2%/79.2%
[R2] state=follower leader=1 term=2 cov=42.2%/79.2%
[R2] state=follower leader=1 term=2 cov=42.2%/79.2%
[R2] state=follower leader=1 term=2 cov=42.2%/79.2%
[R2] state=follower leader=1 term=2 cov=42.2%/79.2%
[R2] state=follower leader=1 term=2 cov=42.2%/79.2%
[R2] state=follower leader=1 term=2 cov=42.2%/79.2%
[R2] state=follower leader=1 term=2 cov=42.2%/79.2%
[R2] state=follower leader=1 term=2 cov=42.2%/79.2%
[R2] state=follower leader=1 term=2 cov=42.2%/79.2%
[R2] state=follower leader=1 term=2 cov=42.2%/79.2%
[R2] state=follower leader=1 term=2 cov=42.2%/79.2%
[R2] state=follower leader=1 term=2 cov=42.2%/79.2%
[R2] state=follower leader=1 term=2 cov=42.2%/79.2%
[R2] state=follower leader=1 term=2 cov=42.2%/79.2%
