[WARN] Hardware modules not available - running in simulation mode
=== REIP Node - Robot 3 [SIM (unique ports)] ===
Trust Model: Three-tier confidence-weighted
  Personal: 1.0, ToF: 1.0, Peer: 0.3
  Suspicion threshold: 1.5, Recovery: 0.1

  Logging to: logs/robot_3_20260226_001741.jsonl
Initializing hardware...
  Hardware: SIMULATED
[INFO] Position socket listening on port 8103
[INFO] Peer socket listening on port 8203
[INFO] Fault socket listening on port 8303
Ready!

=== Detection Bounds: T1=2 cmds, T3=8 cmds | Impeachment: T1=8 cmds, T3=32 cmds ===
Running... Press Ctrl+C to stop

[ELECTION] New leader: 3
[R3] pos=(0,0) state=leader leader=3 trust=1.00 susp=0.00 cov=0.0%/0.0%
[ELECTION] New leader: 1
[R3] pos=(1765,343) state=follower leader=1 trust=1.00 susp=0.00 cov=0.5%/2.1%
[R3] pos=(1765,343) state=follower leader=1 trust=1.00 susp=0.00 cov=0.5%/2.1%
[R3] pos=(1765,343) state=follower leader=1 trust=1.00 susp=0.00 cov=0.5%/2.1%
[R3] pos=(1765,343) state=follower leader=1 trust=1.00 susp=0.00 cov=0.5%/2.1%
[R3] pos=(1765,343) state=follower leader=1 trust=1.00 susp=0.00 cov=0.5%/2.1%
[R3] pos=(1765,343) state=follower leader=1 trust=1.00 susp=0.00 cov=0.5%/2.1%
[R3] pos=(1765,343) state=follower leader=1 trust=1.00 susp=0.00 cov=0.5%/2.1%
[R3] pos=(1765,343) state=follower leader=1 trust=1.00 susp=0.00 cov=0.5%/2.1%
[R3] pos=(1765,343) state=follower leader=1 trust=1.00 susp=0.00 cov=0.5%/2.1%
[R3] pos=(1765,343) state=follower leader=1 trust=1.00 susp=0.00 cov=0.5%/2.1%
[R3] pos=(1765,343) state=follower leader=1 trust=1.00 susp=0.00 cov=0.5%/2.1%
[R3] pos=(1765,343) state=follower leader=1 trust=1.00 susp=0.00 cov=0.5%/2.1%
[R3] pos=(1765,343) state=follower leader=1 trust=1.00 susp=0.00 cov=0.5%/2.1%
[R3] pos=(1765,343) state=follower leader=1 trust=1.00 susp=0.00 cov=0.5%/2.1%
[R3] pos=(1765,343) state=follower leader=1 trust=1.00 susp=0.00 cov=0.5%/2.1%
[R3] pos=(1765,343) state=follower leader=1 trust=1.00 susp=0.00 cov=0.5%/2.1%
[R3] pos=(1765,343) state=follower leader=1 trust=1.00 susp=0.00 cov=0.5%/2.1%
[R3] pos=(1765,343) state=follower leader=1 trust=1.00 susp=0.00 cov=0.5%/2.1%
[R3] pos=(1765,343) state=follower leader=1 trust=1.00 susp=0.00 cov=0.5%/2.1%
[R3] pos=(1765,343) state=follower leader=1 trust=1.00 susp=0.00 cov=0.5%/2.1%
[R3] pos=(1765,343) state=follower leader=1 trust=1.00 susp=0.00 cov=0.5%/2.1%
[R3] pos=(1765,343) state=follower leader=1 trust=1.00 susp=0.00 cov=0.5%/2.1%
[R3] pos=(1765,343) state=follower leader=1 trust=1.00 susp=0.00 cov=0.5%/2.1%
[R3] pos=(1765,343) state=follower leader=1 trust=1.00 susp=0.00 cov=0.5%/2.1%
[R3] pos=(1765,343) state=follower leader=1 trust=1.00 susp=0.00 cov=0.5%/2.1%
[R3] pos=(1765,343) state=follower leader=1 trust=1.00 susp=0.00 cov=0.5%/2.1%
[R3] pos=(1765,343) state=follower leader=1 trust=1.00 susp=0.00 cov=0.5%/2.1%
[R3] pos=(1765,343) state=follower leader=1 trust=1.00 susp=0.00 cov=0.5%/2.1%
[R3] pos=(1765,343) state=follower leader=1 trust=1.00 susp=0.00 cov=0.5%/2.1%
[R3] pos=(1765,343) state=follower leader=1 trust=1.00 susp=0.00 cov=0.5%/2.1%
[R3] pos=(1765,343) state=follower leader=1 trust=1.00 susp=0.00 cov=0.5%/2.1%
[R3] pos=(1765,343) state=follower leader=1 trust=1.00 susp=0.00 cov=0.5%/2.1%
[R3] pos=(1765,343) state=follower leader=1 trust=1.00 susp=0.00 cov=0.5%/2.1%
[R3] pos=(1765,343) state=follower leader=1 trust=1.00 susp=0.00 cov=0.5%/2.1%
[R3] pos=(1765,343) state=follower leader=1 trust=1.00 susp=0.00 cov=0.5%/2.1%
[R3] pos=(1765,343) state=follower leader=1 trust=1.00 susp=0.00 cov=0.5%/2.1%
[R3] pos=(1765,343) state=follower leader=1 trust=1.00 susp=0.00 cov=0.5%/2.1%
[R3] pos=(1765,343) state=follower leader=1 trust=1.00 susp=0.00 cov=0.5%/2.1%
[R3] pos=(1765,343) state=follower leader=1 trust=1.00 susp=0.00 cov=0.5%/2.1%
[R3] pos=(1765,343) state=follower leader=1 trust=1.00 susp=0.00 cov=0.5%/2.1%
[TRUST] Bad command #1 (personal_visited): suspicion +1.00 = 1.00
[TRUST] Bad command #2 (peer_reported): suspicion +0.30 = 1.30
[TRUST] Bad command #3 (peer_reported): suspicion +0.30 = 1.60
[DETECT] First trust decay after 3 bad commands (0.42s) [Theoretical bound: T1=2, T3=8]
[TRUST] Trust decayed: trust=0.80, remaining suspicion=0.10
[R3] pos=(1742,334) state=follower leader=1 trust=0.80 susp=0.00 cov=1.0%/4.2%
[TRUST] Bad command #4 (peer_reported): suspicion +0.30 = 0.30
[TRUST] Bad command #5 (peer_reported): suspicion +0.30 = 0.60
[TRUST] Bad command #6 (personal_visited): suspicion +1.00 = 1.60
[TRUST] Trust decayed: trust=0.60, remaining suspicion=0.10
[TRUST] Bad command #7 (peer_reported): suspicion +0.30 = 0.40
[TRUST] Bad command #8 (peer_reported): suspicion +0.30 = 0.70
[TRUST] Bad command #9 (personal_visited): suspicion +1.00 = 1.70
[TRUST] Trust decayed: trust=0.40, remaining suspicion=0.20
[TRUST] Bad command #10 (personal_visited): suspicion +1.00 = 1.20
[TRUST] Bad command #11 (peer_reported): suspicion +0.30 = 1.50
[TRUST] Trust decayed: trust=0.20, remaining suspicion=0.00
[TRUST] Bad command #12 (peer_reported): suspicion +0.30 = 0.30
[DETECT] IMPEACHMENT after 12 bad commands, 2.71s from first bad command [Bound: T1=8 cmds, T3=32 cmds]
[IMPEACH] Trust too low (0.20), excluding leader 1 from candidates
[ELECTION] Leader 1 impeached (failures=1)
[ELECTION] New leader: 3
[R3] pos=(1718,340) state=leader leader=3 trust=1.00 susp=0.00 cov=1.0%/4.2%
[R3] pos=(1718,340) state=leader leader=3 trust=1.00 susp=0.00 cov=1.0%/4.2%
[R3] pos=(1718,340) state=leader leader=3 trust=1.00 susp=0.00 cov=1.0%/4.2%
[R3] pos=(1718,340) state=leader leader=3 trust=1.00 susp=0.00 cov=1.0%/4.2%
[R3] pos=(1718,340) state=leader leader=3 trust=1.00 susp=0.00 cov=1.0%/4.2%
[R3] pos=(1718,340) state=leader leader=3 trust=1.00 susp=0.00 cov=1.0%/4.2%
[R3] pos=(1718,340) state=leader leader=3 trust=1.00 susp=0.00 cov=1.0%/4.2%
[R3] pos=(1718,340) state=leader leader=3 trust=1.00 susp=0.00 cov=1.0%/4.2%
[R3] pos=(1718,340) state=leader leader=3 trust=1.00 susp=0.00 cov=1.0%/4.2%
[R3] pos=(1718,340) state=leader leader=3 trust=1.00 susp=0.00 cov=1.0%/4.2%
[R3] pos=(1718,340) state=leader leader=3 trust=1.00 susp=0.00 cov=1.0%/4.2%
[R3] pos=(1718,340) state=leader leader=3 trust=1.00 susp=0.00 cov=1.0%/4.2%
[R3] pos=(1703,388) state=leader leader=3 trust=1.00 susp=0.00 cov=1.6%/5.2%
[R3] pos=(1726,398) state=leader leader=3 trust=1.00 susp=0.00 cov=1.6%/5.7%
[R3] pos=(1726,398) state=leader leader=3 trust=1.00 susp=0.00 cov=1.6%/5.7%
[R3] pos=(1784,535) state=leader leader=3 trust=1.00 susp=0.00 cov=2.6%/10.9%
[R3] pos=(1719,671) state=leader leader=3 trust=1.00 susp=0.00 cov=3.6%/15.6%
[R3] pos=(1808,783) state=leader leader=3 trust=1.00 susp=0.00 cov=4.7%/18.8%
[R3] pos=(1717,912) state=leader leader=3 trust=1.00 susp=0.00 cov=5.7%/23.4%
